Scenario - 
Logfile written - 03/02/2016 17:53:57

Subject	Trial	Event Type	Code	Time	TTime	Uncertainty	Duration	Uncertainty	ReqTime	ReqDur	Stim Type	Pair Index

NU2-01	1	Picture	Instructions	166	0	1	354992	1	0	next	other	0
NU2-01	1	Response	0	355027	354860	1
NU2-01	2	Picture	Instructions	355159	0	1	155497	1	0	next	other	0
NU2-01	2	Response	0	510545	155387	1
NU2-01	3	Picture	Experiment starts	510655	0	1	30166	1	0	next	other	0
NU2-01	5	Picture	12	555988	0	1	20166	1	0	next	other	0
NU2-01	7	Picture	34	591320	0	1	20166	1	0	next	other	0
NU2-01	9	Picture	72	626653	0	1	20166	1	0	next	other	0
NU2-01	10	Response	100	774544	127558	1
NU2-01	10	Response	0	775343	128358	1
NU2-01	12	Picture	12	790816	0	1	20166	1	0	next	other	0
NU2-01	14	Picture	36	826148	0	1	20166	1	0	next	other	0
NU2-01	16	Picture	50	861481	0	1	74498	1	0	next	other	0
NU2-01	16	Text Input	9	935822	74341	0
NU2-01	19	Picture	12	966312	0	1	20166	1	0	next	other	0
NU2-01	21	Picture	26	1001644	0	1	20166	1	0	next	other	0
NU2-01	23	Picture	40	1036977	0	1	99831	1	0	next	other	0
NU2-01	23	Text Input	15	1136781	99804	0
NU2-01	26	Picture	9	1167141	0	1	20166	1	0	next	other	0
NU2-01	28	Picture	24	1202473	0	1	20166	1	0	next	other	0
NU2-01	30	Picture	61	1237806	0	1	20166	1	0	next	other	0
NU2-01	31	Response	0	1326701	68562	1
NU2-01	31	Response	0	1330540	72401	1
NU2-01	32	Response	0	1335340	4536	1
NU2-01	32	Response	0	1337900	7096	1
NU2-01	33	Response	0	1346700	8563	1
NU2-01	33	Response	0	1349580	11443	1
NU2-01	34	Response	0	1353420	3617	1
NU2-01	34	Response	0	1357260	7457	1
NU2-01	35	Response	0	1360940	3470	1
NU2-01	35	Response	0	1362380	4910	1
NU2-01	36	Response	0	1374220	11583	1
NU2-01	36	Response	0	1375659	13023	1
NU2-01	37	Response	0	1377100	1130	1
NU2-01	37	Response	0	1378060	2090	1
NU2-01	38	Response	0	1383020	4717	1
NU2-01	38	Response	0	1384140	5837	1
NU2-01	39	Response	0	1390060	5590	1
NU2-01	39	Response	0	1390860	6390	1
NU2-01	40	Response	100	1396780	5644	1
NU2-01	40	Response	0	1397420	6284	1
NU2-01	42	Picture	11	1412802	0	1	20166	1	0	next	other	0
NU2-01	44	Picture	27	1448135	0	1	20166	1	0	next	other	0
NU2-01	46	Picture	40	1483467	0	1	37333	1	0	next	other	0
NU2-01	46	Text Input	14	1520779	37312	0
NU2-01	49	Picture	9	1551132	0	1	20166	1	0	next	other	0
NU2-01	51	Picture	26	1586465	0	1	20166	1	0	next	other	0
NU2-01	53	Picture	40	1621797	0	1	158330	1	0	next	other	0
NU2-01	53	Text Input	12	1779978	158180	0
NU2-01	56	Picture	11	1810460	0	1	20166	1	0	next	other	0
NU2-01	58	Picture	36	1845793	0	1	20166	1	0	next	other	0
NU2-01	60	Picture	50	1881125	0	1	88498	1	0	next	other	0
NU2-01	60	Text Input	8	1969576	88451	0
NU2-01	63	Picture	10	1999956	0	1	20166	1	0	next	other	0
NU2-01	65	Picture	25	2035288	0	1	20166	1	0	next	other	0
NU2-01	67	Picture	64	2070621	0	1	20166	1	0	next	other	0
NU2-01	68	Response	0	2144456	53502	1
NU2-01	68	Response	0	2151175	60222	1
NU2-01	69	Response	0	2154535	3083	1
NU2-01	69	Response	0	2155815	4363	1
NU2-01	70	Response	0	2157895	1776	1
NU2-01	70	Response	0	2159175	3056	1
NU2-01	71	Response	0	2178055	18603	1
NU2-01	71	Response	0	2179335	19883	1
NU2-01	72	Response	0	2185575	5957	1
NU2-01	72	Response	0	2186215	6597	1
NU2-01	73	Response	100	2196295	9843	1
NU2-01	73	Response	0	2196935	10483	1
NU2-01	75	Picture	12	2212284	0	1	20166	1	0	next	other	0
NU2-01	77	Picture	34	2247617	0	1	20166	1	0	next	other	0
NU2-01	79	Picture	50	2282950	0	1	80332	1	0	next	other	0
NU2-01	79	Text Input	10	2363174	80225	0
NU2-01	82	Picture	11	2393614	0	1	20166	1	0	next	other	0
NU2-01	84	Picture	26	2428946	0	1	20166	1	0	next	other	0
NU2-01	86	Picture	40	2464279	0	1	68665	1	0	next	other	0
NU2-01	86	Text Input	14	2532773	68494	0
NU2-01	89	Picture	8	2563277	0	1	20166	1	0	next	other	0
NU2-01	91	Picture	26	2598609	0	1	20166	1	0	next	other	0
NU2-01	93	Picture	64	2633942	0	1	20166	1	0	next	other	0
NU2-01	94	Response	0	2752132	97858	1
NU2-01	94	Response	0	2753252	98977	1
NU2-01	95	Response	100	2776452	23012	1
NU2-01	95	Response	0	2776931	23492	1
NU2-01	97	Picture	8	2792272	0	1	20166	1	0	next	other	0
NU2-01	99	Picture	37	2827604	0	1	20166	1	0	next	other	0
NU2-01	101	Picture	73	2862937	0	1	20166	1	0	next	other	0
NU2-01	102	Response	0	3042210	158941	1
NU2-01	102	Response	0	3044130	160860	1
NU2-01	103	Response	0	3059490	15058	1
NU2-01	103	Response	0	3060130	15697	1
NU2-01	104	Response	0	3071170	10738	1
NU2-01	104	Response	0	3071810	11377	1
NU2-01	105	Response	100	3116930	44831	1
NU2-01	105	Response	0	3117409	45311	1
NU2-01	107	Picture	9	3132764	0	1	20166	1	0	next	other	0
NU2-01	109	Picture	36	3168097	0	1	20166	1	0	next	other	0
NU2-01	111	Picture	50	3203429	0	1	31666	2	0	next	other	0
NU2-01	111	Text Input	6	3235009	31580	0
NU2-01	114	Picture	9	3265428	0	1	20166	1	0	next	other	0
NU2-01	116	Picture	35	3300760	0	1	20166	1	0	next	other	0
NU2-01	118	Picture	73	3336093	0	1	20166	1	0	next	other	0
NU2-01	119	Response	0	3422849	66423	1
NU2-01	119	Response	0	3424448	68022	1
NU2-01	120	Response	0	3470528	45770	1
NU2-01	120	Response	0	3471808	47050	1
NU2-01	121	Response	100	3482048	9958	1
NU2-01	121	Response	0	3482688	10597	1
NU2-01	123	Picture	10	3498089	0	1	20166	1	0	next	other	0
NU2-01	125	Picture	25	3533422	0	1	20166	1	0	next	other	0
NU2-01	127	Picture	61	3568755	0	1	20166	1	0	next	other	0
NU2-01	128	Response	0	3593087	4000	1
NU2-01	128	Response	0	3597887	8799	1
NU2-01	129	Response	0	3600287	2200	1
NU2-01	129	Response	0	3601567	3480	1
NU2-01	130	Response	0	3603007	1253	1
NU2-01	130	Response	0	3604127	2373	1
NU2-01	131	Response	0	3610367	5946	1
NU2-01	131	Response	0	3611487	7066	1
NU2-01	132	Response	0	3618847	7093	1
NU2-01	132	Response	0	3619967	8213	1
NU2-01	133	Response	100	3633567	13313	1
NU2-01	133	Response	0	3634367	14113	1
NU2-01	135	Picture	8	3649753	0	1	20166	1	0	next	other	0
NU2-01	137	Picture	34	3685085	0	1	20166	1	0	next	other	0
NU2-01	139	Picture	72	3720418	0	1	20166	1	0	next	other	0
NU2-01	140	Response	0	3781886	41136	1
NU2-01	140	Response	0	3783006	42255	1
NU2-01	141	Response	0	3791646	8396	1
NU2-01	141	Response	0	3792446	9196	1
NU2-01	142	Response	0	3798366	5616	1
NU2-01	142	Response	0	3798846	6096	1
NU2-01	143	Response	100	3874846	75763	1
NU2-01	143	Response	0	3875325	76242	1
NU2-01	145	Picture	12	3890747	0	1	20166	1	0	next	other	0
NU2-01	147	Picture	24	3926080	0	1	20166	1	0	next	other	0
NU2-01	149	Picture	40	3961413	0	1	36999	1	0	next	other	0
NU2-01	149	Text Input	14	3998364	36952	0
NU2-01	152	Picture	10	4028744	0	1	20166	1	0	next	other	0
NU2-01	154	Picture	24	4064077	0	1	20166	1	0	next	other	0
NU2-01	156	Picture	62	4099410	0	1	20166	1	0	next	other	0
NU2-01	157	Response	100	4169244	49502	1
NU2-01	157	Response	0	4169884	50141	1
NU2-01	159	Picture	11	4185241	0	1	20166	1	0	next	other	0
NU2-01	161	Picture	37	4220574	0	1	20166	1	0	next	other	0
NU2-01	163	Picture	73	4255906	0	1	20166	1	0	next	other	0
NU2-01	164	Response	0	4353403	77164	1
NU2-01	164	Response	0	4354362	78123	1
NU2-01	165	Response	0	4503162	148592	1
NU2-01	165	Response	0	4504282	149711	1
NU2-01	166	Response	100	4517082	12514	1
NU2-01	166	Response	0	4517881	13314	1
NU2-01	168	Picture	13	4533233	0	1	20166	1	0	next	other	0
NU2-01	170	Picture	27	4568566	0	1	20166	1	0	next	other	0
NU2-01	172	Picture	40	4603898	0	1	59165	1	0	next	other	0
NU2-01	172	Text Input	16	4663001	59102	0
NU2-01	175	Picture	10	4693397	0	1	20166	1	0	next	other	0
NU2-01	177	Picture	24	4728729	0	1	20166	1	0	next	other	0
NU2-01	179	Picture	63	4764062	0	1	20166	1	0	next	other	0
NU2-01	180	Response	0	4799800	15406	1
NU2-01	180	Response	0	4806360	21965	1
NU2-01	181	Response	0	4810200	3639	1
NU2-01	181	Response	0	4811000	4439	1
NU2-01	182	Response	0	4812920	1692	1
NU2-01	182	Response	0	4814040	2812	1
NU2-01	183	Response	0	4817720	3492	1
NU2-01	183	Response	0	4818199	3972	1
NU2-01	184	Response	100	4861399	43006	1
NU2-01	184	Response	0	4862679	44286	1
NU2-01	186	Picture	12	4878059	0	1	20166	1	0	next	other	0
NU2-01	188	Picture	25	4913392	0	1	20166	1	0	next	other	0
NU2-01	190	Picture	64	4948724	0	1	20166	1	0	next	other	0
NU2-01	191	Response	0	4979319	10262	1
NU2-01	191	Response	0	4984759	15701	1
NU2-01	192	Response	0	4992599	7542	1
NU2-01	192	Response	0	4993719	8662	1
NU2-01	193	Response	0	5064919	71029	1
NU2-01	193	Response	0	5066198	72308	1
NU2-01	194	Response	0	5077718	11330	1
NU2-01	194	Response	0	5078518	12130	1
NU2-01	195	Response	100	5098038	19317	1
NU2-01	195	Response	0	5098678	19957	1
NU2-01	197	Picture	12	5114054	0	1	20166	1	0	next	other	0
NU2-01	199	Picture	37	5149387	0	1	20166	1	0	next	other	0
NU2-01	201	Picture	50	5184719	0	1	32166	1	0	next	other	0
NU2-01	201	Text Input	8	5216757	32038	0
NU2-01	204	Picture	8	5247218	0	1	20166	1	0	next	other	0
NU2-01	206	Picture	24	5282550	0	1	20166	1	0	next	other	0
NU2-01	208	Picture	62	5317883	0	1	20166	1	0	next	other	0
NU2-01	209	Response	100	5419797	81581	1
NU2-01	209	Response	0	5420116	81900	1
NU2-01	211	Picture	11	5435547	0	1	20166	1	0	next	other	0
NU2-01	213	Picture	36	5470879	0	1	20165	2	0	next	other	0
NU2-01	215	Picture	73	5506212	0	1	20166	1	0	next	other	0
NU2-01	216	Response	0	5639155	112611	1
NU2-01	216	Response	0	5640915	114370	1
NU2-01	217	Response	0	5643795	2586	1
NU2-01	217	Response	0	5644915	3706	1
NU2-01	218	Response	100	5654355	9146	1
NU2-01	218	Response	0	5655155	9946	1
NU2-01	220	Picture	8	5670542	0	1	20166	1	0	next	other	0
NU2-01	222	Picture	24	5705874	0	1	20166	1	0	next	other	0
NU2-01	224	Picture	40	5741207	0	1	30499	1	0	next	other	0
NU2-01	224	Text Input	10	5771634	30427	0
NU2-01	227	Picture	10	5802039	0	1	20166	1	0	next	other	0
NU2-01	229	Picture	24	5837371	0	1	20166	1	0	next	other	0
NU2-01	231	Picture	63	5872704	0	1	20166	1	0	next	other	0
NU2-01	232	Response	0	5897394	4357	1
NU2-01	232	Response	0	5899313	6277	1
NU2-01	233	Response	0	5901873	2337	1
NU2-01	233	Response	0	5902673	3137	1
NU2-01	234	Response	0	5906513	3643	1
NU2-01	234	Response	0	5907153	4283	1
NU2-01	235	Response	0	5916753	9384	1
NU2-01	235	Response	0	5917553	10183	1
NU2-01	236	Response	0	5960593	42724	1
NU2-01	236	Response	0	5961233	43364	1
NU2-01	237	Response	0	5966833	5298	1
NU2-01	237	Response	0	5967473	5938	1
NU2-01	238	Response	100	5984433	16731	1
NU2-01	238	Response	0	5985553	17851	1
NU2-01	240	Picture	8	6001034	0	1	20166	1	0	next	other	0
NU2-01	242	Picture	27	6036367	0	1	20166	1	0	next	other	0
NU2-01	244	Picture	64	6071700	0	1	20166	1	0	next	other	0
NU2-01	245	Response	0	6220752	128720	1
NU2-01	245	Response	0	6222032	129999	1
NU2-01	246	Response	0	6260432	38069	1
NU2-01	246	Response	0	6261871	39508	1
NU2-01	247	Response	0	6288591	26396	1
NU2-01	247	Response	0	6289711	27516	1
NU2-01	248	Response	0	6306831	16803	1
NU2-01	248	Response	0	6307471	17443	1
NU2-01	249	Response	100	6317551	9857	1
NU2-01	249	Response	0	6318191	10497	1
NU2-01	251	Picture	13	6333527	0	1	20166	1	0	next	other	0
NU2-01	253	Picture	37	6368860	0	1	20166	1	0	next	other	0
NU2-01	255	Picture	50	6404192	0	1	47832	1	0	next	other	0
NU2-01	255	Text Input	9	6451950	47758	0
NU2-01	258	Picture	10	6482357	0	1	20166	1	0	next	other	0
NU2-01	260	Picture	35	6517690	0	1	20166	1	0	next	other	0
NU2-01	262	Picture	50	6553022	0	1	60665	1	0	next	other	0
NU2-01	262	Text Input	7	6613549	60527	0
NU2-01	265	Picture	8	6644020	0	1	20166	1	0	next	other	0
NU2-01	267	Picture	27	6679353	0	1	20166	1	0	next	other	0
NU2-01	269	Picture	63	6714685	0	1	20166	1	0	next	other	0
NU2-01	270	Response	0	6882668	147650	1
NU2-01	270	Response	0	6883525	148507	153
NU2-01	271	Response	0	6885868	2019	1
NU2-01	271	Response	0	6886508	2659	1
NU2-01	272	Response	100	6923308	36626	1
NU2-01	272	Response	0	6923947	37266	1
NU2-01	274	Picture	12	6939347	0	1	20166	1	0	next	other	0
NU2-01	276	Picture	27	6974680	0	1	20166	1	0	next	other	0
NU2-01	278	Picture	40	7010012	0	1	28666	1	0	next	other	0
NU2-01	278	Text Input	15	7038667	28654	0
NU2-01	281	Picture	13	7069011	0	1	20166	1	0	next	other	0
NU2-01	283	Picture	35	7104344	0	1	20166	1	0	next	other	0
NU2-01	285	Picture	50	7139676	0	1	56999	1	0	next	other	0
NU2-01	285	Text Input	10	7196586	56910	0
NU2-01	288	Picture	12	7227008	0	1	20166	1	0	next	other	0
NU2-01	290	Picture	37	7262340	0	1	20166	1	0	next	other	0
NU2-01	292	Picture	73	7297673	0	1	20166	1	0	next	other	0
NU2-01	293	Response	0	7517225	199219	1
NU2-01	293	Response	0	7518504	200499	1
NU2-01	294	Response	0	7522984	4150	1
NU2-01	294	Response	0	7523944	5109	1
NU2-01	295	Response	100	7546024	21856	1
NU2-01	295	Response	0	7546344	22176	1
NU2-01	297	Picture	10	7561834	0	1	20166	1	0	next	other	0
NU2-01	299	Picture	36	7597166	0	1	20166	1	0	next	other	0
NU2-01	301	Picture	50	7632499	0	1	88165	1	0	next	other	0
NU2-01	301	Text Input	7	7720583	88084	0
NU2-01	304	Picture	11	7750996	0	1	20166	1	0	next	other	0
NU2-01	306	Picture	37	7786329	0	1	20166	1	0	next	other	0
NU2-01	308	Picture	50	7821661	0	1	73998	1	0	next	other	0
NU2-01	308	Text Input	7	7895622	73961	0
NU2-01	311	Picture	11	7925992	0	1	20166	1	0	next	other	0
NU2-01	313	Picture	24	7961325	0	1	20166	1	0	next	other	0
NU2-01	315	Picture	40	7996657	0	1	37666	1	0	next	other	0
NU2-01	315	Text Input	13	8034181	37524	0
NU2-01	318	Picture	10	8064656	0	1	20166	1	0	next	other	0
NU2-01	320	Picture	26	8099988	0	1	20166	1	0	next	other	0
NU2-01	322	Picture	61	8135321	0	1	20166	1	0	next	other	0
NU2-01	323	Response	0	8168581	12927	1
NU2-01	323	Response	0	8176420	20766	1
NU2-01	324	Response	0	8183940	7287	1
NU2-01	324	Response	0	8185060	8407	1
NU2-01	325	Response	100	8214340	29020	1
NU2-01	325	Response	0	8214820	29500	1
NU2-01	327	Picture	12	8230319	0	1	20166	1	0	next	other	0
NU2-01	329	Picture	27	8265651	0	1	20166	1	0	next	other	0
NU2-01	331	Picture	40	8300984	0	1	31333	1	0	next	other	0
NU2-01	331	Text Input	15	8332259	31275	0
NU2-01	334	Picture	9	8362649	0	1	20166	1	0	next	other	0
NU2-01	336	Picture	24	8397982	0	1	20166	1	0	next	other	0
NU2-01	338	Picture	40	8433314	0	1	68165	1	0	next	other	0
NU2-01	338	Text Input	11	8501378	68064	0
NU2-01	341	Picture	13	8531812	0	1	20166	1	0	next	other	0
NU2-01	343	Picture	27	8567145	0	1	20166	1	0	next	other	0
NU2-01	345	Picture	40	8602477	0	1	88831	1	0	next	other	0
NU2-01	345	Text Input	12	8691297	88820	0
NU2-01	348	Picture	11	8721641	0	1	20166	1	0	next	other	0
NU2-01	350	Picture	37	8756974	0	1	20166	1	0	next	other	0
NU2-01	352	Picture	76	8792307	0	1	20166	1	0	next	other	0
NU2-01	353	Response	0	8885377	72737	1
NU2-01	353	Response	0	8889536	76897	1
NU2-01	354	Response	0	8942336	52531	1
NU2-01	354	Response	0	8943616	53811	1
NU2-01	355	Response	0	8946336	2532	1
NU2-01	355	Response	0	8947775	3972	1
NU2-01	356	Response	100	8969216	21246	1
NU2-01	356	Response	0	8970175	22206	1
NU2-01	358	Picture	9	8985636	0	1	20166	1	0	next	other	0
NU2-01	360	Picture	36	9020968	0	1	20166	1	0	next	other	0
NU2-01	362	Picture	50	9056301	0	1	46999	1	0	next	other	0
NU2-01	362	Text Input	6	9103135	46834	0
NU2-01	365	Picture	12	9133632	0	1	20166	1	0	next	other	0
NU2-01	367	Picture	26	9168965	0	1	20166	1	0	next	other	0
NU2-01	369	Picture	40	9204297	0	1	56832	1	0	next	other	0
NU2-01	369	Text Input	15	9261054	56756	0
NU2-01	372	Picture	9	9291462	0	1	20166	1	0	next	other	0
NU2-01	374	Picture	24	9326795	0	1	20166	1	0	next	other	0
NU2-01	376	Picture	40	9362127	0	1	31333	1	0	next	other	0
NU2-01	376	Text Input	11	9393373	31246	0
NU2-01	379	Picture	12	9423793	0	1	20166	1	0	next	other	0
NU2-01	381	Picture	36	9459125	0	1	20166	1	0	next	other	0
NU2-01	383	Picture	72	9494458	0	1	20166	1	0	next	other	0
NU2-01	384	Response	0	9567773	52982	1
NU2-01	384	Response	0	9569372	54581	1
NU2-01	385	Response	0	9573052	3429	1
NU2-01	385	Response	0	9573532	3909	1
NU2-01	386	Response	0	9584572	10783	1
NU2-01	386	Response	0	9585372	11582	1
NU2-01	387	Response	0	9649372	63750	1
NU2-01	387	Response	0	9650492	64869	1
NU2-01	388	Response	100	9661852	11064	1
NU2-01	388	Response	0	9662811	12024	1
NU2-01	390	Picture	8	9678287	0	1	20166	1	0	next	other	0
NU2-01	392	Picture	27	9713620	0	1	20166	1	0	next	other	0
NU2-01	394	Picture	65	9748952	0	1	20166	1	0	next	other	0
NU2-01	395	Response	0	9822491	53206	1
NU2-01	395	Response	0	9823770	54485	1
NU2-01	396	Response	0	9827131	3180	1
NU2-01	396	Response	0	9828250	4300	1
NU2-01	397	Response	0	9830971	2520	1
NU2-01	397	Response	0	9831931	3480	1
NU2-01	398	Response	0	9871290	39173	1
NU2-01	398	Response	0	9872090	39973	1
NU2-01	399	Response	0	9875130	2847	1
NU2-01	399	Response	0	9876090	3807	1
NU2-01	400	Response	100	9887450	11167	1
NU2-01	400	Response	0	9888410	12127	1
NU2-01	402	Picture	9	9903782	0	1	20166	1	0	next	other	0
NU2-01	404	Picture	26	9939115	0	1	20166	1	0	next	other	0
NU2-01	406	Picture	64	9974447	0	1	20166	1	0	next	other	0
NU2-01	407	Response	100	10175449	180669	1
NU2-01	407	Response	0	10177369	182588	1
NU2-01	409	Picture	9	10192776	0	1	20166	1	0	next	other	0
NU2-01	411	Picture	26	10228108	0	1	20166	1	0	next	other	0
NU2-01	413	Picture	61	10263441	0	1	20166	1	0	next	other	0
NU2-01	413	Response	0	10279448	16007	1
NU2-01	414	Response	0	10283928	154	1
NU2-01	414	Response	0	10286968	3194	1
NU2-01	414	Response	0	10293848	10074	1
NU2-01	415	Response	0	10296088	1981	1
NU2-01	415	Response	0	10297208	3101	1
NU2-01	416	Response	0	10298648	1208	1
NU2-01	416	Response	0	10299608	2168	1
NU2-01	417	Response	0	10300888	948	1
NU2-01	417	Response	0	10301848	1908	1
NU2-01	418	Response	100	10311928	9821	1
NU2-01	418	Response	0	10312568	10461	1
NU2-01	420	Picture	8	10327940	0	1	20166	1	0	next	other	0
NU2-01	422	Picture	35	10363272	0	1	20166	1	0	next	other	0
NU2-01	424	Picture	72	10398605	0	1	20166	1	0	next	other	0
NU2-01	425	Response	0	10445527	26590	1
NU2-01	425	Response	0	10449367	30430	1
NU2-01	426	Response	0	10458647	9043	1
NU2-01	426	Response	0	10464727	15123	1
NU2-01	427	Response	0	10469847	4910	1
NU2-01	427	Response	0	10471127	6190	1
NU2-01	428	Response	0	10522167	50730	1
NU2-01	428	Response	0	10523446	52010	1
NU2-01	429	Response	0	10542166	18398	1
NU2-01	429	Response	0	10542806	19038	1
NU2-01	430	Response	100	10552567	9465	1
NU2-01	430	Response	0	10552886	9785	1
NU2-01	432	Picture	8	10568268	0	1	20166	1	0	next	other	0
NU2-01	434	Picture	36	10603600	0	1	20166	1	0	next	other	0
NU2-01	436	Picture	74	10638933	0	1	20166	1	0	next	other	0
NU2-01	437	Response	0	10689206	29940	1
NU2-01	437	Response	0	10690645	31380	1
NU2-01	438	Response	0	10706006	15074	1
NU2-01	438	Response	0	10707765	16834	1
NU2-01	439	Response	100	10771605	63507	1
NU2-01	439	Response	0	10772565	64467	1
NU2-01	441	Picture	8	10787929	0	1	20166	1	0	next	other	0
NU2-01	443	Picture	37	10823262	0	1	20166	1	0	next	other	0
NU2-01	445	Picture	74	10858595	0	1	20166	1	0	next	other	0
NU2-01	446	Response	0	10897365	18437	1
NU2-01	446	Response	0	10898324	19397	1
NU2-01	447	Response	100	10995284	96690	1
NU2-01	447	Response	0	10995924	97330	1
NU2-01	449	Picture	10	11011258	0	1	20166	1	0	next	other	0
NU2-01	451	Picture	34	11046590	0	1	20166	1	0	next	other	0
NU2-01	453	Picture	50	11081923	0	1	37666	1	0	next	other	0
NU2-01	453	Text Input	8	11119443	37520	0
NU2-01	456	Picture	12	11149922	0	1	20166	1	0	next	other	0
NU2-01	458	Picture	36	11185254	0	1	20166	1	0	next	other	0
NU2-01	460	Picture	72	11220587	0	1	20166	1	0	next	other	0
NU2-01	461	Response	0	11293523	52603	1
NU2-01	461	Response	0	11295442	54522	1
NU2-01	462	Response	0	11320722	24970	1
NU2-01	462	Response	0	11321682	25930	1
NU2-01	463	Response	100	11355282	33364	1
NU2-01	463	Response	0	11356402	34484	1
NU2-01	465	Picture	8	11371750	0	1	20166	1	0	next	other	0
NU2-01	467	Picture	34	11407083	0	1	20166	1	0	next	other	0
NU2-01	469	Picture	73	11442415	0	1	20166	1	0	next	other	0
NU2-01	470	Response	0	11467281	4533	1
NU2-01	470	Response	0	11472401	9653	1
NU2-01	471	Response	0	11474961	2380	1
NU2-01	471	Response	0	11476081	3500	1
NU2-01	472	Response	0	11477521	1273	1
NU2-01	472	Response	0	11478641	2393	1
NU2-01	473	Response	0	11479761	847	1
NU2-01	473	Response	0	11480881	1966	1
NU2-01	474	Response	0	11482481	1400	1
NU2-01	474	Response	0	11483281	2200	1
NU2-01	475	Response	100	11529681	46100	1
NU2-01	475	Response	0	11531121	47540	1
NU2-01	477	Picture	9	11546579	0	1	20166	1	0	next	other	0
NU2-01	479	Picture	34	11581912	0	1	20166	1	0	next	other	0
NU2-01	481	Picture	50	11617245	0	1	251494	1	0	next	other	0
NU2-01	481	Text Input	8	11868719	251474	0
NU2-01	484	Picture	12	11899072	0	1	20166	1	0	next	other	0
NU2-01	486	Picture	26	11934404	0	1	20166	1	0	next	other	0
NU2-01	488	Picture	62	11969737	0	1	20166	1	0	next	other	0
NU2-01	489	Response	0	12057678	67608	1
NU2-01	489	Response	0	12060558	70488	1
NU2-01	490	Response	0	12101357	40622	1
NU2-01	490	Response	0	12102317	41582	1
NU2-01	491	Response	0	12110317	7750	1
NU2-01	491	Response	0	12111437	8870	1
NU2-01	492	Response	100	12116557	4823	1
NU2-01	492	Response	0	12117357	5623	1
NU2-01	494	Picture	11	12132733	0	1	20166	1	0	next	other	0
NU2-01	496	Picture	35	12168066	0	1	20166	1	0	next	other	0
NU2-01	498	Picture	71	12203398	0	1	20166	1	0	next	other	0
NU2-01	499	Response	0	12230157	6426	1
NU2-01	499	Response	0	12237996	14265	1
NU2-01	500	Response	0	12240876	2645	1
NU2-01	500	Response	0	12241836	3605	1
NU2-01	501	Response	0	12243436	1372	1
NU2-01	501	Response	0	12244076	2012	1
NU2-01	502	Response	0	12245836	1439	1
NU2-01	502	Response	0	12246476	2079	1
NU2-01	503	Response	0	12263436	16706	1
NU2-01	503	Response	0	12265036	18305	1
NU2-01	504	Response	0	12278316	13086	1
NU2-01	504	Response	0	12279596	14366	1
NU2-01	505	Response	100	12282796	2899	1
NU2-01	505	Response	0	12283276	3379	1
NU2-01	507	Picture	10	12298730	0	1	20166	1	0	next	other	0
NU2-01	509	Picture	36	12334062	0	1	20166	1	0	next	other	0
NU2-01	511	Picture	75	12369395	0	1	20166	1	0	next	other	0
NU2-01	512	Response	0	12392876	3148	1
NU2-01	512	Response	0	12400235	10508	1
NU2-01	513	Response	0	12402956	2395	1
NU2-01	513	Response	0	12403916	3355	1
NU2-01	514	Response	0	12406636	2408	1
NU2-01	514	Response	0	12407436	3208	1
NU2-01	515	Response	100	12421195	13468	1
NU2-01	515	Response	0	12421995	14268	1
NU2-01	517	Picture	10	12437393	0	1	20166	1	0	next	other	0
NU2-01	519	Picture	35	12472726	0	1	20166	1	0	next	other	0
NU2-01	521	Picture	50	12508058	0	1	40999	1	0	next	other	0
NU2-01	521	Text Input	7	12549035	40976	0
NU2-01	524	Picture	8	12579390	0	1	20166	1	0	next	other	0
NU2-01	526	Picture	26	12614723	0	1	20166	1	0	next	other	0
NU2-01	528	Picture	40	12650055	0	1	78498	1	0	next	other	0
NU2-01	528	Text Input	11	12728394	78338	0
NU2-01	531	Picture	9	12758886	0	1	20166	1	0	next	other	0
NU2-01	533	Picture	34	12794219	0	1	20166	1	0	next	other	0
NU2-01	535	Picture	73	12829551	0	1	20166	1	0	next	other	0
NU2-01	536	Response	0	12897033	47149	1
NU2-01	536	Response	0	12904713	54828	1
NU2-01	537	Response	0	12906793	1910	1
NU2-01	537	Response	0	12907593	2710	1
NU2-01	538	Response	0	12908873	990	1
NU2-01	538	Response	0	12909673	1790	1
NU2-01	539	Response	0	12910952	1069	1
NU2-01	539	Response	0	12911593	1710	1
NU2-01	540	Response	100	12926313	14430	1
NU2-01	540	Response	0	12926953	15070	1
NU2-01	542	Picture	9	12942382	0	1	20166	1	0	next	other	0
NU2-01	544	Picture	24	12977715	0	1	20166	1	0	next	other	0
NU2-01	546	Picture	61	13013047	0	1	20166	1	0	next	other	0
NU2-01	547	Response	0	13035912	2532	1
NU2-01	547	Response	0	13042632	9252	1
NU2-01	548	Response	0	13045192	2312	1
NU2-01	548	Response	0	13046152	3272	1
NU2-01	549	Response	0	13047432	1052	1
NU2-01	549	Response	0	13048552	2172	1
NU2-01	550	Response	0	13054312	5432	1
NU2-01	550	Response	0	13054952	6072	1
NU2-01	551	Response	0	13056232	1019	1
NU2-01	551	Response	0	13057032	1819	1
NU2-01	552	Response	0	13062472	5259	1
NU2-01	552	Response	0	13062792	5579	1
NU2-01	553	Response	100	13066472	3426	1
NU2-01	553	Response	0	13066952	3905	1
NU2-01	555	Picture	11	13082379	0	1	20166	1	0	next	other	0
NU2-01	557	Picture	27	13117712	0	1	20166	1	0	next	other	0
NU2-01	559	Picture	62	13153044	0	1	20166	1	0	next	other	0
NU2-01	560	Response	0	13255111	81734	1
NU2-01	560	Response	0	13256071	82693	1
NU2-01	561	Response	0	13265671	9295	1
NU2-01	561	Response	0	13266631	10255	1
NU2-01	562	Response	0	13284711	17835	1
NU2-01	562	Response	0	13285670	18795	1
NU2-01	563	Response	0	13298950	13076	1
NU2-01	563	Response	0	13300070	14196	1
NU2-01	564	Response	0	13321190	20816	1
NU2-01	564	Response	0	13321830	21456	1
NU2-01	565	Response	100	13326310	4270	1
NU2-01	565	Response	0	13328070	6029	1
NU2-01	567	Picture	8	13343540	0	1	20166	1	0	next	other	0
NU2-01	569	Picture	36	13378873	0	1	20166	1	0	next	other	0
NU2-01	571	Picture	50	13414205	0	1	56832	1	0	next	other	0
NU2-01	571	Text Input	5	13470949	56744	0
NU2-01	574	Picture	10	13501370	0	1	20166	1	0	next	other	0
NU2-01	576	Picture	37	13536703	0	1	20166	1	0	next	other	0
NU2-01	578	Picture	74	13572035	0	1	20166	1	0	next	other	0
NU2-01	579	Response	0	13662309	69941	1
NU2-01	579	Response	0	13664068	71700	1
NU2-01	580	Response	0	13672548	8182	1
NU2-01	580	Response	0	13673348	8982	1
NU2-01	581	Response	0	13684868	11335	1
NU2-01	581	Response	0	13685348	11815	1
NU2-01	582	Response	100	13753028	67495	1
NU2-01	582	Response	0	13753988	68455	1
NU2-01	584	Picture	10	13769364	0	1	20166	1	0	next	other	0
NU2-01	586	Picture	26	13804697	0	1	20166	1	0	next	other	0
NU2-01	588	Picture	65	13840029	0	1	20166	1	0	next	other	0
NU2-01	589	Response	0	13861828	1466	1
NU2-01	589	Response	0	13868387	8025	1
NU2-01	590	Response	0	13870787	2092	1
NU2-01	590	Response	0	13871907	3212	1
NU2-01	591	Response	0	13873347	1152	1
NU2-01	591	Response	0	13874467	2272	1
NU2-01	592	Response	100	13878147	3452	1
NU2-01	592	Response	0	13878787	4092	1
NU2-01	594	Picture	8	13894195	0	1	20166	1	0	next	other	0
NU2-01	596	Picture	37	13929527	0	1	20166	1	0	next	other	0
NU2-01	598	Picture	72	13964860	0	1	20166	1	0	next	other	0
NU2-01	599	Response	0	14001027	15834	1
NU2-01	599	Response	0	14004866	19673	1
NU2-01	600	Response	0	14007426	2234	1
NU2-01	600	Response	0	14008066	2874	1
NU2-01	601	Response	0	14019746	11387	1
NU2-01	601	Response	0	14020866	12507	1
NU2-01	602	Response	100	14094466	73274	1
NU2-01	602	Response	0	14096066	74874	1
NU2-01	604	Picture	9	14111523	0	1	20166	1	0	next	other	0
NU2-01	606	Picture	27	14146856	0	1	20166	1	0	next	other	0
NU2-01	608	Picture	40	14182188	0	1	193829	1	0	next	other	0
NU2-01	608	Text Input	12	14375904	193716	0
NU2-01	611	Picture	12	14406350	0	1	20166	1	0	next	other	0
NU2-01	613	Picture	34	14441683	0	1	20166	1	0	next	other	0
NU2-01	615	Picture	50	14477015	0	1	39666	1	0	next	other	0
NU2-01	615	Text Input	10	14516543	39528	0
NU2-01	618	Picture	11	14547014	0	1	20166	1	0	next	other	0
NU2-01	620	Picture	34	14582346	0	1	20166	1	0	next	other	0
NU2-01	622	Picture	72	14617679	0	1	20166	1	0	next	other	0
NU2-01	623	Response	100	14705183	67171	1
NU2-01	623	Response	0	14705982	67970	1
NU2-01	625	Picture	10	14721343	0	1	20166	1	0	next	other	0
NU2-01	627	Picture	36	14756676	0	1	20166	1	0	next	other	0
NU2-01	629	Picture	71	14792008	0	1	20166	1	0	next	other	0
NU2-01	630	Response	0	14854942	42600	1
NU2-01	630	Response	0	14858781	46440	1
NU2-01	631	Response	0	14861981	2974	1
NU2-01	631	Response	0	14863101	4094	1
NU2-01	632	Response	0	14865021	1681	1
NU2-01	632	Response	0	14865981	2641	1
NU2-01	633	Response	0	14871901	5728	1
NU2-01	633	Response	0	14872541	6368	1
NU2-01	634	Response	0	14878941	6101	1
NU2-01	634	Response	0	14879741	6901	1
NU2-01	635	Response	0	14929981	49975	1
NU2-01	635	Response	0	14933181	53174	1
NU2-01	636	Response	0	14941341	7836	1
NU2-01	636	Response	0	14943421	9916	1
NU2-01	637	Response	0	14949981	6309	1
NU2-01	637	Response	0	14950941	7269	1
NU2-01	638	Response	0	14958461	7289	1
NU2-01	638	Response	0	14959581	8409	1
NU2-01	639	Response	100	14961820	1982	1
NU2-01	639	Response	0	14962461	2622	1
NU2-01	641	Picture	10	14977838	0	1	20166	1	0	next	other	0
NU2-01	643	Picture	34	15013170	0	1	20166	1	0	next	other	0
NU2-01	645	Picture	50	15048503	0	1	112831	1	0	next	other	0
NU2-01	645	Response	0	15080220	31718	1
NU2-01	645	Response	0	15081660	33157	1
NU2-01	645	Text Input	8	15161180	112677	0
NU2-01	648	Picture	9	15191666	0	1	20166	1	0	next	other	0
NU2-01	650	Picture	25	15226999	0	1	20166	1	0	next	other	0
NU2-01	652	Picture	62	15262331	0	1	20166	1	0	next	other	0
NU2-01	653	Response	0	15299259	16595	1
NU2-01	653	Response	0	15300699	18035	1
NU2-01	654	Response	0	15317019	16022	1
NU2-01	654	Response	0	15317979	16981	1
NU2-01	655	Response	100	15343739	25575	1
NU2-01	655	Response	0	15344538	26375	1
NU2-01	657	Picture	10	15359996	0	1	20166	1	0	next	other	0
NU2-01	659	Picture	27	15395329	0	1	20166	1	0	next	other	0
NU2-01	661	Picture	61	15430661	0	1	20166	1	0	next	other	0
NU2-01	662	Response	0	15471738	20744	1
NU2-01	662	Response	0	15473498	22504	1
NU2-01	663	Response	0	15480538	6711	1
NU2-01	663	Response	0	15481658	7831	1
NU2-01	664	Response	0	15488058	6231	1
NU2-01	664	Response	0	15489178	7351	1
NU2-01	665	Response	0	15492058	2565	1
NU2-01	665	Response	0	15493178	3684	1
NU2-01	666	Response	0	15495098	1605	1
NU2-01	666	Response	0	15496218	2725	1
NU2-01	667	Response	0	15503417	6924	1
NU2-01	667	Response	0	15504538	8045	1
NU2-01	668	Response	0	15506298	1471	1
NU2-01	668	Response	0	15507257	2431	1
NU2-01	669	Response	0	15509978	2485	1
NU2-01	669	Response	0	15510938	3445	1
NU2-01	670	Response	0	15519098	7938	1
NU2-01	670	Response	0	15520057	8898	1
NU2-01	671	Response	0	15526298	5972	1
NU2-01	671	Response	0	15527257	6932	1
NU2-01	672	Response	100	15531417	3925	1
NU2-01	672	Response	0	15531897	4405	1
NU2-01	674	Picture	12	15547325	0	1	20166	1	0	next	other	0
NU2-01	676	Picture	24	15582658	0	1	20166	1	0	next	other	0
NU2-01	678	Picture	63	15617990	0	1	20166	1	0	next	other	0
NU2-01	678	Response	0	15637497	19507	1
NU2-01	679	Response	0	15646617	8293	1
NU2-01	679	Response	0	15648217	9893	1
NU2-01	679	Response	0	15656857	18533	1
NU2-01	680	Response	0	15660217	3061	1
NU2-01	680	Response	0	15661177	4020	1
NU2-01	681	Response	0	15662777	1287	1
NU2-01	681	Response	0	15663897	2407	1
NU2-01	682	Response	0	15665497	1341	1
NU2-01	682	Response	0	15666297	2141	1
NU2-01	683	Response	0	15674457	7967	1
NU2-01	683	Response	0	15675417	8927	1
NU2-01	684	Response	100	15681177	5521	1
NU2-01	684	Response	0	15681976	6321	1
NU2-01	686	Picture	12	15697322	0	1	20166	1	0	next	other	0
NU2-01	688	Picture	26	15732654	0	1	20166	1	0	next	other	0
NU2-01	690	Picture	40	15767987	0	1	30166	1	0	next	other	0
NU2-01	690	Text Input	15	15797976	29989	0
NU2-01	693	Picture	12	15828486	0	1	20166	1	0	next	other	0
NU2-01	695	Picture	34	15863818	0	1	20166	1	0	next	other	0
NU2-01	697	Picture	50	15899151	0	1	47999	1	0	next	other	0
NU2-01	697	Text Input	6	15947095	47944	0
NU2-01	700	Picture	8	15977482	0	1	20166	1	0	next	other	0
NU2-01	702	Picture	24	16012815	0	1	20166	1	0	next	other	0
NU2-01	704	Picture	61	16048148	0	1	20166	1	0	next	other	0
NU2-01	705	Response	0	16131094	62614	1
NU2-01	705	Response	0	16135894	67414	1
NU2-01	706	Response	0	16137654	1508	1
NU2-01	706	Response	0	16138614	2468	1
NU2-01	707	Response	0	16139734	922	1
NU2-01	707	Response	0	16141014	2202	1
NU2-01	708	Response	100	16149334	8022	1
NU2-01	708	Response	0	16150774	9462	1
NU2-01	710	Picture	11	16166145	0	1	20166	1	0	next	other	0
NU2-01	712	Picture	27	16201478	0	1	20166	1	0	next	other	0
NU2-01	714	Picture	40	16236810	0	1	31666	1	0	next	other	0
NU2-01	714	Text Input	14	16268373	31563	0
NU2-01	717	Picture	11	16298809	0	1	20166	1	0	next	other	0
NU2-01	719	Picture	25	16334141	0	1	20166	1	0	next	other	0
NU2-01	721	Picture	64	16369474	0	1	20166	1	0	next	other	0
NU2-01	722	Response	0	16392693	2886	1
NU2-01	722	Response	0	16401012	11205	1
NU2-01	723	Response	0	16403092	1786	1
NU2-01	723	Response	0	16404052	2746	1
NU2-01	724	Response	0	16405332	1026	1
NU2-01	724	Response	0	16406292	1986	1
NU2-01	725	Response	0	16407412	939	1
NU2-01	725	Response	0	16408372	1899	1
NU2-01	726	Response	0	16410132	1492	1
NU2-01	726	Response	0	16411252	2612	1
NU2-01	727	Response	0	16422132	10659	1
NU2-01	727	Response	0	16422932	11459	1
NU2-01	728	Response	100	16429172	6033	1
NU2-01	728	Response	0	16430132	6993	1
NU2-01	730	Picture	9	16445472	0	1	20166	1	0	next	other	0
NU2-01	732	Picture	35	16480805	0	1	20166	1	0	next	other	0
NU2-01	734	Picture	73	16516137	0	1	20166	1	0	next	other	0
NU2-01	735	Response	0	16607412	70941	1
NU2-01	735	Response	0	16608691	72221	1
NU2-01	736	Response	0	16612211	3243	1
NU2-01	736	Response	0	16613011	4042	1
NU2-01	737	Response	0	16617011	3709	1
NU2-01	737	Response	0	16617491	4189	1
NU2-01	738	Response	0	16620691	2889	1
NU2-01	738	Response	0	16621331	3529	1
NU2-01	739	Response	0	16632371	10736	1
NU2-01	739	Response	0	16633011	11376	1
NU2-01	740	Response	0	16673651	40349	1
NU2-01	740	Response	0	16674771	41469	1
NU2-01	741	Response	0	16728371	53403	1
NU2-01	741	Response	0	16729970	55003	1
NU2-01	742	Response	100	16732050	1751	1
NU2-01	742	Response	0	16733170	2871	1
NU2-01	744	Picture	11	16748632	0	1	20166	1	0	next	other	0
NU2-01	746	Picture	36	16783965	0	1	20166	1	0	next	other	0
NU2-01	748	Picture	50	16819297	0	1	31833	1	0	next	other	0
NU2-01	748	Text Input	14	16851090	31792	0
NU2-01	751	Picture	8	16881463	0	1	20166	1	0	next	other	0
NU2-01	753	Picture	25	16916795	0	1	20166	1	0	next	other	0
NU2-01	755	Picture	61	16952128	0	1	20166	1	0	next	other	0
NU2-01	756	Response	0	17021489	49029	1
NU2-01	756	Response	0	17022769	50308	1
NU2-01	757	Response	0	17026129	3169	1
NU2-01	757	Response	0	17026929	3969	1
NU2-01	758	Response	0	17028689	1563	1
NU2-01	758	Response	0	17029169	2042	1
NU2-01	759	Response	0	17030769	1310	1
NU2-01	759	Response	0	17031569	2110	1
NU2-01	760	Response	0	17051249	19456	1
NU2-01	760	Response	0	17052048	20256	1
NU2-01	761	Response	0	17053328	1036	1
NU2-01	761	Response	0	17054128	1836	1
NU2-01	762	Response	100	17057648	3190	1
NU2-01	762	Response	0	17058768	4309	1
NU2-01	764	Picture	11	17074125	0	1	20166	1	0	next	other	0
NU2-01	766	Picture	36	17109458	0	1	20166	1	0	next	other	0
NU2-01	768	Picture	74	17144790	0	1	20166	1	0	next	other	0
NU2-01	769	Response	0	17169968	4845	1
NU2-01	769	Response	0	17174128	9005	1
NU2-01	770	Response	0	17177008	2551	1
NU2-01	770	Response	0	17177968	3511	1
NU2-01	771	Response	0	17292207	113918	1
NU2-01	771	Response	0	17292687	114398	1
NU2-01	772	Response	0	17297327	4373	1
NU2-01	772	Response	0	17297967	5013	1
NU2-01	773	Response	100	17305327	7040	1
NU2-01	773	Response	0	17306447	8160	1
NU2-01	775	Picture	10	17321786	0	1	20166	1	0	next	other	0
NU2-01	777	Picture	26	17357119	0	1	20166	1	0	next	other	0
NU2-01	779	Picture	64	17392451	0	1	20166	1	0	next	other	0
NU2-01	780	Response	0	17431087	18302	1
NU2-01	780	Response	0	17434766	21982	1
NU2-01	781	Response	100	17447246	12296	1
NU2-01	781	Response	0	17448206	13256	1
NU2-01	783	Picture	8	17463617	0	1	20166	1	0	next	other	0
NU2-01	785	Picture	34	17498949	0	1	20166	1	0	next	other	0
NU2-01	787	Picture	72	17534282	0	1	20166	1	0	next	other	0
NU2-01	788	Response	0	17696045	141431	1
NU2-01	788	Response	0	17697325	142710	1
NU2-01	789	Response	0	17703725	6113	1
NU2-01	789	Response	0	17704685	7073	1
NU2-01	790	Response	100	17713965	9020	1
NU2-01	790	Response	0	17714605	9660	1
NU2-01	792	Picture	10	17729944	0	1	20166	1	0	next	other	0
NU2-01	794	Picture	26	17765277	0	1	20166	1	0	next	other	0
NU2-01	796	Picture	40	17800609	0	1	55832	1	0	next	other	0
NU2-01	796	Text Input	13	17856364	55755	0
NU2-01	799	Picture	10	17886774	0	1	20166	1	0	next	other	0
NU2-01	801	Picture	25	17922107	0	1	20166	1	0	next	other	0
NU2-01	803	Picture	63	17957439	0	1	20166	1	0	next	other	0
NU2-01	804	Response	0	18020843	43071	1
NU2-01	804	Response	0	18021963	44191	1
NU2-01	805	Response	0	18025163	2892	1
NU2-01	805	Response	0	18026123	3852	1
NU2-01	806	Response	0	18029323	2885	1
NU2-01	806	Response	0	18030123	3685	1
NU2-01	807	Response	0	18079883	49446	1
NU2-01	807	Response	0	18080842	50405	1
NU2-01	808	Response	0	18136362	55259	1
NU2-01	808	Response	0	18137802	56699	1
NU2-01	809	Response	0	18156362	18260	1
NU2-01	809	Response	0	18156842	18740	1
NU2-01	810	Response	100	18163562	6461	1
NU2-01	810	Response	0	18164522	7421	1
NU2-01	812	Picture	9	18179934	0	1	20166	1	0	next	other	0
NU2-01	814	Picture	27	18215267	0	1	20166	1	0	next	other	0
NU2-01	816	Picture	65	18250599	0	1	20166	1	0	next	other	0
NU2-01	817	Response	0	18303722	32790	1
NU2-01	817	Response	0	18306601	35669	1
NU2-01	818	Response	0	18310121	3190	1
NU2-01	818	Response	0	18311241	4310	1
NU2-01	819	Response	100	18319401	7970	1
NU2-01	819	Response	0	18319881	8450	1
NU2-01	821	Picture	9	18335264	0	1	20166	1	0	next	other	0
NU2-01	823	Picture	36	18370597	0	1	20166	1	0	next	other	0
NU2-01	825	Picture	74	18405929	0	1	20166	1	0	next	other	0
NU2-01	826	Response	0	18441321	15059	1
NU2-01	826	Response	0	18445801	19538	1
NU2-01	827	Response	0	18450920	4825	1
NU2-01	827	Response	0	18451080	4985	1
NU2-01	828	Response	0	18456840	5579	1
NU2-01	828	Response	0	18457960	6699	1
NU2-01	829	Response	100	18466120	7859	1
NU2-01	829	Response	0	18467240	8979	1
NU2-01	831	Picture	9	18482594	0	1	20166	1	0	next	other	0
NU2-01	833	Picture	25	18517927	0	1	20166	1	0	next	other	0
NU2-01	835	Picture	40	18553259	0	1	48499	1	0	next	other	0
NU2-01	835	Text Input	11	18601640	48380	0
NU2-01	838	Picture	13	18632091	0	1	20166	1	0	next	other	0
NU2-01	840	Picture	37	18667424	0	1	20166	1	0	next	other	0
NU2-01	842	Picture	50	18702756	0	1	55665	1	0	next	other	0
NU2-01	842	Text Input	9	18758278	55522	0
NU2-01	845	Picture	9	18788754	0	1	20166	1	0	next	other	0
NU2-01	847	Picture	26	18824087	0	1	20166	1	0	next	other	0
NU2-01	849	Picture	40	18859419	0	1	65332	1	0	next	other	0
NU2-01	849	Text Input	12	18924678	65258	0
NU2-01	852	Picture	11	18955084	0	1	20166	1	0	next	other	0
NU2-01	854	Picture	35	18990416	0	1	20166	1	0	next	other	0
NU2-01	856	Picture	50	19025749	0	1	26666	1	0	next	other	0
NU2-01	856	Text Input	8	19052357	26608	0
NU2-01	859	Picture	13	19082748	0	1	20166	1	0	next	other	0
NU2-01	861	Picture	37	19118080	0	1	20166	1	0	next	other	0
NU2-01	863	Picture	50	19153413	0	1	38166	1	0	next	other	0
NU2-01	863	Text Input	9	19191556	38143	0
NU2-01	866	Picture	10	19221911	0	1	20166	1	0	next	other	0
NU2-01	868	Picture	25	19257244	0	1	20166	1	0	next	other	0
NU2-01	870	Picture	64	19292576	0	1	20166	1	0	next	other	0
NU2-01	871	Response	0	19315556	2647	1
NU2-01	871	Response	0	19324355	11446	1
NU2-01	872	Response	0	19326595	2020	1
NU2-01	872	Response	0	19327395	2819	1
NU2-01	873	Response	100	19335555	7979	1
NU2-01	873	Response	0	19336995	9419	1
NU2-01	875	Picture	10	19352409	0	1	20166	1	0	next	other	0
NU2-01	877	Picture	24	19387741	0	1	20166	1	0	next	other	0
NU2-01	879	Picture	40	19423074	0	1	65332	1	0	next	other	0
NU2-01	879	Text Input	12	19488354	65281	0
NU2-01	882	Picture	9	19518738	0	1	20166	1	0	next	other	0
NU2-01	884	Picture	37	19554071	0	1	20166	1	0	next	other	0
NU2-01	886	Picture	72	19589403	0	1	20166	1	0	next	other	0
NU2-01	887	Response	0	19655234	45498	1
NU2-01	887	Response	0	19662913	53177	1
NU2-01	888	Response	0	19665153	1918	1
NU2-01	888	Response	0	19666113	2878	1
NU2-01	889	Response	0	19668033	1632	1
NU2-01	889	Response	0	19668673	2272	1
NU2-01	890	Response	100	19675713	6812	1
NU2-01	890	Response	0	19676673	7772	1
NU2-01	892	Picture	11	19692068	0	1	20166	1	0	next	other	0
NU2-01	894	Picture	27	19727400	0	1	20166	1	0	next	other	0
NU2-01	896	Picture	64	19762733	0	1	20166	1	0	next	other	0
NU2-01	897	Response	0	19837313	54247	1
NU2-01	897	Response	0	19841633	58567	1
NU2-01	898	Response	100	19855233	13335	1
NU2-01	898	Response	0	19856672	14775	1
NU2-01	900	Picture	9	19872064	0	1	20166	1	0	next	other	0
NU2-01	902	Picture	34	19907396	0	1	20166	1	0	next	other	0
NU2-01	904	Picture	50	19942729	0	1	47332	1	0	next	other	0
NU2-01	904	Text Input	7	19989952	47223	0
NU2-01	907	Picture	12	20020394	0	1	20166	1	0	next	other	0
NU2-01	909	Picture	27	20055726	0	1	20166	1	0	next	other	0
NU2-01	911	Picture	64	20091059	0	1	20166	1	0	next	other	0
NU2-01	912	Response	0	20130911	19519	1
NU2-01	912	Response	0	20133791	22399	1
NU2-01	913	Response	0	20166751	32693	1
NU2-01	913	Response	0	20169310	35252	1
NU2-01	914	Response	0	20172030	2473	1
NU2-01	914	Response	0	20173150	3593	1
NU2-01	915	Response	0	20174750	1360	1
NU2-01	915	Response	0	20176190	2800	1
NU2-01	916	Response	100	20247870	71480	1
NU2-01	916	Response	0	20248990	72599	1
NU2-01	918	Picture	12	20264389	0	1	20166	1	0	next	other	0
NU2-01	920	Picture	24	20299721	0	1	20166	1	0	next	other	0
NU2-01	922	Picture	40	20335054	0	1	35166	1	0	next	other	0
NU2-01	922	Text Input	14	20370109	35055	0
NU2-01	925	Picture	8	20400552	0	1	20166	1	0	next	other	0
NU2-01	927	Picture	25	20435885	0	1	20166	1	0	next	other	0
NU2-01	929	Picture	64	20471217	0	1	20166	1	0	next	other	0
NU2-01	930	Response	0	20507389	15839	1
NU2-01	930	Response	0	20511708	20158	2
NU2-01	931	Response	0	20518588	6705	1
NU2-01	931	Response	0	20524988	13105	1
NU2-01	932	Response	0	20527548	2332	1
NU2-01	932	Response	0	20528348	3132	1
NU2-01	933	Response	100	20540348	11799	1
NU2-01	933	Response	0	20541308	12759	1
NU2-01	935	Picture	9	20556716	0	1	20166	1	0	next	other	0
NU2-01	937	Picture	34	20592048	0	1	20166	1	0	next	other	0
NU2-01	939	Picture	72	20627381	0	1	20166	1	0	next	other	0
NU2-01	940	Response	100	20693948	46234	1
NU2-01	940	Response	0	20695227	47513	1
NU2-01	942	Picture	9	20710712	0	1	20166	1	0	next	other	0
NU2-01	944	Picture	34	20746045	0	1	20166	1	0	next	other	0
NU2-01	946	Picture	73	20781377	0	1	20166	1	0	next	other	0
NU2-01	947	Response	0	20804987	3277	1
NU2-01	947	Response	0	20808667	6956	1
NU2-01	948	Response	0	20811387	2510	1
NU2-01	948	Response	0	20812187	3310	1
NU2-01	949	Response	0	20817147	4770	1
NU2-01	949	Response	0	20818266	5890	1
NU2-01	950	Response	0	20843226	24683	1
NU2-01	950	Response	0	20844186	25643	1
NU2-01	951	Response	100	20851226	6850	1
NU2-01	951	Response	0	20852666	8290	1
NU2-01	953	Picture	12	20868042	0	1	20166	1	0	next	other	0
NU2-01	955	Picture	37	20903375	0	1	20166	1	0	next	other	0
NU2-01	957	Picture	50	20938707	0	1	43332	1	0	next	other	0
NU2-01	957	Text Input	8	20981946	43239	0
NU2-01	960	Picture	12	21012372	0	1	20166	1	0	next	other	0
NU2-01	962	Picture	26	21047705	0	1	20166	1	0	next	other	0
NU2-01	964	Picture	63	21083037	0	1	20166	1	0	next	other	0
NU2-01	965	Response	0	21147865	44495	1
NU2-01	965	Response	0	21149945	46574	1
NU2-01	966	Response	0	21159385	9182	1
NU2-01	966	Response	0	21160665	10462	1
NU2-01	967	Response	0	21163545	2676	1
NU2-01	967	Response	0	21164664	3796	1
NU2-01	968	Response	0	21166904	2036	1
NU2-01	968	Response	0	21168024	3156	1
NU2-01	969	Response	100	21188665	20462	1
NU2-01	969	Response	0	21189785	21582	1
NU2-01	971	Picture	9	21205201	0	1	20166	1	0	next	other	0
NU2-01	973	Picture	26	21240534	0	1	20166	1	0	next	other	0
NU2-01	975	Picture	63	21275866	0	1	20166	1	0	next	other	0
NU2-01	976	Response	100	21347224	51025	1
NU2-01	976	Response	0	21348024	51824	1
NU2-01	978	Picture	11	21363365	0	1	20166	1	0	next	other	0
NU2-01	980	Picture	35	21398697	0	1	20166	1	0	next	other	0
NU2-01	982	Picture	50	21434030	0	1	59832	1	0	next	other	0
NU2-01	982	Text Input	8	21493783	59753	0
NU2-01	985	Picture	10	21524194	0	1	20166	1	0	next	other	0
NU2-01	987	Picture	35	21559527	0	1	20166	1	0	next	other	0
NU2-01	989	Picture	71	21594859	0	1	20166	1	0	next	other	0
NU2-01	989	Response	0	21611863	17003	1
NU2-01	990	Response	0	21616022	830	1
NU2-01	990	Response	0	21618102	2910	1
NU2-01	990	Response	0	21627222	12030	1
NU2-01	991	Response	0	21630102	2576	1
NU2-01	991	Response	0	21630582	3056	1
NU2-01	992	Response	0	21632502	1643	1
NU2-01	992	Response	0	21633942	3083	1
NU2-01	993	Response	100	21639382	5190	1
NU2-01	993	Response	0	21640342	6150	1
NU2-01	995	Picture	10	21655691	0	1	20166	1	0	next	other	0
NU2-01	997	Picture	37	21691024	0	1	20166	1	0	next	other	0
NU2-01	999	Picture	50	21726357	0	1	34999	1	0	next	other	0
NU2-01	999	Text Input	6	21761301	34945	0
NU2-01	1002	Picture	9	21791688	0	1	20166	1	0	next	other	0
NU2-01	1004	Picture	35	21827021	0	1	20166	1	0	next	other	0
NU2-01	1006	Picture	74	21862354	0	1	20166	1	0	next	other	0
NU2-01	1007	Response	0	21886101	3414	1
NU2-01	1007	Response	0	21895060	12374	1
NU2-01	1008	Response	0	21897460	2108	1
NU2-01	1008	Response	0	21898420	3067	1
NU2-01	1009	Response	0	21899860	1174	1
NU2-01	1009	Response	0	21900820	2134	1
NU2-01	1010	Response	0	21909460	8441	1
NU2-01	1010	Response	0	21910580	9561	1
NU2-01	1011	Response	100	21914740	3888	1
NU2-01	1011	Response	0	21915700	4848	1
NU2-01	1013	Picture	13	21931185	0	1	20166	1	0	next	other	0
NU2-01	1015	Picture	25	21966518	0	1	20166	1	0	next	other	0
NU2-01	1017	Picture	40	22001851	0	1	140497	1	0	next	other	0
NU2-01	1017	Text Input	10	22142259	140408	0
NU2-01	1020	Picture	11	22172680	0	1	20166	1	0	next	other	0
NU2-01	1022	Picture	26	22208013	0	1	20166	1	0	next	other	0
NU2-01	1024	Picture	64	22243345	0	1	20166	1	0	next	other	0
NU2-01	1025	Response	0	22319858	56180	1
NU2-01	1025	Response	0	22320978	57300	1
NU2-01	1026	Response	0	22324338	3161	1
NU2-01	1026	Response	0	22325138	3961	1
NU2-01	1027	Response	0	22326898	1554	1
NU2-01	1027	Response	0	22327698	2354	1
NU2-01	1028	Response	0	22336018	8008	1
NU2-01	1028	Response	0	22336818	8808	1
NU2-01	1029	Response	0	22345138	8128	1
NU2-01	1029	Response	0	22345938	8928	1
NU2-01	1030	Response	100	22350578	4401	1
NU2-01	1030	Response	0	22351538	5361	1
NU2-01	1032	Picture	8	22367009	0	1	20166	1	0	next	other	0
NU2-01	1034	Picture	36	22402342	0	1	20166	1	0	next	other	0
NU2-01	1036	Picture	71	22437674	0	1	20166	1	0	next	other	0
NU2-01	1037	Response	0	22465457	7450	1
NU2-01	1037	Response	0	22475057	17050	1
NU2-01	1038	Response	0	22477937	2597	1
NU2-01	1038	Response	0	22478577	3237	1
NU2-01	1039	Response	0	22480177	1337	1
NU2-01	1039	Response	0	22480657	1817	1
NU2-01	1040	Response	0	22482417	1577	1
NU2-01	1040	Response	0	22483057	2217	1
NU2-01	1041	Response	100	22494897	11557	1
NU2-01	1041	Response	0	22496016	12676	1
NU2-01	1043	Picture	9	22511506	0	1	20166	1	0	next	other	0
NU2-01	1045	Picture	24	22546839	0	1	20166	1	0	next	other	0
NU2-01	1047	Picture	61	22582171	0	1	20166	1	0	next	other	0
NU2-01	1048	Response	0	22605137	2633	1
NU2-01	1048	Response	0	22612976	10472	1
NU2-01	1049	Response	0	22615056	1886	1
NU2-01	1049	Response	0	22616016	2846	1
NU2-01	1050	Response	0	22617296	959	1
NU2-01	1050	Response	0	22618416	2079	1
NU2-01	1051	Response	0	22619856	1186	1
NU2-01	1051	Response	0	22620176	1506	1
NU2-01	1052	Response	100	22628816	8312	1
NU2-01	1052	Response	0	22630096	9592	1
NU2-01	1054	Picture	12	22645503	0	1	20166	1	0	next	other	0
NU2-01	1056	Picture	25	22680836	0	1	20166	1	0	next	other	0
NU2-01	1058	Picture	40	22716168	0	1	61665	1	0	next	other	0
NU2-01	1058	Text Input	14	22777775	61607	0
NU2-01	1061	Picture	10	22808166	0	1	20166	1	0	next	other	0
NU2-01	1063	Picture	26	22843499	0	1	20166	1	0	next	other	0
NU2-01	1065	Picture	40	22878831	0	1	29166	1	0	next	other	0
NU2-01	1065	Text Input	13	22907854	29023	0
NU2-01	1068	Picture	10	22938330	0	1	20166	1	0	next	other	0
NU2-01	1070	Picture	27	22973663	0	1	20166	1	0	next	other	0
NU2-01	1072	Picture	61	23008995	0	1	20166	1	0	next	other	0
NU2-01	1073	Response	0	23034414	5086	1
NU2-01	1073	Response	0	23044494	15166	1
NU2-01	1074	Response	0	23046094	1433	1
NU2-01	1074	Response	0	23046894	2233	1
NU2-01	1075	Response	100	23053774	6613	1
NU2-01	1075	Response	0	23054573	7412	1
NU2-01	1077	Picture	8	23069994	0	1	20166	1	0	next	other	0
NU2-01	1079	Picture	35	23105326	0	1	20166	1	0	next	other	0
NU2-01	1081	Picture	71	23140659	0	1	20166	1	0	next	other	0
NU2-01	1082	Response	0	23163853	2862	1
NU2-01	1082	Response	0	23173133	12141	1
NU2-01	1083	Response	0	23175373	2048	1
NU2-01	1083	Response	0	23176173	2848	1
NU2-01	1084	Response	0	23177453	961	1
NU2-01	1084	Response	0	23178253	1761	1
NU2-01	1085	Response	100	23192973	14481	1
NU2-01	1085	Response	0	23193773	15281	1
NU2-01	1087	Picture	11	23209157	0	1	20166	1	0	next	other	0
NU2-01	1089	Picture	25	23244490	0	1	20166	1	0	next	other	0
NU2-01	1091	Picture	40	23279823	0	1	50332	1	0	next	other	0
NU2-01	1091	Text Input	13	23330092	50269	0
NU2-01	1094	Picture	10	23360487	0	1	20166	1	0	next	other	0
NU2-01	1096	Picture	25	23395820	0	1	20166	1	0	next	other	0
NU2-01	1098	Picture	40	23431153	0	1	29833	1	0	next	other	0
NU2-01	1098	Text Input	12	23460811	29659	0
NU2-01	1101	Picture	10	23491318	0	1	20166	1	0	next	other	0
NU2-01	1103	Picture	24	23526650	0	1	20166	1	0	next	other	0
NU2-01	1105	Picture	63	23561983	0	1	20166	1	0	next	other	0
NU2-01	1106	Response	0	23586251	3935	1
NU2-01	1106	Response	0	23591210	8895	1
NU2-01	1107	Response	0	23593770	2288	1
NU2-01	1107	Response	0	23594730	3248	1
NU2-01	1108	Response	0	23596810	1828	1
NU2-01	1108	Response	0	23597450	2468	1
NU2-01	1109	Response	100	23606410	8761	1
NU2-01	1109	Response	0	23607850	10201	1
NU2-01	1111	Picture	8	23623315	0	1	20166	1	0	next	other	0
NU2-01	1113	Picture	24	23658648	0	1	20166	1	0	next	other	0
NU2-01	1115	Picture	40	23693980	0	1	34833	1	0	next	other	0
NU2-01	1115	Text Input	10	23728650	34669	0
NU2-01	1118	Picture	12	23759145	0	1	20166	1	0	next	other	0
NU2-01	1120	Picture	25	23794478	0	1	20166	1	0	next	other	0
NU2-01	1122	Picture	64	23829811	0	1	20166	1	0	next	other	0
NU2-01	1123	Response	0	23861769	11626	1
NU2-01	1123	Response	0	23867689	17545	1
NU2-01	1124	Response	0	23901929	33952	1
NU2-01	1124	Response	0	23903689	35712	1
NU2-01	1125	Response	0	23905929	1953	1
NU2-01	1125	Response	0	23906729	2753	1
NU2-01	1126	Response	0	23908809	1833	1
NU2-01	1126	Response	0	23909448	2473	1
NU2-01	1127	Response	0	23911369	1727	1
NU2-01	1127	Response	0	23912008	2366	1
NU2-01	1128	Response	0	23916489	4180	1
NU2-01	1128	Response	0	23916968	4660	1
NU2-01	1129	Response	100	23926089	8947	1
NU2-01	1129	Response	0	23927528	10386	1
NU2-01	1131	Picture	12	23942975	0	1	20166	1	0	next	other	0
NU2-01	1133	Picture	26	23978307	0	1	20166	1	0	next	other	0
NU2-01	1135	Picture	64	24013640	0	1	20166	1	0	next	other	0
NU2-01	1136	Response	0	24049288	15316	1
NU2-01	1136	Response	0	24054408	20435	1
NU2-01	1137	Response	0	24058408	3802	1
NU2-01	1137	Response	0	24060008	5402	1
NU2-01	1138	Response	0	24062568	2262	1
NU2-01	1138	Response	0	24063848	3542	1
NU2-01	1139	Response	0	24089928	25789	1
NU2-01	1139	Response	0	24091048	26909	1
NU2-01	1140	Response	100	24102728	11423	1
NU2-01	1140	Response	0	24103687	12383	1
NU2-01	1142	Picture	9	24119138	0	1	20166	1	0	next	other	0
NU2-01	1144	Picture	25	24154470	0	1	20166	1	0	next	other	0
NU2-01	1146	Picture	62	24189803	0	1	20166	1	0	next	other	0
NU2-01	1147	Response	0	24239847	29712	1
NU2-01	1147	Response	0	24243527	33391	1
NU2-01	1148	Response	100	24253767	9965	1
NU2-01	1148	Response	0	24255046	11245	1
NU2-01	1150	Picture	10	24270468	0	1	20166	1	0	next	other	0
NU2-01	1152	Picture	25	24305800	0	1	20166	1	0	next	other	0
NU2-01	1154	Picture	40	24341133	0	1	29666	1	0	next	other	0
NU2-01	1154	Text Input	12	24370725	29593	0
NU2-01	1157	Picture	12	24401131	0	1	20166	1	0	next	other	0
NU2-01	1159	Picture	24	24436464	0	1	20166	1	0	next	other	0
NU2-01	1161	Picture	61	24471796	0	1	20166	1	0	next	other	0
NU2-01	1162	Response	0	24527366	35236	1
NU2-01	1162	Response	0	24527845	35715	1
NU2-01	1163	Response	0	24529605	1476	1
NU2-01	1163	Response	0	24534405	6276	1
NU2-01	1164	Response	0	24550405	15776	1
NU2-01	1164	Response	0	24551045	16416	1
NU2-01	1165	Response	100	24552965	1670	1
NU2-01	1165	Response	0	24553925	2630	1
NU2-01	1167	Picture	10	24569294	0	1	20166	1	0	next	other	0
NU2-01	1169	Picture	27	24604627	0	1	20166	1	0	next	other	0
NU2-01	1171	Picture	63	24639959	0	1	20166	1	0	next	other	0
NU2-01	1172	Response	0	24763364	103072	1
NU2-01	1172	Response	0	24764484	104191	1
NU2-01	1173	Response	0	24766724	1934	1
NU2-01	1173	Response	0	24767844	3054	1
NU2-01	1174	Response	0	24770404	2280	1
NU2-01	1174	Response	0	24771043	2920	1
NU2-01	1175	Response	0	24776803	5514	1
NU2-01	1175	Response	0	24777763	6474	1
NU2-01	1176	Response	0	24781283	3327	1
NU2-01	1176	Response	0	24782403	4447	1
NU2-01	1177	Response	100	24788643	6020	1
NU2-01	1177	Response	0	24789443	6820	1
NU2-01	1179	Picture	8	24804789	0	1	20166	1	0	next	other	0
NU2-01	1181	Picture	36	24840122	0	1	20166	1	0	next	other	0
NU2-01	1183	Picture	75	24875454	0	1	20166	1	0	next	other	0
NU2-01	1184	Response	0	24910883	15096	1
NU2-01	1184	Response	0	24920323	24535	1
NU2-01	1185	Response	0	24922083	1463	1
NU2-01	1185	Response	0	24923043	2423	1
NU2-01	1186	Response	0	24924323	1036	1
NU2-01	1186	Response	0	24925123	1836	1
NU2-01	1187	Response	0	24930083	4629	1
NU2-01	1187	Response	0	24931363	5909	1
NU2-01	1188	Response	100	24936323	4703	1
NU2-01	1188	Response	0	24937123	5503	1
NU2-01	1190	Picture	13	24952619	0	1	20166	1	0	next	other	0
NU2-01	1192	Picture	35	24987952	0	1	20166	1	0	next	other	0
NU2-01	1194	Picture	50	25023284	0	1	28499	1	0	next	other	0
NU2-01	1194	Text Input	10	25051682	28398	0
NU2-01	1197	Picture	13	25082116	0	1	20166	1	0	next	other	0
NU2-01	1199	Picture	25	25117449	0	1	20166	1	0	next	other	0
NU2-01	1201	Picture	40	25152782	0	1	37166	1	0	next	other	0
NU2-01	1201	Text Input	15	25189921	37140	0
NU2-01	1204	Picture	12	25220280	0	1	20166	1	0	next	other	0
NU2-01	1206	Picture	35	25255613	0	1	20166	1	0	next	other	0
NU2-01	1208	Picture	71	25290945	0	1	20166	1	0	next	other	0
NU2-01	1209	Response	0	25328161	16883	1
NU2-01	1209	Response	0	25336640	25362	1
NU2-01	1210	Response	0	25340160	3216	1
NU2-01	1210	Response	0	25340800	3856	1
NU2-01	1211	Response	0	25356960	15850	1
NU2-01	1211	Response	0	25358080	16969	1
NU2-01	1212	Response	0	25369600	11323	1
NU2-01	1212	Response	0	25370560	12283	1
NU2-01	1213	Response	100	25376320	5543	1
NU2-01	1213	Response	0	25377280	6503	1
NU2-01	1215	Picture	13	25392776	0	1	20166	1	0	next	other	0
NU2-01	1217	Picture	25	25428109	0	1	20166	1	0	next	other	0
NU2-01	1219	Picture	40	25463441	0	1	40999	1	0	next	other	0
NU2-01	1219	Text Input	15	25504319	40878	0
NU2-01	1222	Picture	13	25534773	0	1	20166	1	0	next	other	0
NU2-01	1224	Picture	35	25570106	0	1	20166	1	0	next	other	0
NU2-01	1226	Picture	50	25605438	0	1	105831	1	0	next	other	0
NU2-01	1226	Text Input	10	25711198	105760	0
NU2-01	1229	Picture	11	25741602	0	1	20166	1	0	next	other	0
NU2-01	1231	Picture	25	25776935	0	1	20166	1	0	next	other	0
NU2-01	1233	Picture	64	25812267	0	1	20166	1	0	next	other	0
NU2-01	1234	Response	0	25835678	3078	1
NU2-01	1234	Response	0	25847197	14597	1
NU2-01	1235	Response	100	25875837	28404	1
NU2-01	1235	Response	0	25876477	29044	1
NU2-01	1237	Picture	8	25891932	0	1	20166	1	0	next	other	0
NU2-01	1239	Picture	34	25927265	0	1	20166	1	0	next	other	0
NU2-01	1241	Picture	50	25962597	0	1	105331	1	0	next	other	0
NU2-01	1241	Text Input	6	26067836	105239	0
NU2-01	1244	Picture	8	26098261	0	1	20166	1	0	next	other	0
NU2-01	1246	Picture	35	26133593	0	1	20166	1	0	next	other	0
NU2-01	1248	Picture	72	26168926	0	1	20166	1	0	next	other	0
NU2-01	1249	Response	0	26260475	71217	1
NU2-01	1249	Response	0	26263035	73776	1
NU2-01	1250	Response	0	26267995	4738	1
NU2-01	1250	Response	0	26268635	5378	1
NU2-01	1251	Response	100	26278395	9471	1
NU2-01	1251	Response	0	26279355	10431	1
NU2-01	1253	Picture	8	26294757	0	1	20166	1	0	next	other	0
NU2-01	1255	Picture	34	26330089	0	1	20166	1	0	next	other	0
NU2-01	1257	Picture	73	26365422	0	1	20166	1	0	next	other	0
NU2-01	1258	Response	0	26409754	24000	1
NU2-01	1258	Response	0	26416954	31199	1
NU2-01	1259	Response	0	26422554	5300	1
NU2-01	1259	Response	0	26423834	6580	1
NU2-01	1260	Response	100	26434394	10307	1
NU2-01	1260	Response	0	26435034	10947	1
NU2-01	1262	Picture	10	26450420	0	1	20166	1	0	next	other	0
NU2-01	1264	Picture	37	26485752	0	1	20166	1	0	next	other	0
NU2-01	1266	Picture	50	26521085	0	1	53332	1	0	next	other	0
NU2-01	1266	Text Input	6	26574393	53308	0
NU2-01	1269	Picture	8	26604750	0	1	20166	1	0	next	other	0
NU2-01	1271	Picture	37	26640082	0	1	20166	1	0	next	other	0
NU2-01	1273	Picture	72	26675415	0	1	20166	1	0	next	other	0
NU2-01	1274	Response	0	26698233	2485	1
NU2-01	1274	Response	0	26705272	9525	1
NU2-01	1275	Response	0	26707832	2251	1
NU2-01	1275	Response	0	26708632	3051	1
NU2-01	1276	Response	100	26737592	28678	1
NU2-01	1276	Response	0	26738712	29798	1
NU2-01	1278	Picture	11	26754080	0	1	20166	1	0	next	other	0
NU2-01	1280	Picture	26	26789412	0	1	20166	1	0	next	other	0
NU2-01	1282	Picture	65	26824745	0	1	20166	1	0	next	other	0
NU2-01	1283	Response	0	26862712	17634	1
NU2-01	1283	Response	0	26864632	19554	1
NU2-01	1284	Response	0	26895991	31081	1
NU2-01	1284	Response	0	26897271	32361	1
NU2-01	1285	Response	100	26932792	35215	1
NU2-01	1285	Response	0	26934231	36654	1
NU2-01	1287	Picture	12	26949576	0	1	20166	1	0	next	other	0
NU2-01	1289	Picture	36	26984908	0	1	20166	1	0	next	other	0
NU2-01	1291	Picture	74	27020241	0	1	20166	1	0	next	other	0
NU2-01	1292	Response	0	27129750	89177	1
NU2-01	1292	Response	0	27132790	92216	1
NU2-01	1293	Response	0	27136470	3398	1
NU2-01	1293	Response	0	27137270	4198	1
NU2-01	1294	Response	100	27150710	13138	1
NU2-01	1294	Response	0	27151510	13938	1
NU2-01	1296	Picture	8	27166904	0	1	20166	1	0	next	other	0
NU2-01	1298	Picture	27	27202237	0	1	20166	1	0	next	other	0
NU2-01	1300	Picture	64	27237569	0	1	20166	1	0	next	other	0
NU2-01	1301	Response	0	27346869	88967	1
NU2-01	1301	Response	0	27348469	90567	1
NU2-01	1302	Response	0	27350869	2135	1
NU2-01	1302	Response	0	27352149	3415	1
NU2-01	1303	Response	100	27381748	29348	1
NU2-01	1303	Response	0	27383028	30628	1
NU2-01	1305	Picture	9	27398399	0	1	20166	1	0	next	other	0
NU2-01	1307	Picture	35	27433732	0	1	20166	1	0	next	other	0
NU2-01	1309	Picture	50	27469064	0	1	84831	1	0	next	other	0
NU2-01	1309	Text Input	6	27553747	84683	0
NU2-01	1312	Picture	9	27584228	0	1	20166	1	0	next	other	0
NU2-01	1314	Picture	36	27619561	0	1	20166	1	0	next	other	0
NU2-01	1316	Picture	75	27654893	0	1	20166	1	0	next	other	0
NU2-01	1317	Response	0	27684787	9561	1
NU2-01	1317	Response	0	27694706	19480	1
NU2-01	1318	Response	0	27703187	8294	1
NU2-01	1318	Response	0	27703826	8934	1
NU2-01	1319	Response	0	27712467	8407	1
NU2-01	1319	Response	0	27714227	10167	1
NU2-01	1320	Response	0	27716467	1908	1
NU2-01	1320	Response	0	27717106	2548	1
NU2-01	1321	Response	100	27723667	6274	1
NU2-01	1321	Response	0	27726066	8674	1
NU2-01	1323	Picture	12	27741558	0	1	20166	1	0	next	other	0
NU2-01	1325	Picture	24	27776891	0	1	20166	1	0	next	other	0
NU2-01	1327	Picture	40	27812223	0	1	80832	1	0	next	other	0
NU2-01	1327	Text Input	14	27892945	80722	0
NU2-01	1330	Picture	10	27923388	0	1	20166	1	0	next	other	0
NU2-01	1332	Picture	35	27958720	0	1	20166	1	0	next	other	0
NU2-01	1334	Picture	74	27994053	0	1	20166	1	0	next	other	0
NU2-01	1335	Response	0	28028625	14240	1
NU2-01	1335	Response	0	28035345	20959	1
NU2-01	1336	Response	0	28043025	7473	1
NU2-01	1336	Response	0	28046865	11313	1
NU2-01	1337	Response	0	28059825	12773	1
NU2-01	1337	Response	0	28060625	13573	1
NU2-01	1338	Response	100	28116304	55420	1
NU2-01	1338	Response	0	28117264	56379	1
NU2-01	1340	Picture	12	28132716	0	1	20166	1	0	next	other	0
NU2-01	1342	Picture	37	28168049	0	1	20166	1	0	next	other	0
NU2-01	1344	Picture	73	28203381	0	1	20166	1	0	next	other	0
NU2-01	1345	Response	0	28337743	114029	1
NU2-01	1345	Response	0	28339023	115308	1
NU2-01	1346	Response	0	28341423	2211	1
NU2-01	1346	Response	0	28342543	3331	1
NU2-01	1347	Response	0	28348623	5911	1
NU2-01	1347	Response	0	28349423	6711	1
NU2-01	1348	Response	100	28352943	3231	1
NU2-01	1348	Response	0	28354063	4351	1
NU2-01	1350	Picture	10	28369545	0	1	20166	1	0	next	other	0
NU2-01	1352	Picture	27	28404877	0	1	20166	1	0	next	other	0
NU2-01	1354	Picture	40	28440210	0	1	32166	1	0	next	other	0
NU2-01	1354	Text Input	12	28472302	32093	0
NU2-01	1357	Picture	11	28502708	0	1	20166	1	0	next	other	0
NU2-01	1359	Picture	37	28538041	0	1	20166	1	0	next	other	0
NU2-01	1361	Picture	50	28573373	0	1	164496	1	0	next	other	0
NU2-01	1361	Text Input	7	28737741	164367	0
NU2-01	1364	Picture	13	28768202	0	1	20166	1	0	next	other	0
NU2-01	1366	Picture	35	28803535	0	1	20166	1	0	next	other	0
NU2-01	1368	Picture	50	28838868	0	1	33333	1	0	next	other	0
NU2-01	1368	Text Input	10	28872140	33272	0
NU2-01	1371	Picture	12	28902533	0	1	20166	1	0	next	other	0
NU2-01	1373	Picture	36	28937865	0	1	20166	1	0	next	other	0
NU2-01	1375	Picture	72	28973198	0	1	20166	1	0	next	other	0
NU2-01	1376	Response	0	29062859	69328	1
NU2-01	1376	Response	0	29064779	71248	1
NU2-01	1377	Response	0	29068939	3909	1
NU2-01	1377	Response	0	29070058	5029	1
NU2-01	1378	Response	0	29075499	5136	1
NU2-01	1378	Response	0	29076458	6096	1
NU2-01	1379	Response	100	29094059	17363	1
NU2-01	1379	Response	0	29094698	18003	1
NU2-01	1381	Picture	12	29110195	0	1	20166	1	0	next	other	0
NU2-01	1383	Picture	35	29145528	0	1	20166	1	0	next	other	0
NU2-01	1385	Picture	50	29180860	0	1	37333	1	0	next	other	0
NU2-01	1385	Text Input	9	29218058	37197	0
NU2-01	1388	Picture	10	29248525	0	1	20166	1	0	next	other	0
NU2-01	1390	Picture	35	29283858	0	1	20166	1	0	next	other	0
NU2-01	1392	Picture	71	29319190	0	1	20166	1	0	next	other	0
NU2-01	1393	Response	0	29343977	4454	1
NU2-01	1393	Response	0	29350697	11173	1
NU2-01	1394	Response	0	29353577	2554	1
NU2-01	1394	Response	0	29354377	3354	1
NU2-01	1395	Response	0	29360137	5447	1
NU2-01	1395	Response	0	29361097	6407	1
NU2-01	1396	Response	100	29385417	24061	1
NU2-01	1396	Response	0	29387657	26301	1
NU2-01	1398	Picture	10	29403022	0	1	20166	1	0	next	other	0
NU2-01	1400	Picture	27	29438354	0	1	20166	1	0	next	other	0
NU2-01	1402	Picture	40	29473687	0	1	39832	1	0	next	other	0
NU2-01	1402	Text Input	13	29513416	39729	0
NU2-01	1405	Picture	10	29543852	0	1	20166	1	0	next	other	0
NU2-01	1407	Picture	24	29579185	0	1	20166	1	0	next	other	0
NU2-01	1409	Picture	40	29614517	0	1	30333	1	0	next	other	0
NU2-01	1409	Text Input	12	29644775	30258	0
NU2-01	1412	Picture	10	29675183	0	1	20166	1	0	next	other	0
NU2-01	1414	Picture	26	29710515	0	1	20166	1	0	next	other	0
NU2-01	1416	Picture	40	29745848	0	1	41666	1	0	next	other	0
NU2-01	1416	Text Input	13	29787494	41647	0
NU2-01	1419	Picture	11	29817846	0	1	20166	1	0	next	other	0
NU2-01	1421	Picture	27	29853179	0	1	20166	1	0	next	other	0
NU2-01	1423	Picture	40	29888511	0	1	78498	1	0	next	other	0
NU2-01	1423	Text Input	14	29966853	78342	0
NU2-01	1426	Picture	8	29997342	0	1	20166	1	0	next	other	0
NU2-01	1428	Picture	26	30032675	0	1	20166	1	0	next	other	0
NU2-01	1430	Picture	40	30068007	0	1	41832	1	0	next	other	0
NU2-01	1430	Text Input	11	30109733	41725	0
NU2-01	1433	Picture	8	30140172	0	1	20166	1	0	next	other	0
NU2-01	1435	Picture	24	30175505	0	1	20166	1	0	next	other	0
NU2-01	1437	Picture	40	30210838	0	1	39666	1	0	next	other	0
NU2-01	1437	Text Input	10	30250372	39534	0
NU2-01	1440	Picture	12	30280836	0	1	20166	1	0	next	other	0
NU2-01	1442	Picture	26	30316169	0	1	20166	1	0	next	other	0
NU2-01	1444	Picture	40	30351501	0	1	31166	1	0	next	other	0
NU2-01	1444	Text Input	15	30382531	31030	0
NU2-01	1447	Picture	10	30413000	0	1	20166	1	0	next	other	0
NU2-01	1449	Picture	37	30448332	0	1	20166	1	0	next	other	0
NU2-01	1451	Picture	76	30483665	0	1	20166	1	0	next	other	0
NU2-01	1452	Response	0	30512291	8293	1
NU2-01	1452	Response	0	30521250	17252	1
NU2-01	1453	Response	100	30531010	9513	1
NU2-01	1453	Response	0	30532130	10632	1
NU2-01	1455	Picture	9	30547497	0	1	20166	1	0	next	other	0
NU2-01	1457	Picture	35	30582829	0	1	20166	1	0	next	other	0
NU2-01	1459	Picture	72	30618162	0	1	20166	1	0	next	other	0
NU2-01	1460	Response	0	30701090	62595	1
NU2-01	1460	Response	0	30704129	65634	1
NU2-01	1461	Response	0	30709729	5402	1
NU2-01	1461	Response	0	30710689	6362	1
NU2-01	1462	Response	100	30718209	7216	1
NU2-01	1462	Response	0	30719329	8336	1
NU2-01	1464	Picture	9	30734826	0	1	20166	1	0	next	other	0
NU2-01	1466	Picture	37	30770159	0	1	20166	1	0	next	other	0
NU2-01	1468	Picture	50	30805491	0	1	54832	1	0	next	other	0
NU2-01	1468	Text Input	5	30860288	54797	0
NU2-01	1471	Picture	11	30890656	0	1	20166	1	0	next	other	0
NU2-01	1473	Picture	34	30925989	0	1	20166	1	0	next	other	0
NU2-01	1475	Picture	50	30961321	0	1	70832	1	0	next	other	0
NU2-01	1475	Text Input	10	31032127	70806	0
NU2-01	1475	Response	100	31032127	70806	1
NU2-01	1476	Response	0	31033087	934	1
NU2-01	1478	Picture	12	31062486	0	1	20166	1	0	next	other	0
NU2-01	1480	Picture	25	31097818	0	1	20166	1	0	next	other	0
NU2-01	1482	Picture	40	31133151	0	1	69665	1	0	next	other	0
NU2-01	1482	Text Input	14	31202686	69535	0
NU2-01	1485	Picture	12	31233149	0	1	20166	1	0	next	other	0
NU2-01	1487	Picture	36	31268481	0	1	20166	1	0	next	other	0
NU2-01	1489	Picture	50	31303814	0	1	27999	1	0	next	other	0
NU2-01	1489	Text Input	9	31331645	27832	0
NU2-01	1492	Picture	10	31362146	0	1	20166	1	0	next	other	0
NU2-01	1494	Picture	27	31397478	0	1	20166	1	0	next	other	0
NU2-01	1496	Picture	40	31432811	0	1	27999	1	0	next	other	0
NU2-01	1496	Text Input	13	31460765	27954	0
NU2-01	1499	Picture	12	31491143	0	1	20166	1	0	next	other	0
NU2-01	1501	Picture	27	31526476	0	1	20166	1	0	next	other	0
NU2-01	1503	Picture	66	31561808	0	1	20166	1	0	next	other	0
NU2-01	1504	Response	0	31586045	3904	1
NU2-01	1504	Response	0	31598204	16063	1
NU2-01	1505	Response	100	31630044	31570	1
NU2-01	1505	Response	0	31631644	33170	1
NU2-01	1507	Picture	12	31647140	0	1	20166	1	0	next	other	0
NU2-01	1509	Picture	26	31682472	0	1	20166	1	0	next	other	0
NU2-01	1511	Picture	64	31717805	0	1	20166	1	0	next	other	0
NU2-01	1512	Response	0	31791803	53666	1
NU2-01	1512	Response	0	31798683	60545	1
NU2-01	1513	Response	0	31803483	4513	1
NU2-01	1513	Response	0	31804123	5153	1
NU2-01	1514	Response	0	31806203	1900	1
NU2-01	1514	Response	0	31807643	3340	1
NU2-01	1515	Response	100	31812443	4473	1
NU2-01	1515	Response	0	31813243	5273	1
NU2-01	1517	Picture	12	31828636	0	1	20166	1	0	next	other	0
NU2-01	1519	Picture	36	31863968	0	1	20166	1	0	next	other	0
NU2-01	1521	Picture	73	31899301	0	1	20166	2	0	next	other	0
NU2-01	1522	Response	100	31990522	70889	1
NU2-01	1522	Response	0	31991475	71842	11
NU2-01	1524	Picture	9	32006965	0	1	20166	1	0	next	other	0
NU2-01	1526	Picture	36	32042298	0	1	20166	1	0	next	other	0
NU2-01	1528	Picture	71	32077630	0	1	20166	1	0	next	other	0
NU2-01	1529	Response	0	32180121	82158	1
NU2-01	1529	Response	0	32182041	84078	1
NU2-01	1530	Response	0	32188761	6466	1
NU2-01	1530	Response	0	32190200	7906	1
NU2-01	1531	Response	0	32198521	8060	1
NU2-01	1531	Response	0	32199321	8860	1
NU2-01	1532	Response	100	32203320	3693	1
NU2-01	1532	Response	0	32204120	4493	1
NU2-01	1534	Picture	9	32219460	0	1	20166	1	0	next	other	0
NU2-01	1536	Picture	36	32254793	0	1	20166	1	0	next	other	0
NU2-01	1538	Picture	50	32290125	0	1	47166	1	0	next	other	0
NU2-01	1538	Text Input	6	32337239	47114	0
NU2-01	1541	Picture	9	32367624	0	1	20166	1	0	next	other	0
NU2-01	1543	Picture	25	32402956	0	1	20166	1	0	next	other	0
NU2-01	1545	Picture	61	32438289	0	1	20166	1	0	next	other	0
NU2-01	1545	Response	0	32458039	19750	1
NU2-01	1546	Response	0	32465879	7282	1
NU2-01	1546	Response	0	32467159	8562	1
NU2-01	1546	Response	0	32475319	16721	1
NU2-01	1547	Response	0	32477719	2097	1
NU2-01	1547	Response	0	32478679	3057	1
NU2-01	1548	Response	0	32489079	10124	1
NU2-01	1548	Response	0	32490199	11244	1
NU2-01	1549	Response	100	32492919	2464	1
NU2-01	1549	Response	0	32493879	3424	1
NU2-01	1551	Picture	8	32509287	0	1	20166	1	0	next	other	0
NU2-01	1553	Picture	34	32544620	0	1	20166	1	0	next	other	0
NU2-01	1555	Picture	50	32579952	0	1	44499	1	0	next	other	0
NU2-01	1555	Text Input	6	32624278	44326	0
NU2-01	1558	Picture	13	32654784	0	1	20166	1	0	next	other	0
NU2-01	1560	Picture	37	32690117	0	1	20166	1	0	next	other	0
NU2-01	1562	Picture	50	32725449	0	1	28833	1	0	next	other	0
NU2-01	1562	Text Input	9	32754197	28748	0
NU2-01	1565	Picture	9	32784615	0	1	20166	1	0	next	other	0
NU2-01	1567	Picture	26	32819947	0	1	20166	1	0	next	other	0
NU2-01	1569	Picture	62	32855280	0	1	20166	1	0	next	other	0
NU2-01	1570	Response	0	32949397	73784	1
NU2-01	1570	Response	0	32953236	77624	1
NU2-01	1571	Response	100	32968276	14832	1
NU2-01	1571	Response	0	32969076	15632	1
NU2-01	1573	Picture	11	32984444	0	1	20166	1	0	next	other	0
NU2-01	1575	Picture	35	33019776	0	1	20166	1	0	next	other	0
NU2-01	1577	Picture	50	33055109	0	1	62165	1	0	next	other	0
NU2-01	1577	Text Input	8	33117235	62126	0
NU2-01	1580	Picture	12	33147607	0	1	20166	1	0	next	other	0
NU2-01	1582	Picture	27	33182939	0	1	20166	1	0	next	other	0
NU2-01	1584	Picture	64	33218272	0	1	20166	1	0	next	other	0
NU2-01	1585	Response	0	33347954	109350	1
NU2-01	1585	Response	0	33350034	111429	1
NU2-01	1586	Response	0	33353394	3125	1
NU2-01	1586	Response	0	33354354	4085	1
NU2-01	1587	Response	100	33372434	17832	1
NU2-01	1587	Response	0	33373714	19111	1
NU2-01	1589	Picture	8	33389101	0	1	20166	1	0	next	other	0
NU2-01	1591	Picture	24	33424434	0	1	20166	1	0	next	other	0
NU2-01	1593	Picture	40	33459767	0	1	60665	1	0	next	other	0
NU2-01	1593	Text Input	10	33520273	60506	0
NU2-01	1593	Response	100	33520273	60506	1
NU2-01	1594	Response	0	33521233	801	1
NU2-01	1596	Picture	13	33550765	0	1	20166	1	0	next	other	0
NU2-01	1598	Picture	25	33586097	0	1	20166	1	0	next	other	0
NU2-01	1600	Picture	40	33621430	0	1	35166	1	0	next	other	0
NU2-01	1600	Text Input	15	33656432	35002	0
NU2-01	1603	Picture	10	33686928	0	1	20166	1	0	next	other	0
NU2-01	1605	Picture	37	33722261	0	1	20166	1	0	next	other	0
NU2-01	1607	Picture	73	33757593	0	1	20166	1	0	next	other	0
NU2-01	1608	Response	100	33933230	155304	1
NU2-01	1608	Response	0	33934350	156424	1
NU2-01	1610	Picture	9	33949756	0	1	20166	1	0	next	other	0
NU2-01	1612	Picture	26	33985088	0	1	20166	1	0	next	other	0
NU2-01	1614	Picture	40	34020421	0	1	26999	1	0	next	other	0
NU2-01	1614	Text Input	12	34047310	26889	0
NU2-01	1617	Picture	12	34077753	0	1	20166	1	0	next	other	0
NU2-01	1619	Picture	35	34113086	0	1	20166	1	0	next	other	0
NU2-01	1621	Picture	73	34148418	0	1	20166	1	0	next	other	0
NU2-01	1622	Response	0	34241229	72478	1
NU2-01	1622	Response	0	34242989	74238	1
NU2-01	1623	Response	0	34244748	1499	1
NU2-01	1623	Response	0	34245548	2299	1
NU2-01	1624	Response	0	34253228	7479	1
NU2-01	1624	Response	0	34254348	8599	1
NU2-01	1625	Response	100	34255948	1366	1
NU2-01	1625	Response	0	34256428	1846	1
NU2-01	1627	Picture	10	34271915	0	1	20166	1	0	next	other	0
NU2-01	1629	Picture	26	34307248	0	1	20166	1	0	next	other	0
NU2-01	1631	Picture	40	34342581	0	1	28333	1	0	next	other	0
NU2-01	1631	Text Input	13	34370828	28247	0
NU2-01	1634	Picture	12	34401246	0	1	20166	1	0	next	other	0
NU2-01	1636	Picture	35	34436579	0	1	20166	1	0	next	other	0
NU2-01	1638	Picture	50	34471911	0	1	47832	1	0	next	other	0
NU2-01	1638	Text Input	9	34519627	47716	0
NU2-01	1641	Picture	11	34550076	0	1	20166	1	0	next	other	0
NU2-01	1643	Picture	37	34585409	0	1	20166	1	0	next	other	0
NU2-01	1645	Picture	50	34620741	0	1	180663	1	0	next	other	0
NU2-01	1645	Text Input	7	34801385	180644	0
NU2-01	1648	Picture	10	34831737	0	1	20166	1	0	next	other	0
NU2-01	1650	Picture	37	34867069	0	1	20166	1	0	next	other	0
NU2-01	1652	Picture	50	34902402	0	1	30999	1	0	next	other	0
NU2-01	1652	Text Input	6	34933225	30823	0
NU2-01	1655	Picture	12	34963734	0	1	20166	1	0	next	other	0
NU2-01	1657	Picture	35	34999066	0	1	20166	1	0	next	other	0
NU2-01	1659	Picture	50	35034399	0	1	37166	1	0	next	other	0
NU2-01	1659	Text Input	9	35071464	37065	0
NU2-01	1662	Picture	12	35101897	0	1	20166	1	0	next	other	0
NU2-01	1664	Picture	34	35137230	0	1	20166	1	0	next	other	0
NU2-01	1666	Picture	73	35172562	0	1	20166	1	0	next	other	0
NU2-01	1667	Response	0	35220743	27848	1
NU2-01	1667	Response	0	35226663	33768	1
NU2-01	1668	Response	0	35229703	2808	1
NU2-01	1668	Response	0	35230343	3448	1
NU2-01	1669	Response	0	35231623	1062	1
NU2-01	1669	Response	0	35232103	1542	1
NU2-01	1670	Response	0	35232903	508	1
NU2-01	1670	Response	0	35233383	988	1
NU2-01	1671	Response	0	35234503	942	1
NU2-01	1671	Response	0	35235303	1742	1
NU2-01	1672	Response	100	35240103	4542	1
NU2-01	1672	Response	0	35240903	5342	1
NU2-01	1674	Picture	8	35256394	0	1	20166	1	0	next	other	0
NU2-01	1676	Picture	25	35291726	0	1	20166	1	0	next	other	0
NU2-01	1678	Picture	63	35327059	0	1	20166	1	0	next	other	0
NU2-01	1679	Response	0	35416102	68710	1
NU2-01	1679	Response	0	35419782	72390	1
NU2-01	1680	Response	0	35428742	8685	1
NU2-01	1680	Response	0	35429381	9325	1
NU2-01	1681	Response	100	35432422	2865	1
NU2-01	1681	Response	0	35433541	3985	1
NU2-01	1683	Picture	11	35448890	0	1	20166	1	0	next	other	0
NU2-01	1685	Picture	36	35484222	0	1	20166	1	0	next	other	0
NU2-01	1687	Picture	71	35519555	0	1	20166	1	0	next	other	0
NU2-01	1688	Response	0	35547621	7734	1
NU2-01	1688	Response	0	35555781	15893	1
NU2-01	1689	Response	0	35563781	7727	1
NU2-01	1689	Response	0	35564741	8687	1
NU2-01	1690	Response	100	35582981	17927	1
NU2-01	1690	Response	0	35583941	18887	1
NU2-01	1692	Picture	9	35599386	0	1	20166	1	0	next	other	0
NU2-01	1694	Picture	37	35634719	0	1	20166	1	0	next	other	0
NU2-01	1696	Picture	50	35670052	0	1	57999	1	0	next	other	0
NU2-01	1696	Text Input	5	35727940	57888	0
NU2-01	1699	Picture	10	35758383	0	1	20166	1	0	next	other	0
NU2-01	1701	Picture	35	35793716	0	1	20166	1	0	next	other	0
NU2-01	1703	Picture	73	35829048	0	1	20166	1	0	next	other	0
NU2-01	1704	Response	0	35951299	101918	1
NU2-01	1704	Response	0	35954339	104958	1
NU2-01	1705	Response	100	35965218	10673	1
NU2-01	1705	Response	0	35966178	11633	1
NU2-01	1707	Picture	10	35981545	0	1	20166	1	0	next	other	0
NU2-01	1709	Picture	24	36016877	0	1	20166	1	0	next	other	0
NU2-01	1711	Picture	62	36052210	0	1	20166	1	0	next	other	0
NU2-01	1712	Response	100	36131778	59235	1
NU2-01	1712	Response	0	36133377	60835	1
NU2-01	1714	Picture	8	36148874	0	1	20166	1	0	next	other	0
NU2-01	1716	Picture	24	36184207	0	1	20166	1	0	next	other	0
NU2-01	1718	Picture	61	36219540	0	1	20166	1	0	next	other	0
NU2-01	1719	Response	0	36245057	5185	1
NU2-01	1719	Response	0	36252257	12384	1
NU2-01	1720	Response	0	36255617	3078	1
NU2-01	1720	Response	0	36256417	3878	1
NU2-01	1721	Response	0	36261857	5151	1
NU2-01	1721	Response	0	36262817	6112	1
NU2-01	1722	Response	0	36274977	11938	1
NU2-01	1722	Response	0	36275777	12738	1
NU2-01	1723	Response	100	36277697	1658	1
NU2-01	1723	Response	0	36278817	2778	1
NU2-01	1725	Picture	11	36294205	0	1	20166	1	0	next	other	0
NU2-01	1727	Picture	26	36329537	0	1	20166	1	0	next	other	0
NU2-01	1729	Picture	40	36364870	0	1	104498	1	0	next	other	0
NU2-01	1729	Text Input	14	36469216	104346	0
NU2-01	1731	Picture	End of exepriment	36484534	0	1	104044	1	0	next	other	0
