Scenario - 
Logfile written - 04/09/2016 11:51:35

Subject	Trial	Event Type	Code	Time	TTime	Uncertainty	Duration	Uncertainty	ReqTime	ReqDur	Stim Type	Pair Index

NU2-15	1	Picture	Instructions	166	0	1	122330	1	0	next	other	0
NU2-15	1	Response	0	122426	122260	1
NU2-15	2	Picture	Instructions	122497	0	1	34332	1	0	next	other	0
NU2-15	2	Response	0	156665	34169	1
NU2-15	4	Picture	Experiment starts	156829	0	1	30166	1	0	next	other	0
NU2-15	6	Picture	8	202162	0	1	20166	1	0	next	other	0
NU2-15	8	Picture	37	237494	0	1	20166	1	0	next	other	0
NU2-15	10	Picture	73	272826	0	1	20166	1	0	next	other	0
NU2-15	11	Response	0	324344	31185	1
NU2-15	11	Response	0	329144	35984	1
NU2-15	12	Response	0	334584	5259	1
NU2-15	12	Response	0	342103	12778	1
NU2-15	13	Response	0	344343	2019	1
NU2-15	13	Response	0	346903	4579	1
NU2-15	14	Response	0	349143	1985	1
NU2-15	14	Response	0	349783	2625	1
NU2-15	15	Response	0	352503	2512	1
NU2-15	15	Response	0	353303	3312	1
NU2-15	16	Response	0	368663	15172	1
NU2-15	16	Response	0	371383	17892	1
NU2-15	17	Response	0	383863	12206	1
NU2-15	17	Response	0	386424	14766	1
NU2-15	18	Response	0	393944	7287	1
NU2-15	18	Response	0	396503	9846	1
NU2-15	19	Response	0	411863	15040	1
NU2-15	19	Response	0	413783	16959	1
NU2-15	20	Response	0	417303	3313	1
NU2-15	20	Response	0	417783	3793	1
NU2-15	21	Response	0	423383	5393	1
NU2-15	21	Response	100	424183	6193	1
NU2-15	23	Picture	12	439656	0	1	20166	1	0	next	other	0
NU2-15	25	Picture	36	474988	0	1	20166	1	0	next	other	0
NU2-15	27	Picture	72	510321	0	1	20166	1	0	next	other	0
NU2-15	28	Response	0	552342	21689	1
NU2-15	28	Response	0	558742	28088	1
NU2-15	29	Response	0	569941	10955	1
NU2-15	29	Response	0	570741	11755	1
NU2-15	30	Response	0	602741	31756	1
NU2-15	30	Response	0	603381	32395	1
NU2-15	31	Response	0	606421	2770	1
NU2-15	31	Response	0	607061	3409	1
NU2-15	32	Response	0	620981	13663	1
NU2-15	32	Response	100	621941	14623	1
NU2-15	34	Picture	10	637317	0	1	20166	1	0	next	other	0
NU2-15	36	Picture	24	672650	0	1	20166	1	0	next	other	0
NU2-15	38	Picture	63	707982	0	1	20166	1	0	next	other	0
NU2-15	39	Response	0	738100	9785	1
NU2-15	39	Response	0	743380	15065	1
NU2-15	40	Response	0	781620	37972	1
NU2-15	40	Response	0	789939	46291	1
NU2-15	41	Response	0	818260	28113	1
NU2-15	41	Response	0	819539	29392	1
NU2-15	42	Response	0	845619	25806	1
NU2-15	42	Response	0	846419	26606	1
NU2-15	43	Response	0	848819	2173	1
NU2-15	43	Response	0	850259	3613	1
NU2-15	44	Response	0	856499	6020	1
NU2-15	44	Response	100	857139	6660	1
NU2-15	46	Picture	9	872478	0	1	20166	1	0	next	other	0
NU2-15	48	Picture	37	907811	0	1	20166	1	0	next	other	0
NU2-15	50	Picture	76	943143	0	1	20166	1	0	next	other	0
NU2-15	51	Response	0	981938	18462	1
NU2-15	51	Response	0	989938	26462	1
NU2-15	52	Response	0	1010738	20596	1
NU2-15	52	Response	100	1011858	21716	1
NU2-15	54	Picture	10	1027308	0	1	20166	1	0	next	other	0
NU2-15	56	Picture	25	1062640	0	1	20166	1	0	next	other	0
NU2-15	58	Picture	40	1097973	0	1	47666	1	0	next	other	0
NU2-15	58	Text Input	12	1145616	47644	0
NU2-15	58	Response	0	1145616	47644	1
NU2-15	59	Response	100	1146576	938	1
NU2-15	61	Picture	10	1175971	0	1	20166	1	0	next	other	0
NU2-15	63	Picture	37	1211303	0	1	20166	1	0	next	other	0
NU2-15	65	Picture	50	1246636	0	1	83665	1	0	next	other	0
NU2-15	65	Text Input	6	1330255	83619	0
NU2-15	65	Response	0	1330255	83619	1
NU2-15	66	Response	100	1331215	914	1
NU2-15	68	Picture	8	1360633	0	1	20166	1	0	next	other	0
NU2-15	70	Picture	34	1395965	0	1	20166	1	0	next	other	0
NU2-15	72	Picture	73	1431298	0	1	20166	1	0	next	other	0
NU2-15	73	Response	0	1512654	61023	1
NU2-15	73	Response	0	1515853	64222	1
NU2-15	74	Response	0	1520333	4204	1
NU2-15	74	Response	0	1521293	5164	1
NU2-15	75	Response	0	1540653	19191	1
NU2-15	75	Response	100	1541293	19830	1
NU2-15	77	Picture	8	1556628	0	1	20166	1	0	next	other	0
NU2-15	79	Picture	24	1591961	0	1	20166	1	0	next	other	0
NU2-15	81	Picture	61	1627293	0	1	20166	1	0	next	other	0
NU2-15	82	Response	0	1657932	10306	1
NU2-15	82	Response	0	1661772	14146	1
NU2-15	83	Response	0	1665292	3333	1
NU2-15	83	Response	0	1666252	4293	1
NU2-15	84	Response	0	1675212	8753	1
NU2-15	84	Response	100	1676332	9873	1
NU2-15	86	Picture	9	1691791	0	1	20166	1	0	next	other	0
NU2-15	88	Picture	35	1727124	0	1	20166	1	0	next	other	0
NU2-15	90	Picture	73	1762456	0	1	20166	1	0	next	other	0
NU2-15	91	Response	0	1804331	21542	1
NU2-15	91	Response	0	1807531	24741	1
NU2-15	92	Response	0	1811530	3742	1
NU2-15	92	Response	0	1812330	4542	1
NU2-15	93	Response	0	1816330	3708	1
NU2-15	93	Response	0	1816810	4188	1
NU2-15	94	Response	0	1864810	47689	1
NU2-15	94	Response	0	1865610	48488	1
NU2-15	95	Response	0	1874410	8623	1
NU2-15	95	Response	0	1875050	9263	1
NU2-15	96	Response	0	1879050	3763	1
NU2-15	96	Response	0	1879690	4403	1
NU2-15	97	Response	0	1884330	4376	1
NU2-15	97	Response	0	1884810	4856	1
NU2-15	98	Response	0	1887690	2570	1
NU2-15	98	Response	0	1888170	3050	1
NU2-15	99	Response	0	1891690	3236	1
NU2-15	99	Response	100	1892490	4036	1
NU2-15	101	Picture	8	1907953	0	1	20166	1	0	next	other	0
NU2-15	103	Picture	26	1943285	0	1	20166	1	0	next	other	0
NU2-15	105	Picture	40	1978618	0	1	62832	1	0	next	other	0
NU2-15	105	Text Input	11	2041288	62671	0
NU2-15	105	Response	0	2041288	62671	1
NU2-15	106	Response	100	2042088	639	1
NU2-15	108	Picture	10	2071782	0	1	20166	1	0	next	other	0
NU2-15	110	Picture	24	2107114	0	1	20166	1	0	next	other	0
NU2-15	112	Picture	63	2142447	0	1	20166	1	0	next	other	0
NU2-15	113	Response	0	2180008	17228	1
NU2-15	113	Response	0	2184807	22027	1
NU2-15	114	Response	0	2203847	18735	1
NU2-15	114	Response	0	2204967	19854	1
NU2-15	115	Response	0	2208167	2888	1
NU2-15	115	Response	0	2208487	3208	1
NU2-15	116	Response	0	2219527	10748	1
NU2-15	116	Response	100	2220647	11868	1
NU2-15	118	Picture	9	2236111	0	1	20166	1	0	next	other	0
NU2-15	120	Picture	24	2271444	0	1	20166	1	0	next	other	0
NU2-15	122	Picture	40	2306776	0	1	53332	1	0	next	other	0
NU2-15	122	Text Input	11	2360006	53229	0
NU2-15	122	Response	0	2360006	53229	1
NU2-15	123	Response	100	2360965	857	1
NU2-15	125	Picture	8	2390441	0	1	20166	1	0	next	other	0
NU2-15	127	Picture	37	2425773	0	1	20166	1	0	next	other	0
NU2-15	129	Picture	74	2461106	0	1	20166	1	0	next	other	0
NU2-15	130	Response	0	2505925	24486	1
NU2-15	130	Response	0	2509444	28006	1
NU2-15	131	Response	0	2531844	22073	1
NU2-15	131	Response	0	2532804	23033	1
NU2-15	132	Response	0	2544484	11380	1
NU2-15	132	Response	100	2545444	12340	1
NU2-15	134	Picture	12	2560937	0	1	20166	1	0	next	other	0
NU2-15	136	Picture	27	2596269	0	1	20166	1	0	next	other	0
NU2-15	138	Picture	66	2631601	0	1	20166	1	0	next	other	0
NU2-15	139	Response	0	2656323	4389	1
NU2-15	139	Response	0	2663843	11908	1
NU2-15	140	Response	0	2676003	11902	1
NU2-15	140	Response	100	2677123	13022	1
NU2-15	142	Picture	12	2692600	0	1	20166	1	0	next	other	0
NU2-15	144	Picture	37	2727932	0	1	20166	1	0	next	other	0
NU2-15	146	Picture	73	2763265	0	1	20166	1	0	next	other	0
NU2-15	147	Response	0	2829122	45524	1
NU2-15	147	Response	0	2834401	50803	1
NU2-15	148	Response	0	2859681	25085	1
NU2-15	148	Response	0	2862721	28125	1
NU2-15	149	Response	0	2864801	1872	1
NU2-15	149	Response	0	2866881	3952	1
NU2-15	150	Response	0	2881121	14025	1
NU2-15	150	Response	100	2882081	14985	1
NU2-15	152	Picture	8	2897428	0	1	20166	1	0	next	other	0
NU2-15	154	Picture	36	2932761	0	1	20166	1	0	next	other	0
NU2-15	156	Picture	50	2968093	0	1	91498	1	0	next	other	0
NU2-15	156	Text Input	5	3059519	91426	0
NU2-15	156	Response	0	3059519	91426	1
NU2-15	157	Response	100	3060159	568	1
NU2-15	159	Picture	9	3089923	0	1	20166	1	0	next	other	0
NU2-15	161	Picture	27	3125256	0	1	20166	1	0	next	other	0
NU2-15	163	Picture	40	3160588	0	1	47832	1	0	next	other	0
NU2-15	163	Text Input	12	3208318	47729	0
NU2-15	166	Picture	11	3238753	0	1	20166	1	0	next	other	0
NU2-15	168	Picture	37	3274086	0	1	20166	1	0	next	other	0
NU2-15	170	Picture	75	3309418	0	1	20166	1	0	next	other	0
NU2-15	171	Response	0	3348637	18886	1
NU2-15	171	Response	0	3355516	25766	1
NU2-15	172	Response	0	3369756	14006	1
NU2-15	172	Response	100	3370876	15126	1
NU2-15	174	Picture	10	3386249	0	1	20166	1	0	next	other	0
NU2-15	176	Picture	26	3421582	0	1	20166	1	0	next	other	0
NU2-15	178	Picture	40	3456914	0	1	47166	1	0	next	other	0
NU2-15	178	Text Input	13	3503995	47081	0
NU2-15	181	Picture	11	3534412	0	1	20166	1	0	next	other	0
NU2-15	183	Picture	34	3569745	0	1	20166	1	0	next	other	0
NU2-15	185	Picture	50	3605077	0	1	36832	1	0	next	other	0
NU2-15	185	Text Input	9	3641754	36677	0
NU2-15	185	Response	0	3641754	36677	1
NU2-15	186	Response	100	3643514	1604	1
NU2-15	188	Picture	12	3672242	0	1	20166	1	0	next	other	0
NU2-15	190	Picture	26	3707575	0	1	20166	1	0	next	other	0
NU2-15	192	Picture	40	3742907	0	1	41166	1	0	next	other	0
NU2-15	192	Text Input	15	3783993	41085	0
NU2-15	192	Response	0	3783993	41085	1
NU2-15	193	Response	100	3784633	560	1
NU2-15	195	Picture	8	3814405	0	1	20166	1	0	next	other	0
NU2-15	197	Picture	25	3849738	0	1	20166	1	0	next	other	0
NU2-15	199	Picture	64	3885070	0	1	20166	1	0	next	other	0
NU2-15	200	Response	0	3911032	5629	1
NU2-15	200	Response	0	3917912	12508	1
NU2-15	201	Response	0	3947671	29435	1
NU2-15	201	Response	100	3948951	30715	1
NU2-15	203	Picture	8	3964402	0	1	20166	1	0	next	other	0
NU2-15	205	Picture	34	3999734	0	1	20166	1	0	next	other	0
NU2-15	207	Picture	73	4035067	0	1	20166	1	0	next	other	0
NU2-15	208	Response	0	4061751	6352	1
NU2-15	208	Response	0	4066070	10671	1
NU2-15	209	Response	0	4071350	4951	1
NU2-15	209	Response	0	4071830	5431	1
NU2-15	210	Response	0	4081430	9364	1
NU2-15	210	Response	0	4081750	9684	1
NU2-15	211	Response	0	4087190	5125	1
NU2-15	211	Response	0	4087510	5444	1
NU2-15	212	Response	0	4094870	7138	1
NU2-15	212	Response	100	4095990	8258	1
NU2-15	214	Picture	11	4111398	0	1	20166	1	0	next	other	0
NU2-15	216	Picture	26	4146730	0	1	20166	1	0	next	other	0
NU2-15	218	Picture	40	4182063	0	1	108164	1	0	next	other	0
NU2-15	218	Text Input	14	4290068	108005	0
NU2-15	218	Response	0	4290068	108005	1
NU2-15	219	Response	100	4291188	961	1
NU2-15	221	Picture	12	4320559	0	1	20166	1	0	next	other	0
NU2-15	223	Picture	27	4355892	0	1	20166	1	0	next	other	0
NU2-15	225	Picture	40	4391224	0	1	72665	1	0	next	other	0
NU2-15	225	Text Input	15	4463827	72602	0
NU2-15	225	Response	0	4463827	72602	1
NU2-15	226	Response	100	4464627	738	1
NU2-15	228	Picture	9	4494222	0	1	20166	1	0	next	other	0
NU2-15	230	Picture	24	4529554	0	1	20166	1	0	next	other	0
NU2-15	232	Picture	62	4564887	0	1	20166	1	0	next	other	0
NU2-15	233	Response	0	4651985	66766	1
NU2-15	233	Response	100	4652945	67726	1
NU2-15	235	Picture	10	4668384	0	1	20166	1	0	next	other	0
NU2-15	237	Picture	37	4703716	0	1	20166	1	0	next	other	0
NU2-15	239	Picture	76	4739049	0	1	20166	1	0	next	other	0
NU2-15	240	Response	0	4763504	4123	1
NU2-15	240	Response	0	4774864	15482	1
NU2-15	241	Response	0	4776784	1736	1
NU2-15	241	Response	0	4777904	2856	1
NU2-15	242	Response	0	4778384	169	1
NU2-15	242	Response	0	4781744	3529	1
NU2-15	243	Response	0	4784144	2096	1
NU2-15	243	Response	0	4785744	3696	1
NU2-15	244	Response	0	4791664	5616	1
NU2-15	244	Response	0	4793904	7856	1
NU2-15	245	Response	0	4797104	2890	1
NU2-15	245	Response	0	4798544	4330	1
NU2-15	246	Response	0	4813104	14390	1
NU2-15	246	Response	100	4814384	15670	1
NU2-15	248	Picture	11	4829880	0	1	20166	1	0	next	other	0
NU2-15	250	Picture	24	4865212	0	1	20166	1	0	next	other	0
NU2-15	252	Picture	40	4900545	0	1	72332	1	0	next	other	0
NU2-15	252	Text Input	13	4972782	72237	0
NU2-15	252	Response	0	4972782	72237	1
NU2-15	253	Response	100	4973102	226	1
NU2-15	255	Picture	8	5003209	0	1	20166	1	0	next	other	0
NU2-15	257	Picture	27	5038541	0	1	20166	1	0	next	other	0
NU2-15	259	Picture	65	5073874	0	1	20166	1	0	next	other	0
NU2-15	260	Response	0	5118061	23855	1
NU2-15	260	Response	0	5123341	29134	1
NU2-15	261	Response	0	5144621	21081	1
NU2-15	261	Response	0	5145580	22041	1
NU2-15	262	Response	0	5148620	2748	1
NU2-15	262	Response	0	5148940	3068	1
NU2-15	263	Response	0	5154860	5655	1
NU2-15	263	Response	0	5155340	6135	1
NU2-15	264	Response	0	5158220	2682	1
NU2-15	264	Response	0	5158700	3162	1
NU2-15	265	Response	0	5178700	19829	1
NU2-15	265	Response	100	5179500	20629	1
NU2-15	267	Picture	9	5194871	0	1	20166	1	0	next	other	0
NU2-15	269	Picture	27	5230203	0	1	20166	1	0	next	other	0
NU2-15	271	Picture	65	5265536	0	1	20166	1	0	next	other	0
NU2-15	272	Response	0	5289260	3391	1
NU2-15	272	Response	0	5296139	10271	1
NU2-15	273	Response	0	5301259	4891	1
NU2-15	273	Response	0	5302059	5691	1
NU2-15	274	Response	0	5304619	2251	1
NU2-15	274	Response	0	5305259	2891	1
NU2-15	275	Response	0	5308619	3084	1
NU2-15	275	Response	0	5308939	3404	1
NU2-15	276	Response	0	5318859	9658	1
NU2-15	276	Response	100	5319979	10778	1
NU2-15	278	Picture	9	5335367	0	1	20166	1	0	next	other	0
NU2-15	280	Picture	24	5370700	0	1	20166	1	0	next	other	0
NU2-15	282	Picture	40	5406032	0	1	36332	1	0	next	other	0
NU2-15	282	Text Input	11	5442218	36186	0
NU2-15	282	Response	0	5442218	36186	1
NU2-15	283	Response	100	5443338	973	1
NU2-15	285	Picture	13	5472697	0	1	20166	1	0	next	other	0
NU2-15	287	Picture	27	5508030	0	1	20166	1	0	next	other	0
NU2-15	289	Picture	40	5543362	0	1	103831	1	0	next	other	0
NU2-15	289	Text Input	16	5647016	103654	0
NU2-15	292	Picture	11	5677525	0	1	20166	1	0	next	other	0
NU2-15	294	Picture	37	5712858	0	1	20166	1	0	next	other	0
NU2-15	296	Picture	50	5748190	0	1	160663	1	0	next	other	0
NU2-15	296	Text Input	7	5908774	160584	0
NU2-15	296	Response	0	5908774	160584	1
NU2-15	297	Response	100	5909414	561	1
NU2-15	299	Picture	13	5939186	0	1	20166	1	0	next	other	0
NU2-15	301	Picture	37	5974518	0	1	20166	1	0	next	other	0
NU2-15	303	Picture	50	6009850	0	1	76498	1	0	next	other	0
NU2-15	303	Text Input	9	6086212	76362	0
NU2-15	303	Response	0	6086212	76362	1
NU2-15	304	Response	100	6087012	664	1
NU2-15	306	Picture	10	6116681	0	1	20166	1	0	next	other	0
NU2-15	308	Picture	24	6152014	0	1	20166	1	0	next	other	0
NU2-15	310	Picture	40	6187346	0	1	30499	1	0	next	other	0
NU2-15	310	Text Input	12	6217731	30385	0
NU2-15	313	Picture	10	6248178	0	1	20166	1	0	next	other	0
NU2-15	315	Picture	36	6283510	0	1	20166	1	0	next	other	0
NU2-15	317	Picture	50	6318843	0	1	53999	1	0	next	other	0
NU2-15	317	Text Input	7	6372770	53927	0
NU2-15	317	Response	0	6372770	53927	1
NU2-15	318	Response	100	6373410	568	1
NU2-15	320	Picture	11	6403174	0	1	20166	1	0	next	other	0
NU2-15	322	Picture	34	6438506	0	1	20166	1	0	next	other	0
NU2-15	324	Picture	50	6473839	0	1	32333	1	0	next	other	0
NU2-15	324	Text Input	9	6506049	32210	0
NU2-15	327	Picture	10	6536504	0	1	20166	1	0	next	other	0
NU2-15	329	Picture	35	6571836	0	1	20166	1	0	next	other	0
NU2-15	331	Picture	50	6607169	0	1	54332	1	0	next	other	0
NU2-15	331	Text Input	7	6661407	54238	0
NU2-15	331	Response	0	6661407	54238	1
NU2-15	332	Response	100	6661887	386	1
NU2-15	334	Picture	10	6691833	0	1	20166	1	0	next	other	0
NU2-15	336	Picture	36	6727166	0	1	20166	1	0	next	other	0
NU2-15	338	Picture	72	6762498	0	1	20166	1	0	next	other	0
NU2-15	339	Response	0	6803006	20175	1
NU2-15	339	Response	0	6807806	24975	1
NU2-15	340	Response	0	6836126	28129	1
NU2-15	340	Response	0	6836926	28928	1
NU2-15	341	Response	0	6839645	2482	1
NU2-15	341	Response	0	6840285	3122	1
NU2-15	342	Response	0	6843645	3149	1
NU2-15	342	Response	0	6843805	3309	1
NU2-15	343	Response	0	6852445	8449	1
NU2-15	343	Response	100	6852925	8929	1
NU2-15	345	Picture	12	6868329	0	1	20166	1	0	next	other	0
NU2-15	347	Picture	27	6903661	0	1	20166	1	0	next	other	0
NU2-15	349	Picture	64	6938994	0	1	20166	1	0	next	other	0
NU2-15	350	Response	0	6981085	21758	1
NU2-15	350	Response	0	6984604	25278	1
NU2-15	351	Response	0	7002844	18018	1
NU2-15	351	Response	100	7003804	18978	1
NU2-15	353	Picture	11	7019158	0	1	20166	1	0	next	other	0
NU2-15	355	Picture	37	7054491	0	1	20166	1	0	next	other	0
NU2-15	357	Picture	50	7089823	0	1	101831	1	0	next	other	0
NU2-15	357	Text Input	7	7191482	101659	0
NU2-15	357	Response	0	7191482	101659	1
NU2-15	358	Response	100	7192282	628	1
NU2-15	360	Picture	9	7221987	0	1	20166	1	0	next	other	0
NU2-15	362	Picture	34	7257319	0	1	20166	1	0	next	other	0
NU2-15	364	Picture	50	7292652	0	1	40832	1	0	next	other	0
NU2-15	364	Text Input	7	7333401	40750	0
NU2-15	364	Response	0	7333401	40750	1
NU2-15	365	Response	100	7334041	557	1
NU2-15	367	Picture	8	7363817	0	1	20166	1	0	next	other	0
NU2-15	369	Picture	26	7399149	0	1	20166	1	0	next	other	0
NU2-15	371	Picture	40	7434481	0	1	44332	1	0	next	other	0
NU2-15	371	Text Input	11	7478680	44198	0
NU2-15	371	Response	0	7478680	44198	1
NU2-15	372	Response	100	7479480	666	1
NU2-15	374	Picture	12	7509146	0	1	20166	1	0	next	other	0
NU2-15	376	Picture	24	7544479	0	1	20166	1	0	next	other	0
NU2-15	378	Picture	63	7579811	0	1	20166	1	0	next	other	0
NU2-15	379	Response	0	7641079	40935	1
NU2-15	379	Response	0	7647478	47334	1
NU2-15	380	Response	0	7697238	49429	1
NU2-15	380	Response	0	7698358	50548	1
NU2-15	381	Response	0	7728278	29636	1
NU2-15	381	Response	0	7728757	30116	1
NU2-15	382	Response	0	7730998	2024	1
NU2-15	382	Response	0	7731477	2503	1
NU2-15	383	Response	0	7734678	2870	1
NU2-15	383	Response	0	7734998	3190	1
NU2-15	384	Response	0	7751157	15850	1
NU2-15	384	Response	100	7751957	16650	1
NU2-15	386	Picture	11	7767306	0	1	20166	1	0	next	other	0
NU2-15	388	Picture	25	7802639	0	1	20166	1	0	next	other	0
NU2-15	390	Picture	40	7837971	0	1	34332	1	0	next	other	0
NU2-15	390	Text Input	13	7872276	34305	0
NU2-15	390	Response	0	7872276	34305	1
NU2-15	391	Response	100	7872916	612	1
NU2-15	393	Picture	12	7902636	0	1	20166	1	0	next	other	0
NU2-15	395	Picture	26	7937969	0	1	20166	1	0	next	other	0
NU2-15	397	Picture	64	7973301	0	1	20166	1	0	next	other	0
NU2-15	398	Response	0	8015795	22161	1
NU2-15	398	Response	0	8019795	26161	1
NU2-15	399	Response	0	8025395	5428	1
NU2-15	399	Response	0	8026995	7028	1
NU2-15	400	Response	0	8045235	17935	1
NU2-15	400	Response	0	8045715	18415	1
NU2-15	401	Response	0	8049395	3429	1
NU2-15	401	Response	100	8049875	3908	1
NU2-15	403	Picture	9	8065299	0	1	20166	1	0	next	other	0
NU2-15	405	Picture	27	8100631	0	1	20166	1	0	next	other	0
NU2-15	407	Picture	66	8135964	0	1	20166	1	0	next	other	0
NU2-15	408	Response	0	8168434	12137	1
NU2-15	408	Response	0	8175794	19497	1
NU2-15	409	Response	0	8191314	15351	1
NU2-15	409	Response	100	8192433	16471	1
NU2-15	411	Picture	12	8207795	0	1	20166	1	0	next	other	0
NU2-15	413	Picture	35	8243128	0	1	20166	1	0	next	other	0
NU2-15	415	Picture	50	8278460	0	1	30999	1	0	next	other	0
NU2-15	415	Text Input	9	8309392	30932	0
NU2-15	418	Picture	11	8339792	0	1	20166	1	0	next	other	0
NU2-15	420	Picture	36	8375125	0	1	20166	1	0	next	other	0
NU2-15	422	Picture	72	8410457	0	1	20166	1	0	next	other	0
NU2-15	423	Response	0	8506991	76201	1
NU2-15	423	Response	0	8510671	79881	1
NU2-15	424	Response	0	8522831	11877	1
NU2-15	424	Response	0	8523631	12676	1
NU2-15	425	Response	0	8536751	12796	1
NU2-15	425	Response	100	8537550	13596	1
NU2-15	427	Picture	11	8552953	0	1	20166	1	0	next	other	0
NU2-15	429	Picture	27	8588286	0	1	20166	1	0	next	other	0
NU2-15	431	Picture	40	8623618	0	1	82165	1	0	next	other	0
NU2-15	431	Text Input	14	8705709	82090	0
NU2-15	431	Response	0	8705709	82090	1
NU2-15	432	Response	100	8706189	406	1
NU2-15	434	Picture	8	8736116	0	1	20166	1	0	next	other	0
NU2-15	436	Picture	24	8771448	0	1	20166	1	0	next	other	0
NU2-15	438	Picture	40	8806780	0	1	44332	1	0	next	other	0
NU2-15	438	Text Input	10	8850988	44207	0
NU2-15	441	Picture	9	8881445	0	1	20166	1	0	next	other	0
NU2-15	443	Picture	34	8916778	0	1	20166	1	0	next	other	0
NU2-15	445	Picture	50	8952110	0	1	33166	1	0	next	other	0
NU2-15	445	Text Input	7	8985226	33116	0
NU2-15	448	Picture	8	9015609	0	1	20166	1	0	next	other	0
NU2-15	450	Picture	26	9050941	0	1	20166	1	0	next	other	0
NU2-15	452	Picture	40	9086273	0	1	30166	1	0	next	other	0
NU2-15	452	Text Input	11	9116266	29992	0
NU2-15	455	Picture	10	9146772	0	1	20166	1	0	next	other	0
NU2-15	457	Picture	34	9182104	0	1	20166	1	0	next	other	0
NU2-15	459	Picture	50	9217437	0	1	34332	1	0	next	other	0
NU2-15	459	Text Input	8	9251624	34187	0
NU2-15	462	Picture	12	9282102	0	1	20166	1	0	next	other	0
NU2-15	464	Picture	24	9317434	0	1	20166	1	0	next	other	0
NU2-15	466	Picture	40	9352767	0	1	70665	1	0	next	other	0
NU2-15	466	Text Input	14	9423303	70536	0
NU2-15	466	Response	0	9423303	70536	1
NU2-15	467	Response	100	9423783	351	1
NU2-15	469	Picture	12	9453764	0	1	20166	1	0	next	other	0
NU2-15	471	Picture	24	9489097	0	1	20166	1	0	next	other	0
NU2-15	473	Picture	40	9524429	0	1	32833	1	0	next	other	0
NU2-15	473	Text Input	14	9557221	32792	0
NU2-15	476	Picture	12	9587594	0	1	20166	1	0	next	other	0
NU2-15	478	Picture	25	9622927	0	1	20166	1	0	next	other	0
NU2-15	480	Picture	64	9658259	0	1	20166	1	0	next	other	0
NU2-15	481	Response	0	9684101	5509	1
NU2-15	481	Response	0	9690500	11908	1
NU2-15	482	Response	0	9714340	23582	1
NU2-15	482	Response	0	9714820	24061	1
NU2-15	483	Response	0	9722180	7089	1
NU2-15	483	Response	100	9723140	8049	1
NU2-15	485	Picture	10	9738591	0	1	20166	1	0	next	other	0
NU2-15	487	Picture	26	9773923	0	1	20166	1	0	next	other	0
NU2-15	489	Picture	65	9809255	0	1	20166	1	0	next	other	0
NU2-15	490	Response	0	9836579	6991	1
NU2-15	490	Response	0	9843779	14190	1
NU2-15	491	Response	0	9879139	35051	1
NU2-15	491	Response	100	9880578	36491	1
NU2-15	493	Picture	8	9895920	0	1	20166	1	0	next	other	0
NU2-15	495	Picture	27	9931252	0	1	20166	1	0	next	other	0
NU2-15	497	Picture	63	9966585	0	1	20166	1	0	next	other	0
NU2-15	498	Response	0	10042017	55100	1
NU2-15	498	Response	0	10044737	57819	1
NU2-15	499	Response	0	10077217	32301	1
NU2-15	499	Response	0	10078177	33261	1
NU2-15	500	Response	0	10082337	3921	1
NU2-15	500	Response	0	10082977	4561	1
NU2-15	501	Response	0	10095136	11888	1
NU2-15	501	Response	100	10095936	12688	1
NU2-15	503	Picture	10	10111415	0	1	20166	1	0	next	other	0
NU2-15	505	Picture	26	10146747	0	1	20166	1	0	next	other	0
NU2-15	507	Picture	40	10182079	0	1	35332	1	0	next	other	0
NU2-15	507	Text Input	13	10217375	35296	0
NU2-15	510	Picture	9	10247744	0	1	20166	1	0	next	other	0
NU2-15	512	Picture	35	10283077	0	1	20166	1	0	next	other	0
NU2-15	514	Picture	74	10318409	0	1	20166	1	0	next	other	0
NU2-15	515	Response	0	10366015	27272	1
NU2-15	515	Response	0	10371454	32712	1
NU2-15	516	Response	0	10385374	13633	1
NU2-15	516	Response	0	10386014	14272	1
NU2-15	517	Response	0	10402334	16093	1
NU2-15	517	Response	0	10402974	16733	1
NU2-15	518	Response	0	10406014	2773	1
NU2-15	518	Response	100	10406654	3413	1
NU2-15	520	Picture	8	10422073	0	1	20166	1	0	next	other	0
NU2-15	522	Picture	36	10457406	0	1	20166	1	0	next	other	0
NU2-15	524	Picture	50	10492738	0	1	69832	1	0	next	other	0
NU2-15	524	Text Input	6	10562492	69754	0
NU2-15	524	Response	0	10562492	69754	1
NU2-15	525	Response	100	10563132	562	1
NU2-15	527	Picture	10	10592903	0	1	20166	1	0	next	other	0
NU2-15	529	Picture	35	10628235	0	1	20166	1	0	next	other	0
NU2-15	531	Picture	71	10663567	0	1	20166	1	0	next	other	0
NU2-15	532	Response	0	10722331	38431	1
NU2-15	532	Response	0	10728410	44510	1
NU2-15	533	Response	0	10739451	10718	1
NU2-15	533	Response	0	10740091	11358	1
NU2-15	534	Response	0	10749531	9132	1
NU2-15	534	Response	0	10750171	9772	1
NU2-15	535	Response	0	10768730	18332	1
NU2-15	535	Response	0	10770330	19932	1
NU2-15	536	Response	0	10771770	1206	1
NU2-15	536	Response	0	10773210	2646	1
NU2-15	537	Response	0	10787451	14053	1
NU2-15	537	Response	100	10788250	14852	1
NU2-15	539	Picture	8	10803731	0	1	20166	1	0	next	other	0
NU2-15	541	Picture	24	10839063	0	1	20166	1	0	next	other	0
NU2-15	543	Picture	40	10874395	0	1	45332	1	0	next	other	0
NU2-15	543	Text Input	10	10919609	45214	0
NU2-15	546	Picture	13	10950060	0	1	20166	1	0	next	other	0
NU2-15	548	Picture	37	10985393	0	1	20166	1	0	next	other	0
NU2-15	550	Picture	50	11020725	0	1	114831	1	0	next	other	0
NU2-15	550	Text Input	9	11135447	114722	0
NU2-15	553	Picture	12	11165888	0	1	20166	1	0	next	other	0
NU2-15	555	Picture	25	11201221	0	1	20166	1	0	next	other	0
NU2-15	557	Picture	40	11236553	0	1	35999	1	0	next	other	0
NU2-15	557	Text Input	14	11272406	35853	0
NU2-15	560	Picture	9	11302885	0	1	20166	1	0	next	other	0
NU2-15	562	Picture	35	11338217	0	1	20166	1	0	next	other	0
NU2-15	564	Picture	74	11373550	0	1	20166	1	0	next	other	0
NU2-15	565	Response	0	11405365	11483	1
NU2-15	565	Response	0	11412565	18682	1
NU2-15	566	Response	0	11417365	4483	1
NU2-15	566	Response	0	11418005	5123	1
NU2-15	567	Response	0	11426645	8429	1
NU2-15	567	Response	100	11427925	9709	1
NU2-15	569	Picture	10	11443381	0	1	20166	1	0	next	other	0
NU2-15	571	Picture	24	11478714	0	1	20166	1	0	next	other	0
NU2-15	573	Picture	40	11514046	0	1	36999	1	0	next	other	0
NU2-15	573	Text Input	12	11550963	36917	0
NU2-15	576	Picture	10	11581378	0	1	20166	1	0	next	other	0
NU2-15	578	Picture	27	11616710	0	1	20166	1	0	next	other	0
NU2-15	580	Picture	40	11652043	0	1	44499	1	0	next	other	0
NU2-15	580	Text Input	13	11696402	44360	0
NU2-15	583	Picture	11	11726874	0	1	20166	1	0	next	other	0
NU2-15	585	Picture	37	11762207	0	1	20166	1	0	next	other	0
NU2-15	587	Picture	50	11797539	0	1	61998	1	0	next	other	0
NU2-15	587	Text Input	7	11859441	61902	0
NU2-15	587	Response	0	11859441	61902	1
NU2-15	588	Response	100	11860241	703	1
NU2-15	590	Picture	11	11889870	0	1	20166	1	0	next	other	0
NU2-15	592	Picture	26	11925203	0	1	20166	1	0	next	other	0
NU2-15	594	Picture	40	11960535	0	1	64998	1	0	next	other	0
NU2-15	594	Text Input	14	12025359	64824	0
NU2-15	594	Response	0	12025359	64824	1
NU2-15	595	Response	100	12026159	626	1
NU2-15	597	Picture	10	12055866	0	1	20166	1	0	next	other	0
NU2-15	599	Picture	34	12091198	0	1	20166	1	0	next	other	0
NU2-15	601	Picture	50	12126531	0	1	40999	1	0	next	other	0
NU2-15	601	Text Input	8	12167438	40907	0
NU2-15	601	Response	0	12167438	40907	1
NU2-15	602	Response	100	12168238	708	1
NU2-15	604	Picture	11	12197863	0	1	20166	1	0	next	other	0
NU2-15	606	Picture	35	12233195	0	1	20166	1	0	next	other	0
NU2-15	608	Picture	50	12268527	0	1	56165	1	0	next	other	0
NU2-15	608	Text Input	8	12324557	56029	0
NU2-15	608	Response	0	12324557	56029	1
NU2-15	609	Response	100	12325357	664	1
NU2-15	611	Picture	12	12355025	0	1	20166	1	0	next	other	0
NU2-15	613	Picture	37	12390358	0	1	20166	1	0	next	other	0
NU2-15	615	Picture	50	12425690	0	1	51332	1	0	next	other	0
NU2-15	615	Text Input	8	12476875	51185	0
NU2-15	615	Response	0	12476875	51185	1
NU2-15	616	Response	100	12477515	493	1
NU2-15	618	Picture	11	12507355	0	1	20166	1	0	next	other	0
NU2-15	620	Picture	36	12542687	0	1	20166	1	0	next	other	0
NU2-15	622	Picture	50	12578020	0	1	68998	1	0	next	other	0
NU2-15	622	Text Input	8	12646954	68934	0
NU2-15	622	Response	0	12646954	68934	1
NU2-15	623	Response	100	12647754	736	1
NU2-15	625	Picture	9	12677351	0	1	20166	1	0	next	other	0
NU2-15	627	Picture	26	12712683	0	1	20166	1	0	next	other	0
NU2-15	629	Picture	62	12748015	0	1	20166	1	0	next	other	0
NU2-15	630	Response	0	12876552	108204	1
NU2-15	630	Response	0	12879112	110763	1
NU2-15	631	Response	0	12895272	15926	1
NU2-15	631	Response	0	12895751	16406	1
NU2-15	632	Response	0	12910311	14300	1
NU2-15	632	Response	100	12911271	15259	1
NU2-15	634	Picture	8	12926678	0	1	20166	1	0	next	other	0
NU2-15	636	Picture	34	12962010	0	1	20166	1	0	next	other	0
NU2-15	638	Picture	50	12997343	0	1	43666	1	0	next	other	0
NU2-15	638	Text Input	6	13040870	43528	0
NU2-15	641	Picture	10	13071341	0	1	20166	1	0	next	other	0
NU2-15	643	Picture	25	13106673	0	1	20166	1	0	next	other	0
NU2-15	645	Picture	63	13142006	0	1	20166	1	0	next	other	0
NU2-15	646	Response	0	13297828	135490	1
NU2-15	646	Response	100	13298468	136129	1
NU2-15	648	Picture	9	13313835	0	1	20166	1	0	next	other	0
NU2-15	650	Picture	34	13349167	0	1	20166	1	0	next	other	0
NU2-15	652	Picture	50	13384500	0	1	150996	1	0	next	other	0
NU2-15	652	Text Input	7	13535426	150926	0
NU2-15	652	Response	0	13535426	150926	1
NU2-15	653	Response	100	13536226	730	1
NU2-15	656	Picture	11	14165980	0	1	20166	1	0	next	other	0
NU2-15	658	Picture	37	14201313	0	1	20166	1	0	next	other	0
NU2-15	660	Picture	73	14236645	0	1	20166	1	0	next	other	0
NU2-15	661	Response	0	14298459	41482	1
NU2-15	661	Response	0	14304539	47561	1
NU2-15	662	Response	0	14315739	10929	1
NU2-15	662	Response	100	14316699	11889	1
NU2-15	664	Picture	12	14332143	0	1	20166	1	0	next	other	0
NU2-15	666	Picture	34	14367475	0	1	20166	1	0	next	other	0
NU2-15	668	Picture	72	14402808	0	1	20166	1	0	next	other	0
NU2-15	669	Response	0	14585497	162356	1
NU2-15	669	Response	100	14586616	163476	1
NU2-15	671	Picture	10	14601969	0	1	20166	1	0	next	other	0
NU2-15	673	Picture	27	14637302	0	1	20166	1	0	next	other	0
NU2-15	675	Picture	63	14672634	0	1	20166	1	0	next	other	0
NU2-15	676	Response	0	14822615	129648	1
NU2-15	676	Response	0	14823894	130927	1
NU2-15	677	Response	0	14828054	3924	1
NU2-15	677	Response	0	14828534	4404	1
NU2-15	678	Response	0	14835414	6617	1
NU2-15	678	Response	100	14836854	8057	1
NU2-15	680	Picture	10	14852296	0	1	20166	1	0	next	other	0
NU2-15	682	Picture	25	14887629	0	1	20166	1	0	next	other	0
NU2-15	684	Picture	64	14922961	0	1	20166	1	0	next	other	0
NU2-15	685	Response	0	14970453	27159	1
NU2-15	685	Response	0	14974293	30999	1
NU2-15	686	Response	0	14976853	2393	1
NU2-15	686	Response	0	14978133	3673	1
NU2-15	687	Response	0	14985813	7353	1
NU2-15	687	Response	0	14986133	7673	1
NU2-15	688	Response	0	14989973	3513	1
NU2-15	688	Response	100	14990613	4153	1
NU2-15	690	Picture	10	15005959	0	1	20166	1	0	next	other	0
NU2-15	692	Picture	37	15041292	0	1	20166	1	0	next	other	0
NU2-15	694	Picture	50	15076624	0	1	122664	1	0	next	other	0
NU2-15	694	Text Input	6	15199251	122627	0
NU2-15	697	Picture	12	15229620	0	1	20166	1	0	next	other	0
NU2-15	699	Picture	25	15264953	0	1	20166	1	0	next	other	0
NU2-15	701	Picture	40	15300285	0	1	247327	1	0	next	other	0
NU2-15	701	Text Input	14	15547568	247283	0
NU2-15	701	Response	0	15547568	247283	1
NU2-15	702	Response	100	15548528	915	1
NU2-15	704	Picture	11	15577945	0	1	20166	1	0	next	other	0
NU2-15	706	Picture	24	15613277	0	1	20166	1	0	next	other	0
NU2-15	708	Picture	63	15648610	0	1	20166	1	0	next	other	0
NU2-15	709	Response	0	15721807	52864	1
NU2-15	709	Response	0	15726606	57664	1
NU2-15	710	Response	0	15738286	11511	1
NU2-15	710	Response	0	15738766	11991	1
NU2-15	711	Response	0	15742286	3345	1
NU2-15	711	Response	0	15742606	3665	1
NU2-15	712	Response	0	15750926	8152	1
NU2-15	712	Response	100	15751726	8952	1
NU2-15	714	Picture	10	15767107	0	1	20166	1	0	next	other	0
NU2-15	716	Picture	24	15802439	0	1	20166	1	0	next	other	0
NU2-15	718	Picture	62	15837772	0	1	20166	1	0	next	other	0
NU2-15	719	Response	0	15885005	26900	1
NU2-15	719	Response	100	15886285	28180	1
NU2-15	721	Picture	10	15901770	0	1	20166	1	0	next	other	0
NU2-15	723	Picture	27	15937103	0	1	20166	1	0	next	other	0
NU2-15	725	Picture	40	15972435	0	1	100831	1	0	next	other	0
NU2-15	725	Text Input	13	16073163	100728	0
NU2-15	728	Picture	12	16103599	0	1	20166	1	0	next	other	0
NU2-15	730	Picture	37	16138931	0	1	20166	1	0	next	other	0
NU2-15	732	Picture	73	16174263	0	1	20166	1	0	next	other	0
NU2-15	733	Response	0	16292521	97925	1
NU2-15	733	Response	0	16293961	99365	1
NU2-15	734	Response	0	16297001	2741	1
NU2-15	734	Response	0	16297801	3541	1
NU2-15	735	Response	0	16306601	8508	1
NU2-15	735	Response	100	16307561	9467	1
NU2-15	737	Picture	11	16322926	0	1	20166	1	0	next	other	0
NU2-15	739	Picture	35	16358259	0	1	20166	1	0	next	other	0
NU2-15	741	Picture	74	16393591	0	1	20166	1	0	next	other	0
NU2-15	742	Response	0	16418440	4516	1
NU2-15	742	Response	0	16424680	10756	1
NU2-15	743	Response	0	16433160	8236	1
NU2-15	743	Response	100	16434280	9356	1
NU2-15	745	Picture	9	16449757	0	1	20166	1	0	next	other	0
NU2-15	747	Picture	36	16485089	0	1	20166	1	0	next	other	0
NU2-15	749	Picture	50	16520421	0	1	57832	1	0	next	other	0
NU2-15	749	Text Input	6	16578119	57697	0
NU2-15	752	Picture	11	16608586	0	1	20166	1	0	next	other	0
NU2-15	754	Picture	27	16643918	0	1	20166	1	0	next	other	0
NU2-15	756	Picture	62	16679251	0	1	20166	1	0	next	other	0
NU2-15	757	Response	0	16704518	4934	1
NU2-15	757	Response	0	16710117	10534	1
NU2-15	758	Response	0	16715557	5141	1
NU2-15	758	Response	0	16716357	5941	1
NU2-15	759	Response	0	16729957	13374	1
NU2-15	759	Response	100	16731397	14814	1
NU2-15	761	Picture	10	16746749	0	1	20166	1	0	next	other	0
NU2-15	763	Picture	36	16782082	0	1	20166	1	0	next	other	0
NU2-15	765	Picture	75	16817414	0	1	20166	1	0	next	other	0
NU2-15	766	Response	0	16841957	4210	1
NU2-15	766	Response	0	16849156	11409	1
NU2-15	767	Response	0	16860836	11423	1
NU2-15	767	Response	100	16862116	12702	1
NU2-15	769	Picture	12	16877579	0	1	20166	1	0	next	other	0
NU2-15	771	Picture	27	16912912	0	1	20166	1	0	next	other	0
NU2-15	773	Picture	64	16948244	0	1	20166	1	0	next	other	0
NU2-15	774	Response	0	17008995	40418	1
NU2-15	774	Response	0	17012035	43458	1
NU2-15	775	Response	0	17021155	8912	1
NU2-15	775	Response	100	17022114	9872	1
NU2-15	777	Picture	9	17037575	0	1	20166	1	0	next	other	0
NU2-15	779	Picture	36	17072908	0	1	20166	1	0	next	other	0
NU2-15	781	Picture	50	17108240	0	1	27166	1	0	next	other	0
NU2-15	781	Text Input	6	17135394	27153	0
NU2-15	784	Picture	8	17165739	0	1	20166	1	0	next	other	0
NU2-15	786	Picture	37	17201071	0	1	20166	1	0	next	other	0
NU2-15	788	Picture	72	17236404	0	1	20166	1	0	next	other	0
NU2-15	789	Response	0	17276513	19777	1
NU2-15	789	Response	0	17282112	25376	1
NU2-15	790	Response	0	17297312	14910	1
NU2-15	790	Response	0	17297792	15390	1
NU2-15	791	Response	0	17302272	4204	1
NU2-15	791	Response	100	17302912	4843	1
NU2-15	793	Picture	9	17318402	0	1	20166	1	0	next	other	0
NU2-15	795	Picture	24	17353734	0	1	20166	1	0	next	other	0
NU2-15	797	Picture	40	17389066	0	1	42499	1	0	next	other	0
NU2-15	797	Text Input	11	17431551	42485	0
NU2-15	800	Picture	12	17461898	0	1	20166	1	0	next	other	0
NU2-15	802	Picture	26	17497230	0	1	20166	1	0	next	other	0
NU2-15	804	Picture	62	17532563	0	1	20166	1	0	next	other	0
NU2-15	805	Response	0	17598910	46014	1
NU2-15	805	Response	0	17604349	51454	1
NU2-15	806	Response	0	17642429	37868	1
NU2-15	806	Response	100	17643389	38828	1
NU2-15	808	Picture	10	17658726	0	1	20166	1	0	next	other	0
NU2-15	810	Picture	34	17694059	0	1	20166	1	0	next	other	0
NU2-15	812	Picture	71	17729391	0	1	20166	1	0	next	other	0
NU2-15	813	Response	0	17803868	54144	1
NU2-15	813	Response	0	17811868	62143	1
NU2-15	814	Response	0	17812188	132	1
NU2-15	814	Response	0	17814428	2372	1
NU2-15	815	Response	0	17816348	1625	1
NU2-15	815	Response	0	17820988	6265	1
NU2-15	816	Response	0	17821788	565	1
NU2-15	816	Response	0	17827707	6485	1
NU2-15	817	Response	0	17852827	24939	1
NU2-15	817	Response	0	17856507	28618	1
NU2-15	818	Response	0	17867387	10666	1
NU2-15	818	Response	0	17868507	11786	1
NU2-15	819	Response	0	17872507	3786	1
NU2-15	819	Response	100	17872987	4266	1
NU2-15	821	Picture	11	17888387	0	1	20166	1	0	next	other	0
NU2-15	823	Picture	34	17923720	0	1	20166	1	0	next	other	0
NU2-15	825	Picture	73	17959052	0	1	20166	1	0	next	other	0
NU2-15	826	Response	0	17988186	8801	1
NU2-15	826	Response	0	17996186	16801	1
NU2-15	827	Response	0	18007706	11321	1
NU2-15	827	Response	0	18008826	12441	1
NU2-15	828	Response	0	18014586	5535	1
NU2-15	828	Response	100	18015546	6495	1
NU2-15	830	Picture	12	18030884	0	1	20166	1	0	next	other	0
NU2-15	832	Picture	24	18066216	0	1	20166	1	0	next	other	0
NU2-15	834	Picture	40	18101549	0	1	95664	1	0	next	other	0
NU2-15	834	Text Input	14	18197144	95596	0
NU2-15	834	Response	0	18197144	95596	1
NU2-15	835	Response	100	18197624	411	1
NU2-15	837	Picture	10	18227546	0	1	20166	1	0	next	other	0
NU2-15	839	Picture	26	18262878	0	1	20166	1	0	next	other	0
NU2-15	841	Picture	40	18298210	0	1	51165	1	0	next	other	0
NU2-15	841	Text Input	13	18349303	51092	0
NU2-15	844	Picture	9	18379708	0	1	20166	1	0	next	other	0
NU2-15	846	Picture	26	18415041	0	1	20166	1	0	next	other	0
NU2-15	848	Picture	61	18450373	0	1	20166	1	0	next	other	0
NU2-15	849	Response	0	18490262	19556	1
NU2-15	849	Response	0	18500981	30275	1
NU2-15	850	Response	0	18504342	3136	1
NU2-15	850	Response	0	18507221	6016	1
NU2-15	851	Response	0	18531381	23843	1
NU2-15	851	Response	0	18532021	24483	1
NU2-15	852	Response	0	18534741	2537	1
NU2-15	852	Response	0	18535541	3336	1
NU2-15	853	Response	0	18542261	6390	1
NU2-15	853	Response	100	18543221	7350	1
NU2-15	855	Picture	9	18558704	0	1	20166	1	0	next	other	0
NU2-15	857	Picture	34	18594036	0	1	20166	1	0	next	other	0
NU2-15	859	Picture	50	18629369	0	1	65498	1	0	next	other	0
NU2-15	859	Text Input	7	18694740	65371	0
NU2-15	859	Response	0	18694740	65371	1
NU2-15	860	Response	100	18695860	992	1
NU2-15	862	Picture	8	18725200	0	1	20166	1	0	next	other	0
NU2-15	864	Picture	24	18760532	0	1	20166	1	0	next	other	0
NU2-15	866	Picture	62	18795865	0	1	20166	1	0	next	other	0
NU2-15	867	Response	0	18920978	104781	1
NU2-15	867	Response	100	18921938	105740	1
NU2-15	869	Picture	11	18937361	0	1	20166	1	0	next	other	0
NU2-15	871	Picture	25	18972694	0	1	20166	1	0	next	other	0
NU2-15	873	Picture	40	19008026	0	1	35499	1	0	next	other	0
NU2-15	873	Text Input	13	19043376	35350	0
NU2-15	876	Picture	11	19073858	0	1	20166	1	0	next	other	0
NU2-15	878	Picture	25	19109190	0	1	20166	1	0	next	other	0
NU2-15	880	Picture	40	19144523	0	1	35999	1	0	next	other	0
NU2-15	880	Text Input	13	19180496	35973	0
NU2-15	883	Picture	13	19210854	0	1	20166	1	0	next	other	0
NU2-15	885	Picture	35	19246187	0	1	20166	1	0	next	other	0
NU2-15	887	Picture	50	19281519	0	1	36166	1	0	next	other	0
NU2-15	887	Text Input	10	19317614	36095	0
NU2-15	890	Picture	12	19348018	0	1	20166	1	0	next	other	0
NU2-15	892	Picture	36	19383350	0	1	20166	1	0	next	other	0
NU2-15	894	Picture	50	19418683	0	1	34166	1	0	next	other	0
NU2-15	894	Text Input	9	19452813	34130	0
NU2-15	897	Picture	10	19483181	0	1	20166	1	0	next	other	0
NU2-15	899	Picture	27	19518513	0	1	20166	1	0	next	other	0
NU2-15	901	Picture	40	19553846	0	1	35166	1	0	next	other	0
NU2-15	901	Text Input	13	19588972	35126	0
NU2-15	904	Picture	10	19619344	0	1	20166	1	0	next	other	0
NU2-15	906	Picture	36	19654677	0	1	20166	1	0	next	other	0
NU2-15	908	Picture	73	19690009	0	1	20166	1	0	next	other	0
NU2-15	909	Response	0	19766411	56069	1
NU2-15	909	Response	100	19767530	57188	1
NU2-15	911	Picture	11	19783007	0	1	20166	1	0	next	other	0
NU2-15	913	Picture	27	19818339	0	1	20166	1	0	next	other	0
NU2-15	915	Picture	64	19853672	0	1	20166	1	0	next	other	0
NU2-15	916	Response	0	19910409	36404	1
NU2-15	916	Response	0	19912969	38964	1
NU2-15	917	Response	0	19921929	8758	1
NU2-15	917	Response	0	19922569	9398	1
NU2-15	918	Response	0	19926248	3412	1
NU2-15	918	Response	100	19927368	4532	1
NU2-15	920	Picture	12	19942836	0	1	20166	1	0	next	other	0
NU2-15	922	Picture	25	19978169	0	1	20166	1	0	next	other	0
NU2-15	924	Picture	40	20013501	0	1	53665	1	0	next	other	0
NU2-15	924	Text Input	14	20067047	53546	0
NU2-15	924	Response	0	20067047	53546	1
NU2-15	925	Response	100	20067847	681	1
NU2-15	927	Picture	8	20097499	0	1	20166	1	0	next	other	0
NU2-15	929	Picture	36	20132831	0	1	20166	1	0	next	other	0
NU2-15	931	Picture	75	20168164	0	1	20166	1	0	next	other	0
NU2-15	932	Response	0	20203686	15189	1
NU2-15	932	Response	0	20210246	21749	1
NU2-15	933	Response	0	20228166	17670	1
NU2-15	933	Response	0	20228806	18310	1
NU2-15	934	Response	0	20232006	3010	1
NU2-15	934	Response	100	20232646	3650	1
NU2-15	936	Picture	13	20247995	0	1	20166	1	0	next	other	0
NU2-15	938	Picture	25	20283328	0	1	20166	1	0	next	other	0
NU2-15	940	Picture	40	20318660	0	1	69665	1	0	next	other	0
NU2-15	940	Text Input	15	20388164	69504	0
NU2-15	943	Picture	12	20418658	0	1	20166	1	0	next	other	0
NU2-15	945	Picture	25	20453990	0	1	20166	1	0	next	other	0
NU2-15	947	Picture	64	20489323	0	1	20166	1	0	next	other	0
NU2-15	948	Response	0	20526404	16749	1
NU2-15	948	Response	0	20532483	22828	1
NU2-15	949	Response	0	20537763	5108	1
NU2-15	949	Response	0	20538403	5748	1
NU2-15	950	Response	0	20545603	6949	1
NU2-15	950	Response	100	20546723	8069	1
NU2-15	952	Picture	12	20562154	0	1	20166	1	0	next	other	0
NU2-15	954	Picture	34	20597486	0	1	20166	1	0	next	other	0
NU2-15	956	Picture	71	20632819	0	1	20166	1	0	next	other	0
NU2-15	957	Response	0	20673443	20291	1
NU2-15	957	Response	0	20678882	25730	1
NU2-15	958	Response	0	20709762	30611	1
NU2-15	958	Response	100	20711202	32051	1
NU2-15	960	Picture	10	20726650	0	1	20166	1	0	next	other	0
NU2-15	962	Picture	27	20761982	0	1	20166	1	0	next	other	0
NU2-15	964	Picture	64	20797315	0	1	20166	1	0	next	other	0
NU2-15	965	Response	0	20847041	29394	1
NU2-15	965	Response	0	20850401	32753	1
NU2-15	966	Response	0	20879361	28714	1
NU2-15	966	Response	0	20879840	29193	1
NU2-15	967	Response	0	20889120	8974	1
NU2-15	967	Response	100	20890240	10094	1
NU2-15	969	Picture	11	20905645	0	1	20166	1	0	next	other	0
NU2-15	971	Picture	26	20940978	0	1	20166	1	0	next	other	0
NU2-15	973	Picture	62	20976310	0	1	20166	1	0	next	other	0
NU2-15	974	Response	0	21094559	97916	1
NU2-15	974	Response	0	21097918	101275	1
NU2-15	975	Response	0	21102078	3938	1
NU2-15	975	Response	0	21102878	4738	1
NU2-15	976	Response	0	21134399	31258	1
NU2-15	976	Response	0	21135678	32538	1
NU2-15	977	Response	0	21139038	3065	1
NU2-15	977	Response	0	21139518	3545	1
NU2-15	978	Response	0	21144958	5152	1
NU2-15	978	Response	100	21145598	5792	1
NU2-15	980	Picture	9	21160972	0	1	20166	1	0	next	other	0
NU2-15	982	Picture	37	21196305	0	1	20166	1	0	next	other	0
NU2-15	984	Picture	72	21231637	0	1	20166	1	0	next	other	0
NU2-15	985	Response	0	21258717	6747	1
NU2-15	985	Response	0	21265117	13147	1
NU2-15	986	Response	0	21270077	4774	1
NU2-15	986	Response	0	21270877	5574	1
NU2-15	987	Response	0	21276957	5820	1
NU2-15	987	Response	100	21277917	6780	1
NU2-15	989	Picture	11	21293302	0	1	20166	1	0	next	other	0
NU2-15	991	Picture	36	21328635	0	1	20166	1	0	next	other	0
NU2-15	993	Picture	50	21363967	0	1	80165	1	0	next	other	0
NU2-15	993	Text Input	8	21443995	80028	0
NU2-15	993	Response	0	21443995	80028	1
NU2-15	994	Response	100	21444795	663	1
NU2-15	996	Picture	11	21474465	0	1	20166	1	0	next	other	0
NU2-15	998	Picture	26	21509797	0	1	20166	1	0	next	other	0
NU2-15	1000	Picture	63	21545130	0	1	20166	1	0	next	other	0
NU2-15	1001	Response	0	21657114	91652	1
NU2-15	1001	Response	100	21658394	92931	1
NU2-15	1003	Picture	9	21673793	0	1	20166	1	0	next	other	0
NU2-15	1005	Picture	26	21709125	0	1	20166	1	0	next	other	0
NU2-15	1007	Picture	63	21744458	0	1	20166	1	0	next	other	0
NU2-15	1008	Response	0	21858552	93761	1
NU2-15	1008	Response	100	21859352	94561	1
NU2-15	1010	Picture	12	21874788	0	1	20166	1	0	next	other	0
NU2-15	1012	Picture	34	21910120	0	1	20166	1	0	next	other	0
NU2-15	1014	Picture	50	21945453	0	1	32332	1	0	next	other	0
NU2-15	1014	Text Input	10	21977751	32298	0
NU2-15	1017	Picture	9	22008118	0	1	20166	1	0	next	other	0
NU2-15	1019	Picture	36	22043450	0	1	20166	1	0	next	other	0
NU2-15	1021	Picture	72	22078783	0	1	20166	1	0	next	other	0
NU2-15	1022	Response	0	22130550	31434	1
NU2-15	1022	Response	0	22133749	34634	1
NU2-15	1023	Response	0	22145269	11321	1
NU2-15	1023	Response	100	22146229	12281	1
NU2-15	1025	Picture	13	22161614	0	1	20166	1	0	next	other	0
NU2-15	1027	Picture	37	22196947	0	1	20166	1	0	next	other	0
NU2-15	1029	Picture	50	22232279	0	1	92164	1	0	next	other	0
NU2-15	1029	Text Input	9	22324308	92029	0
NU2-15	1032	Picture	12	22354776	0	1	20166	1	0	next	other	0
NU2-15	1034	Picture	26	22390108	0	1	20166	1	0	next	other	0
NU2-15	1036	Picture	64	22425441	0	1	20166	1	0	next	other	0
NU2-15	1037	Response	0	22476787	31013	1
NU2-15	1037	Response	0	22481586	35812	1
NU2-15	1038	Response	0	22507666	25893	1
NU2-15	1038	Response	0	22508306	26533	1
NU2-15	1039	Response	0	22520146	11540	1
NU2-15	1039	Response	0	22520615	12010	11
NU2-15	1040	Response	0	22523186	2247	1
NU2-15	1040	Response	0	22523666	2727	1
NU2-15	1041	Response	0	22534226	10287	1
NU2-15	1041	Response	0	22534706	10767	1
NU2-15	1042	Response	0	22538066	3127	1
NU2-15	1042	Response	0	22538385	3447	1
NU2-15	1043	Response	0	22551025	12421	1
NU2-15	1043	Response	0	22551665	13061	1
NU2-15	1044	Response	0	22555185	3248	1
NU2-15	1044	Response	0	22555665	3728	1
NU2-15	1045	Response	0	22563665	7728	1
NU2-15	1045	Response	100	22564305	8368	1
NU2-15	1047	Picture	8	22579770	0	1	20166	1	0	next	other	0
NU2-15	1049	Picture	26	22615103	0	1	20166	1	0	next	other	0
NU2-15	1051	Picture	65	22650435	0	1	20166	1	0	next	other	0
NU2-15	1052	Response	0	22678065	7297	1
NU2-15	1052	Response	0	22683344	12576	1
NU2-15	1053	Response	0	22689104	5503	1
NU2-15	1053	Response	0	22689264	5663	1
NU2-15	1054	Response	0	22712624	23190	1
NU2-15	1054	Response	0	22713264	23830	1
NU2-15	1055	Response	0	22726384	12950	1
NU2-15	1055	Response	0	22727343	13910	1
NU2-15	1056	Response	0	22730064	2464	1
NU2-15	1056	Response	0	22730384	2784	1
NU2-15	1057	Response	0	22735984	5384	1
NU2-15	1057	Response	100	22736784	6184	1
NU2-15	1059	Picture	12	22752266	0	1	20166	1	0	next	other	0
NU2-15	1061	Picture	34	22787599	0	1	20166	1	0	next	other	0
NU2-15	1063	Picture	73	22822931	0	1	20166	1	0	next	other	0
NU2-15	1064	Response	0	22861423	18159	1
NU2-15	1064	Response	0	22866542	23279	1
NU2-15	1065	Response	0	22891503	24739	1
NU2-15	1065	Response	100	22892782	26019	1
NU2-15	1067	Picture	9	22908262	0	1	20166	1	0	next	other	0
NU2-15	1069	Picture	36	22943595	0	1	20166	1	0	next	other	0
NU2-15	1071	Picture	74	22978927	0	1	20166	1	0	next	other	0
NU2-15	1072	Response	0	23089261	90001	1
NU2-15	1072	Response	0	23092941	93681	1
NU2-15	1073	Response	0	23105421	12163	1
NU2-15	1073	Response	0	23106860	13603	1
NU2-15	1074	Response	0	23114541	7450	1
NU2-15	1074	Response	0	23116140	9050	1
NU2-15	1075	Response	0	23126700	10277	1
NU2-15	1075	Response	100	23127980	11556	1
NU2-15	1077	Picture	9	23143423	0	1	20166	1	0	next	other	0
NU2-15	1079	Picture	36	23178755	0	1	20166	1	0	next	other	0
NU2-15	1081	Picture	75	23214088	0	1	20166	1	0	next	other	0
NU2-15	1082	Response	0	23242860	8439	1
NU2-15	1082	Response	0	23248939	14518	1
NU2-15	1083	Response	0	23265259	16005	1
NU2-15	1083	Response	0	23267499	18245	1
NU2-15	1084	Response	0	23268139	386	1
NU2-15	1084	Response	0	23270699	2946	1
NU2-15	1085	Response	0	23273579	2659	1
NU2-15	1085	Response	0	23274699	3779	2
NU2-15	1086	Response	0	23285739	10819	1
NU2-15	1086	Response	0	23286379	11459	1
NU2-15	1087	Response	0	23311339	24753	1
NU2-15	1087	Response	100	23312619	26033	1
NU2-15	1089	Picture	10	23328085	0	1	20166	1	0	next	other	0
NU2-15	1091	Picture	25	23363418	0	1	20166	1	0	next	other	0
NU2-15	1093	Picture	64	23398750	0	1	20166	1	0	next	other	0
NU2-15	1094	Response	0	23427658	8575	1
NU2-15	1094	Response	0	23434217	15135	1
NU2-15	1095	Response	0	23471817	37402	1
NU2-15	1095	Response	100	23472457	38041	1
NU2-15	1097	Picture	13	23487914	0	1	20166	1	0	next	other	0
NU2-15	1099	Picture	25	23523247	0	1	20166	1	0	next	other	0
NU2-15	1101	Picture	40	23558579	0	1	63332	1	0	next	other	0
NU2-15	1101	Text Input	15	23621736	63156	0
NU2-15	1104	Picture	10	23652244	0	1	20166	1	0	next	other	0
NU2-15	1106	Picture	35	23687576	0	1	20166	1	0	next	other	0
NU2-15	1108	Picture	71	23722909	0	1	20166	1	0	next	other	0
NU2-15	1109	Response	0	23767975	24733	1
NU2-15	1109	Response	0	23775494	32252	1
NU2-15	1110	Response	0	23787335	11594	1
NU2-15	1110	Response	100	23788134	12394	1
NU2-15	1112	Picture	11	23803573	0	1	20166	1	0	next	other	0
NU2-15	1114	Picture	36	23838906	0	1	20166	1	0	next	other	0
NU2-15	1116	Picture	74	23874238	0	1	20166	1	0	next	other	0
NU2-15	1117	Response	0	23948293	53722	1
NU2-15	1117	Response	0	23950853	56282	1
NU2-15	1118	Response	0	23962213	11143	1
NU2-15	1118	Response	0	23962373	11303	1
NU2-15	1119	Response	0	23969413	6844	1
NU2-15	1119	Response	0	23969733	7163	1
NU2-15	1120	Response	0	23985733	15830	1
NU2-15	1120	Response	100	23986533	16630	1
NU2-15	1122	Picture	12	24001902	0	1	20166	1	0	next	other	0
NU2-15	1124	Picture	27	24037234	0	1	20166	1	0	next	other	0
NU2-15	1126	Picture	40	24072567	0	1	78498	1	0	next	other	0
NU2-15	1126	Text Input	15	24151011	78444	0
NU2-15	1129	Picture	12	24181397	0	1	20166	1	0	next	other	0
NU2-15	1131	Picture	24	24216730	0	1	20166	1	0	next	other	0
NU2-15	1133	Picture	61	24252062	0	1	20166	1	0	next	other	0
NU2-15	1134	Response	0	24556128	283733	1
NU2-15	1134	Response	100	24557398	285003	11
NU2-15	1136	Picture	12	24572887	0	1	20166	1	0	next	other	0
NU2-15	1138	Picture	26	24608220	0	1	20166	1	0	next	other	0
NU2-15	1140	Picture	64	24643552	0	1	20166	1	0	next	other	0
NU2-15	1141	Response	0	24701407	37521	1
NU2-15	1141	Response	0	24704766	40881	1
NU2-15	1142	Response	0	24710686	5635	1
NU2-15	1142	Response	100	24711966	6915	1
NU2-15	1144	Picture	8	24727384	0	1	20166	1	0	next	other	0
NU2-15	1146	Picture	25	24762716	0	1	20166	1	0	next	other	0
NU2-15	1148	Picture	63	24798048	0	1	20166	1	0	next	other	0
NU2-15	1149	Response	0	24921565	103184	1
NU2-15	1149	Response	0	24924284	105903	1
NU2-15	1150	Response	0	24932604	8059	1
NU2-15	1150	Response	100	24934044	9499	1
NU2-15	1152	Picture	9	24949378	0	1	20166	1	0	next	other	0
NU2-15	1154	Picture	37	24984710	0	1	20166	1	0	next	other	0
NU2-15	1156	Picture	50	25020043	0	1	29833	1	0	next	other	0
NU2-15	1156	Text Input	5	25049723	29680	0
NU2-15	1159	Picture	10	25080208	0	1	20166	1	0	next	other	0
NU2-15	1161	Picture	24	25115540	0	1	20166	1	0	next	other	0
NU2-15	1163	Picture	40	25150873	0	1	29166	1	0	next	other	0
NU2-15	1163	Text Input	12	25179962	29089	0
NU2-15	1166	Picture	9	25210371	0	1	20166	1	0	next	other	0
NU2-15	1168	Picture	36	25245704	0	1	20166	1	0	next	other	0
NU2-15	1170	Picture	73	25281036	0	1	20166	1	0	next	other	0
NU2-15	1171	Response	0	25385881	84511	1
NU2-15	1171	Response	100	25386840	85471	1
NU2-15	1173	Picture	12	25402200	0	1	20166	1	0	next	other	0
NU2-15	1175	Picture	34	25437532	0	1	20166	1	0	next	other	0
NU2-15	1177	Picture	50	25472865	0	1	35999	1	0	next	other	0
NU2-15	1177	Text Input	10	25508759	35894	0
NU2-15	1180	Picture	9	25539197	0	1	20166	1	0	next	other	0
NU2-15	1182	Picture	24	25574529	0	1	20166	1	0	next	other	0
NU2-15	1184	Picture	61	25609861	0	1	20166	1	0	next	other	0
NU2-15	1185	Response	0	25669718	39524	1
NU2-15	1185	Response	0	25674837	44643	1
NU2-15	1186	Response	0	25684117	9091	1
NU2-15	1186	Response	0	25684757	9731	1
NU2-15	1187	Response	0	25694037	9011	1
NU2-15	1187	Response	100	25694997	9971	1
NU2-15	1189	Picture	11	25710359	0	1	20166	1	0	next	other	0
NU2-15	1191	Picture	34	25745691	0	1	20166	1	0	next	other	0
NU2-15	1193	Picture	50	25781024	0	1	35499	1	0	next	other	0
NU2-15	1193	Text Input	9	25816436	35412	0
NU2-15	1196	Picture	12	25846856	0	1	20166	1	0	next	other	0
NU2-15	1198	Picture	27	25882188	0	1	20166	1	0	next	other	0
NU2-15	1200	Picture	64	25917520	0	1	20166	1	0	next	other	0
NU2-15	1201	Response	0	25959475	21622	1
NU2-15	1201	Response	0	25964275	26422	1
NU2-15	1202	Response	0	25971315	6795	1
NU2-15	1202	Response	100	25972115	7595	1
NU2-15	1204	Picture	8	25987519	0	1	20166	1	0	next	other	0
NU2-15	1206	Picture	34	26022851	0	1	20166	1	0	next	other	0
NU2-15	1208	Picture	50	26058184	0	1	26999	1	0	next	other	0
NU2-15	1208	Text Input	6	26085074	26890	0
NU2-15	1211	Picture	11	26115516	0	1	20166	1	0	next	other	0
NU2-15	1213	Picture	25	26150848	0	1	20166	1	0	next	other	0
NU2-15	1215	Picture	40	26186181	0	1	53665	1	0	next	other	0
NU2-15	1215	Text Input	13	26239792	53612	0
NU2-15	1218	Picture	10	26270178	0	1	20166	1	0	next	other	0
NU2-15	1220	Picture	34	26305511	0	1	20166	1	0	next	other	0
NU2-15	1222	Picture	72	26340843	0	1	20166	1	0	next	other	0
NU2-15	1223	Response	0	26373872	12695	1
NU2-15	1223	Response	100	26375151	13975	1
NU2-15	1225	Picture	10	26390509	0	1	20166	1	0	next	other	0
NU2-15	1227	Picture	35	26425841	0	1	20166	1	0	next	other	0
NU2-15	1229	Picture	50	26461174	0	1	28833	1	0	next	other	0
NU2-15	1229	Text Input	7	26489870	28696	0
NU2-15	1229	Response	0	26489870	28696	1
NU2-15	1230	Response	100	26490670	664	1
NU2-15	1232	Picture	8	26520339	0	1	20166	1	0	next	other	0
NU2-15	1234	Picture	35	26555671	0	1	20166	1	0	next	other	0
NU2-15	1236	Picture	74	26591004	0	1	20166	1	0	next	other	0
NU2-15	1237	Response	0	26613870	2533	1
NU2-15	1237	Response	0	26620109	8772	1
NU2-15	1238	Response	0	26624589	4253	1
NU2-15	1238	Response	0	26625389	5053	1
NU2-15	1239	Response	0	26632749	7079	1
NU2-15	1239	Response	0	26633229	7559	1
NU2-15	1240	Response	0	26636269	2766	1
NU2-15	1240	Response	0	26636589	3086	1
NU2-15	1241	Response	0	26640429	3593	1
NU2-15	1241	Response	100	26641069	4233	1
NU2-15	1243	Picture	10	26656502	0	1	20166	1	0	next	other	0
NU2-15	1245	Picture	34	26691835	0	1	20166	1	0	next	other	0
NU2-15	1247	Picture	50	26727167	0	1	27666	1	0	next	other	0
NU2-15	1247	Text Input	8	26754668	27501	0
NU2-15	1247	Response	0	26754668	27501	1
NU2-15	1248	Response	100	26755148	315	1
NU2-15	1250	Picture	8	26785166	0	1	20166	1	0	next	other	0
NU2-15	1252	Picture	25	26820498	0	1	20166	1	0	next	other	0
NU2-15	1254	Picture	61	26855830	0	1	20166	1	0	next	other	0
NU2-15	1255	Response	0	26908267	32104	1
NU2-15	1255	Response	100	26909226	33063	1
NU2-15	1257	Picture	9	26924662	0	1	20166	1	0	next	other	0
NU2-15	1259	Picture	27	26959995	0	1	20166	1	0	next	other	0
NU2-15	1261	Picture	61	26995327	0	1	20166	1	0	next	other	0
NU2-15	1262	Response	0	27031466	15806	1
NU2-15	1262	Response	0	27038985	23326	1
NU2-15	1263	Response	0	27049225	10066	1
NU2-15	1263	Response	100	27050505	11346	1
NU2-15	1265	Picture	11	27065992	0	1	20166	1	0	next	other	0
NU2-15	1267	Picture	24	27101324	0	1	20166	1	0	next	other	0
NU2-15	1269	Picture	61	27136657	0	1	20166	1	0	next	other	0
NU2-15	1270	Response	0	27169865	12875	1
NU2-15	1270	Response	0	27175144	18154	1
NU2-15	1271	Response	0	27187464	12142	1
NU2-15	1271	Response	100	27188744	13421	1
NU2-15	1273	Picture	11	27204155	0	1	20166	1	0	next	other	0
NU2-15	1275	Picture	24	27239488	0	1	20166	1	0	next	other	0
NU2-15	1277	Picture	40	27274820	0	1	54999	1	0	next	other	0
NU2-15	1277	Text Input	13	27329703	54883	0
NU2-15	1280	Picture	9	27360151	0	1	20166	1	0	next	other	0
NU2-15	1282	Picture	37	27395484	0	1	20166	1	0	next	other	0
NU2-15	1284	Picture	76	27430816	0	1	20166	1	0	next	other	0
NU2-15	1285	Response	0	27468902	17753	1
NU2-15	1285	Response	0	27476741	25592	1
NU2-15	1286	Response	0	27483941	6960	1
NU2-15	1286	Response	100	27485381	8400	1
NU2-15	1288	Picture	12	27500814	0	1	20166	1	0	next	other	0
NU2-15	1290	Picture	35	27536147	0	1	20166	1	0	next	other	0
NU2-15	1292	Picture	73	27571479	0	1	20166	1	0	next	other	0
NU2-15	1293	Response	0	27595141	3329	1
NU2-15	1293	Response	0	27599140	7328	1
NU2-15	1294	Response	0	27607780	8468	1
NU2-15	1294	Response	100	27609220	9908	1
NU2-15	1296	Picture	11	27624645	0	1	20166	1	0	next	other	0
NU2-15	1298	Picture	35	27659977	0	1	20166	1	0	next	other	0
NU2-15	1300	Picture	71	27695310	0	1	20166	1	0	next	other	0
NU2-15	1301	Response	0	27723780	8137	1
NU2-15	1301	Response	0	27734179	18537	1
NU2-15	1302	Response	0	27738499	4024	1
NU2-15	1302	Response	0	27739619	5144	1
NU2-15	1303	Response	0	27757539	17731	1
NU2-15	1303	Response	100	27759139	19331	1
NU2-15	1305	Picture	13	27774474	0	1	20166	1	0	next	other	0
NU2-15	1307	Picture	35	27809807	0	1	20166	1	0	next	other	0
NU2-15	1309	Picture	50	27845139	0	1	28666	1	0	next	other	0
NU2-15	1309	Text Input	10	27873698	28559	0
NU2-15	1312	Picture	9	27904138	0	1	20166	1	0	next	other	0
NU2-15	1314	Picture	26	27939470	0	1	20166	1	0	next	other	0
NU2-15	1316	Picture	40	27974803	0	1	34499	1	0	next	other	0
NU2-15	1316	Text Input	12	28009217	34414	0
NU2-15	1319	Picture	10	28039634	0	1	20166	1	0	next	other	0
NU2-15	1321	Picture	37	28074967	0	1	20166	1	0	next	other	0
NU2-15	1323	Picture	50	28110299	0	1	37332	1	0	next	other	0
NU2-15	1323	Text Input	6	28147615	37316	0
NU2-15	1326	Picture	11	28177964	0	1	20166	1	0	next	other	0
NU2-15	1328	Picture	36	28213297	0	1	20166	1	0	next	other	0
NU2-15	1330	Picture	73	28248629	0	1	20166	1	0	next	other	0
NU2-15	1331	Response	0	28373694	104732	1
NU2-15	1331	Response	0	28378493	109532	1
NU2-15	1332	Response	0	28389694	10901	1
NU2-15	1332	Response	0	28394813	16021	1
NU2-15	1333	Response	0	28402813	7688	1
NU2-15	1333	Response	0	28403773	8648	1
NU2-15	1334	Response	0	28406173	2215	1
NU2-15	1334	Response	0	28408733	4774	1
NU2-15	1335	Response	0	28410013	1055	1
NU2-15	1335	Response	0	28413053	4095	1
NU2-15	1336	Response	0	28425053	11761	1
NU2-15	1336	Response	0	28426173	12881	1
NU2-15	1337	Response	0	28429053	2595	1
NU2-15	1337	Response	0	28430173	3715	1
NU2-15	1338	Response	0	28439613	9155	1
NU2-15	1338	Response	100	28440413	9955	1
NU2-15	1340	Picture	10	28455791	0	1	20166	1	0	next	other	0
NU2-15	1342	Picture	27	28491123	0	1	20166	1	0	next	other	0
NU2-15	1344	Picture	40	28526456	0	1	26999	1	0	next	other	0
NU2-15	1344	Text Input	13	28553372	26916	0
NU2-15	1347	Picture	11	28583787	0	1	20166	1	0	next	other	0
NU2-15	1349	Picture	25	28619120	0	1	20166	1	0	next	other	0
NU2-15	1351	Picture	64	28654452	0	1	20166	1	0	next	other	0
NU2-15	1352	Response	0	28679611	4826	1
NU2-15	1352	Response	0	28686010	11225	1
NU2-15	1353	Response	0	28690650	4366	1
NU2-15	1353	Response	100	28691930	5646	1
NU2-15	1355	Picture	8	28707284	0	1	20166	1	0	next	other	0
NU2-15	1357	Picture	36	28742617	0	1	20166	1	0	next	other	0
NU2-15	1359	Picture	72	28777949	0	1	20166	1	0	next	other	0
NU2-15	1360	Response	0	28849209	50927	1
NU2-15	1360	Response	0	28854649	56367	1
NU2-15	1361	Response	0	28874008	19061	1
NU2-15	1361	Response	0	28874969	20022	1
NU2-15	1362	Response	0	28878489	3209	1
NU2-15	1362	Response	100	28879449	4169	1
NU2-15	1364	Picture	11	28894946	0	1	20166	1	0	next	other	0
NU2-15	1366	Picture	24	28930279	0	1	20166	1	0	next	other	0
NU2-15	1368	Picture	40	28965611	0	1	37999	1	0	next	other	0
NU2-15	1368	Text Input	13	29003448	37837	0
NU2-15	1371	Picture	11	29033943	0	1	20166	1	0	next	other	0
NU2-15	1373	Picture	37	29069275	0	1	20166	1	0	next	other	0
NU2-15	1375	Picture	73	29104608	0	1	20166	1	0	next	other	0
NU2-15	1376	Response	0	29176887	51946	1
NU2-15	1376	Response	0	29179606	54666	1
NU2-15	1377	Response	0	29185366	5427	1
NU2-15	1377	Response	0	29186006	6067	1
NU2-15	1378	Response	0	29194326	8054	1
NU2-15	1378	Response	100	29195286	9014	1
NU2-15	1380	Picture	12	29210772	0	1	20166	1	0	next	other	0
NU2-15	1382	Picture	35	29246104	0	1	20166	1	0	next	other	0
NU2-15	1384	Picture	50	29281437	0	1	98664	1	0	next	other	0
NU2-15	1384	Text Input	9	29380084	98648	0
NU2-15	1387	Picture	11	29410433	0	1	20166	1	0	next	other	0
NU2-15	1389	Picture	36	29445766	0	1	20166	1	0	next	other	0
NU2-15	1391	Picture	50	29481098	0	1	105831	1	0	next	other	0
NU2-15	1391	Text Input	8	29586803	105704	0
NU2-15	1394	Picture	10	29617262	0	1	20166	1	0	next	other	0
NU2-15	1396	Picture	35	29652594	0	1	20166	1	0	next	other	0
NU2-15	1398	Picture	73	29687927	0	1	20166	1	0	next	other	0
NU2-15	1399	Response	0	29758961	50702	1
NU2-15	1399	Response	0	29761841	53582	1
NU2-15	1400	Response	0	29767761	5670	1
NU2-15	1400	Response	100	29768881	6790	1
NU2-15	1402	Picture	10	29784257	0	1	20166	1	0	next	other	0
NU2-15	1404	Picture	26	29819590	0	1	20166	1	0	next	other	0
NU2-15	1406	Picture	64	29854922	0	1	20166	1	0	next	other	0
NU2-15	1407	Response	0	29886160	10905	1
NU2-15	1407	Response	0	29888560	13305	1
NU2-15	1408	Response	0	29892400	3645	1
NU2-15	1408	Response	0	29892720	3965	1
NU2-15	1409	Response	0	29913040	20118	1
NU2-15	1409	Response	100	29914000	21078	1
NU2-15	1411	Picture	8	29929421	0	1	20166	1	0	next	other	0
NU2-15	1413	Picture	37	29964753	0	1	20166	1	0	next	other	0
NU2-15	1415	Picture	73	30000085	0	1	20166	1	0	next	other	0
NU2-15	1416	Response	0	30040559	20140	1
NU2-15	1416	Response	0	30043599	23180	1
NU2-15	1417	Response	0	30056238	12321	1
NU2-15	1417	Response	100	30057358	13441	1
NU2-15	1419	Picture	12	30072750	0	1	20166	1	0	next	other	0
NU2-15	1421	Picture	37	30108083	0	1	20166	1	0	next	other	0
NU2-15	1423	Picture	50	30143415	0	1	41666	1	0	next	other	0
NU2-15	1423	Text Input	8	30185037	41622	0
NU2-15	1426	Picture	8	30215413	0	1	20166	1	0	next	other	0
NU2-15	1428	Picture	25	30250746	0	1	20166	1	0	next	other	0
NU2-15	1430	Picture	63	30286078	0	1	20166	1	0	next	other	0
NU2-15	1431	Response	0	30374956	68545	1
NU2-15	1431	Response	0	30378316	71904	1
NU2-15	1432	Response	0	30386315	7739	1
NU2-15	1432	Response	100	30387115	8539	1
NU2-15	1434	Picture	11	30402575	0	1	20166	1	0	next	other	0
NU2-15	1436	Picture	35	30437908	0	1	20166	1	0	next	other	0
NU2-15	1438	Picture	50	30473240	0	1	40332	1	0	next	other	0
NU2-15	1438	Text Input	8	30513514	40274	0
NU2-15	1441	Picture	12	30543905	0	1	20166	1	0	next	other	0
NU2-15	1443	Picture	36	30579238	0	1	20166	1	0	next	other	0
NU2-15	1445	Picture	50	30614570	0	1	33333	1	0	next	other	0
NU2-15	1445	Text Input	9	30647753	33183	0
NU2-15	1448	Picture	12	30678235	0	1	20166	1	0	next	other	0
NU2-15	1450	Picture	35	30713568	0	1	20166	1	0	next	other	0
NU2-15	1452	Picture	50	30748900	0	1	28333	1	0	next	other	0
NU2-15	1452	Text Input	9	30777192	28292	0
NU2-15	1455	Picture	12	30807565	0	1	20166	1	0	next	other	0
NU2-15	1457	Picture	27	30842898	0	1	20166	1	0	next	other	0
NU2-15	1459	Picture	40	30878230	0	1	47166	1	0	next	other	0
NU2-15	1459	Text Input	15	30925351	47120	0
NU2-15	1463	Picture	9	31555880	0	1	20166	1	0	next	other	0
NU2-15	1465	Picture	34	31591212	0	1	20166	1	0	next	other	0
NU2-15	1467	Picture	73	31626545	0	1	20166	1	0	next	other	0
NU2-15	1468	Response	0	31668544	21667	1
NU2-15	1468	Response	0	31675104	28226	1
NU2-15	1469	Response	0	31709344	33967	1
NU2-15	1469	Response	0	31710944	35567	1
NU2-15	1470	Response	0	31714304	3094	1
NU2-15	1470	Response	0	31715744	4534	1
NU2-15	1471	Response	0	31719263	3221	1
NU2-15	1471	Response	0	31720224	4181	1
NU2-15	1472	Response	0	31732704	12161	1
NU2-15	1472	Response	0	31733343	12801	1
NU2-15	1473	Response	0	31737343	3801	1
NU2-15	1473	Response	100	31738463	4921	1
NU2-15	1475	Picture	12	31753875	0	1	20166	1	0	next	other	0
NU2-15	1477	Picture	26	31789207	0	1	20166	1	0	next	other	0
NU2-15	1479	Picture	40	31824540	0	1	37832	1	0	next	other	0
NU2-15	1479	Text Input	15	31862302	37762	0
NU2-15	1482	Picture	9	31892705	0	1	20166	1	0	next	other	0
NU2-15	1484	Picture	34	31928037	0	1	20166	1	0	next	other	0
NU2-15	1486	Picture	73	31963370	0	1	20166	1	0	next	other	0
NU2-15	1487	Response	0	32044061	60359	1
NU2-15	1487	Response	0	32047901	64198	1
NU2-15	1488	Response	0	32053341	5140	1
NU2-15	1488	Response	0	32054620	6419	1
NU2-15	1489	Response	0	32086140	31273	1
NU2-15	1489	Response	100	32087580	32713	1
NU2-15	1491	Picture	8	32103033	0	1	20166	1	0	next	other	0
NU2-15	1493	Picture	24	32138365	0	1	20166	1	0	next	other	0
NU2-15	1495	Picture	40	32173698	0	1	29666	1	0	next	other	0
NU2-15	1495	Text Input	10	32203259	29561	0
NU2-15	1498	Picture	12	32233696	0	1	20166	1	0	next	other	0
NU2-15	1500	Picture	36	32269029	0	1	20166	1	0	next	other	0
NU2-15	1502	Picture	50	32304361	0	1	41499	1	0	next	other	0
NU2-15	1502	Text Input	9	32345818	41457	0
NU2-15	1505	Picture	11	32376193	0	1	20166	1	0	next	other	0
NU2-15	1507	Picture	25	32411525	0	1	20166	1	0	next	other	0
NU2-15	1509	Picture	64	32446858	0	1	20166	1	0	next	other	0
NU2-15	1510	Response	0	32487897	20707	1
NU2-15	1510	Response	0	32494296	27106	1
NU2-15	1511	Response	0	32500696	6173	1
NU2-15	1511	Response	100	32501816	7293	1
NU2-15	1513	Picture	11	32517189	0	1	20166	1	0	next	other	0
NU2-15	1515	Picture	27	32552522	0	1	20166	1	0	next	other	0
NU2-15	1517	Picture	64	32587854	0	1	20166	1	0	next	other	0
NU2-15	1518	Response	0	32641176	32989	1
NU2-15	1518	Response	0	32644215	36028	1
NU2-15	1519	Response	0	32649495	4976	1
NU2-15	1519	Response	0	32649655	5136	1
NU2-15	1520	Response	0	32653175	3322	1
NU2-15	1520	Response	100	32653975	4123	1
NU2-15	1522	Picture	11	32669352	0	1	20166	1	0	next	other	0
NU2-15	1524	Picture	37	32704685	0	1	20166	1	0	next	other	0
NU2-15	1526	Picture	76	32740017	0	1	20166	1	0	next	other	0
NU2-15	1527	Response	0	32764055	3705	1
NU2-15	1527	Response	0	32771414	11064	1
NU2-15	1528	Response	0	32783254	11571	1
NU2-15	1528	Response	0	32784534	12851	1
NU2-15	1529	Response	0	32791734	6885	1
NU2-15	1529	Response	0	32792534	7684	1
NU2-15	1530	Response	0	32795734	2885	1
NU2-15	1530	Response	0	32796214	3365	1
NU2-15	1531	Response	0	32798773	2258	1
NU2-15	1531	Response	100	32799414	2898	1
NU2-15	1533	Picture	9	32814849	0	1	20166	1	0	next	other	0
NU2-15	1535	Picture	35	32850181	0	1	20166	1	0	next	other	0
NU2-15	1537	Picture	50	32885514	0	1	49165	1	0	next	other	0
NU2-15	1537	Text Input	6	32934613	49099	0
NU2-15	1540	Picture	10	32965012	0	1	20166	1	0	next	other	0
NU2-15	1542	Picture	24	33000344	0	1	20166	1	0	next	other	0
NU2-15	1544	Picture	40	33035676	0	1	29333	1	0	next	other	0
NU2-15	1544	Text Input	12	33064852	29175	0
NU2-15	1547	Picture	10	33095342	0	1	20166	1	0	next	other	0
NU2-15	1549	Picture	36	33130674	0	1	20166	1	0	next	other	0
NU2-15	1551	Picture	75	33166007	0	1	20166	1	0	next	other	0
NU2-15	1552	Response	0	33197331	10991	1
NU2-15	1552	Response	0	33205810	19471	1
NU2-15	1553	Response	0	33209810	3805	1
NU2-15	1553	Response	100	33211410	5405	1
NU2-15	1555	Picture	9	33226838	0	1	20166	1	0	next	other	0
NU2-15	1557	Picture	26	33262171	0	1	20166	1	0	next	other	0
NU2-15	1559	Picture	40	33297503	0	1	38666	1	0	next	other	0
NU2-15	1559	Text Input	12	33336049	38546	0
NU2-15	1562	Picture	8	33366501	0	1	20166	1	0	next	other	0
NU2-15	1564	Picture	34	33401834	0	1	20166	1	0	next	other	0
NU2-15	1566	Picture	73	33437166	0	1	20166	1	0	next	other	0
NU2-15	1567	Response	0	33508208	50709	1
NU2-15	1567	Response	0	33512848	55349	1
NU2-15	1568	Response	0	33521968	8803	1
NU2-15	1568	Response	0	33522127	8963	1
NU2-15	1569	Response	0	33530928	8597	1
NU2-15	1569	Response	0	33531567	9236	1
NU2-15	1570	Response	0	33537968	6137	1
NU2-15	1570	Response	0	33538767	6937	1
NU2-15	1571	Response	0	33541647	2650	1
NU2-15	1571	Response	0	33542127	3130	1
NU2-15	1572	Response	0	33546287	3957	1
NU2-15	1572	Response	100	33546927	4597	1
NU2-15	1574	Picture	10	33562330	0	1	20166	1	0	next	other	0
NU2-15	1576	Picture	26	33597662	0	1	20166	1	0	next	other	0
NU2-15	1578	Picture	63	33632995	0	1	20166	1	0	next	other	0
NU2-15	1579	Response	0	33656527	3199	1
NU2-15	1579	Response	100	33657966	4639	1
NU2-15	1581	Picture	8	33673327	0	1	20166	1	0	next	other	0
NU2-15	1583	Picture	35	33708660	0	1	20166	1	0	next	other	0
NU2-15	1585	Picture	72	33743992	0	1	20166	1	0	next	other	0
NU2-15	1586	Response	0	33789326	25001	1
NU2-15	1586	Response	0	33793325	29000	1
NU2-15	1587	Response	0	33801005	7347	1
NU2-15	1587	Response	100	33801965	8307	1
NU2-15	1589	Picture	8	33817324	0	1	20166	1	0	next	other	0
NU2-15	1591	Picture	34	33852656	0	1	20166	1	0	next	other	0
NU2-15	1593	Picture	50	33887989	0	1	43666	1	0	next	other	0
NU2-15	1593	Text Input	6	33931564	43575	0
NU2-15	1596	Picture	11	33961987	0	1	20166	1	0	next	other	0
NU2-15	1598	Picture	27	33997319	0	1	20166	1	0	next	other	0
NU2-15	1600	Picture	40	34032652	0	1	114664	1	0	next	other	0
NU2-15	1600	Text Input	14	34147242	114590	0
NU2-15	1603	Picture	11	34177648	0	1	20166	1	0	next	other	0
NU2-15	1605	Picture	36	34212980	0	1	20166	1	0	next	other	0
NU2-15	1607	Picture	50	34248313	0	1	57332	1	0	next	other	0
NU2-15	1607	Text Input	8	34305481	57168	0
NU2-15	1610	Picture	9	34335977	0	1	20166	1	0	next	other	0
NU2-15	1612	Picture	26	34371310	0	1	20166	1	0	next	other	0
NU2-15	1614	Picture	40	34406642	0	1	33166	1	0	next	other	0
NU2-15	1614	Text Input	12	34439719	33077	0
NU2-15	1617	Picture	12	34470141	0	1	20166	1	0	next	other	0
NU2-15	1619	Picture	24	34505473	0	1	20166	1	0	next	other	0
NU2-15	1621	Picture	40	34540806	0	1	45832	1	0	next	other	0
NU2-15	1621	Text Input	14	34586598	45792	0
NU2-15	1624	Picture	8	34616970	0	1	20166	1	0	next	other	0
NU2-15	1626	Picture	26	34652303	0	1	20166	1	0	next	other	0
NU2-15	1628	Picture	62	34687635	0	1	20166	1	0	next	other	0
NU2-15	1629	Response	0	34767397	59429	1
NU2-15	1629	Response	0	34771076	63108	1
NU2-15	1630	Response	0	34776516	5217	1
NU2-15	1630	Response	100	34777636	6336	1
NU2-15	1632	Picture	End of exepriment	34777966	0	1	108881	1	0	next	other	0
NU2-15	1632	Response	0	34848876	70909	1

The following output port codes were not sent because of a conflict on the port.
Port	Code	Time(ms)
1	255	3.47778e+006
