Scenario - 
Logfile written - 04/08/2016 12:19:46

Subject	Trial	Event Type	Code	Time	TTime	Uncertainty	Duration	Uncertainty	ReqTime	ReqDur	Stim Type	Pair Index

NU2-14	1	Picture	Instructions	166	0	1	188829	1	0	next	other	0
NU2-14	1	Response	0	188928	188762	1
NU2-14	2	Picture	Instructions	188995	0	1	134830	1	0	next	other	0
NU2-14	2	Response	0	323647	134652	1
NU2-14	4	Picture	Experiment starts	323825	0	1	30166	1	0	next	other	0
NU2-14	6	Picture	9	369157	0	1	20166	1	0	next	other	0
NU2-14	8	Picture	36	404490	0	1	20166	1	0	next	other	0
NU2-14	10	Picture	50	439822	0	1	52165	1	0	next	other	0
NU2-14	10	Text Input	6	491965	52143	0
NU2-14	10	Response	0	491965	52143	1
NU2-14	11	Response	100	493245	1258	1
NU2-14	13	Picture	12	522320	0	1	20166	1	0	next	other	0
NU2-14	15	Picture	24	557653	0	1	20166	1	0	next	other	0
NU2-14	17	Picture	61	592985	0	1	20166	1	0	next	other	0
NU2-14	18	Response	0	674844	61526	1
NU2-14	18	Response	0	676284	62966	1
NU2-14	19	Response	0	678684	2201	1
NU2-14	19	Response	0	680124	3641	1
NU2-14	20	Response	0	682043	1727	1
NU2-14	20	Response	0	683324	3007	1
NU2-14	21	Response	0	691323	7674	1
NU2-14	21	Response	0	692283	8634	1
NU2-14	22	Response	0	703163	10681	1
NU2-14	22	Response	0	704123	11641	1
NU2-14	23	Response	0	730843	26528	1
NU2-14	23	Response	100	732123	27808	1
NU2-14	25	Picture	12	747481	0	1	20166	1	0	next	other	0
NU2-14	27	Picture	24	782814	0	1	20166	1	0	next	other	0
NU2-14	29	Picture	61	818146	0	1	20166	1	0	next	other	0
NU2-14	30	Response	0	886362	47884	1
NU2-14	30	Response	0	887962	49483	1
NU2-14	31	Response	0	889402	1257	1
NU2-14	31	Response	0	890362	2217	1
NU2-14	32	Response	0	891482	837	1
NU2-14	32	Response	0	892602	1957	1
NU2-14	33	Response	0	893882	1071	1
NU2-14	33	Response	0	895322	2511	1
NU2-14	34	Response	0	897562	1918	1
NU2-14	34	Response	0	898522	2877	1
NU2-14	35	Response	0	910202	11391	1
NU2-14	35	Response	0	910841	12031	1
NU2-14	36	Response	0	941241	30098	1
NU2-14	36	Response	100	942521	31377	1
NU2-14	38	Picture	11	957976	0	1	20166	1	0	next	other	0
NU2-14	40	Picture	34	993308	0	1	20166	1	0	next	other	0
NU2-14	42	Picture	72	1028641	0	1	20166	1	0	next	other	0
NU2-14	43	Response	0	1096600	47627	1
NU2-14	43	Response	0	1097880	48906	1
NU2-14	44	Response	0	1099960	1821	1
NU2-14	44	Response	0	1100919	2780	1
NU2-14	45	Response	0	1113880	12741	1
NU2-14	45	Response	0	1115640	14501	1
NU2-14	46	Response	0	1161400	45428	1
NU2-14	46	Response	0	1162839	46867	1
NU2-14	47	Response	0	1204759	41622	1
NU2-14	47	Response	100	1205719	42582	1
NU2-14	49	Picture	8	1221136	0	1	20166	1	0	next	other	0
NU2-14	51	Picture	26	1256468	0	1	20166	1	0	next	other	0
NU2-14	53	Picture	40	1291801	0	1	49332	1	0	next	other	0
NU2-14	53	Text Input	11	1341078	49277	0
NU2-14	53	Response	0	1341078	49277	1
NU2-14	54	Response	100	1342358	1225	1
NU2-14	56	Picture	12	1371465	0	1	20166	1	0	next	other	0
NU2-14	58	Picture	35	1406798	0	1	20166	1	0	next	other	0
NU2-14	60	Picture	71	1442130	0	1	20166	1	0	next	other	0
NU2-14	61	Response	0	1632596	170132	1
NU2-14	61	Response	0	1633555	171092	1
NU2-14	62	Response	0	1649875	16083	1
NU2-14	62	Response	0	1651155	17363	1
NU2-14	63	Response	0	1652275	816	1
NU2-14	63	Response	0	1653875	2416	1
NU2-14	64	Response	0	1655315	1190	1
NU2-14	64	Response	0	1657235	3110	1
NU2-14	65	Response	0	1676595	19137	1
NU2-14	65	Response	100	1678355	20896	1
NU2-14	67	Picture	8	1693791	0	1	20166	1	0	next	other	0
NU2-14	69	Picture	35	1729123	0	1	20166	1	0	next	other	0
NU2-14	71	Picture	72	1764456	0	1	20166	1	0	next	other	0
NU2-14	72	Response	0	1812114	27326	1
NU2-14	72	Response	100	1813393	28605	1
NU2-14	74	Picture	9	1828787	0	1	20166	1	0	next	other	0
NU2-14	76	Picture	36	1864120	0	1	20166	1	0	next	other	0
NU2-14	78	Picture	71	1899452	0	1	20166	1	0	next	other	0
NU2-14	79	Response	0	1931953	12168	1
NU2-14	79	Response	0	1936752	16967	1
NU2-14	80	Response	0	1940272	3321	1
NU2-14	80	Response	0	1943792	6841	1
NU2-14	81	Response	0	1952272	8154	1
NU2-14	81	Response	100	1953872	9754	1
NU2-14	83	Picture	9	1969284	0	1	20166	1	0	next	other	0
NU2-14	85	Picture	26	2004616	0	1	20166	1	0	next	other	0
NU2-14	87	Picture	62	2039949	0	1	20166	1	0	next	other	0
NU2-14	88	Response	0	2196590	136309	1
NU2-14	88	Response	0	2198190	137908	1
NU2-14	89	Response	0	2203790	5345	1
NU2-14	89	Response	0	2205230	6785	1
NU2-14	90	Response	0	2209870	4425	1
NU2-14	90	Response	0	2210670	5225	1
NU2-14	91	Response	0	2229550	18605	1
NU2-14	91	Response	0	2230830	19885	1
NU2-14	92	Response	0	2254829	23719	1
NU2-14	92	Response	100	2256269	25159	1
NU2-14	94	Picture	10	2271610	0	1	20166	1	0	next	other	0
NU2-14	96	Picture	25	2306942	0	1	20166	1	0	next	other	0
NU2-14	98	Picture	62	2342275	0	1	20166	1	0	next	other	0
NU2-14	99	Response	0	2398989	36381	1
NU2-14	99	Response	0	2400748	38141	1
NU2-14	100	Response	0	2422188	21248	1
NU2-14	100	Response	0	2424108	23168	1
NU2-14	101	Response	0	2431308	6869	1
NU2-14	101	Response	0	2433228	8789	1
NU2-14	102	Response	0	2441228	7789	1
NU2-14	102	Response	0	2442028	8589	1
NU2-14	103	Response	0	2454348	12076	1
NU2-14	103	Response	100	2455948	13676	1
NU2-14	105	Picture	11	2471438	0	1	20166	1	0	next	other	0
NU2-14	107	Picture	24	2506771	0	1	20166	1	0	next	other	0
NU2-14	109	Picture	63	2542103	0	1	20166	1	0	next	other	0
NU2-14	110	Response	0	2594187	31751	1
NU2-14	110	Response	0	2595786	33351	1
NU2-14	111	Response	0	2598346	2245	1
NU2-14	111	Response	0	2599946	3845	1
NU2-14	112	Response	0	2604106	3838	1
NU2-14	112	Response	0	2606186	5918	1
NU2-14	113	Response	0	2610826	4392	1
NU2-14	113	Response	0	2612586	6152	1
NU2-14	114	Response	0	2621386	8618	1
NU2-14	114	Response	100	2622827	10059	1
NU2-14	116	Picture	8	2638267	0	1	20166	1	0	next	other	0
NU2-14	118	Picture	37	2673600	0	1	20166	1	0	next	other	0
NU2-14	120	Picture	74	2708932	0	1	20166	1	0	next	other	0
NU2-14	121	Response	0	2742186	12921	1
NU2-14	121	Response	0	2743465	14200	1
NU2-14	122	Response	0	2745705	1941	1
NU2-14	122	Response	0	2746985	3220	1
NU2-14	123	Response	0	2748265	1001	1
NU2-14	123	Response	0	2749545	2281	1
NU2-14	124	Response	0	2750345	581	1
NU2-14	124	Response	0	2751145	1380	1
NU2-14	125	Response	0	2753865	2434	1
NU2-14	125	Response	0	2754985	3554	1
NU2-14	126	Response	0	2763145	7881	1
NU2-14	126	Response	0	2763785	8521	1
NU2-14	127	Response	0	2770825	6727	1
NU2-14	127	Response	0	2772105	8007	1
NU2-14	128	Response	0	2775465	3034	1
NU2-14	128	Response	100	2776745	4314	1
NU2-14	130	Picture	10	2792097	0	1	20166	1	0	next	other	0
NU2-14	132	Picture	35	2827429	0	1	20166	1	0	next	other	0
NU2-14	134	Picture	72	2862762	0	1	20166	1	0	next	other	0
NU2-14	135	Response	0	2941704	58609	1
NU2-14	135	Response	0	2942343	59249	1
NU2-14	136	Response	0	2969863	27270	1
NU2-14	136	Response	0	2970823	28230	1
NU2-14	137	Response	0	2971783	691	1
NU2-14	137	Response	0	2972423	1331	1
NU2-14	138	Response	0	2977223	4631	1
NU2-14	138	Response	100	2978183	5591	1
NU2-14	140	Picture	9	2993592	0	1	20166	1	0	next	other	0
NU2-14	142	Picture	26	3028924	0	1	20166	1	0	next	other	0
NU2-14	144	Picture	64	3064257	0	1	20166	1	0	next	other	0
NU2-14	145	Response	0	3155302	70713	1
NU2-14	145	Response	0	3157061	72472	1
NU2-14	146	Response	0	3162341	5087	1
NU2-14	146	Response	0	3163621	6367	1
NU2-14	147	Response	0	3168421	4501	1
NU2-14	147	Response	0	3169541	5620	1
NU2-14	148	Response	0	3186501	16747	1
NU2-14	148	Response	100	3187461	17707	1
NU2-14	150	Picture	10	3202920	0	1	20166	1	0	next	other	0
NU2-14	152	Picture	35	3238252	0	1	20166	1	0	next	other	0
NU2-14	154	Picture	73	3273585	0	1	20166	1	0	next	other	0
NU2-14	155	Response	0	3303621	9703	1
NU2-14	155	Response	100	3305220	11303	1
NU2-14	157	Picture	8	3320584	0	1	20166	1	0	next	other	0
NU2-14	159	Picture	36	3355916	0	1	20166	1	0	next	other	0
NU2-14	161	Picture	71	3391248	0	1	20166	1	0	next	other	0
NU2-14	162	Response	0	3437379	25798	1
NU2-14	162	Response	0	3438819	27238	1
NU2-14	163	Response	0	3440899	1818	1
NU2-14	163	Response	0	3442339	3258	1
NU2-14	164	Response	0	3443619	1038	1
NU2-14	164	Response	0	3445059	2478	1
NU2-14	165	Response	0	3466019	20771	1
NU2-14	165	Response	0	3466659	21411	1
NU2-14	166	Response	0	3474499	7585	1
NU2-14	166	Response	100	3475778	8865	1
NU2-14	168	Picture	12	3491246	0	1	20166	1	0	next	other	0
NU2-14	170	Picture	36	3526578	0	1	20166	1	0	next	other	0
NU2-14	172	Picture	74	3561911	0	1	20166	1	0	next	other	0
NU2-14	173	Response	0	3624097	41854	1
NU2-14	173	Response	0	3625697	43454	1
NU2-14	174	Response	0	3630017	4108	1
NU2-14	174	Response	0	3631297	5388	1
NU2-14	175	Response	0	3712257	80681	1
NU2-14	175	Response	0	3713536	81961	1
NU2-14	176	Response	0	3716577	2836	1
NU2-14	176	Response	0	3718016	4276	1
NU2-14	177	Response	0	3745697	27456	1
NU2-14	177	Response	100	3747456	29216	1
NU2-14	179	Picture	12	3762906	0	1	20166	1	0	next	other	0
NU2-14	181	Picture	34	3798238	0	1	20166	1	0	next	other	0
NU2-14	183	Picture	72	3833571	0	1	20166	1	0	next	other	0
NU2-14	184	Response	0	3868096	14192	1
NU2-14	184	Response	100	3869535	15632	1
NU2-14	186	Picture	12	3884903	0	1	20166	1	0	next	other	0
NU2-14	188	Picture	37	3920235	0	1	20166	1	0	next	other	0
NU2-14	190	Picture	50	3955568	0	1	104664	1	0	next	other	0
NU2-14	190	Text Input	8	4060093	104526	0
NU2-14	190	Response	0	4060093	104526	1
NU2-14	191	Response	100	4061693	1462	1
NU2-14	193	Picture	8	4090564	0	1	20166	1	0	next	other	0
NU2-14	195	Picture	34	4125897	0	1	20166	1	0	next	other	0
NU2-14	197	Picture	50	4161229	0	1	34666	1	0	next	other	0
NU2-14	197	Text Input	6	4195772	34543	0
NU2-14	197	Response	0	4195772	34543	1
NU2-14	198	Response	100	4197532	1637	1
NU2-14	200	Picture	10	4226228	0	1	20166	1	0	next	other	0
NU2-14	202	Picture	37	4261560	0	1	20166	1	0	next	other	0
NU2-14	204	Picture	50	4296892	0	1	51999	1	0	next	other	0
NU2-14	204	Text Input	6	4348731	51838	0
NU2-14	204	Response	0	4348731	51838	1
NU2-14	205	Response	100	4349851	960	1
NU2-14	207	Picture	9	4379224	0	1	20166	1	0	next	other	0
NU2-14	209	Picture	35	4414556	0	1	20166	1	0	next	other	0
NU2-14	211	Picture	72	4449889	0	1	20166	1	0	next	other	0
NU2-14	212	Response	0	4552889	82668	1
NU2-14	212	Response	0	4554489	84267	1
NU2-14	213	Response	0	4560729	6009	1
NU2-14	213	Response	0	4561849	7129	1
NU2-14	214	Response	0	4568089	6036	1
NU2-14	214	Response	0	4568729	6676	1
NU2-14	215	Response	0	4583129	14076	1
NU2-14	215	Response	100	4584249	15196	1
NU2-14	217	Picture	11	4599718	0	1	20166	1	0	next	other	0
NU2-14	219	Picture	35	4635051	0	1	20166	1	0	next	other	0
NU2-14	221	Picture	71	4670383	0	1	20166	1	0	next	other	0
NU2-14	222	Response	0	4721368	30652	1
NU2-14	222	Response	0	4722807	32091	1
NU2-14	223	Response	0	4724888	1839	1
NU2-14	223	Response	0	4729047	5999	1
NU2-14	224	Response	0	4737687	8472	1
NU2-14	224	Response	100	4739447	10232	1
NU2-14	226	Picture	13	4754881	0	1	20166	1	0	next	other	0
NU2-14	228	Picture	35	4790214	0	1	20166	1	0	next	other	0
NU2-14	230	Picture	50	4825546	0	1	37332	1	0	next	other	0
NU2-14	230	Text Input	10	4862806	37260	0
NU2-14	230	Response	0	4862806	37260	1
NU2-14	231	Response	100	4863926	1048	1
NU2-14	233	Picture	12	4893211	0	1	20166	1	0	next	other	0
NU2-14	235	Picture	26	4928543	0	1	20166	1	0	next	other	0
NU2-14	237	Picture	40	4963876	0	1	54999	1	0	next	other	0
NU2-14	237	Text Input	15	5018805	54929	0
NU2-14	237	Response	0	5018805	54929	1
NU2-14	238	Response	100	5020245	1370	1
NU2-14	240	Picture	10	5049207	0	1	20166	1	0	next	other	0
NU2-14	242	Picture	24	5084540	0	1	20166	1	0	next	other	0
NU2-14	244	Picture	40	5119872	0	1	42332	1	0	next	other	0
NU2-14	244	Text Input	12	5162164	42292	0
NU2-14	244	Response	0	5162164	42292	1
NU2-14	245	Response	100	5163124	919	1
NU2-14	247	Picture	9	5192537	0	1	20166	1	0	next	other	0
NU2-14	249	Picture	35	5227869	0	1	20166	1	0	next	other	0
NU2-14	251	Picture	50	5263202	0	1	34166	1	0	next	other	0
NU2-14	251	Text Input	6	5297202	34001	0
NU2-14	251	Response	0	5297202	34001	1
NU2-14	252	Response	100	5298642	1275	1
NU2-14	254	Picture	10	5327700	0	1	20166	1	0	next	other	0
NU2-14	256	Picture	25	5363033	0	1	20166	1	0	next	other	0
NU2-14	258	Picture	64	5398365	0	1	20166	1	0	next	other	0
NU2-14	259	Response	0	5423762	5064	1
NU2-14	259	Response	0	5425521	6823	1
NU2-14	260	Response	0	5426961	1263	1
NU2-14	260	Response	0	5431121	5423	1
NU2-14	261	Response	0	5441521	10157	1
NU2-14	261	Response	100	5443121	11757	1
NU2-14	263	Picture	12	5458530	0	1	20166	1	0	next	other	0
NU2-14	265	Picture	25	5493863	0	1	20166	1	0	next	other	0
NU2-14	267	Picture	40	5529195	0	1	52499	1	0	next	other	0
NU2-14	267	Text Input	14	5581680	52485	0
NU2-14	267	Response	0	5581680	52485	1
NU2-14	268	Response	100	5582800	1106	1
NU2-14	270	Picture	11	5612026	0	1	20166	1	0	next	other	0
NU2-14	272	Picture	37	5647359	0	1	20166	1	0	next	other	0
NU2-14	274	Picture	73	5682691	0	1	20166	1	0	next	other	0
NU2-14	275	Response	0	5748559	45535	1
NU2-14	275	Response	0	5749838	46814	1
NU2-14	276	Response	0	5755278	5255	1
NU2-14	276	Response	0	5756078	6055	1
NU2-14	277	Response	0	5806318	49962	1
NU2-14	277	Response	100	5807598	51242	1
NU2-14	279	Picture	9	5823021	0	1	20166	1	0	next	other	0
NU2-14	281	Picture	27	5858354	0	1	20166	1	0	next	other	0
NU2-14	283	Picture	65	5893686	0	1	20166	1	0	next	other	0
NU2-14	284	Response	0	5951437	37418	1
NU2-14	284	Response	0	5954796	40778	1
NU2-14	285	Response	0	5957996	2978	1
NU2-14	285	Response	0	5959436	4418	1
NU2-14	286	Response	0	5964396	4712	1
NU2-14	286	Response	100	5965356	5672	1
NU2-14	288	Picture	11	5980851	0	1	20166	1	0	next	other	0
NU2-14	290	Picture	27	6016183	0	1	20166	1	0	next	other	0
NU2-14	292	Picture	61	6051515	0	1	20166	1	0	next	other	0
NU2-14	293	Response	0	6088875	17027	1
NU2-14	293	Response	0	6094795	22947	1
NU2-14	294	Response	0	6098315	3301	1
NU2-14	294	Response	0	6100875	5861	1
NU2-14	295	Response	0	6105035	3854	1
NU2-14	295	Response	100	6106955	5774	1
NU2-14	297	Picture	9	6122347	0	1	20166	1	0	next	other	0
NU2-14	299	Picture	35	6157679	0	1	20166	1	0	next	other	0
NU2-14	301	Picture	74	6193012	0	1	20166	1	0	next	other	0
NU2-14	302	Response	0	6221834	8490	1
NU2-14	302	Response	0	6228074	14729	1
NU2-14	303	Response	0	6228394	50	1
NU2-14	303	Response	0	6229034	690	1
NU2-14	304	Response	0	6242634	13289	1
NU2-14	304	Response	100	6244394	15050	1
NU2-14	306	Picture	9	6259844	0	1	20166	1	0	next	other	0
NU2-14	308	Picture	27	6295176	0	1	20166	1	0	next	other	0
NU2-14	310	Picture	66	6330508	0	1	20166	1	0	next	other	0
NU2-14	311	Response	0	6358953	8112	1
NU2-14	311	Response	0	6367753	16911	1
NU2-14	312	Response	0	6376553	8545	1
NU2-14	312	Response	100	6378153	10145	1
NU2-14	314	Picture	9	6393507	0	1	20166	1	0	next	other	0
NU2-14	316	Picture	36	6428839	0	1	20166	1	0	next	other	0
NU2-14	318	Picture	50	6464172	0	1	36666	1	0	next	other	0
NU2-14	318	Text Input	6	6500712	36540	0
NU2-14	318	Response	0	6500712	36540	1
NU2-14	319	Response	100	6501672	834	1
NU2-14	321	Picture	12	6531170	0	1	20166	1	0	next	other	0
NU2-14	323	Picture	25	6566503	0	1	20166	1	0	next	other	0
NU2-14	325	Picture	64	6601835	0	1	20166	1	0	next	other	0
NU2-14	326	Response	0	6627271	5103	1
NU2-14	326	Response	0	6636070	13902	1
NU2-14	327	Response	0	6642950	6616	1
NU2-14	327	Response	0	6644230	7896	1
NU2-14	328	Response	0	6657030	12530	1
NU2-14	328	Response	100	6658630	14129	1
NU2-14	330	Picture	12	6674000	0	1	20166	1	0	next	other	0
NU2-14	332	Picture	24	6709332	0	1	20166	1	0	next	other	0
NU2-14	334	Picture	40	6744665	0	1	89664	1	0	next	other	0
NU2-14	334	Text Input	14	6834309	89644	0
NU2-14	334	Response	0	6834309	89644	1
NU2-14	335	Response	100	6835109	779	1
NU2-14	337	Picture	8	6864662	0	1	20166	1	0	next	other	0
NU2-14	339	Picture	36	6899994	0	1	20166	1	0	next	other	0
NU2-14	341	Picture	75	6935327	0	1	20166	1	0	next	other	0
NU2-14	342	Response	0	6963268	7608	1
NU2-14	342	Response	0	6972867	17208	1
NU2-14	343	Response	0	6983267	10108	1
NU2-14	343	Response	0	6985987	12828	1
NU2-14	344	Response	0	6995907	9748	1
NU2-14	344	Response	100	6997347	11188	1
NU2-14	346	Picture	11	7012825	0	1	20166	1	0	next	other	0
NU2-14	348	Picture	26	7048157	0	1	20166	1	0	next	other	0
NU2-14	350	Picture	40	7083490	0	1	49832	1	0	next	other	0
NU2-14	350	Text Input	14	7133186	49696	0
NU2-14	350	Response	0	7133186	49696	1
NU2-14	351	Response	100	7134466	1144	1
NU2-14	353	Picture	9	7163654	0	1	20166	1	0	next	other	0
NU2-14	355	Picture	36	7198987	0	1	20166	1	0	next	other	0
NU2-14	357	Picture	50	7234319	0	1	35832	1	0	next	other	0
NU2-14	357	Text Input	6	7269985	35665	0
NU2-14	357	Response	0	7269985	35665	1
NU2-14	358	Response	100	7271105	953	1
NU2-14	360	Picture	9	7300484	0	1	20166	1	0	next	other	0
NU2-14	362	Picture	34	7335817	0	1	20166	1	0	next	other	0
NU2-14	364	Picture	50	7371149	0	1	41666	1	0	next	other	0
NU2-14	364	Text Input	7	7412703	41554	0
NU2-14	364	Response	0	7412703	41554	1
NU2-14	365	Response	100	7413663	848	1
NU2-14	367	Picture	9	7443147	0	1	20166	1	0	next	other	0
NU2-14	369	Picture	36	7478480	0	1	20166	1	0	next	other	0
NU2-14	371	Picture	50	7513812	0	1	21333	1	0	next	other	0
NU2-14	371	Text Input		7535102	21290	0
NU2-14	371	Response	0	7535102	21290	1
NU2-14	372	Response	100	7536382	1237	1
NU2-14	374	Picture	9	7565478	0	1	20166	1	0	next	other	0
NU2-14	376	Picture	34	7600810	0	1	20166	1	0	next	other	0
NU2-14	378	Picture	50	7636143	0	1	20333	1	0	next	other	0
NU2-14	378	Text Input		7656381	20239	0
NU2-14	378	Response	0	7656381	20239	1
NU2-14	379	Response	100	7658461	1986	1
NU2-14	381	Picture	8	7686808	0	1	20166	1	0	next	other	0
NU2-14	383	Picture	25	7722140	0	1	20166	1	0	next	other	0
NU2-14	385	Picture	64	7757473	0	1	20166	1	0	next	other	0
NU2-14	386	Response	0	7782461	4655	1
NU2-14	386	Response	0	7792540	14734	1
NU2-14	387	Response	0	7800220	7415	1
NU2-14	387	Response	0	7801340	8535	1
NU2-14	388	Response	0	7807580	5942	1
NU2-14	388	Response	0	7808380	6741	1
NU2-14	389	Response	0	7817180	8542	1
NU2-14	389	Response	100	7818460	9822	1
NU2-14	391	Picture	10	7833804	0	1	20166	1	0	next	other	0
NU2-14	393	Picture	37	7869137	0	1	20166	1	0	next	other	0
NU2-14	395	Picture	50	7904469	0	1	24166	1	0	next	other	0
NU2-14	395	Text Input		7928539	24070	0
NU2-14	395	Response	0	7928539	24070	1
NU2-14	396	Response	100	7930299	1663	1
NU2-14	398	Picture	8	7958968	0	1	20166	1	0	next	other	0
NU2-14	400	Picture	25	7994300	0	1	20166	1	0	next	other	0
NU2-14	402	Picture	63	8029633	0	1	20166	1	0	next	other	0
NU2-14	403	Response	0	8205977	156012	1
NU2-14	403	Response	0	8207897	157931	1
NU2-14	404	Response	0	8217016	8888	1
NU2-14	404	Response	100	8218456	10328	1
NU2-14	406	Picture	12	8233794	0	1	20166	1	0	next	other	0
NU2-14	408	Picture	24	8269127	0	1	20166	1	0	next	other	0
NU2-14	410	Picture	62	8304459	0	1	20166	1	0	next	other	0
NU2-14	411	Response	0	8348536	23743	1
NU2-14	411	Response	100	8350455	25663	1
NU2-14	413	Picture	12	8365791	0	1	20166	1	0	next	other	0
NU2-14	415	Picture	34	8401124	0	1	20166	1	0	next	other	0
NU2-14	417	Picture	72	8436456	0	1	20166	1	0	next	other	0
NU2-14	418	Response	0	8495574	38785	1
NU2-14	418	Response	100	8498454	41665	1
NU2-14	420	Picture	8	8513787	0	1	20166	1	0	next	other	0
NU2-14	422	Picture	36	8549120	0	1	20166	1	0	next	other	0
NU2-14	424	Picture	50	8584452	0	1	46666	1	0	next	other	0
NU2-14	424	Text Input	5	8631093	46641	0
NU2-14	424	Response	0	8631093	46641	1
NU2-14	425	Response	100	8632852	1734	1
NU2-14	427	Picture	9	8661450	0	1	20166	1	0	next	other	0
NU2-14	429	Picture	37	8696783	0	1	20166	1	0	next	other	0
NU2-14	431	Picture	72	8732115	0	1	20166	1	0	next	other	0
NU2-14	432	Response	0	8757492	5044	1
NU2-14	432	Response	0	8762291	9843	1
NU2-14	433	Response	0	8769331	6717	1
NU2-14	433	Response	100	8771251	8637	1
NU2-14	435	Picture	11	8786614	0	1	20166	1	0	next	other	0
NU2-14	437	Picture	25	8821946	0	1	20166	1	0	next	other	0
NU2-14	439	Picture	64	8857279	0	1	20166	1	0	next	other	0
NU2-14	440	Response	0	8881491	3879	1
NU2-14	440	Response	0	8890290	12678	1
NU2-14	441	Response	0	8921650	31039	1
NU2-14	441	Response	100	8923090	32479	1
NU2-14	443	Picture	12	8938443	0	1	20166	1	0	next	other	0
NU2-14	445	Picture	36	8973776	0	1	20166	1	0	next	other	0
NU2-14	447	Picture	50	9009108	0	1	87998	1	0	next	other	0
NU2-14	447	Text Input	9	9097008	87900	0
NU2-14	447	Response	0	9097008	87900	1
NU2-14	448	Response	100	9098128	1022	1
NU2-14	450	Picture	10	9127439	0	1	20166	1	0	next	other	0
NU2-14	452	Picture	36	9162771	0	1	20166	1	0	next	other	0
NU2-14	454	Picture	75	9198104	0	1	20166	1	0	next	other	0
NU2-14	455	Response	0	9238448	20011	1
NU2-14	455	Response	0	9242447	24011	1
NU2-14	456	Response	0	9246127	3358	1
NU2-14	456	Response	0	9248207	5438	1
NU2-14	457	Response	0	9258447	10011	1
NU2-14	457	Response	0	9259567	11131	1
NU2-14	458	Response	0	9262607	2838	1
NU2-14	458	Response	100	9263887	4118	1
NU2-14	460	Picture	10	9279268	0	1	20166	1	0	next	other	0
NU2-14	462	Picture	25	9314601	0	1	20166	1	0	next	other	0
NU2-14	464	Picture	40	9349933	0	1	102497	1	0	next	other	0
NU2-14	464	Text Input	12	9452365	102432	0
NU2-14	464	Response	0	9452365	102432	1
NU2-14	465	Response	100	9453325	895	1
NU2-14	467	Picture	11	9482763	0	1	20166	1	0	next	other	0
NU2-14	469	Picture	37	9518096	0	1	20166	1	0	next	other	0
NU2-14	471	Picture	50	9553428	0	1	59832	1	0	next	other	0
NU2-14	471	Text Input	7	9613164	59736	0
NU2-14	471	Response	0	9613164	59736	1
NU2-14	472	Response	100	9614444	1184	1
NU2-14	474	Picture	8	9643593	0	1	20166	1	0	next	other	0
NU2-14	476	Picture	34	9678925	0	1	20166	1	0	next	other	0
NU2-14	478	Picture	50	9714257	0	1	67165	1	0	next	other	0
NU2-14	478	Text Input	6	9781322	67065	0
NU2-14	478	Response	0	9781322	67065	1
NU2-14	479	Response	100	9782922	1500	1
NU2-14	481	Picture	8	9811755	0	1	20166	1	0	next	other	0
NU2-14	483	Picture	24	9847088	0	1	20166	1	0	next	other	0
NU2-14	485	Picture	40	9882420	0	1	44332	1	0	next	other	0
NU2-14	485	Text Input	10	9926601	44181	0
NU2-14	485	Response	0	9926601	44181	1
NU2-14	486	Response	100	9928041	1289	1
NU2-14	488	Picture	8	9957085	0	1	20166	1	0	next	other	0
NU2-14	490	Picture	35	9992417	0	1	20166	1	0	next	other	0
NU2-14	492	Picture	72	10027750	0	1	20166	1	0	next	other	0
NU2-14	493	Response	0	10085480	37398	1
NU2-14	493	Response	0	10087080	38997	1
NU2-14	494	Response	0	10089320	2071	1
NU2-14	494	Response	0	10091079	3831	1
NU2-14	495	Response	0	10091559	311	1
NU2-14	495	Response	0	10092999	1751	1
NU2-14	496	Response	0	10096199	2951	1
NU2-14	496	Response	0	10097479	4231	1
NU2-14	497	Response	0	10168519	70771	1
NU2-14	497	Response	100	10169799	72051	1
NU2-14	499	Picture	8	10185246	0	1	20166	1	0	next	other	0
NU2-14	501	Picture	37	10220578	0	1	20166	1	0	next	other	0
NU2-14	503	Picture	72	10255911	0	1	20166	1	0	next	other	0
NU2-14	504	Response	0	10280998	4755	1
NU2-14	504	Response	0	10285478	9234	1
NU2-14	505	Response	0	10290758	5014	1
NU2-14	505	Response	100	10292358	6614	1
NU2-14	507	Picture	11	10307743	0	1	20166	1	0	next	other	0
NU2-14	509	Picture	36	10343075	0	1	20166	1	0	next	other	0
NU2-14	511	Picture	74	10378408	0	1	20166	1	0	next	other	0
NU2-14	512	Response	0	10423717	24976	1
NU2-14	512	Response	0	10425157	26416	1
NU2-14	513	Response	0	10427557	2150	1
NU2-14	513	Response	0	10428676	3270	1
NU2-14	514	Response	0	10438916	10010	1
NU2-14	514	Response	100	10440196	11290	1
NU2-14	516	Picture	8	10455572	0	1	20166	1	0	next	other	0
NU2-14	518	Picture	36	10490905	0	1	20166	1	0	next	other	0
NU2-14	520	Picture	74	10526237	0	1	20166	1	0	next	other	0
NU2-14	521	Response	0	10593635	47065	1
NU2-14	521	Response	0	10594915	48345	1
NU2-14	522	Response	0	10596675	1439	1
NU2-14	522	Response	0	10597475	2239	1
NU2-14	523	Response	0	10605635	7900	1
NU2-14	523	Response	100	10607075	9340	1
NU2-14	525	Picture	11	10622568	0	1	20166	1	0	next	other	0
NU2-14	527	Picture	37	10657901	0	1	20166	1	0	next	other	0
NU2-14	529	Picture	50	10693233	0	1	41332	1	0	next	other	0
NU2-14	529	Text Input	7	10734434	41201	0
NU2-14	529	Response	0	10734434	41201	1
NU2-14	530	Response	100	10735874	1308	1
NU2-14	532	Picture	12	10764898	0	1	20166	1	0	next	other	0
NU2-14	534	Picture	26	10800230	0	1	20166	1	0	next	other	0
NU2-14	536	Picture	64	10835563	0	1	20166	1	0	next	other	0
NU2-14	537	Response	0	10880673	24777	1
NU2-14	537	Response	0	10882273	26377	1
NU2-14	538	Response	0	10884353	1791	1
NU2-14	538	Response	0	10886752	4191	1
NU2-14	539	Response	0	10892512	5451	1
NU2-14	539	Response	100	10894112	7051	1
NU2-14	541	Picture	11	10909561	0	1	20166	1	0	next	other	0
NU2-14	543	Picture	36	10944893	0	1	20166	1	0	next	other	0
NU2-14	545	Picture	72	10980226	0	1	20166	1	0	next	other	0
NU2-14	546	Response	0	11016672	16113	1
NU2-14	546	Response	0	11018431	17873	1
NU2-14	547	Response	0	11055391	36667	1
NU2-14	547	Response	0	11057631	38906	1
NU2-14	548	Response	0	11084831	26940	1
NU2-14	548	Response	0	11086591	28700	1
NU2-14	549	Response	0	11093151	6261	1
NU2-14	549	Response	0	11093791	6901	1
NU2-14	550	Response	0	11097311	3254	1
NU2-14	550	Response	100	11097950	3894	1
NU2-14	552	Picture	10	11113389	0	1	20166	1	0	next	other	0
NU2-14	554	Picture	26	11148722	0	1	20166	1	0	next	other	0
NU2-14	556	Picture	65	11184054	0	1	20166	1	0	next	other	0
NU2-14	557	Response	0	11223710	19323	1
NU2-14	557	Response	0	11229949	25562	1
NU2-14	558	Response	0	11238749	8530	1
NU2-14	558	Response	0	11239869	9649	1
NU2-14	559	Response	0	11243869	3816	1
NU2-14	559	Response	100	11245149	5096	1
NU2-14	561	Picture	12	11260552	0	1	20166	1	0	next	other	0
NU2-14	563	Picture	35	11295885	0	1	20166	1	0	next	other	0
NU2-14	565	Picture	50	11331217	0	1	39332	1	0	next	other	0
NU2-14	565	Text Input	9	11370428	39211	0
NU2-14	565	Response	0	11370428	39211	1
NU2-14	566	Response	100	11371708	1159	1
NU2-14	568	Picture	8	11400882	0	1	20166	1	0	next	other	0
NU2-14	570	Picture	36	11436215	0	1	20166	1	0	next	other	0
NU2-14	572	Picture	50	11471547	0	1	35666	1	0	next	other	0
NU2-14	572	Text Input	5	11507067	35520	0
NU2-14	572	Response	0	11507067	35520	1
NU2-14	573	Response	100	11508187	974	1
NU2-14	575	Picture	8	11537545	0	1	20166	1	0	next	other	0
NU2-14	577	Picture	34	11572878	0	1	20166	1	0	next	other	0
NU2-14	579	Picture	50	11608210	0	1	45999	1	0	next	other	0
NU2-14	579	Text Input	6	11654106	45895	0
NU2-14	579	Response	0	11654106	45895	1
NU2-14	580	Response	100	11655066	857	1
NU2-14	582	Picture	10	11684542	0	1	20166	1	0	next	other	0
NU2-14	584	Picture	36	11719874	0	1	20166	1	0	next	other	0
NU2-14	586	Picture	71	11755207	0	1	20166	1	0	next	other	0
NU2-14	587	Response	0	11778745	3206	1
NU2-14	587	Response	0	11786104	10565	1
NU2-14	588	Response	0	11794904	8532	1
NU2-14	588	Response	100	11796184	9812	1
NU2-14	590	Picture	9	11811539	0	1	20166	1	0	next	other	0
NU2-14	592	Picture	35	11846871	0	1	20166	1	0	next	other	0
NU2-14	594	Picture	50	11882203	0	1	42166	1	0	next	other	0
NU2-14	594	Text Input	6	11924343	42140	0
NU2-14	594	Response	0	11924343	42140	1
NU2-14	595	Response	100	11925303	934	1
NU2-14	597	Picture	10	11954702	0	1	20166	1	0	next	other	0
NU2-14	599	Picture	25	11990034	0	1	20166	1	0	next	other	0
NU2-14	601	Picture	64	12025367	0	1	20166	1	0	next	other	0
NU2-14	602	Response	0	12049303	3603	1
NU2-14	602	Response	0	12058422	12722	1
NU2-14	603	Response	0	12071382	12683	1
NU2-14	603	Response	100	12072982	14283	1
NU2-14	605	Picture	9	12088365	0	1	20166	1	0	next	other	0
NU2-14	607	Picture	35	12123697	0	1	20166	1	0	next	other	0
NU2-14	609	Picture	73	12159030	0	1	20166	1	0	next	other	0
NU2-14	610	Response	0	12259701	80338	1
NU2-14	610	Response	0	12260980	81617	1
NU2-14	611	Response	0	12268340	7146	1
NU2-14	611	Response	100	12269300	8106	1
NU2-14	613	Picture	12	12284693	0	1	20166	1	0	next	other	0
NU2-14	615	Picture	27	12320026	0	1	20166	1	0	next	other	0
NU2-14	617	Picture	40	12355358	0	1	43332	1	0	next	other	0
NU2-14	617	Text Input	15	12398579	43221	0
NU2-14	617	Response	0	12398579	43221	1
NU2-14	618	Response	100	12399699	1008	1
NU2-14	620	Picture	10	12429023	0	1	20166	1	0	next	other	0
NU2-14	622	Picture	26	12464356	0	1	20166	1	0	next	other	0
NU2-14	624	Picture	40	12499688	0	1	82831	1	0	next	other	0
NU2-14	624	Text Input	13	12582418	82730	0
NU2-14	624	Response	0	12582418	82730	1
NU2-14	625	Response	100	12583537	1018	1
NU2-14	627	Picture	10	12612852	0	1	20166	1	0	next	other	0
NU2-14	629	Picture	36	12648184	0	1	20166	1	0	next	other	0
NU2-14	631	Picture	50	12683517	0	1	39499	1	0	next	other	0
NU2-14	631	Text Input	7	12722896	39379	0
NU2-14	631	Response	0	12722896	39379	1
NU2-14	632	Response	100	12724176	1160	1
NU2-14	634	Picture	12	12753348	0	1	20166	1	0	next	other	0
NU2-14	636	Picture	37	12788681	0	1	20166	1	0	next	other	0
NU2-14	638	Picture	50	12824013	0	1	68332	1	0	next	other	0
NU2-14	638	Text Input	8	12892175	68161	0
NU2-14	638	Response	0	12892175	68161	1
NU2-14	639	Response	100	12893935	1590	1
NU2-14	641	Picture	12	12922678	0	1	20166	1	0	next	other	0
NU2-14	643	Picture	35	12958010	0	1	20166	1	0	next	other	0
NU2-14	645	Picture	50	12993342	0	1	33499	1	0	next	other	0
NU2-14	645	Text Input	9	13026734	33391	0
NU2-14	645	Response	0	13026734	33391	1
NU2-14	646	Response	100	13028813	1972	1
NU2-14	648	Picture	13	13057174	0	1	20166	1	0	next	other	0
NU2-14	650	Picture	25	13092507	0	1	20166	1	0	next	other	0
NU2-14	652	Picture	40	13127839	0	1	41832	1	0	next	other	0
NU2-14	652	Text Input	15	13169612	41773	0
NU2-14	652	Response	0	13169612	41773	1
NU2-14	653	Response	100	13170732	1061	1
NU2-14	655	Picture	12	13200004	0	1	20166	1	0	next	other	0
NU2-14	657	Picture	36	13235336	0	1	20166	1	0	next	other	0
NU2-14	659	Picture	50	13270669	0	1	33999	1	0	next	other	0
NU2-14	659	Text Input	9	13304491	33822	0
NU2-14	659	Response	0	13304491	33822	1
NU2-14	660	Response	100	13305771	1103	1
NU2-14	663	Picture	8	13935152	0	1	20166	1	0	next	other	0
NU2-14	665	Picture	36	13970485	0	1	20166	1	0	next	other	0
NU2-14	667	Picture	50	14005817	0	1	32499	1	0	next	other	0
NU2-14	667	Text Input	5	14038245	32427	0
NU2-14	667	Response	0	14038245	32427	1
NU2-14	668	Response	100	14039364	1048	1
NU2-14	670	Picture	9	14068649	0	1	20166	1	0	next	other	0
NU2-14	672	Picture	37	14103981	0	1	20166	1	0	next	other	0
NU2-14	674	Picture	50	14139314	0	1	20666	1	0	next	other	0
NU2-14	674	Text Input		14159843	20530	0
NU2-14	674	Response	0	14159843	20530	1
NU2-14	675	Response	100	14161763	1783	1
NU2-14	677	Picture	10	14190313	0	1	20166	1	0	next	other	0
NU2-14	679	Picture	36	14225645	0	1	20166	1	0	next	other	0
NU2-14	681	Picture	50	14260977	0	1	32166	1	0	next	other	0
NU2-14	681	Text Input	7	14293122	32145	0
NU2-14	681	Response	0	14293122	32145	1
NU2-14	682	Response	100	14294562	1419	1
NU2-14	684	Picture	11	14323476	0	1	20166	1	0	next	other	0
NU2-14	686	Picture	34	14358808	0	1	20166	1	0	next	other	0
NU2-14	688	Picture	50	14394141	0	1	38666	1	0	next	other	0
NU2-14	688	Text Input	9	14432641	38500	0
NU2-14	688	Response	0	14432641	38500	1
NU2-14	689	Response	100	14433921	1114	1
NU2-14	691	Picture	13	14463139	0	1	20166	1	0	next	other	0
NU2-14	693	Picture	37	14498472	0	1	20166	1	0	next	other	0
NU2-14	695	Picture	50	14533804	0	1	44999	1	0	next	other	0
NU2-14	695	Text Input	9	14578720	44916	0
NU2-14	695	Response	0	14578720	44916	1
NU2-14	696	Response	100	14579679	876	1
NU2-14	698	Picture	9	14609135	0	1	20166	1	0	next	other	0
NU2-14	700	Picture	27	14644468	0	1	20166	1	0	next	other	0
NU2-14	702	Picture	40	14679800	0	1	55499	1	0	next	other	0
NU2-14	702	Text Input	12	14735198	55398	0
NU2-14	702	Response	0	14735198	55398	1
NU2-14	703	Response	100	14736478	1179	1
NU2-14	705	Picture	8	14765632	0	1	20166	1	0	next	other	0
NU2-14	707	Picture	36	14800964	0	1	20166	1	0	next	other	0
NU2-14	709	Picture	50	14836296	0	1	38832	1	0	next	other	0
NU2-14	709	Text Input	5	14875037	38741	0
NU2-14	709	Response	0	14875037	38741	1
NU2-14	710	Response	100	14876957	1828	1
NU2-14	712	Picture	11	14905461	0	1	20166	1	0	next	other	0
NU2-14	714	Picture	37	14940794	0	1	20166	1	0	next	other	0
NU2-14	716	Picture	75	14976126	0	1	20166	1	0	next	other	0
NU2-14	717	Response	0	15011836	15377	1
NU2-14	717	Response	0	15013596	17137	1
NU2-14	718	Response	0	15015196	1404	1
NU2-14	718	Response	0	15016316	2524	1
NU2-14	719	Response	0	15024636	8010	1
NU2-14	719	Response	100	15025916	9290	1
NU2-14	721	Picture	10	15041291	0	1	20166	1	0	next	other	0
NU2-14	723	Picture	27	15076624	0	1	20166	1	0	next	other	0
NU2-14	725	Picture	64	15111956	0	1	20166	1	0	next	other	0
NU2-14	726	Response	0	15158075	25786	1
NU2-14	726	Response	0	15159354	27065	1
NU2-14	727	Response	0	15170554	10933	1
NU2-14	727	Response	100	15171674	12052	1
NU2-14	729	Picture	9	15187121	0	1	20166	1	0	next	other	0
NU2-14	731	Picture	24	15222453	0	1	20166	1	0	next	other	0
NU2-14	733	Picture	40	15257786	0	1	124830	1	0	next	other	0
NU2-14	733	Text Input	11	15382552	124766	0
NU2-14	733	Response	0	15382552	124766	1
NU2-14	734	Response	100	15383992	1376	1
NU2-14	736	Picture	10	15412949	0	1	20166	1	0	next	other	0
NU2-14	738	Picture	35	15448281	0	1	20166	1	0	next	other	0
NU2-14	740	Picture	50	15483614	0	1	42332	1	0	next	other	0
NU2-14	740	Text Input	7	15525911	42297	0
NU2-14	740	Response	0	15525911	42297	1
NU2-14	741	Response	100	15527191	1245	1
NU2-14	743	Picture	12	15556278	0	1	20166	1	0	next	other	0
NU2-14	745	Picture	25	15591611	0	1	20166	1	0	next	other	0
NU2-14	747	Picture	64	15626943	0	1	20166	1	0	next	other	0
NU2-14	748	Response	0	15651351	4074	1
NU2-14	748	Response	0	15659350	12073	1
NU2-14	749	Response	0	15664310	4701	1
NU2-14	749	Response	0	15665429	5820	1
NU2-14	750	Response	0	15671990	6381	1
NU2-14	750	Response	0	15673109	7500	1
NU2-14	751	Response	0	15674550	1107	1
NU2-14	751	Response	0	15675030	1587	1
NU2-14	752	Response	0	15681270	5994	1
NU2-14	752	Response	100	15682390	7114	1
NU2-14	754	Picture	12	15697775	0	1	20166	1	0	next	other	0
NU2-14	756	Picture	27	15733107	0	1	20166	1	0	next	other	0
NU2-14	758	Picture	64	15768440	0	1	20166	1	0	next	other	0
NU2-14	759	Response	0	15802229	13456	1
NU2-14	759	Response	0	15803508	14736	1
NU2-14	760	Response	0	15807508	3736	1
NU2-14	760	Response	0	15808468	4696	1
NU2-14	761	Response	0	15813908	5136	1
NU2-14	761	Response	100	15814708	5936	1
NU2-14	763	Picture	11	15830105	0	1	20166	1	0	next	other	0
NU2-14	765	Picture	36	15865437	0	1	20166	1	0	next	other	0
NU2-14	767	Picture	71	15900770	0	1	20166	1	0	next	other	0
NU2-14	768	Response	0	15937748	16645	1
NU2-14	768	Response	0	15943027	21924	1
NU2-14	769	Response	0	15949267	5998	1
NU2-14	769	Response	100	15950867	7598	1
NU2-14	771	Picture	8	15966268	0	1	20166	1	0	next	other	0
NU2-14	773	Picture	34	16001601	0	1	20166	1	0	next	other	0
NU2-14	775	Picture	72	16036933	0	1	20166	1	0	next	other	0
NU2-14	776	Response	0	16076307	19041	1
NU2-14	776	Response	100	16078866	21600	1
NU2-14	778	Picture	12	16094265	0	1	20166	1	0	next	other	0
NU2-14	780	Picture	37	16129598	0	1	20166	1	0	next	other	0
NU2-14	782	Picture	50	16164930	0	1	100997	1	0	next	other	0
NU2-14	782	Text Input	8	16265905	100975	0
NU2-14	782	Response	0	16265905	100975	1
NU2-14	783	Response	100	16266705	777	1
NU2-14	785	Picture	10	16296260	0	1	20166	1	0	next	other	0
NU2-14	787	Picture	26	16331593	0	1	20166	1	0	next	other	0
NU2-14	789	Picture	63	16366925	0	1	20166	1	0	next	other	0
NU2-14	790	Response	0	16430703	43446	1
NU2-14	790	Response	0	16434383	47125	1
NU2-14	791	Response	0	16440303	5713	1
NU2-14	791	Response	0	16441743	7153	1
NU2-14	792	Response	0	16448303	6380	1
NU2-14	792	Response	100	16449423	7500	1
NU2-14	794	Picture	12	16464756	0	1	20166	1	0	next	other	0
NU2-14	796	Picture	24	16500088	0	1	20166	1	0	next	other	0
NU2-14	798	Picture	40	16535421	0	1	49832	1	0	next	other	0
NU2-14	798	Text Input	14	16585102	49681	0
NU2-14	798	Response	0	16585102	49681	1
NU2-14	799	Response	100	16586222	969	1
NU2-14	801	Picture	11	16615585	0	1	20166	1	0	next	other	0
NU2-14	803	Picture	35	16650918	0	1	20166	1	0	next	other	0
NU2-14	805	Picture	71	16686250	0	1	20166	1	0	next	other	0
NU2-14	806	Response	0	16732141	25558	1
NU2-14	806	Response	0	16738220	31637	1
NU2-14	807	Response	0	16750060	11645	1
NU2-14	807	Response	100	16752300	13885	1
NU2-14	809	Picture	10	16767748	0	1	20166	1	0	next	other	0
NU2-14	811	Picture	24	16803081	0	1	20166	1	0	next	other	0
NU2-14	813	Picture	40	16838413	0	1	64165	1	0	next	other	0
NU2-14	813	Text Input	12	16902539	64126	0
NU2-14	813	Response	0	16902539	64126	1
NU2-14	814	Response	100	16903819	1240	1
NU2-14	816	Picture	9	16932911	0	1	20166	1	0	next	other	0
NU2-14	818	Picture	24	16968243	0	1	20166	1	0	next	other	0
NU2-14	820	Picture	40	17003576	0	1	45832	1	0	next	other	0
NU2-14	820	Text Input	11	17049258	45682	0
NU2-14	820	Response	0	17049258	45682	1
NU2-14	821	Response	100	17050537	1129	1
NU2-14	823	Picture	9	17079741	0	1	20166	1	0	next	other	0
NU2-14	825	Picture	27	17115073	0	1	20166	1	0	next	other	0
NU2-14	827	Picture	40	17150405	0	1	54832	1	0	next	other	0
NU2-14	827	Text Input	12	17205096	54691	0
NU2-14	827	Response	0	17205096	54691	1
NU2-14	828	Response	100	17206056	819	1
NU2-14	830	Picture	12	17235570	0	1	20166	1	0	next	other	0
NU2-14	832	Picture	36	17270902	0	1	20166	1	0	next	other	0
NU2-14	834	Picture	50	17306235	0	1	81331	1	0	next	other	0
NU2-14	834	Response	0	17375175	68940	1
NU2-14	834	Response	0	17376774	70540	1
NU2-14	834	Response	0	17380134	73900	1
NU2-14	834	Response	0	17381254	75020	1
NU2-14	834	Text Input	414	17387494	81260	0
NU2-14	834	Response	0	17387494	81260	1
NU2-14	835	Response	100	17388294	728	1
NU2-14	837	Picture	10	17417899	0	1	20166	1	0	next	other	0
NU2-14	839	Picture	26	17453231	0	1	20166	1	0	next	other	0
NU2-14	841	Picture	61	17488564	0	1	20166	1	0	next	other	0
NU2-14	842	Response	0	17535493	26597	1
NU2-14	842	Response	0	17540453	31557	1
NU2-14	843	Response	0	17553733	13004	1
NU2-14	843	Response	100	17554853	14124	1
NU2-14	845	Picture	9	17570228	0	1	20166	1	0	next	other	0
NU2-14	847	Picture	36	17605561	0	1	20166	1	0	next	other	0
NU2-14	849	Picture	75	17640893	0	1	20166	1	0	next	other	0
NU2-14	850	Response	0	17686852	25626	1
NU2-14	850	Response	0	17691652	30426	1
NU2-14	851	Response	0	17694852	2960	1
NU2-14	851	Response	0	17695972	4080	1
NU2-14	852	Response	0	17701412	5187	1
NU2-14	852	Response	100	17702532	6306	1
NU2-14	854	Picture	12	17717891	0	1	20166	1	0	next	other	0
NU2-14	856	Picture	35	17753224	0	1	20166	1	0	next	other	0
NU2-14	858	Picture	50	17788556	0	1	50332	1	0	next	other	0
NU2-14	858	Text Input	9	17838850	50294	0
NU2-14	858	Response	0	17838850	50294	1
NU2-14	859	Response	100	17839970	1082	1
NU2-14	861	Picture	10	17869221	0	1	20166	1	0	next	other	0
NU2-14	863	Picture	25	17904553	0	1	20166	1	0	next	other	0
NU2-14	865	Picture	40	17939886	0	1	62832	1	0	next	other	0
NU2-14	865	Text Input	2	18002689	62803	0
NU2-14	865	Response	0	18002689	62803	1
NU2-14	866	Response	100	18003489	771	1
NU2-14	868	Picture	10	18033050	0	1	20166	1	0	next	other	0
NU2-14	870	Picture	27	18068382	0	1	20166	1	0	next	other	0
NU2-14	872	Picture	61	18103715	0	1	20166	1	0	next	other	0
NU2-14	873	Response	0	18147808	23760	1
NU2-14	873	Response	0	18154047	30000	1
NU2-14	874	Response	0	18165408	11027	1
NU2-14	874	Response	0	18166687	12307	1
NU2-14	875	Response	0	18170368	3487	1
NU2-14	875	Response	100	18171807	4927	1
NU2-14	877	Picture	8	18187213	0	1	20166	1	0	next	other	0
NU2-14	879	Picture	27	18222545	0	1	20166	1	0	next	other	0
NU2-14	881	Picture	63	18257878	0	1	20166	1	0	next	other	0
NU2-14	882	Response	0	18287967	9756	1
NU2-14	882	Response	0	18289566	11356	1
NU2-14	883	Response	0	18320767	30890	1
NU2-14	883	Response	100	18322206	32329	1
NU2-14	885	Picture	10	18337542	0	1	20166	1	0	next	other	0
NU2-14	887	Picture	34	18372875	0	1	20166	1	0	next	other	0
NU2-14	889	Picture	71	18408207	0	1	20166	1	0	next	other	0
NU2-14	890	Response	0	18448926	20385	1
NU2-14	890	Response	0	18450685	22145	1
NU2-14	891	Response	0	18453565	2692	1
NU2-14	891	Response	0	18454685	3812	1
NU2-14	892	Response	0	18465565	10692	1
NU2-14	892	Response	0	18473884	19012	1
NU2-14	893	Response	0	18477885	3679	1
NU2-14	893	Response	0	18479645	5439	1
NU2-14	894	Response	0	18485885	6012	1
NU2-14	894	Response	0	18486845	6972	1
NU2-14	895	Response	0	18504285	17246	1
NU2-14	895	Response	100	18505404	18366	1
NU2-14	897	Picture	9	18520871	0	1	20166	1	0	next	other	0
NU2-14	899	Picture	26	18556204	0	1	20166	1	0	next	other	0
NU2-14	901	Picture	65	18591536	0	1	20166	1	0	next	other	0
NU2-14	902	Response	0	18615644	3775	1
NU2-14	902	Response	0	18622683	10814	1
NU2-14	903	Response	0	18627323	4455	1
NU2-14	903	Response	0	18628443	5575	1
NU2-14	904	Response	0	18631323	2622	1
NU2-14	904	Response	100	18632603	3901	1
NU2-14	906	Picture	11	18648035	0	1	20166	1	0	next	other	0
NU2-14	908	Picture	35	18683367	0	1	20166	1	0	next	other	0
NU2-14	910	Picture	50	18718700	0	1	47666	1	0	next	other	0
NU2-14	910	Text Input	8	18766202	47503	0
NU2-14	910	Response	0	18766202	47503	1
NU2-14	911	Response	100	18767482	1117	1
NU2-14	913	Picture	9	18796698	0	1	20166	1	0	next	other	0
NU2-14	915	Picture	34	18832030	0	1	20166	1	0	next	other	0
NU2-14	917	Picture	72	18867363	0	1	20166	1	0	next	other	0
NU2-14	918	Response	0	18921401	33706	1
NU2-14	918	Response	0	18923001	35305	1
NU2-14	919	Response	0	18925401	2206	1
NU2-14	919	Response	0	18926361	3166	1
NU2-14	920	Response	0	18932601	6073	1
NU2-14	920	Response	100	18934041	7513	1
NU2-14	922	Picture	11	18949527	0	1	20166	1	0	next	other	0
NU2-14	924	Picture	25	18984860	0	1	20166	1	0	next	other	0
NU2-14	926	Picture	64	19020192	0	1	20166	1	0	next	other	0
NU2-14	927	Response	0	19048440	7915	1
NU2-14	927	Response	0	19053080	12555	1
NU2-14	928	Response	0	19059640	6282	1
NU2-14	928	Response	0	19060280	6922	1
NU2-14	929	Response	0	19065080	4555	1
NU2-14	929	Response	100	19066200	5675	1
NU2-14	931	Picture	9	19081691	0	1	20166	1	0	next	other	0
NU2-14	933	Picture	25	19117023	0	1	20166	1	0	next	other	0
NU2-14	935	Picture	62	19152355	0	1	20166	1	0	next	other	0
NU2-14	936	Response	0	19202999	30310	1
NU2-14	936	Response	0	19206199	33510	1
NU2-14	937	Response	0	19210998	4478	1
NU2-14	937	Response	100	19212438	5917	1
NU2-14	939	Picture	9	19227854	0	1	20166	1	0	next	other	0
NU2-14	941	Picture	24	19263186	0	1	20166	1	0	next	other	0
NU2-14	943	Picture	62	19298518	0	1	20166	1	0	next	other	0
NU2-14	944	Response	0	19389717	70866	1
NU2-14	944	Response	0	19391157	72305	1
NU2-14	945	Response	0	19395797	4447	1
NU2-14	945	Response	100	19397076	5726	1
NU2-14	947	Picture	9	19412516	0	1	20166	1	0	next	other	0
NU2-14	949	Picture	25	19447848	0	1	20166	1	0	next	other	0
NU2-14	951	Picture	63	19483181	0	1	20166	1	0	next	other	0
NU2-14	952	Response	0	19507636	4123	1
NU2-14	952	Response	0	19511796	8282	1
NU2-14	953	Response	0	19516436	4422	1
NU2-14	953	Response	100	19517876	5862	1
NU2-14	955	Picture	8	19533346	0	1	20166	1	0	next	other	0
NU2-14	957	Picture	26	19568678	0	1	20166	1	0	next	other	0
NU2-14	959	Picture	61	19604011	0	1	20166	1	0	next	other	0
NU2-14	960	Response	0	19627635	3291	1
NU2-14	960	Response	0	19634034	9691	1
NU2-14	961	Response	0	19640434	6091	1
NU2-14	961	Response	100	19642674	8331	1
NU2-14	963	Picture	8	19658010	0	1	20166	1	0	next	other	0
NU2-14	965	Picture	34	19693342	0	1	20166	1	0	next	other	0
NU2-14	967	Picture	73	19728674	0	1	20166	1	0	next	other	0
NU2-14	968	Response	0	19763314	14306	1
NU2-14	968	Response	0	19769073	20066	1
NU2-14	969	Response	0	19798833	29493	1
NU2-14	969	Response	0	19800273	30933	1
NU2-14	970	Response	0	19805713	5207	1
NU2-14	970	Response	100	19807473	6967	1
NU2-14	972	Picture	10	19822839	0	1	20166	1	0	next	other	0
NU2-14	974	Picture	37	19858171	0	1	20166	1	0	next	other	0
NU2-14	976	Picture	73	19893504	0	1	20166	1	0	next	other	0
NU2-14	977	Response	0	19948912	35076	1
NU2-14	977	Response	0	19953712	39875	1
NU2-14	978	Response	0	19956912	2909	1
NU2-14	978	Response	0	19959472	5469	1
NU2-14	979	Response	0	19966672	7003	1
NU2-14	979	Response	100	19968751	9083	1
NU2-14	981	Picture	11	19984168	0	1	20166	1	0	next	other	0
NU2-14	983	Picture	26	20019501	0	1	20166	1	0	next	other	0
NU2-14	985	Picture	40	20054833	0	1	51999	1	0	next	other	0
NU2-14	985	Text Input	14	20106670	51837	0
NU2-14	985	Response	0	20106670	51837	1
NU2-14	986	Response	100	20108430	1598	1
NU2-14	988	Picture	10	20137164	0	1	20166	1	0	next	other	0
NU2-14	990	Picture	35	20172497	0	1	20166	1	0	next	other	0
NU2-14	992	Picture	50	20207829	0	1	39666	1	0	next	other	0
NU2-14	992	Text Input	7	20247469	39640	0
NU2-14	992	Response	0	20247469	39640	1
NU2-14	993	Response	100	20249229	1734	1
NU2-14	995	Picture	12	20277827	0	1	20166	1	0	next	other	0
NU2-14	997	Picture	24	20313160	0	1	20166	1	0	next	other	0
NU2-14	999	Picture	62	20348492	0	1	20166	1	0	next	other	0
NU2-14	1000	Response	0	20409868	41043	1
NU2-14	1000	Response	100	20411308	42482	1
NU2-14	1002	Picture	10	20426657	0	1	20166	1	0	next	other	0
NU2-14	1004	Picture	24	20461989	0	1	20166	1	0	next	other	0
NU2-14	1006	Picture	63	20497322	0	1	20166	1	0	next	other	0
NU2-14	1007	Response	0	20523627	5972	1
NU2-14	1007	Response	0	20525547	7892	1
NU2-14	1008	Response	0	20543946	18125	1
NU2-14	1008	Response	0	20545546	19725	1
NU2-14	1009	Response	0	20546506	686	1
NU2-14	1009	Response	0	20547786	1966	1
NU2-14	1010	Response	0	20548906	919	1
NU2-14	1010	Response	0	20549546	1559	1
NU2-14	1011	Response	0	20558506	8686	1
NU2-14	1011	Response	0	20558986	9165	1
NU2-14	1012	Response	0	20567146	7993	1
NU2-14	1012	Response	100	20568586	9432	1
NU2-14	1014	Picture	12	20583986	0	1	20166	1	0	next	other	0
NU2-14	1016	Picture	37	20619319	0	1	20166	1	0	next	other	0
NU2-14	1018	Picture	50	20654651	0	1	35166	1	0	next	other	0
NU2-14	1018	Text Input	8	20689705	35054	0
NU2-14	1018	Response	0	20689705	35054	1
NU2-14	1019	Response	100	20691145	1328	1
NU2-14	1021	Picture	11	20720150	0	1	20166	1	0	next	other	0
NU2-14	1023	Picture	35	20755482	0	1	20166	1	0	next	other	0
NU2-14	1025	Picture	71	20790815	0	1	20166	1	0	next	other	0
NU2-14	1026	Response	0	20829384	18237	1
NU2-14	1026	Response	0	20835944	24796	1
NU2-14	1027	Response	0	20841384	5237	1
NU2-14	1027	Response	100	20842823	6677	1
NU2-14	1029	Picture	8	20858313	0	1	20166	1	0	next	other	0
NU2-14	1031	Picture	34	20893645	0	1	20166	1	0	next	other	0
NU2-14	1033	Picture	72	20928978	0	1	20166	1	0	next	other	0
NU2-14	1034	Response	0	20994183	44872	1
NU2-14	1034	Response	100	20996423	47112	1
NU2-14	1036	Picture	8	21011809	0	1	20166	1	0	next	other	0
NU2-14	1038	Picture	24	21047142	0	1	20166	1	0	next	other	0
NU2-14	1040	Picture	62	21082474	0	1	20166	1	0	next	other	0
NU2-14	1041	Response	0	21131461	28655	1
NU2-14	1041	Response	100	21133221	30414	1
NU2-14	1043	Picture	9	21148639	0	1	20166	1	0	next	other	0
NU2-14	1045	Picture	37	21183971	0	1	20166	1	0	next	other	0
NU2-14	1047	Picture	71	21219304	0	1	20166	1	0	next	other	0
NU2-14	1048	Response	0	21243620	3984	1
NU2-14	1048	Response	0	21250980	11343	1
NU2-14	1049	Response	0	21256899	5596	1
NU2-14	1049	Response	100	21258980	7677	1
NU2-14	1051	Picture	12	21274469	0	1	20166	1	0	next	other	0
NU2-14	1053	Picture	36	21309802	0	1	20166	1	0	next	other	0
NU2-14	1055	Picture	73	21345134	0	1	20166	1	0	next	other	0
NU2-14	1056	Response	0	21463139	97672	1
NU2-14	1056	Response	0	21464578	99112	1
NU2-14	1057	Response	0	21471938	7140	1
NU2-14	1057	Response	100	21473378	8580	1
NU2-14	1059	Picture	13	21488797	0	1	20166	1	0	next	other	0
NU2-14	1061	Picture	35	21524130	0	1	20166	1	0	next	other	0
NU2-14	1063	Picture	50	21559462	0	1	45332	1	0	next	other	0
NU2-14	1063	Text Input	10	21604737	45275	0
NU2-14	1063	Response	0	21604737	45275	1
NU2-14	1064	Response	100	21606177	1382	1
NU2-14	1066	Picture	11	21635127	0	1	20166	1	0	next	other	0
NU2-14	1068	Picture	26	21670459	0	1	20166	1	0	next	other	0
NU2-14	1070	Picture	40	21705792	0	1	44999	1	0	next	other	0
NU2-14	1070	Text Input	14	21750655	44864	0
NU2-14	1070	Response	0	21750655	44864	1
NU2-14	1071	Response	100	21751935	1145	1
NU2-14	1073	Picture	9	21781123	0	1	20166	1	0	next	other	0
NU2-14	1075	Picture	24	21816456	0	1	20166	1	0	next	other	0
NU2-14	1077	Picture	40	21851788	0	1	64332	1	0	next	other	0
NU2-14	1077	Text Input	11	21916094	64306	0
NU2-14	1077	Response	0	21916094	64306	1
NU2-14	1078	Response	100	21917854	1734	1
NU2-14	1080	Picture	8	21946453	0	1	20166	1	0	next	other	0
NU2-14	1082	Picture	26	21981785	0	1	20166	1	0	next	other	0
NU2-14	1084	Picture	40	22017117	0	1	56665	1	0	next	other	0
NU2-14	1084	Text Input	11	22073693	56575	0
NU2-14	1084	Response	0	22073693	56575	1
NU2-14	1085	Response	100	22075133	1350	1
NU2-14	1087	Picture	10	22104115	0	1	20166	1	0	next	other	0
NU2-14	1089	Picture	24	22139448	0	1	20166	1	0	next	other	0
NU2-14	1091	Picture	40	22174780	0	1	86331	1	0	next	other	0
NU2-14	1091	Text Input	21	22261051	86271	0
NU2-14	1091	Response	0	22261051	86271	1
NU2-14	1092	Response	100	22261851	740	1
NU2-14	1094	Picture	9	22291444	0	1	20166	1	0	next	other	0
NU2-14	1096	Picture	25	22326776	0	1	20166	1	0	next	other	0
NU2-14	1098	Picture	62	22362109	0	1	20166	1	0	next	other	0
NU2-14	1099	Response	0	22401850	19408	1
NU2-14	1099	Response	0	22404090	21648	1
NU2-14	1100	Response	0	22409690	5415	1
NU2-14	1100	Response	0	22411290	7015	1
NU2-14	1101	Response	0	22426970	15362	1
NU2-14	1101	Response	0	22428410	16802	1
NU2-14	1102	Response	0	22432410	3802	1
NU2-14	1102	Response	0	22434009	5402	1
NU2-14	1103	Response	0	22442809	8536	1
NU2-14	1103	Response	0	22443609	9335	1
NU2-14	1104	Response	0	22449689	5749	1
NU2-14	1104	Response	0	22450649	6709	1
NU2-14	1105	Response	0	22452089	1149	1
NU2-14	1105	Response	0	22453209	2269	1
NU2-14	1106	Response	0	22454969	1529	1
NU2-14	1106	Response	0	22456089	2649	1
NU2-14	1107	Response	0	22472249	15976	1
NU2-14	1107	Response	0	22473689	17416	1
NU2-14	1108	Response	0	22493849	19909	1
NU2-14	1108	Response	100	22495129	21189	1
NU2-14	1110	Picture	11	22510605	0	1	20166	1	0	next	other	0
NU2-14	1112	Picture	27	22545938	0	1	20166	1	0	next	other	0
NU2-14	1114	Picture	40	22581270	0	1	111497	1	0	next	other	0
NU2-14	1114	Text Input	14	22692727	111457	0
NU2-14	1114	Response	0	22692727	111457	1
NU2-14	1115	Response	100	22694167	1400	1
NU2-14	1117	Picture	8	22723100	0	1	20166	1	0	next	other	0
NU2-14	1119	Picture	34	22758432	0	1	20166	1	0	next	other	0
NU2-14	1121	Picture	73	22793765	0	1	20166	1	0	next	other	0
NU2-14	1122	Response	0	22834166	20069	1
NU2-14	1122	Response	0	22840246	26148	1
NU2-14	1123	Response	0	22844886	4456	1
NU2-14	1123	Response	100	22846326	5896	1
NU2-14	1125	Picture	9	22861763	0	1	20166	1	0	next	other	0
NU2-14	1127	Picture	24	22897095	0	1	20166	1	0	next	other	0
NU2-14	1129	Picture	61	22932428	0	1	20166	1	0	next	other	0
NU2-14	1130	Response	0	22958325	5564	1
NU2-14	1130	Response	0	22966165	13404	1
NU2-14	1131	Response	0	22975125	8698	1
NU2-14	1131	Response	100	22978644	12217	1
NU2-14	1133	Picture	11	22994093	0	1	20166	1	0	next	other	0
NU2-14	1135	Picture	27	23029426	0	1	20166	1	0	next	other	0
NU2-14	1137	Picture	62	23064758	0	1	20166	1	0	next	other	0
NU2-14	1138	Response	0	23113364	28273	1
NU2-14	1138	Response	0	23116243	31152	1
NU2-14	1139	Response	0	23120723	4300	1
NU2-14	1139	Response	100	23122163	5740	1
NU2-14	1141	Picture	12	23137589	0	1	20166	1	0	next	other	0
NU2-14	1143	Picture	25	23172922	0	1	20166	1	0	next	other	0
NU2-14	1145	Picture	40	23208254	0	1	176162	1	0	next	other	0
NU2-14	1145	Text Input	14	23384401	176146	0
NU2-14	1145	Response	0	23384401	176146	1
NU2-14	1146	Response	100	23385841	1424	1
NU2-14	1148	Picture	8	23414749	0	1	20166	1	0	next	other	0
NU2-14	1150	Picture	26	23450082	0	1	20166	1	0	next	other	0
NU2-14	1152	Picture	65	23485414	0	1	20166	1	0	next	other	0
NU2-14	1153	Response	0	23508720	2974	1
NU2-14	1153	Response	0	23517200	11453	1
NU2-14	1154	Response	0	23521520	4106	1
NU2-14	1154	Response	100	23522960	5546	1
NU2-14	1156	Picture	12	23538413	0	1	20166	1	0	next	other	0
NU2-14	1158	Picture	35	23573745	0	1	20166	1	0	next	other	0
NU2-14	1160	Picture	73	23609078	0	1	20166	1	0	next	other	0
NU2-14	1161	Response	0	23636079	6669	1
NU2-14	1161	Response	0	23638959	9548	1
NU2-14	1162	Response	0	23644239	4995	1
NU2-14	1162	Response	100	23646479	7235	1
NU2-14	1164	Picture	12	23661910	0	1	20166	1	0	next	other	0
NU2-14	1166	Picture	25	23697242	0	1	20166	1	0	next	other	0
NU2-14	1168	Picture	62	23732575	0	1	20166	1	0	next	other	0
NU2-14	1169	Response	0	23755758	2851	1
NU2-14	1169	Response	0	23760398	7490	1
NU2-14	1170	Response	0	23765518	4944	1
NU2-14	1170	Response	100	23767917	7343	1
NU2-14	1172	Picture	11	23783407	0	1	20166	1	0	next	other	0
NU2-14	1174	Picture	37	23818739	0	1	20166	1	0	next	other	0
NU2-14	1176	Picture	76	23854072	0	1	20166	1	0	next	other	0
NU2-14	1177	Response	0	23878157	3753	1
NU2-14	1177	Response	0	23886156	11752	1
NU2-14	1178	Response	0	23891757	5352	1
NU2-14	1178	Response	100	23893676	7272	1
NU2-14	1180	Picture	12	23909070	0	1	20166	1	0	next	other	0
NU2-14	1182	Picture	25	23944403	0	1	20166	1	0	next	other	0
NU2-14	1184	Picture	62	23979735	0	1	20166	1	0	next	other	0
NU2-14	1185	Response	0	24039116	39048	1
NU2-14	1185	Response	0	24043275	43207	1
NU2-14	1186	Response	0	24052395	8828	1
NU2-14	1186	Response	0	24054155	10588	1
NU2-14	1187	Response	0	24057675	3275	1
NU2-14	1187	Response	0	24058795	4395	1
NU2-14	1188	Response	0	24068715	9649	1
NU2-14	1188	Response	100	24070155	11088	1
NU2-14	1190	Picture	9	24085566	0	1	20166	1	0	next	other	0
NU2-14	1192	Picture	35	24120898	0	1	20166	1	0	next	other	0
NU2-14	1194	Picture	50	24156231	0	1	33833	1	0	next	other	0
NU2-14	1194	Text Input	6	24189994	33763	0
NU2-14	1194	Response	0	24189994	33763	1
NU2-14	1195	Response	100	24191114	1051	1
NU2-14	1197	Picture	9	24220396	0	1	20166	1	0	next	other	0
NU2-14	1199	Picture	27	24255728	0	1	20166	1	0	next	other	0
NU2-14	1201	Picture	61	24291061	0	1	20166	1	0	next	other	0
NU2-14	1202	Response	0	24322953	11560	1
NU2-14	1202	Response	0	24329672	18279	1
NU2-14	1203	Response	0	24344072	14179	1
NU2-14	1203	Response	100	24345352	15459	1
NU2-14	1205	Picture	12	24360726	0	1	20166	1	0	next	other	0
NU2-14	1207	Picture	36	24396058	0	1	20166	1	0	next	other	0
NU2-14	1209	Picture	72	24431391	0	1	20166	1	0	next	other	0
NU2-14	1210	Response	0	24470952	19228	1
NU2-14	1210	Response	0	24474951	23228	1
NU2-14	1211	Response	0	24480391	5168	1
NU2-14	1211	Response	100	24482151	6928	1
NU2-14	1213	Picture	12	24497556	0	1	20166	1	0	next	other	0
NU2-14	1215	Picture	27	24532888	0	1	20166	1	0	next	other	0
NU2-14	1217	Picture	66	24568221	0	1	20166	1	0	next	other	0
NU2-14	1218	Response	0	24591431	2877	1
NU2-14	1218	Response	0	24601030	12477	1
NU2-14	1219	Response	0	24605670	4450	1
NU2-14	1219	Response	100	24610310	9090	1
NU2-14	1221	Picture	8	24625719	0	1	20166	1	0	next	other	0
NU2-14	1223	Picture	24	24661052	0	1	20166	1	0	next	other	0
NU2-14	1225	Picture	61	24696384	0	1	20166	1	0	next	other	0
NU2-14	1226	Response	0	24721350	4633	1
NU2-14	1226	Response	0	24729189	12472	1
NU2-14	1227	Response	0	24733509	4126	1
NU2-14	1227	Response	100	24735749	6366	1
NU2-14	1229	Picture	9	24751216	0	1	20166	1	0	next	other	0
NU2-14	1231	Picture	36	24786548	0	1	20166	1	0	next	other	0
NU2-14	1233	Picture	73	24821881	0	1	20166	1	0	next	other	0
NU2-14	1234	Response	0	24894148	51934	1
NU2-14	1234	Response	100	24895907	53694	1
NU2-14	1236	Picture	9	24911379	0	1	20166	1	0	next	other	0
NU2-14	1238	Picture	36	24946711	0	1	20166	1	0	next	other	0
NU2-14	1240	Picture	50	24982043	0	1	37166	1	0	next	other	0
NU2-14	1240	Text Input	6	25019106	37063	0
NU2-14	1243	Picture	8	25049542	0	1	20166	1	0	next	other	0
NU2-14	1245	Picture	24	25084874	0	1	20166	1	0	next	other	0
NU2-14	1247	Picture	61	25120207	0	1	20166	1	0	next	other	0
NU2-14	1248	Response	0	25218145	77605	1
NU2-14	1248	Response	0	25225664	85125	1
NU2-14	1249	Response	0	25230304	4434	1
NU2-14	1249	Response	100	25232065	6194	1
NU2-14	1251	Picture	11	25247537	0	1	20166	1	0	next	other	0
NU2-14	1253	Picture	36	25282869	0	1	20166	1	0	next	other	0
NU2-14	1255	Picture	50	25318202	0	1	36666	1	0	next	other	0
NU2-14	1255	Text Input	8	25354783	36582	0
NU2-14	1255	Response	0	25354783	36582	1
NU2-14	1256	Response	100	25356703	1836	1
NU2-14	1258	Picture	9	25385200	0	1	20166	1	0	next	other	0
NU2-14	1260	Picture	26	25420533	0	1	20166	1	0	next	other	0
NU2-14	1262	Picture	61	25455865	0	1	20166	1	0	next	other	0
NU2-14	1263	Response	0	25479743	3545	1
NU2-14	1263	Response	0	25486142	9944	1
NU2-14	1264	Response	0	25495262	8898	1
NU2-14	1264	Response	0	25496542	10178	1
NU2-14	1265	Response	0	25499422	2558	1
NU2-14	1265	Response	100	25501022	4158	1
NU2-14	1267	Picture	8	25516364	0	1	20166	1	0	next	other	0
NU2-14	1269	Picture	26	25551696	0	1	20166	1	0	next	other	0
NU2-14	1271	Picture	40	25587028	0	1	40166	1	0	next	other	0
NU2-14	1271	Text Input	11	25627101	40072	0
NU2-14	1271	Response	0	25627101	40072	1
NU2-14	1272	Response	100	25628541	1347	1
NU2-14	1274	Picture	12	25657527	0	1	20166	1	0	next	other	0
NU2-14	1276	Picture	34	25692859	0	1	20166	1	0	next	other	0
NU2-14	1278	Picture	73	25728192	0	1	20166	1	0	next	other	0
NU2-14	1279	Response	0	25772060	23536	1
NU2-14	1279	Response	0	25779260	30735	1
NU2-14	1280	Response	0	25783900	4376	1
NU2-14	1280	Response	100	25785020	5496	1
NU2-14	1282	Picture	10	25800356	0	1	20166	1	0	next	other	0
NU2-14	1284	Picture	26	25835689	0	1	20166	1	0	next	other	0
NU2-14	1286	Picture	40	25871021	0	1	48165	1	0	next	other	0
NU2-14	1286	Text Input	13	25919098	48077	0
NU2-14	1286	Response	0	25919098	48077	1
NU2-14	1287	Response	100	25920698	1512	1
NU2-14	1289	Picture	9	25949519	0	1	20166	1	0	next	other	0
NU2-14	1291	Picture	34	25984852	0	1	20166	1	0	next	other	0
NU2-14	1293	Picture	72	26020184	0	1	20166	1	0	next	other	0
NU2-14	1294	Response	0	26068537	28020	1
NU2-14	1294	Response	100	26070297	29780	1
NU2-14	1296	Picture	10	26085683	0	1	20166	1	0	next	other	0
NU2-14	1298	Picture	26	26121015	0	1	20166	1	0	next	other	0
NU2-14	1300	Picture	61	26156348	0	1	20166	1	0	next	other	0
NU2-14	1301	Response	0	26180856	4176	1
NU2-14	1301	Response	0	26190296	13615	1
NU2-14	1302	Response	0	26193976	3463	1
NU2-14	1302	Response	100	26195896	5382	1
NU2-14	1304	Picture	12	26211346	0	1	20166	1	0	next	other	0
NU2-14	1306	Picture	27	26246679	0	1	20166	1	0	next	other	0
NU2-14	1308	Picture	40	26282011	0	1	53832	1	0	next	other	0
NU2-14	1308	Text Input	15	26335735	53724	0
NU2-14	1308	Response	0	26335735	53724	1
NU2-14	1309	Response	100	26337015	1172	1
NU2-14	1311	Picture	11	26366176	0	1	20166	1	0	next	other	0
NU2-14	1313	Picture	36	26401508	0	1	20166	1	0	next	other	0
NU2-14	1315	Picture	50	26436841	0	1	33166	1	0	next	other	0
NU2-14	1315	Text Input	8	26469974	33133	0
NU2-14	1315	Response	0	26469974	33133	1
NU2-14	1316	Response	100	26471414	1407	1
NU2-14	1318	Picture	9	26500339	0	1	20166	1	0	next	other	0
NU2-14	1320	Picture	25	26535671	0	1	20166	1	0	next	other	0
NU2-14	1322	Picture	40	26571004	0	1	39166	1	0	next	other	0
NU2-14	1322	Text Input	11	26610132	39128	0
NU2-14	1322	Response	0	26610132	39128	1
NU2-14	1323	Response	100	26611572	1403	1
NU2-14	1325	Picture	13	26640502	0	1	20166	1	0	next	other	0
NU2-14	1327	Picture	27	26675835	0	1	20166	1	0	next	other	0
NU2-14	1329	Picture	40	26711167	0	1	107831	1	0	next	other	0
NU2-14	1329	Text Input	14	26818930	107763	0
NU2-14	1329	Response	0	26818930	107763	1
NU2-14	1330	Response	100	26820850	1853	1
NU2-14	1332	Picture	9	26849330	0	1	20166	1	0	next	other	0
NU2-14	1334	Picture	25	26884663	0	1	20166	1	0	next	other	0
NU2-14	1336	Picture	40	26919995	0	1	105331	1	0	next	other	0
NU2-14	1336	Text Input	11	27025168	105173	0
NU2-14	1336	Response	0	27025168	105173	1
NU2-14	1337	Response	100	27026128	802	1
NU2-14	1339	Picture	10	27055659	0	1	20166	1	0	next	other	0
NU2-14	1341	Picture	24	27090991	0	1	20166	1	0	next	other	0
NU2-14	1343	Picture	40	27126323	0	1	90831	1	0	next	other	0
NU2-14	1343	Text Input	12	27217007	90683	0
NU2-14	1343	Response	0	27217007	90683	1
NU2-14	1344	Response	100	27218447	1292	1
NU2-14	1346	Picture	10	27247487	0	1	20166	1	0	next	other	0
NU2-14	1348	Picture	27	27282820	0	1	20166	1	0	next	other	0
NU2-14	1350	Picture	40	27318152	0	1	44832	1	0	next	other	0
NU2-14	1350	Text Input	13	27362926	44774	0
NU2-14	1350	Response	0	27362926	44774	1
NU2-14	1351	Response	100	27364365	1381	1
NU2-14	1353	Picture	13	27393317	0	1	20166	1	0	next	other	0
NU2-14	1355	Picture	25	27428649	0	1	20166	1	0	next	other	0
NU2-14	1357	Picture	40	27463982	0	1	39832	1	0	next	other	0
NU2-14	1357	Text Input	15	27503724	39743	0
NU2-14	1357	Response	0	27503724	39743	1
NU2-14	1358	Response	100	27504844	1030	1
NU2-14	1360	Picture	12	27534147	0	1	20166	1	0	next	other	0
NU2-14	1362	Picture	34	27569479	0	1	20166	1	0	next	other	0
NU2-14	1364	Picture	50	27604812	0	1	41332	1	0	next	other	0
NU2-14	1364	Text Input	10	27646123	41311	0
NU2-14	1364	Response	0	27646123	41311	1
NU2-14	1365	Response	100	27647083	939	1
NU2-14	1367	Picture	11	27676476	0	1	20166	1	0	next	other	0
NU2-14	1369	Picture	37	27711809	0	1	20166	1	0	next	other	0
NU2-14	1371	Picture	50	27747141	0	1	36332	1	0	next	other	0
NU2-14	1371	Text Input	7	27783402	36261	0
NU2-14	1371	Response	0	27783402	36261	1
NU2-14	1372	Response	100	27784682	1208	1
NU2-14	1374	Picture	12	27813806	0	1	20166	1	0	next	other	0
NU2-14	1376	Picture	26	27849139	0	1	20166	1	0	next	other	0
NU2-14	1378	Picture	64	27884471	0	1	20166	1	0	next	other	0
NU2-14	1379	Response	0	27934441	29637	1
NU2-14	1379	Response	0	27936841	32036	1
NU2-14	1380	Response	0	27943560	6424	1
NU2-14	1380	Response	0	27945160	8024	1
NU2-14	1381	Response	0	27947560	2091	1
NU2-14	1381	Response	0	27949480	4010	1
NU2-14	1382	Response	0	27956680	6877	1
NU2-14	1382	Response	0	27957320	7517	1
NU2-14	1383	Response	0	27962440	4804	1
NU2-14	1383	Response	0	27963240	5604	1
NU2-14	1384	Response	0	27966440	2971	1
NU2-14	1384	Response	100	27967560	4091	1
NU2-14	1386	Picture	9	27982969	0	1	20166	1	0	next	other	0
NU2-14	1388	Picture	24	28018301	0	1	20166	1	0	next	other	0
NU2-14	1390	Picture	62	28053634	0	1	20166	1	0	next	other	0
NU2-14	1391	Response	0	28120359	46393	1
NU2-14	1391	Response	0	28122119	48152	1
NU2-14	1392	Response	0	28127879	5580	1
NU2-14	1392	Response	0	28128679	6380	1
NU2-14	1393	Response	0	28131559	2594	1
NU2-14	1393	Response	0	28132839	3874	1
NU2-14	1394	Response	0	28140519	7387	1
NU2-14	1394	Response	100	28141799	8667	1
NU2-14	1396	Picture	11	28157298	0	1	20166	1	0	next	other	0
NU2-14	1398	Picture	25	28192630	0	1	20166	1	0	next	other	0
NU2-14	1400	Picture	61	28227963	0	1	20166	1	0	next	other	0
NU2-14	1401	Response	0	28264038	15743	1
NU2-14	1401	Response	0	28270757	22462	1
NU2-14	1402	Response	0	28274437	3476	1
NU2-14	1402	Response	100	28277317	6356	1
NU2-14	1404	Picture	8	28292794	0	1	20166	1	0	next	other	0
NU2-14	1406	Picture	24	28328127	0	1	20166	1	0	next	other	0
NU2-14	1408	Picture	61	28363459	0	1	20166	1	0	next	other	0
NU2-14	1409	Response	0	28386597	2805	1
NU2-14	1409	Response	0	28392836	9044	1
NU2-14	1410	Response	0	28396516	3391	1
NU2-14	1410	Response	100	28399236	6111	1
NU2-14	1412	Picture	8	28414625	0	1	20166	1	0	next	other	0
NU2-14	1414	Picture	36	28449957	0	1	20166	1	0	next	other	0
NU2-14	1416	Picture	71	28485290	0	1	20166	1	0	next	other	0
NU2-14	1417	Response	0	28511236	5613	1
NU2-14	1417	Response	0	28517795	12173	1
NU2-14	1418	Response	0	28521475	3353	1
NU2-14	1418	Response	100	28523075	4953	1
NU2-14	1420	Picture	8	28538455	0	1	20166	1	0	next	other	0
NU2-14	1422	Picture	27	28573787	0	1	20166	1	0	next	other	0
NU2-14	1424	Picture	65	28609120	0	1	20166	1	0	next	other	0
NU2-14	1424	Response	0	28613475	4355	1
NU2-14	1424	Response	0	28616194	7075	1
NU2-14	1425	Response	0	28632994	3542	1
NU2-14	1425	Response	0	28638754	9301	1
NU2-14	1426	Response	0	28644514	5562	1
NU2-14	1426	Response	100	28646754	7802	1
NU2-14	1428	Picture	12	28662118	0	1	20166	1	0	next	other	0
NU2-14	1430	Picture	26	28697451	0	1	20166	1	0	next	other	0
NU2-14	1432	Picture	40	28732783	0	1	153496	1	0	next	other	0
NU2-14	1432	Text Input	12	28886112	153329	0
NU2-14	1432	Response	0	28886112	153329	1
NU2-14	1433	Response	100	28888672	2392	1
NU2-14	1435	Picture	10	28916612	0	1	20166	1	0	next	other	0
NU2-14	1437	Picture	27	28951945	0	1	20166	1	0	next	other	0
NU2-14	1439	Picture	63	28987277	0	1	20166	1	0	next	other	0
NU2-14	1440	Response	0	29039711	32101	1
NU2-14	1440	Response	0	29044350	36740	1
NU2-14	1441	Response	0	29048831	4222	1
NU2-14	1441	Response	0	29049631	5022	1
NU2-14	1442	Response	0	29052990	3048	1
NU2-14	1442	Response	100	29054110	4168	1
NU2-14	1444	Picture	12	29069608	0	1	20166	1	0	next	other	0
NU2-14	1446	Picture	37	29104941	0	1	20166	1	0	next	other	0
NU2-14	1448	Picture	73	29140273	0	1	20166	1	0	next	other	0
NU2-14	1449	Response	0	29229149	68543	1
NU2-14	1449	Response	100	29230109	69503	1
NU2-14	1452	Picture	11	29845756	0	1	20166	1	0	next	other	0
NU2-14	1454	Picture	24	29881088	0	1	20166	1	0	next	other	0
NU2-14	1456	Picture	61	29916421	0	1	20166	1	0	next	other	0
NU2-14	1457	Response	0	29940183	3430	1
NU2-14	1457	Response	0	29947062	10309	1
NU2-14	1458	Response	0	29952182	4929	1
NU2-14	1458	Response	100	29953462	6209	1
NU2-14	1460	Picture	12	29968919	0	1	20166	1	0	next	other	0
NU2-14	1462	Picture	34	30004252	0	1	20166	1	0	next	other	0
NU2-14	1464	Picture	50	30039584	0	1	62332	1	0	next	other	0
NU2-14	1464	Text Input	10	30101781	62197	0
NU2-14	1464	Response	0	30101781	62197	1
NU2-14	1465	Response	100	30103221	1305	1
NU2-14	1467	Picture	9	30132249	0	1	20166	1	0	next	other	0
NU2-14	1469	Picture	35	30167581	0	1	20166	1	0	next	other	0
NU2-14	1471	Picture	50	30202913	0	1	42666	1	0	next	other	0
NU2-14	1471	Text Input	6	30245460	42547	0
NU2-14	1471	Response	0	30245460	42547	1
NU2-14	1472	Response	100	30246420	841	1
NU2-14	1474	Picture	11	30275912	0	1	20166	1	0	next	other	0
NU2-14	1476	Picture	36	30311244	0	1	20166	1	0	next	other	0
NU2-14	1478	Picture	50	30346577	0	1	33166	1	0	next	other	0
NU2-14	1478	Text Input	8	30379699	33122	0
NU2-14	1478	Response	0	30379699	33122	1
NU2-14	1479	Response	100	30381298	1556	1
NU2-14	1481	Picture	11	30410075	0	1	20166	1	0	next	other	0
NU2-14	1483	Picture	27	30445407	0	1	20166	1	0	next	other	0
NU2-14	1485	Picture	40	30480740	0	1	49332	1	0	next	other	0
NU2-14	1485	Text Input	14	30529937	49197	0
NU2-14	1485	Response	0	30529937	49197	1
NU2-14	1486	Response	100	30531217	1145	1
NU2-14	1488	Picture	8	30560405	0	1	20166	1	0	next	other	0
NU2-14	1490	Picture	24	30595737	0	1	20166	1	0	next	other	0
NU2-14	1492	Picture	40	30631070	0	1	27833	1	0	next	other	0
NU2-14	1492	Text Input		30658737	27667	0
NU2-14	1492	Response	0	30658737	27667	1
NU2-14	1493	Response	100	30660176	1274	1
NU2-14	1495	Picture	11	30689235	0	1	20166	1	0	next	other	0
NU2-14	1497	Picture	37	30724567	0	1	20166	1	0	next	other	0
NU2-14	1499	Picture	50	30759900	0	1	34499	1	0	next	other	0
NU2-14	1499	Text Input	7	30794255	34355	0
NU2-14	1502	Picture	13	30824731	0	1	20166	1	0	next	other	0
NU2-14	1504	Picture	27	30860064	0	1	20166	1	0	next	other	0
NU2-14	1506	Picture	40	30895396	0	1	142163	1	0	next	other	0
NU2-14	1506	Text Input	16	31037453	142056	0
NU2-14	1506	Response	0	31037453	142056	1
NU2-14	1507	Response	100	31038573	1013	1
NU2-14	1509	Picture	12	31067892	0	1	20166	1	0	next	other	0
NU2-14	1511	Picture	27	31103224	0	1	20166	1	0	next	other	0
NU2-14	1513	Picture	65	31138557	0	1	20166	1	0	next	other	0
NU2-14	1514	Response	0	31185452	26562	1
NU2-14	1514	Response	0	31189612	30722	1
NU2-14	1515	Response	0	31196971	7082	1
NU2-14	1515	Response	100	31198251	8362	1
NU2-14	1517	Picture	13	31213722	0	1	20166	1	0	next	other	0
NU2-14	1519	Picture	25	31249054	0	1	20166	1	0	next	other	0
NU2-14	1521	Picture	40	31284387	0	1	58832	1	0	next	other	0
NU2-14	1521	Text Input	15	31343050	58664	0
NU2-14	1521	Response	0	31343050	58664	1
NU2-14	1522	Response	100	31344010	792	1
NU2-14	1524	Picture	10	31373551	0	1	20166	1	0	next	other	0
NU2-14	1526	Picture	26	31408883	0	1	20166	1	0	next	other	0
NU2-14	1528	Picture	40	31444216	0	1	49332	1	0	next	other	0
NU2-14	1528	Text Input	13	31493449	49233	0
NU2-14	1528	Response	0	31493449	49233	1
NU2-14	1529	Response	100	31494729	1181	1
NU2-14	1531	Picture	12	31523881	0	1	20166	1	0	next	other	0
NU2-14	1533	Picture	36	31559213	0	1	20166	1	0	next	other	0
NU2-14	1535	Picture	72	31594545	0	1	20166	1	0	next	other	0
NU2-14	1536	Response	0	31655048	40169	1
NU2-14	1536	Response	0	31656487	41609	1
NU2-14	1537	Response	0	31661767	5057	1
NU2-14	1537	Response	100	31663047	6337	1
NU2-14	1539	Picture	9	31678543	0	1	20166	1	0	next	other	0
NU2-14	1541	Picture	34	31713876	0	1	20166	1	0	next	other	0
NU2-14	1543	Picture	50	31749208	0	1	32333	1	0	next	other	0
NU2-14	1543	Text Input		31781447	32238	0
NU2-14	1543	Response	0	31781447	32238	1
NU2-14	1544	Response	100	31782726	1185	1
NU2-14	1546	Picture	10	31811873	0	1	20166	1	0	next	other	0
NU2-14	1548	Picture	37	31847206	0	1	20166	1	0	next	other	0
NU2-14	1550	Picture	76	31882538	0	1	20166	1	0	next	other	0
NU2-14	1551	Response	0	31929445	26574	1
NU2-14	1551	Response	0	31936965	34093	1
NU2-14	1552	Response	0	31943525	6321	1
NU2-14	1552	Response	100	31945125	7921	1
NU2-14	1554	Picture	11	31960536	0	1	20166	1	0	next	other	0
NU2-14	1556	Picture	26	31995869	0	1	20166	1	0	next	other	0
NU2-14	1558	Picture	64	32031201	0	1	20166	1	0	next	other	0
NU2-14	1559	Response	0	32129284	77750	1
NU2-14	1559	Response	0	32132323	80789	1
NU2-14	1560	Response	0	32137283	4751	1
NU2-14	1560	Response	100	32138563	6031	1
NU2-14	1562	Picture	12	32154032	0	1	20166	1	0	next	other	0
NU2-14	1564	Picture	34	32189364	0	1	20166	1	0	next	other	0
NU2-14	1566	Picture	71	32224696	0	1	20166	1	0	next	other	0
NU2-14	1567	Response	0	32274882	29853	1
NU2-14	1567	Response	0	32281921	36892	1
NU2-14	1568	Response	0	32285122	2927	1
NU2-14	1568	Response	100	32286242	4046	1
NU2-14	1570	Picture	11	32301695	0	1	20166	1	0	next	other	0
NU2-14	1572	Picture	36	32337027	0	1	20166	1	0	next	other	0
NU2-14	1574	Picture	50	32372359	0	1	36166	1	0	next	other	0
NU2-14	1574	Text Input	8	32408480	36121	0
NU2-14	1574	Response	0	32408480	36121	1
NU2-14	1575	Response	100	32409600	1075	1
NU2-14	1577	Picture	13	32438858	0	1	20166	1	0	next	other	0
NU2-14	1579	Picture	37	32474190	0	1	20166	1	0	next	other	0
NU2-14	1581	Picture	50	32509523	0	1	35832	1	0	next	other	0
NU2-14	1581	Text Input	9	32545279	35757	0
NU2-14	1581	Response	0	32545279	35757	1
NU2-14	1582	Response	100	32546559	1204	1
NU2-14	1584	Picture	10	32575688	0	1	20166	1	0	next	other	0
NU2-14	1586	Picture	25	32611020	0	1	20166	1	0	next	other	0
NU2-14	1588	Picture	61	32646353	0	1	20166	1	0	next	other	0
NU2-14	1589	Response	0	32692478	25793	1
NU2-14	1589	Response	0	32697438	30752	1
NU2-14	1590	Response	0	32701118	3433	1
NU2-14	1590	Response	100	32702878	5193	1
NU2-14	1592	Picture	9	32718351	0	1	20166	1	0	next	other	0
NU2-14	1594	Picture	37	32753683	0	1	20166	1	0	next	other	0
NU2-14	1596	Picture	50	32789016	0	1	71332	1	0	next	other	0
NU2-14	1596	Text Input	7	32860316	71301	0
NU2-14	1596	Response	0	32860316	71301	1
NU2-14	1597	Response	100	32861276	929	1
NU2-14	1599	Picture	11	32890680	0	1	20166	1	0	next	other	0
NU2-14	1601	Picture	24	32926012	0	1	20166	1	0	next	other	0
NU2-14	1603	Picture	40	32961345	0	1	38166	1	0	next	other	0
NU2-14	1603	Text Input	13	32999355	38010	0
NU2-14	1603	Response	0	32999355	38010	1
NU2-14	1604	Response	100	33000475	965	1
NU2-14	1606	Picture	End of exepriment	33014677	0	1	109048	1	0	next	other	0

The following output port codes were not sent because of a conflict on the port.
Port	Code	Time(ms)
1	0	3.30147e+006
