Scenario - 
Logfile written - 04/09/2016 14:23:29

Subject	Trial	Event Type	Code	Time	TTime	Uncertainty	Duration	Uncertainty	ReqTime	ReqDur	Stim Type	Pair Index

NU2-16	1	Picture	Instructions	152	0	182	128345	182	0	next	other	0
NU2-16	1	Response	0	128312	128160	1
NU2-16	2	Picture	Instructions	128497	0	1	36499	1	0	next	other	0
NU2-16	2	Response	0	164951	36454	1
NU2-16	4	Picture	Experiment starts	164996	0	1	30166	1	0	next	other	0
NU2-16	6	Picture	10	210328	0	1	20166	1	0	next	other	0
NU2-16	8	Picture	36	245660	0	1	20166	1	0	next	other	0
NU2-16	10	Picture	50	280993	0	1	41166	1	0	next	other	0
NU2-16	10	Text Input	7	322069	41077	0
NU2-16	10	Response	0	322069	41077	1
NU2-16	11	Response	100	323189	1031	1
NU2-16	13	Picture	11	352491	0	1	20166	1	0	next	other	0
NU2-16	15	Picture	35	387823	0	1	20166	1	0	next	other	0
NU2-16	17	Picture	71	423156	0	1	20166	1	0	next	other	0
NU2-16	18	Response	0	463348	19860	1
NU2-16	18	Response	0	464788	21299	1
NU2-16	19	Response	0	467828	2840	1
NU2-16	19	Response	0	471348	6360	1
NU2-16	20	Response	0	474228	2573	1
NU2-16	20	Response	0	475988	4333	1
NU2-16	21	Response	0	490068	13913	1
NU2-16	21	Response	0	490868	14713	1
NU2-16	22	Response	0	494708	3554	1
NU2-16	22	Response	0	495668	4513	1
NU2-16	23	Response	0	499348	3360	1
NU2-16	23	Response	0	499668	3680	1
NU2-16	24	Response	0	508628	8641	1
NU2-16	24	Response	100	509428	9441	1
NU2-16	26	Picture	9	524820	0	1	20166	1	0	next	other	0
NU2-16	28	Picture	34	560153	0	1	20166	1	0	next	other	0
NU2-16	30	Picture	72	595485	0	1	20166	1	0	next	other	0
NU2-16	31	Response	0	758706	142888	1
NU2-16	31	Response	100	759505	143688	1
NU2-16	33	Picture	10	774980	0	1	20166	1	0	next	other	0
NU2-16	35	Picture	26	810313	0	1	20166	1	0	next	other	0
NU2-16	37	Picture	63	845645	0	1	20166	1	0	next	other	0
NU2-16	38	Response	0	941744	75766	1
NU2-16	38	Response	100	942864	76885	1
NU2-16	40	Picture	9	958309	0	1	20166	1	0	next	other	0
NU2-16	42	Picture	24	993642	0	1	20166	1	0	next	other	0
NU2-16	44	Picture	62	1028974	0	1	20166	1	0	next	other	0
NU2-16	45	Response	0	1158702	109395	1
NU2-16	45	Response	0	1159502	110195	1
NU2-16	46	Response	0	1164462	4658	1
NU2-16	46	Response	0	1165262	5458	1
NU2-16	47	Response	0	1168302	2831	1
NU2-16	47	Response	0	1168942	3471	1
NU2-16	48	Response	0	1176142	7004	1
NU2-16	48	Response	100	1177102	7964	1
NU2-16	50	Picture	10	1192470	0	1	20166	1	0	next	other	0
NU2-16	52	Picture	25	1227802	0	1	20166	1	0	next	other	0
NU2-16	54	Picture	40	1263135	0	1	43166	1	0	next	other	0
NU2-16	54	Text Input	12	1306220	43086	0
NU2-16	54	Response	0	1306220	43086	1
NU2-16	55	Response	100	1307340	1040	1
NU2-16	57	Picture	9	1336633	0	1	20166	1	0	next	other	0
NU2-16	59	Picture	37	1371966	0	1	20166	1	0	next	other	0
NU2-16	61	Picture	71	1407298	0	1	20166	1	0	next	other	0
NU2-16	62	Response	0	1444939	17308	1
NU2-16	62	Response	0	1448299	20668	1
NU2-16	63	Response	0	1450859	2229	1
NU2-16	63	Response	0	1454539	5909	1
NU2-16	64	Response	0	1457419	2622	1
NU2-16	64	Response	0	1458699	3902	1
NU2-16	65	Response	0	1469739	10776	1
NU2-16	65	Response	0	1470699	11736	1
NU2-16	66	Response	0	1475659	4696	1
NU2-16	66	Response	0	1476459	5496	1
NU2-16	67	Response	0	1485739	9109	1
NU2-16	67	Response	0	1486379	9749	1
NU2-16	68	Response	0	1496459	9829	1
NU2-16	68	Response	100	1497259	10629	1
NU2-16	70	Picture	9	1512629	0	1	20166	1	0	next	other	0
NU2-16	72	Picture	26	1547961	0	1	20166	1	0	next	other	0
NU2-16	74	Picture	65	1583294	0	1	20166	1	0	next	other	0
NU2-16	75	Response	0	1659818	56191	1
NU2-16	75	Response	0	1663657	60031	1
NU2-16	76	Response	0	1667337	3379	1
NU2-16	76	Response	0	1668617	4659	1
NU2-16	77	Response	0	1672777	3986	1
NU2-16	77	Response	0	1673577	4786	1
NU2-16	78	Response	0	1682377	8586	1
NU2-16	78	Response	0	1682857	9066	1
NU2-16	79	Response	0	1685737	2613	1
NU2-16	79	Response	0	1686857	3733	1
NU2-16	80	Response	0	1691977	4853	1
NU2-16	80	Response	0	1692617	5493	1
NU2-16	81	Response	0	1702217	9426	1
NU2-16	81	Response	0	1703017	10226	1
NU2-16	82	Response	0	1719817	16527	1
NU2-16	82	Response	100	1720937	17646	1
NU2-16	84	Picture	12	1736290	0	1	20166	1	0	next	other	0
NU2-16	86	Picture	36	1771622	0	1	20166	1	0	next	other	0
NU2-16	88	Picture	72	1806955	0	1	20166	1	0	next	other	0
NU2-16	89	Response	0	1876776	49488	1
NU2-16	89	Response	0	1877735	50448	1
NU2-16	90	Response	0	1880615	2662	1
NU2-16	90	Response	0	1881735	3782	1
NU2-16	91	Response	0	1883655	1702	1
NU2-16	91	Response	0	1884615	2662	1
NU2-16	92	Response	0	1893575	8789	1
NU2-16	92	Response	0	1894535	9749	1
NU2-16	93	Response	0	1905895	11109	1
NU2-16	93	Response	0	1906375	11589	1
NU2-16	94	Response	0	1917735	11116	1
NU2-16	94	Response	100	1918535	11916	1
NU2-16	96	Picture	10	1933951	0	1	20166	1	0	next	other	0
NU2-16	98	Picture	34	1969284	0	1	20166	1	0	next	other	0
NU2-16	100	Picture	71	2004616	0	1	20166	1	0	next	other	0
NU2-16	101	Response	0	2064934	39985	1
NU2-16	101	Response	0	2066054	41104	1
NU2-16	102	Response	0	2068134	1852	1
NU2-16	102	Response	0	2069414	3132	1
NU2-16	103	Response	0	2071494	1879	1
NU2-16	103	Response	0	2072454	2839	1
NU2-16	104	Response	0	2075654	2872	1
NU2-16	104	Response	0	2076613	3832	1
NU2-16	105	Response	0	2086374	9592	1
NU2-16	105	Response	0	2087173	10392	1
NU2-16	106	Response	0	2096133	8686	1
NU2-16	106	Response	0	2096933	9486	1
NU2-16	107	Response	0	2101093	3979	1
NU2-16	107	Response	0	2101893	4779	1
NU2-16	108	Response	0	2105573	3459	1
NU2-16	108	Response	0	2106213	4099	1
NU2-16	109	Response	0	2142213	35766	1
NU2-16	109	Response	0	2143173	36726	1
NU2-16	110	Response	0	2158373	14927	1
NU2-16	110	Response	100	2159333	15887	1
NU2-16	112	Picture	10	2174779	0	1	20166	1	0	next	other	0
NU2-16	114	Picture	37	2210111	0	1	20166	1	0	next	other	0
NU2-16	116	Picture	73	2245444	0	1	20166	1	0	next	other	0
NU2-16	117	Response	0	2289572	23796	1
NU2-16	117	Response	0	2290852	25075	1
NU2-16	118	Response	0	2294372	3263	1
NU2-16	118	Response	0	2295492	4382	1
NU2-16	119	Response	0	2322692	26916	1
NU2-16	119	Response	0	2323811	28036	1
NU2-16	120	Response	0	2327651	3543	1
NU2-16	120	Response	0	2328291	4183	1
NU2-16	121	Response	0	2357571	28963	1
NU2-16	121	Response	0	2358531	29923	1
NU2-16	122	Response	0	2372931	14157	1
NU2-16	122	Response	100	2373891	15117	1
NU2-16	124	Picture	11	2389273	0	1	20166	1	0	next	other	0
NU2-16	126	Picture	37	2424606	0	1	20166	1	0	next	other	0
NU2-16	128	Picture	75	2459938	0	1	20166	1	0	next	other	0
NU2-16	129	Response	0	2551330	71059	1
NU2-16	129	Response	0	2552769	72498	1
NU2-16	130	Response	0	2557569	4633	1
NU2-16	130	Response	0	2558529	5593	1
NU2-16	131	Response	0	2566689	7920	1
NU2-16	131	Response	0	2567329	8560	1
NU2-16	132	Response	0	2620449	52847	1
NU2-16	132	Response	0	2621249	53647	1
NU2-16	133	Response	0	2646529	25095	1
NU2-16	133	Response	0	2647488	26054	1
NU2-16	134	Response	0	2670528	22761	1
NU2-16	134	Response	0	2671488	23721	1
NU2-16	135	Response	0	2713408	41642	1
NU2-16	135	Response	0	2714688	42921	1
NU2-16	136	Response	0	2717568	2650	1
NU2-16	136	Response	0	2718528	3609	1
NU2-16	137	Response	0	2846527	127762	1
NU2-16	137	Response	0	2847807	129042	1
NU2-16	138	Response	0	2850207	2111	1
NU2-16	138	Response	0	2851167	3071	1
NU2-16	139	Response	0	2852767	1338	1
NU2-16	139	Response	0	2853247	1818	1
NU2-16	140	Response	0	2855007	1578	1
NU2-16	140	Response	0	2855966	2538	1
NU2-16	141	Response	0	2860447	4185	1
NU2-16	141	Response	0	2861566	5305	1
NU2-16	142	Response	0	2871006	9245	1
NU2-16	142	Response	100	2871486	9725	1
NU2-16	144	Picture	11	2886928	0	1	20166	1	0	next	other	0
NU2-16	146	Picture	26	2922260	0	1	20166	1	0	next	other	0
NU2-16	148	Picture	40	2957593	0	1	43999	1	0	next	other	0
NU2-16	148	Text Input	14	3001565	43973	0
NU2-16	148	Response	0	3001565	43973	1
NU2-16	149	Response	100	3002525	934	1
NU2-16	151	Picture	10	3031924	0	1	20166	1	0	next	other	0
NU2-16	153	Picture	25	3067256	0	1	20166	1	0	next	other	0
NU2-16	155	Picture	40	3102589	0	1	36832	1	0	next	other	0
NU2-16	155	Text Input	12	3139324	36735	0
NU2-16	155	Response	0	3139324	36735	1
NU2-16	156	Response	100	3140604	1183	1
NU2-16	158	Picture	9	3169754	0	1	20166	1	0	next	other	0
NU2-16	160	Picture	26	3205086	0	1	20166	1	0	next	other	0
NU2-16	162	Picture	40	3240419	0	1	143330	1	0	next	other	0
NU2-16	162	Text Input	14	3383642	143223	0
NU2-16	162	Response	0	3383642	143223	1
NU2-16	163	Response	100	3384602	853	1
NU2-16	165	Picture	11	3414081	0	1	20166	1	0	next	other	0
NU2-16	167	Picture	25	3449414	0	1	20166	1	0	next	other	0
NU2-16	169	Picture	64	3484746	0	1	20166	1	0	next	other	0
NU2-16	170	Response	0	3519801	14722	1
NU2-16	170	Response	0	3521081	16002	1
NU2-16	171	Response	0	3524281	2869	1
NU2-16	171	Response	0	3525561	4149	1
NU2-16	172	Response	0	3526521	776	1
NU2-16	172	Response	0	3527801	2056	1
NU2-16	173	Response	0	3531001	2922	1
NU2-16	173	Response	0	3532121	4042	1
NU2-16	174	Response	0	3534041	1629	1
NU2-16	174	Response	0	3535161	2749	1
NU2-16	175	Response	0	3540761	5349	1
NU2-16	175	Response	0	3542041	6629	1
NU2-16	176	Response	0	3546361	4116	1
NU2-16	176	Response	0	3547000	4756	1
NU2-16	177	Response	0	3563480	16236	1
NU2-16	177	Response	0	3563800	16556	1
NU2-16	178	Response	0	3567320	3243	1
NU2-16	178	Response	0	3568280	4203	1
NU2-16	179	Response	0	3573720	5143	1
NU2-16	179	Response	100	3574520	5943	1
NU2-16	181	Picture	10	3589910	0	1	20166	1	0	next	other	0
NU2-16	183	Picture	26	3625243	0	1	20166	1	0	next	other	0
NU2-16	185	Picture	40	3660575	0	1	40332	1	0	next	other	0
NU2-16	185	Text Input	13	3700759	40184	0
NU2-16	185	Response	0	3700759	40184	1
NU2-16	186	Response	100	3701719	812	1
NU2-16	188	Picture	9	3731240	0	1	20166	1	0	next	other	0
NU2-16	190	Picture	24	3766572	0	1	20166	1	0	next	other	0
NU2-16	192	Picture	40	3801905	0	1	35666	1	0	next	other	0
NU2-16	192	Text Input	11	3837558	35653	0
NU2-16	192	Response	0	3837558	35653	1
NU2-16	193	Response	100	3838838	1267	1
NU2-16	195	Picture	12	3867903	0	1	20166	1	0	next	other	0
NU2-16	197	Picture	26	3903236	0	1	20166	1	0	next	other	0
NU2-16	199	Picture	64	3938568	0	1	20166	1	0	next	other	0
NU2-16	200	Response	0	4018037	59136	1
NU2-16	200	Response	0	4019636	60735	1
NU2-16	201	Response	0	4021556	1657	1
NU2-16	201	Response	0	4022676	2777	1
NU2-16	202	Response	0	4032916	10017	1
NU2-16	202	Response	0	4034036	11137	1
NU2-16	203	Response	0	4058676	24444	1
NU2-16	203	Response	0	4059476	25243	1
NU2-16	204	Response	0	4075476	15744	1
NU2-16	204	Response	100	4076276	16544	1
NU2-16	206	Picture	10	4091731	0	1	20166	1	0	next	other	0
NU2-16	208	Picture	34	4127063	0	1	20166	1	0	next	other	0
NU2-16	210	Picture	71	4162396	0	1	20166	1	0	next	other	0
NU2-16	211	Response	0	4232435	49706	1
NU2-16	211	Response	0	4233714	50986	1
NU2-16	212	Response	0	4239634	5740	1
NU2-16	212	Response	0	4240754	6860	1
NU2-16	213	Response	0	4246194	5134	1
NU2-16	213	Response	0	4247634	6574	1
NU2-16	214	Response	0	4251154	3261	1
NU2-16	214	Response	0	4252274	4381	1
NU2-16	215	Response	0	4254034	1474	1
NU2-16	215	Response	0	4255154	2594	1
NU2-16	216	Response	0	4257714	2321	1
NU2-16	216	Response	0	4258994	3601	1
NU2-16	217	Response	0	4264114	4887	1
NU2-16	217	Response	0	4265074	5847	1
NU2-16	218	Response	0	4282674	17281	1
NU2-16	218	Response	0	4283634	18241	1
NU2-16	219	Response	0	4293074	9181	1
NU2-16	219	Response	100	4293714	9821	1
NU2-16	221	Picture	11	4309059	0	1	20166	1	0	next	other	0
NU2-16	223	Picture	36	4344391	0	1	20166	1	0	next	other	0
NU2-16	225	Picture	50	4379724	0	1	36166	1	0	next	other	0
NU2-16	225	Text Input	8	4415793	36069	0
NU2-16	225	Response	0	4415793	36069	1
NU2-16	226	Response	100	4416593	703	1
NU2-16	228	Picture	11	4446222	0	1	20166	1	0	next	other	0
NU2-16	230	Picture	27	4481555	0	1	20166	1	0	next	other	0
NU2-16	232	Picture	61	4516887	0	1	20166	1	0	next	other	0
NU2-16	233	Response	0	4553232	16012	1
NU2-16	233	Response	0	4557231	20012	1
NU2-16	234	Response	0	4564751	7199	1
NU2-16	234	Response	0	4567151	9599	1
NU2-16	235	Response	0	4569551	2166	1
NU2-16	235	Response	0	4570991	3606	1
NU2-16	236	Response	0	4573711	2492	1
NU2-16	236	Response	0	4574671	3452	1
NU2-16	237	Response	0	4582991	8106	1
NU2-16	237	Response	0	4583791	8906	1
NU2-16	238	Response	0	4587311	3259	1
NU2-16	238	Response	0	4588111	4059	1
NU2-16	239	Response	0	4596271	7886	1
NU2-16	239	Response	100	4597391	9006	1
NU2-16	241	Picture	9	4612885	0	1	20166	1	0	next	other	0
NU2-16	243	Picture	27	4648217	0	1	20166	1	0	next	other	0
NU2-16	245	Picture	40	4683549	0	1	37499	1	0	next	other	0
NU2-16	245	Text Input	12	4720910	37360	0
NU2-16	245	Response	0	4720910	37360	1
NU2-16	246	Response	100	4721710	661	1
NU2-16	248	Picture	8	4751381	0	1	20166	1	0	next	other	0
NU2-16	250	Picture	27	4786714	0	1	20166	1	0	next	other	0
NU2-16	252	Picture	65	4822046	0	1	20166	1	0	next	other	0
NU2-16	253	Response	0	4872269	29890	1
NU2-16	253	Response	0	4873388	31009	1
NU2-16	254	Response	0	4875469	1757	1
NU2-16	254	Response	0	4876749	3037	1
NU2-16	255	Response	0	4880109	3064	1
NU2-16	255	Response	0	4881229	4184	1
NU2-16	256	Response	0	4895629	14084	1
NU2-16	256	Response	0	4896588	15044	1
NU2-16	257	Response	0	4940268	43391	1
NU2-16	257	Response	100	4941388	44511	1
NU2-16	259	Picture	12	4956876	0	1	20166	1	0	next	other	0
NU2-16	261	Picture	27	4992208	0	1	20166	1	0	next	other	0
NU2-16	263	Picture	64	5027541	0	1	20166	1	0	next	other	0
NU2-16	264	Response	0	5094987	47113	1
NU2-16	264	Response	0	5096907	49033	1
NU2-16	265	Response	0	5102827	5621	1
NU2-16	265	Response	0	5103626	6421	1
NU2-16	266	Response	0	5121387	17515	1
NU2-16	266	Response	100	5122506	18634	1
NU2-16	268	Picture	8	5137871	0	1	20166	1	0	next	other	0
NU2-16	270	Picture	24	5173204	0	1	20166	1	0	next	other	0
NU2-16	272	Picture	61	5208536	0	1	20166	1	0	next	other	0
NU2-16	273	Response	0	5273386	44516	1
NU2-16	273	Response	0	5274665	45796	1
NU2-16	274	Response	0	5277385	2517	1
NU2-16	274	Response	0	5278665	3797	1
NU2-16	275	Response	0	5281385	2517	1
NU2-16	275	Response	0	5282505	3637	1
NU2-16	276	Response	0	5290185	7484	1
NU2-16	276	Response	0	5290825	8124	1
NU2-16	277	Response	0	5304105	13070	1
NU2-16	277	Response	100	5305065	14030	1
NU2-16	279	Picture	10	5320534	0	1	20166	1	0	next	other	0
NU2-16	281	Picture	26	5355866	0	1	20166	1	0	next	other	0
NU2-16	283	Picture	40	5391198	0	1	40666	1	0	next	other	0
NU2-16	283	Text Input	13	5431784	40585	0
NU2-16	283	Response	0	5431784	40585	1
NU2-16	284	Response	100	5432584	719	1
NU2-16	286	Picture	12	5462197	0	1	20166	1	0	next	other	0
NU2-16	288	Picture	37	5497529	0	1	20166	1	0	next	other	0
NU2-16	290	Picture	50	5532862	0	1	62498	1	0	next	other	0
NU2-16	290	Text Input	8	5595302	62441	0
NU2-16	290	Response	0	5595302	62441	1
NU2-16	291	Response	100	5596102	742	1
NU2-16	293	Picture	9	5625693	0	1	20166	1	0	next	other	0
NU2-16	295	Picture	25	5661025	0	1	20166	1	0	next	other	0
NU2-16	297	Picture	40	5696357	0	1	40499	1	0	next	other	0
NU2-16	297	Text Input	11	5736741	40383	0
NU2-16	297	Response	0	5736741	40383	1
NU2-16	298	Response	100	5737541	684	1
NU2-16	300	Picture	11	5767189	0	1	20166	1	0	next	other	0
NU2-16	302	Picture	34	5802521	0	1	20166	1	0	next	other	0
NU2-16	304	Picture	72	5837854	0	1	20166	1	0	next	other	0
NU2-16	305	Response	0	5878500	20313	1
NU2-16	305	Response	0	5885379	27193	1
NU2-16	306	Response	0	5888580	2893	1
NU2-16	306	Response	0	5890179	4493	1
NU2-16	307	Response	0	5900900	10547	1
NU2-16	307	Response	0	5902179	11827	1
NU2-16	308	Response	0	5906819	4467	1
NU2-16	308	Response	0	5907779	5427	1
NU2-16	309	Response	0	5914979	6961	1
NU2-16	309	Response	0	5915619	7600	1
NU2-16	310	Response	0	5927939	12087	1
NU2-16	310	Response	0	5928579	12727	1
NU2-16	311	Response	0	5934659	5808	1
NU2-16	311	Response	100	5935459	6607	1
NU2-16	313	Picture	10	5950851	0	1	20166	1	0	next	other	0
NU2-16	315	Picture	24	5986184	0	1	20166	1	0	next	other	0
NU2-16	317	Picture	62	6021516	0	1	20166	1	0	next	other	0
NU2-16	318	Response	0	6073538	31690	1
NU2-16	318	Response	100	6074338	32489	1
NU2-16	320	Picture	11	6089681	0	1	20166	1	0	next	other	0
NU2-16	322	Picture	37	6125013	0	1	20166	1	0	next	other	0
NU2-16	324	Picture	50	6160346	0	1	39499	1	0	next	other	0
NU2-16	324	Text Input	7	6199777	39431	0
NU2-16	324	Response	0	6199777	39431	1
NU2-16	325	Response	100	6200737	892	1
NU2-16	327	Picture	9	6230177	0	1	20166	1	0	next	other	0
NU2-16	329	Picture	35	6265510	0	1	20166	1	0	next	other	0
NU2-16	331	Picture	50	6300842	0	1	38499	1	0	next	other	0
NU2-16	331	Text Input	6	6339296	38453	0
NU2-16	331	Response	0	6339296	38453	1
NU2-16	332	Response	100	6340096	754	1
NU2-16	334	Picture	11	6369674	0	1	20166	1	0	next	other	0
NU2-16	336	Picture	27	6405006	0	1	20166	1	0	next	other	0
NU2-16	338	Picture	40	6440339	0	1	36332	1	0	next	other	0
NU2-16	338	Text Input	14	6476574	36236	0
NU2-16	338	Response	0	6476574	36236	1
NU2-16	339	Response	100	6477694	1023	1
NU2-16	341	Picture	12	6507004	0	1	20166	1	0	next	other	0
NU2-16	343	Picture	34	6542336	0	1	20166	1	0	next	other	0
NU2-16	345	Picture	73	6577669	0	1	20166	1	0	next	other	0
NU2-16	346	Response	0	6625054	27052	1
NU2-16	346	Response	0	6628893	30891	1
NU2-16	347	Response	0	6632093	2925	1
NU2-16	347	Response	0	6633053	3885	1
NU2-16	348	Response	0	6666973	33639	1
NU2-16	348	Response	100	6667932	34598	1
NU2-16	350	Picture	9	6683333	0	1	20166	1	0	next	other	0
NU2-16	352	Picture	35	6718665	0	1	20166	1	0	next	other	0
NU2-16	354	Picture	74	6753998	0	1	20166	1	0	next	other	0
NU2-16	355	Response	0	6781692	7362	1
NU2-16	355	Response	0	6785692	11361	1
NU2-16	356	Response	0	6789052	3055	1
NU2-16	356	Response	0	6790172	4175	1
NU2-16	357	Response	0	6792572	2075	1
NU2-16	357	Response	0	6794492	3995	1
NU2-16	358	Response	0	6802492	7828	1
NU2-16	358	Response	0	6802971	8308	1
NU2-16	359	Response	0	6813371	10208	1
NU2-16	359	Response	100	6814491	11328	1
NU2-16	361	Picture	12	6829829	0	1	20166	1	0	next	other	0
NU2-16	363	Picture	27	6865162	0	1	20166	1	0	next	other	0
NU2-16	365	Picture	40	6900494	0	1	34333	1	0	next	other	0
NU2-16	365	Text Input	15	6934650	34156	0
NU2-16	365	Response	0	6934650	34156	1
NU2-16	366	Response	100	6935610	784	1
NU2-16	368	Picture	10	6965159	0	1	20166	1	0	next	other	0
NU2-16	370	Picture	37	7000492	0	1	20166	1	0	next	other	0
NU2-16	372	Picture	50	7035824	0	1	37499	1	0	next	other	0
NU2-16	372	Text Input	6	7073209	37385	0
NU2-16	372	Response	0	7073209	37385	1
NU2-16	373	Response	100	7074329	1006	1
NU2-16	375	Picture	9	7103656	0	1	20166	1	0	next	other	0
NU2-16	377	Picture	34	7138988	0	1	20166	1	0	next	other	0
NU2-16	379	Picture	72	7174321	0	1	20166	1	0	next	other	0
NU2-16	380	Response	0	7250808	56155	1
NU2-16	380	Response	100	7251607	56954	1
NU2-16	382	Picture	10	7266985	0	1	20166	1	0	next	other	0
NU2-16	384	Picture	25	7302317	0	1	20166	1	0	next	other	0
NU2-16	386	Picture	62	7337650	0	1	20166	1	0	next	other	0
NU2-16	387	Response	0	7378167	20184	1
NU2-16	387	Response	0	7379766	21784	1
NU2-16	388	Response	0	7383126	3144	1
NU2-16	388	Response	0	7384086	4104	1
NU2-16	389	Response	0	7392406	8091	1
NU2-16	389	Response	100	7393526	9211	1
NU2-16	391	Picture	10	7408981	0	1	20166	1	0	next	other	0
NU2-16	393	Picture	35	7444314	0	1	20166	1	0	next	other	0
NU2-16	395	Picture	50	7479646	0	1	34999	1	0	next	other	0
NU2-16	395	Text Input	7	7514485	34839	0
NU2-16	395	Response	0	7514485	34839	1
NU2-16	396	Response	100	7515605	960	1
NU2-16	398	Picture	11	7544978	0	1	20166	1	0	next	other	0
NU2-16	400	Picture	36	7580310	0	1	20166	1	0	next	other	0
NU2-16	402	Picture	50	7615643	0	1	33333	1	0	next	other	0
NU2-16	402	Text Input	8	7648884	33241	0
NU2-16	402	Response	0	7648884	33241	1
NU2-16	403	Response	100	7650004	1028	1
NU2-16	405	Picture	12	7679308	0	1	20166	1	0	next	other	0
NU2-16	407	Picture	24	7714640	0	1	20166	1	0	next	other	0
NU2-16	409	Picture	40	7749973	0	1	45499	1	0	next	other	0
NU2-16	409	Text Input	14	7795442	45470	0
NU2-16	409	Response	0	7795442	45470	1
NU2-16	410	Response	100	7796242	771	1
NU2-16	412	Picture	10	7825804	0	1	20166	1	0	next	other	0
NU2-16	414	Picture	27	7861137	0	1	20166	1	0	next	other	0
NU2-16	416	Picture	40	7896469	0	1	45832	1	0	next	other	0
NU2-16	416	Text Input	13	7942161	45692	0
NU2-16	416	Response	0	7942161	45692	1
NU2-16	417	Response	100	7942961	660	1
NU2-16	419	Picture	13	7972634	0	1	20166	1	0	next	other	0
NU2-16	421	Picture	27	8007966	0	1	20166	1	0	next	other	0
NU2-16	423	Picture	40	8043299	0	1	83831	1	0	next	other	0
NU2-16	423	Text Input	16	8126959	83661	0
NU2-16	423	Response	0	8126959	83661	1
NU2-16	424	Response	100	8128079	949	1
NU2-16	426	Picture	11	8157463	0	1	20166	1	0	next	other	0
NU2-16	428	Picture	36	8192795	0	1	20166	1	0	next	other	0
NU2-16	430	Picture	74	8228128	0	1	20166	1	0	next	other	0
NU2-16	431	Response	0	8273199	24738	1
NU2-16	431	Response	0	8274318	25858	1
NU2-16	432	Response	0	8277518	2892	1
NU2-16	432	Response	0	8278478	3852	1
NU2-16	433	Response	0	8290318	11525	1
NU2-16	433	Response	100	8291278	12485	1
NU2-16	435	Picture	9	8306626	0	1	20166	1	0	next	other	0
NU2-16	437	Picture	37	8341958	0	1	20166	1	0	next	other	0
NU2-16	439	Picture	76	8377291	0	1	20166	1	0	next	other	0
NU2-16	440	Response	0	8434957	37334	1
NU2-16	440	Response	0	8438637	41013	1
NU2-16	441	Response	0	8441997	3041	1
NU2-16	441	Response	0	8442957	4001	1
NU2-16	442	Response	0	8445997	2708	1
NU2-16	442	Response	0	8447277	3988	1
NU2-16	443	Response	0	8451437	3982	1
NU2-16	443	Response	0	8452237	4781	1
NU2-16	444	Response	0	8463437	10981	1
NU2-16	444	Response	0	8464237	11781	1
NU2-16	445	Response	0	8475597	11142	1
NU2-16	445	Response	0	8476397	11941	1
NU2-16	446	Response	0	8490796	14175	1
NU2-16	446	Response	0	8491756	15135	1
NU2-16	447	Response	0	8510956	19002	1
NU2-16	447	Response	0	8511596	19642	1
NU2-16	448	Response	0	8519596	7809	1
NU2-16	448	Response	100	8520396	8609	1
NU2-16	450	Picture	10	8535787	0	1	20166	1	0	next	other	0
NU2-16	452	Picture	37	8571119	0	1	20166	1	0	next	other	0
NU2-16	454	Picture	50	8606451	0	1	33166	1	0	next	other	0
NU2-16	454	Text Input	6	8639595	33143	0
NU2-16	454	Response	0	8639595	33143	1
NU2-16	455	Response	100	8640715	1098	1
NU2-16	457	Picture	8	8669950	0	1	20166	1	0	next	other	0
NU2-16	459	Picture	36	8705282	0	1	20166	1	0	next	other	0
NU2-16	461	Picture	50	8740615	0	1	37499	1	0	next	other	0
NU2-16	461	Text Input	5	8777994	37379	0
NU2-16	461	Response	0	8777994	37379	1
NU2-16	462	Response	100	8779434	1320	1
NU2-16	464	Picture	12	8808446	0	1	20166	1	0	next	other	0
NU2-16	466	Picture	34	8843779	0	1	20166	1	0	next	other	0
NU2-16	468	Picture	72	8879111	0	1	20166	1	0	next	other	0
NU2-16	469	Response	0	8908553	9109	1
NU2-16	469	Response	100	8909513	10068	1
NU2-16	471	Picture	8	8924944	0	1	20166	1	0	next	other	0
NU2-16	473	Picture	36	8960276	0	1	20166	1	0	next	other	0
NU2-16	475	Picture	71	8995608	0	1	20166	1	0	next	other	0
NU2-16	476	Response	0	9029352	13411	1
NU2-16	476	Response	0	9034312	18370	1
NU2-16	477	Response	0	9051432	16824	1
NU2-16	477	Response	0	9052871	18264	1
NU2-16	478	Response	0	9063271	10164	1
NU2-16	478	Response	0	9064551	11444	1
NU2-16	479	Response	0	9072551	7778	1
NU2-16	479	Response	100	9073351	8578	1
NU2-16	481	Picture	12	9088773	0	1	20166	1	0	next	other	0
NU2-16	483	Picture	37	9124105	0	1	20166	1	0	next	other	0
NU2-16	485	Picture	71	9159438	0	1	20166	1	0	next	other	0
NU2-16	486	Response	0	9185991	6220	1
NU2-16	486	Response	0	9189990	10220	1
NU2-16	487	Response	0	9196230	5960	1
NU2-16	487	Response	0	9197510	7240	1
NU2-16	488	Response	0	9221350	23580	1
NU2-16	488	Response	0	9222150	24380	1
NU2-16	489	Response	0	9242790	20354	1
NU2-16	489	Response	100	9243749	21313	1
NU2-16	491	Picture	12	9259102	0	1	20166	1	0	next	other	0
NU2-16	493	Picture	36	9294434	0	1	20166	1	0	next	other	0
NU2-16	495	Picture	50	9329767	0	1	36166	1	0	next	other	0
NU2-16	495	Text Input	9	9365829	36062	0
NU2-16	495	Response	0	9365829	36062	1
NU2-16	496	Response	100	9367109	1176	1
NU2-16	498	Picture	10	9396265	0	1	20166	1	0	next	other	0
NU2-16	500	Picture	26	9431598	0	1	20166	1	0	next	other	0
NU2-16	502	Picture	64	9466930	0	1	20166	1	0	next	other	0
NU2-16	503	Response	0	9512388	25125	1
NU2-16	503	Response	100	9513667	26404	1
NU2-16	505	Picture	11	9529095	0	1	20166	2	0	next	other	0
NU2-16	507	Picture	36	9564428	0	1	20166	1	0	next	other	0
NU2-16	509	Picture	50	9599760	0	1	31166	1	0	next	other	0
NU2-16	509	Text Input	8	9630786	31026	0
NU2-16	509	Response	0	9630786	31026	1
NU2-16	510	Response	100	9631746	820	1
NU2-16	512	Picture	11	9661259	0	1	20166	1	0	next	other	0
NU2-16	514	Picture	24	9696591	0	1	20166	1	0	next	other	0
NU2-16	516	Picture	40	9731923	0	1	34999	1	0	next	other	0
NU2-16	516	Text Input	13	9766785	34861	0
NU2-16	516	Response	0	9766785	34861	1
NU2-16	517	Response	100	9767905	983	1
NU2-16	519	Picture	9	9797255	0	1	20166	1	0	next	other	0
NU2-16	521	Picture	26	9832588	0	1	20166	1	0	next	other	0
NU2-16	523	Picture	40	9867920	0	1	35832	1	0	next	other	0
NU2-16	523	Text Input	12	9903584	35664	0
NU2-16	523	Response	0	9903584	35664	1
NU2-16	524	Response	100	9904864	1111	1
NU2-16	526	Picture	9	9934085	0	1	20166	1	0	next	other	0
NU2-16	528	Picture	35	9969418	0	1	20166	1	0	next	other	0
NU2-16	530	Picture	73	10004750	0	1	20166	1	0	next	other	0
NU2-16	531	Response	0	10066783	41700	1
NU2-16	531	Response	0	10068062	42980	1
NU2-16	532	Response	0	10074302	6054	1
NU2-16	532	Response	0	10075582	7334	1
NU2-16	533	Response	0	10082462	6547	1
NU2-16	533	Response	0	10082782	6867	1
NU2-16	534	Response	0	10107742	24661	1
NU2-16	534	Response	100	10108862	25781	1
NU2-16	536	Picture	12	10124247	0	1	20166	1	0	next	other	0
NU2-16	538	Picture	26	10159579	0	1	20166	1	0	next	other	0
NU2-16	540	Picture	40	10194912	0	1	36166	1	0	next	other	0
NU2-16	540	Text Input	15	10230941	36029	0
NU2-16	540	Response	0	10230941	36029	1
NU2-16	541	Response	100	10232061	983	1
NU2-16	543	Picture	10	10261410	0	1	20166	1	0	next	other	0
NU2-16	545	Picture	25	10296743	0	1	20166	1	0	next	other	0
NU2-16	547	Picture	40	10332075	0	1	50499	1	0	next	other	0
NU2-16	547	Text Input	12	10382460	50384	0
NU2-16	547	Response	0	10382460	50384	1
NU2-16	548	Response	100	10383419	846	1
NU2-16	550	Picture	10	10412906	0	1	20166	1	0	next	other	0
NU2-16	552	Picture	25	10448239	0	1	20166	1	0	next	other	0
NU2-16	554	Picture	63	10483571	0	1	20166	1	0	next	other	0
NU2-16	555	Response	0	10530139	26234	1
NU2-16	555	Response	0	10531738	27834	1
NU2-16	556	Response	0	10539099	7029	1
NU2-16	556	Response	0	10539578	7508	1
NU2-16	557	Response	0	10545818	5915	1
NU2-16	557	Response	0	10546458	6555	1
NU2-16	558	Response	0	10557338	10601	1
NU2-16	558	Response	0	10557818	11081	1
NU2-16	559	Response	0	10562458	4388	1
NU2-16	559	Response	100	10563098	5028	1
NU2-16	561	Picture	8	10578569	0	1	20166	1	0	next	other	0
NU2-16	563	Picture	37	10613901	0	1	20166	1	0	next	other	0
NU2-16	565	Picture	72	10649234	0	1	20166	1	0	next	other	0
NU2-16	566	Response	0	10678457	8891	1
NU2-16	566	Response	0	10682617	13050	1
NU2-16	567	Response	0	10690777	7877	1
NU2-16	567	Response	0	10691897	8997	1
NU2-16	568	Response	0	10717977	25911	1
NU2-16	568	Response	0	10718936	26870	1
NU2-16	569	Response	0	10722136	2904	1
NU2-16	569	Response	0	10723096	3864	1
NU2-16	570	Response	0	10755896	32497	1
NU2-16	570	Response	0	10756696	33297	1
NU2-16	571	Response	0	10762776	5878	1
NU2-16	571	Response	100	10763096	6198	1
NU2-16	573	Picture	9	10778564	0	1	20166	1	0	next	other	0
NU2-16	575	Picture	26	10813896	0	1	20166	1	0	next	other	0
NU2-16	577	Picture	63	10849229	0	1	20166	1	0	next	other	0
NU2-16	578	Response	0	10899255	29694	1
NU2-16	578	Response	0	10899735	30173	1
NU2-16	579	Response	0	10998934	98874	1
NU2-16	579	Response	100	10999414	99353	1
NU2-16	581	Picture	9	11014891	0	1	20166	1	0	next	other	0
NU2-16	583	Picture	34	11050224	0	1	20166	1	0	next	other	0
NU2-16	585	Picture	73	11085556	0	1	20166	1	0	next	other	0
NU2-16	586	Response	0	11173173	67284	1
NU2-16	586	Response	0	11175093	69203	1
NU2-16	587	Response	0	11177812	2425	1
NU2-16	587	Response	0	11178932	3545	1
NU2-16	588	Response	0	11188852	9632	1
NU2-16	588	Response	0	11189332	10112	1
NU2-16	589	Response	0	11201172	11619	1
NU2-16	589	Response	0	11201812	12258	1
NU2-16	590	Response	0	11209012	6959	1
NU2-16	590	Response	0	11209812	7759	1
NU2-16	591	Response	0	11218932	8879	1
NU2-16	591	Response	100	11219732	9679	1
NU2-16	593	Picture	12	11235219	0	1	20166	1	0	next	other	0
NU2-16	595	Picture	35	11270552	0	1	20166	1	0	next	other	0
NU2-16	597	Picture	71	11305884	0	1	20166	1	0	next	other	0
NU2-16	598	Response	0	11338931	12714	1
NU2-16	598	Response	0	11342931	16714	1
NU2-16	599	Response	0	11346451	3234	1
NU2-16	599	Response	0	11347571	4354	1
NU2-16	600	Response	0	11350931	3048	1
NU2-16	600	Response	0	11351731	3848	1
NU2-16	601	Response	0	11358451	6401	1
NU2-16	601	Response	0	11359571	7521	1
NU2-16	602	Response	0	11374611	14728	1
NU2-16	602	Response	100	11375410	15528	1
NU2-16	604	Picture	8	11390882	0	1	20166	1	0	next	other	0
NU2-16	606	Picture	37	11426214	0	1	20166	1	0	next	other	0
NU2-16	608	Picture	73	11461547	0	1	20166	1	0	next	other	0
NU2-16	609	Response	0	11513650	31770	1
NU2-16	609	Response	0	11514289	32409	1
NU2-16	610	Response	0	11523249	8704	1
NU2-16	610	Response	0	11524369	9824	1
NU2-16	611	Response	0	11537169	12624	1
NU2-16	611	Response	0	11537809	13264	1
NU2-16	612	Response	0	11616529	78484	1
NU2-16	612	Response	0	11616887	78841	155
NU2-16	613	Response	0	11638608	21399	1
NU2-16	613	Response	0	11639888	22678	1
NU2-16	614	Response	0	11644368	4159	1
NU2-16	614	Response	0	11645488	5279	1
NU2-16	615	Response	0	11690288	44579	1
NU2-16	615	Response	0	11690928	45219	1
NU2-16	616	Response	0	11699088	7880	1
NU2-16	616	Response	0	11699887	8680	1
NU2-16	617	Response	0	11704048	3840	1
NU2-16	617	Response	0	11704528	4320	1
NU2-16	618	Response	0	11713488	8780	1
NU2-16	618	Response	100	11714128	9420	1
NU2-16	620	Picture	12	11729540	0	1	20166	1	0	next	other	0
NU2-16	622	Picture	25	11764873	0	1	20166	1	0	next	other	0
NU2-16	624	Picture	64	11800205	0	1	20166	1	0	next	other	0
NU2-16	625	Response	0	11841006	20468	1
NU2-16	625	Response	0	11842446	21908	1
NU2-16	626	Response	0	11869006	26302	1
NU2-16	626	Response	0	11870766	28062	1
NU2-16	627	Response	0	11894606	23570	1
NU2-16	627	Response	0	11895726	24689	1
NU2-16	628	Response	0	11904686	8650	1
NU2-16	628	Response	0	11906126	10090	1
NU2-16	629	Response	0	11910926	4557	1
NU2-16	629	Response	0	11912046	5677	1
NU2-16	630	Response	0	11915086	2717	1
NU2-16	630	Response	0	11915885	3516	1
NU2-16	631	Response	0	11936206	20003	1
NU2-16	631	Response	0	11936846	20643	1
NU2-16	632	Response	0	11940206	3171	1
NU2-16	632	Response	0	11940845	3810	1
NU2-16	633	Response	0	11944206	3171	1
NU2-16	633	Response	0	11944845	3811	1
NU2-16	634	Response	0	11953485	8451	1
NU2-16	634	Response	0	11954285	9250	1
NU2-16	635	Response	0	11957645	3111	1
NU2-16	635	Response	100	11958605	4071	1
NU2-16	637	Picture	12	11974034	0	1	20166	1	0	next	other	0
NU2-16	639	Picture	36	12009367	0	1	20166	1	0	next	other	0
NU2-16	641	Picture	72	12044699	0	1	20166	1	0	next	other	0
NU2-16	642	Response	0	12093005	27973	1
NU2-16	642	Response	0	12094284	29252	1
NU2-16	643	Response	0	12095884	1353	1
NU2-16	643	Response	0	12096844	2313	1
NU2-16	644	Response	0	12098764	1733	1
NU2-16	644	Response	0	12100204	3173	1
NU2-16	645	Response	0	12112524	11993	1
NU2-16	645	Response	0	12112684	12153	1
NU2-16	646	Response	0	12117644	4780	1
NU2-16	646	Response	0	12118604	5740	1
NU2-16	647	Response	0	12122764	3900	1
NU2-16	647	Response	0	12123404	4540	1
NU2-16	648	Response	0	12126764	3067	1
NU2-16	648	Response	0	12127084	3387	1
NU2-16	649	Response	0	12133484	6120	1
NU2-16	649	Response	100	12134283	6920	1
NU2-16	651	Picture	12	12149696	0	1	20166	1	0	next	other	0
NU2-16	653	Picture	37	12185029	0	1	20166	1	0	next	other	0
NU2-16	655	Picture	73	12220361	0	1	20166	1	0	next	other	0
NU2-16	656	Response	0	12331403	90708	1
NU2-16	656	Response	0	12332362	91668	1
NU2-16	657	Response	0	12335562	2870	1
NU2-16	657	Response	0	12336682	3990	1
NU2-16	658	Response	0	12362122	25263	1
NU2-16	658	Response	0	12363082	26223	1
NU2-16	659	Response	0	12367722	4364	1
NU2-16	659	Response	0	12368682	5324	1
NU2-16	660	Response	0	12375082	6224	1
NU2-16	660	Response	0	12376042	7184	1
NU2-16	661	Response	0	12405162	28804	1
NU2-16	661	Response	0	12406761	30404	1
NU2-16	662	Response	0	12427561	20538	1
NU2-16	662	Response	0	12429001	21978	1
NU2-16	663	Response	0	12440361	11172	1
NU2-16	663	Response	100	12441321	12132	1
NU2-16	665	Picture	9	12456689	0	1	20166	1	0	next	other	0
NU2-16	667	Picture	25	12492021	0	1	20166	1	0	next	other	0
NU2-16	669	Picture	40	12527354	0	1	41499	1	0	next	other	0
NU2-16	669	Text Input	11	12568680	41327	0
NU2-16	669	Response	0	12568680	41327	1
NU2-16	670	Response	100	12569480	627	1
NU2-16	672	Picture	9	12599185	0	1	20166	1	0	next	other	0
NU2-16	674	Picture	24	12634518	0	1	20166	1	0	next	other	0
NU2-16	676	Picture	61	12669850	0	1	20166	1	0	next	other	0
NU2-16	677	Response	0	12722119	31936	1
NU2-16	677	Response	0	12723559	33376	1
NU2-16	678	Response	0	12725799	1950	1
NU2-16	678	Response	0	12726599	2750	1
NU2-16	679	Response	0	12729159	2310	1
NU2-16	679	Response	0	12730279	3430	1
NU2-16	680	Response	0	12732839	2323	1
NU2-16	680	Response	0	12733799	3283	1
NU2-16	681	Response	0	12738119	4103	1
NU2-16	681	Response	0	12738919	4903	1
NU2-16	682	Response	0	12748038	8857	1
NU2-16	682	Response	0	12748678	9497	1
NU2-16	683	Response	0	12757958	9110	1
NU2-16	683	Response	100	12758918	10070	1
NU2-16	685	Picture	9	12774347	0	1	20166	1	0	next	other	0
NU2-16	687	Picture	27	12809680	0	1	20166	1	0	next	other	0
NU2-16	689	Picture	65	12845012	0	1	20166	1	0	next	other	0
NU2-16	690	Response	0	12883878	18533	1
NU2-16	690	Response	0	12884997	19652	1
NU2-16	691	Response	0	12888197	3019	1
NU2-16	691	Response	0	12888357	3179	1
NU2-16	692	Response	0	12891237	2559	1
NU2-16	692	Response	0	12891877	3199	1
NU2-16	693	Response	0	12895717	3539	1
NU2-16	693	Response	0	12896837	4659	1
NU2-16	694	Response	0	12916677	19666	1
NU2-16	694	Response	0	12917637	20626	1
NU2-16	695	Response	0	12927877	10033	1
NU2-16	695	Response	0	12928677	10833	1
NU2-16	696	Response	0	12933477	4633	1
NU2-16	696	Response	0	12934437	5593	1
NU2-16	697	Response	0	12940517	5840	1
NU2-16	697	Response	100	12941477	6800	1
NU2-16	699	Picture	11	12956843	0	1	20166	1	0	next	other	0
NU2-16	701	Picture	36	12992175	0	1	20166	1	0	next	other	0
NU2-16	703	Picture	50	13027508	0	1	43666	1	0	next	other	0
NU2-16	703	Text Input	8	13071076	43568	0
NU2-16	703	Response	0	13071076	43568	1
NU2-16	704	Response	100	13072035	862	1
NU2-16	706	Picture	8	13101506	0	1	20166	1	0	next	other	0
NU2-16	708	Picture	26	13136838	0	1	20166	1	0	next	other	0
NU2-16	710	Picture	65	13172171	0	1	20166	1	0	next	other	0
NU2-16	711	Response	0	13204035	11531	1
NU2-16	711	Response	0	13205794	13291	1
NU2-16	712	Response	0	13211874	5871	1
NU2-16	712	Response	0	13214434	8431	1
NU2-16	713	Response	0	13217154	2484	1
NU2-16	713	Response	0	13218594	3924	1
NU2-16	714	Response	0	13220835	1998	1
NU2-16	714	Response	0	13221954	3118	1
NU2-16	715	Response	0	13225474	3305	1
NU2-16	715	Response	0	13226754	4584	1
NU2-16	716	Response	0	13228354	1351	1
NU2-16	716	Response	0	13229474	2471	1
NU2-16	717	Response	0	13231874	2205	1
NU2-16	717	Response	0	13232994	3325	1
NU2-16	718	Response	0	13237794	4625	1
NU2-16	718	Response	0	13238434	5265	1
NU2-16	719	Response	0	13241314	2645	1
NU2-16	719	Response	0	13242274	3605	1
NU2-16	720	Response	0	13249954	7451	1
NU2-16	720	Response	0	13250594	8091	1
NU2-16	721	Response	0	13263554	12718	1
NU2-16	721	Response	100	13264354	13518	1
NU2-16	723	Picture	11	13279835	0	1	20166	1	0	next	other	0
NU2-16	725	Picture	25	13315167	0	1	20166	1	0	next	other	0
NU2-16	727	Picture	40	13350500	0	1	35999	1	0	next	other	0
NU2-16	727	Text Input	13	13386433	35933	0
NU2-16	727	Response	0	13386433	35933	1
NU2-16	728	Response	100	13387393	894	1
NU2-16	730	Picture	12	13416832	0	1	20166	1	0	next	other	0
NU2-16	732	Picture	37	13452164	0	1	20166	1	0	next	other	0
NU2-16	734	Picture	50	13487496	0	1	43832	1	0	next	other	0
NU2-16	734	Text Input	8	13531231	43735	0
NU2-16	734	Response	0	13531231	43735	1
NU2-16	735	Response	100	13532031	703	1
NU2-16	737	Picture	11	13561661	0	1	20166	1	0	next	other	0
NU2-16	739	Picture	24	13596994	0	1	20166	1	0	next	other	0
NU2-16	741	Picture	40	13632326	0	1	52832	1	0	next	other	0
NU2-16	741	Text Input	13	13684990	52664	0
NU2-16	741	Response	0	13684990	52664	1
NU2-16	742	Response	100	13685790	632	1
NU2-16	744	Picture	12	13715491	0	1	20166	1	0	next	other	0
NU2-16	746	Picture	37	13750823	0	1	20166	1	0	next	other	0
NU2-16	748	Picture	50	13786156	0	1	38999	1	0	next	other	0
NU2-16	748	Text Input	8	13824989	38833	0
NU2-16	748	Response	0	13824989	38833	1
NU2-16	749	Response	100	13825789	634	1
NU2-16	751	Picture	12	13855487	0	1	20166	1	0	next	other	0
NU2-16	753	Picture	26	13890820	0	1	20166	1	0	next	other	0
NU2-16	755	Picture	62	13926152	0	1	20166	1	0	next	other	0
NU2-16	756	Response	0	14134427	187942	1
NU2-16	756	Response	0	14138426	191941	1
NU2-16	757	Response	0	14141306	2659	1
NU2-16	757	Response	0	14142426	3779	1
NU2-16	758	Response	0	14145626	2979	1
NU2-16	758	Response	0	14146746	4099	1
NU2-16	759	Response	0	14150906	3926	1
NU2-16	759	Response	0	14152026	5046	1
NU2-16	760	Response	0	14159546	7233	1
NU2-16	760	Response	0	14160666	8353	1
NU2-16	761	Response	0	14173146	12166	1
NU2-16	761	Response	100	14173786	12806	1
NU2-16	764	Picture	11	14789297	0	1	20166	1	0	next	other	0
NU2-16	766	Picture	27	14824630	0	1	20166	1	0	next	other	0
NU2-16	768	Picture	40	14859962	0	1	38832	1	0	next	other	0
NU2-16	768	Text Input	14	14898739	38777	0
NU2-16	768	Response	0	14898739	38777	1
NU2-16	769	Response	100	14899699	905	1
NU2-16	771	Picture	13	14929127	0	1	20166	1	0	next	other	0
NU2-16	773	Picture	25	14964460	0	1	20166	1	0	next	other	0
NU2-16	775	Picture	40	14999792	0	1	39166	1	0	next	other	0
NU2-16	775	Text Input	15	15038898	39106	0
NU2-16	775	Response	0	15038898	39106	1
NU2-16	776	Response	100	15040178	1220	1
NU2-16	778	Picture	8	15069290	0	1	20166	1	0	next	other	0
NU2-16	780	Picture	34	15104623	0	1	20166	1	0	next	other	0
NU2-16	782	Picture	50	15139955	0	1	50499	1	0	next	other	0
NU2-16	782	Text Input	6	15190417	50462	0
NU2-16	782	Response	0	15190417	50462	1
NU2-16	783	Response	100	15191857	1403	1
NU2-16	785	Picture	13	15220787	0	1	20166	1	0	next	other	0
NU2-16	787	Picture	27	15256119	0	1	20166	1	0	next	other	0
NU2-16	789	Picture	40	15291451	0	1	131497	1	0	next	other	0
NU2-16	789	Text Input	16	15422894	131443	0
NU2-16	789	Response	0	15422894	131443	1
NU2-16	790	Response	100	15424015	1066	1
NU2-16	792	Picture	10	15453281	0	1	20166	1	0	next	other	0
NU2-16	794	Picture	24	15488613	0	1	20166	1	0	next	other	0
NU2-16	796	Picture	63	15523946	0	1	20166	1	0	next	other	0
NU2-16	797	Response	0	15558734	14455	1
NU2-16	797	Response	0	15563853	19575	1
NU2-16	798	Response	0	15567213	3102	1
NU2-16	798	Response	0	15568493	4382	1
NU2-16	799	Response	0	15579373	10595	1
NU2-16	799	Response	0	15580493	11715	1
NU2-16	800	Response	0	15588493	7716	1
NU2-16	800	Response	0	15589613	8835	1
NU2-16	801	Response	0	15602893	12949	1
NU2-16	801	Response	0	15603373	13429	1
NU2-16	802	Response	0	15608333	4723	1
NU2-16	802	Response	100	15609773	6162	1
NU2-16	804	Picture	11	15625110	0	1	20166	1	0	next	other	0
NU2-16	806	Picture	34	15660442	0	1	20166	1	0	next	other	0
NU2-16	808	Picture	50	15695775	0	1	37332	1	0	next	other	0
NU2-16	808	Text Input	9	15732972	37197	0
NU2-16	808	Response	0	15732972	37197	1
NU2-16	809	Response	100	15734252	1145	1
NU2-16	811	Picture	12	15763440	0	1	20166	1	0	next	other	0
NU2-16	813	Picture	37	15798772	0	1	20166	1	0	next	other	0
NU2-16	815	Picture	73	15834105	0	1	20166	1	0	next	other	0
NU2-16	816	Response	0	15905771	51333	1
NU2-16	816	Response	0	15907370	52933	1
NU2-16	817	Response	0	15910090	2487	1
NU2-16	817	Response	0	15911210	3607	1
NU2-16	818	Response	0	15913130	1694	1
NU2-16	818	Response	0	15914250	2814	1
NU2-16	819	Response	0	15959690	45254	1
NU2-16	819	Response	0	15960970	46534	1
NU2-16	820	Response	0	15964170	2902	1
NU2-16	820	Response	0	15965290	4022	1
NU2-16	821	Response	0	15968010	2408	1
NU2-16	821	Response	0	15968970	3368	1
NU2-16	822	Response	0	15974410	5142	1
NU2-16	822	Response	100	15975850	6582	1
NU2-16	824	Picture	9	15991267	0	1	20166	1	0	next	other	0
NU2-16	826	Picture	34	16026600	0	1	20166	1	0	next	other	0
NU2-16	828	Picture	50	16061932	0	1	41332	1	0	next	other	0
NU2-16	828	Text Input	7	16103209	41276	0
NU2-16	828	Response	0	16103209	41276	1
NU2-16	829	Response	100	16104648	1384	1
NU2-16	831	Picture	8	16133597	0	1	20166	1	0	next	other	0
NU2-16	833	Picture	35	16168930	0	1	20166	1	0	next	other	0
NU2-16	835	Picture	74	16204262	0	1	20166	1	0	next	other	0
NU2-16	836	Response	0	16250568	25973	1
NU2-16	836	Response	0	16253607	29012	1
NU2-16	837	Response	0	16263847	9920	1
NU2-16	837	Response	0	16264967	11040	1
NU2-16	838	Response	0	16267687	2427	1
NU2-16	838	Response	0	16268967	3707	1
NU2-16	839	Response	0	16270887	1627	1
NU2-16	839	Response	0	16272167	2907	1
NU2-16	840	Response	0	16285927	13500	1
NU2-16	840	Response	0	16286407	13980	1
NU2-16	841	Response	0	16293927	7334	1
NU2-16	841	Response	0	16294887	8293	1
NU2-16	842	Response	0	16300487	5394	1
NU2-16	842	Response	100	16302086	6993	1
NU2-16	844	Picture	10	16317426	0	1	20166	1	0	next	other	0
NU2-16	846	Picture	35	16352758	0	1	20166	1	0	next	other	0
NU2-16	848	Picture	73	16388091	0	1	20166	1	0	next	other	0
NU2-16	849	Response	0	16505446	97022	1
NU2-16	849	Response	0	16506885	98461	1
NU2-16	850	Response	0	16521765	14678	1
NU2-16	850	Response	0	16522725	15637	1
NU2-16	851	Response	0	16539685	16764	1
NU2-16	851	Response	0	16540165	17244	1
NU2-16	852	Response	0	16595204	54784	1
NU2-16	852	Response	100	16596644	56224	1
NU2-16	854	Picture	10	16612085	0	1	20166	1	0	next	other	0
NU2-16	856	Picture	25	16647418	0	1	20166	1	0	next	other	0
NU2-16	858	Picture	64	16682750	0	1	20166	1	0	next	other	0
NU2-16	859	Response	0	16776323	73240	1
NU2-16	859	Response	0	16777762	74680	1
NU2-16	860	Response	0	16782722	4641	1
NU2-16	860	Response	0	16783682	5601	1
NU2-16	861	Response	0	16794243	10328	1
NU2-16	861	Response	0	16794722	10808	1
NU2-16	862	Response	0	16802082	7168	1
NU2-16	862	Response	0	16803042	8128	1
NU2-16	863	Response	0	16824802	21555	1
NU2-16	863	Response	0	16825762	22515	1
NU2-16	864	Response	0	16847682	21602	1
NU2-16	864	Response	100	16849122	23042	1
NU2-16	866	Picture	12	16864579	0	1	20166	1	0	next	other	0
NU2-16	868	Picture	37	16899911	0	1	20166	1	0	next	other	0
NU2-16	870	Picture	50	16935244	0	1	54999	1	0	next	other	0
NU2-16	870	Text Input	8	16990081	54837	0
NU2-16	870	Response	0	16990081	54837	1
NU2-16	871	Response	100	16991521	1278	1
NU2-16	873	Picture	12	17020575	0	1	20166	1	0	next	other	0
NU2-16	875	Picture	25	17055907	0	1	20166	1	0	next	other	0
NU2-16	877	Picture	40	17091240	0	1	44832	1	0	next	other	0
NU2-16	877	Text Input	14	17135999	44759	0
NU2-16	877	Response	0	17135999	44759	1
NU2-16	878	Response	100	17137279	1207	1
NU2-16	880	Picture	8	17166405	0	1	20166	1	0	next	other	0
NU2-16	882	Picture	24	17201737	0	1	20166	1	0	next	other	0
NU2-16	884	Picture	61	17237070	0	1	20166	1	0	next	other	0
NU2-16	885	Response	0	17286558	29156	1
NU2-16	885	Response	0	17290078	32676	1
NU2-16	886	Response	0	17293278	2876	1
NU2-16	886	Response	0	17294398	3996	1
NU2-16	887	Response	0	17297598	3030	1
NU2-16	887	Response	0	17298878	4310	1
NU2-16	888	Response	0	17307838	8770	1
NU2-16	888	Response	100	17309598	10530	1
NU2-16	890	Picture	12	17325067	0	1	20166	1	0	next	other	0
NU2-16	892	Picture	26	17360400	0	1	20166	1	0	next	other	0
NU2-16	894	Picture	64	17395732	0	1	20166	1	0	next	other	0
NU2-16	895	Response	0	17485597	69531	1
NU2-16	895	Response	0	17487196	71131	1
NU2-16	896	Response	0	17489436	2040	1
NU2-16	896	Response	0	17490876	3479	1
NU2-16	897	Response	0	17497756	6693	1
NU2-16	897	Response	0	17498396	7333	1
NU2-16	898	Response	0	17501595	3031	1
NU2-16	898	Response	0	17502716	4153	1
NU2-16	899	Response	0	17508316	5420	1
NU2-16	899	Response	100	17509596	6700	1
NU2-16	901	Picture	13	17525062	0	1	20166	1	0	next	other	0
NU2-16	903	Picture	25	17560395	0	1	20166	1	0	next	other	0
NU2-16	905	Picture	40	17595727	0	1	36499	1	0	next	other	0
NU2-16	905	Text Input	15	17632155	36427	0
NU2-16	905	Response	0	17632155	36427	1
NU2-16	906	Response	100	17633435	1208	1
NU2-16	908	Picture	12	17662559	0	1	20166	1	0	next	other	0
NU2-16	910	Picture	27	17697891	0	1	20166	1	0	next	other	0
NU2-16	912	Picture	65	17733224	0	1	20166	1	0	next	other	0
NU2-16	913	Response	0	17791514	37957	1
NU2-16	913	Response	0	17793113	39557	1
NU2-16	914	Response	0	17795193	1804	1
NU2-16	914	Response	0	17796313	2924	1
NU2-16	915	Response	0	17803353	6798	1
NU2-16	915	Response	0	17804313	7758	1
NU2-16	916	Response	0	17812153	7598	1
NU2-16	916	Response	0	17813433	8878	1
NU2-16	917	Response	0	17823833	10111	1
NU2-16	917	Response	100	17825273	11551	1
NU2-16	919	Picture	13	17840721	0	1	20166	1	0	next	other	0
NU2-16	921	Picture	27	17876054	0	1	20166	1	0	next	other	0
NU2-16	923	Picture	40	17911386	0	1	35999	1	0	next	other	0
NU2-16	923	Text Input	16	17947352	35966	0
NU2-16	923	Response	0	17947352	35966	1
NU2-16	924	Response	100	17948632	1247	1
NU2-16	926	Picture	8	17977718	0	1	20166	1	0	next	other	0
NU2-16	928	Picture	35	18013050	0	1	20166	1	0	next	other	0
NU2-16	930	Picture	72	18048383	0	1	20166	1	0	next	other	0
NU2-16	931	Response	0	18144471	75755	1
NU2-16	931	Response	0	18146390	77675	1
NU2-16	932	Response	0	18152310	5597	1
NU2-16	932	Response	0	18152950	6236	1
NU2-16	933	Response	0	18174550	21337	1
NU2-16	933	Response	0	18175190	21976	1
NU2-16	934	Response	0	18179830	4450	1
NU2-16	934	Response	0	18180790	5410	1
NU2-16	935	Response	0	18243350	62304	1
NU2-16	935	Response	0	18243989	62943	1
NU2-16	936	Response	0	18252629	8418	1
NU2-16	936	Response	0	18253269	9058	1
NU2-16	937	Response	0	18264310	10766	1
NU2-16	937	Response	100	18265909	12365	1
NU2-16	939	Picture	8	18281377	0	1	20166	1	0	next	other	0
NU2-16	941	Picture	26	18316709	0	1	20166	1	0	next	other	0
NU2-16	943	Picture	40	18352042	0	1	35332	1	0	next	other	0
NU2-16	943	Text Input	11	18387348	35306	0
NU2-16	943	Response	0	18387348	35306	1
NU2-16	944	Response	100	18388628	1254	1
NU2-16	946	Picture	11	18417707	0	1	20166	1	0	next	other	0
NU2-16	948	Picture	26	18453039	0	1	20166	1	0	next	other	0
NU2-16	950	Picture	62	18488372	0	1	20166	1	0	next	other	0
NU2-16	951	Response	0	18526547	17843	1
NU2-16	951	Response	0	18527987	19282	1
NU2-16	952	Response	0	18532947	4743	1
NU2-16	952	Response	0	18534227	6023	1
NU2-16	953	Response	0	18538387	3850	1
NU2-16	953	Response	0	18539507	4969	1
NU2-16	954	Response	0	18546547	6843	1
NU2-16	954	Response	0	18547347	7643	1
NU2-16	955	Response	0	18550547	3010	1
NU2-16	955	Response	0	18551187	3650	1
NU2-16	956	Response	0	18555027	3656	1
NU2-16	956	Response	0	18556147	4777	1
NU2-16	957	Response	0	18568947	12577	1
NU2-16	957	Response	100	18570227	13857	1
NU2-16	959	Picture	8	18585703	0	1	20166	1	0	next	other	0
NU2-16	961	Picture	26	18621035	0	1	20166	1	0	next	other	0
NU2-16	963	Picture	40	18656368	0	1	40166	1	0	next	other	0
NU2-16	963	Text Input	11	18696466	40098	0
NU2-16	963	Response	0	18696466	40098	1
NU2-16	964	Response	100	18697905	1372	1
NU2-16	966	Picture	11	18726866	0	1	20166	1	0	next	other	0
NU2-16	968	Picture	25	18762198	0	1	20166	1	0	next	other	0
NU2-16	970	Picture	64	18797531	0	1	20166	1	0	next	other	0
NU2-16	971	Response	0	18841745	23881	1
NU2-16	971	Response	0	18843184	25320	1
NU2-16	972	Response	0	18848784	5421	1
NU2-16	972	Response	0	18850064	6701	1
NU2-16	973	Response	0	18863184	12821	1
NU2-16	973	Response	0	18864304	13941	1
NU2-16	974	Response	0	18874384	9855	1
NU2-16	974	Response	0	18875984	11455	1
NU2-16	975	Response	0	18877904	1708	1
NU2-16	975	Response	0	18879504	3308	1
NU2-16	976	Response	0	18883824	4128	1
NU2-16	976	Response	0	18884624	4928	1
NU2-16	977	Response	0	18891824	6962	1
NU2-16	977	Response	100	18893104	8242	1
NU2-16	979	Picture	11	18908528	0	1	20166	1	0	next	other	0
NU2-16	981	Picture	37	18943860	0	1	20166	1	0	next	other	0
NU2-16	983	Picture	50	18979193	0	1	31666	1	0	next	other	0
NU2-16	983	Text Input	7	19010703	31510	0
NU2-16	983	Response	0	19010703	31510	1
NU2-16	984	Response	100	19011983	1124	1
NU2-16	986	Picture	8	19041191	0	1	20166	1	0	next	other	0
NU2-16	988	Picture	37	19076524	0	1	20166	1	0	next	other	0
NU2-16	990	Picture	74	19111856	0	1	20166	1	0	next	other	0
NU2-16	991	Response	0	19210221	78032	1
NU2-16	991	Response	0	19211661	79472	1
NU2-16	992	Response	0	19260461	48607	1
NU2-16	992	Response	0	19261420	49567	1
NU2-16	993	Response	0	19283820	22134	1
NU2-16	993	Response	0	19284140	22454	1
NU2-16	994	Response	0	19286860	2508	1
NU2-16	994	Response	0	19287980	3628	1
NU2-16	995	Response	0	19344940	56755	1
NU2-16	995	Response	0	19346060	57874	1
NU2-16	996	Response	0	19359340	12989	1
NU2-16	996	Response	100	19360779	14429	1
NU2-16	998	Picture	9	19376183	0	1	20166	1	0	next	other	0
NU2-16	1000	Picture	35	19411515	0	1	20166	1	0	next	other	0
NU2-16	1002	Picture	50	19446848	0	1	35999	1	0	next	other	0
NU2-16	1002	Text Input	6	19482698	35850	0
NU2-16	1002	Response	0	19482698	35850	1
NU2-16	1003	Response	100	19483818	971	1
NU2-16	1005	Picture	12	19513180	0	1	20166	1	0	next	other	0
NU2-16	1007	Picture	24	19548512	0	1	20166	1	0	next	other	0
NU2-16	1009	Picture	61	19583844	0	1	20166	1	0	next	other	0
NU2-16	1010	Response	0	19618058	13880	1
NU2-16	1010	Response	0	19619657	15480	1
NU2-16	1011	Response	0	19625257	5414	1
NU2-16	1011	Response	0	19627817	7973	1
NU2-16	1012	Response	0	19630377	2367	1
NU2-16	1012	Response	0	19631497	3487	1
NU2-16	1013	Response	0	19633577	1900	1
NU2-16	1013	Response	0	19634377	2700	1
NU2-16	1014	Response	0	19692777	58100	1
NU2-16	1014	Response	0	19693736	59060	1
NU2-16	1015	Response	0	19703497	9488	1
NU2-16	1015	Response	100	19704936	10928	1
NU2-16	1017	Picture	10	19720341	0	1	20166	1	0	next	other	0
NU2-16	1019	Picture	34	19755674	0	1	20166	1	0	next	other	0
NU2-16	1021	Picture	50	19791006	0	1	33999	1	0	next	other	0
NU2-16	1021	Text Input	8	19824935	33930	0
NU2-16	1021	Response	0	19824935	33930	1
NU2-16	1022	Response	100	19826535	1530	1
NU2-16	1024	Picture	11	19855338	0	1	20166	1	0	next	other	0
NU2-16	1026	Picture	26	19890670	0	1	20166	1	0	next	other	0
NU2-16	1028	Picture	40	19926003	0	1	36832	1	0	next	other	0
NU2-16	1028	Text Input	14	19962694	36691	0
NU2-16	1028	Response	0	19962694	36691	1
NU2-16	1029	Response	100	19964294	1459	1
NU2-16	1031	Picture	10	19993168	0	1	20166	1	0	next	other	0
NU2-16	1033	Picture	26	20028500	0	1	20166	1	0	next	other	0
NU2-16	1035	Picture	40	20063833	0	1	33333	1	0	next	other	0
NU2-16	1035	Text Input	13	20097093	33260	0
NU2-16	1035	Response	0	20097093	33260	1
NU2-16	1036	Response	100	20098693	1528	1
NU2-16	1038	Picture	9	20127498	0	1	20166	1	0	next	other	0
NU2-16	1040	Picture	25	20162830	0	1	20166	1	0	next	other	0
NU2-16	1042	Picture	40	20198162	0	1	33332	1	0	next	other	0
NU2-16	1042	Text Input	11	20231332	33169	0
NU2-16	1042	Response	0	20231332	33169	1
NU2-16	1043	Response	100	20233092	1597	1
NU2-16	1045	Picture	10	20261828	0	1	20166	1	0	next	other	0
NU2-16	1047	Picture	34	20297160	0	1	20166	1	0	next	other	0
NU2-16	1049	Picture	72	20332492	0	1	20166	1	0	next	other	0
NU2-16	1050	Response	0	20553889	201064	1
NU2-16	1050	Response	100	20555489	202664	1
NU2-16	1052	Picture	11	20570987	0	1	20166	1	0	next	other	0
NU2-16	1054	Picture	24	20606319	0	1	20166	1	0	next	other	0
NU2-16	1056	Picture	40	20641651	0	1	35999	1	0	next	other	0
NU2-16	1056	Text Input	13	20677567	35916	0
NU2-16	1056	Response	0	20677567	35916	1
NU2-16	1057	Response	100	20678847	1197	1
NU2-16	1059	Picture	12	20707983	0	1	20166	1	0	next	other	0
NU2-16	1061	Picture	26	20743316	0	1	20166	1	0	next	other	0
NU2-16	1063	Picture	40	20778648	0	1	34332	1	0	next	other	0
NU2-16	1063	Text Input	15	20812926	34278	0
NU2-16	1063	Response	0	20812926	34278	1
NU2-16	1064	Response	100	20814526	1546	1
NU2-16	1066	Picture	8	20843313	0	1	20166	1	0	next	other	0
NU2-16	1068	Picture	24	20878646	0	1	20166	1	0	next	other	0
NU2-16	1070	Picture	62	20913978	0	1	20166	1	0	next	other	0
NU2-16	1071	Response	0	20975806	41495	1
NU2-16	1071	Response	100	20977245	42934	1
NU2-16	1073	Picture	13	20992643	0	1	20166	1	0	next	other	0
NU2-16	1075	Picture	27	21027975	0	1	20166	1	0	next	other	0
NU2-16	1077	Picture	40	21063308	0	1	104831	1	0	next	other	0
NU2-16	1077	Text Input	16	21168123	104816	0
NU2-16	1077	Response	0	21168123	104816	1
NU2-16	1078	Response	100	21169563	1425	1
NU2-16	1080	Picture	11	21198471	0	1	20166	1	0	next	other	0
NU2-16	1082	Picture	34	21233803	0	1	20166	1	0	next	other	0
NU2-16	1084	Picture	73	21269136	0	1	20166	1	0	next	other	0
NU2-16	1085	Response	0	21295003	5534	1
NU2-16	1085	Response	0	21298842	9374	1
NU2-16	1086	Response	0	21302362	3227	1
NU2-16	1086	Response	0	21303962	4827	1
NU2-16	1087	Response	0	21306522	2387	1
NU2-16	1087	Response	0	21307962	3827	1
NU2-16	1088	Response	0	21331162	23028	1
NU2-16	1088	Response	0	21331962	23827	1
NU2-16	1089	Response	0	21339322	7187	1
NU2-16	1089	Response	100	21340602	8467	1
NU2-16	1091	Picture	12	21355967	0	1	20166	1	0	next	other	0
NU2-16	1093	Picture	27	21391299	0	1	20166	1	0	next	other	0
NU2-16	1095	Picture	66	21426632	0	1	20166	1	0	next	other	0
NU2-16	1096	Response	0	21451961	4996	1
NU2-16	1096	Response	0	21454361	7396	1
NU2-16	1097	Response	0	21469721	15090	1
NU2-16	1097	Response	0	21473241	18609	1
NU2-16	1098	Response	0	21503960	30496	1
NU2-16	1098	Response	0	21505560	32096	1
NU2-16	1099	Response	0	21509560	3764	1
NU2-16	1099	Response	0	21511160	5364	1
NU2-16	1100	Response	0	21513880	2417	1
NU2-16	1100	Response	0	21514680	3217	1
NU2-16	1101	Response	0	21527640	12677	1
NU2-16	1101	Response	100	21529080	14117	1
NU2-16	1103	Picture	12	21544462	0	1	20166	1	0	next	other	0
NU2-16	1105	Picture	27	21579795	0	1	20166	1	0	next	other	0
NU2-16	1107	Picture	64	21615127	0	1	20166	1	0	next	other	0
NU2-16	1108	Response	0	21670839	35379	1
NU2-16	1108	Response	0	21673399	37939	1
NU2-16	1109	Response	0	21678199	4573	1
NU2-16	1109	Response	0	21678839	5213	1
NU2-16	1110	Response	0	21686679	7553	1
NU2-16	1110	Response	0	21687638	8513	1
NU2-16	1111	Response	0	21702678	14720	1
NU2-16	1111	Response	100	21703958	16000	1
NU2-16	1113	Picture	8	21719291	0	1	20166	1	0	next	other	0
NU2-16	1115	Picture	27	21754624	0	1	20166	1	0	next	other	0
NU2-16	1117	Picture	64	21789956	0	1	20166	1	0	next	other	0
NU2-16	1118	Response	0	21893237	82948	1
NU2-16	1118	Response	0	21894197	83908	1
NU2-16	1119	Response	0	21902037	7583	1
NU2-16	1119	Response	0	21903157	8703	1
NU2-16	1120	Response	0	21907157	3703	1
NU2-16	1120	Response	0	21907957	4503	1
NU2-16	1121	Response	0	21912596	4310	1
NU2-16	1121	Response	0	21913397	5110	1
NU2-16	1122	Response	0	21917557	3937	1
NU2-16	1122	Response	100	21918836	5216	1
NU2-16	1124	Picture	11	21934286	0	1	20166	1	0	next	other	0
NU2-16	1126	Picture	24	21969618	0	1	20166	1	0	next	other	0
NU2-16	1128	Picture	40	22004951	0	1	58165	1	0	next	other	0
NU2-16	1128	Text Input	13	22062995	58045	0
NU2-16	1128	Response	0	22062995	58045	1
NU2-16	1129	Response	100	22064435	1319	1
NU2-16	1131	Picture	12	22093449	0	1	20166	1	0	next	other	0
NU2-16	1133	Picture	25	22128781	0	1	20166	1	0	next	other	0
NU2-16	1135	Picture	40	22164114	0	1	33999	1	0	next	other	0
NU2-16	1135	Text Input	14	22198034	33920	0
NU2-16	1135	Response	0	22198034	33920	1
NU2-16	1136	Response	100	22199634	1521	1
NU2-16	1138	Picture	10	22228445	0	1	20166	1	0	next	other	0
NU2-16	1140	Picture	36	22263778	0	1	20166	1	0	next	other	0
NU2-16	1142	Picture	73	22299110	0	1	20166	1	0	next	other	0
NU2-16	1143	Response	0	22363793	44350	1
NU2-16	1143	Response	100	22365233	45790	1
NU2-16	1145	Picture	11	22380608	0	1	20166	1	0	next	other	0
NU2-16	1147	Picture	35	22415941	0	1	20166	1	0	next	other	0
NU2-16	1149	Picture	50	22451273	0	1	43332	1	0	next	other	0
NU2-16	1149	Text Input	8	22494511	43238	0
NU2-16	1149	Response	0	22494511	43238	1
NU2-16	1150	Response	100	22495951	1346	1
NU2-16	1152	Picture	9	22524938	0	1	20166	1	0	next	other	0
NU2-16	1154	Picture	34	22560270	0	1	20166	1	0	next	other	0
NU2-16	1156	Picture	73	22595603	0	1	20166	1	0	next	other	0
NU2-16	1157	Response	0	22623951	8015	1
NU2-16	1157	Response	0	22625390	9455	1
NU2-16	1158	Response	0	22632910	7308	1
NU2-16	1158	Response	0	22634190	8588	1
NU2-16	1159	Response	0	22668750	34315	1
NU2-16	1159	Response	0	22670030	35595	1
NU2-16	1160	Response	0	22672110	1842	1
NU2-16	1160	Response	0	22673070	2802	1
NU2-16	1161	Response	0	22675790	2522	1
NU2-16	1161	Response	0	22676910	3642	1
NU2-16	1162	Response	0	22679150	2049	1
NU2-16	1162	Response	0	22680430	3329	1
NU2-16	1163	Response	0	22684590	3989	1
NU2-16	1163	Response	0	22685230	4629	1
NU2-16	1164	Response	0	22690350	4916	1
NU2-16	1164	Response	0	22691150	5716	1
NU2-16	1165	Response	0	22711950	20516	1
NU2-16	1165	Response	100	22713550	22116	1
NU2-16	1167	Picture	8	22728933	0	1	20166	1	0	next	other	0
NU2-16	1169	Picture	25	22764265	0	1	20166	1	0	next	other	0
NU2-16	1171	Picture	64	22799598	0	1	20166	1	0	next	other	0
NU2-16	1172	Response	0	22850829	30898	1
NU2-16	1172	Response	0	22854828	34898	1
NU2-16	1173	Response	0	22858348	3252	1
NU2-16	1173	Response	0	22859628	4532	1
NU2-16	1174	Response	0	22861868	1939	1
NU2-16	1174	Response	0	22862988	3058	1
NU2-16	1175	Response	0	22871308	8046	1
NU2-16	1175	Response	0	22872108	8845	1
NU2-16	1176	Response	0	22875628	3199	1
NU2-16	1176	Response	0	22876428	3999	1
NU2-16	1177	Response	0	22882188	5592	1
NU2-16	1177	Response	100	22883628	7032	1
NU2-16	1179	Picture	8	22899095	0	1	20166	1	0	next	other	0
NU2-16	1181	Picture	26	22934428	0	1	20166	1	0	next	other	0
NU2-16	1183	Picture	40	22969760	0	1	32833	1	0	next	other	0
NU2-16	1183	Text Input	11	23002507	32747	0
NU2-16	1183	Response	0	23002507	32747	1
NU2-16	1184	Response	100	23004267	1674	1
NU2-16	1186	Picture	9	23032925	0	1	20166	1	0	next	other	0
NU2-16	1188	Picture	26	23068258	0	1	20166	1	0	next	other	0
NU2-16	1190	Picture	40	23103590	0	1	36166	1	0	next	other	0
NU2-16	1190	Text Input	12	23139625	36035	0
NU2-16	1190	Response	0	23139625	36035	1
NU2-16	1191	Response	100	23141386	1630	1
NU2-16	1193	Picture	9	23170088	0	1	20166	1	0	next	other	0
NU2-16	1195	Picture	27	23205421	0	1	20166	1	0	next	other	0
NU2-16	1197	Picture	66	23240753	0	1	20166	1	0	next	other	0
NU2-16	1198	Response	0	23312745	51658	1
NU2-16	1198	Response	0	23318504	57418	1
NU2-16	1199	Response	0	23348424	29673	1
NU2-16	1199	Response	0	23349704	30952	1
NU2-16	1200	Response	0	23351784	1867	1
NU2-16	1200	Response	0	23352904	2986	1
NU2-16	1201	Response	0	23356264	3180	1
NU2-16	1201	Response	0	23357384	4300	1
NU2-16	1202	Response	0	23364584	7000	1
NU2-16	1202	Response	100	23365864	8280	1
NU2-16	1204	Picture	10	23381250	0	1	20166	1	0	next	other	0
NU2-16	1206	Picture	36	23416582	0	1	20166	1	0	next	other	0
NU2-16	1208	Picture	75	23451915	0	1	20166	1	0	next	other	0
NU2-16	1209	Response	0	23525703	53455	1
NU2-16	1209	Response	0	23528742	56495	1
NU2-16	1210	Response	0	23551782	22869	1
NU2-16	1210	Response	0	23553062	24149	1
NU2-16	1211	Response	0	23556262	3017	1
NU2-16	1211	Response	0	23557862	4616	1
NU2-16	1212	Response	0	23560742	2663	1
NU2-16	1212	Response	0	23561702	3623	1
NU2-16	1213	Response	0	23568102	6190	1
NU2-16	1213	Response	100	23569542	7630	1
NU2-16	1215	Picture	10	23584911	0	1	20166	1	0	next	other	0
NU2-16	1217	Picture	34	23620244	0	1	20166	1	0	next	other	0
NU2-16	1219	Picture	50	23655576	0	1	32832	1	0	next	other	0
NU2-16	1219	Text Input	8	23688261	32684	0
NU2-16	1219	Response	0	23688261	32684	1
NU2-16	1220	Response	100	23689701	1292	1
NU2-16	1222	Picture	10	23718741	0	1	20166	1	0	next	other	0
NU2-16	1224	Picture	27	23754074	0	1	20166	1	0	next	other	0
NU2-16	1226	Picture	40	23789406	0	1	41666	1	0	next	other	0
NU2-16	1226	Text Input	13	23830980	41573	0
NU2-16	1226	Response	0	23830980	41573	1
NU2-16	1227	Response	100	23832580	1508	1
NU2-16	1229	Picture	13	23861405	0	1	20166	1	0	next	other	0
NU2-16	1231	Picture	37	23896737	0	1	20166	1	0	next	other	0
NU2-16	1233	Picture	50	23932070	0	1	33166	1	0	next	other	0
NU2-16	1233	Text Input	9	23965058	32989	0
NU2-16	1233	Response	0	23965058	32989	1
NU2-16	1234	Response	100	23966338	1103	1
NU2-16	1236	Picture	10	23995568	0	1	20166	1	0	next	other	0
NU2-16	1238	Picture	37	24030900	0	1	20166	1	0	next	other	0
NU2-16	1240	Picture	74	24066233	0	1	20166	1	0	next	other	0
NU2-16	1241	Response	0	24164257	77692	1
NU2-16	1241	Response	100	24165697	79131	1
NU2-16	1243	Picture	12	24181063	0	1	20166	1	0	next	other	0
NU2-16	1245	Picture	34	24216396	0	1	20166	1	0	next	other	0
NU2-16	1247	Picture	72	24251728	0	1	20166	1	0	next	other	0
NU2-16	1248	Response	0	24274496	2435	1
NU2-16	1248	Response	100	24275935	3874	1
NU2-16	1250	Picture	12	24291394	0	1	20166	1	0	next	other	0
NU2-16	1252	Picture	24	24326726	0	1	20166	1	0	next	other	0
NU2-16	1254	Picture	62	24362059	0	1	20166	1	0	next	other	0
NU2-16	1255	Response	0	24393695	11303	1
NU2-16	1255	Response	100	24395294	12903	1
NU2-16	1257	Picture	10	24410724	0	1	20166	1	0	next	other	0
NU2-16	1259	Picture	27	24446057	0	1	20166	1	0	next	other	0
NU2-16	1261	Picture	40	24481389	0	1	38832	1	0	next	other	0
NU2-16	1261	Text Input	13	24520093	38704	0
NU2-16	1261	Response	0	24520093	38704	1
NU2-16	1262	Response	100	24521533	1311	1
NU2-16	1264	Picture	9	24550554	0	1	20166	1	0	next	other	0
NU2-16	1266	Picture	27	24585887	0	1	20166	1	0	next	other	0
NU2-16	1268	Picture	40	24621219	0	1	38832	1	0	next	other	0
NU2-16	1268	Text Input	12	24659932	38713	0
NU2-16	1268	Response	0	24659932	38713	1
NU2-16	1269	Response	100	24661532	1481	1
NU2-16	1271	Picture	10	24690384	0	1	20166	1	0	next	other	0
NU2-16	1273	Picture	24	24725716	0	1	20166	1	0	next	other	0
NU2-16	1275	Picture	40	24761049	0	1	32166	1	0	next	other	0
NU2-16	1275	Text Input	12	24793051	32002	0
NU2-16	1275	Response	0	24793051	32002	1
NU2-16	1276	Response	100	24794491	1276	1
NU2-16	1278	Picture	12	24823547	0	1	20166	1	0	next	other	0
NU2-16	1280	Picture	34	24858880	0	1	20166	1	0	next	other	0
NU2-16	1282	Picture	50	24894212	0	1	32499	1	0	next	other	0
NU2-16	1282	Text Input	10	24926649	32437	0
NU2-16	1282	Response	0	24926649	32437	1
NU2-16	1283	Response	100	24928090	1378	1
NU2-16	1285	Picture	12	24957044	0	1	20166	1	0	next	other	0
NU2-16	1287	Picture	24	24992376	0	1	20166	1	0	next	other	0
NU2-16	1289	Picture	61	25027709	0	1	20166	1	0	next	other	0
NU2-16	1290	Response	0	25104089	56047	1
NU2-16	1290	Response	0	25105688	57646	1
NU2-16	1291	Response	0	25118328	12454	1
NU2-16	1291	Response	0	25120088	14214	1
NU2-16	1292	Response	0	25143448	23075	1
NU2-16	1292	Response	0	25144888	24515	1
NU2-16	1293	Response	0	25149688	4482	1
NU2-16	1293	Response	0	25150488	5282	1
NU2-16	1294	Response	0	25152408	1702	1
NU2-16	1294	Response	0	25153528	2822	1
NU2-16	1295	Response	0	25156088	2382	1
NU2-16	1295	Response	0	25157208	3502	1
NU2-16	1296	Response	0	25162008	4469	1
NU2-16	1296	Response	0	25162648	5109	1
NU2-16	1297	Response	0	25166328	3455	1
NU2-16	1297	Response	100	25167608	4735	1
NU2-16	1299	Picture	10	25183038	0	1	20166	1	0	next	other	0
NU2-16	1301	Picture	37	25218371	0	1	20166	1	0	next	other	0
NU2-16	1303	Picture	74	25253703	0	1	20166	1	0	next	other	0
NU2-16	1304	Response	0	25432406	158370	1
NU2-16	1304	Response	0	25433845	159809	1
NU2-16	1305	Response	0	25439925	5893	1
NU2-16	1305	Response	0	25441205	7173	1
NU2-16	1306	Response	0	25446805	5273	1
NU2-16	1306	Response	100	25448405	6873	1
NU2-16	1308	Picture	10	25463865	0	1	20166	1	0	next	other	0
NU2-16	1310	Picture	24	25499197	0	1	20166	1	0	next	other	0
NU2-16	1312	Picture	40	25534530	0	1	33832	1	0	next	other	0
NU2-16	1312	Text Input	12	25568244	33714	0
NU2-16	1312	Response	0	25568244	33714	1
NU2-16	1313	Response	100	25569844	1482	1
NU2-16	1315	Picture	11	25598695	0	1	20166	1	0	next	other	0
NU2-16	1317	Picture	26	25634027	0	1	20166	1	0	next	other	0
NU2-16	1319	Picture	62	25669360	0	1	20166	1	0	next	other	0
NU2-16	1320	Response	0	25737683	47991	1
NU2-16	1320	Response	0	25739923	50230	1
NU2-16	1321	Response	0	25744082	3891	1
NU2-16	1321	Response	0	25745042	4851	1
NU2-16	1322	Response	0	25759442	14085	1
NU2-16	1322	Response	100	25761202	15844	1
NU2-16	1324	Picture	11	25776690	0	1	20166	1	0	next	other	0
NU2-16	1326	Picture	35	25812023	0	1	20166	1	0	next	other	0
NU2-16	1328	Picture	71	25847355	0	1	20166	1	0	next	other	0
NU2-16	1329	Response	0	25954321	86633	1
NU2-16	1329	Response	0	25957200	89513	1
NU2-16	1330	Response	0	25966160	8641	1
NU2-16	1330	Response	0	25967440	9921	1
NU2-16	1331	Response	0	25974160	6475	1
NU2-16	1331	Response	0	25975600	7915	1
NU2-16	1332	Response	0	25983441	7589	1
NU2-16	1332	Response	0	25984560	8708	1
NU2-16	1333	Response	0	25987600	2748	1
NU2-16	1333	Response	0	25988560	3709	1
NU2-16	1334	Response	0	25991440	2589	1
NU2-16	1334	Response	0	25991920	3068	1
NU2-16	1335	Response	0	25996560	4375	1
NU2-16	1335	Response	100	25997840	5655	1
NU2-16	1337	Picture	9	26013184	0	1	20166	1	0	next	other	0
NU2-16	1339	Picture	36	26048517	0	1	20166	1	0	next	other	0
NU2-16	1341	Picture	50	26083849	0	1	38832	1	0	next	other	0
NU2-16	1341	Text Input	6	26122639	38790	0
NU2-16	1341	Response	0	26122639	38790	1
NU2-16	1342	Response	100	26123919	1238	1
NU2-16	1344	Picture	9	26153014	0	1	20166	1	0	next	other	0
NU2-16	1346	Picture	25	26188347	0	1	20166	1	0	next	other	0
NU2-16	1348	Picture	40	26223679	0	1	32166	1	0	next	other	0
NU2-16	1348	Text Input	11	26255758	32079	0
NU2-16	1348	Response	0	26255758	32079	1
NU2-16	1349	Response	100	26257358	1513	1
NU2-16	1351	Picture	10	26286178	0	1	20166	1	0	next	other	0
NU2-16	1353	Picture	25	26321510	0	1	20166	1	0	next	other	0
NU2-16	1355	Picture	40	26356842	0	1	32999	1	0	next	other	0
NU2-16	1355	Text Input	12	26389677	32834	0
NU2-16	1355	Response	0	26389677	32834	1
NU2-16	1356	Response	100	26391117	1275	1
NU2-16	1358	Picture	10	26420174	0	1	20166	1	0	next	other	0
NU2-16	1360	Picture	34	26455507	0	1	20166	1	0	next	other	0
NU2-16	1362	Picture	50	26490839	0	1	31166	1	0	next	other	0
NU2-16	1362	Text Input	8	26521836	30996	0
NU2-16	1362	Response	0	26521836	30996	1
NU2-16	1363	Response	100	26523436	1431	1
NU2-16	1365	Picture	12	26552338	0	1	20166	1	0	next	other	0
NU2-16	1367	Picture	34	26587670	0	1	20166	1	0	next	other	0
NU2-16	1369	Picture	71	26623002	0	1	20166	1	0	next	other	0
NU2-16	1370	Response	0	26685355	42019	1
NU2-16	1370	Response	0	26689674	46339	1
NU2-16	1371	Response	0	26692234	2233	1
NU2-16	1371	Response	0	26694474	4473	1
NU2-16	1372	Response	0	26702794	8127	1
NU2-16	1372	Response	0	26703754	9086	1
NU2-16	1373	Response	0	26726954	22954	1
NU2-16	1373	Response	100	26728394	24393	1
NU2-16	1375	Picture	11	26743833	0	1	20166	1	0	next	other	0
NU2-16	1377	Picture	27	26779165	0	1	20166	1	0	next	other	0
NU2-16	1379	Picture	62	26814498	0	1	20166	1	0	next	other	0
NU2-16	1380	Response	0	26870633	35802	1
NU2-16	1380	Response	0	26871912	37082	1
NU2-16	1381	Response	0	26873992	1830	1
NU2-16	1381	Response	0	26875112	2949	1
NU2-16	1382	Response	0	26876552	1223	1
NU2-16	1382	Response	0	26877672	2343	1
NU2-16	1383	Response	0	26879752	1756	1
NU2-16	1383	Response	0	26881032	3036	1
NU2-16	1384	Response	0	26895753	14423	1
NU2-16	1384	Response	0	26896712	15383	1
NU2-16	1385	Response	0	26901352	4357	1
NU2-16	1385	Response	100	26902472	5476	1
NU2-16	1387	Picture	12	26917828	0	1	20166	1	0	next	other	0
NU2-16	1389	Picture	25	26953161	0	1	20166	1	0	next	other	0
NU2-16	1391	Picture	62	26988493	0	1	20166	1	0	next	other	0
NU2-16	1392	Response	0	27061031	52205	1
NU2-16	1392	Response	0	27062311	53484	1
NU2-16	1393	Response	0	27063911	1419	1
NU2-16	1393	Response	0	27064870	2379	1
NU2-16	1394	Response	0	27066471	1312	1
NU2-16	1394	Response	0	27067590	2432	1
NU2-16	1395	Response	0	27073671	5846	1
NU2-16	1395	Response	0	27074630	6806	1
NU2-16	1396	Response	0	27084871	10046	1
NU2-16	1396	Response	0	27085510	10686	1
NU2-16	1397	Response	0	27091750	5926	1
NU2-16	1397	Response	0	27092550	6726	1
NU2-16	1398	Response	0	27096230	3406	1
NU2-16	1398	Response	0	27097030	4206	1
NU2-16	1399	Response	0	27100230	2906	1
NU2-16	1399	Response	100	27101510	4186	1
NU2-16	1401	Picture	12	27116990	0	1	20166	1	0	next	other	0
NU2-16	1403	Picture	25	27152323	0	1	20166	1	0	next	other	0
NU2-16	1405	Picture	40	27187655	0	1	36499	1	0	next	other	0
NU2-16	1405	Text Input	14	27224069	36414	0
NU2-16	1405	Response	0	27224069	36414	1
NU2-16	1406	Response	100	27225509	1355	1
NU2-16	1408	Picture	11	27254487	0	1	20166	1	0	next	other	0
NU2-16	1410	Picture	35	27289819	0	1	20166	1	0	next	other	0
NU2-16	1412	Picture	50	27325152	0	1	31499	1	0	next	other	0
NU2-16	1412	Text Input	8	27356548	31396	0
NU2-16	1412	Response	0	27356548	31396	1
NU2-16	1413	Response	100	27357988	1337	1
NU2-16	1415	Picture	12	27386983	0	1	20166	1	0	next	other	0
NU2-16	1417	Picture	27	27422316	0	1	20166	1	0	next	other	0
NU2-16	1419	Picture	40	27457648	0	1	33999	1	0	next	other	0
NU2-16	1419	Text Input	15	27491587	33939	0
NU2-16	1419	Response	0	27491587	33939	1
NU2-16	1420	Response	100	27493187	1539	1
NU2-16	1422	Picture	10	27521980	0	1	20166	1	0	next	other	0
NU2-16	1424	Picture	36	27557313	0	1	20166	1	0	next	other	0
NU2-16	1426	Picture	72	27592645	0	1	20166	1	0	next	other	0
NU2-16	1427	Response	0	27657346	44368	1
NU2-16	1427	Response	0	27660705	47728	1
NU2-16	1428	Response	0	27665825	4849	1
NU2-16	1428	Response	0	27666945	5969	1
NU2-16	1429	Response	0	27674465	7322	1
NU2-16	1429	Response	100	27675745	8602	1
NU2-16	1431	Picture	9	27691143	0	1	20166	1	0	next	other	0
NU2-16	1433	Picture	36	27726475	0	1	20166	1	0	next	other	0
NU2-16	1435	Picture	74	27761807	0	1	20166	1	0	next	other	0
NU2-16	1436	Response	0	27853344	71204	1
NU2-16	1436	Response	0	27855424	73283	1
NU2-16	1437	Response	0	27861344	5705	1
NU2-16	1437	Response	0	27862304	6665	1
NU2-16	1438	Response	0	27866464	3992	1
NU2-16	1438	Response	0	27867103	4632	1
NU2-16	1439	Response	0	27875583	8279	1
NU2-16	1439	Response	100	27877023	9719	1
NU2-16	1441	Picture	10	27892471	0	1	20166	1	0	next	other	0
NU2-16	1443	Picture	27	27927803	0	1	20166	1	0	next	other	0
NU2-16	1445	Picture	63	27963136	0	1	20166	1	0	next	other	0
NU2-16	1446	Response	0	28016063	32594	1
NU2-16	1446	Response	0	28017342	33874	1
NU2-16	1447	Response	0	28019582	1948	1
NU2-16	1447	Response	0	28020702	3068	1
NU2-16	1448	Response	0	28049022	28055	1
NU2-16	1448	Response	0	28049822	28854	1
NU2-16	1449	Response	0	28057022	6888	1
NU2-16	1449	Response	0	28057822	7688	1
NU2-16	1450	Response	0	28063102	4968	1
NU2-16	1450	Response	0	28063582	5448	1
NU2-16	1451	Response	0	28067902	4102	1
NU2-16	1451	Response	100	28069182	5382	1
NU2-16	1453	Picture	8	28084633	0	1	20166	1	0	next	other	0
NU2-16	1455	Picture	25	28119965	0	1	20166	1	0	next	other	0
NU2-16	1457	Picture	63	28155298	0	1	20166	1	0	next	other	0
NU2-16	1458	Response	0	28299420	123790	1
NU2-16	1458	Response	0	28300380	124749	1
NU2-16	1459	Response	0	28303420	2792	1
NU2-16	1459	Response	0	28304540	3912	1
NU2-16	1460	Response	0	28319900	15106	1
NU2-16	1460	Response	0	28321499	16706	1
NU2-16	1461	Response	0	28323899	2106	1
NU2-16	1461	Response	0	28325179	3386	1
NU2-16	1462	Response	0	28327899	2439	1
NU2-16	1462	Response	0	28328699	3239	1
NU2-16	1463	Response	0	28368379	39419	1
NU2-16	1463	Response	0	28369339	40379	1
NU2-16	1464	Response	0	28371419	1793	1
NU2-16	1464	Response	0	28372539	2913	1
NU2-16	1465	Response	0	28385819	13027	1
NU2-16	1465	Response	100	28387259	14467	1
NU2-16	1467	Picture	10	28402625	0	1	20166	1	0	next	other	0
NU2-16	1469	Picture	24	28437957	0	1	20166	1	0	next	other	0
NU2-16	1471	Picture	40	28473290	0	1	37332	1	0	next	other	0
NU2-16	1471	Text Input	12	28510458	37168	0
NU2-16	1471	Response	0	28510458	37168	1
NU2-16	1472	Response	100	28512378	1756	1
NU2-16	1474	Picture	10	28540955	0	1	20166	1	0	next	other	0
NU2-16	1476	Picture	26	28576287	0	1	20166	1	0	next	other	0
NU2-16	1478	Picture	40	28611620	0	1	38166	1	0	next	other	0
NU2-16	1478	Text Input	13	28649656	38037	0
NU2-16	1478	Response	0	28649656	38037	1
NU2-16	1479	Response	100	28651096	1311	1
NU2-16	1481	Picture	9	28680118	0	1	20166	1	0	next	other	0
NU2-16	1483	Picture	37	28715450	0	1	20166	1	0	next	other	0
NU2-16	1485	Picture	50	28750783	0	1	28333	1	0	next	other	0
NU2-16	1485	Text Input	5	28779095	28312	0
NU2-16	1485	Response	0	28779095	28312	1
NU2-16	1486	Response	100	28780855	1740	1
NU2-16	1488	Picture	10	28809448	0	1	20166	1	0	next	other	0
NU2-16	1490	Picture	35	28844781	0	1	20166	1	0	next	other	0
NU2-16	1492	Picture	72	28880113	0	1	20166	1	0	next	other	0
NU2-16	1493	Response	0	28909335	8889	1
NU2-16	1493	Response	0	28910934	10488	1
NU2-16	1494	Response	0	28937014	25902	1
NU2-16	1494	Response	0	28938454	27342	1
NU2-16	1495	Response	0	28947734	8956	1
NU2-16	1495	Response	100	28949174	10396	1
NU2-16	1497	Picture	8	28964611	0	1	20166	1	0	next	other	0
NU2-16	1499	Picture	25	28999943	0	1	20166	1	0	next	other	0
NU2-16	1501	Picture	63	29035276	0	1	20166	1	0	next	other	0
NU2-16	1502	Response	0	29097493	41885	1
NU2-16	1502	Response	0	29098133	42524	1
NU2-16	1503	Response	0	29106453	8012	1
NU2-16	1503	Response	0	29107413	8972	1
NU2-16	1504	Response	0	29168212	60605	1
NU2-16	1504	Response	0	29169012	61405	1
NU2-16	1505	Response	0	29174132	4859	1
NU2-16	1505	Response	0	29175572	6299	1
NU2-16	1506	Response	0	29178612	2839	1
NU2-16	1506	Response	0	29179572	3799	1
NU2-16	1507	Response	0	29190612	10840	1
NU2-16	1507	Response	0	29191092	11319	1
NU2-16	1508	Response	0	29197012	5740	1
NU2-16	1508	Response	100	29198132	6860	1
NU2-16	1510	Picture	9	29213605	0	1	20166	1	0	next	other	0
NU2-16	1512	Picture	27	29248937	0	1	20166	1	0	next	other	0
NU2-16	1514	Picture	61	29284270	0	1	20166	1	0	next	other	0
NU2-16	1515	Response	0	29359731	55128	1
NU2-16	1515	Response	0	29362610	58008	1
NU2-16	1516	Response	0	29375250	12316	1
NU2-16	1516	Response	0	29377810	14876	1
NU2-16	1517	Response	0	29381490	3389	1
NU2-16	1517	Response	0	29382290	4189	1
NU2-16	1518	Response	0	29385010	2410	1
NU2-16	1518	Response	0	29385490	2889	1
NU2-16	1519	Response	0	29391250	5483	1
NU2-16	1519	Response	0	29392210	6443	1
NU2-16	1520	Response	0	29393490	1056	1
NU2-16	1520	Response	0	29395090	2656	1
NU2-16	1521	Response	0	29397970	2703	1
NU2-16	1521	Response	0	29399090	3823	1
NU2-16	1522	Response	0	29406290	7023	1
NU2-16	1522	Response	0	29409330	10063	1
NU2-16	1523	Response	0	29413490	3890	1
NU2-16	1523	Response	100	29414610	5010	1
NU2-16	1525	Picture	9	29430099	0	1	20166	1	0	next	other	0
NU2-16	1527	Picture	36	29465432	0	1	20166	1	0	next	other	0
NU2-16	1529	Picture	50	29500764	0	1	34499	1	0	next	other	0
NU2-16	1529	Text Input	6	29535089	34325	0
NU2-16	1529	Response	0	29535089	34325	1
NU2-16	1530	Response	100	29536369	1105	1
NU2-16	1532	Picture	13	29565596	0	1	20166	1	0	next	other	0
NU2-16	1534	Picture	25	29600928	0	1	20166	1	0	next	other	0
NU2-16	1536	Picture	40	29636261	0	1	36666	1	0	next	other	0
NU2-16	1536	Text Input	15	29672847	36587	0
NU2-16	1536	Response	0	29672847	36587	1
NU2-16	1537	Response	100	29673967	1041	1
NU2-16	1539	Picture	9	29703259	0	1	20166	1	0	next	other	0
NU2-16	1541	Picture	24	29738592	0	1	20166	1	0	next	other	0
NU2-16	1543	Picture	61	29773924	0	1	20166	1	0	next	other	0
NU2-16	1544	Response	0	29825166	30909	1
NU2-16	1544	Response	0	29829166	34909	1
NU2-16	1545	Response	0	29831406	1983	1
NU2-16	1545	Response	0	29833006	3583	1
NU2-16	1546	Response	0	29835726	2470	1
NU2-16	1546	Response	0	29836846	3590	1
NU2-16	1547	Response	0	29846126	9037	1
NU2-16	1547	Response	0	29846926	9837	1
NU2-16	1548	Response	0	29857486	10230	1
NU2-16	1548	Response	0	29858286	11030	1
NU2-16	1549	Response	0	29866926	8337	1
NU2-16	1549	Response	100	29868205	9617	1
NU2-16	1551	Picture	11	29883588	0	1	20166	1	0	next	other	0
NU2-16	1553	Picture	27	29918920	0	1	20166	1	0	next	other	0
NU2-16	1555	Picture	64	29954253	0	1	20166	1	0	next	other	0
NU2-16	1556	Response	0	29996685	22099	1
NU2-16	1556	Response	0	29998765	24179	1
NU2-16	1557	Response	0	30027565	28479	1
NU2-16	1557	Response	100	30029005	29920	1
NU2-16	1559	Picture	9	30044417	0	1	20166	1	0	next	other	0
NU2-16	1561	Picture	35	30079750	0	1	20166	1	0	next	other	0
NU2-16	1563	Picture	50	30115082	0	1	121830	1	0	next	other	0
NU2-16	1563	Text Input	12	30236842	121760	0
NU2-16	1563	Response	0	30236842	121760	1
NU2-16	1564	Response	100	30238602	1690	1
NU2-16	1566	Picture	9	30267245	0	1	20166	1	0	next	other	0
NU2-16	1568	Picture	24	30302578	0	1	20166	1	0	next	other	0
NU2-16	1570	Picture	40	30337910	0	1	34332	1	0	next	other	0
NU2-16	1570	Text Input	11	30372201	34291	0
NU2-16	1570	Response	0	30372201	34291	1
NU2-16	1571	Response	100	30373641	1399	1
NU2-16	1573	Picture	8	30402575	0	1	20166	1	0	next	other	0
NU2-16	1575	Picture	36	30437907	0	1	20166	1	0	next	other	0
NU2-16	1577	Picture	50	30473240	0	1	31666	1	0	next	other	0
NU2-16	1577	Text Input	5	30504840	31600	0
NU2-16	1577	Response	0	30504840	31600	1
NU2-16	1578	Response	100	30506280	1374	1
NU2-16	1580	Picture	8	30535238	0	1	20166	1	0	next	other	0
NU2-16	1582	Picture	35	30570571	0	1	20166	1	0	next	other	0
NU2-16	1584	Picture	72	30605903	0	1	20166	1	0	next	other	0
NU2-16	1585	Response	0	30649959	23723	1
NU2-16	1585	Response	0	30652359	26123	1
NU2-16	1586	Response	0	30662759	10190	1
NU2-16	1586	Response	0	30663398	10829	1
NU2-16	1587	Response	0	30667399	3830	1
NU2-16	1587	Response	100	30668679	5110	1
NU2-16	1589	Picture	8	30684068	0	1	20166	1	0	next	other	0
NU2-16	1591	Picture	27	30719400	0	1	20166	1	0	next	other	0
NU2-16	1593	Picture	64	30754733	0	1	20166	1	0	next	other	0
NU2-16	1594	Response	0	30816998	41932	1
NU2-16	1594	Response	0	30820357	45291	1
NU2-16	1595	Response	0	30830277	9713	1
NU2-16	1595	Response	0	30831397	10832	1
NU2-16	1596	Response	0	30834757	3193	1
NU2-16	1596	Response	0	30835877	4313	1
NU2-16	1597	Response	0	30840517	4453	1
NU2-16	1597	Response	100	30842277	6212	1
NU2-16	1599	Picture	12	30857730	0	1	20166	1	0	next	other	0
NU2-16	1601	Picture	35	30893063	0	1	20166	1	0	next	other	0
NU2-16	1603	Picture	50	30928385	0	21	48009	21	0	next	other	0
NU2-16	1603	Text Input	9	30976356	47970	0
NU2-16	1603	Response	0	30976356	47970	1
NU2-16	1604	Response	100	30977956	1562	1
NU2-16	1606	Picture	8	31006727	0	1	20166	1	0	next	other	0
NU2-16	1608	Picture	26	31042059	0	1	20166	1	0	next	other	0
NU2-16	1610	Picture	40	31077392	0	1	42499	1	0	next	other	0
NU2-16	1610	Text Input	11	31119874	42483	0
NU2-16	1610	Response	0	31119874	42483	1
NU2-16	1611	Response	100	31121474	1584	1
NU2-16	1613	Picture	10	31150223	0	1	20166	1	0	next	other	0
NU2-16	1615	Picture	26	31185556	0	1	20166	1	0	next	other	0
NU2-16	1617	Picture	61	31220888	0	1	20166	1	0	next	other	0
NU2-16	1618	Response	0	31263074	21853	1
NU2-16	1618	Response	0	31268033	26812	1
NU2-16	1619	Response	0	31278593	10373	1
NU2-16	1619	Response	0	31279713	11493	1
NU2-16	1620	Response	0	31284513	4627	1
NU2-16	1620	Response	0	31285153	5266	1
NU2-16	1621	Response	0	31297953	12567	1
NU2-16	1621	Response	0	31298913	13526	1
NU2-16	1622	Response	0	31342913	43693	1
NU2-16	1622	Response	100	31344513	45293	1
NU2-16	1624	Picture	9	31359885	0	1	20166	1	0	next	other	0
NU2-16	1626	Picture	24	31395217	0	1	20166	1	0	next	other	0
NU2-16	1628	Picture	61	31430549	0	1	20166	1	0	next	other	0
NU2-16	1629	Response	0	31461792	10910	1
NU2-16	1629	Response	0	31463871	12989	1
NU2-16	1630	Response	0	31480831	16783	1
NU2-16	1630	Response	0	31483551	19503	1
NU2-16	1631	Response	0	31485471	1590	1
NU2-16	1631	Response	0	31487711	3830	1
NU2-16	1632	Response	0	31497791	9910	1
NU2-16	1632	Response	0	31498591	10710	1
NU2-16	1633	Response	0	31503071	4190	1
NU2-16	1633	Response	100	31504351	5470	1
NU2-16	1635	Picture	12	31519714	0	1	20166	1	0	next	other	0
NU2-16	1637	Picture	26	31555046	0	1	20166	1	0	next	other	0
NU2-16	1639	Picture	40	31590379	0	1	42666	1	0	next	other	0
NU2-16	1639	Text Input	15	31632990	42611	0
NU2-16	1639	Response	0	31632990	42611	1
NU2-16	1640	Response	100	31634430	1385	1
NU2-16	1642	Picture	8	31663377	0	1	20166	1	0	next	other	0
NU2-16	1644	Picture	36	31698709	0	1	20166	1	0	next	other	0
NU2-16	1646	Picture	71	31734042	0	1	20166	1	0	next	other	0
NU2-16	1647	Response	0	31824189	69814	1
NU2-16	1647	Response	0	31828508	74133	1
NU2-16	1648	Response	0	31840508	11803	1
NU2-16	1648	Response	0	31841788	13082	1
NU2-16	1649	Response	0	31843388	1349	1
NU2-16	1649	Response	0	31844188	2149	1
NU2-16	1650	Response	0	31848668	4296	1
NU2-16	1650	Response	0	31849948	5575	1
NU2-16	1651	Response	0	31856348	6142	1
NU2-16	1651	Response	100	31857788	7582	1
NU2-16	1654	Picture	11	32473357	0	1	20166	1	0	next	other	0
NU2-16	1656	Picture	27	32508689	0	1	20166	1	0	next	other	0
NU2-16	1658	Picture	40	32544022	0	1	34166	1	0	next	other	0
NU2-16	1658	Text Input	14	32578101	34080	0
NU2-16	1658	Response	0	32578101	34080	1
NU2-16	1659	Response	100	32579701	1514	1
NU2-16	1661	Picture	12	32608520	0	1	20166	1	0	next	other	0
NU2-16	1663	Picture	36	32643853	0	1	20166	1	0	next	other	0
NU2-16	1665	Picture	50	32679185	0	1	44166	1	0	next	other	0
NU2-16	1665	Text Input	9	32723220	44035	0
NU2-16	1665	Response	0	32723220	44035	1
NU2-16	1666	Response	100	32724980	1630	1
NU2-16	1668	Picture	12	32753683	0	1	20166	1	0	next	other	0
NU2-16	1670	Picture	24	32789016	0	1	20166	1	0	next	other	0
NU2-16	1672	Picture	40	32824348	0	1	37166	1	0	next	other	0
NU2-16	1672	Text Input	14	32861459	37111	0
NU2-16	1672	Response	0	32861459	37111	1
NU2-16	1673	Response	100	32862259	745	1
NU2-16	1675	Picture	9	32891846	0	1	20166	1	0	next	other	0
NU2-16	1677	Picture	26	32927179	0	1	20166	1	0	next	other	0
NU2-16	1679	Picture	40	32962511	0	1	44332	1	0	next	other	0
NU2-16	1679	Text Input	12	33006738	44226	0
NU2-16	1679	Response	0	33006738	44226	1
NU2-16	1680	Response	100	33008178	1334	1
NU2-16	1682	Picture	12	33037176	0	1	20166	1	0	next	other	0
NU2-16	1684	Picture	35	33072509	0	1	20166	1	0	next	other	0
NU2-16	1686	Picture	71	33107841	0	1	20166	1	0	next	other	0
NU2-16	1687	Response	0	33170577	42403	1
NU2-16	1687	Response	0	33173296	45122	1
NU2-16	1688	Response	0	33194256	20750	1
NU2-16	1688	Response	0	33195376	21870	1
NU2-16	1689	Response	0	33197296	1624	1
NU2-16	1689	Response	0	33199376	3704	1
NU2-16	1690	Response	0	33202096	2424	1
NU2-16	1690	Response	0	33202896	3224	1
NU2-16	1691	Response	0	33210736	7564	1
NU2-16	1691	Response	100	33211696	8524	1
NU2-16	1693	Picture	9	33227171	0	1	20166	1	0	next	other	0
NU2-16	1695	Picture	37	33262504	0	1	20166	1	0	next	other	0
NU2-16	1697	Picture	50	33297836	0	1	34833	1	0	next	other	0
NU2-16	1697	Text Input	5	33332655	34819	0
NU2-16	1697	Response	0	33332655	34819	1
NU2-16	1698	Response	100	33333615	946	1
NU2-16	1700	Picture	12	33363001	0	1	20166	1	0	next	other	0
NU2-16	1702	Picture	26	33398334	0	1	20166	1	0	next	other	0
NU2-16	1704	Picture	63	33433666	0	1	20166	1	0	next	other	0
NU2-16	1705	Response	0	33492494	38494	1
NU2-16	1705	Response	100	33493613	39614	1
NU2-16	1707	Picture	8	33508998	0	1	20166	1	0	next	other	0
NU2-16	1709	Picture	37	33544330	0	1	20166	1	0	next	other	0
NU2-16	1711	Picture	73	33579663	0	1	20166	1	0	next	other	0
NU2-16	1712	Response	0	33626092	26097	1
NU2-16	1712	Response	0	33627692	27697	1
NU2-16	1713	Response	0	33691852	63857	1
NU2-16	1713	Response	0	33693932	65937	1
NU2-16	1714	Response	0	33727532	33372	1
NU2-16	1714	Response	0	33728169	34009	11
NU2-16	1715	Response	0	33733291	4799	1
NU2-16	1715	Response	0	33734251	5759	1
NU2-16	1716	Response	0	33738891	4399	1
NU2-16	1716	Response	100	33740331	5839	1
NU2-16	1718	Picture	10	33755825	0	1	20166	1	0	next	other	0
NU2-16	1720	Picture	25	33791157	0	1	20166	1	0	next	other	0
NU2-16	1722	Picture	64	33826490	0	1	20166	1	0	next	other	0
NU2-16	1723	Response	0	33869610	22788	1
NU2-16	1723	Response	0	33870890	24067	1
NU2-16	1724	Response	0	33874090	2935	1
NU2-16	1724	Response	0	33874730	3574	1
NU2-16	1725	Response	0	33876650	1661	1
NU2-16	1725	Response	0	33877130	2141	1
NU2-16	1726	Response	0	33879210	1888	1
NU2-16	1726	Response	0	33880170	2848	1
NU2-16	1727	Response	0	33882090	1601	1
NU2-16	1727	Response	0	33882890	2401	1
NU2-16	1728	Response	0	33885450	2295	1
NU2-16	1728	Response	0	33886090	2935	1
NU2-16	1729	Response	0	33889610	3288	1
NU2-16	1729	Response	0	33890730	4408	1
NU2-16	1730	Response	0	33894730	3742	1
NU2-16	1730	Response	0	33895690	4702	1
NU2-16	1731	Response	0	33900170	4182	1
NU2-16	1731	Response	0	33901130	5142	1
NU2-16	1732	Response	0	33905130	3808	1
NU2-16	1732	Response	0	33905930	4608	1
NU2-16	1733	Response	0	33914570	8415	1
NU2-16	1733	Response	100	33916010	9855	1
NU2-16	1735	Picture	8	33931487	0	1	20166	1	0	next	other	0
NU2-16	1737	Picture	27	33966820	0	1	20166	1	0	next	other	0
NU2-16	1739	Picture	65	34002152	0	1	20166	1	0	next	other	0
NU2-16	1740	Response	0	34037609	15124	1
NU2-16	1740	Response	0	34039528	17044	1
NU2-16	1741	Response	0	34043048	3231	1
NU2-16	1741	Response	0	34044168	4351	1
NU2-16	1742	Response	0	34045928	1444	1
NU2-16	1742	Response	0	34047048	2564	1
NU2-16	1743	Response	0	34049448	2131	1
NU2-16	1743	Response	0	34050408	3091	1
NU2-16	1744	Response	0	34056649	5998	1
NU2-16	1744	Response	0	34057608	6957	1
NU2-16	1745	Response	0	34068168	10351	1
NU2-16	1745	Response	0	34069128	11311	1
NU2-16	1746	Response	0	34077928	8611	1
NU2-16	1746	Response	0	34078728	9411	1
NU2-16	1747	Response	0	34088968	9985	1
NU2-16	1747	Response	100	34090088	11104	1
NU2-16	1749	Picture	11	34105483	0	1	20166	1	0	next	other	0
NU2-16	1751	Picture	34	34140815	0	1	20166	1	0	next	other	0
NU2-16	1753	Picture	73	34176148	0	1	20166	1	0	next	other	0
NU2-16	1754	Response	0	34251847	55367	1
NU2-16	1754	Response	0	34253286	56806	1
NU2-16	1755	Response	0	34258726	5247	1
NU2-16	1755	Response	0	34259366	5887	1
NU2-16	1756	Response	0	34281607	21961	1
NU2-16	1756	Response	0	34283206	23561	1
NU2-16	1757	Response	0	34284806	1328	1
NU2-16	1757	Response	0	34286406	2928	1
NU2-16	1758	Response	0	34288486	1841	1
NU2-16	1758	Response	0	34292326	5681	1
NU2-16	1759	Response	0	34307046	14401	1
NU2-16	1759	Response	0	34307846	15201	1
NU2-16	1760	Response	0	34316806	8662	1
NU2-16	1760	Response	0	34317446	9301	1
NU2-16	1761	Response	0	34326406	8762	1
NU2-16	1761	Response	100	34328006	10361	1
NU2-16	1763	Picture	9	34343477	0	1	20166	1	0	next	other	0
NU2-16	1765	Picture	27	34378809	0	1	20166	1	0	next	other	0
NU2-16	1767	Picture	40	34414142	0	1	34666	1	0	next	other	0
NU2-16	1767	Text Input	12	34448645	34503	0
NU2-16	1767	Response	0	34448645	34503	1
NU2-16	1768	Response	100	34450085	1277	1
NU2-16	1770	Picture	9	34479140	0	1	20166	1	0	next	other	0
NU2-16	1772	Picture	34	34514473	0	1	20166	1	0	next	other	0
NU2-16	1774	Picture	50	34549805	0	1	31999	1	0	next	other	0
NU2-16	1774	Text Input	7	34581764	31958	0
NU2-16	1774	Response	0	34581764	31958	1
NU2-16	1775	Response	100	34583203	1399	1
NU2-16	1777	Picture	13	34612137	0	1	20166	1	0	next	other	0
NU2-16	1779	Picture	35	34647469	0	1	20166	1	0	next	other	0
NU2-16	1781	Picture	50	34682802	0	1	45999	1	0	next	other	0
NU2-16	1781	Text Input	10	34728642	45840	0
NU2-16	1781	Response	0	34728642	45840	1
NU2-16	1782	Response	100	34730082	1282	1
NU2-16	1784	Picture	12	34759133	0	1	20166	1	0	next	other	0
NU2-16	1786	Picture	35	34794466	0	1	20166	1	0	next	other	0
NU2-16	1788	Picture	71	34829798	0	1	20166	1	0	next	other	0
NU2-16	1789	Response	0	34894241	44110	1
NU2-16	1789	Response	0	34895201	45070	1
NU2-16	1790	Response	0	34898400	2937	1
NU2-16	1790	Response	0	34899681	4217	1
NU2-16	1791	Response	0	34901121	1158	1
NU2-16	1791	Response	0	34902561	2598	1
NU2-16	1792	Response	0	34907361	4564	1
NU2-16	1792	Response	0	34908801	6004	1
NU2-16	1793	Response	0	34914401	5271	1
NU2-16	1793	Response	100	34916001	6871	1
NU2-16	1795	Picture	10	34931462	0	1	20166	1	0	next	other	0
NU2-16	1797	Picture	27	34966795	0	1	20166	1	0	next	other	0
NU2-16	1799	Picture	61	35002127	0	1	20166	1	0	next	other	0
NU2-16	1800	Response	0	35060480	38020	1
NU2-16	1800	Response	0	35065759	43299	1
NU2-16	1801	Response	0	35070719	4760	1
NU2-16	1801	Response	0	35072640	6681	1
NU2-16	1802	Response	0	35083039	10081	1
NU2-16	1802	Response	100	35084479	11521	1
NU2-16	1804	Picture	12	35099958	0	1	20166	1	0	next	other	0
NU2-16	1806	Picture	37	35135291	0	1	20166	1	0	next	other	0
NU2-16	1808	Picture	72	35170623	0	1	20166	1	0	next	other	0
NU2-16	1809	Response	0	35217118	26162	1
NU2-16	1809	Response	0	35218398	27442	1
NU2-16	1810	Response	0	35232478	13856	1
NU2-16	1810	Response	0	35233118	14496	1
NU2-16	1811	Response	0	35239358	6070	1
NU2-16	1811	Response	0	35240958	7670	1
NU2-16	1812	Response	0	35247678	6390	1
NU2-16	1812	Response	0	35248798	7510	1
NU2-16	1813	Response	0	35265278	16156	1
NU2-16	1813	Response	100	35266717	17596	1
NU2-16	1815	Picture	10	35282120	0	1	20166	1	0	next	other	0
NU2-16	1817	Picture	35	35317453	0	1	20166	1	0	next	other	0
NU2-16	1819	Picture	50	35352785	0	1	31166	1	0	next	other	0
NU2-16	1819	Text Input	7	35383837	31051	0
NU2-16	1819	Response	0	35383837	31051	1
NU2-16	1820	Response	100	35385277	1326	1
NU2-16	1822	Picture	8	35414284	0	1	20166	1	0	next	other	0
NU2-16	1824	Picture	34	35449616	0	1	20166	1	0	next	other	0
NU2-16	1826	Picture	72	35484949	0	1	20166	1	0	next	other	0
NU2-16	1827	Response	0	35512636	7354	1
NU2-16	1827	Response	100	35513915	8634	1
NU2-16	1829	Picture	12	35529281	0	1	20166	1	0	next	other	0
NU2-16	1831	Picture	27	35564613	0	1	20166	1	0	next	other	0
NU2-16	1833	Picture	40	35599946	0	1	31666	1	0	next	other	0
NU2-16	1833	Text Input	15	35631514	31569	0
NU2-16	1833	Response	0	35631514	31569	1
NU2-16	1834	Response	100	35633274	1663	1
NU2-16	1836	Picture	12	35661944	0	1	20166	1	0	next	other	0
NU2-16	1838	Picture	36	35697277	0	1	20166	1	0	next	other	0
NU2-16	1840	Picture	50	35732609	0	1	33166	1	0	next	other	0
NU2-16	1840	Text Input	9	35765753	33144	0
NU2-16	1840	Response	0	35765753	33144	1
NU2-16	1841	Response	100	35767033	1258	1
NU2-16	1843	Picture	End of exepriment	35780941	0	1	109328	1	0	next	other	0
NU2-16	1843	Response	0	35816913	35972	1

The following output port codes were not sent because of a conflict on the port.
Port	Code	Time(ms)
1	0	3.57809e+006
