Scenario - 
Logfile written - 03/24/2016 16:10:58

Subject	Trial	Event Type	Code	Time	TTime	Uncertainty	Duration	Uncertainty	ReqTime	ReqDur	Stim Type	Pair Index

NU2-04	1	Picture	Instructions	152	0	182	120512	182	0	next	other	0
NU2-04	1	Response	0	120561	120409	1
NU2-04	2	Picture	Instructions	120664	0	1	65165	1	0	next	other	0
NU2-04	2	Response	0	185680	65016	1
NU2-04	4	Picture	Experiment starts	185829	0	1	30166	1	0	next	other	0
NU2-04	6	Picture	11	231161	0	1	20166	1	0	next	other	0
NU2-04	8	Picture	37	266494	0	1	20166	1	0	next	other	0
NU2-04	10	Picture	76	301827	0	1	20166	1	0	next	other	0
NU2-04	11	Response	0	344559	22400	1
NU2-04	11	Response	0	352399	30239	1
NU2-04	12	Response	0	356079	3420	1
NU2-04	12	Response	0	357359	4700	1
NU2-04	13	Response	0	363599	5940	1
NU2-04	13	Response	100	365039	7380	1
NU2-04	15	Picture	9	380492	0	1	20166	1	0	next	other	0
NU2-04	17	Picture	27	415824	0	1	20166	1	0	next	other	0
NU2-04	19	Picture	40	451157	0	1	42499	1	0	next	other	0
NU2-04	19	Text Input	12	493518	42361	0
NU2-04	19	Response	0	493518	42361	1
NU2-04	20	Response	100	495118	1462	1
NU2-04	22	Picture	12	523988	0	1	20166	1	0	next	other	0
NU2-04	24	Picture	37	559321	0	1	20166	1	0	next	other	0
NU2-04	26	Picture	50	594654	0	1	26666	1	0	next	other	0
NU2-04	26	Text Input	8	621197	26544	0
NU2-04	26	Response	0	621197	26544	1
NU2-04	27	Response	100	622477	1157	1
NU2-04	29	Picture	11	651652	0	1	20166	1	0	next	other	0
NU2-04	31	Picture	27	686985	0	1	20166	1	0	next	other	0
NU2-04	33	Picture	62	722317	0	1	20166	1	0	next	other	0
NU2-04	34	Response	0	749357	6707	1
NU2-04	34	Response	0	751757	9106	1
NU2-04	35	Response	0	754796	2813	1
NU2-04	35	Response	0	756076	4093	1
NU2-04	36	Response	0	769836	13520	1
NU2-04	36	Response	0	771276	14960	1
NU2-04	37	Response	0	774476	2993	1
NU2-04	37	Response	0	775116	3633	1
NU2-04	38	Response	0	779276	3960	1
NU2-04	38	Response	100	780556	5240	1
NU2-04	40	Picture	12	795982	0	1	20166	1	0	next	other	0
NU2-04	42	Picture	25	831315	0	1	20166	1	0	next	other	0
NU2-04	44	Picture	62	866648	0	1	20166	1	0	next	other	0
NU2-04	45	Response	0	914476	27496	1
NU2-04	45	Response	0	915596	28615	1
NU2-04	46	Response	0	949676	33862	1
NU2-04	46	Response	0	950475	34662	1
NU2-04	47	Response	0	960876	10230	1
NU2-04	47	Response	0	961675	11029	1
NU2-04	48	Response	0	964075	2096	1
NU2-04	48	Response	0	964715	2736	1
NU2-04	49	Response	0	970475	5496	1
NU2-04	49	Response	100	971755	6776	1
NU2-04	51	Picture	9	987145	0	1	20166	1	0	next	other	0
NU2-04	53	Picture	26	1022478	0	1	20166	1	0	next	other	0
NU2-04	55	Picture	65	1057810	0	1	20166	1	0	next	other	0
NU2-04	56	Response	0	1112715	34572	1
NU2-04	56	Response	0	1120074	41931	1
NU2-04	57	Response	0	1123914	3606	1
NU2-04	57	Response	0	1124874	4566	1
NU2-04	58	Response	0	1133514	8372	1
NU2-04	58	Response	100	1135434	10292	1
NU2-04	60	Picture	12	1150808	0	1	20166	1	0	next	other	0
NU2-04	62	Picture	34	1186141	0	1	20166	1	0	next	other	0
NU2-04	64	Picture	71	1221473	0	1	20166	1	0	next	other	0
NU2-04	65	Response	0	1270154	28348	1
NU2-04	65	Response	0	1277193	35387	1
NU2-04	66	Response	0	1281673	4201	1
NU2-04	66	Response	0	1282793	5321	1
NU2-04	67	Response	0	1306793	23822	1
NU2-04	67	Response	100	1308233	25261	1
NU2-04	69	Picture	9	1323638	0	1	20166	1	0	next	other	0
NU2-04	71	Picture	36	1358970	0	1	20166	1	0	next	other	0
NU2-04	73	Picture	50	1394303	0	1	29499	1	0	next	other	0
NU2-04	73	Text Input	6	1423752	29450	0
NU2-04	73	Response	0	1423752	29450	1
NU2-04	74	Response	100	1425352	1550	1
NU2-04	76	Picture	9	1454135	0	1	20166	1	0	next	other	0
NU2-04	78	Picture	35	1489467	0	1	20166	1	0	next	other	0
NU2-04	80	Picture	50	1524800	0	1	32666	1	0	next	other	0
NU2-04	80	Text Input	6	1557352	32552	0
NU2-04	80	Response	0	1557352	32552	1
NU2-04	81	Response	100	1558472	1006	1
NU2-04	83	Picture	10	1587799	0	1	20166	1	0	next	other	0
NU2-04	85	Picture	34	1623131	0	1	20166	1	0	next	other	0
NU2-04	87	Picture	72	1658464	0	1	20166	1	0	next	other	0
NU2-04	88	Response	0	1705031	26235	1
NU2-04	88	Response	100	1706471	27674	1
NU2-04	90	Picture	8	1721962	0	1	20166	1	0	next	other	0
NU2-04	92	Picture	34	1757295	0	1	20166	1	0	next	other	0
NU2-04	94	Picture	50	1792627	0	1	30499	1	0	next	other	0
NU2-04	94	Text Input	6	1823110	30483	0
NU2-04	94	Response	0	1823110	30483	1
NU2-04	95	Response	100	1824710	1583	1
NU2-04	97	Picture	10	1853459	0	1	20166	1	0	next	other	0
NU2-04	99	Picture	25	1888792	0	1	20166	1	0	next	other	0
NU2-04	101	Picture	40	1924125	0	1	41999	1	0	next	other	0
NU2-04	101	Text Input	12	1965989	41865	0
NU2-04	101	Response	0	1965989	41865	1
NU2-04	102	Response	100	1967589	1466	1
NU2-04	104	Picture	9	1996456	0	1	20166	1	0	next	other	0
NU2-04	106	Picture	25	2031789	0	1	20166	1	0	next	other	0
NU2-04	108	Picture	61	2067121	0	1	20166	1	0	next	other	0
NU2-04	109	Response	0	2105509	18055	1
NU2-04	109	Response	0	2109509	22054	1
NU2-04	110	Response	0	2113029	3241	1
NU2-04	110	Response	0	2114628	4841	1
NU2-04	111	Response	0	2117348	2395	1
NU2-04	111	Response	0	2118308	3355	1
NU2-04	112	Response	0	2121668	3048	1
NU2-04	112	Response	0	2122148	3528	1
NU2-04	113	Response	0	2124709	2255	1
NU2-04	113	Response	0	2125988	3535	1
NU2-04	114	Response	0	2128708	2422	1
NU2-04	114	Response	0	2129508	3222	1
NU2-04	115	Response	0	2135588	5802	1
NU2-04	115	Response	100	2136868	7081	1
NU2-04	117	Picture	8	2152286	0	1	20166	1	0	next	other	0
NU2-04	119	Picture	34	2187619	0	1	20166	1	0	next	other	0
NU2-04	121	Picture	73	2222951	0	1	20166	1	0	next	other	0
NU2-04	122	Response	0	2277348	34064	1
NU2-04	122	Response	0	2278948	35663	1
NU2-04	123	Response	0	2284708	5591	1
NU2-04	123	Response	0	2285508	6391	1
NU2-04	124	Response	0	2317028	31244	1
NU2-04	124	Response	0	2318147	32364	1
NU2-04	125	Response	0	2326147	7698	1
NU2-04	125	Response	0	2326947	8498	1
NU2-04	126	Response	0	2337667	10552	1
NU2-04	126	Response	0	2337987	10871	1
NU2-04	127	Response	0	2343267	4985	1
NU2-04	127	Response	100	2344707	6425	1
NU2-04	129	Picture	12	2360115	0	1	20166	1	0	next	other	0
NU2-04	131	Picture	25	2395448	0	1	20166	1	0	next	other	0
NU2-04	133	Picture	40	2430780	0	1	43499	1	0	next	other	0
NU2-04	133	Text Input	14	2474146	43366	0
NU2-04	133	Response	0	2474146	43366	1
NU2-04	134	Response	100	2475586	1307	1
NU2-04	136	Picture	12	2504612	0	1	20166	1	0	next	other	0
NU2-04	138	Picture	24	2539944	0	1	20166	1	0	next	other	0
NU2-04	140	Picture	40	2575277	0	1	27999	1	0	next	other	0
NU2-04	140	Text Input	15	2603106	27829	0
NU2-04	140	Response	0	2603106	27829	1
NU2-04	141	Response	100	2605026	1750	1
NU2-04	143	Picture	10	2633609	0	1	20166	1	0	next	other	0
NU2-04	145	Picture	37	2668942	0	1	20166	1	0	next	other	0
NU2-04	147	Picture	73	2704274	0	1	20166	1	0	next	other	0
NU2-04	148	Response	0	2779745	55138	1
NU2-04	148	Response	0	2782625	58018	1
NU2-04	149	Response	0	2795585	12646	1
NU2-04	149	Response	0	2796545	13606	1
NU2-04	150	Response	0	2800225	3453	1
NU2-04	150	Response	0	2800384	3612	1
NU2-04	151	Response	0	2805025	4419	1
NU2-04	151	Response	100	2806625	6019	1
NU2-04	153	Picture	12	2822105	0	1	20166	1	0	next	other	0
NU2-04	155	Picture	36	2857437	0	1	20166	1	0	next	other	0
NU2-04	157	Picture	50	2892770	0	1	28166	1	0	next	other	0
NU2-04	157	Text Input	9	2920864	28094	0
NU2-04	157	Response	0	2920864	28094	1
NU2-04	158	Response	100	2922624	1688	1
NU2-04	160	Picture	12	2951269	0	1	20166	1	0	next	other	0
NU2-04	162	Picture	34	2986601	0	1	20166	1	0	next	other	0
NU2-04	164	Picture	72	3021934	0	1	20166	1	0	next	other	0
NU2-04	165	Response	0	3052864	10597	1
NU2-04	165	Response	100	3054303	12036	1
NU2-04	167	Picture	12	3069766	0	1	20166	1	0	next	other	0
NU2-04	169	Picture	24	3105099	0	1	20166	1	0	next	other	0
NU2-04	171	Picture	62	3140431	0	1	20166	1	0	next	other	0
NU2-04	172	Response	0	3166303	5539	1
NU2-04	172	Response	100	3168383	7618	1
NU2-04	174	Picture	12	3183764	0	1	20166	1	0	next	other	0
NU2-04	176	Picture	24	3219096	0	1	20166	1	0	next	other	0
NU2-04	178	Picture	40	3254429	0	1	33499	1	0	next	other	0
NU2-04	178	Text Input	13	3287902	33473	0
NU2-04	178	Response	0	3287902	33473	1
NU2-04	179	Response	100	3289822	1894	1
NU2-04	181	Picture	8	3318261	0	1	20166	1	0	next	other	0
NU2-04	183	Picture	24	3353593	0	1	20166	1	0	next	other	0
NU2-04	185	Picture	40	3388926	0	1	34833	1	0	next	other	0
NU2-04	185	Text Input	11	3423741	34815	0
NU2-04	185	Response	0	3423741	34815	1
NU2-04	186	Response	100	3425181	1423	1
NU2-04	188	Picture	10	3454091	0	1	20166	1	0	next	other	0
NU2-04	190	Picture	36	3489424	0	1	20166	1	0	next	other	0
NU2-04	192	Picture	50	3524756	0	1	26999	1	0	next	other	0
NU2-04	192	Text Input	7	3551740	26984	0
NU2-04	192	Response	0	3551740	26984	1
NU2-04	193	Response	100	3553500	1745	1
NU2-04	195	Picture	9	3582088	0	1	20166	1	0	next	other	0
NU2-04	197	Picture	24	3617421	0	1	20166	1	0	next	other	0
NU2-04	199	Picture	40	3652753	0	1	28833	1	0	next	other	0
NU2-04	199	Text Input	11	3681499	28746	0
NU2-04	199	Response	0	3681499	28746	1
NU2-04	200	Response	100	3683099	1513	1
NU2-04	202	Picture	8	3711919	0	1	20166	1	0	next	other	0
NU2-04	204	Picture	26	3747251	0	1	20166	1	0	next	other	0
NU2-04	206	Picture	64	3782584	0	1	20166	1	0	next	other	0
NU2-04	207	Response	0	3814619	11702	1
NU2-04	207	Response	0	3817659	14742	1
NU2-04	208	Response	0	3824699	6782	1
NU2-04	208	Response	0	3825178	7262	1
NU2-04	209	Response	0	3838618	13202	1
NU2-04	209	Response	0	3839258	13842	1
NU2-04	210	Response	0	3854779	15196	1
NU2-04	210	Response	100	3857018	17436	1
NU2-04	212	Picture	12	3872415	0	1	20166	1	0	next	other	0
NU2-04	214	Picture	26	3907748	0	1	20166	1	0	next	other	0
NU2-04	216	Picture	62	3943080	0	1	20166	1	0	next	other	0
NU2-04	217	Response	0	3967898	4485	1
NU2-04	217	Response	0	3973017	9604	1
NU2-04	218	Response	0	3977498	4251	1
NU2-04	218	Response	100	3978778	5531	1
NU2-04	220	Picture	12	3994246	0	1	20166	1	0	next	other	0
NU2-04	222	Picture	26	4029578	0	1	20166	1	0	next	other	0
NU2-04	224	Picture	40	4064911	0	1	49666	1	0	next	other	0
NU2-04	224	Text Input	15	4114457	49546	0
NU2-04	224	Response	0	4114457	49546	1
NU2-04	225	Response	100	4116057	1480	1
NU2-04	227	Picture	12	4144909	0	1	20166	1	0	next	other	0
NU2-04	229	Picture	37	4180242	0	1	20146	32	0	next	other	0
NU2-04	231	Picture	73	4215408	0	1	20166	1	0	next	other	0
NU2-04	232	Response	0	4258456	22716	1
NU2-04	232	Response	0	4259576	23835	1
NU2-04	233	Response	0	4283256	23350	1
NU2-04	233	Response	0	4284216	24309	1
NU2-04	234	Response	0	4293016	8610	1
NU2-04	234	Response	0	4293656	9250	1
NU2-04	235	Response	0	4299576	5670	1
NU2-04	235	Response	100	4301176	7270	1
NU2-04	237	Picture	10	4316572	0	1	20166	1	0	next	other	0
NU2-04	239	Picture	25	4351905	0	1	20166	1	0	next	other	0
NU2-04	241	Picture	40	4387237	0	1	32499	1	0	next	other	0
NU2-04	241	Text Input	12	4419575	32338	0
NU2-04	241	Response	0	4419575	32338	1
NU2-04	242	Response	100	4421335	1599	1
NU2-04	244	Picture	12	4450069	0	1	20166	1	0	next	other	0
NU2-04	246	Picture	26	4485402	0	1	20166	1	0	next	other	0
NU2-04	248	Picture	64	4520734	0	1	20166	1	0	next	other	0
NU2-04	249	Response	0	4601175	60107	1
NU2-04	249	Response	0	4604694	63627	1
NU2-04	250	Response	0	4609014	4115	1
NU2-04	250	Response	0	4609814	4915	1
NU2-04	251	Response	0	4612534	2468	1
NU2-04	251	Response	0	4613494	3428	1
NU2-04	252	Response	0	4619254	5522	1
NU2-04	252	Response	0	4619734	6002	1
NU2-04	253	Response	0	4625174	5109	1
NU2-04	253	Response	100	4626454	6389	1
NU2-04	255	Picture	13	4641898	0	1	20166	1	0	next	other	0
NU2-04	257	Picture	37	4677231	0	1	20166	1	0	next	other	0
NU2-04	259	Picture	50	4712563	0	1	32499	1	0	next	other	0
NU2-04	259	Text Input	9	4745013	32450	0
NU2-04	259	Response	0	4745013	32450	1
NU2-04	260	Response	100	4746772	1709	1
NU2-04	262	Picture	8	4775395	0	1	20166	1	0	next	other	0
NU2-04	264	Picture	36	4810728	0	1	20166	1	0	next	other	0
NU2-04	266	Picture	50	4846060	0	1	27333	1	0	next	other	0
NU2-04	266	Text Input	5	4873332	27272	0
NU2-04	266	Response	0	4873332	27272	1
NU2-04	267	Response	100	4874932	1539	1
NU2-04	269	Picture	10	4903726	0	1	20166	1	0	next	other	0
NU2-04	271	Picture	24	4939058	0	1	20166	1	0	next	other	0
NU2-04	273	Picture	62	4974391	0	1	20166	1	0	next	other	0
NU2-04	274	Response	0	5065652	70928	1
NU2-04	274	Response	100	5067411	72688	1
NU2-04	276	Picture	9	5082888	0	1	20166	1	0	next	other	0
NU2-04	278	Picture	37	5118221	0	1	20166	1	0	next	other	0
NU2-04	280	Picture	50	5153554	0	1	26833	1	0	next	other	0
NU2-04	280	Text Input	5	5180371	26817	0
NU2-04	280	Response	0	5180371	26817	1
NU2-04	281	Response	100	5181810	1424	1
NU2-04	283	Picture	11	5210719	0	1	20166	1	0	next	other	0
NU2-04	285	Picture	37	5246051	0	1	20166	1	0	next	other	0
NU2-04	287	Picture	50	5281384	0	1	26666	1	0	next	other	0
NU2-04	287	Text Input	7	5307890	26506	0
NU2-04	287	Response	0	5307890	26506	1
NU2-04	288	Response	100	5309650	1600	1
NU2-04	290	Picture	10	5338383	0	1	20166	1	0	next	other	0
NU2-04	292	Picture	24	5373715	0	1	20166	1	0	next	other	0
NU2-04	294	Picture	40	5409048	0	1	38666	1	0	next	other	0
NU2-04	294	Text Input	12	5447569	38521	0
NU2-04	294	Response	0	5447569	38521	1
NU2-04	295	Response	100	5449809	2095	1
NU2-04	297	Picture	9	5478046	0	1	20166	1	0	next	other	0
NU2-04	299	Picture	36	5513379	0	1	20166	1	0	next	other	0
NU2-04	301	Picture	74	5548711	0	1	20166	1	0	next	other	0
NU2-04	302	Response	0	5660048	91004	1
NU2-04	302	Response	0	5664528	95483	1
NU2-04	303	Response	0	5670448	5739	1
NU2-04	303	Response	0	5671248	6539	1
NU2-04	304	Response	0	5673168	1626	1
NU2-04	304	Response	100	5674448	2906	1
NU2-04	306	Picture	10	5689875	0	1	20166	1	0	next	other	0
NU2-04	308	Picture	35	5725208	0	1	20166	1	0	next	other	0
NU2-04	310	Picture	50	5760540	0	1	29166	1	0	next	other	0
NU2-04	310	Text Input	7	5789647	29107	0
NU2-04	310	Response	0	5789647	29107	1
NU2-04	311	Response	100	5791407	1701	1
NU2-04	313	Picture	11	5820039	0	1	20166	1	0	next	other	0
NU2-04	315	Picture	24	5855371	0	1	20166	1	0	next	other	0
NU2-04	317	Picture	61	5890704	0	1	20166	1	0	next	other	0
NU2-04	318	Response	0	5921487	10450	1
NU2-04	318	Response	0	5927086	16050	1
NU2-04	319	Response	0	5963407	36037	1
NU2-04	319	Response	0	5964206	36836	1
NU2-04	320	Response	0	5969806	5270	1
NU2-04	320	Response	0	5970446	5910	1
NU2-04	321	Response	0	5975726	5024	1
NU2-04	321	Response	100	5977326	6624	1
NU2-04	323	Picture	11	5992702	0	1	20166	1	0	next	other	0
NU2-04	325	Picture	24	6028034	0	1	20166	1	0	next	other	0
NU2-04	327	Picture	40	6063367	0	1	30999	1	0	next	other	0
NU2-04	327	Text Input	13	6094285	30919	0
NU2-04	327	Response	0	6094285	30919	1
NU2-04	328	Response	100	6096365	1999	1
NU2-04	330	Picture	10	6124699	0	1	20166	1	0	next	other	0
NU2-04	332	Picture	36	6160031	0	1	20166	1	0	next	other	0
NU2-04	334	Picture	72	6195364	0	1	20166	1	0	next	other	0
NU2-04	335	Response	0	6264685	48988	1
NU2-04	335	Response	100	6266444	50748	1
NU2-04	337	Picture	12	6281862	0	1	20166	1	0	next	other	0
NU2-04	339	Picture	35	6317194	0	1	20166	1	0	next	other	0
NU2-04	341	Picture	50	6352527	0	1	25166	1	0	next	other	0
NU2-04	341	Text Input	9	6377644	25117	0
NU2-04	341	Response	0	6377644	25117	1
NU2-04	342	Response	100	6379884	2191	1
NU2-04	344	Picture	8	6408026	0	1	20166	1	0	next	other	0
NU2-04	346	Picture	26	6443358	0	1	20166	1	0	next	other	0
NU2-04	348	Picture	61	6478691	0	1	20166	1	0	next	other	0
NU2-04	349	Response	0	6555723	56700	1
NU2-04	349	Response	0	6561803	62779	1
NU2-04	350	Response	0	6570283	8260	1
NU2-04	350	Response	0	6571243	9220	1
NU2-04	351	Response	0	6579083	7561	1
NU2-04	351	Response	0	6580043	8520	1
NU2-04	352	Response	0	6585643	5287	1
NU2-04	352	Response	100	6587563	7207	1
NU2-04	354	Picture	9	6603021	0	1	20166	1	0	next	other	0
NU2-04	356	Picture	36	6638354	0	1	20166	1	0	next	other	0
NU2-04	358	Picture	73	6673687	0	1	20166	1	0	next	other	0
NU2-04	359	Response	0	6745162	51143	1
NU2-04	359	Response	100	6747082	53062	1
NU2-04	361	Picture	11	6762518	0	1	20166	1	0	next	other	0
NU2-04	363	Picture	35	6797850	0	1	20166	1	0	next	other	0
NU2-04	365	Picture	71	6833183	0	1	20166	1	0	next	other	0
NU2-04	366	Response	0	6870121	16605	1
NU2-04	366	Response	0	6879721	26205	1
NU2-04	367	Response	0	6889481	9466	1
NU2-04	367	Response	0	6890281	10265	1
NU2-04	368	Response	0	6895561	5046	1
NU2-04	368	Response	100	6897641	7126	1
NU2-04	370	Picture	10	6913015	0	1	20166	1	0	next	other	0
NU2-04	372	Picture	37	6948347	0	1	20166	1	0	next	other	0
NU2-04	374	Picture	50	6983680	0	1	33833	1	0	next	other	0
NU2-04	374	Text Input	6	7017480	33800	0
NU2-04	374	Response	0	7017480	33800	1
NU2-04	375	Response	100	7019240	1728	1
NU2-04	377	Picture	12	7047845	0	1	20166	1	0	next	other	0
NU2-04	379	Picture	24	7083178	0	1	20166	1	0	next	other	0
NU2-04	381	Picture	61	7118510	0	1	20166	1	0	next	other	0
NU2-04	382	Response	0	7156200	17357	1
NU2-04	382	Response	0	7166279	27436	1
NU2-04	383	Response	0	7166759	250	1
NU2-04	383	Response	100	7168199	1690	1
NU2-04	385	Picture	10	7183675	0	1	20166	1	0	next	other	0
NU2-04	387	Picture	27	7219008	0	1	20166	1	0	next	other	0
NU2-04	389	Picture	64	7254340	0	1	20166	1	0	next	other	0
NU2-04	390	Response	0	7338279	63605	1
NU2-04	390	Response	0	7340198	65525	1
NU2-04	391	Response	0	7379558	39053	1
NU2-04	391	Response	0	7382758	42253	1
NU2-04	392	Response	0	7388358	5354	1
NU2-04	392	Response	0	7390118	7113	1
NU2-04	393	Response	0	7393638	3300	1
NU2-04	393	Response	0	7394438	4100	1
NU2-04	394	Response	0	7400198	5527	1
NU2-04	394	Response	100	7402438	7767	1
NU2-04	396	Picture	10	7417837	0	1	20166	1	0	next	other	0
NU2-04	398	Picture	27	7453169	0	1	20166	1	0	next	other	0
NU2-04	400	Picture	40	7488502	0	1	33499	1	0	next	other	0
NU2-04	400	Text Input	13	7521957	33455	0
NU2-04	400	Response	0	7521957	33455	1
NU2-04	401	Response	100	7524037	2036	1
NU2-04	403	Picture	10	7552334	0	1	20166	1	0	next	other	0
NU2-04	405	Picture	26	7587666	0	1	20166	1	0	next	other	0
NU2-04	407	Picture	63	7622999	0	1	20166	1	0	next	other	0
NU2-04	408	Response	0	7650597	7265	1
NU2-04	408	Response	100	7652516	9184	1
NU2-04	410	Picture	9	7667998	0	1	20166	1	0	next	other	0
NU2-04	412	Picture	25	7703330	0	1	20166	1	0	next	other	0
NU2-04	414	Picture	63	7738663	0	1	20166	1	0	next	other	0
NU2-04	415	Response	0	7784996	26000	1
NU2-04	415	Response	0	7791235	32239	1
NU2-04	416	Response	0	7794755	3260	1
NU2-04	416	Response	0	7797475	5980	1
NU2-04	417	Response	0	7802275	4614	1
NU2-04	417	Response	0	7803875	6214	1
NU2-04	418	Response	0	7806915	2754	1
NU2-04	418	Response	100	7808515	4354	1
NU2-04	420	Picture	9	7823994	0	1	20166	1	0	next	other	0
NU2-04	422	Picture	35	7859327	0	1	20166	1	0	next	other	0
NU2-04	424	Picture	74	7894660	0	1	20166	1	0	next	other	0
NU2-04	425	Response	0	7963235	48242	1
NU2-04	425	Response	0	7966594	51602	1
NU2-04	426	Response	0	7992995	26170	1
NU2-04	426	Response	100	7993954	27130	1
NU2-04	428	Picture	13	8009324	0	1	20166	1	0	next	other	0
NU2-04	430	Picture	35	8044656	0	1	20166	1	0	next	other	0
NU2-04	432	Picture	50	8079989	0	1	30666	1	0	next	other	0
NU2-04	432	Text Input	10	8110594	30605	0
NU2-04	432	Response	0	8110594	30605	1
NU2-04	433	Response	100	8112194	1539	1
NU2-04	435	Picture	8	8140987	0	1	20166	1	0	next	other	0
NU2-04	437	Picture	26	8176320	0	1	20166	1	0	next	other	0
NU2-04	439	Picture	65	8211653	0	1	20166	1	0	next	other	0
NU2-04	440	Response	0	8239553	7568	1
NU2-04	440	Response	0	8247393	15407	1
NU2-04	441	Response	0	8261473	13821	1
NU2-04	441	Response	0	8261828	14176	154
NU2-04	442	Response	0	8275873	13721	1
NU2-04	442	Response	100	8277153	15001	1
NU2-04	444	Picture	11	8292651	0	1	20166	1	0	next	other	0
NU2-04	446	Picture	25	8327983	0	1	20166	1	0	next	other	0
NU2-04	448	Picture	64	8363316	0	1	20166	1	0	next	other	0
NU2-04	449	Response	0	8425152	41504	1
NU2-04	449	Response	0	8431232	47583	1
NU2-04	450	Response	0	8432992	1511	1
NU2-04	450	Response	100	8434432	2951	1
NU2-04	452	Picture	11	8449814	0	1	20166	1	0	next	other	0
NU2-04	454	Picture	37	8485147	0	1	20166	1	0	next	other	0
NU2-04	456	Picture	75	8520479	0	1	20166	1	0	next	other	0
NU2-04	457	Response	0	8547231	6419	1
NU2-04	457	Response	0	8552511	11699	1
NU2-04	458	Response	0	8566751	13939	1
NU2-04	458	Response	0	8568351	15539	1
NU2-04	459	Response	0	8584671	16026	1
NU2-04	459	Response	100	8586591	17946	1
NU2-04	461	Picture	9	8601977	0	1	20166	1	0	next	other	0
NU2-04	463	Picture	34	8637310	0	1	20166	1	0	next	other	0
NU2-04	465	Picture	73	8672642	0	1	20166	1	0	next	other	0
NU2-04	466	Response	0	8759230	66255	1
NU2-04	466	Response	0	8764990	72014	1
NU2-04	467	Response	0	8770910	5603	1
NU2-04	467	Response	0	8772670	7363	1
NU2-04	468	Response	0	8813630	40656	1
NU2-04	468	Response	0	8814429	41456	1
NU2-04	469	Response	0	8822589	7950	1
NU2-04	469	Response	100	8824189	9550	1
NU2-04	471	Picture	8	8839639	0	1	20166	1	0	next	other	0
NU2-04	473	Picture	26	8874971	0	1	20166	1	0	next	other	0
NU2-04	475	Picture	40	8910304	0	1	88831	1	0	next	other	0
NU2-04	475	Text Input	11	8999068	88765	0
NU2-04	475	Response	0	8999068	88765	1
NU2-04	476	Response	100	9000508	1373	1
NU2-04	478	Picture	12	9029468	0	1	20166	1	0	next	other	0
NU2-04	480	Picture	24	9064800	0	1	20166	1	0	next	other	0
NU2-04	482	Picture	40	9100133	0	1	36166	1	0	next	other	0
NU2-04	482	Text Input	14	9136188	36055	0
NU2-04	482	Response	0	9136188	36055	1
NU2-04	483	Response	100	9137628	1329	1
NU2-04	485	Picture	12	9166632	0	1	20166	1	0	next	other	0
NU2-04	487	Picture	25	9201964	0	1	20166	1	0	next	other	0
NU2-04	489	Picture	40	9237297	0	1	36166	1	0	next	other	0
NU2-04	489	Text Input	14	9273307	36010	0
NU2-04	489	Response	0	9273307	36010	1
NU2-04	490	Response	100	9275067	1604	1
NU2-04	492	Picture	12	9303795	0	1	20166	1	0	next	other	0
NU2-04	494	Picture	26	9339128	0	1	20166	1	0	next	other	0
NU2-04	496	Picture	40	9374460	0	1	38666	1	0	next	other	0
NU2-04	496	Text Input	15	9412986	38525	0
NU2-04	496	Response	0	9412986	38525	1
NU2-04	497	Response	100	9414426	1300	1
NU2-04	499	Picture	11	9443459	0	1	20166	1	0	next	other	0
NU2-04	501	Picture	35	9478791	0	1	20166	1	0	next	other	0
NU2-04	503	Picture	71	9514124	0	1	20166	1	0	next	other	0
NU2-04	504	Response	0	9538746	4289	1
NU2-04	504	Response	0	9545465	11009	1
NU2-04	505	Response	0	9556826	11036	1
NU2-04	505	Response	0	9558105	12315	1
NU2-04	506	Response	0	9565625	7336	1
NU2-04	506	Response	0	9567065	8776	1
NU2-04	507	Response	0	9571545	4256	1
NU2-04	507	Response	0	9573305	6016	1
NU2-04	508	Response	0	9581145	7523	1
NU2-04	508	Response	0	9582265	8643	1
NU2-04	509	Response	0	9588825	6369	1
NU2-04	509	Response	100	9590585	8129	1
NU2-04	511	Picture	11	9605955	0	1	20166	1	0	next	other	0
NU2-04	513	Picture	27	9641288	0	1	20166	1	0	next	other	0
NU2-04	515	Picture	40	9676620	0	1	34499	1	0	next	other	0
NU2-04	515	Text Input	14	9711064	34444	0
NU2-04	515	Response	0	9711064	34444	1
NU2-04	516	Response	100	9712824	1705	1
NU2-04	518	Picture	12	9741452	0	1	20166	1	0	next	other	0
NU2-04	520	Picture	27	9776785	0	1	20166	1	0	next	other	0
NU2-04	522	Picture	40	9812117	0	1	31833	1	0	next	other	0
NU2-04	522	Text Input	15	9843864	31747	0
NU2-04	522	Response	0	9843864	31747	1
NU2-04	523	Response	100	9845464	1514	1
NU2-04	525	Picture	13	9874283	0	1	20166	1	0	next	other	0
NU2-04	527	Picture	27	9909615	0	1	20166	1	0	next	other	0
NU2-04	529	Picture	40	9944948	0	1	30833	1	0	next	other	0
NU2-04	529	Text Input	11	9975703	30755	0
NU2-04	529	Response	0	9975703	30755	1
NU2-04	530	Response	100	9976983	1203	1
NU2-04	532	Picture	8	10006113	0	1	20166	1	0	next	other	0
NU2-04	534	Picture	35	10041446	0	1	20166	1	0	next	other	0
NU2-04	536	Picture	72	10076778	0	1	20166	1	0	next	other	0
NU2-04	537	Response	0	10118102	20991	1
NU2-04	537	Response	0	10119542	22431	1
NU2-04	538	Response	0	10130902	11125	1
NU2-04	538	Response	100	10131862	12085	1
NU2-04	540	Picture	8	10147277	0	1	20166	1	0	next	other	0
NU2-04	542	Picture	24	10182609	0	1	20166	1	0	next	other	0
NU2-04	544	Picture	40	10217942	0	1	30666	1	0	next	other	0
NU2-04	544	Text Input	10	10248501	30560	0
NU2-04	544	Response	0	10248501	30560	1
NU2-04	545	Response	100	10250101	1494	1
NU2-04	547	Picture	8	10278940	0	1	20166	1	0	next	other	0
NU2-04	549	Picture	24	10314273	0	1	20166	1	0	next	other	0
NU2-04	551	Picture	40	10349605	0	1	35999	1	0	next	other	0
NU2-04	551	Text Input	10	10385460	35855	0
NU2-04	551	Response	0	10385460	35855	1
NU2-04	552	Response	100	10387380	1776	1
NU2-04	554	Picture	11	10415937	0	1	20166	1	0	next	other	0
NU2-04	556	Picture	26	10451270	0	1	20166	1	0	next	other	0
NU2-04	558	Picture	40	10486602	0	1	30666	1	0	next	other	0
NU2-04	558	Text Input	14	10517140	30537	0
NU2-04	558	Response	0	10517140	30537	1
NU2-04	559	Response	100	10519060	1791	1
NU2-04	561	Picture	13	10547601	0	1	20166	1	0	next	other	0
NU2-04	563	Picture	25	10582934	0	1	20166	1	0	next	other	0
NU2-04	565	Picture	40	10618266	0	1	28499	1	0	next	other	0
NU2-04	565	Text Input	15	10646739	28473	0
NU2-04	565	Response	0	10646739	28473	1
NU2-04	566	Response	100	10648499	1733	1
NU2-04	568	Picture	8	10677098	0	1	20166	1	0	next	other	0
NU2-04	570	Picture	36	10712431	0	1	20166	1	0	next	other	0
NU2-04	572	Picture	50	10747763	0	1	36666	1	0	next	other	0
NU2-04	572	Text Input	5	10784338	36575	0
NU2-04	572	Response	0	10784338	36575	1
NU2-04	573	Response	100	10785458	1029	1
NU2-04	575	Picture	12	10814762	0	1	20166	1	0	next	other	0
NU2-04	577	Picture	24	10850094	0	1	20166	1	0	next	other	0
NU2-04	579	Picture	61	10885427	0	1	20166	1	0	next	other	0
NU2-04	580	Response	0	10912498	6738	1
NU2-04	580	Response	0	10921137	15377	1
NU2-04	581	Response	0	10921937	511	1
NU2-04	581	Response	100	10923057	1631	1
NU2-04	583	Picture	9	10938426	0	1	20166	1	0	next	other	0
NU2-04	585	Picture	24	10973758	0	1	20166	1	0	next	other	0
NU2-04	587	Picture	61	11009091	0	1	20166	2	0	next	other	0
NU2-04	588	Response	0	11035217	5793	1
NU2-04	588	Response	0	11041137	11713	1
NU2-04	589	Response	0	11045297	3873	1
NU2-04	589	Response	0	11046577	5153	1
NU2-04	590	Response	0	11049617	2860	1
NU2-04	590	Response	0	11050577	3820	1
NU2-04	591	Response	0	11055057	4300	1
NU2-04	591	Response	100	11056177	5420	1
NU2-04	593	Picture	9	11071590	0	1	20166	1	0	next	other	0
NU2-04	595	Picture	37	11106922	0	1	20166	1	0	next	other	0
NU2-04	597	Picture	50	11142255	0	1	28666	1	0	next	other	0
NU2-04	597	Text Input	5	11170896	28641	0
NU2-04	597	Response	0	11170896	28641	1
NU2-04	598	Response	100	11172496	1575	1
NU2-04	600	Picture	11	11201253	0	1	20166	1	0	next	other	0
NU2-04	602	Picture	26	11236586	0	1	20166	1	0	next	other	0
NU2-04	604	Picture	40	11271918	0	1	30666	1	0	next	other	0
NU2-04	604	Text Input	14	11302415	30497	0
NU2-04	604	Response	0	11302415	30497	1
NU2-04	605	Response	100	11304655	2071	1
NU2-04	607	Picture	11	11332917	0	1	20166	1	0	next	other	0
NU2-04	609	Picture	26	11368250	0	1	20166	1	0	next	other	0
NU2-04	611	Picture	40	11403582	0	1	32833	1	0	next	other	0
NU2-04	611	Text Input	14	11436334	32752	0
NU2-04	611	Response	0	11436334	32752	1
NU2-04	612	Response	100	11437294	879	1
NU2-04	614	Picture	12	11466748	0	1	20166	1	0	next	other	0
NU2-04	616	Picture	37	11502080	0	1	20166	1	0	next	other	0
NU2-04	618	Picture	50	11537413	0	1	56665	1	0	next	other	0
NU2-04	618	Text Input	8	11593933	56521	0
NU2-04	618	Response	0	11593933	56521	1
NU2-04	619	Response	100	11595373	1295	1
NU2-04	621	Picture	10	11624411	0	1	20166	1	0	next	other	0
NU2-04	623	Picture	26	11659743	0	1	20166	1	0	next	other	0
NU2-04	625	Picture	40	11695076	0	1	41832	1	0	next	other	0
NU2-04	625	Text Input	13	11736813	41737	0
NU2-04	625	Response	0	11736813	41737	1
NU2-04	626	Response	100	11738733	1824	1
NU2-04	628	Picture	9	11767241	0	1	20166	1	0	next	other	0
NU2-04	630	Picture	35	11802573	0	1	20166	1	0	next	other	0
NU2-04	632	Picture	73	11837906	0	1	20166	1	0	next	other	0
NU2-04	633	Response	0	11933292	75053	1
NU2-04	633	Response	0	11936171	77933	1
NU2-04	634	Response	0	11943691	7288	1
NU2-04	634	Response	0	11945131	8728	1
NU2-04	635	Response	0	11948811	3408	1
NU2-04	635	Response	0	11949931	4528	1
NU2-04	636	Response	0	11953772	3535	1
NU2-04	636	Response	100	11955371	5135	1
NU2-04	639	Picture	9	12570890	0	1	20166	1	0	next	other	0
NU2-04	641	Picture	27	12606222	0	1	20166	1	0	next	other	0
NU2-04	643	Picture	61	12641555	0	1	20166	1	0	next	other	0
NU2-04	644	Response	0	12665768	3880	1
NU2-04	644	Response	0	12674567	12679	1
NU2-04	645	Response	0	12678247	3360	1
NU2-04	645	Response	100	12679847	4959	1
NU2-04	647	Picture	11	12695220	0	1	20166	1	0	next	other	0
NU2-04	649	Picture	34	12730553	0	1	20166	1	0	next	other	0
NU2-04	651	Picture	71	12765886	0	1	20166	1	0	next	other	0
NU2-04	652	Response	0	12857926	71708	1
NU2-04	652	Response	0	12861126	74908	1
NU2-04	653	Response	0	12868486	7103	1
NU2-04	653	Response	0	12869926	8543	1
NU2-04	654	Response	0	12888806	18589	1
NU2-04	654	Response	0	12889606	19389	1
NU2-04	655	Response	0	12892806	2923	1
NU2-04	655	Response	0	12893766	3883	1
NU2-04	656	Response	0	12896326	2276	1
NU2-04	656	Response	0	12896966	2916	1
NU2-04	657	Response	0	12900486	3270	1
NU2-04	657	Response	100	12901446	4230	1
NU2-04	659	Picture	12	12916882	0	1	20166	1	0	next	other	0
NU2-04	661	Picture	37	12952215	0	1	20166	1	0	next	other	0
NU2-04	663	Picture	50	12987547	0	1	34666	1	0	next	other	0
NU2-04	663	Text Input	8	13022085	34538	0
NU2-04	663	Response	0	13022085	34538	1
NU2-04	664	Response	100	13023845	1632	1
NU2-04	666	Picture	8	13052546	0	1	20166	1	0	next	other	0
NU2-04	668	Picture	24	13087878	0	1	20166	1	0	next	other	0
NU2-04	670	Picture	62	13123211	0	1	20166	1	0	next	other	0
NU2-04	671	Response	0	13145765	2221	1
NU2-04	671	Response	100	13147204	3660	1
NU2-04	673	Picture	8	13162543	0	1	20166	1	0	next	other	0
NU2-04	675	Picture	37	13197876	0	1	20166	1	0	next	other	0
NU2-04	677	Picture	72	13233209	0	1	20166	1	0	next	other	0
NU2-04	678	Response	0	13259044	5502	1
NU2-04	678	Response	0	13275363	21822	1
NU2-04	679	Response	0	13278083	2542	1
NU2-04	679	Response	0	13282563	7022	1
NU2-04	680	Response	0	13287523	4649	1
NU2-04	680	Response	0	13291203	8329	1
NU2-04	681	Response	0	13302403	11029	1
NU2-04	681	Response	0	13303043	11669	1
NU2-04	682	Response	0	13312803	9430	1
NU2-04	682	Response	100	13313763	10390	1
NU2-04	684	Picture	8	13329206	0	1	20166	1	0	next	other	0
NU2-04	686	Picture	24	13364539	0	1	20166	1	0	next	other	0
NU2-04	688	Picture	61	13399872	0	1	20166	1	0	next	other	0
NU2-04	689	Response	0	13461763	41559	1
NU2-04	689	Response	0	13469763	49558	1
NU2-04	689	Response	0	13469763	49558	1
NU2-04	690	Response	100	13471202	1166	1
NU2-04	690	Response	0	13482723	12686	1
NU2-04	690	Response	100	13484482	14446	1
NU2-04	692	Picture	11	13499869	0	1	20166	1	0	next	other	0
NU2-04	694	Picture	37	13535202	0	1	20166	1	0	next	other	0
NU2-04	696	Picture	73	13570534	0	1	20166	1	0	next	other	0
NU2-04	697	Response	0	13598722	7855	1
NU2-04	697	Response	0	13598882	8014	1
NU2-04	698	Response	0	13609922	10721	1
NU2-04	698	Response	0	13622881	23681	1
NU2-04	699	Response	0	13627042	3842	1
NU2-04	699	Response	0	13629282	6082	1
NU2-04	700	Response	0	13633442	3908	1
NU2-04	700	Response	0	13634241	4708	1
NU2-04	701	Response	0	13644322	9789	1
NU2-04	701	Response	0	13647041	12508	1
NU2-04	702	Response	0	13653761	6395	1
NU2-04	702	Response	0	13657441	10075	1
NU2-04	703	Response	0	13664162	6462	1
NU2-04	703	Response	0	13664801	7102	1
NU2-04	704	Response	0	13667521	2489	1
NU2-04	704	Response	100	13668961	3929	1
NU2-04	706	Picture	12	13684365	0	1	20166	1	0	next	other	0
NU2-04	708	Picture	34	13719698	0	1	20166	1	0	next	other	0
NU2-04	710	Picture	73	13755030	0	1	20166	1	0	next	other	0
NU2-04	711	Response	0	13811041	35678	1
NU2-04	711	Response	0	13819200	43837	1
NU2-04	712	Response	0	13824640	5111	1
NU2-04	712	Response	100	13826240	6711	1
NU2-04	714	Picture	9	13841695	0	1	20166	1	0	next	other	0
NU2-04	716	Picture	27	13877028	0	1	20166	1	0	next	other	0
NU2-04	718	Picture	40	13912360	0	1	30666	1	0	next	other	0
NU2-04	718	Text Input	12	13942880	30519	0
NU2-04	718	Response	0	13942880	30519	1
NU2-04	719	Response	100	13944480	1453	1
NU2-04	721	Picture	11	13973359	0	1	20166	1	0	next	other	0
NU2-04	723	Picture	25	14008691	0	1	20166	1	0	next	other	0
NU2-04	725	Picture	40	14044024	0	1	30833	1	0	next	other	0
NU2-04	725	Text Input	13	14074719	30695	0
NU2-04	725	Response	0	14074719	30695	1
NU2-04	726	Response	100	14076639	1782	1
NU2-04	728	Picture	9	14105189	0	1	20166	1	0	next	other	0
NU2-04	730	Picture	24	14140522	0	1	20166	1	0	next	other	0
NU2-04	732	Picture	40	14175855	0	1	33333	1	0	next	other	0
NU2-04	732	Text Input	11	14209118	33264	0
NU2-04	732	Response	0	14209118	33264	1
NU2-04	733	Response	100	14211038	1851	1
NU2-04	735	Picture	12	14239520	0	1	20166	1	0	next	other	0
NU2-04	737	Picture	25	14274852	0	1	20166	1	0	next	other	0
NU2-04	739	Picture	62	14310185	0	1	20166	1	0	next	other	0
NU2-04	740	Response	0	14346558	16040	1
NU2-04	740	Response	0	14347517	17000	1
NU2-04	741	Response	0	14351517	3833	1
NU2-04	741	Response	0	14364317	16633	1
NU2-04	742	Response	0	14365757	1240	1
NU2-04	742	Response	0	14368157	3640	1
NU2-04	743	Response	0	14372317	3967	1
NU2-04	743	Response	0	14373597	5247	1
NU2-04	744	Response	0	14377437	3587	1
NU2-04	744	Response	0	14381117	7267	1
NU2-04	745	Response	0	14414717	33367	1
NU2-04	745	Response	0	14419037	37687	1
NU2-04	746	Response	0	14421437	2088	1
NU2-04	746	Response	100	14423037	3688	1
NU2-04	748	Picture	11	14438515	0	1	20166	1	0	next	other	0
NU2-04	750	Picture	26	14473848	0	1	20166	1	0	next	other	0
NU2-04	752	Picture	64	14509180	0	1	20166	1	0	next	other	0
NU2-04	753	Response	0	14547037	17523	1
NU2-04	753	Response	0	14550876	21363	1
NU2-04	754	Response	0	14553116	1937	1
NU2-04	754	Response	100	14554556	3377	1
NU2-04	756	Picture	8	14570013	0	1	20166	1	0	next	other	0
NU2-04	758	Picture	24	14605345	0	1	20166	1	0	next	other	0
NU2-04	760	Picture	40	14640678	0	1	29166	1	0	next	other	0
NU2-04	760	Text Input	10	14669756	29078	0
NU2-04	760	Response	0	14669756	29078	1
NU2-04	761	Response	100	14671836	1992	1
NU2-04	763	Picture	12	14700176	0	1	20166	1	0	next	other	0
NU2-04	765	Picture	26	14735509	0	1	20166	1	0	next	other	0
NU2-04	767	Picture	40	14770841	0	1	29166	1	0	next	other	0
NU2-04	767	Text Input	15	14799835	28993	0
NU2-04	767	Response	0	14799835	28993	1
NU2-04	768	Response	100	14801275	1267	1
NU2-04	770	Picture	9	14830340	0	1	20166	1	0	next	other	0
NU2-04	772	Picture	25	14865673	0	1	20166	1	0	next	other	0
NU2-04	774	Picture	40	14901005	0	1	81165	1	0	next	other	0
NU2-04	774	Text Input	11	14982074	81069	0
NU2-04	774	Response	0	14982074	81069	1
NU2-04	775	Response	100	14983834	1664	1
NU2-04	777	Picture	11	15012503	0	1	20166	1	0	next	other	0
NU2-04	779	Picture	25	15047835	0	1	20166	1	0	next	other	0
NU2-04	781	Picture	40	15083168	0	1	29499	1	0	next	other	0
NU2-04	781	Text Input	13	15112633	29465	0
NU2-04	781	Response	0	15112633	29465	1
NU2-04	782	Response	100	15114713	2046	1
NU2-04	784	Picture	12	15143000	0	1	20166	1	0	next	other	0
NU2-04	786	Picture	34	15178332	0	1	20166	1	0	next	other	0
NU2-04	788	Picture	50	15213665	0	1	29499	1	0	next	other	0
NU2-04	788	Text Input	10	15243032	29367	0
NU2-04	788	Response	0	15243032	29367	1
NU2-04	789	Response	100	15244952	1788	1
NU2-04	791	Picture	9	15273497	0	1	20166	1	0	next	other	0
NU2-04	793	Picture	27	15308830	0	1	20166	1	0	next	other	0
NU2-04	795	Picture	61	15344162	0	1	20166	1	0	next	other	0
NU2-04	796	Response	0	15369912	5417	1
NU2-04	796	Response	0	15380311	15816	1
NU2-04	796	Response	0	15381111	16616	1
NU2-04	797	Response	100	15381911	583	1
NU2-04	797	Response	0	15387191	5863	1
NU2-04	797	Response	0	15388311	6983	1
NU2-04	798	Response	0	15400951	12457	1
NU2-04	798	Response	100	15402391	13897	1
NU2-04	800	Picture	11	15417827	0	1	20166	1	0	next	other	0
NU2-04	802	Picture	26	15453160	0	1	20166	1	0	next	other	0
NU2-04	804	Picture	62	15488492	0	1	20166	1	0	next	other	0
NU2-04	805	Response	0	15525431	16606	1
NU2-04	805	Response	0	15532470	23645	1
NU2-04	805	Response	0	15533430	24605	1
NU2-04	806	Response	100	15534390	732	1
NU2-04	806	Response	0	15538390	4732	1
NU2-04	806	Response	100	15539670	6012	1
NU2-04	808	Picture	12	15555157	0	1	20166	1	0	next	other	0
NU2-04	810	Picture	27	15590490	0	1	20166	1	0	next	other	0
NU2-04	812	Picture	40	15625823	0	1	31666	1	0	next	other	0
NU2-04	812	Text Input	15	15657430	31607	0
NU2-04	812	Response	0	15657430	31607	1
NU2-04	813	Response	100	15659349	1861	1
NU2-04	815	Picture	9	15687821	0	1	20166	1	0	next	other	0
NU2-04	817	Picture	34	15723154	0	1	20166	1	0	next	other	0
NU2-04	819	Picture	73	15758486	0	1	20166	1	0	next	other	0
NU2-04	820	Response	0	15799989	21170	1
NU2-04	820	Response	0	15807509	28690	1
NU2-04	821	Response	0	15818389	10570	1
NU2-04	821	Response	0	15819509	11690	1
NU2-04	822	Response	0	15824629	4811	1
NU2-04	822	Response	0	15825909	6090	1
NU2-04	823	Response	0	15829429	3277	1
NU2-04	823	Response	0	15830069	3917	1
NU2-04	824	Response	0	15836949	6631	1
NU2-04	824	Response	100	15838869	8551	1
NU2-04	826	Picture	10	15854318	0	1	20166	1	0	next	other	0
NU2-04	828	Picture	35	15889650	0	1	20166	1	0	next	other	0
NU2-04	830	Picture	50	15924983	0	1	26833	1	0	next	other	0
NU2-04	830	Text Input	7	15951668	26685	0
NU2-04	830	Response	0	15951668	26685	1
NU2-04	831	Response	100	15954068	2253	1
NU2-04	833	Picture	8	15982148	0	1	20166	1	0	next	other	0
NU2-04	835	Picture	35	16017481	0	1	20166	1	0	next	other	0
NU2-04	837	Picture	74	16052813	0	1	20166	1	0	next	other	0
NU2-04	838	Response	0	16119347	46201	1
NU2-04	838	Response	0	16126867	53721	1
NU2-04	839	Response	0	16132307	5162	1
NU2-04	839	Response	100	16134387	7242	1
NU2-04	841	Picture	10	16149811	0	1	20166	1	0	next	other	0
NU2-04	843	Picture	34	16185144	0	1	20166	1	0	next	other	0
NU2-04	845	Picture	50	16220476	0	1	34166	1	0	next	other	0
NU2-04	845	Text Input	8	16254546	34070	0
NU2-04	845	Response	0	16254546	34070	1
NU2-04	846	Response	100	16255506	864	1
NU2-04	848	Picture	11	16284975	0	1	20166	1	0	next	other	0
NU2-04	850	Picture	25	16320307	0	1	20166	1	0	next	other	0
NU2-04	852	Picture	64	16355640	0	1	20166	1	0	next	other	0
NU2-04	853	Response	0	16411026	35053	1
NU2-04	853	Response	0	16413585	37613	1
NU2-04	854	Response	0	16417745	3940	1
NU2-04	854	Response	0	16419025	5220	1
NU2-04	855	Response	0	16475985	56680	1
NU2-04	855	Response	0	16476625	57320	1
NU2-04	856	Response	0	16486545	9741	1
NU2-04	856	Response	0	16487985	11181	1
NU2-04	857	Response	0	16500465	12161	1
NU2-04	857	Response	0	16501425	13121	1
NU2-04	858	Response	0	16514225	12588	1
NU2-04	858	Response	0	16515825	14188	1
NU2-04	859	Response	0	16527825	11688	1
NU2-04	859	Response	0	16529105	12968	1
NU2-04	860	Response	0	16532625	3322	1
NU2-04	860	Response	100	16533905	4602	1
NU2-04	862	Picture	13	16549302	0	1	20166	1	0	next	other	0
NU2-04	864	Picture	35	16584635	0	1	20166	1	0	next	other	0
NU2-04	866	Picture	50	16619967	0	1	31999	1	0	next	other	0
NU2-04	866	Text Input	10	16651824	31856	0
NU2-04	866	Response	0	16651824	31856	1
NU2-04	867	Response	100	16653424	1457	1
NU2-04	869	Picture	10	16682299	0	1	20166	1	0	next	other	0
NU2-04	871	Picture	24	16717632	0	1	20166	1	0	next	other	0
NU2-04	873	Picture	63	16752965	0	1	20166	1	0	next	other	0
NU2-04	874	Response	0	16779824	6526	1
NU2-04	874	Response	0	16787023	13726	1
NU2-04	875	Response	0	16798703	11406	1
NU2-04	875	Response	100	16800143	12846	1
NU2-04	877	Picture	9	16815630	0	1	20166	1	0	next	other	0
NU2-04	879	Picture	34	16850962	0	1	20166	1	0	next	other	0
NU2-04	881	Picture	50	16886295	0	1	82998	1	0	next	other	0
NU2-04	881	Text Input	7	16969262	82967	0
NU2-04	881	Response	0	16969262	82967	1
NU2-04	882	Response	100	16971022	1729	1
NU2-04	884	Picture	9	16999626	0	1	20166	1	0	next	other	0
NU2-04	886	Picture	35	17034958	0	1	20166	1	0	next	other	0
NU2-04	888	Picture	50	17070291	0	1	31166	1	0	next	other	0
NU2-04	888	Text Input	6	17101421	31131	0
NU2-04	891	Picture	11	17131789	0	1	20166	1	0	next	other	0
NU2-04	893	Picture	34	17167122	0	1	20166	1	0	next	other	0
NU2-04	895	Picture	50	17202455	0	1	40166	1	0	next	other	0
NU2-04	895	Text Input	9	17242541	40086	0
NU2-04	898	Picture	10	17272953	0	1	20166	1	0	next	other	0
NU2-04	900	Picture	37	17308286	0	1	20166	1	0	next	other	0
NU2-04	902	Picture	74	17343618	0	1	20166	1	0	next	other	0
NU2-04	903	Response	0	17417900	53949	1
NU2-04	903	Response	0	17419020	55069	1
NU2-04	904	Response	0	17427820	8536	1
NU2-04	904	Response	0	17428940	9656	1
NU2-04	905	Response	0	17432619	3503	1
NU2-04	905	Response	0	17433899	4783	1
NU2-04	906	Response	0	17437739	3623	1
NU2-04	906	Response	0	17438219	4103	1
NU2-04	907	Response	0	17438379	96	1
NU2-04	907	Response	0	17439019	736	1
NU2-04	908	Response	0	17445419	6137	1
NU2-04	908	Response	0	17446219	6937	1
NU2-04	909	Response	0	17449579	3130	1
NU2-04	909	Response	0	17451019	4570	1
NU2-04	910	Response	0	17454379	3097	1
NU2-04	910	Response	0	17455019	3737	1
NU2-04	911	Response	0	17459339	4057	1
NU2-04	911	Response	100	17460619	5337	1
NU2-04	913	Picture	11	17476115	0	1	20166	1	0	next	other	0
NU2-04	915	Picture	24	17511448	0	1	20166	1	0	next	other	0
NU2-04	917	Picture	62	17546780	0	1	20166	1	0	next	other	0
NU2-04	918	Response	0	17620139	53026	1
NU2-04	918	Response	0	17625578	58465	1
NU2-04	919	Response	0	17630378	4600	1
NU2-04	919	Response	100	17631818	6040	1
NU2-04	921	Picture	11	17647278	0	1	20166	1	0	next	other	0
NU2-04	923	Picture	36	17682611	0	1	20166	1	0	next	other	0
NU2-04	925	Picture	72	17717943	0	1	20166	1	0	next	other	0
NU2-04	926	Response	0	17747018	8742	1
NU2-04	926	Response	0	17751658	13381	1
NU2-04	927	Response	0	17756298	4355	1
NU2-04	927	Response	100	17757738	5795	1
NU2-04	929	Picture	8	17773109	0	1	20166	1	0	next	other	0
NU2-04	931	Picture	34	17808441	0	1	20166	1	0	next	other	0
NU2-04	933	Picture	50	17843774	0	1	28833	1	0	next	other	0
NU2-04	933	Text Input	6	17872457	28683	0
NU2-04	933	Response	0	17872457	28683	1
NU2-04	934	Response	100	17874217	1610	1
NU2-04	936	Picture	8	17902939	0	1	20166	1	0	next	other	0
NU2-04	938	Picture	36	17938272	0	1	20166	1	0	next	other	0
NU2-04	940	Picture	71	17973604	0	1	20166	1	0	next	other	0
NU2-04	941	Response	0	18024936	30999	1
NU2-04	941	Response	0	18029256	35319	1
NU2-04	942	Response	0	18033096	3660	1
NU2-04	942	Response	0	18034536	5099	1
NU2-04	943	Response	0	18042696	7926	1
NU2-04	943	Response	100	18043976	9206	1
NU2-04	945	Picture	9	18059436	0	1	20166	1	0	next	other	0
NU2-04	947	Picture	36	18094768	0	1	20166	1	0	next	other	0
NU2-04	949	Picture	50	18130101	0	1	36999	1	0	next	other	0
NU2-04	949	Text Input	6	18167016	36915	0
NU2-04	952	Picture	10	18197433	0	1	20166	1	0	next	other	0
NU2-04	954	Picture	37	18232765	0	1	20166	1	0	next	other	0
NU2-04	956	Picture	50	18268098	0	1	34666	1	0	next	other	0
NU2-04	956	Text Input	6	18302694	34597	0
NU2-04	959	Picture	9	18333096	0	1	20166	1	0	next	other	0
NU2-04	961	Picture	36	18368429	0	1	20166	1	0	next	other	0
NU2-04	963	Picture	50	18403762	0	1	33999	1	0	next	other	0
NU2-04	963	Text Input	6	18437734	33972	0
NU2-04	966	Picture	9	18468094	0	1	20166	1	0	next	other	0
NU2-04	968	Picture	25	18503426	0	1	20166	1	0	next	other	0
NU2-04	970	Picture	40	18538759	0	1	28499	1	0	next	other	0
NU2-04	970	Text Input	11	18567173	28414	0
NU2-04	970	Response	0	18567173	28414	1
NU2-04	971	Response	100	18568613	1355	1
NU2-04	973	Picture	10	18597591	0	1	20166	1	0	next	other	0
NU2-04	975	Picture	34	18632923	0	1	20166	1	0	next	other	0
NU2-04	977	Picture	71	18668256	0	1	20166	1	0	next	other	0
NU2-04	978	Response	0	18755172	66584	1
NU2-04	978	Response	0	18763172	74583	1
NU2-04	978	Response	0	18763491	74903	1
NU2-04	979	Response	100	18764611	858	1
NU2-04	979	Response	0	18766692	2938	1
NU2-04	979	Response	100	18768132	4378	1
NU2-04	981	Picture	9	18783587	0	1	20166	1	0	next	other	0
NU2-04	983	Picture	26	18818919	0	1	20166	1	0	next	other	0
NU2-04	985	Picture	40	18854252	0	1	29499	1	0	next	other	0
NU2-04	985	Text Input	12	18883651	29399	0
NU2-04	985	Response	0	18883651	29399	1
NU2-04	986	Response	100	18884771	1020	1
NU2-04	988	Picture	9	18914084	0	1	20166	1	0	next	other	0
NU2-04	990	Picture	37	18949416	0	1	20166	1	0	next	other	0
NU2-04	992	Picture	50	18984749	0	1	25833	1	0	next	other	0
NU2-04	992	Text Input	5	19010530	25781	0
NU2-04	992	Response	0	19010530	25781	1
NU2-04	993	Response	100	19012130	1549	1
NU2-04	995	Picture	8	19040914	0	1	20166	1	0	next	other	0
NU2-04	997	Picture	26	19076247	0	1	20166	1	0	next	other	0
NU2-04	999	Picture	40	19111579	0	1	31999	1	0	next	other	0
NU2-04	999	Text Input	11	19143489	31910	0
NU2-04	999	Response	0	19143489	31910	1
NU2-04	1000	Response	100	19144929	1351	1
NU2-04	1002	Picture	9	19173911	0	1	20166	1	0	next	other	0
NU2-04	1004	Picture	27	19209244	0	1	20166	1	0	next	other	0
NU2-04	1006	Picture	40	19244576	0	1	27999	1	0	next	other	0
NU2-04	1006	Text Input	12	19272448	27872	0
NU2-04	1006	Response	0	19272448	27872	1
NU2-04	1007	Response	100	19274049	1473	1
NU2-04	1009	Picture	9	19302908	0	1	20166	1	0	next	other	0
NU2-04	1011	Picture	27	19338241	0	1	20166	1	0	next	other	0
NU2-04	1013	Picture	65	19373574	0	1	20166	1	0	next	other	0
NU2-04	1014	Response	0	19415008	21102	1
NU2-04	1014	Response	0	19420928	27021	1
NU2-04	1015	Response	0	19422528	1289	1
NU2-04	1015	Response	100	19423968	2729	1
NU2-04	1017	Picture	10	19439405	0	1	20166	1	0	next	other	0
NU2-04	1019	Picture	25	19474738	0	1	20166	1	0	next	other	0
NU2-04	1021	Picture	63	19510071	0	1	20166	1	0	next	other	0
NU2-04	1022	Response	0	19559168	28764	1
NU2-04	1022	Response	0	19572927	42523	1
NU2-04	1023	Response	0	19576767	3531	1
NU2-04	1023	Response	0	19578206	4970	1
NU2-04	1024	Response	0	19583807	5405	1
NU2-04	1024	Response	0	19588447	10044	1
NU2-04	1025	Response	0	19594207	5472	1
NU2-04	1025	Response	0	19598847	10111	1
NU2-04	1026	Response	0	19604607	5538	1
NU2-04	1026	Response	0	19611807	12738	1
NU2-04	1027	Response	0	19622847	10778	1
NU2-04	1027	Response	0	19623967	11898	1
NU2-04	1028	Response	0	19626367	2132	1
NU2-04	1028	Response	0	19629567	5332	1
NU2-04	1029	Response	0	19640447	10712	1
NU2-04	1029	Response	100	19642207	12472	1
NU2-04	1031	Picture	10	19657567	0	1	20166	1	0	next	other	0
NU2-04	1033	Picture	34	19692900	0	1	20166	1	0	next	other	0
NU2-04	1035	Picture	50	19728232	0	1	27166	1	0	next	other	0
NU2-04	1035	Text Input	8	19755326	27094	0
NU2-04	1035	Response	0	19755326	27094	1
NU2-04	1036	Response	100	19756446	1047	1
NU2-04	1038	Picture	10	19785731	0	1	20166	1	0	next	other	0
NU2-04	1040	Picture	26	19821064	0	1	20166	1	0	next	other	0
NU2-04	1040	Response	0	19821565	502	1
NU2-04	1040	Response	100	19822686	1622	1
NU2-04	1042	Picture	61	19856396	0	1	20166	1	0	next	other	0
NU2-04	1043	Response	0	19900606	23876	1
NU2-04	1043	Response	0	19914045	37316	1
NU2-04	1044	Response	0	19915645	1417	1
NU2-04	1044	Response	0	19917565	3336	1
NU2-04	1045	Response	0	19921885	3990	1
NU2-04	1045	Response	0	19928925	11030	1
NU2-04	1046	Response	0	19929405	177	1
NU2-04	1046	Response	100	19931165	1937	1
NU2-04	1048	Picture	11	19946561	0	1	20166	1	0	next	other	0
NU2-04	1050	Picture	25	19981894	0	1	20166	1	0	next	other	0
NU2-04	1052	Picture	40	20017226	0	1	39499	1	0	next	other	0
NU2-04	1052	Text Input	13	20056604	39378	0
NU2-04	1055	Picture	9	20087058	0	1	20166	1	0	next	other	0
NU2-04	1057	Picture	37	20122391	0	1	20166	1	0	next	other	0
NU2-04	1059	Picture	50	20157723	0	1	41832	1	0	next	other	0
NU2-04	1059	Text Input	5	20199483	41760	0
NU2-04	1059	Response	0	20199483	41760	1
NU2-04	1060	Response	100	20200763	1208	1
NU2-04	1062	Picture	12	20229888	0	1	20166	1	0	next	other	0
NU2-04	1064	Picture	27	20265221	0	1	20166	1	0	next	other	0
NU2-04	1066	Picture	66	20300553	0	1	20166	1	0	next	other	0
NU2-04	1067	Response	0	20324763	3877	1
NU2-04	1067	Response	0	20334682	13796	1
NU2-04	1068	Response	0	20336922	2037	1
NU2-04	1068	Response	100	20338682	3797	1
NU2-04	1070	Picture	8	20354052	0	1	20166	1	0	next	other	0
NU2-04	1072	Picture	25	20389385	0	1	20166	1	0	next	other	0
NU2-04	1074	Picture	63	20424717	0	1	20166	1	0	next	other	0
NU2-04	1075	Response	0	20457562	12512	1
NU2-04	1075	Response	0	20463802	18751	1
NU2-04	1076	Response	0	20465402	1352	1
NU2-04	1076	Response	100	20466682	2632	1
NU2-04	1078	Picture	10	20482049	0	1	20166	1	0	next	other	0
NU2-04	1080	Picture	24	20517382	0	1	20166	1	0	next	other	0
NU2-04	1082	Picture	40	20552714	0	1	36333	1	0	next	other	0
NU2-04	1082	Text Input	12	20588921	36207	0
NU2-04	1082	Response	0	20588921	36207	1
NU2-04	1083	Response	100	20590361	1314	1
NU2-04	1085	Picture	11	20619380	0	1	20166	1	0	next	other	0
NU2-04	1087	Picture	25	20654695	0	41	20017	41	0	next	other	0
NU2-04	1089	Picture	64	20689878	0	1	20166	1	0	next	other	0
NU2-04	1090	Response	0	20722041	11830	1
NU2-04	1090	Response	0	20732120	21909	1
NU2-04	1091	Response	0	20737400	5023	1
NU2-04	1091	Response	0	20738680	6303	1
NU2-04	1092	Response	0	20744440	5563	1
NU2-04	1092	Response	100	20746040	7163	1
NU2-04	1094	Picture	12	20761377	0	1	20166	1	0	next	other	0
NU2-04	1096	Picture	36	20796709	0	1	20166	1	0	next	other	0
NU2-04	1098	Picture	74	20832042	0	1	20166	1	0	next	other	0
NU2-04	1099	Response	0	20887320	34945	1
NU2-04	1099	Response	100	20889079	36705	1
NU2-04	1101	Picture	11	20904540	0	1	20166	1	0	next	other	0
NU2-04	1103	Picture	27	20939873	0	1	20166	1	0	next	other	0
NU2-04	1105	Picture	40	20975205	0	1	30833	1	0	next	other	0
NU2-04	1105	Text Input	14	21005879	30673	0
NU2-04	1105	Response	0	21005879	30673	1
NU2-04	1106	Response	100	21007479	1441	1
NU2-04	1108	Picture	10	21036371	0	1	20166	1	0	next	other	0
NU2-04	1110	Picture	34	21071703	0	1	20166	1	0	next	other	0
NU2-04	1112	Picture	50	21107036	0	1	38999	1	0	next	other	0
NU2-04	1112	Text Input	8	21145878	38843	0
NU2-04	1115	Picture	12	21176367	0	1	20166	1	0	next	other	0
NU2-04	1117	Picture	36	21211700	0	1	20166	1	0	next	other	0
NU2-04	1119	Picture	50	21247033	0	1	25666	1	0	next	other	0
NU2-04	1119	Text Input	9	21272597	25565	0
NU2-04	1119	Response	0	21272597	25565	1
NU2-04	1120	Response	100	21274037	1338	1
NU2-04	1122	Picture	9	21303031	0	1	20166	1	0	next	other	0
NU2-04	1124	Picture	27	21338364	0	1	20166	1	0	next	other	0
NU2-04	1126	Picture	66	21373696	0	1	20166	1	0	next	other	0
NU2-04	1127	Response	0	21401077	7047	1
NU2-04	1127	Response	0	21408756	14727	1
NU2-04	1128	Response	0	21417716	8687	1
NU2-04	1128	Response	0	21418356	9327	1
NU2-04	1129	Response	0	21425556	7027	1
NU2-04	1129	Response	100	21426356	7827	1
NU2-04	1131	Picture	10	21441695	0	1	20166	1	0	next	other	0
NU2-04	1133	Picture	24	21477028	0	1	20166	1	0	next	other	0
NU2-04	1135	Picture	63	21512360	0	1	20166	1	0	next	other	0
NU2-04	1136	Response	0	21574196	41503	1
NU2-04	1136	Response	0	21580595	47902	1
NU2-04	1137	Response	0	21583795	2937	1
NU2-04	1137	Response	0	21584435	3577	1
NU2-04	1138	Response	0	21587475	2783	1
NU2-04	1138	Response	100	21589075	4383	1
NU2-04	1140	Picture	11	21604525	0	1	20166	1	0	next	other	0
NU2-04	1142	Picture	24	21639857	0	1	20166	1	0	next	other	0
NU2-04	1144	Picture	40	21675190	0	1	172330	1	0	next	other	0
NU2-04	1144	Text Input	12	21847474	172284	0
NU2-04	1144	Response	0	21847474	172284	1
NU2-04	1145	Response	100	21849234	1714	1
NU2-04	1147	Picture	9	21877852	0	1	20166	1	0	next	other	0
NU2-04	1149	Picture	35	21913185	0	1	20166	1	0	next	other	0
NU2-04	1151	Picture	50	21948517	0	1	27166	1	0	next	other	0
NU2-04	1151	Text Input	6	21975633	27116	0
NU2-04	1151	Response	0	21975633	27116	1
NU2-04	1152	Response	100	21976913	1230	1
NU2-04	1154	Picture	9	22006016	0	1	20166	1	0	next	other	0
NU2-04	1156	Picture	34	22041348	0	1	20166	1	0	next	other	0
NU2-04	1158	Picture	50	22076681	0	1	66498	1	0	next	other	0
NU2-04	1158	Text Input	6	22143152	66471	0
NU2-04	1158	Response	0	22143152	66471	1
NU2-04	1159	Response	100	22144272	1092	1
NU2-04	1161	Picture	8	22173512	0	1	20166	1	0	next	other	0
NU2-04	1163	Picture	27	22208845	0	1	20166	1	0	next	other	0
NU2-04	1165	Picture	65	22244177	0	1	20166	1	0	next	other	0
NU2-04	1166	Response	0	22301552	37041	1
NU2-04	1166	Response	0	22308271	43761	1
NU2-04	1166	Response	0	22308271	43761	1
NU2-04	1167	Response	100	22309711	1202	1
NU2-04	1167	Response	0	22314031	5522	1
NU2-04	1167	Response	0	22315151	6642	1
NU2-04	1168	Response	0	22316111	768	1
NU2-04	1168	Response	100	22317711	2368	1
NU2-04	1170	Picture	10	22333175	0	1	20166	1	0	next	other	0
NU2-04	1172	Picture	37	22368508	0	1	20166	1	0	next	other	0
NU2-04	1174	Picture	50	22403841	0	1	35166	1	0	next	other	0
NU2-04	1174	Text Input	6	22438990	35150	0
NU2-04	1174	Response	0	22438990	35150	1
NU2-04	1175	Response	100	22440750	1744	1
NU2-04	1177	Picture	8	22469339	0	1	20166	1	0	next	other	0
NU2-04	1179	Picture	26	22504672	0	1	20166	1	0	next	other	0
NU2-04	1181	Picture	40	22540004	0	1	45332	1	0	next	other	0
NU2-04	1181	Text Input	11	22585229	45225	0
NU2-04	1181	Response	0	22585229	45225	1
NU2-04	1182	Response	100	22587149	1813	1
NU2-04	1184	Picture	10	22615669	0	1	20166	1	0	next	other	0
NU2-04	1186	Picture	27	22651002	0	1	20166	1	0	next	other	0
NU2-04	1188	Picture	61	22686334	0	1	20166	1	0	next	other	0
NU2-04	1189	Response	0	22725709	19042	1
NU2-04	1189	Response	0	22735148	28481	1
NU2-04	1190	Response	0	22739469	4135	1
NU2-04	1190	Response	100	22740588	5255	1
NU2-04	1192	Picture	11	22756000	0	1	20166	1	0	next	other	0
NU2-04	1194	Picture	24	22791332	0	1	20166	1	0	next	other	0
NU2-04	1196	Picture	62	22826665	0	1	20166	1	0	next	other	0
NU2-04	1197	Response	0	22877548	30551	1
NU2-04	1197	Response	0	22884428	37430	1
NU2-04	1198	Response	0	22889868	5204	1
NU2-04	1198	Response	100	22891308	6644	1
NU2-04	1200	Picture	9	22906663	0	1	20166	1	0	next	other	0
NU2-04	1202	Picture	37	22941995	0	1	20166	1	0	next	other	0
NU2-04	1204	Picture	72	22977328	0	1	20166	1	0	next	other	0
NU2-04	1205	Response	0	23002507	4846	1
NU2-04	1205	Response	0	23010667	13006	1
NU2-04	1206	Response	0	23015787	4793	1
NU2-04	1206	Response	100	23017227	6233	1
NU2-04	1208	Picture	13	23032660	0	1	20166	1	0	next	other	0
NU2-04	1210	Picture	37	23067993	0	1	20166	1	0	next	other	0
NU2-04	1212	Picture	50	23103325	0	1	52666	1	0	next	other	0
NU2-04	1212	Text Input	7	23155946	52621	0
NU2-04	1212	Response	0	23155946	52621	1
NU2-04	1213	Response	100	23157386	1395	1
NU2-04	1215	Picture	10	23186323	0	1	20166	1	0	next	other	0
NU2-04	1217	Picture	34	23221656	0	1	20166	1	0	next	other	0
NU2-04	1219	Picture	71	23256989	0	1	20166	1	0	next	other	0
NU2-04	1220	Response	0	23282186	4864	1
NU2-04	1220	Response	0	23291145	13823	1
NU2-04	1221	Response	0	23296585	5264	1
NU2-04	1221	Response	0	23306665	15344	1
NU2-04	1222	Response	0	23309065	2078	1
NU2-04	1222	Response	0	23311145	4158	1
NU2-04	1223	Response	0	23313865	2545	1
NU2-04	1223	Response	0	23315465	4145	1
NU2-04	1224	Response	0	23318825	3171	1
NU2-04	1224	Response	0	23319945	4291	1
NU2-04	1225	Response	0	23325385	5231	1
NU2-04	1225	Response	0	23326025	5871	1
NU2-04	1226	Response	0	23330665	4345	1
NU2-04	1226	Response	0	23330985	4665	1
NU2-04	1227	Response	0	23347945	16792	1
NU2-04	1227	Response	0	23354985	23831	1
NU2-04	1228	Response	0	23360586	5432	1
NU2-04	1228	Response	100	23362345	7192	1
NU2-04	1230	Picture	8	23377819	0	1	20166	1	0	next	other	0
NU2-04	1232	Picture	24	23413152	0	1	20166	1	0	next	other	0
NU2-04	1234	Picture	62	23448484	0	1	20166	1	0	next	other	0
NU2-04	1235	Response	0	23474825	6008	1
NU2-04	1235	Response	100	23475944	7127	1
NU2-04	1237	Picture	13	23491317	0	1	20166	1	0	next	other	0
NU2-04	1239	Picture	25	23526649	0	1	20166	1	0	next	other	0
NU2-04	1241	Picture	40	23561982	0	1	44666	1	0	next	other	0
NU2-04	1241	Text Input	15	23606503	44522	0
NU2-04	1241	Response	0	23606503	44522	1
NU2-04	1242	Response	100	23608104	1456	1
NU2-04	1244	Picture	11	23636980	0	1	20166	1	0	next	other	0
NU2-04	1246	Picture	27	23672313	0	1	20166	1	0	next	other	0
NU2-04	1248	Picture	64	23707645	0	1	20166	1	0	next	other	0
NU2-04	1249	Response	0	23755623	27645	1
NU2-04	1249	Response	0	23758343	30365	1
NU2-04	1250	Response	0	23777862	19218	1
NU2-04	1250	Response	0	23782503	23858	1
NU2-04	1251	Response	0	23789702	6892	1
NU2-04	1251	Response	0	23794342	11532	1
NU2-04	1252	Response	0	23802022	7379	1
NU2-04	1252	Response	100	23804102	9459	1
NU2-04	1254	Picture	10	23819476	0	1	20166	1	0	next	other	0
NU2-04	1256	Picture	26	23854809	0	1	20166	1	0	next	other	0
NU2-04	1258	Picture	64	23890141	0	1	20166	1	0	next	other	0
NU2-04	1259	Response	0	23916422	5948	1
NU2-04	1259	Response	0	23931781	21307	1
NU2-04	1260	Response	0	23934982	3008	1
NU2-04	1260	Response	0	23935302	3328	1
NU2-04	1261	Response	0	23938342	2868	1
NU2-04	1261	Response	0	23939302	3828	1
NU2-04	1262	Response	0	23942662	3188	1
NU2-04	1262	Response	0	23943622	4148	1
NU2-04	1263	Response	0	23950822	7015	1
NU2-04	1263	Response	0	23954342	10535	1
NU2-04	1264	Response	0	23957862	3222	1
NU2-04	1264	Response	0	23963141	8502	1
NU2-04	1265	Response	0	23966661	3188	1
NU2-04	1265	Response	0	23970981	7508	1
NU2-04	1266	Response	0	23974501	3195	1
NU2-04	1266	Response	0	23979461	8155	1
NU2-04	1267	Response	0	23990661	11022	1
NU2-04	1267	Response	100	23991781	12142	1
NU2-04	1269	Picture	8	24007139	0	1	20166	1	0	next	other	0
NU2-04	1271	Picture	26	24042471	0	1	20166	1	0	next	other	0
NU2-04	1273	Picture	65	24077804	0	1	20166	1	0	next	other	0
NU2-04	1274	Response	0	24161381	63244	1
NU2-04	1274	Response	0	24167940	69803	1
NU2-04	1275	Response	0	24174341	6206	1
NU2-04	1275	Response	100	24176101	7966	1
NU2-04	1277	Picture	11	24191468	0	1	20166	1	0	next	other	0
NU2-04	1279	Picture	37	24226801	0	1	20166	1	0	next	other	0
NU2-04	1281	Picture	50	24262133	0	1	32333	1	0	next	other	0
NU2-04	1281	Text Input	7	24294340	32206	0
NU2-04	1281	Response	0	24294340	32206	1
NU2-04	1282	Response	100	24295460	994	1
NU2-04	1284	Picture	11	24324798	0	1	20166	1	0	next	other	0
NU2-04	1286	Picture	26	24360131	0	1	20166	1	0	next	other	0
NU2-04	1288	Picture	62	24395464	0	1	20166	1	0	next	other	0
NU2-04	1289	Response	0	24479299	63503	1
NU2-04	1289	Response	0	24484099	68302	1
NU2-04	1290	Response	0	24489218	4923	1
NU2-04	1290	Response	100	24490498	6203	1
NU2-04	1292	Picture	9	24505961	0	1	20166	1	0	next	other	0
NU2-04	1294	Picture	34	24541294	0	1	20166	1	0	next	other	0
NU2-04	1296	Picture	50	24576626	0	1	30333	1	0	next	other	0
NU2-04	1296	Text Input	7	24606818	30191	0
NU2-04	1296	Response	0	24606818	30191	1
NU2-04	1297	Response	100	24607938	979	1
NU2-04	1299	Picture	9	24637292	0	1	20166	1	0	next	other	0
NU2-04	1301	Picture	25	24672624	0	1	20166	1	0	next	other	0
NU2-04	1303	Picture	40	24707957	0	1	33333	1	0	next	other	0
NU2-04	1303	Text Input	11	24741217	33260	0
NU2-04	1303	Response	0	24741217	33260	1
NU2-04	1304	Response	100	24742017	728	1
NU2-04	1306	Picture	10	24771622	0	1	20166	1	0	next	other	0
NU2-04	1308	Picture	35	24806955	0	1	20166	1	0	next	other	0
NU2-04	1310	Picture	74	24842287	0	1	20166	1	0	next	other	0
NU2-04	1311	Response	0	24886337	23717	1
NU2-04	1311	Response	0	24888416	25796	1
NU2-04	1312	Response	0	24903296	14677	1
NU2-04	1312	Response	100	24904736	16116	1
NU2-04	1314	Picture	11	24920119	0	1	20166	1	0	next	other	0
NU2-04	1316	Picture	25	24955451	0	1	20166	1	0	next	other	0
NU2-04	1318	Picture	64	24990784	0	1	20166	1	0	next	other	0
NU2-04	1319	Response	0	25014496	3379	1
NU2-04	1319	Response	0	25022655	11538	1
NU2-04	1320	Response	0	25030015	7065	1
NU2-04	1320	Response	100	25031135	8185	1
NU2-04	1322	Picture	9	25046616	0	1	20166	1	0	next	other	0
NU2-04	1324	Picture	26	25081949	0	1	20166	1	0	next	other	0
NU2-04	1326	Picture	63	25117281	0	1	20166	1	0	next	other	0
NU2-04	1327	Response	0	25187775	50161	1
NU2-04	1327	Response	0	25188893	51279	1
NU2-04	1328	Response	0	25191934	2821	1
NU2-04	1328	Response	0	25192574	3461	1
NU2-04	1329	Response	0	25199774	6995	1
NU2-04	1329	Response	100	25200734	7955	1
NU2-04	1331	Picture	9	25216112	0	1	20166	1	0	next	other	0
NU2-04	1333	Picture	27	25251445	0	1	20166	1	0	next	other	0
NU2-04	1335	Picture	40	25286777	0	1	37166	1	0	next	other	0
NU2-04	1335	Text Input	12	25323773	36996	0
NU2-04	1338	Picture	9	25354276	0	1	20166	1	0	next	other	0
NU2-04	1340	Picture	37	25389608	0	1	20166	1	0	next	other	0
NU2-04	1342	Picture	72	25424941	0	1	20166	1	0	next	other	0
NU2-04	1343	Response	0	25449533	4259	1
NU2-04	1343	Response	0	25449853	4579	1
NU2-04	1344	Response	0	25452413	2306	1
NU2-04	1344	Response	0	25465533	15426	1
NU2-04	1345	Response	0	25467293	1519	1
NU2-04	1345	Response	0	25470013	4239	1
NU2-04	1346	Response	0	25473693	3419	1
NU2-04	1346	Response	0	25475133	4859	1
NU2-04	1347	Response	0	25478973	3533	1
NU2-04	1347	Response	0	25480093	4653	1
NU2-04	1348	Response	0	25483773	3499	1
NU2-04	1348	Response	0	25484093	3819	1
NU2-04	1349	Response	0	25492572	8299	1
NU2-04	1349	Response	0	25494972	10699	1
NU2-04	1350	Response	0	25500732	5460	1
NU2-04	1350	Response	0	25504092	8819	1
NU2-04	1351	Response	0	25517532	13260	1
NU2-04	1351	Response	100	25519132	14860	1
NU2-04	1353	Picture	12	25534605	0	1	20166	1	0	next	other	0
NU2-04	1355	Picture	27	25569938	0	1	20166	1	0	next	other	0
NU2-04	1357	Picture	40	25605270	0	1	36666	1	0	next	other	0
NU2-04	1357	Text Input	15	25641852	36581	0
NU2-04	1357	Response	0	25641852	36581	1
NU2-04	1358	Response	100	25645372	3435	1
NU2-04	1360	Picture	11	25672269	0	1	20166	1	0	next	other	0
NU2-04	1362	Picture	26	25707601	0	1	20166	1	0	next	other	0
NU2-04	1364	Picture	40	25742934	0	1	33499	1	0	next	other	0
NU2-04	1364	Text Input	14	25776411	33477	0
NU2-04	1364	Response	0	25776411	33477	1
NU2-04	1365	Response	100	25778171	1738	1
NU2-04	1367	Picture	12	25806766	0	1	20166	1	0	next	other	0
NU2-04	1369	Picture	36	25842099	0	1	20166	1	0	next	other	0
NU2-04	1371	Picture	50	25877431	0	1	45666	1	0	next	other	0
NU2-04	1371	Text Input	9	25922970	45539	0
NU2-04	1371	Response	0	25922970	45539	1
NU2-04	1372	Response	100	25924090	993	1
NU2-04	1374	Picture	12	25953430	0	1	20166	1	0	next	other	0
NU2-04	1376	Picture	36	25988762	0	1	20166	1	0	next	other	0
NU2-04	1378	Picture	72	26024095	0	1	20166	1	0	next	other	0
NU2-04	1379	Response	0	26083450	39022	1
NU2-04	1379	Response	0	26098329	53901	1
NU2-04	1380	Response	0	26103769	5176	1
NU2-04	1380	Response	0	26106969	8376	1
NU2-04	1381	Response	0	26112249	4989	1
NU2-04	1381	Response	0	26115929	8669	1
NU2-04	1382	Response	0	26156889	40630	1
NU2-04	1382	Response	100	26157689	41429	1
NU2-04	1384	Picture	10	26173091	0	1	20166	1	0	next	other	0
NU2-04	1386	Picture	25	26208424	0	1	20166	1	0	next	other	0
NU2-04	1388	Picture	62	26243756	0	1	20166	1	0	next	other	0
NU2-04	1389	Response	0	26297208	33119	1
NU2-04	1389	Response	0	26300888	36798	1
NU2-04	1390	Response	0	26307608	6519	1
NU2-04	1390	Response	100	26308568	7479	1
NU2-04	1392	Picture	12	26323921	0	1	20166	1	0	next	other	0
NU2-04	1394	Picture	27	26359254	0	1	20166	1	0	next	other	0
NU2-04	1396	Picture	65	26394587	0	1	20166	1	0	next	other	0
NU2-04	1397	Response	0	26423767	8848	1
NU2-04	1397	Response	0	26430007	15088	1
NU2-04	1398	Response	0	26433527	3275	1
NU2-04	1398	Response	100	26434647	4395	1
NU2-04	1400	Picture	8	26450085	0	1	20166	1	0	next	other	0
NU2-04	1402	Picture	26	26485418	0	1	20166	1	0	next	other	0
NU2-04	1404	Picture	40	26520750	0	1	34666	1	0	next	other	0
NU2-04	1404	Text Input	11	26555286	34536	0
NU2-04	1404	Response	0	26555286	34536	1
NU2-04	1405	Response	100	26556246	830	1
NU2-04	1407	Picture	8	26585749	0	1	20166	1	0	next	other	0
NU2-04	1409	Picture	36	26621081	0	1	20166	1	0	next	other	0
NU2-04	1411	Picture	74	26656414	0	1	20166	1	0	next	other	0
NU2-04	1412	Response	0	26703606	26859	1
NU2-04	1412	Response	0	26718645	41898	1
NU2-04	1413	Response	0	26723446	4533	1
NU2-04	1413	Response	0	26724565	5653	1
NU2-04	1414	Response	0	26727445	2700	1
NU2-04	1414	Response	0	26728405	3659	1
NU2-04	1415	Response	0	26802165	73586	1
NU2-04	1415	Response	0	26815125	86546	1
NU2-04	1416	Response	0	26834165	18754	1
NU2-04	1416	Response	0	26839125	23714	1
NU2-04	1417	Response	0	26841365	1955	1
NU2-04	1417	Response	100	26842645	3235	1
NU2-04	1419	Picture	10	26858076	0	1	20166	1	0	next	other	0
NU2-04	1421	Picture	27	26893409	0	1	20166	1	0	next	other	0
NU2-04	1423	Picture	61	26928741	0	1	20166	1	0	next	other	0
NU2-04	1424	Response	0	26952565	3490	1
NU2-04	1424	Response	0	26961844	12770	1
NU2-04	1425	Response	0	26978324	16250	1
NU2-04	1425	Response	0	26979124	17050	1
NU2-04	1426	Response	0	26983764	4357	1
NU2-04	1426	Response	0	26984564	5157	1
NU2-04	1427	Response	0	26990324	5584	1
NU2-04	1427	Response	100	26990964	6224	1
NU2-04	1429	Picture	12	27006406	0	1	20166	1	0	next	other	0
NU2-04	1431	Picture	27	27041739	0	1	20166	1	0	next	other	0
NU2-04	1433	Picture	40	27077072	0	1	47666	1	0	next	other	0
NU2-04	1433	Text Input	15	27124723	47652	0
NU2-04	1433	Response	0	27124723	47652	1
NU2-04	1434	Response	100	27125683	946	1
NU2-04	1436	Picture	12	27155070	0	1	20166	1	0	next	other	0
NU2-04	1438	Picture	35	27190402	0	1	20166	1	0	next	other	0
NU2-04	1440	Picture	50	27225735	0	1	36999	1	0	next	other	0
NU2-04	1440	Text Input	9	27262643	36908	0
NU2-04	1440	Response	0	27262643	36908	1
NU2-04	1441	Response	100	27264082	1348	1
NU2-04	1443	Picture	11	27293067	0	1	20166	1	0	next	other	0
NU2-04	1445	Picture	34	27328399	0	1	20166	1	0	next	other	0
NU2-04	1447	Picture	73	27363732	0	1	20166	1	0	next	other	0
NU2-04	1448	Response	0	27420402	36337	1
NU2-04	1448	Response	0	27429201	45136	1
NU2-04	1449	Response	0	27432241	2844	1
NU2-04	1449	Response	100	27432561	3164	1
NU2-04	1450	Response	0	27433201	471	1
NU2-04	1450	Response	100	27434161	1431	1
NU2-04	1451	Picture	9	27447897	0	1	20166	1	0	next	other	0
NU2-04	1453	Picture	25	27483229	0	1	20166	1	0	next	other	0
NU2-04	1455	Picture	61	27518562	0	1	20166	1	0	next	other	0
NU2-04	1456	Response	0	27544881	5986	1
NU2-04	1456	Response	0	27553681	14786	1
NU2-04	1457	Response	0	27559440	5546	1
NU2-04	1457	Response	100	27560720	6826	1
NU2-04	1459	Picture	11	27576061	0	1	20166	1	0	next	other	0
NU2-04	1461	Picture	26	27611393	0	1	20166	1	0	next	other	0
NU2-04	1463	Picture	40	27646726	0	1	35166	1	0	next	other	0
NU2-04	1463	Text Input	14	27681840	35114	0
NU2-04	1463	Response	0	27681840	35114	1
NU2-04	1464	Response	100	27682960	1068	1
NU2-04	1467	Picture	9	28312378	0	1	20166	1	0	next	other	0
NU2-04	1469	Picture	36	28347710	0	1	20166	1	0	next	other	0
NU2-04	1471	Picture	71	28383043	0	1	20166	1	0	next	other	0
NU2-04	1472	Response	0	28411916	8540	1
NU2-04	1472	Response	0	28422155	18780	1
NU2-04	1473	Response	0	28422475	100	1
NU2-04	1473	Response	100	28423755	1380	1
NU2-04	1475	Picture	10	28439208	0	1	20166	1	0	next	other	0
NU2-04	1477	Picture	25	28474541	0	1	20166	1	0	next	other	0
NU2-04	1479	Picture	40	28509873	0	1	36332	1	0	next	other	0
NU2-04	1479	Text Input	12	28546155	36281	0
NU2-04	1479	Response	0	28546155	36281	1
NU2-04	1480	Response	100	28547755	1549	1
NU2-04	1482	Picture	10	28576539	0	1	20166	1	0	next	other	0
NU2-04	1484	Picture	25	28611871	0	1	20166	1	0	next	other	0
NU2-04	1486	Picture	61	28647204	0	1	20166	1	0	next	other	0
NU2-04	1487	Response	0	28669995	2458	1
NU2-04	1487	Response	0	28677514	9977	1
NU2-04	1488	Response	0	28693834	16131	1
NU2-04	1488	Response	0	28694314	16611	1
NU2-04	1489	Response	0	28700714	6178	1
NU2-04	1489	Response	100	28702154	7618	1
NU2-04	1491	Picture	12	28717536	0	1	20166	1	0	next	other	0
NU2-04	1493	Picture	26	28752868	0	1	20166	1	0	next	other	0
NU2-04	1495	Picture	40	28788201	0	1	30166	1	0	next	other	0
NU2-04	1495	Text Input	15	28818313	30112	0
NU2-04	1495	Response	0	28818313	30112	1
NU2-04	1496	Response	100	28819753	1386	1
NU2-04	1498	Picture	8	28848699	0	1	20166	1	0	next	other	0
NU2-04	1500	Picture	26	28884032	0	1	20166	1	0	next	other	0
NU2-04	1502	Picture	62	28919365	0	1	20166	1	0	next	other	0
NU2-04	1503	Response	0	29007913	68215	1
NU2-04	1503	Response	0	29011753	72055	1
NU2-04	1504	Response	0	29018633	6603	1
NU2-04	1504	Response	100	29020712	8683	1
NU2-04	1506	Picture	11	29036195	0	1	20166	1	0	next	other	0
NU2-04	1508	Picture	27	29071528	0	1	20166	1	0	next	other	0
NU2-04	1510	Picture	62	29106860	0	1	20166	1	0	next	other	0
NU2-04	1511	Response	0	29131752	4559	1
NU2-04	1511	Response	0	29138791	11598	1
NU2-04	1512	Response	0	29140071	1045	1
NU2-04	1512	Response	100	29141351	2325	1
NU2-04	1514	Picture	12	29156693	0	1	20166	1	0	next	other	0
NU2-04	1516	Picture	34	29192025	0	1	20166	1	0	next	other	0
NU2-04	1518	Picture	50	29227358	0	1	32333	1	0	next	other	0
NU2-04	1518	Text Input	10	29259591	32233	0
NU2-04	1518	Response	0	29259591	32233	1
NU2-04	1519	Response	100	29261671	1980	1
NU2-04	1521	Picture	12	29290023	0	1	20166	1	0	next	other	0
NU2-04	1523	Picture	25	29325356	0	1	20166	1	0	next	other	0
NU2-04	1525	Picture	64	29360688	0	1	20166	1	0	next	other	0
NU2-04	1526	Response	0	29385190	4169	1
NU2-04	1526	Response	0	29392230	11209	1
NU2-04	1527	Response	0	29400390	7869	1
NU2-04	1527	Response	0	29401830	9309	1
NU2-04	1528	Response	0	29410470	8449	1
NU2-04	1528	Response	0	29411750	9729	1
NU2-04	1529	Response	0	29417670	5649	1
NU2-04	1529	Response	0	29418470	6449	1
NU2-04	1530	Response	0	29422470	3783	1
NU2-04	1530	Response	0	29422950	4263	1
NU2-04	1531	Response	0	29427750	4563	1
NU2-04	1531	Response	100	29429030	5843	1
NU2-04	1533	Picture	10	29444520	0	1	20166	1	0	next	other	0
NU2-04	1535	Picture	36	29479852	0	1	20166	1	0	next	other	0
NU2-04	1537	Picture	50	29515185	0	1	29666	1	0	next	other	0
NU2-04	1537	Text Input	7	29544709	29524	0
NU2-04	1537	Response	0	29544709	29524	1
NU2-04	1538	Response	100	29546469	1618	1
NU2-04	1540	Picture	9	29575183	0	1	20166	1	0	next	other	0
NU2-04	1542	Picture	36	29610516	0	1	20166	1	0	next	other	0
NU2-04	1544	Picture	50	29645849	0	1	74165	1	0	next	other	0
NU2-04	1544	Text Input	5	29719908	74059	0
NU2-04	1544	Response	0	29719908	74059	1
NU2-04	1545	Response	100	29721348	1334	1
NU2-04	1547	Picture	9	29750346	0	1	20166	1	0	next	other	0
NU2-04	1549	Picture	26	29785679	0	1	20166	1	0	next	other	0
NU2-04	1551	Picture	40	29821011	0	1	30166	1	0	next	other	0
NU2-04	1551	Text Input	12	29851107	30096	0
NU2-04	1551	Response	0	29851107	30096	1
NU2-04	1552	Response	100	29852867	1690	1
NU2-04	1554	Picture	11	29881510	0	1	20166	1	0	next	other	0
NU2-04	1556	Picture	26	29916843	0	1	20166	1	0	next	other	0
NU2-04	1558	Picture	65	29952175	0	1	20166	1	0	next	other	0
NU2-04	1559	Response	0	29974627	2119	1
NU2-04	1559	Response	0	29981986	9478	1
NU2-04	1559	Response	0	29982466	9958	1
NU2-04	1560	Response	100	29983586	912	1
NU2-04	1560	Response	0	29988706	6032	1
NU2-04	1560	Response	0	29989506	6832	1
NU2-04	1561	Response	0	29991586	1912	1
NU2-04	1561	Response	100	29992706	3032	1
NU2-04	1563	Picture	12	30008174	0	1	20166	1	0	next	other	0
NU2-04	1565	Picture	25	30043507	0	1	20166	1	0	next	other	0
NU2-04	1567	Picture	40	30078839	0	1	28999	1	0	next	other	0
NU2-04	1567	Text Input	14	30107746	28907	0
NU2-04	1567	Response	0	30107746	28907	1
NU2-04	1568	Response	100	30109506	1667	1
NU2-04	1570	Picture	8	30138171	0	1	20166	1	0	next	other	0
NU2-04	1572	Picture	36	30173504	0	1	20166	1	0	next	other	0
NU2-04	1574	Picture	71	30208836	0	1	20166	1	0	next	other	0
NU2-04	1575	Response	0	30239426	10256	1
NU2-04	1575	Response	0	30246945	17776	1
NU2-04	1576	Response	0	30247425	256	1
NU2-04	1576	Response	100	30249185	2016	1
NU2-04	1577	Response	0	30251905	2403	1
NU2-04	1577	Response	100	30252705	3202	1
NU2-04	1578	Picture	11	30264668	0	1	20166	1	0	next	other	0
NU2-04	1580	Picture	36	30300001	0	1	20166	1	0	next	other	0
NU2-04	1582	Picture	50	30335333	0	1	24166	1	0	next	other	0
NU2-04	1582	Text Input	8	30359424	24091	0
NU2-04	1582	Response	0	30359424	24091	1
NU2-04	1583	Response	100	30361184	1685	1
NU2-04	1585	Picture	11	30389832	0	1	20166	1	0	next	other	0
NU2-04	1587	Picture	24	30425165	0	1	20166	1	0	next	other	0
NU2-04	1589	Picture	40	30460497	0	1	31333	1	0	next	other	0
NU2-04	1589	Text Input	13	30491743	31246	0
NU2-04	1589	Response	0	30491743	31246	1
NU2-04	1590	Response	100	30493663	1833	1
NU2-04	1592	Picture	12	30522163	0	1	20166	1	0	next	other	0
NU2-04	1594	Picture	37	30557495	0	1	20166	1	0	next	other	0
NU2-04	1596	Picture	50	30592828	0	1	58165	1	0	next	other	0
NU2-04	1596	Text Input	8	30650943	58115	0
NU2-04	1596	Response	0	30650943	58115	1
NU2-04	1597	Response	100	30652703	1709	1
NU2-04	1599	Picture	11	30681326	0	1	20166	1	0	next	other	0
NU2-04	1601	Picture	34	30716658	0	1	20166	1	0	next	other	0
NU2-04	1603	Picture	72	30751991	0	1	20166	1	0	next	other	0
NU2-04	1604	Response	0	30774782	2458	1
NU2-04	1604	Response	100	30776382	4058	1
NU2-04	1606	Picture	11	30791823	0	1	20166	1	0	next	other	0
NU2-04	1608	Picture	27	30827156	0	1	20166	1	0	next	other	0
NU2-04	1610	Picture	64	30862489	0	1	20166	1	0	next	other	0
NU2-04	1611	Response	0	30967261	84440	1
NU2-04	1611	Response	0	30968541	85719	1
NU2-04	1612	Response	0	30972541	3721	1
NU2-04	1612	Response	0	30974461	5641	1
NU2-04	1613	Response	0	30985500	10847	1
NU2-04	1613	Response	0	30985980	11328	1
NU2-04	1614	Response	0	30996221	10068	1
NU2-04	1614	Response	0	30997181	11028	1
NU2-04	1615	Response	0	31001501	4015	1
NU2-04	1615	Response	100	31003900	6415	1
NU2-04	1617	Picture	8	31019318	0	1	20166	1	0	next	other	0
NU2-04	1619	Picture	34	31054651	0	1	20166	1	0	next	other	0
NU2-04	1621	Picture	72	31089984	0	1	20166	1	0	next	other	0
NU2-04	1622	Response	0	31141020	30703	1
NU2-04	1622	Response	100	31143260	32943	1
NU2-04	1624	Picture	11	31158649	0	1	20166	1	0	next	other	0
NU2-04	1626	Picture	27	31193981	0	1	20166	1	0	next	other	0
NU2-04	1628	Picture	40	31229314	0	1	52332	1	0	next	other	0
NU2-04	1628	Text Input	15	31281499	52185	0
NU2-04	1628	Response	0	31281499	52185	1
NU2-04	1629	Response	100	31282939	1293	1
NU2-04	1631	Picture	End of exepriment	31296812	0	1	104565	1	0	next	other	0

The following output port codes were not sent because of a conflict on the port.
Port	Code	Time(ms)
1	0	3.12968e+006
