Scenario - 
Logfile written - 04/11/2016 15:19:01

Subject	Trial	Event Type	Code	Time	TTime	Uncertainty	Duration	Uncertainty	ReqTime	ReqDur	Stim Type	Pair Index

NU2-17	1	Picture	Instructions	152	0	182	188677	182	0	next	other	0
NU2-17	1	Response	0	188658	188506	1
NU2-17	2	Picture	Instructions	188829	0	1	30333	1	0	next	other	0
NU2-17	2	Response	0	219057	30229	1
NU2-17	4	Picture	Experiment starts	219161	0	1	30166	1	0	next	other	0
NU2-17	6	Picture	10	264493	0	1	20166	1	0	next	other	0
NU2-17	8	Picture	37	299826	0	1	20166	1	0	next	other	0
NU2-17	10	Picture	76	335158	0	1	20166	1	0	next	other	0
NU2-17	11	Response	0	377936	22445	1
NU2-17	11	Response	0	381615	26124	1
NU2-17	12	Response	0	385135	3311	1
NU2-17	12	Response	0	387535	5711	1
NU2-17	13	Response	0	392495	4672	1
NU2-17	13	Response	0	393455	5632	1
NU2-17	14	Response	0	396015	2358	1
NU2-17	14	Response	0	397135	3478	1
NU2-17	15	Response	0	398575	1252	1
NU2-17	15	Response	0	399535	2212	1
NU2-17	16	Response	0	410255	10432	1
NU2-17	16	Response	100	410894	11071	1
NU2-17	18	Picture	8	426323	0	1	20166	1	0	next	other	0
NU2-17	20	Picture	37	461655	0	1	20166	1	0	next	other	0
NU2-17	22	Picture	72	496988	0	1	20166	1	0	next	other	0
NU2-17	23	Response	0	528654	11334	1
NU2-17	23	Response	0	532814	15493	1
NU2-17	24	Response	0	536654	3667	1
NU2-17	24	Response	0	538094	5107	1
NU2-17	25	Response	0	544334	6014	1
NU2-17	25	Response	0	545454	7134	1
NU2-17	26	Response	0	568174	22521	1
NU2-17	26	Response	0	569133	23480	1
NU2-17	27	Response	0	594414	25095	1
NU2-17	27	Response	100	595693	26374	1
NU2-17	29	Picture	11	611151	0	1	20166	1	0	next	other	0
NU2-17	31	Picture	24	646484	0	1	20166	1	0	next	other	0
NU2-17	33	Picture	63	681816	0	1	20166	1	0	next	other	0
NU2-17	34	Response	0	709773	7623	1
NU2-17	34	Response	0	714092	11943	1
NU2-17	35	Response	0	718092	3777	1
NU2-17	35	Response	0	719212	4897	1
NU2-17	36	Response	0	735692	16210	1
NU2-17	36	Response	0	736325	16843	11
NU2-17	37	Response	0	741772	5124	1
NU2-17	37	Response	0	742412	5764	1
NU2-17	38	Response	0	752332	9684	1
NU2-17	38	Response	100	753132	10484	1
NU2-17	40	Picture	11	768481	0	1	20166	1	0	next	other	0
NU2-17	42	Picture	24	803813	0	1	20166	1	0	next	other	0
NU2-17	44	Picture	40	839146	0	1	38332	1	0	next	other	0
NU2-17	44	Text Input	13	877451	38305	0
NU2-17	44	Response	0	877451	38305	1
NU2-17	45	Response	100	878411	933	1
NU2-17	47	Picture	9	907811	0	1	20166	1	0	next	other	0
NU2-17	49	Picture	27	943143	0	1	20166	1	0	next	other	0
NU2-17	51	Picture	66	978476	0	1	20166	1	0	next	other	0
NU2-17	52	Response	0	1013450	14641	1
NU2-17	52	Response	0	1017610	18801	1
NU2-17	53	Response	0	1020810	3002	1
NU2-17	53	Response	0	1022090	4281	1
NU2-17	54	Response	0	1025450	3142	1
NU2-17	54	Response	0	1026090	3782	1
NU2-17	55	Response	0	1044490	18182	1
NU2-17	55	Response	0	1045289	18981	1
NU2-17	56	Response	0	1053289	7815	1
NU2-17	56	Response	0	1054089	8615	1
NU2-17	57	Response	0	1055689	1382	1
NU2-17	57	Response	0	1056489	2182	1
NU2-17	58	Response	0	1064009	7202	1
NU2-17	58	Response	0	1064649	7842	1
NU2-17	59	Response	0	1073769	8796	1
NU2-17	59	Response	100	1074729	9756	1
NU2-17	61	Picture	10	1090140	0	1	20166	1	0	next	other	0
NU2-17	63	Picture	27	1125472	0	1	20166	1	0	next	other	0
NU2-17	65	Picture	63	1160805	0	1	20166	1	0	next	other	0
NU2-17	66	Response	0	1227048	45911	1
NU2-17	66	Response	0	1228488	47350	1
NU2-17	67	Response	0	1243208	14405	1
NU2-17	67	Response	0	1243687	14885	1
NU2-17	68	Response	0	1251207	7238	1
NU2-17	68	Response	100	1252167	8198	1
NU2-17	70	Picture	12	1267635	0	1	20166	1	0	next	other	0
NU2-17	72	Picture	34	1302968	0	1	20166	1	0	next	other	0
NU2-17	74	Picture	73	1338300	0	1	20166	1	0	next	other	0
NU2-17	75	Response	0	1366887	8254	1
NU2-17	75	Response	0	1370566	11933	1
NU2-17	76	Response	0	1375366	4567	1
NU2-17	76	Response	0	1376166	5367	1
NU2-17	77	Response	0	1389446	12980	1
NU2-17	77	Response	0	1389926	13460	1
NU2-17	78	Response	0	1398726	8594	1
NU2-17	78	Response	100	1399526	9394	1
NU2-17	80	Picture	11	1414965	0	1	20166	1	0	next	other	0
NU2-17	82	Picture	25	1450297	0	1	20166	1	0	next	other	0
NU2-17	84	Picture	40	1485630	0	1	37499	1	0	next	other	0
NU2-17	84	Text Input	13	1523045	37415	0
NU2-17	84	Response	0	1523045	37415	1
NU2-17	85	Response	100	1524485	1356	1
NU2-17	87	Picture	8	1553461	0	1	20166	1	0	next	other	0
NU2-17	89	Picture	36	1588794	0	1	20166	1	0	next	other	0
NU2-17	91	Picture	50	1624126	0	1	37999	1	0	next	other	0
NU2-17	91	Text Input	5	1662084	37957	0
NU2-17	91	Response	0	1662084	37957	1
NU2-17	92	Response	100	1663524	1398	1
NU2-17	94	Picture	12	1692458	0	1	20166	1	0	next	other	0
NU2-17	96	Picture	24	1727791	0	1	20166	1	0	next	other	0
NU2-17	98	Picture	62	1763123	0	1	20166	1	0	next	other	0
NU2-17	99	Response	0	1802083	18627	1
NU2-17	99	Response	100	1803522	20067	1
NU2-17	101	Picture	8	1818955	0	1	20166	1	0	next	other	0
NU2-17	103	Picture	27	1854287	0	1	20166	1	0	next	other	0
NU2-17	105	Picture	64	1889620	0	1	20166	1	0	next	other	0
NU2-17	106	Response	0	1928642	18689	1
NU2-17	106	Response	0	1930241	20289	1
NU2-17	107	Response	0	1948162	17709	1
NU2-17	107	Response	0	1948641	18189	1
NU2-17	108	Response	0	1975681	26729	1
NU2-17	108	Response	100	1977281	28329	1
NU2-17	110	Picture	9	1992617	0	1	20166	1	0	next	other	0
NU2-17	112	Picture	37	2027950	0	1	20166	1	0	next	other	0
NU2-17	114	Picture	76	2063282	0	1	20166	1	0	next	other	0
NU2-17	115	Response	0	2087360	3745	1
NU2-17	115	Response	0	2093440	9825	1
NU2-17	116	Response	0	2096960	3345	1
NU2-17	116	Response	0	2101120	7505	1
NU2-17	117	Response	0	2124480	23032	1
NU2-17	117	Response	0	2125120	23672	1
NU2-17	118	Response	0	2162240	36792	1
NU2-17	118	Response	100	2163359	37912	1
NU2-17	120	Picture	8	2178779	0	1	20166	1	0	next	other	0
NU2-17	122	Picture	27	2214112	0	1	20166	1	0	next	other	0
NU2-17	124	Picture	65	2249444	0	1	20166	1	0	next	other	0
NU2-17	125	Response	0	2319678	49901	1
NU2-17	125	Response	0	2324638	54861	1
NU2-17	126	Response	0	2328478	3535	1
NU2-17	126	Response	0	2329598	4655	1
NU2-17	127	Response	0	2331518	1742	1
NU2-17	127	Response	0	2332478	2702	1
NU2-17	128	Response	0	2337918	5142	1
NU2-17	128	Response	0	2338718	5942	1
NU2-17	129	Response	0	2346078	7136	1
NU2-17	129	Response	100	2347198	8255	1
NU2-17	131	Picture	10	2362608	0	1	20166	1	0	next	other	0
NU2-17	133	Picture	36	2397941	0	1	20166	1	0	next	other	0
NU2-17	135	Picture	75	2433273	0	1	20166	1	0	next	other	0
NU2-17	136	Response	0	2464317	10711	1
NU2-17	136	Response	0	2472636	19030	1
NU2-17	137	Response	0	2476796	3858	1
NU2-17	137	Response	0	2479516	6578	1
NU2-17	138	Response	0	2492317	12545	1
NU2-17	138	Response	100	2493436	13664	1
NU2-17	140	Picture	9	2508771	0	1	20166	1	0	next	other	0
NU2-17	142	Picture	36	2544104	0	1	20166	1	0	next	other	0
NU2-17	144	Picture	50	2579436	0	1	30333	1	0	next	other	0
NU2-17	144	Text Input	6	2609595	30159	0
NU2-17	144	Response	0	2609595	30159	1
NU2-17	145	Response	100	2611355	1586	1
NU2-17	147	Picture	11	2640101	0	1	20166	1	0	next	other	0
NU2-17	149	Picture	36	2675434	0	1	20166	1	0	next	other	0
NU2-17	151	Picture	74	2710766	0	1	20166	1	0	next	other	0
NU2-17	152	Response	0	2755675	24575	1
NU2-17	152	Response	0	2761114	30015	1
NU2-17	153	Response	0	2769114	7682	1
NU2-17	153	Response	0	2769914	8482	1
NU2-17	154	Response	0	2775034	4936	1
NU2-17	154	Response	0	2775994	5895	1
NU2-17	155	Response	0	2779514	3249	1
NU2-17	155	Response	0	2780474	4209	1
NU2-17	156	Response	0	2811994	31229	1
NU2-17	156	Response	100	2813113	32349	1
NU2-17	158	Picture	12	2828597	0	1	20166	1	0	next	other	0
NU2-17	160	Picture	24	2863929	0	1	20166	1	0	next	other	0
NU2-17	162	Picture	40	2899262	0	1	33499	1	0	next	other	0
NU2-17	162	Text Input	14	2932632	33371	0
NU2-17	162	Response	0	2932632	33371	1
NU2-17	163	Response	100	2934392	1632	1
NU2-17	165	Picture	12	2963093	0	1	20166	1	0	next	other	0
NU2-17	167	Picture	24	2998426	0	1	20166	1	0	next	other	0
NU2-17	169	Picture	40	3033758	0	1	39999	1	0	next	other	0
NU2-17	169	Text Input	14	3073591	39833	0
NU2-17	169	Response	0	3073591	39833	1
NU2-17	170	Response	100	3075031	1274	1
NU2-17	172	Picture	11	3104090	0	1	20166	1	0	next	other	0
NU2-17	174	Picture	27	3139422	0	1	20166	1	0	next	other	0
NU2-17	176	Picture	61	3174755	0	1	20166	1	0	next	other	0
NU2-17	177	Response	0	3211510	16423	1
NU2-17	177	Response	0	3218230	23142	1
NU2-17	178	Response	0	3221750	3329	1
NU2-17	178	Response	0	3223030	4609	1
NU2-17	179	Response	0	3225430	2176	1
NU2-17	179	Response	0	3226390	3136	1
NU2-17	180	Response	0	3235350	8763	1
NU2-17	180	Response	0	3235990	9403	1
NU2-17	181	Response	0	3254870	18616	1
NU2-17	181	Response	100	3256149	19896	1
NU2-17	183	Picture	12	3271586	0	1	20166	1	0	next	other	0
NU2-17	185	Picture	37	3306918	0	1	20166	1	0	next	other	0
NU2-17	187	Picture	73	3342251	0	1	20166	1	0	next	other	0
NU2-17	188	Response	0	3393589	31005	1
NU2-17	188	Response	0	3395028	32445	1
NU2-17	189	Response	0	3399829	4579	1
NU2-17	189	Response	0	3400628	5379	1
NU2-17	190	Response	0	3405748	4832	1
NU2-17	190	Response	100	3406708	5792	1
NU2-17	192	Picture	11	3422082	0	1	20166	1	0	next	other	0
NU2-17	194	Picture	35	3457415	0	1	20166	1	0	next	other	0
NU2-17	196	Picture	50	3492747	0	1	45332	1	0	next	other	0
NU2-17	196	Text Input	8	3537907	45160	0
NU2-17	196	Response	0	3537907	45160	1
NU2-17	197	Response	100	3539347	1268	1
NU2-17	199	Picture	12	3568412	0	1	20166	1	0	next	other	0
NU2-17	201	Picture	25	3603744	0	1	20166	1	0	next	other	0
NU2-17	203	Picture	64	3639077	0	1	20166	1	0	next	other	0
NU2-17	204	Response	0	3663666	4257	1
NU2-17	204	Response	0	3668466	9057	1
NU2-17	205	Response	0	3672466	3723	1
NU2-17	205	Response	0	3674066	5323	1
NU2-17	206	Response	0	3680946	6703	1
NU2-17	206	Response	0	3682066	7823	1
NU2-17	207	Response	0	3691346	9104	1
NU2-17	207	Response	0	3692146	9903	1
NU2-17	208	Response	0	3698546	6137	1
NU2-17	208	Response	100	3699986	7577	1
NU2-17	210	Picture	12	3715408	0	1	20166	1	0	next	other	0
NU2-17	212	Picture	37	3750741	0	1	20166	1	0	next	other	0
NU2-17	214	Picture	72	3786073	0	1	20166	1	0	next	other	0
NU2-17	215	Response	0	3810865	4459	1
NU2-17	215	Response	0	3819344	12938	1
NU2-17	216	Response	0	3823984	4412	1
NU2-17	216	Response	0	3825264	5692	1
NU2-17	217	Response	0	3835985	10412	1
NU2-17	217	Response	0	3836784	11212	1
NU2-17	218	Response	0	3843184	6113	1
NU2-17	218	Response	100	3844784	7712	1
NU2-17	220	Picture	10	3860238	0	1	20166	1	0	next	other	0
NU2-17	222	Picture	36	3895570	0	1	20166	1	0	next	other	0
NU2-17	224	Picture	50	3930903	0	1	29499	1	0	next	other	0
NU2-17	224	Text Input	7	3960303	29400	0
NU2-17	224	Response	0	3960303	29400	1
NU2-17	225	Response	100	3961903	1501	1
NU2-17	227	Picture	9	3990735	0	1	20166	1	0	next	other	0
NU2-17	229	Picture	25	4026067	0	1	20166	1	0	next	other	0
NU2-17	231	Picture	61	4061400	0	1	20166	1	0	next	other	0
NU2-17	232	Response	0	4137582	55850	1
NU2-17	232	Response	0	4145741	64009	1
NU2-17	233	Response	0	4157581	11517	1
NU2-17	233	Response	0	4158541	12477	1
NU2-17	234	Response	0	4161741	3011	1
NU2-17	234	Response	100	4162701	3971	1
NU2-17	236	Picture	11	4178063	0	1	20166	1	0	next	other	0
NU2-17	238	Picture	36	4213396	0	1	20166	1	0	next	other	0
NU2-17	240	Picture	73	4248728	0	1	20166	1	0	next	other	0
NU2-17	241	Response	0	4335020	65959	1
NU2-17	241	Response	100	4336460	67399	1
NU2-17	243	Picture	10	4351868	0	33	20024	33	0	next	other	0
NU2-17	245	Picture	34	4387058	0	1	20166	1	0	next	other	0
NU2-17	247	Picture	50	4422391	0	1	36666	1	0	next	other	0
NU2-17	247	Text Input	8	4459019	36628	0
NU2-17	247	Response	0	4459019	36628	1
NU2-17	248	Response	100	4460779	1722	1
NU2-17	250	Picture	12	4489389	0	1	20166	1	0	next	other	0
NU2-17	252	Picture	36	4524722	0	1	20166	1	0	next	other	0
NU2-17	254	Picture	72	4560054	0	1	20166	1	0	next	other	0
NU2-17	255	Response	0	4585738	5351	1
NU2-17	255	Response	0	4589738	9351	1
NU2-17	256	Response	0	4593098	3044	1
NU2-17	256	Response	0	4594058	4004	1
NU2-17	257	Response	0	4635338	40951	1
NU2-17	257	Response	0	4636777	42391	1
NU2-17	258	Response	0	4642217	5165	1
NU2-17	258	Response	0	4642697	5645	1
NU2-17	259	Response	0	4647337	4452	1
NU2-17	259	Response	100	4648617	5732	1
NU2-17	261	Picture	13	4664051	0	1	20166	1	0	next	other	0
NU2-17	263	Picture	25	4699384	0	1	20166	1	0	next	other	0
NU2-17	265	Picture	40	4734716	0	1	35332	1	0	next	other	0
NU2-17	265	Text Input	15	4769896	35180	0
NU2-17	265	Response	0	4769896	35180	1
NU2-17	266	Response	100	4771016	967	1
NU2-17	268	Picture	11	4800381	0	1	20166	1	0	next	other	0
NU2-17	270	Picture	27	4835714	0	1	20166	1	0	next	other	0
NU2-17	272	Picture	40	4871046	0	1	32499	1	0	next	other	0
NU2-17	272	Text Input	14	4903495	32448	0
NU2-17	272	Response	0	4903495	32448	1
NU2-17	273	Response	100	4905415	1869	1
NU2-17	275	Picture	12	4933878	0	1	20166	1	0	next	other	0
NU2-17	277	Picture	37	4969211	0	1	20166	1	0	next	other	0
NU2-17	279	Picture	73	5004543	0	1	20166	1	0	next	other	0
NU2-17	280	Response	0	5032774	7898	1
NU2-17	280	Response	0	5035654	10778	1
NU2-17	281	Response	0	5048454	12578	1
NU2-17	281	Response	0	5049094	13218	1
NU2-17	282	Response	0	5054694	5318	1
NU2-17	282	Response	0	5055333	5958	1
NU2-17	283	Response	0	5059813	4271	1
NU2-17	283	Response	100	5061253	5712	1
NU2-17	285	Picture	9	5076708	0	1	20166	1	0	next	other	0
NU2-17	287	Picture	35	5112040	0	1	20166	1	0	next	other	0
NU2-17	289	Picture	50	5147373	0	1	32166	1	0	next	other	0
NU2-17	289	Text Input	6	5179492	32119	0
NU2-17	289	Response	0	5179492	32119	1
NU2-17	290	Response	100	5180772	1234	1
NU2-17	292	Picture	8	5209871	0	1	20166	1	0	next	other	0
NU2-17	294	Picture	24	5245204	0	1	20166	1	0	next	other	0
NU2-17	296	Picture	62	5280536	0	1	20166	1	0	next	other	0
NU2-17	297	Response	0	5313092	12223	1
NU2-17	297	Response	100	5314531	13662	1
NU2-17	299	Picture	12	5329868	0	1	20166	1	0	next	other	0
NU2-17	301	Picture	26	5365201	0	1	20166	1	0	next	other	0
NU2-17	303	Picture	63	5400533	0	1	20166	1	0	next	other	0
NU2-17	304	Response	0	5429571	8705	1
NU2-17	304	Response	100	5431010	10144	1
NU2-17	306	Picture	9	5446366	0	1	20166	1	0	next	other	0
NU2-17	308	Picture	26	5481698	0	1	20166	1	0	next	other	0
NU2-17	310	Picture	65	5517030	0	1	20166	1	0	next	other	0
NU2-17	311	Response	0	5546690	9326	1
NU2-17	311	Response	0	5547969	10606	1
NU2-17	312	Response	0	5549889	1693	1
NU2-17	312	Response	0	5551009	2813	1
NU2-17	313	Response	0	5552449	1253	1
NU2-17	313	Response	0	5553889	2693	1
NU2-17	314	Response	0	5555329	1133	1
NU2-17	314	Response	0	5556289	2093	1
NU2-17	315	Response	0	5560929	4399	1
NU2-17	315	Response	0	5561729	5199	1
NU2-17	316	Response	0	5570369	8339	1
NU2-17	316	Response	0	5571329	9299	1
NU2-17	317	Response	0	5573889	2360	1
NU2-17	317	Response	0	5575009	3480	1
NU2-17	318	Response	0	5596129	20933	1
NU2-17	318	Response	0	5596608	21413	1
NU2-17	319	Response	0	5603489	6627	1
NU2-17	319	Response	100	5604929	8067	1
NU2-17	321	Picture	13	5620361	0	1	20166	1	0	next	other	0
NU2-17	323	Picture	37	5655694	0	1	20166	1	0	next	other	0
NU2-17	325	Picture	50	5691026	0	1	40499	1	0	next	other	0
NU2-17	325	Text Input	9	5731488	40461	0
NU2-17	325	Response	0	5731488	40461	1
NU2-17	326	Response	100	5732607	1082	1
NU2-17	328	Picture	10	5761858	0	1	20166	1	0	next	other	0
NU2-17	330	Picture	37	5797190	0	1	20166	1	0	next	other	0
NU2-17	332	Picture	73	5832523	0	1	20166	1	0	next	other	0
NU2-17	333	Response	0	5858687	5831	1
NU2-17	333	Response	0	5861886	9031	1
NU2-17	334	Response	0	5866686	4498	1
NU2-17	334	Response	0	5867326	5138	1
NU2-17	335	Response	0	5880926	13404	1
NU2-17	335	Response	0	5881406	13884	1
NU2-17	336	Response	0	5885086	3398	1
NU2-17	336	Response	100	5886206	4518	1
NU2-17	338	Picture	11	5901688	0	1	20166	1	0	next	other	0
NU2-17	340	Picture	37	5937020	0	1	20166	1	0	next	other	0
NU2-17	342	Picture	50	5972353	0	1	31333	1	0	next	other	0
NU2-17	342	Text Input	7	6003645	31292	0
NU2-17	342	Response	0	6003645	31292	1
NU2-17	343	Response	100	6005565	1880	1
NU2-17	345	Picture	12	6034018	0	1	20166	1	0	next	other	0
NU2-17	347	Picture	34	6069350	0	1	20166	1	0	next	other	0
NU2-17	349	Picture	50	6104683	0	1	31999	1	0	next	other	0
NU2-17	349	Text Input	10	6136604	31921	0
NU2-17	349	Response	0	6136604	31921	1
NU2-17	350	Response	100	6138684	2002	1
NU2-17	352	Picture	9	6167014	0	1	20166	1	0	next	other	0
NU2-17	354	Picture	37	6202347	0	1	20166	1	0	next	other	0
NU2-17	356	Picture	50	6237679	0	1	39499	1	0	next	other	0
NU2-17	356	Text Input	5	6277082	39403	0
NU2-17	356	Response	0	6277082	39403	1
NU2-17	357	Response	100	6278843	1664	1
NU2-17	359	Picture	8	6307511	0	1	20166	1	0	next	other	0
NU2-17	361	Picture	25	6342843	0	1	20166	1	0	next	other	0
NU2-17	363	Picture	63	6378176	0	1	20166	1	0	next	other	0
NU2-17	364	Response	0	6404122	5614	1
NU2-17	364	Response	0	6405081	6573	1
NU2-17	365	Response	0	6447321	41980	1
NU2-17	365	Response	100	6448921	43579	1
NU2-17	367	Picture	10	6464340	0	1	20166	1	0	next	other	0
NU2-17	369	Picture	34	6499673	0	1	20166	1	0	next	other	0
NU2-17	371	Picture	71	6535005	0	1	20166	1	0	next	other	0
NU2-17	372	Response	0	6585560	30222	1
NU2-17	372	Response	0	6586840	31502	1
NU2-17	373	Response	0	6606360	19189	1
NU2-17	373	Response	0	6607640	20469	1
NU2-17	374	Response	0	6655160	47323	1
NU2-17	374	Response	0	6655799	47962	1
NU2-17	375	Response	0	6671639	15637	1
NU2-17	375	Response	0	6672599	16597	1
NU2-17	376	Response	0	6717079	44244	1
NU2-17	376	Response	0	6717879	45043	1
NU2-17	377	Response	0	6722518	4351	1
NU2-17	377	Response	0	6723319	5151	1
NU2-17	378	Response	0	6744439	20938	1
NU2-17	378	Response	0	6745398	21898	1
NU2-17	379	Response	0	6792758	47092	1
NU2-17	379	Response	0	6793718	48051	1
NU2-17	380	Response	0	6795158	1159	1
NU2-17	380	Response	0	6795958	1959	1
NU2-17	381	Response	0	6803798	7632	1
NU2-17	381	Response	100	6804598	8432	1
NU2-17	383	Picture	13	6819998	0	1	20166	1	0	next	other	0
NU2-17	385	Picture	25	6855331	0	1	20166	1	0	next	other	0
NU2-17	387	Picture	40	6890663	0	1	33166	1	0	next	other	0
NU2-17	387	Text Input	15	6923797	33134	0
NU2-17	387	Response	0	6923797	33134	1
NU2-17	388	Response	100	6925077	1248	1
NU2-17	390	Picture	8	6954162	0	1	20166	1	0	next	other	0
NU2-17	392	Picture	36	6989494	0	1	20166	1	0	next	other	0
NU2-17	394	Picture	72	7024827	0	1	20166	1	0	next	other	0
NU2-17	395	Response	0	7097876	52716	1
NU2-17	395	Response	0	7099315	54156	1
NU2-17	396	Response	0	7101075	1584	1
NU2-17	396	Response	0	7102355	2864	1
NU2-17	397	Response	0	7130035	27377	1
NU2-17	397	Response	100	7130995	28337	1
NU2-17	399	Picture	8	7146490	0	1	20166	1	0	next	other	0
NU2-17	401	Picture	26	7181823	0	1	20166	1	0	next	other	0
NU2-17	403	Picture	40	7217155	0	1	70498	1	0	next	other	0
NU2-17	403	Text Input	11	7287633	70478	0
NU2-17	403	Response	0	7287633	70478	1
NU2-17	404	Response	100	7288754	1100	1
NU2-17	406	Picture	12	7317986	0	1	20166	1	0	next	other	0
NU2-17	408	Picture	27	7353318	0	1	20166	1	0	next	other	0
NU2-17	410	Picture	64	7388651	0	1	20166	1	0	next	other	0
NU2-17	411	Response	0	7444433	35449	1
NU2-17	411	Response	0	7446352	37368	1
NU2-17	412	Response	0	7470992	24343	1
NU2-17	412	Response	100	7471952	25302	1
NU2-17	414	Picture	12	7487315	0	1	20166	1	0	next	other	0
NU2-17	416	Picture	36	7522648	0	1	20166	1	0	next	other	0
NU2-17	418	Picture	50	7557980	0	1	61332	1	0	next	other	0
NU2-17	418	Text Input	9	7619150	61170	0
NU2-17	418	Response	0	7619150	61170	1
NU2-17	419	Response	100	7620591	1279	1
NU2-17	421	Picture	10	7649645	0	1	20166	1	0	next	other	0
NU2-17	423	Picture	24	7684977	0	1	20166	1	0	next	other	0
NU2-17	425	Picture	40	7720309	0	1	30333	1	0	next	other	0
NU2-17	425	Text Input	12	7750509	30200	0
NU2-17	425	Response	0	7750509	30200	1
NU2-17	426	Response	100	7751789	1147	1
NU2-17	428	Picture	8	7780975	0	1	20166	1	0	next	other	0
NU2-17	430	Picture	24	7816307	0	1	20166	1	0	next	other	0
NU2-17	432	Picture	61	7851640	0	1	20166	1	0	next	other	0
NU2-17	433	Response	0	7901869	29896	1
NU2-17	433	Response	0	7905868	33896	1
NU2-17	434	Response	0	7908748	2610	1
NU2-17	434	Response	0	7910188	4050	1
NU2-17	435	Response	0	7916268	5796	1
NU2-17	435	Response	0	7916908	6436	1
NU2-17	436	Response	0	7949548	32410	1
NU2-17	436	Response	0	7950508	33370	1
NU2-17	437	Response	0	7958988	8184	1
NU2-17	437	Response	100	7959788	8984	1
NU2-17	439	Picture	10	7975137	0	1	20166	1	0	next	other	0
NU2-17	441	Picture	35	8010469	0	1	20166	1	0	next	other	0
NU2-17	443	Picture	74	8045801	0	1	20166	1	0	next	other	0
NU2-17	444	Response	0	8075307	9173	1
NU2-17	444	Response	0	8079786	13652	1
NU2-17	445	Response	0	8083306	3339	1
NU2-17	445	Response	0	8086666	6699	1
NU2-17	446	Response	0	8090826	3859	1
NU2-17	446	Response	0	8091786	4819	1
NU2-17	447	Response	0	8111146	19179	1
NU2-17	447	Response	0	8112106	20139	1
NU2-17	448	Response	0	8118826	6526	1
NU2-17	448	Response	0	8119626	7326	1
NU2-17	449	Response	0	8122346	2546	1
NU2-17	449	Response	100	8123146	3346	1
NU2-17	451	Picture	9	8138632	0	1	20166	1	0	next	other	0
NU2-17	453	Picture	24	8173965	0	1	20166	1	0	next	other	0
NU2-17	455	Picture	40	8209297	0	1	31166	1	0	next	other	0
NU2-17	455	Text Input	11	8240425	31128	0
NU2-17	455	Response	0	8240425	31128	1
NU2-17	456	Response	100	8241385	922	1
NU2-17	458	Picture	10	8270796	0	1	20166	1	0	next	other	0
NU2-17	460	Picture	35	8306128	0	1	20166	1	0	next	other	0
NU2-17	462	Picture	50	8341461	0	1	26499	1	0	next	other	0
NU2-17	462	Text Input	7	8367784	26323	0
NU2-17	462	Response	0	8367784	26323	1
NU2-17	463	Response	100	8369224	1264	1
NU2-17	465	Picture	10	8398293	0	1	20166	1	0	next	other	0
NU2-17	467	Picture	26	8433625	0	1	20166	1	0	next	other	0
NU2-17	469	Picture	63	8468958	0	1	20166	1	0	next	other	0
NU2-17	470	Response	0	8496263	6973	1
NU2-17	470	Response	100	8497863	8573	1
NU2-17	472	Picture	10	8513290	0	1	20166	1	0	next	other	0
NU2-17	474	Picture	35	8548622	0	1	20166	1	0	next	other	0
NU2-17	476	Picture	50	8583955	0	1	29833	1	0	next	other	0
NU2-17	476	Text Input	7	8613702	29747	0
NU2-17	476	Response	0	8613702	29747	1
NU2-17	477	Response	100	8615302	1514	1
NU2-17	479	Picture	12	8644120	0	1	20166	1	0	next	other	0
NU2-17	481	Picture	36	8679452	0	1	20166	1	0	next	other	0
NU2-17	483	Picture	50	8714785	0	1	30666	1	0	next	other	0
NU2-17	483	Text Input	9	8745381	30596	0
NU2-17	483	Response	0	8745381	30596	1
NU2-17	484	Response	100	8746981	1530	1
NU2-17	486	Picture	11	8775783	0	1	20166	1	0	next	other	0
NU2-17	488	Picture	27	8811116	0	1	20166	1	0	next	other	0
NU2-17	490	Picture	64	8846448	0	1	20166	1	0	next	other	0
NU2-17	491	Response	0	8870980	4199	1
NU2-17	491	Response	0	8872259	5478	1
NU2-17	492	Response	0	8879619	7172	1
NU2-17	492	Response	0	8880259	7812	1
NU2-17	493	Response	0	8888899	8452	1
NU2-17	493	Response	100	8889699	9252	1
NU2-17	495	Picture	10	8905114	0	1	20166	1	0	next	other	0
NU2-17	497	Picture	24	8940446	0	1	20166	1	0	next	other	0
NU2-17	499	Picture	40	8975779	0	1	29166	1	0	next	other	0
NU2-17	499	Text Input	12	9004898	29120	0
NU2-17	499	Response	0	9004898	29120	1
NU2-17	500	Response	100	9006338	1394	1
NU2-17	502	Picture	13	9035277	0	1	20166	1	0	next	other	0
NU2-17	504	Picture	27	9070609	0	1	20166	1	0	next	other	0
NU2-17	506	Picture	40	9105942	0	1	37666	1	0	next	other	0
NU2-17	506	Text Input	16	9143457	37515	0
NU2-17	506	Response	0	9143457	37515	1
NU2-17	507	Response	100	9145057	1449	1
NU2-17	509	Picture	11	9173940	0	1	20166	1	0	next	other	0
NU2-17	511	Picture	36	9209273	0	1	20166	1	0	next	other	0
NU2-17	513	Picture	50	9244605	0	1	38832	1	0	next	other	0
NU2-17	513	Text Input	8	9283296	38691	0
NU2-17	513	Response	0	9283296	38691	1
NU2-17	514	Response	100	9284576	1138	1
NU2-17	516	Picture	10	9313770	0	1	20166	1	0	next	other	0
NU2-17	518	Picture	35	9349103	0	1	20166	1	0	next	other	0
NU2-17	520	Picture	72	9384435	0	1	20166	1	0	next	other	0
NU2-17	521	Response	0	9408415	3647	1
NU2-17	521	Response	0	9409695	4927	1
NU2-17	522	Response	0	9412255	2320	1
NU2-17	522	Response	0	9413215	3280	1
NU2-17	523	Response	0	9436575	23140	1
NU2-17	523	Response	100	9437534	24100	1
NU2-17	525	Picture	9	9452933	0	1	20166	1	0	next	other	0
NU2-17	527	Picture	25	9488266	0	1	20166	1	0	next	other	0
NU2-17	529	Picture	63	9523598	0	1	20166	1	0	next	other	0
NU2-17	530	Response	0	9549534	5603	1
NU2-17	530	Response	0	9550973	7042	1
NU2-17	531	Response	0	9566654	15389	1
NU2-17	531	Response	100	9567933	16669	1
NU2-17	533	Picture	10	9583430	0	1	20166	1	0	next	other	0
NU2-17	535	Picture	25	9618763	0	1	20166	1	0	next	other	0
NU2-17	537	Picture	62	9654095	0	1	20166	1	0	next	other	0
NU2-17	538	Response	0	9679773	5345	1
NU2-17	538	Response	0	9681052	6624	1
NU2-17	539	Response	0	9683612	2351	1
NU2-17	539	Response	0	9684412	3151	1
NU2-17	540	Response	0	9688732	4138	1
NU2-17	540	Response	100	9689852	5258	1
NU2-17	542	Picture	10	9705261	0	1	20166	1	0	next	other	0
NU2-17	544	Picture	27	9740593	0	1	20166	1	0	next	other	0
NU2-17	546	Picture	40	9775925	0	1	31333	1	0	next	other	0
NU2-17	546	Text Input	13	9807131	31206	0
NU2-17	546	Response	0	9807131	31206	1
NU2-17	547	Response	100	9808571	1313	1
NU2-17	549	Picture	11	9837591	0	1	20166	1	0	next	other	0
NU2-17	551	Picture	35	9872923	0	1	20166	1	0	next	other	0
NU2-17	553	Picture	74	9908255	0	1	20166	1	0	next	other	0
NU2-17	554	Response	0	9938810	10222	1
NU2-17	554	Response	0	9944250	15662	1
NU2-17	555	Response	0	9947770	3349	1
NU2-17	555	Response	0	9950330	5909	1
NU2-17	556	Response	0	9971129	20542	1
NU2-17	556	Response	0	9972090	21502	1
NU2-17	557	Response	0	9981690	9269	1
NU2-17	557	Response	0	9982650	10229	1
NU2-17	558	Response	0	9989850	6929	1
NU2-17	558	Response	100	9990970	8049	1
NU2-17	560	Picture	11	10006420	0	1	20166	1	0	next	other	0
NU2-17	562	Picture	25	10041752	0	1	20166	1	0	next	other	0
NU2-17	564	Picture	64	10077085	0	1	20166	1	0	next	other	0
NU2-17	565	Response	0	10124249	26831	1
NU2-17	565	Response	0	10129048	31631	1
NU2-17	566	Response	0	10137368	8118	1
NU2-17	566	Response	0	10138168	8918	1
NU2-17	567	Response	0	10143128	4712	1
NU2-17	567	Response	0	10143928	5511	1
NU2-17	568	Response	0	10164888	20638	1
NU2-17	568	Response	0	10165368	21118	1
NU2-17	569	Response	0	10168088	2506	1
NU2-17	569	Response	0	10168888	3305	1
NU2-17	570	Response	0	10172088	3006	1
NU2-17	570	Response	0	10173208	4125	1
NU2-17	571	Response	0	10176088	2672	1
NU2-17	571	Response	0	10177048	3632	1
NU2-17	572	Response	0	10181208	3959	1
NU2-17	572	Response	0	10182008	4759	1
NU2-17	573	Response	0	10184568	2319	1
NU2-17	573	Response	0	10185368	3119	1
NU2-17	574	Response	0	10191768	6186	1
NU2-17	574	Response	100	10192888	7306	1
NU2-17	576	Picture	11	10208248	0	1	20166	1	0	next	other	0
NU2-17	578	Picture	24	10243581	0	1	20166	1	0	next	other	0
NU2-17	580	Picture	62	10278913	0	1	20166	1	0	next	other	0
NU2-17	581	Response	0	10309367	10121	1
NU2-17	581	Response	100	10310807	11561	1
NU2-17	583	Picture	11	10326245	0	1	20166	1	0	next	other	0
NU2-17	585	Picture	34	10361578	0	1	20166	1	0	next	other	0
NU2-17	587	Picture	73	10396910	0	1	20166	1	0	next	other	0
NU2-17	588	Response	0	10431286	14043	1
NU2-17	588	Response	0	10435765	18523	1
NU2-17	589	Response	0	10446965	10890	1
NU2-17	589	Response	0	10447925	11850	1
NU2-17	590	Response	0	10460565	12323	1
NU2-17	590	Response	100	10462325	14083	1
NU2-17	592	Picture	13	10477741	0	1	20166	1	0	next	other	0
NU2-17	594	Picture	37	10513074	0	1	20166	1	0	next	other	0
NU2-17	596	Picture	50	10548406	0	1	25833	1	0	next	other	0
NU2-17	596	Text Input	9	10574164	25758	0
NU2-17	596	Response	0	10574164	25758	1
NU2-17	597	Response	100	10575444	1205	1
NU2-17	599	Picture	8	10604572	0	1	20166	1	0	next	other	0
NU2-17	601	Picture	25	10639904	0	1	20166	1	0	next	other	0
NU2-17	603	Picture	63	10675236	0	1	20166	1	0	next	other	0
NU2-17	604	Response	0	10723604	28034	1
NU2-17	604	Response	0	10725203	29634	1
NU2-17	605	Response	0	10736723	11321	1
NU2-17	605	Response	0	10737523	12121	1
NU2-17	606	Response	0	10745523	7788	1
NU2-17	606	Response	100	10747283	9548	1
NU2-17	608	Picture	9	10762734	0	1	20166	1	0	next	other	0
NU2-17	610	Picture	35	10798067	0	1	20166	1	0	next	other	0
NU2-17	612	Picture	74	10833399	0	1	20166	1	0	next	other	0
NU2-17	613	Response	0	10862802	9070	1
NU2-17	613	Response	0	10869201	15469	1
NU2-17	614	Response	0	10875282	5883	1
NU2-17	614	Response	0	10876402	7003	1
NU2-17	615	Response	0	10898321	21590	1
NU2-17	615	Response	100	10899761	23030	1
NU2-17	617	Picture	12	10915231	0	1	20166	1	0	next	other	0
NU2-17	619	Picture	25	10950563	0	1	20166	1	0	next	other	0
NU2-17	621	Picture	40	10985895	0	1	30833	1	0	next	other	0
NU2-17	621	Text Input	14	11016560	30665	0
NU2-17	621	Response	0	11016560	30665	1
NU2-17	622	Response	100	11018160	1432	1
NU2-17	624	Picture	8	11047061	0	1	20166	1	0	next	other	0
NU2-17	626	Picture	26	11082393	0	1	20166	1	0	next	other	0
NU2-17	628	Picture	65	11117725	0	1	20166	1	0	next	other	0
NU2-17	629	Response	0	11152400	14341	1
NU2-17	629	Response	0	11157999	19941	1
NU2-17	630	Response	0	11160879	2655	1
NU2-17	630	Response	0	11164719	6494	1
NU2-17	631	Response	0	11173999	9108	1
NU2-17	631	Response	100	11175599	10708	1
NU2-17	633	Picture	9	11191057	0	1	20166	1	0	next	other	0
NU2-17	635	Picture	37	11226389	0	1	20166	1	0	next	other	0
NU2-17	637	Picture	76	11261722	0	1	20166	1	0	next	other	0
NU2-17	638	Response	0	11285198	3144	1
NU2-17	638	Response	0	11296558	14503	1
NU2-17	639	Response	0	11305198	8310	1
NU2-17	639	Response	100	11306478	9590	1
NU2-17	641	Picture	9	11321887	0	1	20166	1	0	next	other	0
NU2-17	643	Picture	35	11357220	0	1	20166	1	0	next	other	0
NU2-17	645	Picture	74	11392552	0	1	20166	1	0	next	other	0
NU2-17	646	Response	0	11447917	35032	1
NU2-17	646	Response	0	11456556	43671	1
NU2-17	647	Response	0	11457356	473	1
NU2-17	647	Response	0	11457996	1113	1
NU2-17	648	Response	0	11469196	10979	1
NU2-17	648	Response	0	11470316	12099	1
NU2-17	649	Response	0	11478476	7926	1
NU2-17	649	Response	100	11480396	9846	1
NU2-17	651	Picture	9	11495883	0	1	20166	1	0	next	other	0
NU2-17	653	Picture	36	11531215	0	1	20166	1	0	next	other	0
NU2-17	655	Picture	50	11566548	0	1	26499	1	0	next	other	0
NU2-17	655	Text Input	6	11592875	26327	0
NU2-17	655	Response	0	11592875	26327	1
NU2-17	656	Response	100	11594635	1588	1
NU2-17	658	Picture	12	11623380	0	1	20166	1	0	next	other	0
NU2-17	660	Picture	27	11658712	0	1	20166	1	0	next	other	0
NU2-17	662	Picture	40	11694045	0	1	27833	1	0	next	other	0
NU2-17	662	Text Input	15	11721834	27790	0
NU2-17	662	Response	0	11721834	27790	1
NU2-17	663	Response	100	11723434	1557	1
NU2-17	665	Picture	10	11752210	0	1	20166	1	0	next	other	0
NU2-17	667	Picture	25	11787542	0	1	20166	1	0	next	other	0
NU2-17	669	Picture	61	11822875	0	1	20166	1	0	next	other	0
NU2-17	670	Response	0	11848233	5026	1
NU2-17	670	Response	0	11854473	11265	1
NU2-17	671	Response	0	11857833	3126	1
NU2-17	671	Response	0	11859433	4726	1
NU2-17	672	Response	0	11879913	20206	1
NU2-17	672	Response	0	11880550	20843	11
NU2-17	673	Response	0	11886153	5279	1
NU2-17	673	Response	0	11886632	5759	1
NU2-17	674	Response	0	11890793	3919	1
NU2-17	674	Response	100	11891912	5039	1
NU2-17	676	Picture	10	11907373	0	1	20166	1	0	next	other	0
NU2-17	678	Picture	36	11942705	0	1	20166	1	0	next	other	0
NU2-17	680	Picture	75	11978037	0	1	20166	1	0	next	other	0
NU2-17	681	Response	0	12004552	6182	1
NU2-17	681	Response	0	12008232	9861	1
NU2-17	682	Response	0	12010951	2415	1
NU2-17	682	Response	0	12016391	7854	1
NU2-17	683	Response	0	12026792	10088	1
NU2-17	683	Response	100	12027751	11048	1
NU2-17	685	Picture	12	12043202	0	1	20166	1	0	next	other	0
NU2-17	687	Picture	25	12078535	0	1	20166	1	0	next	other	0
NU2-17	689	Picture	64	12113867	0	1	20166	1	0	next	other	0
NU2-17	690	Response	0	12139591	5391	1
NU2-17	690	Response	0	12148390	14190	1
NU2-17	691	Response	0	12155270	6570	1
NU2-17	691	Response	0	12156390	7690	1
NU2-17	692	Response	0	12174790	18090	1
NU2-17	692	Response	0	12175910	19210	1
NU2-17	693	Response	0	12180550	4351	1
NU2-17	693	Response	0	12181670	5471	1
NU2-17	694	Response	0	12186470	4604	1
NU2-17	694	Response	0	12187270	5404	1
NU2-17	695	Response	0	12196390	8858	1
NU2-17	695	Response	100	12198150	10618	1
NU2-17	698	Picture	11	12813683	0	1	20166	1	0	next	other	0
NU2-17	700	Picture	27	12849016	0	1	20166	1	0	next	other	0
NU2-17	702	Picture	40	12884348	0	1	31166	1	0	next	other	0
NU2-17	702	Text Input	14	12915423	31075	0
NU2-17	702	Response	0	12915423	31075	1
NU2-17	703	Response	100	12916223	709	1
NU2-17	705	Picture	8	12945847	0	1	20166	1	0	next	other	0
NU2-17	707	Picture	24	12981179	0	1	20166	1	0	next	other	0
NU2-17	709	Picture	40	13016512	0	1	31166	1	0	next	other	0
NU2-17	709	Text Input	10	13047582	31071	0
NU2-17	709	Response	0	13047582	31071	1
NU2-17	710	Response	100	13048862	1185	1
NU2-17	712	Picture	11	13078010	0	1	20166	1	0	next	other	0
NU2-17	714	Picture	36	13113342	0	1	20166	1	0	next	other	0
NU2-17	716	Picture	72	13148675	0	1	20166	1	0	next	other	0
NU2-17	717	Response	0	13223421	54413	1
NU2-17	717	Response	0	13225341	56333	1
NU2-17	718	Response	0	13229341	3668	1
NU2-17	718	Response	0	13230461	4788	1
NU2-17	719	Response	0	13233820	3148	1
NU2-17	719	Response	100	13234621	3948	1
NU2-17	721	Picture	12	13250006	0	1	20166	1	0	next	other	0
NU2-17	723	Picture	34	13285338	0	1	20166	1	0	next	other	0
NU2-17	725	Picture	50	13320671	0	1	35166	1	0	next	other	0
NU2-17	725	Text Input	10	13355739	35069	0
NU2-17	725	Response	0	13355739	35069	1
NU2-17	726	Response	100	13356859	1023	1
NU2-17	728	Picture	9	13386169	0	1	20166	1	0	next	other	0
NU2-17	730	Picture	27	13421501	0	1	20166	1	0	next	other	0
NU2-17	732	Picture	40	13456834	0	1	33332	1	0	next	other	0
NU2-17	732	Text Input	12	13490138	33304	0
NU2-17	732	Response	0	13490138	33304	1
NU2-17	733	Response	100	13491578	1412	1
NU2-17	735	Picture	8	13520499	0	1	20166	1	0	next	other	0
NU2-17	737	Picture	24	13555831	0	1	20166	1	0	next	other	0
NU2-17	739	Picture	40	13591164	0	1	30666	1	0	next	other	0
NU2-17	739	Text Input	10	13621657	30493	0
NU2-17	739	Response	0	13621657	30493	1
NU2-17	740	Response	100	13623417	1587	1
NU2-17	742	Picture	10	13652162	0	1	20166	1	0	next	other	0
NU2-17	744	Picture	36	13687495	0	1	20166	1	0	next	other	0
NU2-17	746	Picture	50	13722827	0	1	26499	1	0	next	other	0
NU2-17	746	Text Input	7	13749176	26349	0
NU2-17	746	Response	0	13749176	26349	1
NU2-17	747	Response	100	13751096	1769	1
NU2-17	749	Picture	11	13779659	0	1	20166	1	0	next	other	0
NU2-17	751	Picture	35	13814991	0	1	20166	1	0	next	other	0
NU2-17	753	Picture	50	13850324	0	1	30999	1	0	next	other	0
NU2-17	753	Text Input	8	13881175	30851	0
NU2-17	753	Response	0	13881175	30851	1
NU2-17	754	Response	100	13881975	652	1
NU2-17	756	Picture	9	13911656	0	1	20166	1	0	next	other	0
NU2-17	758	Picture	37	13946988	0	1	20166	1	0	next	other	0
NU2-17	760	Picture	72	13982321	0	1	20166	1	0	next	other	0
NU2-17	761	Response	0	14016534	13881	1
NU2-17	761	Response	0	14020054	17400	1
NU2-17	762	Response	0	14025014	4694	1
NU2-17	762	Response	0	14026133	5814	1
NU2-17	763	Response	0	14045974	19654	1
NU2-17	763	Response	100	14047413	21094	1
NU2-17	765	Picture	9	14062819	0	1	20166	1	0	next	other	0
NU2-17	767	Picture	24	14098151	0	1	20166	1	0	next	other	0
NU2-17	769	Picture	61	14133484	0	1	20166	1	0	next	other	0
NU2-17	770	Response	0	14158453	4636	1
NU2-17	770	Response	0	14164212	10395	1
NU2-17	771	Response	0	14168532	4049	1
NU2-17	771	Response	0	14169492	5009	1
NU2-17	772	Response	0	14181172	11356	1
NU2-17	772	Response	100	14182452	12636	1
NU2-17	774	Picture	11	14197815	0	1	20166	1	0	next	other	0
NU2-17	776	Picture	24	14233148	0	1	20166	1	0	next	other	0
NU2-17	778	Picture	61	14268480	0	1	20166	1	0	next	other	0
NU2-17	779	Response	0	14300211	11398	1
NU2-17	779	Response	0	14305811	16998	1
NU2-17	780	Response	0	14310931	4952	1
NU2-17	780	Response	0	14311731	5752	1
NU2-17	781	Response	0	14337011	25032	1
NU2-17	781	Response	100	14338451	26472	1
NU2-17	783	Picture	8	14353811	0	1	20166	1	0	next	other	0
NU2-17	785	Picture	37	14389144	0	1	20166	1	0	next	other	0
NU2-17	787	Picture	74	14424476	0	1	20166	1	0	next	other	0
NU2-17	788	Response	0	14462610	17801	1
NU2-17	788	Response	0	14464530	19720	1
NU2-17	789	Response	0	14470770	5961	1
NU2-17	789	Response	100	14472369	7561	1
NU2-17	791	Picture	10	14487808	0	1	20166	1	0	next	other	0
NU2-17	793	Picture	27	14523140	0	1	20166	1	0	next	other	0
NU2-17	795	Picture	61	14558473	0	1	20166	1	0	next	other	0
NU2-17	796	Response	0	14581489	2683	1
NU2-17	796	Response	0	14590608	11803	1
NU2-17	797	Response	0	14593168	2363	1
NU2-17	797	Response	0	14594128	3323	1
NU2-17	798	Response	0	14601328	7023	1
NU2-17	798	Response	0	14602288	7983	1
NU2-17	799	Response	0	14618288	15816	1
NU2-17	799	Response	0	14619248	16776	1
NU2-17	800	Response	0	14627568	8097	1
NU2-17	800	Response	100	14629008	9537	1
NU2-17	802	Picture	12	14644471	0	1	20166	1	0	next	other	0
NU2-17	804	Picture	35	14679803	0	1	20166	1	0	next	other	0
NU2-17	806	Picture	71	14715136	0	1	20166	1	0	next	other	0
NU2-17	807	Response	0	14740527	5059	1
NU2-17	807	Response	0	14750766	15298	1
NU2-17	808	Response	0	14768047	17079	1
NU2-17	808	Response	0	14768687	17719	1
NU2-17	809	Response	0	14779247	10279	1
NU2-17	809	Response	100	14780687	11719	1
NU2-17	811	Picture	12	14796134	0	1	20166	1	0	next	other	0
NU2-17	813	Picture	34	14831466	0	1	20166	1	0	next	other	0
NU2-17	815	Picture	73	14866798	0	1	20166	1	0	next	other	0
NU2-17	816	Response	0	14908046	20915	1
NU2-17	816	Response	0	14912845	25714	1
NU2-17	817	Response	0	14918125	4995	1
NU2-17	817	Response	0	14918605	5475	1
NU2-17	818	Response	0	14926925	8128	1
NU2-17	818	Response	100	14928365	9568	1
NU2-17	820	Picture	9	14943797	0	1	20166	1	0	next	other	0
NU2-17	822	Picture	24	14979129	0	1	20166	1	0	next	other	0
NU2-17	824	Picture	40	15014462	0	1	30166	1	0	next	other	0
NU2-17	824	Text Input	11	15044524	30063	0
NU2-17	824	Response	0	15044524	30063	1
NU2-17	825	Response	100	15045484	857	1
NU2-17	827	Picture	12	15074960	0	1	20166	1	0	next	other	0
NU2-17	829	Picture	24	15110292	0	1	20166	1	0	next	other	0
NU2-17	831	Picture	40	15145625	0	1	27499	1	0	next	other	0
NU2-17	831	Text Input	14	15173003	27378	0
NU2-17	831	Response	0	15173003	27378	1
NU2-17	832	Response	100	15174283	1159	1
NU2-17	834	Picture	11	15203457	0	1	20166	1	0	next	other	0
NU2-17	836	Picture	36	15238789	0	1	20166	1	0	next	other	0
NU2-17	838	Picture	50	15274122	0	1	24499	1	0	next	other	0
NU2-17	838	Text Input	8	15298602	24480	0
NU2-17	838	Response	0	15298602	24480	1
NU2-17	839	Response	100	15299882	1261	1
NU2-17	841	Picture	12	15328954	0	1	20166	1	0	next	other	0
NU2-17	843	Picture	24	15364286	0	1	20166	1	0	next	other	0
NU2-17	845	Picture	63	15399619	0	1	20166	1	0	next	other	0
NU2-17	846	Response	0	15423721	3770	1
NU2-17	846	Response	0	15428041	8090	1
NU2-17	847	Response	0	15436361	8076	1
NU2-17	847	Response	0	15437321	9037	1
NU2-17	848	Response	0	15450601	12983	1
NU2-17	848	Response	0	15451401	13783	1
NU2-17	849	Response	0	15459721	8103	1
NU2-17	849	Response	0	15460521	8903	1
NU2-17	850	Response	0	15464841	4057	1
NU2-17	850	Response	100	15465801	5017	1
NU2-17	852	Picture	8	15481283	0	1	20166	1	0	next	other	0
NU2-17	854	Picture	36	15516616	0	1	20166	1	0	next	other	0
NU2-17	856	Picture	50	15551948	0	1	24666	1	0	next	other	0
NU2-17	856	Text Input	5	15576520	24571	0
NU2-17	856	Response	0	15576520	24571	1
NU2-17	857	Response	100	15578120	1506	1
NU2-17	859	Picture	8	15606947	0	1	20166	1	0	next	other	0
NU2-17	861	Picture	24	15642279	0	1	20166	1	0	next	other	0
NU2-17	863	Picture	61	15677612	0	1	20166	1	0	next	other	0
NU2-17	864	Response	0	15701479	3535	1
NU2-17	864	Response	0	15706758	8814	1
NU2-17	865	Response	0	15710919	3974	1
NU2-17	865	Response	0	15712199	5254	1
NU2-17	866	Response	0	15731078	18634	1
NU2-17	866	Response	0	15731718	19274	1
NU2-17	867	Response	0	15735878	3935	1
NU2-17	867	Response	100	15736998	5055	1
NU2-17	869	Picture	8	15752443	0	1	20166	1	0	next	other	0
NU2-17	871	Picture	24	15787776	0	1	20166	1	0	next	other	0
NU2-17	873	Picture	61	15823108	0	1	20166	1	0	next	other	0
NU2-17	874	Response	0	15847718	4277	1
NU2-17	874	Response	0	15852037	8597	1
NU2-17	875	Response	0	15854277	2003	1
NU2-17	875	Response	0	15855397	3123	1
NU2-17	876	Response	0	15872357	16750	1
NU2-17	876	Response	100	15873477	17870	1
NU2-17	878	Picture	12	15888940	0	1	20166	1	0	next	other	0
NU2-17	880	Picture	24	15924272	0	1	20166	1	0	next	other	0
NU2-17	882	Picture	61	15959605	0	1	20166	1	0	next	other	0
NU2-17	883	Response	0	15989156	9219	1
NU2-17	883	Response	0	15992676	12738	1
NU2-17	884	Response	0	15995236	2299	1
NU2-17	884	Response	0	15996036	3099	1
NU2-17	885	Response	0	15998436	2166	1
NU2-17	885	Response	0	15999396	3126	1
NU2-17	886	Response	0	16014436	14833	1
NU2-17	886	Response	100	16015716	16112	1
NU2-17	888	Picture	12	16031103	0	1	20166	1	0	next	other	0
NU2-17	890	Picture	35	16066435	0	1	20166	1	0	next	other	0
NU2-17	892	Picture	73	16101768	0	1	20166	1	0	next	other	0
NU2-17	893	Response	0	16130755	8655	1
NU2-17	893	Response	0	16132035	9934	1
NU2-17	894	Response	0	16134115	1848	1
NU2-17	894	Response	0	16134755	2488	1
NU2-17	895	Response	0	16150115	15181	1
NU2-17	895	Response	0	16151234	16301	1
NU2-17	896	Response	0	16156194	4761	1
NU2-17	896	Response	100	16157154	5721	1
NU2-17	898	Picture	8	16172599	0	1	20166	1	0	next	other	0
NU2-17	900	Picture	25	16207932	0	1	20166	1	0	next	other	0
NU2-17	902	Picture	63	16243264	0	1	20166	1	0	next	other	0
NU2-17	903	Response	0	16282434	18837	1
NU2-17	903	Response	0	16283713	20116	1
NU2-17	904	Response	0	16285953	2023	1
NU2-17	904	Response	0	16286913	2984	1
NU2-17	905	Response	0	16291873	4777	1
NU2-17	905	Response	100	16292833	5737	1
NU2-17	907	Picture	9	16308263	0	1	20166	1	0	next	other	0
NU2-17	909	Picture	35	16343595	0	1	20166	1	0	next	other	0
NU2-17	911	Picture	72	16378927	0	1	20166	1	0	next	other	0
NU2-17	912	Response	0	16403873	4613	1
NU2-17	912	Response	0	16404992	5732	1
NU2-17	913	Response	0	16406272	1012	1
NU2-17	913	Response	0	16407232	1972	1
NU2-17	914	Response	0	16421312	13885	1
NU2-17	914	Response	100	16422272	14845	1
NU2-17	916	Picture	8	16437759	0	1	20166	1	0	next	other	0
NU2-17	918	Picture	34	16473092	0	1	20166	1	0	next	other	0
NU2-17	920	Picture	50	16508424	0	1	25333	1	0	next	other	0
NU2-17	920	Text Input	6	16533631	25207	0
NU2-17	920	Response	0	16533631	25207	1
NU2-17	921	Response	100	16535071	1314	1
NU2-17	923	Picture	9	16564089	0	1	20166	1	0	next	other	0
NU2-17	925	Picture	27	16599422	0	1	20166	1	0	next	other	0
NU2-17	927	Picture	40	16634754	0	1	27833	1	0	next	other	0
NU2-17	927	Text Input	12	16662430	27676	0
NU2-17	927	Response	0	16662430	27676	1
NU2-17	928	Response	100	16664190	1603	1
NU2-17	930	Picture	8	16692920	0	1	20166	1	0	next	other	0
NU2-17	932	Picture	37	16728252	0	1	20166	1	0	next	other	0
NU2-17	934	Picture	72	16763584	0	1	20166	1	0	next	other	0
NU2-17	935	Response	0	16786909	2992	1
NU2-17	935	Response	0	16788029	4111	1
NU2-17	936	Response	0	16789149	898	1
NU2-17	936	Response	0	16790269	2018	1
NU2-17	937	Response	0	16791389	805	1
NU2-17	937	Response	0	16792509	1925	1
NU2-17	938	Response	0	16798749	5998	1
NU2-17	938	Response	100	16799549	6798	1
NU2-17	940	Picture	12	16814917	0	1	20166	1	0	next	other	0
NU2-17	942	Picture	37	16850249	0	1	20166	1	0	next	other	0
NU2-17	944	Picture	50	16885581	0	1	25499	1	0	next	other	0
NU2-17	944	Text Input	8	16910908	25326	0
NU2-17	944	Response	0	16910908	25326	1
NU2-17	945	Response	100	16912028	947	1
NU2-17	947	Picture	12	16941413	0	1	20166	1	0	next	other	0
NU2-17	949	Picture	34	16976746	0	1	20166	1	0	next	other	0
NU2-17	951	Picture	71	17012078	0	1	20166	1	0	next	other	0
NU2-17	952	Response	0	17055067	22656	1
NU2-17	952	Response	0	17060027	27616	1
NU2-17	953	Response	0	17063226	2983	1
NU2-17	953	Response	0	17064666	4423	1
NU2-17	954	Response	0	17081306	16396	1
NU2-17	954	Response	100	17082426	17516	1
NU2-17	956	Picture	13	17097909	0	1	20166	1	0	next	other	0
NU2-17	958	Picture	35	17133242	0	1	20166	1	0	next	other	0
NU2-17	960	Picture	50	17168574	0	1	27499	1	0	next	other	0
NU2-17	960	Text Input	10	17196025	27451	0
NU2-17	960	Response	0	17196025	27451	1
NU2-17	961	Response	100	17197305	1232	1
NU2-17	963	Picture	9	17226406	0	1	20166	1	0	next	other	0
NU2-17	965	Picture	34	17261739	0	1	20166	1	0	next	other	0
NU2-17	967	Picture	73	17297071	0	1	20166	1	0	next	other	0
NU2-17	968	Response	0	17320184	2780	1
NU2-17	968	Response	0	17324824	7420	1
NU2-17	969	Response	0	17328024	2954	1
NU2-17	969	Response	0	17329144	4073	1
NU2-17	970	Response	0	17331224	1820	1
NU2-17	970	Response	0	17331864	2460	1
NU2-17	971	Response	0	17339864	7794	1
NU2-17	971	Response	100	17340984	8913	1
NU2-17	973	Picture	10	17356403	0	1	20166	1	0	next	other	0
NU2-17	975	Picture	35	17391735	0	1	20166	1	0	next	other	0
NU2-17	977	Picture	71	17427068	0	1	20166	1	0	next	other	0
NU2-17	978	Response	0	17450103	2703	1
NU2-17	978	Response	0	17454423	7022	1
NU2-17	979	Response	0	17472663	17929	1
NU2-17	979	Response	0	17473303	18569	1
NU2-17	980	Response	0	17476503	2936	1
NU2-17	980	Response	0	17477143	3576	1
NU2-17	981	Response	0	17484023	6623	1
NU2-17	981	Response	100	17484823	7423	1
NU2-17	983	Picture	8	17500233	0	1	20166	1	0	next	other	0
NU2-17	985	Picture	26	17535565	0	1	20166	1	0	next	other	0
NU2-17	987	Picture	40	17570898	0	1	56499	1	0	next	other	0
NU2-17	987	Response	0	17610262	39364	1
NU2-17	987	Response	100	17611541	40644	1
NU2-17	987	Text Input	11	17627221	56324	0
NU2-17	987	Response	0	17627221	56324	1
NU2-17	988	Response	100	17628821	1425	1
NU2-17	990	Picture	11	17657729	0	1	20166	1	0	next	other	0
NU2-17	992	Picture	36	17693061	0	1	20166	1	0	next	other	0
NU2-17	994	Picture	50	17728394	0	1	26999	1	0	next	other	0
NU2-17	994	Text Input	8	17755220	26826	0
NU2-17	994	Response	0	17755220	26826	1
NU2-17	995	Response	100	17756660	1267	1
NU2-17	997	Picture	8	17785726	0	1	20166	1	0	next	other	0
NU2-17	999	Picture	26	17821058	0	1	20166	1	0	next	other	0
NU2-17	1001	Picture	65	17856391	0	1	20166	1	0	next	other	0
NU2-17	1002	Response	0	17911699	34976	1
NU2-17	1002	Response	0	17918419	41695	1
NU2-17	1003	Response	0	17921299	2576	1
NU2-17	1003	Response	0	17922739	4016	1
NU2-17	1004	Response	0	17934899	11843	1
NU2-17	1004	Response	0	17935859	12803	1
NU2-17	1005	Response	0	17938099	2043	1
NU2-17	1005	Response	0	17939218	3163	1
NU2-17	1006	Response	0	17947858	8470	1
NU2-17	1006	Response	0	17948498	9110	1
NU2-17	1007	Response	0	17953619	4897	1
NU2-17	1007	Response	100	17954739	6017	1
NU2-17	1009	Picture	13	17970221	0	1	20166	1	0	next	other	0
NU2-17	1011	Picture	27	18005554	0	1	20166	1	0	next	other	0
NU2-17	1013	Picture	40	18040886	0	1	27833	1	0	next	other	0
NU2-17	1013	Text Input	16	18068657	27771	0
NU2-17	1013	Response	0	18068657	27771	1
NU2-17	1014	Response	100	18070257	1539	1
NU2-17	1016	Picture	10	18099051	0	1	20166	1	0	next	other	0
NU2-17	1018	Picture	24	18134384	0	1	20166	1	0	next	other	0
NU2-17	1020	Picture	40	18169716	0	1	27999	1	0	next	other	0
NU2-17	1020	Text Input	12	18197616	27900	0
NU2-17	1020	Response	0	18197616	27900	1
NU2-17	1021	Response	100	18198896	1181	1
NU2-17	1023	Picture	11	18228048	0	1	20166	1	0	next	other	0
NU2-17	1025	Picture	24	18263380	0	1	20166	1	0	next	other	0
NU2-17	1027	Picture	40	18298713	0	1	28333	1	0	next	other	0
NU2-17	1027	Text Input	13	18326895	28182	0
NU2-17	1027	Response	0	18326895	28182	1
NU2-17	1028	Response	100	18328335	1290	1
NU2-17	1030	Picture	9	18357378	0	1	20166	1	0	next	other	0
NU2-17	1032	Picture	37	18392710	0	1	20166	1	0	next	other	0
NU2-17	1034	Picture	50	18428043	0	1	25666	1	0	next	other	0
NU2-17	1034	Text Input	5	18453614	25571	0
NU2-17	1034	Response	0	18453614	25571	1
NU2-17	1035	Response	100	18455214	1505	1
NU2-17	1037	Picture	8	18484042	0	1	20166	1	0	next	other	0
NU2-17	1039	Picture	35	18519374	0	1	20166	1	0	next	other	0
NU2-17	1041	Picture	72	18554706	0	1	20166	1	0	next	other	0
NU2-17	1042	Response	0	18579373	4334	1
NU2-17	1042	Response	0	18580653	5614	1
NU2-17	1043	Response	0	18581773	900	1
NU2-17	1043	Response	0	18582733	1860	1
NU2-17	1044	Response	0	18591853	8814	1
NU2-17	1044	Response	100	18592493	9454	1
NU2-17	1046	Picture	12	18607872	0	1	20166	1	0	next	other	0
NU2-17	1048	Picture	36	18643204	0	1	20166	1	0	next	other	0
NU2-17	1050	Picture	72	18678537	0	1	20166	1	0	next	other	0
NU2-17	1051	Response	0	18706572	7703	1
NU2-17	1051	Response	0	18709132	10262	1
NU2-17	1052	Response	0	18719692	10322	1
NU2-17	1052	Response	100	18721131	11762	1
NU2-17	1054	Picture	10	18736535	0	1	20166	1	0	next	other	0
NU2-17	1056	Picture	26	18771868	0	1	20166	1	0	next	other	0
NU2-17	1058	Picture	61	18807200	0	1	20166	1	0	next	other	0
NU2-17	1059	Response	0	18832331	4798	1
NU2-17	1059	Response	0	18839850	12317	1
NU2-17	1060	Response	0	18844490	4458	1
NU2-17	1060	Response	0	18845610	5578	1
NU2-17	1061	Response	0	18848650	2784	1
NU2-17	1061	Response	0	18849450	3584	1
NU2-17	1062	Response	0	18862411	12712	1
NU2-17	1062	Response	0	18863530	13831	1
NU2-17	1063	Response	0	18868650	4952	1
NU2-17	1063	Response	100	18870090	6392	1
NU2-17	1065	Picture	10	18885532	0	1	20166	1	0	next	other	0
NU2-17	1067	Picture	37	18920864	0	1	20166	1	0	next	other	0
NU2-17	1069	Picture	50	18956196	0	1	53999	1	0	next	other	0
NU2-17	1069	Text Input	6	19010089	53893	0
NU2-17	1069	Response	0	19010089	53893	1
NU2-17	1070	Response	100	19010889	694	1
NU2-17	1072	Picture	12	19040528	0	1	20166	1	0	next	other	0
NU2-17	1074	Picture	26	19075860	0	1	20166	1	0	next	other	0
NU2-17	1076	Picture	40	19111193	0	1	44166	1	0	next	other	0
NU2-17	1076	Text Input	15	19155208	44015	0
NU2-17	1076	Response	0	19155208	44015	1
NU2-17	1077	Response	100	19156648	1289	1
NU2-17	1079	Picture	9	19185691	0	1	20166	1	0	next	other	0
NU2-17	1081	Picture	35	19221023	0	1	20166	1	0	next	other	0
NU2-17	1083	Picture	73	19256356	0	1	20166	1	0	next	other	0
NU2-17	1084	Response	0	19280487	3798	1
NU2-17	1084	Response	0	19282887	6198	1
NU2-17	1085	Response	0	19291687	8498	1
NU2-17	1085	Response	100	19293286	10098	1
NU2-17	1087	Picture	12	19308688	0	1	20166	1	0	next	other	0
NU2-17	1089	Picture	27	19344020	0	1	20166	1	0	next	other	0
NU2-17	1091	Picture	40	19379353	0	1	29166	1	0	next	other	0
NU2-17	1091	Text Input	15	19408485	29133	0
NU2-17	1091	Response	0	19408485	29133	1
NU2-17	1092	Response	100	19410565	2047	1
NU2-17	1094	Picture	13	19438851	0	1	20166	1	0	next	other	0
NU2-17	1096	Picture	27	19474183	0	1	20166	1	0	next	other	0
NU2-17	1098	Picture	40	19509516	0	1	28833	1	0	next	other	0
NU2-17	1098	Text Input	16	19538244	28728	0
NU2-17	1098	Response	0	19538244	28728	1
NU2-17	1099	Response	100	19540004	1656	1
NU2-17	1101	Picture	8	19568681	0	1	20166	1	0	next	other	0
NU2-17	1103	Picture	26	19604014	0	1	20166	1	0	next	other	0
NU2-17	1105	Picture	40	19639346	0	1	27999	1	0	next	other	0
NU2-17	1105	Text Input	11	19667203	27857	0
NU2-17	1105	Response	0	19667203	27857	1
NU2-17	1106	Response	100	19668323	978	1
NU2-17	1108	Picture	9	19697678	0	1	20166	1	0	next	other	0
NU2-17	1110	Picture	35	19733010	0	1	20166	1	0	next	other	0
NU2-17	1112	Picture	50	19768343	0	1	29999	1	0	next	other	0
NU2-17	1112	Text Input	6	19798242	29899	0
NU2-17	1112	Response	0	19798242	29899	1
NU2-17	1113	Response	100	19799842	1500	1
NU2-17	1115	Picture	12	19828675	0	1	20166	1	0	next	other	0
NU2-17	1117	Picture	27	19864007	0	1	20166	1	0	next	other	0
NU2-17	1119	Picture	40	19899340	0	1	27333	1	0	next	other	0
NU2-17	1119	Text Input	15	19926561	27221	0
NU2-17	1119	Response	0	19926561	27221	1
NU2-17	1120	Response	100	19928641	1969	1
NU2-17	1122	Picture	8	19957005	0	1	20166	1	0	next	other	0
NU2-17	1124	Picture	26	19992337	0	1	20166	1	0	next	other	0
NU2-17	1126	Picture	61	20027670	0	1	20166	1	0	next	other	0
NU2-17	1127	Response	0	20051040	3038	1
NU2-17	1127	Response	0	20056960	8957	1
NU2-17	1128	Response	0	20059680	2511	1
NU2-17	1128	Response	0	20061119	3950	1
NU2-17	1129	Response	0	20062560	1224	1
NU2-17	1129	Response	0	20063679	2343	1
NU2-17	1130	Response	0	20067840	3837	1
NU2-17	1130	Response	100	20069920	5917	1
NU2-17	1132	Picture	10	20085335	0	1	20166	1	0	next	other	0
NU2-17	1134	Picture	37	20120667	0	1	20166	1	0	next	other	0
NU2-17	1136	Picture	50	20156000	0	1	26333	1	0	next	other	0
NU2-17	1136	Text Input	6	20182239	26239	0
NU2-17	1136	Response	0	20182239	26239	1
NU2-17	1137	Response	100	20183999	1666	1
NU2-17	1139	Picture	12	20212665	0	1	20166	1	0	next	other	0
NU2-17	1141	Picture	27	20247998	0	1	20166	1	0	next	other	0
NU2-17	1143	Picture	40	20283330	0	1	28999	1	0	next	other	0
NU2-17	1143	Text Input	15	20312157	28827	0
NU2-17	1143	Response	0	20312157	28827	1
NU2-17	1144	Response	100	20314237	1908	1
NU2-17	1146	Picture	9	20342662	0	1	20166	1	0	next	other	0
NU2-17	1148	Picture	24	20377994	0	1	20166	1	0	next	other	0
NU2-17	1150	Picture	40	20413327	0	1	26999	1	0	next	other	0
NU2-17	1150	Text Input	11	20440156	26829	0
NU2-17	1150	Response	0	20440156	26829	1
NU2-17	1151	Response	100	20442236	1910	1
NU2-17	1153	Picture	8	20470659	0	1	20166	1	0	next	other	0
NU2-17	1155	Picture	27	20505991	0	1	20166	1	0	next	other	0
NU2-17	1157	Picture	64	20541324	0	1	20166	1	0	next	other	0
NU2-17	1158	Response	0	20618235	56579	1
NU2-17	1158	Response	0	20619995	58338	1
NU2-17	1159	Response	0	20624475	4153	1
NU2-17	1159	Response	0	20625915	5593	1
NU2-17	1160	Response	0	20628475	2320	1
NU2-17	1160	Response	0	20629435	3280	1
NU2-17	1161	Response	0	20639834	10180	1
NU2-17	1161	Response	100	20641754	12100	1
NU2-17	1163	Picture	9	20657154	0	1	20166	1	0	next	other	0
NU2-17	1165	Picture	37	20692486	0	1	20166	1	0	next	other	0
NU2-17	1167	Picture	50	20727819	0	1	27166	1	0	next	other	0
NU2-17	1167	Text Input	5	20754873	27055	0
NU2-17	1167	Response	0	20754873	27055	1
NU2-17	1168	Response	100	20756953	1969	1
NU2-17	1170	Picture	10	20785317	0	1	20166	1	0	next	other	0
NU2-17	1172	Picture	27	20820650	0	1	20166	1	0	next	other	0
NU2-17	1174	Picture	40	20855982	0	1	27666	1	0	next	other	0
NU2-17	1174	Text Input	13	20883512	27530	0
NU2-17	1174	Response	0	20883512	27530	1
NU2-17	1175	Response	100	20885592	1944	1
NU2-17	1177	Picture	12	20913981	0	1	20166	1	0	next	other	0
NU2-17	1179	Picture	27	20949313	0	1	20166	1	0	next	other	0
NU2-17	1181	Picture	64	20984646	0	1	20166	1	0	next	other	0
NU2-17	1182	Response	0	21019672	14693	1
NU2-17	1182	Response	0	21021111	16132	1
NU2-17	1183	Response	0	21024151	2840	1
NU2-17	1183	Response	0	21025111	3799	1
NU2-17	1184	Response	0	21030871	5560	1
NU2-17	1184	Response	0	21031671	6359	1
NU2-17	1185	Response	0	21034551	2573	1
NU2-17	1185	Response	0	21035671	3693	1
NU2-17	1186	Response	0	21037751	1773	1
NU2-17	1186	Response	100	21039031	3053	1
NU2-17	1188	Picture	12	21054477	0	1	20166	1	0	next	other	0
NU2-17	1190	Picture	26	21089810	0	1	20166	1	0	next	other	0
NU2-17	1192	Picture	62	21125142	0	1	20166	1	0	next	other	0
NU2-17	1193	Response	0	21148790	3315	1
NU2-17	1193	Response	0	21151990	6515	1
NU2-17	1194	Response	0	21155030	2722	1
NU2-17	1194	Response	0	21155830	3522	1
NU2-17	1195	Response	0	21161110	4968	1
NU2-17	1195	Response	100	21162550	6408	1
NU2-17	1197	Picture	10	21177974	0	1	20166	1	0	next	other	0
NU2-17	1199	Picture	36	21213307	0	1	20166	1	0	next	other	0
NU2-17	1201	Picture	71	21248639	0	1	20166	1	0	next	other	0
NU2-17	1202	Response	0	21273909	4937	1
NU2-17	1202	Response	0	21281268	12296	1
NU2-17	1203	Response	0	21285109	3637	1
NU2-17	1203	Response	0	21286549	5077	1
NU2-17	1204	Response	0	21307989	21184	1
NU2-17	1204	Response	0	21308628	21823	1
NU2-17	1205	Response	0	21311508	2704	1
NU2-17	1205	Response	100	21312788	3984	1
NU2-17	1207	Picture	11	21328137	0	1	20166	1	0	next	other	0
NU2-17	1209	Picture	26	21363470	0	1	20166	1	0	next	other	0
NU2-17	1211	Picture	40	21398802	0	1	32333	1	0	next	other	0
NU2-17	1211	Text Input	14	21431027	32225	0
NU2-17	1211	Response	0	21431027	32225	1
NU2-17	1212	Response	100	21432947	1813	1
NU2-17	1214	Picture	9	21461467	0	1	20166	1	0	next	other	0
NU2-17	1216	Picture	34	21496800	0	1	20166	1	0	next	other	0
NU2-17	1218	Picture	50	21532132	0	1	25999	1	0	next	other	0
NU2-17	1218	Text Input	7	21558066	25934	0
NU2-17	1218	Response	0	21558066	25934	1
NU2-17	1219	Response	100	21559666	1535	1
NU2-17	1221	Picture	9	21588464	0	1	20166	1	0	next	other	0
NU2-17	1223	Picture	34	21623797	0	1	20166	1	0	next	other	0
NU2-17	1225	Picture	50	21659129	0	1	25499	1	0	next	other	0
NU2-17	1225	Text Input	7	21684465	25336	0
NU2-17	1225	Response	0	21684465	25336	1
NU2-17	1226	Response	100	21686065	1437	1
NU2-17	1228	Picture	10	21714961	0	1	20166	1	0	next	other	0
NU2-17	1230	Picture	26	21750293	0	1	20166	1	0	next	other	0
NU2-17	1232	Picture	40	21785626	0	1	35999	1	0	next	other	0
NU2-17	1232	Response	0	21788624	2998	1
NU2-17	1232	Response	100	21789584	3958	1
NU2-17	1232	Text Input	13	21821584	35958	0
NU2-17	1232	Response	0	21821584	35958	1
NU2-17	1233	Response	100	21822384	759	1
NU2-17	1235	Picture	8	21851958	0	1	20166	1	0	next	other	0
NU2-17	1237	Picture	36	21887290	0	1	20166	1	0	next	other	0
NU2-17	1239	Picture	71	21922622	0	1	20166	1	0	next	other	0
NU2-17	1240	Response	0	21951343	8388	1
NU2-17	1240	Response	0	21958542	15587	1
NU2-17	1241	Response	0	21967503	8714	1
NU2-17	1241	Response	0	21968623	9834	1
NU2-17	1242	Response	0	21972623	3668	1
NU2-17	1242	Response	100	21974063	5108	1
NU2-17	1244	Picture	11	21989454	0	1	20166	1	0	next	other	0
NU2-17	1246	Picture	37	22024787	0	1	20166	1	0	next	other	0
NU2-17	1248	Picture	50	22060119	0	1	38666	1	0	next	other	0
NU2-17	1248	Text Input	7	22098701	38582	0
NU2-17	1248	Response	0	22098701	38582	1
NU2-17	1249	Response	100	22099821	1037	1
NU2-17	1251	Picture	11	22129117	0	1	20166	1	0	next	other	0
NU2-17	1253	Picture	25	22164450	0	1	20166	1	0	next	other	0
NU2-17	1255	Picture	61	22199782	0	1	20166	1	0	next	other	0
NU2-17	1256	Response	0	22231821	11706	1
NU2-17	1256	Response	0	22239820	19705	1
NU2-17	1257	Response	0	22256140	16026	1
NU2-17	1257	Response	100	22257740	17626	1
NU2-17	1259	Picture	9	22273114	0	1	20166	1	0	next	other	0
NU2-17	1261	Picture	26	22308446	0	1	20166	1	0	next	other	0
NU2-17	1263	Picture	64	22343779	0	1	20166	1	0	next	other	0
NU2-17	1264	Response	0	22366860	2748	1
NU2-17	1264	Response	0	22369579	5468	1
NU2-17	1265	Response	0	22374219	4441	1
NU2-17	1265	Response	100	22375659	5881	1
NU2-17	1267	Picture	8	22391111	0	1	20166	1	0	next	other	0
NU2-17	1269	Picture	25	22426443	0	1	20166	1	0	next	other	0
NU2-17	1271	Picture	64	22461776	0	1	20166	1	0	next	other	0
NU2-17	1272	Response	0	22486059	3950	1
NU2-17	1272	Response	0	22493098	10989	1
NU2-17	1273	Response	0	22496618	3343	1
NU2-17	1273	Response	0	22498858	5583	1
NU2-17	1274	Response	0	22506538	7430	1
NU2-17	1274	Response	100	22507817	8709	1
NU2-17	1276	Picture	12	22523274	0	1	20166	1	0	next	other	0
NU2-17	1278	Picture	26	22558607	0	1	20166	1	0	next	other	0
NU2-17	1280	Picture	40	22593939	0	1	28166	1	0	next	other	0
NU2-17	1280	Text Input	15	22622057	28118	0
NU2-17	1280	Response	0	22622057	28118	1
NU2-17	1281	Response	100	22623817	1712	1
NU2-17	1283	Picture	8	22652438	0	1	20166	1	0	next	other	0
NU2-17	1285	Picture	25	22687770	0	1	20166	1	0	next	other	0
NU2-17	1287	Picture	61	22723102	0	1	20166	1	0	next	other	0
NU2-17	1288	Response	0	22745896	2461	1
NU2-17	1288	Response	0	22754055	10620	1
NU2-17	1289	Response	0	22760136	5867	1
NU2-17	1289	Response	100	22761575	7307	1
NU2-17	1291	Picture	8	22776934	0	1	20166	1	0	next	other	0
NU2-17	1293	Picture	26	22812267	0	1	20166	1	0	next	other	0
NU2-17	1295	Picture	40	22847599	0	1	27333	1	0	next	other	0
NU2-17	1295	Text Input	11	22874855	27255	0
NU2-17	1295	Response	0	22874855	27255	1
NU2-17	1296	Response	100	22876295	1363	1
NU2-17	1298	Picture	12	22905265	0	1	20166	1	0	next	other	0
NU2-17	1300	Picture	36	22940597	0	1	20166	1	0	next	other	0
NU2-17	1302	Picture	74	22975929	0	1	20166	1	0	next	other	0
NU2-17	1303	Response	0	23011814	15552	1
NU2-17	1303	Response	0	23013093	16831	1
NU2-17	1304	Response	0	23014853	1591	1
NU2-17	1304	Response	0	23015813	2551	1
NU2-17	1305	Response	0	23033253	17158	1
NU2-17	1305	Response	0	23033893	17798	1
NU2-17	1306	Response	0	23037413	3318	1
NU2-17	1306	Response	100	23039013	4918	1
NU2-17	1308	Picture	11	23054427	0	1	20166	1	0	next	other	0
NU2-17	1310	Picture	37	23089760	0	1	20166	1	0	next	other	0
NU2-17	1312	Picture	76	23125092	0	1	20166	1	0	next	other	0
NU2-17	1313	Response	0	23148133	2707	1
NU2-17	1313	Response	0	23157892	12467	1
NU2-17	1314	Response	0	23160932	2840	1
NU2-17	1314	Response	0	23162212	4120	1
NU2-17	1315	Response	0	23164292	1867	1
NU2-17	1315	Response	0	23165252	2827	1
NU2-17	1316	Response	0	23174852	9427	1
NU2-17	1316	Response	100	23176292	10867	1
NU2-17	1318	Picture	10	23191757	0	1	20166	1	0	next	other	0
NU2-17	1320	Picture	34	23227090	0	1	20166	1	0	next	other	0
NU2-17	1322	Picture	50	23262422	0	1	28499	1	0	next	other	0
NU2-17	1322	Text Input	8	23290851	28429	0
NU2-17	1322	Response	0	23290851	28429	1
NU2-17	1323	Response	100	23291811	889	1
NU2-17	1325	Picture	10	23321254	0	1	20166	1	0	next	other	0
NU2-17	1327	Picture	25	23356587	0	1	20166	1	0	next	other	0
NU2-17	1329	Picture	40	23391919	0	1	27499	1	0	next	other	0
NU2-17	1329	Text Input	12	23419330	27411	0
NU2-17	1329	Response	0	23419330	27411	1
NU2-17	1330	Response	100	23420930	1511	1
NU2-17	1332	Picture	9	23449751	0	1	20166	1	0	next	other	0
NU2-17	1334	Picture	25	23485083	0	1	20166	1	0	next	other	0
NU2-17	1336	Picture	61	23520416	0	1	20166	1	0	next	other	0
NU2-17	1337	Response	0	23575969	35220	1
NU2-17	1337	Response	0	23586528	45779	1
NU2-17	1338	Response	0	23595648	8901	1
NU2-17	1338	Response	100	23597248	10500	1
NU2-17	1340	Picture	9	23612747	0	1	20166	1	0	next	other	0
NU2-17	1342	Picture	27	23648079	0	1	20166	1	0	next	other	0
NU2-17	1344	Picture	40	23683412	0	1	28166	1	0	next	other	0
NU2-17	1344	Text Input	12	23711487	28075	0
NU2-17	1344	Response	0	23711487	28075	1
NU2-17	1345	Response	100	23713087	1509	1
NU2-17	1347	Picture	10	23741910	0	1	20166	1	0	next	other	0
NU2-17	1349	Picture	35	23777243	0	1	20166	1	0	next	other	0
NU2-17	1351	Picture	50	23812575	0	1	35999	1	0	next	other	0
NU2-17	1351	Text Input	7	23848446	35870	0
NU2-17	1351	Response	0	23848446	35870	1
NU2-17	1352	Response	100	23849086	511	1
NU2-17	1354	Picture	9	23878907	0	1	20166	1	0	next	other	0
NU2-17	1356	Picture	26	23914239	0	1	20166	1	0	next	other	0
NU2-17	1358	Picture	40	23949572	0	1	28166	1	0	next	other	0
NU2-17	1358	Text Input	12	23977725	28153	0
NU2-17	1358	Response	0	23977725	28153	1
NU2-17	1359	Response	100	23979005	1267	1
NU2-17	1361	Picture	8	24008070	0	1	20166	1	0	next	other	0
NU2-17	1363	Picture	27	24043403	0	1	20166	1	0	next	other	0
NU2-17	1365	Picture	65	24078735	0	1	20166	1	0	next	other	0
NU2-17	1366	Response	0	24101724	2656	1
NU2-17	1366	Response	0	24107003	7935	1
NU2-17	1367	Response	0	24109724	2489	1
NU2-17	1367	Response	0	24111003	3769	1
NU2-17	1368	Response	0	24112923	1689	1
NU2-17	1368	Response	0	24113083	1849	1
NU2-17	1369	Response	0	24115483	2082	1
NU2-17	1369	Response	0	24116603	3202	1
NU2-17	1370	Response	0	24122363	5462	1
NU2-17	1370	Response	100	24123003	6102	1
NU2-17	1372	Picture	9	24138400	0	1	20166	1	0	next	other	0
NU2-17	1374	Picture	25	24173733	0	1	20166	1	0	next	other	0
NU2-17	1376	Picture	40	24209065	0	1	29833	1	0	next	other	0
NU2-17	1376	Text Input	11	24238842	29777	0
NU2-17	1376	Response	0	24238842	29777	1
NU2-17	1377	Response	100	24239482	584	1
NU2-17	1379	Picture	11	24269230	0	1	20166	1	0	next	other	0
NU2-17	1381	Picture	37	24304563	0	1	20166	1	0	next	other	0
NU2-17	1383	Picture	73	24339895	0	1	20166	1	0	next	other	0
NU2-17	1384	Response	0	24372122	11893	1
NU2-17	1384	Response	0	24373241	13013	1
NU2-17	1385	Response	0	24374841	1280	1
NU2-17	1385	Response	0	24375481	1920	1
NU2-17	1386	Response	0	24383161	7433	1
NU2-17	1386	Response	0	24383801	8073	1
NU2-17	1387	Response	0	24388601	4540	1
NU2-17	1387	Response	100	24389401	5340	1
NU2-17	1389	Picture	9	24404894	0	1	20166	1	0	next	other	0
NU2-17	1391	Picture	27	24440226	0	1	20166	1	0	next	other	0
NU2-17	1393	Picture	40	24475559	0	1	29166	1	0	next	other	0
NU2-17	1393	Text Input	12	24504600	29041	0
NU2-17	1393	Response	0	24504600	29041	1
NU2-17	1394	Response	100	24505880	1155	1
NU2-17	1396	Picture	11	24535057	0	1	20166	1	0	next	other	0
NU2-17	1398	Picture	35	24570390	0	1	20166	1	0	next	other	0
NU2-17	1400	Picture	71	24605722	0	1	20166	1	0	next	other	0
NU2-17	1401	Response	0	24630039	3984	1
NU2-17	1401	Response	0	24636919	10864	1
NU2-17	1402	Response	0	24644759	7537	1
NU2-17	1402	Response	100	24646359	9137	1
NU2-17	1404	Picture	11	24661721	0	1	20166	1	0	next	other	0
NU2-17	1406	Picture	26	24697053	0	1	20166	1	0	next	other	0
NU2-17	1408	Picture	63	24732386	0	1	20166	1	0	next	other	0
NU2-17	1409	Response	0	24766358	13640	1
NU2-17	1409	Response	100	24767958	15239	1
NU2-17	1411	Picture	9	24783384	0	1	20166	1	0	next	other	0
NU2-17	1413	Picture	24	24818717	0	1	20166	1	0	next	other	0
NU2-17	1415	Picture	61	24854049	0	1	20166	1	0	next	other	0
NU2-17	1416	Response	0	24876757	2375	1
NU2-17	1416	Response	0	24883157	8775	1
NU2-17	1417	Response	0	24899317	15935	1
NU2-17	1417	Response	100	24901077	17695	1
NU2-17	1419	Picture	8	24916548	0	1	20166	1	0	next	other	0
NU2-17	1421	Picture	36	24951880	0	1	20166	1	0	next	other	0
NU2-17	1423	Picture	71	24987213	0	1	20166	1	0	next	other	0
NU2-17	1424	Response	0	25010356	2811	1
NU2-17	1424	Response	0	25018675	11130	1
NU2-17	1425	Response	0	25027475	8597	1
NU2-17	1425	Response	0	25027955	9077	1
NU2-17	1426	Response	0	25031155	2944	1
NU2-17	1426	Response	100	25031635	3424	1
NU2-17	1428	Picture	12	25047044	0	1	20166	1	0	next	other	0
NU2-17	1430	Picture	37	25082377	0	1	20166	1	0	next	other	0
NU2-17	1432	Picture	50	25117709	0	1	26333	1	0	next	other	0
NU2-17	1432	Text Input	8	25143954	26245	0
NU2-17	1432	Response	0	25143954	26245	1
NU2-17	1433	Response	100	25145554	1512	1
NU2-17	1435	Picture	10	25174375	0	1	20166	1	0	next	other	0
NU2-17	1437	Picture	36	25209707	0	1	20166	1	0	next	other	0
NU2-17	1439	Picture	73	25245039	0	1	20166	1	0	next	other	0
NU2-17	1440	Response	0	25289873	24501	1
NU2-17	1440	Response	100	25291953	26581	1
NU2-17	1442	Picture	9	25307371	0	1	20166	1	0	next	other	0
NU2-17	1444	Picture	36	25342704	0	1	20166	1	0	next	other	0
NU2-17	1446	Picture	50	25378036	0	1	25999	1	0	next	other	0
NU2-17	1446	Text Input	6	25403952	25916	0
NU2-17	1446	Response	0	25403952	25916	1
NU2-17	1447	Response	100	25405232	1196	1
NU2-17	1449	Picture	9	25434368	0	1	20166	1	0	next	other	0
NU2-17	1451	Picture	26	25469701	0	1	20166	1	0	next	other	0
NU2-17	1453	Picture	40	25505033	0	1	27999	1	0	next	other	0
NU2-17	1453	Text Input	12	25532911	27878	0
NU2-17	1453	Response	0	25532911	27878	1
NU2-17	1454	Response	100	25534511	1479	1
NU2-17	1456	Picture	10	25563365	0	1	20166	1	0	next	other	0
NU2-17	1458	Picture	26	25598697	0	1	20166	1	0	next	other	0
NU2-17	1460	Picture	65	25634030	0	1	20166	1	0	next	other	0
NU2-17	1461	Response	0	25656910	2548	1
NU2-17	1461	Response	0	25665230	10867	1
NU2-17	1462	Response	0	25671150	5621	1
NU2-17	1462	Response	100	25672750	7221	1
NU2-17	1464	Picture	11	25688195	0	1	20166	1	0	next	other	0
NU2-17	1466	Picture	34	25723528	0	1	20166	1	0	next	other	0
NU2-17	1468	Picture	72	25758860	0	1	20166	1	0	next	other	0
NU2-17	1469	Response	0	25782029	2836	1
NU2-17	1469	Response	100	25783468	4276	1
NU2-17	1471	Picture	12	25798859	0	1	20166	1	0	next	other	0
NU2-17	1473	Picture	27	25834191	0	1	20166	1	0	next	other	0
NU2-17	1475	Picture	64	25869524	0	1	20166	1	0	next	other	0
NU2-17	1476	Response	0	25892908	3051	1
NU2-17	1476	Response	0	25895947	6091	1
NU2-17	1477	Response	0	25903468	7278	1
NU2-17	1477	Response	100	25904587	8398	1
NU2-17	1479	Picture	10	25920023	0	1	20166	1	0	next	other	0
NU2-17	1481	Picture	36	25955355	0	1	20166	1	0	next	other	0
NU2-17	1483	Picture	50	25990688	0	1	34832	1	0	next	other	0
NU2-17	1483	Text Input	7	26025386	34699	0
NU2-17	1483	Response	0	26025386	34699	1
NU2-17	1484	Response	100	26026986	1466	1
NU2-17	1486	Picture	9	26055853	0	1	20166	1	0	next	other	0
NU2-17	1488	Picture	24	26091185	0	1	20166	1	0	next	other	0
NU2-17	1490	Picture	40	26126517	0	1	25833	1	0	next	other	0
NU2-17	1490	Text Input	11	26152265	25748	0
NU2-17	1490	Response	0	26152265	25748	1
NU2-17	1491	Response	100	26154025	1675	1
NU2-17	1493	Picture	12	26182683	0	1	20166	1	0	next	other	0
NU2-17	1495	Picture	25	26218015	0	1	20166	1	0	next	other	0
NU2-17	1497	Picture	40	26253348	0	1	29499	1	0	next	other	0
NU2-17	1497	Text Input	14	26282824	29476	0
NU2-17	1497	Response	0	26282824	29476	1
NU2-17	1498	Response	100	26284744	1897	1
NU2-17	1501	Picture	8	26913331	0	1	20166	1	0	next	other	0
NU2-17	1503	Picture	34	26948664	0	1	20166	1	0	next	other	0
NU2-17	1505	Picture	50	26983996	0	1	26999	1	0	next	other	0
NU2-17	1505	Text Input	6	27010978	26982	0
NU2-17	1505	Response	0	27010978	26982	1
NU2-17	1506	Response	100	27012258	1262	1
NU2-17	1508	Picture	9	27041328	0	1	20166	1	0	next	other	0
NU2-17	1510	Picture	26	27076660	0	1	20166	1	0	next	other	0
NU2-17	1512	Picture	63	27111993	0	1	20166	1	0	next	other	0
NU2-17	1513	Response	0	27135297	2971	1
NU2-17	1513	Response	100	27137217	4891	1
NU2-17	1515	Picture	10	27152659	0	1	20166	1	0	next	other	0
NU2-17	1517	Picture	26	27187991	0	1	20166	1	0	next	other	0
NU2-17	1519	Picture	40	27223323	0	1	28499	1	0	next	other	0
NU2-17	1519	Text Input	13	27251775	28452	0
NU2-17	1519	Response	0	27251775	28452	1
NU2-17	1520	Response	100	27253055	1233	1
NU2-17	1522	Picture	11	27282155	0	1	20166	1	0	next	other	0
NU2-17	1524	Picture	34	27317488	0	1	20166	1	0	next	other	0
NU2-17	1526	Picture	50	27352820	0	1	26499	1	0	next	other	0
NU2-17	1526	Text Input	9	27379294	26474	0
NU2-17	1526	Response	0	27379294	26474	1
NU2-17	1527	Response	100	27380574	1255	1
NU2-17	1529	Picture	10	27409652	0	1	20166	1	0	next	other	0
NU2-17	1531	Picture	26	27444985	0	1	20166	1	0	next	other	0
NU2-17	1533	Picture	40	27480317	0	1	35166	1	0	next	other	0
NU2-17	1533	Text Input	13	27515453	35136	0
NU2-17	1533	Response	0	27515453	35136	1
NU2-17	1534	Response	100	27516573	1090	1
NU2-17	1536	Picture	12	27545815	0	1	20166	1	0	next	other	0
NU2-17	1538	Picture	37	27581148	0	1	20166	1	0	next	other	0
NU2-17	1540	Picture	50	27616480	0	1	26666	1	0	next	other	0
NU2-17	1540	Text Input	8	27642972	26491	0
NU2-17	1540	Response	0	27642972	26491	1
NU2-17	1541	Response	100	27644252	1106	1
NU2-17	1543	Picture	10	27673479	0	1	20166	1	0	next	other	0
NU2-17	1545	Picture	37	27708811	0	1	20166	1	0	next	other	0
NU2-17	1547	Picture	50	27744144	0	1	57665	1	0	next	other	0
NU2-17	1547	Text Input	6	27801691	57547	0
NU2-17	1547	Response	0	27801691	57547	1
NU2-17	1548	Response	100	27802490	681	1
NU2-17	1550	Picture	13	27832142	0	1	20166	1	0	next	other	0
NU2-17	1552	Picture	35	27867474	0	1	20166	1	0	next	other	0
NU2-17	1554	Picture	50	27902806	0	1	41499	1	0	next	other	0
NU2-17	1554	Text Input	10	27944249	41443	0
NU2-17	1554	Response	0	27944249	41443	1
NU2-17	1555	Response	100	27945369	1064	1
NU2-17	1557	Picture	10	27974638	0	1	20166	1	0	next	other	0
NU2-17	1559	Picture	27	28009970	0	1	20166	1	0	next	other	0
NU2-17	1561	Picture	61	28045303	0	1	20166	1	0	next	other	0
NU2-17	1562	Response	0	28069689	4053	1
NU2-17	1562	Response	0	28082168	16532	1
NU2-17	1563	Response	0	28089528	7059	1
NU2-17	1563	Response	0	28090328	7859	1
NU2-17	1564	Response	0	28093368	2733	1
NU2-17	1564	Response	100	28094968	4333	1
NU2-17	1566	Picture	10	28110301	0	1	20166	1	0	next	other	0
NU2-17	1568	Picture	24	28145634	0	1	20166	1	0	next	other	0
NU2-17	1570	Picture	63	28180966	0	1	20166	1	0	next	other	0
NU2-17	1571	Response	0	28207607	6308	1
NU2-17	1571	Response	0	28212567	11268	1
NU2-17	1572	Response	0	28219287	6488	1
NU2-17	1572	Response	100	28220727	7928	1
NU2-17	1574	Picture	10	28236131	0	1	20166	1	0	next	other	0
NU2-17	1576	Picture	34	28271464	0	1	20166	1	0	next	other	0
NU2-17	1578	Picture	72	28306796	0	1	20166	1	0	next	other	0
NU2-17	1579	Response	0	28330806	3677	1
NU2-17	1579	Response	100	28332406	5277	1
NU2-17	1581	Picture	10	28347795	0	1	20166	1	0	next	other	0
NU2-17	1583	Picture	25	28383128	0	1	20166	1	0	next	other	0
NU2-17	1585	Picture	40	28418460	0	1	28666	1	0	next	other	0
NU2-17	1585	Text Input	12	28446965	28505	0
NU2-17	1585	Response	0	28446965	28505	1
NU2-17	1586	Response	100	28448565	1439	1
NU2-17	1588	Picture	11	28477459	0	1	20166	1	0	next	other	0
NU2-17	1590	Picture	26	28512791	0	1	20166	1	0	next	other	0
NU2-17	1592	Picture	64	28548124	0	1	20166	1	0	next	other	0
NU2-17	1593	Response	0	28572564	4108	1
NU2-17	1593	Response	0	28573844	5387	1
NU2-17	1594	Response	0	28577844	3721	1
NU2-17	1594	Response	0	28578804	4681	1
NU2-17	1595	Response	0	28583444	4321	1
NU2-17	1595	Response	100	28584884	5761	1
NU2-17	1597	Picture	8	28600289	0	1	20166	1	0	next	other	0
NU2-17	1599	Picture	34	28635622	0	1	20166	1	0	next	other	0
NU2-17	1601	Picture	72	28670954	0	1	20166	1	0	next	other	0
NU2-17	1602	Response	0	28707603	16316	1
NU2-17	1602	Response	100	28709202	17916	1
NU2-17	1604	Picture	9	28724619	0	1	20166	1	0	next	other	0
NU2-17	1606	Picture	26	28759952	0	1	20166	1	0	next	other	0
NU2-17	1608	Picture	40	28795284	0	1	28166	1	0	next	other	0
NU2-17	1608	Text Input	12	28823281	27997	0
NU2-17	1608	Response	0	28823281	27997	1
NU2-17	1609	Response	100	28824401	951	1
NU2-17	1611	Picture	13	28853783	0	1	20166	1	0	next	other	0
NU2-17	1613	Picture	37	28889115	0	1	20166	1	0	next	other	0
NU2-17	1615	Picture	50	28924448	0	1	38832	1	0	next	other	0
NU2-17	1615	Text Input	9	28963120	38673	0
NU2-17	1615	Response	0	28963120	38673	1
NU2-17	1616	Response	100	28964080	800	1
NU2-17	1618	Picture	12	28993613	0	1	20166	1	0	next	other	0
NU2-17	1620	Picture	37	29028945	0	1	20166	1	0	next	other	0
NU2-17	1622	Picture	50	29064277	0	1	25999	1	0	next	other	0
NU2-17	1622	Text Input	8	29090159	25882	0
NU2-17	1622	Response	0	29090159	25882	1
NU2-17	1623	Response	100	29091599	1322	1
NU2-17	1625	Picture	8	29120609	0	1	20166	1	0	next	other	0
NU2-17	1627	Picture	37	29155942	0	1	20166	1	0	next	other	0
NU2-17	1629	Picture	73	29191274	0	1	20166	1	0	next	other	0
NU2-17	1630	Response	0	29214959	3351	1
NU2-17	1630	Response	0	29216398	4791	1
NU2-17	1631	Response	0	29241358	24751	1
NU2-17	1631	Response	100	29242958	26351	1
NU2-17	1633	Picture	11	29258439	0	1	20166	1	0	next	other	0
NU2-17	1635	Picture	35	29293772	0	1	20166	1	0	next	other	0
NU2-17	1637	Picture	71	29329104	0	1	20166	1	0	next	other	0
NU2-17	1638	Response	0	29351917	2480	1
NU2-17	1638	Response	0	29357837	8400	1
NU2-17	1639	Response	0	29360557	2453	1
NU2-17	1639	Response	0	29361677	3573	1
NU2-17	1640	Response	0	29369357	7420	1
NU2-17	1640	Response	100	29370797	8860	1
NU2-17	1642	Picture	8	29386269	0	1	20166	1	0	next	other	0
NU2-17	1644	Picture	26	29421602	0	1	20166	1	0	next	other	0
NU2-17	1646	Picture	40	29456934	0	1	27333	1	0	next	other	0
NU2-17	1646	Text Input	11	29484236	27301	0
NU2-17	1646	Response	0	29484236	27301	1
NU2-17	1647	Response	100	29485675	1409	1
NU2-17	1649	Picture	12	29514600	0	1	20166	1	0	next	other	0
NU2-17	1651	Picture	27	29549932	0	1	20166	1	0	next	other	0
NU2-17	1653	Picture	66	29585264	0	1	20166	1	0	next	other	0
NU2-17	1654	Response	0	29610315	4718	1
NU2-17	1654	Response	0	29619114	13517	1
NU2-17	1655	Response	0	29628074	8644	1
NU2-17	1655	Response	100	29629994	10564	1
NU2-17	1657	Picture	End of exepriment	29630263	0	1	108898	1	0	next	other	0

The following output port codes were not sent because of a conflict on the port.
Port	Code	Time(ms)
1	255	2.96301e+006
