Scenario - 
Logfile written - 04/05/2016 10:18:20

Subject	Trial	Event Type	Code	Time	TTime	Uncertainty	Duration	Uncertainty	ReqTime	ReqDur	Stim Type	Pair Index

NU2-08	1	Picture	Instructions	152	0	182	246840	182	0	next	other	0
NU2-08	1	Response	0	246793	246641	1
NU2-08	2	Picture	Instructions	246992	0	1	174661	1	0	next	other	0
NU2-08	2	Response	0	421510	174518	1
NU2-08	4	Picture	Experiment starts	421653	0	1	30166	1	0	next	other	0
NU2-08	6	Picture	10	466985	0	1	20166	1	0	next	other	0
NU2-08	8	Picture	37	502317	0	1	20166	1	0	next	other	0
NU2-08	10	Picture	74	537650	0	1	20166	1	0	next	other	0
NU2-08	11	Response	0	680386	122404	1
NU2-08	11	Response	0	681346	123363	1
NU2-08	12	Response	0	688705	7060	1
NU2-08	12	Response	0	689025	7380	1
NU2-08	13	Response	0	692225	2913	1
NU2-08	13	Response	0	692545	3233	1
NU2-08	14	Response	0	761185	68373	1
NU2-08	14	Response	100	761820	69008	11
NU2-08	16	Picture	9	777309	0	1	20166	1	0	next	other	0
NU2-08	18	Picture	37	812641	0	1	20166	1	0	next	other	0
NU2-08	20	Picture	50	847973	0	1	54665	1	0	next	other	0
NU2-08	20	Text Input	5	902462	54489	0
NU2-08	20	Response	0	902462	54489	1
NU2-08	21	Response	100	903262	624	1
NU2-08	23	Picture	10	932971	0	1	20166	1	0	next	other	0
NU2-08	25	Picture	25	968303	0	1	20166	1	0	next	other	0
NU2-08	27	Picture	40	1003635	0	1	48165	1	0	next	other	0
NU2-08	27	Text Input	12	1051740	48105	0
NU2-08	27	Response	0	1051740	48105	1
NU2-08	28	Response	100	1052700	899	1
NU2-08	30	Picture	12	1082133	0	1	20166	1	0	next	other	0
NU2-08	32	Picture	25	1117465	0	1	20166	1	0	next	other	0
NU2-08	34	Picture	64	1152797	0	1	20166	1	0	next	other	0
NU2-08	35	Response	0	1282457	109327	1
NU2-08	35	Response	0	1284696	111567	1
NU2-08	36	Response	0	1288056	3096	1
NU2-08	36	Response	0	1290136	5176	1
NU2-08	37	Response	0	1295096	4637	1
NU2-08	37	Response	0	1296056	5597	1
NU2-08	38	Response	0	1300056	3763	1
NU2-08	38	Response	0	1300696	4403	1
NU2-08	39	Response	0	1344375	43416	1
NU2-08	39	Response	100	1345175	44216	1
NU2-08	41	Picture	12	1360624	0	1	20166	1	0	next	other	0
NU2-08	43	Picture	27	1395956	0	1	20166	1	0	next	other	0
NU2-08	45	Picture	64	1431288	0	1	20166	1	0	next	other	0
NU2-08	46	Response	0	1551413	99792	1
NU2-08	46	Response	0	1552372	100751	1
NU2-08	47	Response	0	1556692	4074	1
NU2-08	47	Response	0	1557012	4394	1
NU2-08	48	Response	0	1571572	14287	1
NU2-08	48	Response	0	1572052	14767	1
NU2-08	49	Response	0	1605012	32728	1
NU2-08	49	Response	0	1605651	33367	1
NU2-08	50	Response	0	1609331	3382	1
NU2-08	50	Response	0	1609971	4022	1
NU2-08	51	Response	0	1654291	44008	1
NU2-08	51	Response	100	1655251	44968	1
NU2-08	53	Picture	13	1670614	0	1	20166	1	0	next	other	0
NU2-08	55	Picture	25	1705947	0	1	20166	1	0	next	other	0
NU2-08	57	Picture	40	1741279	0	1	76998	1	0	next	other	0
NU2-08	57	Text Input	15	1818128	76850	0
NU2-08	57	Response	0	1818128	76850	1
NU2-08	58	Response	100	1819088	812	1
NU2-08	60	Picture	10	1848609	0	1	20166	1	0	next	other	0
NU2-08	62	Picture	36	1883941	0	1	20166	1	0	next	other	0
NU2-08	64	Picture	75	1919273	0	1	20166	1	0	next	other	0
NU2-08	65	Response	0	1978286	38680	1
NU2-08	65	Response	0	1981486	41880	1
NU2-08	66	Response	0	1991566	9795	1
NU2-08	66	Response	0	1992206	10434	1
NU2-08	67	Response	0	2080205	87767	1
NU2-08	67	Response	100	2081164	88727	1
NU2-08	69	Picture	13	2096601	0	1	20166	1	0	next	other	0
NU2-08	71	Picture	37	2131933	0	1	20166	1	0	next	other	0
NU2-08	73	Picture	50	2167265	0	1	153829	1	0	next	other	0
NU2-08	73	Text Input	9	2321001	153736	0
NU2-08	73	Response	0	2321001	153736	1
NU2-08	74	Response	100	2321961	867	1
NU2-08	76	Picture	12	2351426	0	1	20166	1	0	next	other	0
NU2-08	78	Picture	25	2386759	0	1	20166	1	0	next	other	0
NU2-08	80	Picture	40	2422091	0	1	53165	1	0	next	other	0
NU2-08	80	Text Input	14	2475238	53148	0
NU2-08	80	Response	0	2475238	53148	1
NU2-08	81	Response	100	2476038	782	1
NU2-08	83	Picture	10	2505588	0	1	20166	1	0	next	other	0
NU2-08	85	Picture	36	2540920	0	1	20166	1	0	next	other	0
NU2-08	87	Picture	75	2576253	0	1	20166	1	0	next	other	0
NU2-08	88	Response	0	2655396	58811	1
NU2-08	88	Response	0	2659236	62651	1
NU2-08	89	Response	0	2663396	3979	1
NU2-08	89	Response	0	2664036	4619	1
NU2-08	90	Response	0	2688515	24265	1
NU2-08	90	Response	100	2689635	25385	1
NU2-08	92	Picture	8	2705082	0	1	20166	1	0	next	other	0
NU2-08	94	Picture	36	2740414	0	1	20166	1	0	next	other	0
NU2-08	96	Picture	71	2775746	0	1	20166	1	0	next	other	0
NU2-08	97	Response	0	2824513	28434	1
NU2-08	97	Response	0	2827393	31314	1
NU2-08	98	Response	0	2830433	2855	1
NU2-08	98	Response	0	2832513	4935	1
NU2-08	99	Response	0	2838593	5848	1
NU2-08	99	Response	0	2839233	6488	1
NU2-08	100	Response	0	2851713	12302	1
NU2-08	100	Response	0	2852512	13101	1
NU2-08	101	Response	0	2858593	5849	1
NU2-08	101	Response	0	2858912	6168	1
NU2-08	102	Response	0	2877632	18389	1
NU2-08	102	Response	100	2878912	19668	1
NU2-08	104	Picture	9	2894409	0	1	20166	1	0	next	other	0
NU2-08	106	Picture	26	2929742	0	1	20166	1	0	next	other	0
NU2-08	108	Picture	64	2965074	0	1	20166	1	0	next	other	0
NU2-08	109	Response	0	3055070	69663	1
NU2-08	109	Response	0	3056510	71103	1
NU2-08	110	Response	0	3061469	4732	1
NU2-08	110	Response	0	3062269	5532	1
NU2-08	111	Response	0	3076029	13458	1
NU2-08	111	Response	0	3076349	13778	1
NU2-08	112	Response	0	3100669	24099	1
NU2-08	112	Response	0	3101149	24578	1
NU2-08	113	Response	0	3103869	2466	1
NU2-08	113	Response	0	3104349	2946	1
NU2-08	114	Response	0	3109149	4579	1
NU2-08	114	Response	0	3109949	5379	1
NU2-08	115	Response	0	3113469	3233	1
NU2-08	115	Response	0	3113788	3552	1
NU2-08	116	Response	0	3121308	7239	1
NU2-08	116	Response	100	3122428	8359	1
NU2-08	118	Picture	12	3137902	0	1	20166	1	0	next	other	0
NU2-08	120	Picture	24	3173234	0	1	20166	1	0	next	other	0
NU2-08	122	Picture	63	3208566	0	1	20166	1	0	next	other	0
NU2-08	123	Response	0	3314746	85847	1
NU2-08	123	Response	0	3315545	86646	1
NU2-08	124	Response	0	3318425	2696	1
NU2-08	124	Response	0	3319545	3816	1
NU2-08	125	Response	0	3322585	2856	1
NU2-08	125	Response	0	3323545	3816	1
NU2-08	126	Response	0	3350105	26376	1
NU2-08	126	Response	100	3351065	27336	1
NU2-08	128	Picture	10	3366561	0	1	20166	1	0	next	other	0
NU2-08	130	Picture	34	3401893	0	1	20166	1	0	next	other	0
NU2-08	132	Picture	50	3437226	0	1	49832	1	0	next	other	0
NU2-08	132	Text Input	8	3486903	49677	0
NU2-08	132	Response	0	3486903	49677	1
NU2-08	133	Response	100	3488023	965	1
NU2-08	135	Picture	10	3517390	0	1	20166	1	0	next	other	0
NU2-08	137	Picture	27	3552722	0	1	20166	1	0	next	other	0
NU2-08	139	Picture	40	3588054	0	1	59831	1	0	next	other	0
NU2-08	139	Text Input	13	3647861	59806	0
NU2-08	139	Response	0	3647861	59806	1
NU2-08	140	Response	100	3648981	1095	1
NU2-08	142	Picture	11	3678218	0	1	20166	1	0	next	other	0
NU2-08	144	Picture	25	3713550	0	1	20166	1	0	next	other	0
NU2-08	146	Picture	40	3748883	0	1	85664	1	0	next	other	0
NU2-08	146	Text Input	13	3834418	85535	0
NU2-08	146	Response	0	3834418	85535	1
NU2-08	147	Response	100	3835538	991	1
NU2-08	149	Picture	9	3864879	0	1	20166	1	0	next	other	0
NU2-08	151	Picture	26	3900211	0	1	20166	1	0	next	other	0
NU2-08	153	Picture	63	3935543	0	1	20166	1	0	next	other	0
NU2-08	154	Response	0	3989456	33580	1
NU2-08	154	Response	100	3990415	34539	1
NU2-08	156	Picture	11	4005875	0	1	20166	1	0	next	other	0
NU2-08	158	Picture	24	4041207	0	1	20166	1	0	next	other	0
NU2-08	160	Picture	62	4076539	0	1	20166	1	0	next	other	0
NU2-08	161	Response	0	4144813	47942	1
NU2-08	161	Response	100	4146413	49541	1
NU2-08	163	Picture	10	4161870	0	1	20166	1	0	next	other	0
NU2-08	165	Picture	34	4197202	0	1	20166	1	0	next	other	0
NU2-08	167	Picture	72	4232534	0	1	20166	1	0	next	other	0
NU2-08	168	Response	0	4354570	101703	1
NU2-08	168	Response	100	4356010	103143	1
NU2-08	170	Picture	9	4371363	0	1	20166	1	0	next	other	0
NU2-08	172	Picture	37	4406695	0	1	20166	1	0	next	other	0
NU2-08	174	Picture	76	4442028	0	1	20166	1	0	next	other	0
NU2-08	175	Response	0	4535687	73327	1
NU2-08	175	Response	0	4539847	77487	1
NU2-08	176	Response	0	4575527	35502	1
NU2-08	176	Response	0	4576006	35982	1
NU2-08	177	Response	0	4582886	6696	1
NU2-08	177	Response	0	4583366	7176	1
NU2-08	178	Response	0	4588006	4316	1
NU2-08	178	Response	0	4588486	4796	1
NU2-08	179	Response	0	4604166	15477	1
NU2-08	179	Response	0	4604486	15796	1
NU2-08	180	Response	0	4616966	12277	1
NU2-08	180	Response	100	4617926	13237	1
NU2-08	182	Picture	12	4633355	0	1	20166	1	0	next	other	0
NU2-08	184	Picture	27	4668687	0	1	20166	1	0	next	other	0
NU2-08	186	Picture	40	4704019	0	1	76331	1	0	next	other	0
NU2-08	186	Text Input	15	4780324	76304	0
NU2-08	186	Response	0	4780324	76304	1
NU2-08	187	Response	100	4781923	1573	1
NU2-08	189	Picture	9	4810683	0	1	20166	1	0	next	other	0
NU2-08	191	Picture	37	4846015	0	1	20166	1	0	next	other	0
NU2-08	193	Picture	76	4881347	0	1	20166	1	0	next	other	0
NU2-08	194	Response	0	4959681	58001	1
NU2-08	194	Response	0	4963361	61681	1
NU2-08	195	Response	0	4968481	4802	1
NU2-08	195	Response	0	4969120	5442	1
NU2-08	196	Response	0	4989920	20576	1
NU2-08	196	Response	0	4990720	21376	1
NU2-08	197	Response	0	4996320	5309	1
NU2-08	197	Response	0	4996960	5949	1
NU2-08	198	Response	0	5002880	5703	1
NU2-08	198	Response	0	5003680	6503	1
NU2-08	199	Response	0	5047039	43029	1
NU2-08	199	Response	0	5047679	43669	1
NU2-08	200	Response	0	5074399	26391	1
NU2-08	200	Response	0	5074719	26710	1
NU2-08	201	Response	0	5090879	15871	1
NU2-08	201	Response	100	5091999	16991	1
NU2-08	203	Picture	11	5107340	0	1	20166	1	0	next	other	0
NU2-08	205	Picture	35	5142672	0	1	20166	1	0	next	other	0
NU2-08	207	Picture	50	5178005	0	1	115496	1	0	next	other	0
NU2-08	207	Text Input	8	5293436	115431	0
NU2-08	207	Response	0	5293436	115431	1
NU2-08	208	Response	100	5295036	1535	1
NU2-08	210	Picture	8	5323834	0	1	20166	1	0	next	other	0
NU2-08	212	Picture	36	5359166	0	1	20166	1	0	next	other	0
NU2-08	214	Picture	74	5394498	0	1	20166	1	0	next	other	0
NU2-08	215	Response	0	5447354	32523	1
NU2-08	215	Response	0	5448633	33803	1
NU2-08	216	Response	0	5452313	3484	1
NU2-08	216	Response	0	5452793	3964	1
NU2-08	217	Response	0	5461113	8117	1
NU2-08	217	Response	0	5461593	8597	1
NU2-08	218	Response	0	5477593	15764	1
NU2-08	218	Response	0	5478393	16564	1
NU2-08	219	Response	0	5564632	85970	1
NU2-08	219	Response	100	5565591	86929	1
NU2-08	221	Picture	10	5580992	0	1	20166	1	0	next	other	0
NU2-08	223	Picture	35	5616324	0	1	20166	1	0	next	other	0
NU2-08	225	Picture	50	5651657	0	1	46665	1	0	next	other	0
NU2-08	225	Text Input	7	5698230	46573	0
NU2-08	225	Response	0	5698230	46573	1
NU2-08	226	Response	100	5699350	1028	1
NU2-08	228	Picture	8	5728654	0	1	20166	1	0	next	other	0
NU2-08	230	Picture	24	5763986	0	1	20166	1	0	next	other	0
NU2-08	232	Picture	40	5799319	0	1	43999	1	0	next	other	0
NU2-08	232	Text Input	10	5843187	43869	0
NU2-08	232	Response	0	5843187	43869	1
NU2-08	233	Response	100	5844467	1150	1
NU2-08	235	Picture	12	5873650	0	1	20166	1	0	next	other	0
NU2-08	237	Picture	27	5908982	0	1	20166	1	0	next	other	0
NU2-08	239	Picture	65	5944314	0	1	20166	1	0	next	other	0
NU2-08	240	Response	0	6032465	67818	1
NU2-08	240	Response	0	6035185	70538	1
NU2-08	241	Response	0	6042384	6906	1
NU2-08	241	Response	0	6042704	7226	1
NU2-08	242	Response	0	6053264	10286	1
NU2-08	242	Response	0	6053584	10606	1
NU2-08	243	Response	0	6058704	4894	1
NU2-08	243	Response	0	6059344	5533	1
NU2-08	244	Response	0	6064784	5140	1
NU2-08	244	Response	0	6065264	5620	1
NU2-08	245	Response	0	6078864	13387	1
NU2-08	245	Response	0	6079824	14347	1
NU2-08	246	Response	0	6083344	3200	1
NU2-08	246	Response	0	6083664	3520	1
NU2-08	247	Response	0	6110383	26407	1
NU2-08	247	Response	0	6111023	27047	1
NU2-08	248	Response	0	6123824	12515	1
NU2-08	248	Response	100	6124623	13314	1
NU2-08	250	Picture	8	6139975	0	1	20166	1	0	next	other	0
NU2-08	252	Picture	24	6175307	0	1	20166	1	0	next	other	0
NU2-08	254	Picture	61	6210639	0	1	20166	1	0	next	other	0
NU2-08	255	Response	0	6293901	62929	1
NU2-08	255	Response	0	6294860	63889	1
NU2-08	256	Response	0	6297261	2124	1
NU2-08	256	Response	0	6298541	3404	1
NU2-08	257	Response	0	6319820	21017	1
NU2-08	257	Response	0	6320300	21497	1
NU2-08	258	Response	0	6368620	48151	1
NU2-08	258	Response	0	6369259	48790	1
NU2-08	259	Response	0	6376299	6832	1
NU2-08	259	Response	0	6376939	7472	1
NU2-08	260	Response	0	6385739	8605	1
NU2-08	260	Response	100	6386859	9725	1
NU2-08	262	Picture	10	6402300	0	1	20166	1	0	next	other	0
NU2-08	264	Picture	37	6437632	0	1	20166	1	0	next	other	0
NU2-08	266	Picture	50	6472964	0	1	57332	1	0	next	other	0
NU2-08	266	Text Input	6	6530217	57253	0
NU2-08	266	Response	0	6530217	57253	1
NU2-08	267	Response	100	6531337	1041	1
NU2-08	269	Picture	12	6560628	0	1	20166	1	0	next	other	0
NU2-08	271	Picture	24	6595961	0	1	20166	1	0	next	other	0
NU2-08	273	Picture	62	6631293	0	1	20166	1	0	next	other	0
NU2-08	274	Response	0	6750374	98749	1
NU2-08	274	Response	100	6751494	99868	1
NU2-08	276	Picture	10	6766955	0	1	20166	1	0	next	other	0
NU2-08	278	Picture	35	6802287	0	1	20166	1	0	next	other	0
NU2-08	280	Picture	50	6837620	0	1	35832	1	0	next	other	0
NU2-08	280	Text Input	7	6873412	35792	0
NU2-08	280	Response	0	6873412	35792	1
NU2-08	281	Response	100	6874692	1240	1
NU2-08	283	Picture	12	6903784	0	1	20166	1	0	next	other	0
NU2-08	285	Picture	35	6939116	0	1	20166	1	0	next	other	0
NU2-08	287	Picture	71	6974449	0	1	20166	1	0	next	other	0
NU2-08	288	Response	0	7125408	130627	1
NU2-08	288	Response	0	7129088	134307	1
NU2-08	289	Response	0	7132448	3171	1
NU2-08	289	Response	0	7133408	4131	1
NU2-08	290	Response	0	7136768	3157	1
NU2-08	290	Response	0	7137728	4117	1
NU2-08	291	Response	0	7172928	34984	1
NU2-08	291	Response	0	7173727	35784	1
NU2-08	292	Response	0	7196607	22665	1
NU2-08	292	Response	0	7197407	23464	1
NU2-08	293	Response	0	7202687	5078	1
NU2-08	293	Response	100	7203647	6038	1
NU2-08	295	Picture	8	7219108	0	1	20166	1	0	next	other	0
NU2-08	297	Picture	35	7254440	0	1	20166	1	0	next	other	0
NU2-08	299	Picture	71	7289772	0	1	20166	1	0	next	other	0
NU2-08	300	Response	0	7362365	52260	1
NU2-08	300	Response	0	7365884	55779	1
NU2-08	301	Response	0	7369564	3461	1
NU2-08	301	Response	0	7370044	3941	1
NU2-08	302	Response	0	7375164	4895	1
NU2-08	302	Response	0	7375964	5695	1
NU2-08	303	Response	0	7379484	3215	1
NU2-08	303	Response	0	7379964	3695	1
NU2-08	304	Response	0	7395004	14735	1
NU2-08	304	Response	0	7395964	15694	1
NU2-08	305	Response	0	7399164	2895	1
NU2-08	305	Response	0	7399804	3535	1
NU2-08	306	Response	0	7403644	3542	1
NU2-08	306	Response	0	7403804	3702	1
NU2-08	307	Response	0	7416284	12182	1
NU2-08	307	Response	0	7416923	12822	1
NU2-08	308	Response	0	7422043	4942	1
NU2-08	308	Response	0	7422523	5422	1
NU2-08	309	Response	0	7429563	6795	1
NU2-08	309	Response	0	7430363	7595	1
NU2-08	310	Response	0	7449243	18642	1
NU2-08	310	Response	100	7450043	19442	1
NU2-08	312	Picture	9	7465433	0	1	20166	1	0	next	other	0
NU2-08	314	Picture	26	7500766	0	1	20166	1	0	next	other	0
NU2-08	316	Picture	62	7536098	0	1	20166	1	0	next	other	0
NU2-08	317	Response	0	7630521	74090	1
NU2-08	317	Response	0	7632280	75850	1
NU2-08	318	Response	0	7635800	3205	1
NU2-08	318	Response	0	7636600	4005	1
NU2-08	319	Response	0	7664760	27832	1
NU2-08	319	Response	0	7665400	28472	1
NU2-08	320	Response	0	7674680	9086	1
NU2-08	320	Response	100	7676120	10526	1
NU2-08	322	Picture	12	7691593	0	1	20166	1	0	next	other	0
NU2-08	324	Picture	36	7726925	0	1	20166	1	0	next	other	0
NU2-08	326	Picture	50	7762257	0	1	132163	1	0	next	other	0
NU2-08	326	Text Input	9	7894357	132099	0
NU2-08	326	Response	0	7894357	132099	1
NU2-08	327	Response	100	7895316	896	1
NU2-08	329	Picture	8	7924752	0	1	20166	1	0	next	other	0
NU2-08	331	Picture	34	7960085	0	1	20166	1	0	next	other	0
NU2-08	333	Picture	50	7995417	0	1	45332	1	0	next	other	0
NU2-08	333	Text Input	6	8040594	45177	0
NU2-08	333	Response	0	8040594	45177	1
NU2-08	334	Response	100	8041554	805	1
NU2-08	336	Picture	10	8071081	0	1	20166	1	0	next	other	0
NU2-08	338	Picture	35	8106413	0	1	20166	1	0	next	other	0
NU2-08	340	Picture	74	8141746	0	1	20166	1	0	next	other	0
NU2-08	341	Response	0	8238512	76433	1
NU2-08	341	Response	0	8239951	77873	1
NU2-08	342	Response	0	8243311	3069	1
NU2-08	342	Response	0	8244271	4029	1
NU2-08	343	Response	0	8256111	11535	1
NU2-08	343	Response	0	8256751	12175	1
NU2-08	344	Response	0	8264431	7355	1
NU2-08	344	Response	0	8264911	7835	1
NU2-08	345	Response	0	8268751	3509	1
NU2-08	345	Response	0	8268910	3669	1
NU2-08	346	Response	0	8273710	4469	1
NU2-08	346	Response	0	8274190	4949	1
NU2-08	347	Response	0	8291790	17382	1
NU2-08	347	Response	100	8292750	18342	1
NU2-08	349	Picture	9	8308240	0	1	20166	1	0	next	other	0
NU2-08	351	Picture	24	8343573	0	1	20166	1	0	next	other	0
NU2-08	353	Picture	62	8378905	0	1	20166	1	0	next	other	0
NU2-08	354	Response	0	8484908	85670	1
NU2-08	354	Response	100	8485867	86630	1
NU2-08	356	Picture	11	8501234	0	1	20166	1	0	next	other	0
NU2-08	358	Picture	37	8536567	0	1	20166	1	0	next	other	0
NU2-08	360	Picture	50	8571899	0	1	139829	1	0	next	other	0
NU2-08	360	Text Input	7	8711624	139725	0
NU2-08	360	Response	0	8711624	139725	1
NU2-08	361	Response	100	8712744	1016	1
NU2-08	363	Picture	12	8742060	0	1	20166	1	0	next	other	0
NU2-08	365	Picture	37	8777392	0	1	20166	1	0	next	other	0
NU2-08	367	Picture	50	8812725	0	1	51165	1	0	next	other	0
NU2-08	367	Text Input	8	8863782	51057	0
NU2-08	367	Response	0	8863782	51057	1
NU2-08	368	Response	100	8864581	692	1
NU2-08	370	Picture	12	8894222	0	1	20166	1	0	next	other	0
NU2-08	372	Picture	26	8929554	0	1	20166	1	0	next	other	0
NU2-08	374	Picture	40	8964887	0	1	47165	1	0	next	other	0
NU2-08	374	Text Input	15	9011940	47053	0
NU2-08	374	Response	0	9011940	47053	1
NU2-08	375	Response	100	9013219	1168	1
NU2-08	377	Picture	12	9042384	0	1	20166	1	0	next	other	0
NU2-08	379	Picture	26	9077716	0	1	20166	1	0	next	other	0
NU2-08	381	Picture	64	9113049	0	1	20166	1	0	next	other	0
NU2-08	382	Response	0	9184737	51356	1
NU2-08	382	Response	0	9186657	53275	1
NU2-08	383	Response	0	9192097	5217	1
NU2-08	383	Response	0	9192417	5537	1
NU2-08	384	Response	0	9205377	12664	1
NU2-08	384	Response	0	9205696	12984	1
NU2-08	385	Response	0	9233216	27337	1
NU2-08	385	Response	100	9234016	28137	1
NU2-08	387	Picture	11	9249378	0	1	20166	1	0	next	other	0
NU2-08	389	Picture	27	9284710	0	1	20166	1	0	next	other	0
NU2-08	391	Picture	64	9320042	0	1	20166	1	0	next	other	0
NU2-08	392	Response	0	9377854	37479	1
NU2-08	392	Response	0	9378494	38119	1
NU2-08	393	Response	0	9381374	2667	1
NU2-08	393	Response	0	9382014	3307	1
NU2-08	394	Response	0	9389054	6847	1
NU2-08	394	Response	0	9389694	7487	1
NU2-08	395	Response	0	9430333	40460	1
NU2-08	395	Response	0	9430653	40779	1
NU2-08	396	Response	0	9435453	4581	1
NU2-08	396	Response	0	9436093	5221	1
NU2-08	397	Response	0	9446813	10441	1
NU2-08	397	Response	0	9447293	10921	1
NU2-08	398	Response	0	9470653	23114	1
NU2-08	398	Response	100	9471772	24234	1
NU2-08	400	Picture	12	9487204	0	1	20166	1	0	next	other	0
NU2-08	402	Picture	37	9522536	0	1	20166	1	0	next	other	0
NU2-08	404	Picture	73	9557868	0	1	20166	1	0	next	other	0
NU2-08	405	Response	0	9665690	87489	1
NU2-08	405	Response	0	9666809	88609	1
NU2-08	406	Response	0	9669689	2658	1
NU2-08	406	Response	0	9670329	3298	1
NU2-08	407	Response	0	9699289	28758	1
NU2-08	407	Response	0	9700249	29718	1
NU2-08	408	Response	0	9705849	5319	1
NU2-08	408	Response	0	9706649	6118	1
NU2-08	409	Response	0	9754969	48105	1
NU2-08	409	Response	100	9755928	49065	1
NU2-08	411	Picture	12	9771362	0	1	20166	1	0	next	other	0
NU2-08	413	Picture	26	9806694	0	1	20166	1	0	next	other	0
NU2-08	415	Picture	40	9842026	0	1	59498	1	0	next	other	0
NU2-08	415	Text Input	15	9901366	59340	0
NU2-08	415	Response	0	9901366	59340	1
NU2-08	416	Response	100	9902486	962	1
NU2-08	418	Picture	9	9931857	0	1	20166	1	0	next	other	0
NU2-08	420	Picture	35	9967189	0	1	20166	1	0	next	other	0
NU2-08	422	Picture	72	10002521	0	1	20166	1	0	next	other	0
NU2-08	423	Response	0	10074644	51790	1
NU2-08	423	Response	0	10075603	52749	1
NU2-08	424	Response	0	10077843	1991	1
NU2-08	424	Response	0	10078643	2791	1
NU2-08	425	Response	0	10112883	34031	1
NU2-08	425	Response	100	10113843	34991	1
NU2-08	427	Picture	8	10129184	0	1	20166	1	0	next	other	0
NU2-08	429	Picture	26	10164516	0	1	20166	1	0	next	other	0
NU2-08	431	Picture	40	10199848	0	1	135329	1	0	next	other	0
NU2-08	431	Text Input	11	10335120	135271	0
NU2-08	431	Response	0	10335120	135271	1
NU2-08	432	Response	100	10336079	902	1
NU2-08	434	Picture	9	10365510	0	1	20166	1	0	next	other	0
NU2-08	436	Picture	24	10400842	0	1	20166	1	0	next	other	0
NU2-08	438	Picture	40	10436174	0	1	61831	1	0	next	other	0
NU2-08	438	Text Input	11	10497837	61663	0
NU2-08	438	Response	0	10497837	61663	1
NU2-08	439	Response	100	10499437	1432	1
NU2-08	441	Picture	9	10528338	0	1	20166	1	0	next	other	0
NU2-08	443	Picture	37	10563670	0	1	20166	1	0	next	other	0
NU2-08	445	Picture	50	10599002	0	1	55998	1	0	next	other	0
NU2-08	445	Text Input	5	10654955	55952	0
NU2-08	445	Response	0	10654955	55952	1
NU2-08	446	Response	100	10656394	1394	1
NU2-08	448	Picture	11	10685333	0	1	20166	1	0	next	other	0
NU2-08	450	Picture	37	10720665	0	1	20166	1	0	next	other	0
NU2-08	452	Picture	75	10755997	0	1	20166	1	0	next	other	0
NU2-08	453	Response	0	10826472	50142	1
NU2-08	453	Response	0	10829032	52702	1
NU2-08	454	Response	0	10836552	7223	1
NU2-08	454	Response	0	10837352	8023	1
NU2-08	455	Response	0	10843272	5610	1
NU2-08	455	Response	0	10843912	6250	1
NU2-08	456	Response	0	10853032	8870	1
NU2-08	456	Response	0	10853671	9510	1
NU2-08	457	Response	0	10875911	21917	1
NU2-08	457	Response	0	10876391	22397	1
NU2-08	458	Response	0	10913511	36851	1
NU2-08	458	Response	0	10913669	37009	12
NU2-08	459	Response	0	10921030	7038	1
NU2-08	459	Response	100	10922470	8478	1
NU2-08	461	Picture	12	10937825	0	1	20166	1	0	next	other	0
NU2-08	463	Picture	25	10973157	0	1	20166	1	0	next	other	0
NU2-08	465	Picture	40	11008490	0	1	41999	1	0	next	other	0
NU2-08	465	Text Input	14	11050469	41979	0
NU2-08	465	Response	0	11050469	41979	1
NU2-08	466	Response	100	11051749	1260	1
NU2-08	468	Picture	9	11080821	0	1	20166	1	0	next	other	0
NU2-08	470	Picture	27	11116153	0	1	20166	1	0	next	other	0
NU2-08	472	Picture	65	11151485	0	1	20166	1	0	next	other	0
NU2-08	473	Response	0	11261826	90008	1
NU2-08	473	Response	0	11263745	91927	1
NU2-08	474	Response	0	11266145	2163	1
NU2-08	474	Response	0	11267265	3284	1
NU2-08	475	Response	0	11272385	4903	1
NU2-08	475	Response	0	11273025	5544	1
NU2-08	476	Response	0	11308385	35070	1
NU2-08	476	Response	100	11309824	36509	1
NU2-08	478	Picture	11	11325313	0	1	20166	1	0	next	other	0
NU2-08	480	Picture	24	11360645	0	1	20166	1	0	next	other	0
NU2-08	482	Picture	40	11395978	0	1	36499	1	0	next	other	0
NU2-08	482	Text Input	13	11432383	36406	0
NU2-08	482	Response	0	11432383	36406	1
NU2-08	483	Response	100	11433823	1346	1
NU2-08	485	Picture	12	11462809	0	1	20166	1	0	next	other	0
NU2-08	487	Picture	34	11498141	0	1	20166	1	0	next	other	0
NU2-08	489	Picture	50	11533473	0	1	53165	1	0	next	other	0
NU2-08	489	Text Input	10	11586461	52987	0
NU2-08	489	Response	0	11586461	52987	1
NU2-08	490	Response	100	11587740	1102	1
NU2-08	492	Picture	9	11616971	0	1	20166	1	0	next	other	0
NU2-08	494	Picture	25	11652303	0	1	20166	1	0	next	other	0
NU2-08	496	Picture	62	11687635	0	1	20166	1	0	next	other	0
NU2-08	497	Response	0	11881337	173369	1
NU2-08	497	Response	0	11882296	174328	1
NU2-08	498	Response	0	11885176	2547	1
NU2-08	498	Response	0	11885816	3187	1
NU2-08	499	Response	0	11911416	25287	1
NU2-08	499	Response	0	11911575	25446	1
NU2-08	500	Response	0	11938456	26661	1
NU2-08	500	Response	100	11940055	28260	1
NU2-08	502	Picture	12	11955460	0	1	20166	1	0	next	other	0
NU2-08	504	Picture	35	11990792	0	1	20166	1	0	next	other	0
NU2-08	506	Picture	50	12026125	0	1	49165	1	0	next	other	0
NU2-08	506	Text Input	9	12075253	49129	0
NU2-08	506	Response	0	12075253	49129	1
NU2-08	507	Response	100	12076533	1243	1
NU2-08	509	Picture	12	12105622	0	1	20166	1	0	next	other	0
NU2-08	511	Picture	27	12140954	0	1	20166	1	0	next	other	0
NU2-08	513	Picture	40	12176287	0	1	50498	1	0	next	other	0
NU2-08	513	Text Input	15	12226771	50484	0
NU2-08	513	Response	0	12226771	50484	1
NU2-08	514	Response	100	12227891	1106	1
NU2-08	516	Picture	12	12257117	0	1	20166	1	0	next	other	0
NU2-08	518	Picture	34	12292450	0	1	20166	1	0	next	other	0
NU2-08	520	Picture	73	12327782	0	1	20166	1	0	next	other	0
NU2-08	521	Response	0	12388529	40414	1
NU2-08	521	Response	0	12390608	42494	1
NU2-08	522	Response	0	12394288	3508	1
NU2-08	522	Response	0	12395088	4308	1
NU2-08	523	Response	0	12403568	8288	1
NU2-08	523	Response	0	12403888	8608	1
NU2-08	524	Response	0	12414928	10816	1
NU2-08	524	Response	0	12415568	11455	1
NU2-08	525	Response	0	12437328	21549	1
NU2-08	525	Response	0	12437968	22188	1
NU2-08	526	Response	0	12445968	7689	1
NU2-08	526	Response	0	12446122	7843	11
NU2-08	527	Response	0	12457807	11362	1
NU2-08	527	Response	0	12458121	11676	12
NU2-08	528	Response	0	12486927	28483	1
NU2-08	528	Response	0	12487407	28962	1
NU2-08	529	Response	0	12501167	13557	1
NU2-08	529	Response	100	12502446	14836	1
NU2-08	531	Picture	8	12517943	0	1	20166	1	0	next	other	0
NU2-08	533	Picture	37	12553275	0	1	20166	1	0	next	other	0
NU2-08	535	Picture	73	12588607	0	1	20166	1	0	next	other	0
NU2-08	536	Response	0	12647245	38305	1
NU2-08	536	Response	0	12648844	39905	1
NU2-08	537	Response	0	12736683	87578	1
NU2-08	537	Response	0	12737163	88058	1
NU2-08	538	Response	0	12763083	25647	1
NU2-08	538	Response	0	12763882	26447	1
NU2-08	539	Response	0	12768043	3941	1
NU2-08	539	Response	0	12768522	4421	1
NU2-08	540	Response	0	12787243	18474	1
NU2-08	540	Response	100	12788042	19274	1
NU2-08	542	Picture	10	12803434	0	1	20166	1	0	next	other	0
NU2-08	544	Picture	25	12838766	0	1	20166	1	0	next	other	0
NU2-08	546	Picture	62	12874098	0	1	20166	1	0	next	other	0
NU2-08	547	Response	0	12900201	5770	1
NU2-08	547	Response	0	12900681	6250	1
NU2-08	548	Response	0	12903881	2950	1
NU2-08	548	Response	0	12904200	3270	1
NU2-08	549	Response	0	12911720	7290	1
NU2-08	549	Response	0	12912360	7930	1
NU2-08	550	Response	0	12944200	31603	1
NU2-08	550	Response	100	12945640	33043	1
NU2-08	552	Picture	11	12961095	0	1	20166	1	0	next	other	0
NU2-08	554	Picture	26	12996428	0	1	20166	1	0	next	other	0
NU2-08	556	Picture	40	13031760	0	1	43832	1	0	next	other	0
NU2-08	556	Text Input	14	13075558	43798	0
NU2-08	556	Response	0	13075558	43798	1
NU2-08	557	Response	100	13076998	1406	1
NU2-08	559	Picture	9	13105924	0	1	20166	1	0	next	other	0
NU2-08	561	Picture	24	13141256	0	1	20166	1	0	next	other	0
NU2-08	563	Picture	61	13176589	0	1	20166	1	0	next	other	0
NU2-08	564	Response	0	13235076	38154	1
NU2-08	564	Response	0	13237156	40234	1
NU2-08	565	Response	0	13240996	3575	1
NU2-08	565	Response	0	13241635	4215	1
NU2-08	566	Response	0	13269315	27395	1
NU2-08	566	Response	0	13272195	30275	1
NU2-08	567	Response	0	13276195	3776	1
NU2-08	567	Response	0	13278435	6016	1
NU2-08	568	Response	0	13310275	31523	1
NU2-08	568	Response	100	13311714	32962	1
NU2-08	570	Picture	11	13327084	0	1	20166	1	0	next	other	0
NU2-08	572	Picture	26	13362416	0	1	20166	1	0	next	other	0
NU2-08	574	Picture	62	13397748	0	1	20166	1	0	next	other	0
NU2-08	575	Response	0	13446273	28192	1
NU2-08	575	Response	0	13448512	30431	1
NU2-08	576	Response	0	13460672	11925	1
NU2-08	576	Response	0	13460832	12085	1
NU2-08	577	Response	0	13468512	7432	1
NU2-08	577	Response	0	13469152	8072	1
NU2-08	578	Response	0	13494752	25339	1
NU2-08	578	Response	0	13497632	28219	1
NU2-08	579	Response	0	13502912	5000	1
NU2-08	579	Response	0	13505311	7399	1
NU2-08	580	Response	0	13508351	2773	1
NU2-08	580	Response	0	13511391	5813	1
NU2-08	581	Response	0	13518431	6853	1
NU2-08	581	Response	0	13520511	8933	1
NU2-08	582	Response	0	13527391	6646	1
NU2-08	582	Response	0	13527871	7126	1
NU2-08	583	Response	0	13544511	16433	1
NU2-08	583	Response	100	13545791	17713	1
NU2-08	585	Picture	12	13561243	0	1	20166	1	0	next	other	0
NU2-08	587	Picture	34	13596576	0	1	20166	1	0	next	other	0
NU2-08	589	Picture	72	13631908	0	1	20166	1	0	next	other	0
NU2-08	590	Response	0	13714429	62188	1
NU2-08	590	Response	100	13715548	63308	1
NU2-08	592	Picture	8	13730905	0	1	20166	1	0	next	other	0
NU2-08	594	Picture	35	13766237	0	1	20166	1	0	next	other	0
NU2-08	596	Picture	72	13801569	0	1	20166	1	0	next	other	0
NU2-08	597	Response	0	13836987	15085	1
NU2-08	597	Response	0	13839226	17324	1
NU2-08	598	Response	0	13874746	35345	1
NU2-08	598	Response	100	13876026	36624	1
NU2-08	600	Picture	9	13891400	0	1	20166	1	0	next	other	0
NU2-08	602	Picture	36	13926732	0	1	20166	1	0	next	other	0
NU2-08	604	Picture	73	13962064	0	1	20166	1	0	next	other	0
NU2-08	605	Response	0	13993624	11227	1
NU2-08	605	Response	100	13994744	12347	1
NU2-08	607	Picture	10	14010229	0	1	20166	1	0	next	other	0
NU2-08	609	Picture	35	14045562	0	1	20166	1	0	next	other	0
NU2-08	611	Picture	71	14080894	0	1	20166	1	0	next	other	0
NU2-08	612	Response	0	14137942	36716	1
NU2-08	612	Response	0	14141302	40075	1
NU2-08	613	Response	0	14145142	3583	1
NU2-08	613	Response	0	14145782	4223	1
NU2-08	614	Response	0	14184181	38123	1
NU2-08	614	Response	0	14184821	38763	1
NU2-08	615	Response	0	14193301	8244	1
NU2-08	615	Response	0	14194101	9044	1
NU2-08	616	Response	0	14227220	32830	1
NU2-08	616	Response	100	14228500	34110	1
NU2-08	618	Picture	9	14243889	0	1	20166	1	0	next	other	0
NU2-08	620	Picture	36	14279221	0	1	20166	1	0	next	other	0
NU2-08	622	Picture	50	14314553	0	1	46499	1	0	next	other	0
NU2-08	622	Text Input	6	14360979	46425	0
NU2-08	622	Response	0	14360979	46425	1
NU2-08	623	Response	100	14362258	1207	1
NU2-08	625	Picture	12	14391384	0	1	20166	1	0	next	other	0
NU2-08	627	Picture	36	14426716	0	1	20166	1	0	next	other	0
NU2-08	629	Picture	50	14462049	0	1	52998	1	0	next	other	0
NU2-08	629	Text Input	9	14514896	52848	0
NU2-08	629	Response	0	14514896	52848	1
NU2-08	630	Response	100	14516496	1449	1
NU2-08	632	Picture	13	14545379	0	1	20166	1	0	next	other	0
NU2-08	634	Picture	35	14580712	0	1	20166	1	0	next	other	0
NU2-08	636	Picture	50	14616044	0	1	53165	1	0	next	other	0
NU2-08	636	Text Input	10	14669134	53090	0
NU2-08	636	Response	0	14669134	53090	1
NU2-08	637	Response	100	14670574	1365	1
NU2-08	639	Picture	11	14699541	0	1	20166	1	0	next	other	0
NU2-08	641	Picture	34	14734874	0	1	20166	1	0	next	other	0
NU2-08	643	Picture	50	14770206	0	1	78331	1	0	next	other	0
NU2-08	643	Text Input	9	14848491	78286	0
NU2-08	643	Response	0	14848491	78286	1
NU2-08	644	Response	100	14849931	1394	1
NU2-08	646	Picture	8	14878869	0	1	20166	1	0	next	other	0
NU2-08	648	Picture	34	14914201	0	1	20166	1	0	next	other	0
NU2-08	650	Picture	50	14949533	0	1	55665	1	0	next	other	0
NU2-08	650	Text Input	6	15005129	55596	0
NU2-08	650	Response	0	15005129	55596	1
NU2-08	651	Response	100	15006089	890	1
NU2-08	653	Picture	10	15035531	0	1	20166	1	0	next	other	0
NU2-08	655	Picture	26	15070863	0	1	20166	1	0	next	other	0
NU2-08	657	Picture	40	15106195	0	1	34832	1	0	next	other	0
NU2-08	657	Text Input	13	15140967	34771	0
NU2-08	657	Response	0	15140967	34771	1
NU2-08	658	Response	100	15142247	1219	1
NU2-08	660	Picture	11	15171360	0	1	20166	1	0	next	other	0
NU2-08	662	Picture	27	15206692	0	1	20166	1	0	next	other	0
NU2-08	664	Picture	62	15242024	0	1	20166	1	0	next	other	0
NU2-08	665	Response	0	15330564	68207	1
NU2-08	665	Response	0	15333124	70767	1
NU2-08	666	Response	0	15335684	2329	1
NU2-08	666	Response	0	15337444	4089	1
NU2-08	667	Response	0	15376803	39115	1
NU2-08	667	Response	0	15378083	40395	1
NU2-08	668	Response	0	15424002	45649	1
NU2-08	668	Response	100	15425282	46929	1
NU2-08	670	Picture	8	15440685	0	1	20166	1	0	next	other	0
NU2-08	672	Picture	34	15476017	0	1	20166	1	0	next	other	0
NU2-08	674	Picture	73	15511349	0	1	20166	1	0	next	other	0
NU2-08	675	Response	0	15557281	25599	1
NU2-08	675	Response	0	15560001	28319	1
NU2-08	676	Response	0	15564000	3819	1
NU2-08	676	Response	0	15564480	4299	1
NU2-08	677	Response	0	15574080	9399	1
NU2-08	677	Response	0	15574720	10039	1
NU2-08	678	Response	0	15581760	6746	1
NU2-08	678	Response	0	15582080	7066	1
NU2-08	679	Response	0	15588320	5973	1
NU2-08	679	Response	0	15588640	6293	1
NU2-08	680	Response	0	15594720	5873	1
NU2-08	680	Response	0	15595200	6353	1
NU2-08	681	Response	0	15613120	17607	1
NU2-08	681	Response	100	15614400	18886	1
NU2-08	683	Picture	8	15629846	0	1	20166	1	0	next	other	0
NU2-08	685	Picture	27	15665178	0	1	20166	1	0	next	other	0
NU2-08	687	Picture	64	15700510	0	1	20166	1	0	next	other	0
NU2-08	688	Response	0	15726078	5235	1
NU2-08	688	Response	0	15727837	6995	1
NU2-08	689	Response	0	15744478	16468	1
NU2-08	689	Response	0	15744957	16948	1
NU2-08	690	Response	0	15779677	34502	1
NU2-08	690	Response	100	15780637	35462	1
NU2-08	692	Picture	11	15796007	0	1	20166	1	0	next	other	0
NU2-08	694	Picture	34	15831339	0	1	20166	1	0	next	other	0
NU2-08	696	Picture	50	15866672	0	1	55998	1	0	next	other	0
NU2-08	696	Text Input	9	15922555	55883	0
NU2-08	696	Response	0	15922555	55883	1
NU2-08	697	Response	100	15923835	1165	1
NU2-08	699	Picture	12	15953002	0	1	20166	1	0	next	other	0
NU2-08	701	Picture	24	15988334	0	1	20166	1	0	next	other	0
NU2-08	703	Picture	40	16023667	0	1	39165	1	0	next	other	0
NU2-08	703	Text Input	14	16062713	39046	0
NU2-08	703	Response	0	16062713	39046	1
NU2-08	704	Response	100	16063833	1000	1
NU2-08	706	Picture	12	16093164	0	1	20166	1	0	next	other	0
NU2-08	708	Picture	36	16128497	0	1	20166	1	0	next	other	0
NU2-08	710	Picture	50	16163829	0	1	52332	1	0	next	other	0
NU2-08	710	Text Input	9	16215991	52162	0
NU2-08	710	Response	0	16215991	52162	1
NU2-08	711	Response	100	16217430	1270	1
NU2-08	714	Picture	10	16846641	0	1	20166	1	0	next	other	0
NU2-08	716	Picture	24	16881973	0	1	20166	1	0	next	other	0
NU2-08	718	Picture	63	16917305	0	1	20166	2	0	next	other	0
NU2-08	719	Response	0	16968620	30981	1
NU2-08	719	Response	0	16971979	34341	1
NU2-08	720	Response	0	16975339	3035	1
NU2-08	720	Response	0	16975819	3515	1
NU2-08	721	Response	0	17004299	28162	1
NU2-08	721	Response	100	17005899	29762	1
NU2-08	723	Picture	12	17021302	0	1	20166	1	0	next	other	0
NU2-08	725	Picture	36	17056635	0	1	20166	1	0	next	other	0
NU2-08	727	Picture	74	17091967	0	1	20166	1	0	next	other	0
NU2-08	728	Response	0	17183176	70877	1
NU2-08	728	Response	0	17186216	73916	1
NU2-08	729	Response	0	17190856	4392	1
NU2-08	729	Response	0	17191175	4712	1
NU2-08	730	Response	0	17194056	2592	1
NU2-08	730	Response	0	17194535	3072	1
NU2-08	731	Response	0	17207336	12539	1
NU2-08	731	Response	0	17208135	13338	1
NU2-08	732	Response	0	17218215	9752	1
NU2-08	732	Response	0	17218535	10072	1
NU2-08	733	Response	0	17248935	30139	1
NU2-08	733	Response	100	17250055	31259	1
NU2-08	735	Picture	8	17265461	0	1	20166	1	0	next	other	0
NU2-08	737	Picture	34	17300794	0	1	20166	1	0	next	other	0
NU2-08	739	Picture	50	17336126	0	1	40832	1	0	next	other	0
NU2-08	739	Text Input	6	17376933	40807	0
NU2-08	739	Response	0	17376933	40807	1
NU2-08	740	Response	100	17378213	1255	1
NU2-08	742	Picture	13	17407290	0	1	20166	1	0	next	other	0
NU2-08	744	Picture	27	17442622	0	1	20166	1	0	next	other	0
NU2-08	746	Picture	40	17477955	0	1	38332	1	0	next	other	0
NU2-08	746	Text Input	16	17516131	38176	0
NU2-08	746	Response	0	17516131	38176	1
NU2-08	747	Response	100	17517571	1284	1
NU2-08	749	Picture	10	17546619	0	1	20166	1	0	next	other	0
NU2-08	751	Picture	27	17581951	0	1	20166	1	0	next	other	0
NU2-08	753	Picture	61	17617284	0	1	20166	1	0	next	other	0
NU2-08	754	Response	0	17673249	35632	1
NU2-08	754	Response	0	17678528	40912	1
NU2-08	755	Response	0	17683488	4706	1
NU2-08	755	Response	0	17684288	5506	1
NU2-08	756	Response	0	17687648	3033	1
NU2-08	756	Response	0	17688768	4153	1
NU2-08	757	Response	0	17703168	14220	1
NU2-08	757	Response	0	17703648	14700	1
NU2-08	758	Response	0	17712128	8180	1
NU2-08	758	Response	0	17713088	9140	1
NU2-08	759	Response	0	17731967	18687	1
NU2-08	759	Response	100	17733567	20287	1
NU2-08	761	Picture	11	17748946	0	1	20166	1	0	next	other	0
NU2-08	763	Picture	25	17784279	0	1	20166	1	0	next	other	0
NU2-08	765	Picture	61	17819611	0	1	20166	1	0	next	other	0
NU2-08	766	Response	0	17863806	23862	1
NU2-08	766	Response	0	17867165	27222	1
NU2-08	767	Response	0	17870366	2923	1
NU2-08	767	Response	0	17871965	4523	1
NU2-08	768	Response	0	17958045	85769	1
NU2-08	768	Response	0	17959164	86888	1
NU2-08	769	Response	0	17996124	36684	1
NU2-08	769	Response	100	17997083	37644	1
NU2-08	771	Picture	12	18012438	0	1	20166	1	0	next	other	0
NU2-08	773	Picture	34	18047770	0	1	20166	1	0	next	other	0
NU2-08	775	Picture	50	18083103	0	1	37499	1	0	next	other	0
NU2-08	775	Text Input	10	18120442	37339	0
NU2-08	775	Response	0	18120442	37339	1
NU2-08	776	Response	100	18121722	1120	1
NU2-08	778	Picture	9	18150934	0	1	20166	1	0	next	other	0
NU2-08	780	Picture	25	18186266	0	1	20166	1	0	next	other	0
NU2-08	782	Picture	40	18221598	0	1	46332	1	0	next	other	0
NU2-08	782	Text Input	11	18267800	46201	0
NU2-08	782	Response	0	18267800	46201	1
NU2-08	783	Response	100	18269079	1149	1
NU2-08	785	Picture	9	18298262	0	1	20166	1	0	next	other	0
NU2-08	787	Picture	25	18333595	0	1	20166	1	0	next	other	0
NU2-08	789	Picture	40	18368927	0	1	34999	1	0	next	other	0
NU2-08	789	Text Input	11	18403797	34870	0
NU2-08	789	Response	0	18403797	34870	1
NU2-08	790	Response	100	18404917	991	1
NU2-08	792	Picture	10	18434258	0	1	20166	1	0	next	other	0
NU2-08	794	Picture	25	18469590	0	1	20166	1	0	next	other	0
NU2-08	796	Picture	64	18504923	0	1	20166	1	0	next	other	0
NU2-08	797	Response	0	18528596	3341	1
NU2-08	797	Response	0	18532595	7340	1
NU2-08	798	Response	0	18536915	3993	1
NU2-08	798	Response	0	18538035	5113	1
NU2-08	799	Response	0	18563795	25540	1
NU2-08	799	Response	0	18564595	26340	1
NU2-08	800	Response	0	18568275	3354	1
NU2-08	800	Response	0	18568595	3674	1
NU2-08	801	Response	0	18572115	3194	1
NU2-08	801	Response	0	18572595	3674	1
NU2-08	802	Response	0	18597714	24794	1
NU2-08	802	Response	0	18598675	25754	1
NU2-08	803	Response	0	18601554	2635	1
NU2-08	803	Response	0	18602034	3114	1
NU2-08	804	Response	0	18613554	11301	1
NU2-08	804	Response	0	18614194	11941	1
NU2-08	805	Response	0	18636914	22495	1
NU2-08	805	Response	0	18637234	22814	1
NU2-08	806	Response	0	18645074	7655	1
NU2-08	806	Response	0	18645554	8135	1
NU2-08	807	Response	0	18826511	180760	1
NU2-08	807	Response	0	18827311	181559	1
NU2-08	808	Response	0	18842191	14611	1
NU2-08	808	Response	0	18842670	15091	1
NU2-08	809	Response	0	18851471	8559	1
NU2-08	809	Response	100	18852590	9678	1
NU2-08	811	Picture	9	18868078	0	1	20166	1	0	next	other	0
NU2-08	813	Picture	26	18903410	0	1	20166	1	0	next	other	0
NU2-08	815	Picture	40	18938743	0	1	41999	1	0	next	other	0
NU2-08	815	Text Input	12	18980588	41846	0
NU2-08	815	Response	0	18980588	41846	1
NU2-08	816	Response	100	18982028	1287	1
NU2-08	818	Picture	12	19011074	0	1	20166	1	0	next	other	0
NU2-08	820	Picture	24	19046406	0	1	20166	1	0	next	other	0
NU2-08	822	Picture	61	19081738	0	1	20166	1	0	next	other	0
NU2-08	823	Response	0	19110827	8756	1
NU2-08	823	Response	0	19114027	11956	1
NU2-08	824	Response	0	19116907	2670	1
NU2-08	824	Response	0	19117866	3629	1
NU2-08	825	Response	0	19166986	48916	1
NU2-08	825	Response	0	19167626	49555	1
NU2-08	826	Response	0	19189706	21804	1
NU2-08	826	Response	0	19190505	22603	1
NU2-08	827	Response	0	19194185	3451	1
NU2-08	827	Response	0	19194665	3930	1
NU2-08	828	Response	0	19205706	10804	1
NU2-08	828	Response	100	19206505	11604	1
NU2-08	830	Picture	10	19221900	0	1	20166	1	0	next	other	0
NU2-08	832	Picture	26	19257233	0	1	20166	1	0	next	other	0
NU2-08	834	Picture	61	19292565	0	1	20166	1	0	next	other	0
NU2-08	835	Response	0	19350023	37126	1
NU2-08	835	Response	0	19355463	42565	1
NU2-08	836	Response	0	19359463	3733	1
NU2-08	836	Response	0	19360583	4853	1
NU2-08	837	Response	0	19383943	23047	1
NU2-08	837	Response	0	19384572	23676	11
NU2-08	838	Response	0	19412902	28007	1
NU2-08	838	Response	0	19413542	28647	1
NU2-08	839	Response	0	19417542	3814	1
NU2-08	839	Response	0	19418022	4294	1
NU2-08	840	Response	0	19436262	18034	1
NU2-08	840	Response	100	19437702	19474	1
NU2-08	842	Picture	10	19453060	0	1	20166	1	0	next	other	0
NU2-08	844	Picture	24	19488392	0	1	20166	1	0	next	other	0
NU2-08	846	Picture	40	19523724	0	1	34332	1	0	next	other	0
NU2-08	846	Text Input	12	19558020	34296	0
NU2-08	846	Response	0	19558020	34296	1
NU2-08	847	Response	100	19559620	1563	1
NU2-08	849	Picture	12	19588389	0	1	20166	1	0	next	other	0
NU2-08	851	Picture	27	19623721	0	1	20166	1	0	next	other	0
NU2-08	853	Picture	66	19659053	0	1	20166	1	0	next	other	0
NU2-08	854	Response	0	19789857	110471	1
NU2-08	854	Response	0	19797056	117670	1
NU2-08	855	Response	0	19799456	2074	1
NU2-08	855	Response	0	19800416	3034	1
NU2-08	856	Response	0	19810816	10100	1
NU2-08	856	Response	0	19811296	10580	1
NU2-08	857	Response	0	19834656	23107	1
NU2-08	857	Response	0	19840095	28546	1
NU2-08	858	Response	0	19841056	674	1
NU2-08	858	Response	0	19848575	8194	1
NU2-08	859	Response	0	19853536	4655	1
NU2-08	859	Response	0	19854175	5295	1
NU2-08	860	Response	0	19872575	18195	1
NU2-08	860	Response	0	19873535	19154	1
NU2-08	861	Response	0	19879775	6061	1
NU2-08	861	Response	0	19880255	6541	1
NU2-08	862	Response	0	19893695	13148	1
NU2-08	862	Response	0	19894495	13948	1
NU2-08	863	Response	0	19980734	86021	1
NU2-08	863	Response	100	19982013	87301	1
NU2-08	865	Picture	11	19997376	0	1	20166	1	0	next	other	0
NU2-08	867	Picture	35	20032708	0	1	20166	1	0	next	other	0
NU2-08	869	Picture	50	20068041	0	1	40165	1	0	next	other	0
NU2-08	869	Text Input	8	20108092	40051	0
NU2-08	869	Response	0	20108092	40051	1
NU2-08	870	Response	100	20109372	1165	1
NU2-08	872	Picture	10	20138539	0	1	20166	1	0	next	other	0
NU2-08	874	Picture	37	20173871	0	1	20166	1	0	next	other	0
NU2-08	876	Picture	50	20209203	0	1	33999	1	0	next	other	0
NU2-08	876	Text Input	6	20243129	33926	0
NU2-08	876	Response	0	20243129	33926	1
NU2-08	877	Response	100	20244409	1208	1
NU2-08	879	Picture	11	20273534	0	1	20166	1	0	next	other	0
NU2-08	881	Picture	24	20308866	0	1	20166	1	0	next	other	0
NU2-08	883	Picture	63	20344199	0	1	20166	1	0	next	other	0
NU2-08	884	Response	0	20368248	3717	1
NU2-08	884	Response	0	20372088	7556	1
NU2-08	885	Response	0	20378808	6443	1
NU2-08	885	Response	0	20379447	7083	1
NU2-08	886	Response	0	20404887	25190	1
NU2-08	886	Response	100	20406167	26469	1
NU2-08	888	Picture	8	20421530	0	1	20166	1	0	next	other	0
NU2-08	890	Picture	34	20456862	0	1	20166	1	0	next	other	0
NU2-08	892	Picture	50	20492194	0	1	42999	1	0	next	other	0
NU2-08	892	Text Input	6	20535125	42931	0
NU2-08	892	Response	0	20535125	42931	1
NU2-08	893	Response	100	20536405	1212	1
NU2-08	895	Picture	11	20565525	0	1	20166	1	0	next	other	0
NU2-08	897	Picture	27	20600857	0	1	20166	1	0	next	other	0
NU2-08	899	Picture	40	20636190	0	1	39999	1	0	next	other	0
NU2-08	899	Text Input	14	20676083	39893	0
NU2-08	899	Response	0	20676083	39893	1
NU2-08	900	Response	100	20676883	695	1
NU2-08	902	Picture	12	20706521	0	1	20166	1	0	next	other	0
NU2-08	904	Picture	24	20741853	0	1	20166	1	0	next	other	0
NU2-08	906	Picture	40	20777185	0	1	36499	1	0	next	other	0
NU2-08	906	Text Input	14	20813521	36335	0
NU2-08	906	Response	0	20813521	36335	1
NU2-08	907	Response	100	20814641	957	1
NU2-08	909	Picture	11	20844016	0	1	20166	1	0	next	other	0
NU2-08	911	Picture	35	20879349	0	1	20166	1	0	next	other	0
NU2-08	913	Picture	71	20914681	0	1	20166	1	0	next	other	0
NU2-08	914	Response	0	21071598	136584	1
NU2-08	914	Response	0	21075597	140583	1
NU2-08	915	Response	0	21104397	28554	1
NU2-08	915	Response	0	21106476	30634	1
NU2-08	916	Response	0	21135596	28921	1
NU2-08	916	Response	0	21136076	29401	1
NU2-08	917	Response	0	21148876	12535	1
NU2-08	917	Response	0	21149196	12855	1
NU2-08	918	Response	0	21153196	3689	1
NU2-08	918	Response	0	21153675	4168	1
NU2-08	919	Response	0	21158156	4149	1
NU2-08	919	Response	0	21158476	4469	1
NU2-08	920	Response	0	21161515	2842	1
NU2-08	920	Response	0	21162315	3642	1
NU2-08	921	Response	0	21190475	27969	1
NU2-08	921	Response	0	21191115	28608	1
NU2-08	922	Response	0	21201195	9856	1
NU2-08	922	Response	0	21201995	10656	1
NU2-08	923	Response	0	21208235	6063	1
NU2-08	923	Response	0	21208715	6543	1
NU2-08	924	Response	0	21216555	7550	1
NU2-08	924	Response	100	21218155	9150	1
NU2-08	926	Picture	10	21233504	0	1	20166	1	0	next	other	0
NU2-08	928	Picture	26	21268837	0	1	20166	1	0	next	other	0
NU2-08	930	Picture	61	21304169	0	1	20166	1	0	next	other	0
NU2-08	931	Response	0	21388873	64371	1
NU2-08	931	Response	0	21396712	72210	1
NU2-08	932	Response	0	21401512	4513	1
NU2-08	932	Response	0	21402312	5312	1
NU2-08	933	Response	0	21440552	38053	1
NU2-08	933	Response	100	21441831	39332	1
NU2-08	935	Picture	10	21457164	0	1	20166	1	0	next	other	0
NU2-08	937	Picture	27	21492496	0	1	20166	1	0	next	other	0
NU2-08	939	Picture	61	21527829	0	1	20166	1	0	next	other	0
NU2-08	940	Response	0	21567110	18949	1
NU2-08	940	Response	0	21573669	25508	1
NU2-08	941	Response	0	21595909	21916	1
NU2-08	941	Response	0	21599907	25913	18
NU2-08	942	Response	0	21606149	5989	1
NU2-08	942	Response	0	21606949	6789	1
NU2-08	943	Response	0	21610309	3149	1
NU2-08	943	Response	0	21610949	3789	1
NU2-08	944	Response	0	21627589	16429	1
NU2-08	944	Response	0	21628068	16909	1
NU2-08	945	Response	0	21643749	15423	1
NU2-08	945	Response	0	21644388	16063	1
NU2-08	946	Response	0	21657348	12690	1
NU2-08	946	Response	0	21658308	13650	1
NU2-08	947	Response	0	21678628	20137	1
NU2-08	947	Response	0	21679108	20616	1
NU2-08	948	Response	0	21683268	3944	1
NU2-08	948	Response	0	21683748	4424	1
NU2-08	949	Response	0	21688388	4397	1
NU2-08	949	Response	100	21688868	4877	1
NU2-08	951	Picture	10	21704323	0	1	20166	1	0	next	other	0
NU2-08	953	Picture	34	21739655	0	1	20166	1	0	next	other	0
NU2-08	955	Picture	50	21774987	0	1	35666	1	0	next	other	0
NU2-08	955	Text Input	8	21810626	35638	0
NU2-08	955	Response	0	21810626	35638	1
NU2-08	956	Response	100	21811746	1093	1
NU2-08	958	Picture	9	21840985	0	1	20166	1	0	next	other	0
NU2-08	960	Picture	24	21876318	0	1	20166	1	0	next	other	0
NU2-08	962	Picture	40	21911650	0	1	36166	1	0	next	other	0
NU2-08	962	Text Input	11	21947744	36094	0
NU2-08	962	Response	0	21947744	36094	1
NU2-08	963	Response	100	21949023	1208	1
NU2-08	965	Picture	10	21978148	0	1	20166	1	0	next	other	0
NU2-08	967	Picture	37	22013480	0	1	20166	1	0	next	other	0
NU2-08	969	Picture	50	22048812	0	1	36332	1	0	next	other	0
NU2-08	969	Text Input	6	22085022	36209	0
NU2-08	969	Response	0	22085022	36209	1
NU2-08	970	Response	100	22086462	1317	1
NU2-08	972	Picture	9	22115477	0	1	20166	1	0	next	other	0
NU2-08	974	Picture	36	22150809	0	1	20166	1	0	next	other	0
NU2-08	976	Picture	71	22186141	0	1	20166	1	0	next	other	0
NU2-08	977	Response	0	22237980	31506	1
NU2-08	977	Response	0	22243739	37265	1
NU2-08	978	Response	0	22247899	3926	1
NU2-08	978	Response	0	22248219	4246	1
NU2-08	979	Response	0	22250459	1986	1
NU2-08	979	Response	0	22251099	2626	1
NU2-08	980	Response	0	22254299	2993	1
NU2-08	980	Response	0	22254619	3313	1
NU2-08	981	Response	0	22266299	11493	1
NU2-08	981	Response	0	22266619	11813	1
NU2-08	982	Response	0	22290299	23493	1
NU2-08	982	Response	0	22290618	23813	1
NU2-08	983	Response	0	22305658	14854	1
NU2-08	983	Response	0	22306938	16134	1
NU2-08	984	Response	0	22312858	5721	1
NU2-08	984	Response	0	22313498	6360	1
NU2-08	985	Response	0	22330778	16974	1
NU2-08	985	Response	100	22332218	18414	1
NU2-08	987	Picture	10	22347636	0	1	20166	1	0	next	other	0
NU2-08	989	Picture	25	22382969	0	1	20166	1	0	next	other	0
NU2-08	991	Picture	40	22418301	0	1	81831	1	0	next	other	0
NU2-08	991	Text Input	15	22500056	81755	0
NU2-08	991	Response	0	22500056	81755	1
NU2-08	992	Response	100	22501016	884	1
NU2-08	994	Picture	9	22530464	0	1	20166	1	0	next	other	0
NU2-08	996	Picture	27	22565796	0	1	20166	1	0	next	other	0
NU2-08	998	Picture	61	22601128	0	1	20166	1	0	next	other	0
NU2-08	999	Response	0	22707253	85792	1
NU2-08	999	Response	0	22716851	95390	1
NU2-08	1000	Response	0	22728212	11087	1
NU2-08	1000	Response	0	22728532	11407	1
NU2-08	1001	Response	0	22736692	7901	1
NU2-08	1001	Response	0	22736852	8061	1
NU2-08	1002	Response	0	22770771	33647	1
NU2-08	1002	Response	100	22771731	34607	1
NU2-08	1004	Picture	12	22787123	0	1	20166	1	0	next	other	0
NU2-08	1006	Picture	27	22822455	0	1	20166	1	0	next	other	0
NU2-08	1008	Picture	64	22857787	0	1	20166	1	0	next	other	0
NU2-08	1009	Response	0	22937649	59529	1
NU2-08	1009	Response	0	22939889	61769	1
NU2-08	1010	Response	0	22943889	3771	1
NU2-08	1010	Response	0	22944369	4251	1
NU2-08	1011	Response	0	22975888	31270	1
NU2-08	1011	Response	100	22977488	32870	1
NU2-08	1013	Picture	8	22992950	0	1	20166	1	0	next	other	0
NU2-08	1015	Picture	37	23028282	0	1	20166	1	0	next	other	0
NU2-08	1017	Picture	74	23063614	0	1	20166	1	0	next	other	0
NU2-08	1018	Response	0	23119726	35780	1
NU2-08	1018	Response	0	23121646	37699	1
NU2-08	1019	Response	0	23124686	2740	1
NU2-08	1019	Response	0	23125646	3700	1
NU2-08	1020	Response	0	23133166	7220	1
NU2-08	1020	Response	0	23133486	7540	1
NU2-08	1021	Response	0	23162286	28507	1
NU2-08	1021	Response	0	23162925	29147	1
NU2-08	1022	Response	0	23173325	10214	1
NU2-08	1022	Response	0	23173805	10694	1
NU2-08	1023	Response	0	23177005	2894	1
NU2-08	1023	Response	0	23177325	3214	1
NU2-08	1024	Response	0	23188525	10915	1
NU2-08	1024	Response	100	23189645	12034	1
NU2-08	1026	Picture	13	23205110	0	1	20166	1	0	next	other	0
NU2-08	1028	Picture	35	23240442	0	1	20166	1	0	next	other	0
NU2-08	1030	Picture	50	23275774	0	1	58998	1	0	next	other	0
NU2-08	1030	Text Input	10	23334602	58828	0
NU2-08	1030	Response	0	23334602	58828	1
NU2-08	1031	Response	100	23336043	1271	1
NU2-08	1033	Picture	11	23365105	0	1	20166	1	0	next	other	0
NU2-08	1035	Picture	26	23400437	0	1	20166	1	0	next	other	0
NU2-08	1037	Picture	63	23435769	0	1	20166	1	0	next	other	0
NU2-08	1038	Response	0	23468041	11939	1
NU2-08	1038	Response	100	23469961	13859	1
NU2-08	1040	Picture	11	23485434	0	1	20166	1	0	next	other	0
NU2-08	1042	Picture	37	23520766	0	1	20166	1	0	next	other	0
NU2-08	1044	Picture	73	23556099	0	1	20166	1	0	next	other	0
NU2-08	1045	Response	0	23592839	16408	1
NU2-08	1045	Response	0	23595399	18967	1
NU2-08	1046	Response	0	23620999	25401	1
NU2-08	1046	Response	100	23622278	26681	1
NU2-08	1048	Picture	8	23637763	0	1	20166	1	0	next	other	0
NU2-08	1050	Picture	26	23673095	0	1	20166	1	0	next	other	0
NU2-08	1052	Picture	40	23708427	0	1	103830	1	0	next	other	0
NU2-08	1052	Text Input	11	23812196	103768	0
NU2-08	1052	Response	0	23812196	103768	1
NU2-08	1053	Response	100	23813475	1218	1
NU2-08	1055	Picture	10	23842590	0	1	20166	1	0	next	other	0
NU2-08	1057	Picture	27	23877922	0	1	20166	1	0	next	other	0
NU2-08	1059	Picture	63	23913254	0	1	20166	1	0	next	other	0
NU2-08	1060	Response	0	23977953	44366	1
NU2-08	1060	Response	0	23979393	45806	1
NU2-08	1061	Response	0	23982753	3167	1
NU2-08	1061	Response	0	23983711	4126	1
NU2-08	1062	Response	0	23998433	14514	1
NU2-08	1062	Response	100	23999873	15954	1
NU2-08	1064	Picture	9	24015251	0	1	20166	1	0	next	other	0
NU2-08	1066	Picture	35	24050583	0	1	20166	1	0	next	other	0
NU2-08	1068	Picture	74	24085916	0	1	20166	1	0	next	other	0
NU2-08	1069	Response	0	24177310	71062	1
NU2-08	1069	Response	0	24178589	72341	1
NU2-08	1070	Response	0	24181790	2877	1
NU2-08	1070	Response	0	24182910	3997	1
NU2-08	1071	Response	0	24186110	3031	1
NU2-08	1071	Response	0	24186750	3671	1
NU2-08	1072	Response	0	24191710	4631	1
NU2-08	1072	Response	0	24192830	5751	1
NU2-08	1073	Response	0	24196030	2951	1
NU2-08	1073	Response	0	24196670	3591	1
NU2-08	1074	Response	0	24212669	15757	1
NU2-08	1074	Response	0	24212829	15917	1
NU2-08	1075	Response	0	24226429	13351	1
NU2-08	1075	Response	0	24226749	13671	1
NU2-08	1076	Response	0	24233149	6071	1
NU2-08	1076	Response	0	24233789	6711	1
NU2-08	1077	Response	0	24240669	6591	1
NU2-08	1077	Response	0	24241149	7071	1
NU2-08	1078	Response	0	24286908	45498	1
NU2-08	1078	Response	100	24288188	46778	1
NU2-08	1080	Picture	12	24303575	0	1	20166	1	0	next	other	0
NU2-08	1082	Picture	24	24338907	0	1	20166	1	0	next	other	0
NU2-08	1084	Picture	61	24374240	0	1	20166	1	0	next	other	0
NU2-08	1085	Response	0	24425947	31374	1
NU2-08	1085	Response	0	24429466	34894	1
NU2-08	1086	Response	0	24433146	3408	1
NU2-08	1086	Response	0	24433946	4208	1
NU2-08	1087	Response	0	24437146	2908	1
NU2-08	1087	Response	0	24437786	3548	1
NU2-08	1088	Response	0	24495866	57794	1
NU2-08	1088	Response	100	24497305	59234	1
NU2-08	1090	Picture	10	24512736	0	1	20166	1	0	next	other	0
NU2-08	1092	Picture	26	24548068	0	1	20166	1	0	next	other	0
NU2-08	1094	Picture	65	24583400	0	1	20166	1	0	next	other	0
NU2-08	1095	Response	0	24632503	28770	1
NU2-08	1095	Response	0	24639863	36130	1
NU2-08	1096	Response	0	24643223	3158	1
NU2-08	1096	Response	0	24644023	3958	1
NU2-08	1097	Response	0	24648183	3951	1
NU2-08	1097	Response	0	24648823	4591	1
NU2-08	1098	Response	0	24653143	4078	1
NU2-08	1098	Response	0	24653783	4718	1
NU2-08	1099	Response	0	24657462	3398	1
NU2-08	1099	Response	0	24658103	4038	1
NU2-08	1100	Response	0	24665623	7225	1
NU2-08	1100	Response	0	24666583	8185	1
NU2-08	1101	Response	0	24688342	21445	1
NU2-08	1101	Response	0	24694422	27525	1
NU2-08	1102	Response	0	24701142	6412	1
NU2-08	1102	Response	0	24703702	8972	1
NU2-08	1103	Response	0	24708022	4126	1
NU2-08	1103	Response	0	24709942	6046	1
NU2-08	1104	Response	0	24713142	2912	1
NU2-08	1104	Response	0	24715062	4832	1
NU2-08	1105	Response	0	24730102	14872	1
NU2-08	1105	Response	0	24733141	17912	1
NU2-08	1106	Response	0	24736342	2946	1
NU2-08	1106	Response	0	24739061	5666	1
NU2-08	1107	Response	0	24743061	3833	1
NU2-08	1107	Response	0	24745301	6073	1
NU2-08	1108	Response	0	24747861	2300	1
NU2-08	1108	Response	0	24750581	5020	1
NU2-08	1109	Response	0	24756181	5286	1
NU2-08	1109	Response	0	24757781	6886	1
NU2-08	1110	Response	0	24761141	3080	1
NU2-08	1110	Response	0	24762101	4040	1
NU2-08	1111	Response	0	24778261	15866	1
NU2-08	1111	Response	0	24779061	16666	1
NU2-08	1112	Response	0	24792501	13107	1
NU2-08	1112	Response	0	24793621	14227	1
NU2-08	1113	Response	0	24828660	34767	1
NU2-08	1113	Response	0	24829300	35407	1
NU2-08	1114	Response	0	24844020	14461	1
NU2-08	1114	Response	100	24845460	15901	1
NU2-08	1116	Picture	9	24860891	0	1	20166	1	0	next	other	0
NU2-08	1118	Picture	24	24896224	0	1	20166	1	0	next	other	0
NU2-08	1120	Picture	61	24931556	0	1	20166	1	0	next	other	0
NU2-08	1121	Response	0	24997778	45889	1
NU2-08	1121	Response	0	25001938	50049	1
NU2-08	1122	Response	0	25004658	2437	1
NU2-08	1122	Response	0	25005457	3237	1
NU2-08	1123	Response	0	25029617	23897	1
NU2-08	1123	Response	0	25029937	24217	1
NU2-08	1124	Response	0	25041297	11078	1
NU2-08	1124	Response	100	25042737	12517	1
NU2-08	1126	Picture	9	25058219	0	1	20166	1	0	next	other	0
NU2-08	1128	Picture	34	25093551	0	1	20166	1	0	next	other	0
NU2-08	1130	Picture	50	25128883	0	1	35499	1	0	next	other	0
NU2-08	1130	Text Input	7	25164335	35452	0
NU2-08	1130	Response	0	25164335	35452	1
NU2-08	1131	Response	100	25165455	1073	1
NU2-08	1133	Picture	11	25194714	0	1	20166	1	0	next	other	0
NU2-08	1135	Picture	34	25230047	0	1	20166	1	0	next	other	0
NU2-08	1137	Picture	50	25265379	0	1	37166	1	0	next	other	0
NU2-08	1137	Text Input	9	25302413	37034	0
NU2-08	1137	Response	0	25302413	37034	1
NU2-08	1138	Response	100	25304173	1629	1
NU2-08	1140	Picture	8	25332877	0	1	20166	1	0	next	other	0
NU2-08	1142	Picture	36	25368209	0	1	20166	1	0	next	other	0
NU2-08	1144	Picture	50	25403541	0	1	35666	1	0	next	other	0
NU2-08	1144	Text Input	5	25439051	35510	0
NU2-08	1144	Response	0	25439051	35510	1
NU2-08	1145	Response	100	25439851	644	1
NU2-08	1147	Picture	8	25469539	0	1	20166	1	0	next	other	0
NU2-08	1149	Picture	25	25504871	0	1	20166	1	0	next	other	0
NU2-08	1151	Picture	63	25540204	0	1	20166	1	0	next	other	0
NU2-08	1152	Response	0	25626889	66352	1
NU2-08	1152	Response	0	25628488	67952	1
NU2-08	1153	Response	0	25631528	2827	1
NU2-08	1153	Response	0	25632328	3627	1
NU2-08	1154	Response	0	25645128	12594	1
NU2-08	1154	Response	0	25645608	13074	1
NU2-08	1155	Response	0	25659368	13501	1
NU2-08	1155	Response	100	25660968	15101	1
NU2-08	1157	Picture	9	25676366	0	1	20166	1	0	next	other	0
NU2-08	1159	Picture	25	25711698	0	1	20166	1	0	next	other	0
NU2-08	1161	Picture	40	25747031	0	1	44665	1	0	next	other	0
NU2-08	1161	Text Input	11	25791526	44495	0
NU2-08	1161	Response	0	25791526	44495	1
NU2-08	1162	Response	100	25792966	1270	1
NU2-08	1164	Picture	12	25822028	0	1	20166	1	0	next	other	0
NU2-08	1166	Picture	35	25857360	0	1	20166	1	0	next	other	0
NU2-08	1168	Picture	71	25892693	0	1	20166	1	0	next	other	0
NU2-08	1169	Response	0	26008163	95138	1
NU2-08	1169	Response	0	26012482	99457	1
NU2-08	1170	Response	0	26015522	2833	1
NU2-08	1170	Response	0	26016162	3473	1
NU2-08	1171	Response	0	26019042	2687	1
NU2-08	1171	Response	0	26019522	3166	1
NU2-08	1172	Response	0	26030242	10553	1
NU2-08	1172	Response	0	26030882	11193	1
NU2-08	1173	Response	0	26060962	29773	1
NU2-08	1173	Response	0	26061922	30733	1
NU2-08	1174	Response	0	26066721	4534	1
NU2-08	1174	Response	0	26067521	5334	1
NU2-08	1175	Response	0	26070881	3028	1
NU2-08	1175	Response	0	26071201	3348	1
NU2-08	1176	Response	0	26096161	24641	1
NU2-08	1176	Response	100	26097601	26081	1
NU2-08	1178	Picture	9	26113019	0	1	20166	1	0	next	other	0
NU2-08	1180	Picture	25	26148351	0	1	20166	1	0	next	other	0
NU2-08	1182	Picture	61	26183684	0	1	20166	1	0	next	other	0
NU2-08	1183	Response	0	26258879	54863	1
NU2-08	1183	Response	0	26263518	59502	1
NU2-08	1184	Response	0	26266078	2231	1
NU2-08	1184	Response	0	26266558	2710	1
NU2-08	1185	Response	0	26270878	4031	1
NU2-08	1185	Response	0	26271358	4510	1
NU2-08	1186	Response	0	26281758	10077	1
NU2-08	1186	Response	0	26282238	10557	1
NU2-08	1187	Response	0	26308958	26444	1
NU2-08	1187	Response	100	26310238	27724	1
NU2-08	1189	Picture	10	26325679	0	1	20166	1	0	next	other	0
NU2-08	1191	Picture	36	26361011	0	1	20166	1	0	next	other	0
NU2-08	1193	Picture	71	26396344	0	1	20166	1	0	next	other	0
NU2-08	1194	Response	0	26545435	128758	1
NU2-08	1194	Response	0	26551514	134838	1
NU2-08	1195	Response	0	26556634	4795	1
NU2-08	1195	Response	0	26557914	6075	1
NU2-08	1196	Response	0	26647993	89821	1
NU2-08	1196	Response	0	26649112	90941	1
NU2-08	1197	Response	0	26659353	10017	1
NU2-08	1197	Response	0	26659992	10657	1
NU2-08	1198	Response	0	26667352	7184	1
NU2-08	1198	Response	100	26668632	8463	1
NU2-08	1200	Picture	12	26684001	0	1	20166	1	0	next	other	0
NU2-08	1202	Picture	37	26719334	0	1	20166	1	0	next	other	0
NU2-08	1204	Picture	50	26754666	0	1	47165	1	0	next	other	0
NU2-08	1204	Text Input	8	26801750	47084	0
NU2-08	1204	Response	0	26801750	47084	1
NU2-08	1205	Response	100	26803030	1199	1
NU2-08	1207	Picture	9	26832163	0	1	20166	1	0	next	other	0
NU2-08	1209	Picture	34	26867496	0	1	20166	1	0	next	other	0
NU2-08	1211	Picture	50	26902828	0	1	35832	1	0	next	other	0
NU2-08	1211	Text Input	7	26938548	35720	0
NU2-08	1211	Response	0	26938548	35720	1
NU2-08	1212	Response	100	26940148	1488	1
NU2-08	1214	Picture	9	26968992	0	1	20166	1	0	next	other	0
NU2-08	1216	Picture	34	27004325	0	1	20166	1	0	next	other	0
NU2-08	1218	Picture	50	27039657	0	1	31999	1	0	next	other	0
NU2-08	1218	Text Input	7	27071506	31849	0
NU2-08	1218	Response	0	27071506	31849	1
NU2-08	1219	Response	100	27073106	1450	1
NU2-08	1221	Picture	9	27101988	0	1	20166	1	0	next	other	0
NU2-08	1223	Picture	27	27137321	0	1	20166	1	0	next	other	0
NU2-08	1225	Picture	40	27172653	0	1	65665	1	0	next	other	0
NU2-08	1225	Text Input	12	27238224	65571	0
NU2-08	1225	Response	0	27238224	65571	1
NU2-08	1226	Response	100	27239504	1186	1
NU2-08	1228	Picture	12	27268650	0	1	20166	1	0	next	other	0
NU2-08	1230	Picture	26	27303982	0	1	20166	1	0	next	other	0
NU2-08	1232	Picture	64	27339314	0	1	20166	1	0	next	other	0
NU2-08	1233	Response	0	27368942	9295	1
NU2-08	1233	Response	0	27371342	11695	1
NU2-08	1234	Response	0	27378542	6895	1
NU2-08	1234	Response	0	27378861	7215	1
NU2-08	1235	Response	0	27382542	3395	1
NU2-08	1235	Response	0	27383501	4355	1
NU2-08	1236	Response	0	27434861	51048	1
NU2-08	1236	Response	0	27435181	51368	1
NU2-08	1237	Response	0	27440941	5463	1
NU2-08	1237	Response	0	27441260	5783	1
NU2-08	1238	Response	0	27444621	3143	1
NU2-08	1238	Response	0	27444940	3463	1
NU2-08	1239	Response	0	27464940	19796	1
NU2-08	1239	Response	0	27465900	20756	1
NU2-08	1240	Response	0	27468300	2156	1
NU2-08	1240	Response	0	27468780	2636	1
NU2-08	1241	Response	0	27482060	13083	1
NU2-08	1241	Response	0	27482380	13403	1
NU2-08	1242	Response	0	27492620	9977	1
NU2-08	1242	Response	100	27493900	11256	1
NU2-08	1244	Picture	8	27509309	0	1	20166	1	0	next	other	0
NU2-08	1246	Picture	24	27544641	0	1	20166	1	0	next	other	0
NU2-08	1248	Picture	62	27579973	0	1	20166	1	0	next	other	0
NU2-08	1249	Response	0	27636618	36312	1
NU2-08	1249	Response	100	27637898	37592	1
NU2-08	1251	Picture	9	27653305	0	1	20166	1	0	next	other	0
NU2-08	1253	Picture	27	27688637	0	1	20166	1	0	next	other	0
NU2-08	1255	Picture	40	27723969	0	1	54498	1	0	next	other	0
NU2-08	1255	Text Input	12	27778376	54407	0
NU2-08	1255	Response	0	27778376	54407	1
NU2-08	1256	Response	100	27779815	1348	1
NU2-08	1258	Picture	8	27808800	0	1	20166	1	0	next	other	0
NU2-08	1260	Picture	34	27844132	0	1	20166	1	0	next	other	0
NU2-08	1262	Picture	72	27879464	0	1	20166	1	0	next	other	0
NU2-08	1263	Response	0	27914534	14737	1
NU2-08	1263	Response	100	27915813	16017	1
NU2-08	1265	Picture	9	27931296	0	1	20166	1	0	next	other	0
NU2-08	1267	Picture	25	27966628	0	1	20166	1	0	next	other	0
NU2-08	1269	Picture	40	28001960	0	1	37332	1	0	next	other	0
NU2-08	1269	Text Input	11	28039172	37211	0
NU2-08	1269	Response	0	28039172	37211	1
NU2-08	1270	Response	100	28040451	1159	1
NU2-08	1272	Picture	11	28069625	0	1	20166	1	0	next	other	0
NU2-08	1274	Picture	24	28104957	0	1	20166	1	0	next	other	0
NU2-08	1276	Picture	61	28140289	0	1	20166	1	0	next	other	0
NU2-08	1277	Response	0	28210689	50067	1
NU2-08	1277	Response	0	28213889	53267	1
NU2-08	1278	Response	0	28216609	2488	1
NU2-08	1278	Response	0	28217409	3288	1
NU2-08	1279	Response	0	28256449	38828	1
NU2-08	1279	Response	100	28257728	40108	1
NU2-08	1281	Picture	9	28273119	0	1	20166	1	0	next	other	0
NU2-08	1283	Picture	25	28308451	0	1	20166	1	0	next	other	0
NU2-08	1285	Picture	63	28343783	0	1	20166	1	0	next	other	0
NU2-08	1286	Response	0	28474686	110570	1
NU2-08	1286	Response	0	28477725	113609	1
NU2-08	1287	Response	0	28489085	11140	1
NU2-08	1287	Response	0	28489565	11619	1
NU2-08	1288	Response	0	28495805	6026	1
NU2-08	1288	Response	0	28497725	7946	1
NU2-08	1289	Response	0	28530845	32900	1
NU2-08	1289	Response	0	28531324	33379	1
NU2-08	1290	Response	0	28535804	4194	1
NU2-08	1290	Response	0	28535954	4343	11
NU2-08	1291	Response	0	28542844	6567	1
NU2-08	1291	Response	0	28543644	7367	1
NU2-08	1292	Response	0	28548924	4981	1
NU2-08	1292	Response	0	28549404	5460	1
NU2-08	1293	Response	0	28585884	36274	1
NU2-08	1293	Response	100	28587003	37393	1
NU2-08	1295	Picture	11	28602442	0	1	20166	1	0	next	other	0
NU2-08	1297	Picture	34	28637774	0	1	20166	1	0	next	other	0
NU2-08	1299	Picture	72	28673106	0	1	20166	1	0	next	other	0
NU2-08	1300	Response	0	28712122	18683	1
NU2-08	1300	Response	100	28713561	20122	1
NU2-08	1302	Picture	10	28728938	0	1	20166	1	0	next	other	0
NU2-08	1304	Picture	37	28764270	0	1	20166	1	0	next	other	0
NU2-08	1306	Picture	76	28799602	0	1	20166	1	0	next	other	0
NU2-08	1307	Response	0	28876599	56664	1
NU2-08	1307	Response	0	28884439	64504	1
NU2-08	1308	Response	0	28888439	3673	1
NU2-08	1308	Response	0	28890999	6233	1
NU2-08	1309	Response	0	28894039	2773	1
NU2-08	1309	Response	0	28898199	6933	1
NU2-08	1310	Response	0	28907638	9206	1
NU2-08	1310	Response	0	28908278	9846	1
NU2-08	1311	Response	0	28912598	4000	1
NU2-08	1311	Response	0	28915478	6880	1
NU2-08	1312	Response	0	28919798	4033	1
NU2-08	1312	Response	0	28921078	5313	1
NU2-08	1313	Response	0	28923478	2213	1
NU2-08	1313	Response	0	28924918	3653	1
NU2-08	1314	Response	0	28951318	26220	1
NU2-08	1314	Response	0	28951638	26540	1
NU2-08	1315	Response	0	28959158	7227	1
NU2-08	1315	Response	0	28959638	7707	1
NU2-08	1316	Response	0	29042837	82906	1
NU2-08	1316	Response	0	29043476	83546	1
NU2-08	1317	Response	0	29055156	11395	1
NU2-08	1317	Response	100	29056436	12675	1
NU2-08	1319	Picture	10	29071927	0	1	20166	1	0	next	other	0
NU2-08	1321	Picture	24	29107259	0	1	20166	1	0	next	other	0
NU2-08	1323	Picture	40	29142591	0	1	31999	1	0	next	other	0
NU2-08	1323	Text Input	12	29174514	31923	0
NU2-08	1323	Response	0	29174514	31923	1
NU2-08	1324	Response	100	29175794	1204	1
NU2-08	1326	Picture	8	29204923	0	1	20166	1	0	next	other	0
NU2-08	1328	Picture	36	29240255	0	1	20166	1	0	next	other	0
NU2-08	1330	Picture	72	29275587	0	1	20166	1	0	next	other	0
NU2-08	1331	Response	0	29330832	34912	1
NU2-08	1331	Response	0	29333392	37472	1
NU2-08	1332	Response	0	29336592	3006	1
NU2-08	1332	Response	0	29337712	4126	1
NU2-08	1333	Response	0	29341392	3473	1
NU2-08	1333	Response	0	29341712	3793	1
NU2-08	1334	Response	0	29365072	23153	1
NU2-08	1334	Response	100	29366031	24113	1
NU2-08	1336	Picture	11	29381417	0	1	20166	1	0	next	other	0
NU2-08	1338	Picture	27	29416750	0	1	20166	1	0	next	other	0
NU2-08	1340	Picture	40	29452082	0	1	33166	1	0	next	other	0
NU2-08	1340	Text Input	14	29485230	33148	0
NU2-08	1340	Response	0	29485230	33148	1
NU2-08	1341	Response	100	29486510	1262	1
NU2-08	1343	Picture	10	29515580	0	1	20166	1	0	next	other	0
NU2-08	1345	Picture	35	29550912	0	1	20166	1	0	next	other	0
NU2-08	1347	Picture	73	29586244	0	1	20166	1	0	next	other	0
NU2-08	1348	Response	0	29633548	26971	1
NU2-08	1348	Response	0	29635307	28730	1
NU2-08	1349	Response	0	29641227	5651	1
NU2-08	1349	Response	0	29641547	5971	1
NU2-08	1350	Response	0	29668107	26365	1
NU2-08	1350	Response	100	29669227	27484	1
NU2-08	1352	Picture	10	29684575	0	1	20166	1	0	next	other	0
NU2-08	1354	Picture	36	29719907	0	1	20166	1	0	next	other	0
NU2-08	1356	Picture	73	29755239	0	1	20166	1	0	next	other	0
NU2-08	1357	Response	0	29786666	11094	1
NU2-08	1357	Response	100	29788265	12693	1
NU2-08	1359	Picture	8	29803738	0	1	20166	1	0	next	other	0
NU2-08	1361	Picture	24	29839070	0	1	20166	1	0	next	other	0
NU2-08	1363	Picture	40	29874402	0	1	35999	1	0	next	other	0
NU2-08	1363	Text Input	10	29910343	35941	0
NU2-08	1363	Response	0	29910343	35941	1
NU2-08	1364	Response	100	29911143	742	1
NU2-08	1366	Picture	12	29940733	0	1	20166	1	0	next	other	0
NU2-08	1368	Picture	26	29976066	0	1	20166	1	0	next	other	0
NU2-08	1370	Picture	64	30011398	0	1	20166	1	0	next	other	0
NU2-08	1371	Response	0	30035942	4211	1
NU2-08	1371	Response	0	30038341	6611	1
NU2-08	1372	Response	0	30042021	3458	1
NU2-08	1372	Response	0	30042821	4257	1
NU2-08	1373	Response	0	30055301	12238	1
NU2-08	1373	Response	0	30055621	12557	1
NU2-08	1374	Response	0	30078341	22445	1
NU2-08	1374	Response	100	30079301	23404	1
NU2-08	1376	Picture	9	30094728	0	1	20166	1	0	next	other	0
NU2-08	1378	Picture	24	30130061	0	1	20166	1	0	next	other	0
NU2-08	1380	Picture	62	30165393	0	1	20166	1	0	next	other	0
NU2-08	1381	Response	0	30189859	4134	1
NU2-08	1381	Response	100	30191139	5413	1
NU2-08	1383	Picture	11	30206558	0	1	20166	1	0	next	other	0
NU2-08	1385	Picture	36	30241891	0	1	20166	1	0	next	other	0
NU2-08	1387	Picture	74	30277223	0	1	20166	1	0	next	other	0
NU2-08	1388	Response	0	30367617	70061	1
NU2-08	1388	Response	0	30369376	71821	1
NU2-08	1389	Response	0	30375776	6223	1
NU2-08	1389	Response	0	30376096	6543	1
NU2-08	1390	Response	0	30379936	3550	1
NU2-08	1390	Response	0	30380256	3870	1
NU2-08	1391	Response	0	30382336	1783	1
NU2-08	1391	Response	0	30383296	2743	1
NU2-08	1392	Response	0	30426336	42783	1
NU2-08	1392	Response	0	30428095	44542	1
NU2-08	1393	Response	0	30441535	13151	1
NU2-08	1393	Response	0	30443135	14750	1
NU2-08	1394	Response	0	30477695	34311	1
NU2-08	1394	Response	100	30478655	35270	1
NU2-08	1396	Picture	12	30494049	0	1	20166	1	0	next	other	0
NU2-08	1398	Picture	37	30529382	0	1	20166	1	0	next	other	0
NU2-08	1400	Picture	71	30564714	0	1	20166	1	0	next	other	0
NU2-08	1401	Response	0	30613213	28167	1
NU2-08	1401	Response	0	30621692	36646	1
NU2-08	1402	Response	0	30639132	17254	1
NU2-08	1402	Response	0	30639452	17573	1
NU2-08	1403	Response	0	30645532	5821	1
NU2-08	1403	Response	0	30645852	6140	1
NU2-08	1404	Response	0	30694972	48927	1
NU2-08	1404	Response	0	30695611	49567	1
NU2-08	1405	Response	0	30713691	17815	1
NU2-08	1405	Response	0	30714331	18455	1
NU2-08	1406	Response	0	30722651	8109	1
NU2-08	1406	Response	0	30723931	9389	1
NU2-08	1407	Response	0	30733691	9482	1
NU2-08	1407	Response	0	30734491	10282	1
NU2-08	1408	Response	0	30743291	8582	1
NU2-08	1408	Response	0	30744411	9702	1
NU2-08	1409	Response	0	30759930	15222	1
NU2-08	1409	Response	0	30760570	15862	1
NU2-08	1410	Response	0	30766330	5456	1
NU2-08	1410	Response	0	30766810	5936	1
NU2-08	1411	Response	0	30786490	19449	1
NU2-08	1411	Response	100	30787610	20569	1
NU2-08	1413	Picture	8	30803040	0	1	20166	1	0	next	other	0
NU2-08	1415	Picture	26	30838372	0	1	20166	1	0	next	other	0
NU2-08	1417	Picture	64	30873704	0	1	20166	1	0	next	other	0
NU2-08	1418	Response	0	30950808	56771	1
NU2-08	1418	Response	0	30953047	59010	1
NU2-08	1419	Response	0	30955928	2559	1
NU2-08	1419	Response	0	30956727	3359	1
NU2-08	1420	Response	0	30964247	7212	1
NU2-08	1420	Response	0	30964727	7692	1
NU2-08	1421	Response	0	30976887	11853	1
NU2-08	1421	Response	100	30978007	12972	1
NU2-08	1423	Picture	9	30993367	0	1	20166	1	0	next	other	0
NU2-08	1425	Picture	24	31028699	0	1	20166	1	0	next	other	0
NU2-08	1427	Picture	40	31064032	0	1	43332	1	0	next	other	0
NU2-08	1427	Text Input	11	31107285	43254	0
NU2-08	1427	Response	0	31107285	43254	1
NU2-08	1428	Response	100	31109205	1841	1
NU2-08	1430	Picture	12	31137696	0	1	20166	1	0	next	other	0
NU2-08	1432	Picture	36	31173028	0	1	20166	1	0	next	other	0
NU2-08	1434	Picture	73	31208360	0	1	20166	1	0	next	other	0
NU2-08	1435	Response	0	31235924	7230	1
NU2-08	1435	Response	100	31237043	8350	1
NU2-08	1437	Picture	11	31252526	0	1	20166	1	0	next	other	0
NU2-08	1439	Picture	35	31287858	0	1	20166	1	0	next	other	0
NU2-08	1441	Picture	71	31323190	0	1	20166	1	0	next	other	0
NU2-08	1442	Response	0	31347922	4399	1
NU2-08	1442	Response	0	31352722	9199	1
NU2-08	1443	Response	0	31358161	5139	1
NU2-08	1443	Response	0	31358481	5459	1
NU2-08	1444	Response	0	31360881	2192	1
NU2-08	1444	Response	0	31361361	2672	1
NU2-08	1445	Response	0	31367601	5912	1
NU2-08	1445	Response	0	31367761	6072	1
NU2-08	1446	Response	0	31383921	15899	1
NU2-08	1446	Response	0	31384401	16379	1
NU2-08	1447	Response	0	31420401	35712	1
NU2-08	1447	Response	0	31420560	35872	1
NU2-08	1448	Response	0	31429040	8187	1
NU2-08	1448	Response	0	31429360	8506	1
NU2-08	1449	Response	0	31453840	24153	1
NU2-08	1449	Response	100	31455280	25593	1
NU2-08	1451	Picture	11	31470686	0	1	20166	1	0	next	other	0
NU2-08	1453	Picture	35	31506018	0	1	20166	1	0	next	other	0
NU2-08	1455	Picture	71	31541350	0	1	20166	1	0	next	other	0
NU2-08	1456	Response	0	31565039	3356	1
NU2-08	1456	Response	0	31569518	7835	1
NU2-08	1457	Response	0	31573358	3509	1
NU2-08	1457	Response	0	31574158	4309	1
NU2-08	1458	Response	0	31576878	2529	1
NU2-08	1458	Response	0	31577358	3009	1
NU2-08	1459	Response	0	31603758	26075	1
NU2-08	1459	Response	100	31605038	27355	1
NU2-08	1461	Picture	8	31620514	0	1	20166	1	0	next	other	0
NU2-08	1463	Picture	35	31655847	0	1	20166	1	0	next	other	0
NU2-08	1465	Picture	74	31691179	0	1	20166	1	0	next	other	0
NU2-08	1466	Response	0	31714797	3285	1
NU2-08	1466	Response	0	31719276	7765	1
NU2-08	1467	Response	0	31722476	2965	1
NU2-08	1467	Response	0	31723116	3604	1
NU2-08	1468	Response	0	31730956	7611	1
NU2-08	1468	Response	0	31731276	7931	1
NU2-08	1469	Response	0	31756876	25365	1
NU2-08	1469	Response	100	31758315	26804	1
NU2-08	1471	Picture	12	31773676	0	1	20166	1	0	next	other	0
NU2-08	1473	Picture	36	31809008	0	1	20166	1	0	next	other	0
NU2-08	1475	Picture	72	31844341	0	1	20166	1	0	next	other	0
NU2-08	1476	Response	0	31932233	67560	1
NU2-08	1476	Response	0	31935593	70919	1
NU2-08	1477	Response	0	31940393	4555	1
NU2-08	1477	Response	0	31941512	5675	1
NU2-08	1478	Response	0	31955272	13435	1
NU2-08	1478	Response	100	31956712	14875	1
NU2-08	1480	Picture	10	31972170	0	1	20166	1	0	next	other	0
NU2-08	1482	Picture	25	32007502	0	1	20166	1	0	next	other	0
NU2-08	1484	Picture	40	32042835	0	1	31666	1	0	next	other	0
NU2-08	1484	Text Input	12	32074470	31636	0
NU2-08	1484	Response	0	32074470	31636	1
NU2-08	1485	Response	100	32075591	1090	1
NU2-08	1487	Picture	8	32104833	0	1	20166	1	0	next	other	0
NU2-08	1489	Picture	36	32140165	0	1	20166	1	0	next	other	0
NU2-08	1491	Picture	50	32175497	0	1	34166	1	0	next	other	0
NU2-08	1491	Text Input	5	32209508	34011	0
NU2-08	1491	Response	0	32209508	34011	1
NU2-08	1492	Response	100	32210148	486	1
NU2-08	1494	Picture	13	32239995	0	1	20166	1	0	next	other	0
NU2-08	1496	Picture	25	32275327	0	1	20166	1	0	next	other	0
NU2-08	1498	Picture	40	32310659	0	1	31166	1	0	next	other	0
NU2-08	1498	Text Input	15	32341666	31007	0
NU2-08	1498	Response	0	32341666	31007	1
NU2-08	1499	Response	100	32342786	961	1
NU2-08	1501	Picture	9	32372158	0	1	20166	1	0	next	other	0
NU2-08	1503	Picture	26	32407490	0	1	20166	1	0	next	other	0
NU2-08	1505	Picture	40	32442822	0	1	34499	1	0	next	other	0
NU2-08	1505	Text Input	12	32477185	34363	0
NU2-08	1505	Response	0	32477185	34363	1
NU2-08	1506	Response	100	32478305	984	1
NU2-08	1508	Picture	12	32507653	0	1	20166	1	0	next	other	0
NU2-08	1510	Picture	35	32542986	0	1	20166	1	0	next	other	0
NU2-08	1512	Picture	73	32578318	0	1	20166	1	0	next	other	0
NU2-08	1513	Response	0	32798780	200129	1
NU2-08	1513	Response	0	32800379	201729	1
NU2-08	1514	Response	0	32802779	2135	1
NU2-08	1514	Response	0	32803419	2775	1
NU2-08	1515	Response	0	32820859	17215	1
NU2-08	1515	Response	100	32821819	18175	1
NU2-08	1517	Picture	11	32837310	0	1	20166	1	0	next	other	0
NU2-08	1519	Picture	34	32872642	0	1	20166	1	0	next	other	0
NU2-08	1521	Picture	50	32907974	0	1	30499	1	0	next	other	0
NU2-08	1521	Text Input	9	32938458	30483	0
NU2-08	1521	Response	0	32938458	30483	1
NU2-08	1522	Response	100	32939417	944	1
NU2-08	1524	Picture	13	32968806	0	1	20166	1	0	next	other	0
NU2-08	1526	Picture	37	33004138	0	1	20166	1	0	next	other	0
NU2-08	1528	Picture	50	33039470	0	1	37499	1	0	next	other	0
NU2-08	1528	Text Input	9	33076855	37385	0
NU2-08	1528	Response	0	33076855	37385	1
NU2-08	1529	Response	100	33077975	1006	1
NU2-08	1531	Picture	13	33107301	0	1	20166	1	0	next	other	0
NU2-08	1533	Picture	27	33142634	0	1	20166	1	0	next	other	0
NU2-08	1535	Picture	40	33177966	0	1	49665	1	0	next	other	0
NU2-08	1535	Text Input	16	33227573	49607	0
NU2-08	1535	Response	0	33227573	49607	1
NU2-08	1536	Response	100	33228693	1062	1
NU2-08	1538	Picture	11	33257963	0	1	20166	1	0	next	other	0
NU2-08	1540	Picture	25	33293296	0	1	20166	1	0	next	other	0
NU2-08	1542	Picture	40	33328628	0	1	38665	1	0	next	other	0
NU2-08	1542	Text Input	13	33367251	38623	0
NU2-08	1542	Response	0	33367251	38623	1
NU2-08	1543	Response	100	33368691	1397	1
NU2-08	1545	Picture	12	33397626	0	1	20166	1	0	next	other	0
NU2-08	1547	Picture	27	33432958	0	1	20166	1	0	next	other	0
NU2-08	1549	Picture	64	33468290	0	1	20166	1	0	next	other	0
NU2-08	1550	Response	0	33493330	4707	1
NU2-08	1550	Response	0	33494289	5666	1
NU2-08	1551	Response	0	33500849	6393	1
NU2-08	1551	Response	0	33501009	6553	1
NU2-08	1552	Response	0	33503249	1960	1
NU2-08	1552	Response	0	33503729	2440	1
NU2-08	1553	Response	0	33510929	6973	1
NU2-08	1553	Response	0	33511089	7133	1
NU2-08	1554	Response	0	33524369	13080	1
NU2-08	1554	Response	100	33525809	14520	1
NU2-08	1556	Picture	12	33541288	0	1	20166	1	0	next	other	0
NU2-08	1558	Picture	25	33576620	0	1	20166	1	0	next	other	0
NU2-08	1560	Picture	40	33611952	0	1	32332	1	0	next	other	0
NU2-08	1560	Text Input	14	33644207	32254	0
NU2-08	1560	Response	0	33644207	32254	1
NU2-08	1561	Response	100	33645487	1202	1
NU2-08	1563	Picture	12	33674617	0	1	20166	1	0	next	other	0
NU2-08	1565	Picture	24	33709949	0	1	20166	1	0	next	other	0
NU2-08	1567	Picture	40	33745282	0	1	36332	1	0	next	other	0
NU2-08	1567	Text Input	14	33781485	36203	0
NU2-08	1567	Response	0	33781485	36203	1
NU2-08	1568	Response	100	33782765	1151	1
NU2-08	1570	Picture	8	33811946	0	1	20166	1	0	next	other	0
NU2-08	1572	Picture	27	33847278	0	1	20166	1	0	next	other	0
NU2-08	1574	Picture	63	33882611	0	1	20166	1	0	next	other	0
NU2-08	1575	Response	0	33964842	61899	1
NU2-08	1575	Response	0	33966762	63819	1
NU2-08	1576	Response	0	33971722	4780	1
NU2-08	1576	Response	0	33971882	4940	1
NU2-08	1577	Response	0	33977642	5534	1
NU2-08	1577	Response	0	33977961	5854	1
NU2-08	1578	Response	0	33997162	18888	1
NU2-08	1578	Response	0	33997481	19207	1
NU2-08	1579	Response	0	34013161	15388	1
NU2-08	1579	Response	100	34014121	16347	1
NU2-08	1581	Picture	8	34029606	0	1	20166	1	0	next	other	0
NU2-08	1583	Picture	24	34064938	0	1	20166	1	0	next	other	0
NU2-08	1585	Picture	62	34100270	0	1	20166	1	0	next	other	0
NU2-08	1586	Response	0	34126920	6317	1
NU2-08	1586	Response	100	34127719	7116	1
NU2-08	1588	Picture	10	34143102	0	1	20166	1	0	next	other	0
NU2-08	1590	Picture	27	34178435	0	1	20166	1	0	next	other	0
NU2-08	1592	Picture	40	34213767	0	1	32999	1	0	next	other	0
NU2-08	1592	Text Input	13	34246598	32831	0
NU2-08	1592	Response	0	34246598	32831	1
NU2-08	1593	Response	100	34247718	952	1
NU2-08	1595	Picture	11	34277098	0	1	20166	1	0	next	other	0
NU2-08	1597	Picture	35	34312431	0	1	20166	1	0	next	other	0
NU2-08	1599	Picture	50	34347763	0	1	42832	1	0	next	other	0
NU2-08	1599	Text Input	8	34390435	42673	0
NU2-08	1599	Response	0	34390435	42673	1
NU2-08	1600	Response	100	34391235	641	1
NU2-08	1602	Picture	11	34420927	0	1	20166	1	0	next	other	0
NU2-08	1604	Picture	37	34456259	0	1	20166	1	0	next	other	0
NU2-08	1606	Picture	50	34491592	0	1	31666	1	0	next	other	0
NU2-08	1606	Text Input	7	34523234	31642	0
NU2-08	1606	Response	0	34523234	31642	1
NU2-08	1607	Response	100	34524193	936	1
NU2-08	1609	Picture	13	34553590	0	1	20166	1	0	next	other	0
NU2-08	1611	Picture	35	34588922	0	1	20166	1	0	next	other	0
NU2-08	1613	Picture	50	34624254	0	1	33999	1	0	next	other	0
NU2-08	1613	Text Input	10	34658111	33857	0
NU2-08	1613	Response	0	34658111	33857	1
NU2-08	1614	Response	100	34659071	818	1
NU2-08	1616	Picture	12	34688586	0	1	20166	1	0	next	other	0
NU2-08	1618	Picture	34	34723918	0	1	20166	1	0	next	other	0
NU2-08	1620	Picture	50	34759250	0	1	35166	1	0	next	other	0
NU2-08	1620	Text Input	10	34794269	35019	0
NU2-08	1620	Response	0	34794269	35019	1
NU2-08	1621	Response	100	34795389	974	1
NU2-08	1623	Picture	10	34824748	0	1	20166	1	0	next	other	0
NU2-08	1625	Picture	37	34860080	0	1	20166	1	0	next	other	0
NU2-08	1627	Picture	74	34895412	0	1	20166	1	0	next	other	0
NU2-08	1628	Response	0	34980667	64922	1
NU2-08	1628	Response	0	34982106	66361	1
NU2-08	1629	Response	0	34984667	2257	1
NU2-08	1629	Response	0	34984986	2577	1
NU2-08	1630	Response	0	35008507	23264	1
NU2-08	1630	Response	100	35009626	24383	1
NU2-08	1632	Picture	10	35025075	0	1	20166	1	0	next	other	0
NU2-08	1634	Picture	34	35060407	0	1	20166	1	0	next	other	0
NU2-08	1636	Picture	50	35095739	0	1	32166	1	0	next	other	0
NU2-08	1636	Text Input	8	35127864	32125	0
NU2-08	1636	Response	0	35127864	32125	1
NU2-08	1637	Response	100	35128824	919	1
NU2-08	1640	Picture	11	35758386	0	1	20166	1	0	next	other	0
NU2-08	1642	Picture	36	35793718	0	1	20166	1	0	next	other	0
NU2-08	1644	Picture	50	35829050	0	1	29999	1	0	next	other	0
NU2-08	1644	Text Input	8	35858893	29843	0
NU2-08	1644	Response	0	35858893	29843	1
NU2-08	1645	Response	100	35859853	804	1
NU2-08	1647	Picture	9	35889381	0	1	20166	1	0	next	other	0
NU2-08	1649	Picture	34	35924714	0	1	20165	2	0	next	other	0
NU2-08	1651	Picture	50	35960046	0	1	29832	1	0	next	other	0
NU2-08	1651	Text Input	7	35989771	29725	0
NU2-08	1651	Response	0	35989771	29725	1
NU2-08	1652	Response	100	35990731	853	1
NU2-08	1654	Picture	9	36020211	0	1	20166	1	0	next	other	0
NU2-08	1656	Picture	34	36055543	0	1	20166	1	0	next	other	0
NU2-08	1658	Picture	72	36090875	0	1	20166	1	0	next	other	0
NU2-08	1659	Response	0	36116330	5122	1
NU2-08	1659	Response	100	36117609	6401	1
NU2-08	1661	Picture	11	36133041	0	1	20166	1	0	next	other	0
NU2-08	1663	Picture	34	36168373	0	1	20166	1	0	next	other	0
NU2-08	1665	Picture	50	36203705	0	1	34999	1	0	next	other	0
NU2-08	1665	Text Input	9	36238568	34863	0
NU2-08	1665	Response	0	36238568	34863	1
NU2-08	1666	Response	100	36239527	823	1
NU2-08	1668	Picture	10	36269036	0	1	20166	1	0	next	other	0
NU2-08	1670	Picture	25	36304369	0	1	20166	1	0	next	other	0
NU2-08	1672	Picture	63	36339701	0	1	20157	37	0	next	other	0
NU2-08	1673	Response	0	36366086	6052	1
NU2-08	1673	Response	0	36368005	7972	1
NU2-08	1674	Response	0	36375525	7326	1
NU2-08	1674	Response	0	36376005	7805	1
NU2-08	1675	Response	0	36395365	19166	1
NU2-08	1675	Response	100	36396645	20445	1
NU2-08	1677	Picture	10	36412032	0	1	20166	1	0	next	other	0
NU2-08	1679	Picture	27	36447364	0	1	20166	1	0	next	other	0
NU2-08	1681	Picture	40	36482696	0	1	31832	1	0	next	other	0
NU2-08	1681	Text Input	13	36514403	31707	0
NU2-08	1681	Response	0	36514403	31707	1
NU2-08	1682	Response	100	36515363	835	1
NU2-08	1684	Picture	10	36544861	0	1	20166	1	0	next	other	0
NU2-08	1686	Picture	24	36580193	0	1	20166	1	0	next	other	0
NU2-08	1688	Picture	40	36615526	0	1	32666	1	0	next	other	0
NU2-08	1688	Text Input	12	36648162	32636	0
NU2-08	1688	Response	0	36648162	32636	1
NU2-08	1689	Response	100	36648961	770	1
NU2-08	1691	Picture	13	36678524	0	1	20166	1	0	next	other	0
NU2-08	1693	Picture	27	36713856	0	1	20166	1	0	next	other	0
NU2-08	1695	Picture	40	36749188	0	1	32666	1	0	next	other	0
NU2-08	1695	Text Input	16	36781759	32571	0
NU2-08	1695	Response	0	36781759	32571	1
NU2-08	1696	Response	100	36782559	705	1
NU2-08	1698	Picture	9	36812186	0	1	20166	1	0	next	other	0
NU2-08	1700	Picture	26	36847518	0	1	20166	1	0	next	other	0
NU2-08	1702	Picture	40	36882851	0	1	32166	1	0	next	other	0
NU2-08	1702	Text Input	12	36914877	32027	0
NU2-08	1702	Response	0	36914877	32027	1
NU2-08	1703	Response	100	36915837	821	1
NU2-08	1705	Picture	9	36945349	0	1	20166	1	0	next	other	0
NU2-08	1707	Picture	26	36980681	0	1	20166	1	0	next	other	0
NU2-08	1709	Picture	65	37016013	0	1	20166	1	0	next	other	0
NU2-08	1710	Response	0	37044156	7810	1
NU2-08	1710	Response	0	37050715	14369	1
NU2-08	1711	Response	0	37058235	7223	1
NU2-08	1711	Response	0	37058875	7863	1
NU2-08	1712	Response	0	37063675	4497	1
NU2-08	1712	Response	0	37063995	4816	1
NU2-08	1713	Response	0	37068795	4617	1
NU2-08	1713	Response	0	37068955	4777	1
NU2-08	1714	Response	0	37071515	2337	1
NU2-08	1714	Response	0	37071995	2817	1
NU2-08	1715	Response	0	37082555	10377	1
NU2-08	1715	Response	0	37083035	10857	1
NU2-08	1716	Response	0	37087994	4650	1
NU2-08	1716	Response	0	37088474	5130	1
NU2-08	1717	Response	0	37095515	6837	1
NU2-08	1717	Response	0	37095834	7157	1
NU2-08	1718	Response	0	37101435	5424	1
NU2-08	1718	Response	0	37101914	5904	1
NU2-08	1719	Response	0	37112794	10617	1
NU2-08	1719	Response	0	37112954	10777	1
NU2-08	1720	Response	0	37185594	72417	1
NU2-08	1720	Response	0	37185753	72576	1
NU2-08	1721	Response	0	37198393	12385	1
NU2-08	1721	Response	0	37198713	12705	1
NU2-08	1722	Response	0	37210873	11866	1
NU2-08	1722	Response	0	37211033	12025	1
NU2-08	1723	Response	0	37225753	14412	1
NU2-08	1723	Response	100	37226713	15372	1
NU2-08	1725	Picture	9	37242173	0	1	20166	1	0	next	other	0
NU2-08	1727	Picture	26	37277505	0	1	20166	1	0	next	other	0
NU2-08	1729	Picture	40	37312837	0	1	32332	1	0	next	other	0
NU2-08	1729	Text Input	12	37345111	32274	0
NU2-08	1729	Response	0	37345111	32274	1
NU2-08	1730	Response	100	37346231	1061	1
NU2-08	1732	Picture	13	37375502	0	1	20166	1	0	next	other	0
NU2-08	1734	Picture	27	37410834	0	1	20166	1	0	next	other	0
NU2-08	1736	Picture	40	37446166	0	1	33999	1	0	next	other	0
NU2-08	1736	Text Input	16	37480149	33982	0
NU2-08	1736	Response	0	37480149	33982	1
NU2-08	1737	Response	100	37481109	943	1
NU2-08	1739	Picture	11	37510498	0	1	20166	1	0	next	other	0
NU2-08	1741	Picture	36	37545830	0	1	20166	1	0	next	other	0
NU2-08	1743	Picture	74	37581162	0	1	20166	1	0	next	other	0
NU2-08	1744	Response	0	37617427	15932	1
NU2-08	1744	Response	0	37619987	18492	1
NU2-08	1745	Response	0	37623187	3026	1
NU2-08	1745	Response	0	37623986	3825	1
NU2-08	1746	Response	0	37639346	15186	1
NU2-08	1746	Response	0	37639666	15505	1
NU2-08	1747	Response	0	37660306	20313	1
NU2-08	1747	Response	100	37661266	21272	1
NU2-08	1749	Picture	11	37676659	0	1	20166	1	0	next	other	0
NU2-08	1751	Picture	37	37711991	0	1	20166	1	0	next	other	0
NU2-08	1753	Picture	50	37747324	0	1	36666	1	0	next	other	0
NU2-08	1753	Text Input	7	37783824	36501	0
NU2-08	1753	Response	0	37783824	36501	1
NU2-08	1754	Response	100	37784944	955	1
NU2-08	1756	Picture	9	37814322	0	1	20166	1	0	next	other	0
NU2-08	1758	Picture	37	37849654	0	1	20166	1	0	next	other	0
NU2-08	1760	Picture	50	37884986	0	1	32666	1	0	next	other	0
NU2-08	1760	Text Input	5	37917582	32596	0
NU2-08	1760	Response	0	37917582	32596	1
NU2-08	1761	Response	100	37918542	890	1
NU2-08	1763	Picture	10	37947984	0	1	20166	1	0	next	other	0
NU2-08	1765	Picture	35	37983316	0	1	20166	1	0	next	other	0
NU2-08	1767	Picture	71	38018649	0	1	20166	1	0	next	other	0
NU2-08	1768	Response	0	38070220	31239	1
NU2-08	1768	Response	0	38075499	36518	1
NU2-08	1769	Response	0	38079020	3206	1
NU2-08	1769	Response	0	38079659	3846	1
NU2-08	1770	Response	0	38082700	2720	1
NU2-08	1770	Response	0	38084460	4480	1
NU2-08	1771	Response	0	38127179	42533	1
NU2-08	1771	Response	100	38128139	43492	1
NU2-08	1773	Picture	10	38143478	0	1	20166	1	0	next	other	0
NU2-08	1775	Picture	24	38178810	0	1	20166	1	0	next	other	0
NU2-08	1777	Picture	62	38214142	0	1	20166	1	0	next	other	0
NU2-08	1778	Response	0	38244298	9823	1
NU2-08	1778	Response	100	38245257	10782	1
NU2-08	1780	Picture	11	38260641	0	1	20166	1	0	next	other	0
NU2-08	1782	Picture	37	38295973	0	1	20166	1	0	next	other	0
NU2-08	1784	Picture	75	38331305	0	1	20166	1	0	next	other	0
NU2-08	1785	Response	0	38354856	3218	1
NU2-08	1785	Response	0	38357735	6097	1
NU2-08	1786	Response	0	38361095	3124	1
NU2-08	1786	Response	0	38361895	3924	1
NU2-08	1787	Response	0	38365415	3278	1
NU2-08	1787	Response	0	38365575	3437	1
NU2-08	1788	Response	0	38373895	8091	1
NU2-08	1788	Response	0	38374215	8411	1
NU2-08	1789	Response	0	38378855	4384	1
NU2-08	1789	Response	0	38380775	6304	1
NU2-08	1790	Response	0	38384455	3484	1
NU2-08	1790	Response	0	38384935	3964	1
NU2-08	1791	Response	0	38410215	25078	1
NU2-08	1791	Response	100	38411655	26517	1
NU2-08	1793	Picture	8	38427136	0	1	20166	1	0	next	other	0
NU2-08	1795	Picture	36	38462468	0	1	20166	1	0	next	other	0
NU2-08	1797	Picture	75	38497800	0	1	20166	1	0	next	other	0
NU2-08	1798	Response	0	38572613	54480	1
NU2-08	1798	Response	0	38575652	57519	1
NU2-08	1799	Response	0	38582372	6407	1
NU2-08	1799	Response	0	38582852	6887	1
NU2-08	1800	Response	0	38588292	5161	1
NU2-08	1800	Response	0	38589892	6761	1
NU2-08	1801	Response	0	38593732	3601	1
NU2-08	1801	Response	0	38594852	4721	1
NU2-08	1802	Response	0	38597732	2601	1
NU2-08	1802	Response	0	38598692	3561	1
NU2-08	1803	Response	0	38630532	31568	1
NU2-08	1803	Response	0	38631011	32047	1
NU2-08	1804	Response	0	38648291	16995	1
NU2-08	1804	Response	0	38648611	17315	1
NU2-08	1805	Response	0	38659491	10696	1
NU2-08	1805	Response	0	38659971	11175	1
NU2-08	1806	Response	0	38670051	9756	1
NU2-08	1806	Response	0	38670851	10555	1
NU2-08	1807	Response	0	38676131	5002	1
NU2-08	1807	Response	0	38676290	5162	1
NU2-08	1808	Response	0	38692450	15989	1
NU2-08	1808	Response	0	38695330	18869	1
NU2-08	1809	Response	0	38705090	9463	1
NU2-08	1809	Response	0	38706850	11223	1
NU2-08	1810	Response	0	38712611	5483	1
NU2-08	1810	Response	0	38714370	7243	1
NU2-08	1811	Response	0	38725890	11263	1
NU2-08	1811	Response	0	38726370	11743	1
NU2-08	1812	Response	0	38733890	7263	1
NU2-08	1812	Response	0	38734530	7903	1
NU2-08	1813	Response	0	38752770	17978	1
NU2-08	1813	Response	0	38753250	18458	1
NU2-08	1814	Response	0	38757890	4431	1
NU2-08	1814	Response	0	38758050	4591	1
NU2-08	1815	Response	0	38776450	18157	1
NU2-08	1815	Response	0	38777089	18797	1
NU2-08	1816	Response	0	38784289	6997	1
NU2-08	1816	Response	100	38785569	8277	1
NU2-08	1818	Picture	9	38800958	0	1	20166	1	0	next	other	0
NU2-08	1820	Picture	34	38836290	0	1	20166	1	0	next	other	0
NU2-08	1822	Picture	73	38871622	0	1	20166	1	0	next	other	0
NU2-08	1823	Response	0	38900768	8813	1
NU2-08	1823	Response	0	38903807	11853	1
NU2-08	1824	Response	0	38906687	2566	1
NU2-08	1824	Response	0	38908127	4006	1
NU2-08	1825	Response	0	38928767	20313	1
NU2-08	1825	Response	100	38930047	21593	1
NU2-08	1827	Picture	9	38945453	0	1	20166	1	0	next	other	0
NU2-08	1829	Picture	35	38980785	0	1	20166	1	0	next	other	0
NU2-08	1831	Picture	50	39016118	0	1	38165	1	0	next	other	0
NU2-08	1831	Text Input	6	39054205	38088	0
NU2-08	1831	Response	0	39054205	38088	1
NU2-08	1832	Response	100	39055165	882	1
NU2-08	1834	Picture	End of exepriment	39069449	0	1	104022	1	0	next	other	0
NU2-08	1834	Response	0	39142484	73035	1
NU2-08	1834	Response	0	39163844	94394	1

The following output port codes were not sent because of a conflict on the port.
Port	Code	Time(ms)
1	0	3.90694e+006
