Scenario - 
Logfile written - 03/24/2016 18:56:37

Subject	Trial	Event Type	Code	Time	TTime	Uncertainty	Duration	Uncertainty	ReqTime	ReqDur	Stim Type	Pair Index

NU2-05	1	Picture	Instructions	151	0	183	34014	183	0	next	other	0
NU2-05	1	Response	0	34070	33919	1
NU2-05	2	Picture	Instructions	34165	0	1	15833	1	0	next	other	0
NU2-05	2	Response	0	49909	15744	1
NU2-05	4	Picture	Experiment starts	49998	0	1	30166	1	0	next	other	0
NU2-05	6	Picture	9	95330	0	1	20166	1	0	next	other	0
NU2-05	8	Picture	35	130662	0	1	20166	1	0	next	other	0
NU2-05	10	Picture	74	165994	0	1	20166	1	0	next	other	0
NU2-05	11	Response	0	521061	334734	1
NU2-05	11	Response	0	527780	341454	1
NU2-05	12	Response	0	531620	3639	1
NU2-05	12	Response	100	532261	4279	1
NU2-05	14	Picture	11	547648	0	1	20166	1	0	next	other	0
NU2-05	16	Picture	34	582980	0	1	20166	1	0	next	other	0
NU2-05	18	Picture	50	618312	0	1	32499	1	0	next	other	0
NU2-05	18	Text Input	9	650658	32346	0
NU2-05	21	Picture	11	681143	0	1	20166	1	0	next	other	0
NU2-05	23	Picture	26	716475	0	1	20166	1	0	next	other	0
NU2-05	25	Picture	62	751808	0	1	20166	1	0	next	other	0
NU2-05	26	Response	0	792416	20276	1
NU2-05	26	Response	0	795936	23796	1
NU2-05	27	Response	0	802176	6036	1
NU2-05	27	Response	100	802816	6676	1
NU2-05	29	Picture	10	818305	0	1	20166	1	0	next	other	0
NU2-05	31	Picture	26	853637	0	1	20166	1	0	next	other	0
NU2-05	33	Picture	40	888970	0	1	28832	1	0	next	other	0
NU2-05	33	Text Input	13	917694	28724	0
NU2-05	36	Picture	12	948134	0	1	20166	1	0	next	other	0
NU2-05	38	Picture	24	983466	0	1	20166	1	0	next	other	0
NU2-05	40	Picture	61	1018798	0	1	20166	1	0	next	other	0
NU2-05	41	Response	0	1047772	8641	1
NU2-05	41	Response	0	1054491	15360	1
NU2-05	42	Response	0	1064091	9294	1
NU2-05	42	Response	100	1064891	10094	1
NU2-05	44	Picture	13	1080296	0	1	20166	1	0	next	other	0
NU2-05	46	Picture	37	1115628	0	1	20166	1	0	next	other	0
NU2-05	48	Picture	50	1150961	0	1	26666	1	0	next	other	0
NU2-05	48	Text Input	9	1177529	26568	0
NU2-05	51	Picture	10	1207959	0	1	20166	1	0	next	other	0
NU2-05	53	Picture	36	1243291	0	1	20166	1	0	next	other	0
NU2-05	55	Picture	72	1278623	0	1	20166	1	0	next	other	0
NU2-05	56	Response	0	1320887	21931	1
NU2-05	56	Response	0	1325206	26251	1
NU2-05	57	Response	0	1328086	2632	1
NU2-05	57	Response	0	1329526	4072	1
NU2-05	58	Response	0	1334966	5178	1
NU2-05	58	Response	0	1335606	5818	1
NU2-05	59	Response	0	1341046	5258	1
NU2-05	59	Response	100	1341686	5898	1
NU2-05	61	Picture	8	1357120	0	1	20166	1	0	next	other	0
NU2-05	63	Picture	35	1392452	0	1	20166	1	0	next	other	0
NU2-05	65	Picture	72	1427784	0	1	20166	1	0	next	other	0
NU2-05	66	Response	0	1450805	2687	1
NU2-05	66	Response	0	1455284	7167	1
NU2-05	67	Response	0	1460404	4787	1
NU2-05	67	Response	100	1461204	5587	1
NU2-05	69	Picture	12	1476616	0	1	20166	1	0	next	other	0
NU2-05	71	Picture	25	1511948	0	1	20166	1	0	next	other	0
NU2-05	73	Picture	64	1547280	0	1	20166	1	0	next	other	0
NU2-05	74	Response	0	1570002	2389	1
NU2-05	74	Response	0	1578642	11029	1
NU2-05	75	Response	0	1590642	11696	1
NU2-05	75	Response	0	1592722	13776	1
NU2-05	76	Response	0	1599282	6336	1
NU2-05	76	Response	0	1600401	7456	1
NU2-05	77	Response	0	1614801	14189	1
NU2-05	77	Response	0	1620081	19469	1
NU2-05	78	Response	0	1630961	10683	1
NU2-05	78	Response	0	1631441	11163	1
NU2-05	79	Response	0	1638161	6550	1
NU2-05	79	Response	100	1638481	6870	1
NU2-05	81	Picture	8	1653943	0	1	20166	1	0	next	other	0
NU2-05	83	Picture	34	1689276	0	1	20166	1	0	next	other	0
NU2-05	85	Picture	50	1724608	0	1	28666	1	0	next	other	0
NU2-05	85	Text Input	6	1753199	28591	0
NU2-05	88	Picture	9	1783606	0	1	20166	1	0	next	other	0
NU2-05	90	Picture	37	1818938	0	1	20166	1	0	next	other	0
NU2-05	92	Picture	50	1854270	0	1	27166	1	0	next	other	0
NU2-05	92	Text Input	5	1881356	27086	0
NU2-05	95	Picture	12	1911768	0	1	20166	1	0	next	other	0
NU2-05	97	Picture	35	1947100	0	1	20166	1	0	next	other	0
NU2-05	99	Picture	50	1982432	0	1	26332	1	0	next	other	0
NU2-05	99	Text Input	9	2008714	26282	0
NU2-05	102	Picture	10	2039097	0	1	20166	1	0	next	other	0
NU2-05	104	Picture	25	2074429	0	1	20166	1	0	next	other	0
NU2-05	106	Picture	40	2109761	0	1	37499	1	0	next	other	0
NU2-05	106	Text Input	12	2147111	37350	0
NU2-05	109	Picture	9	2177592	0	1	20166	1	0	next	other	0
NU2-05	111	Picture	35	2212924	0	1	20166	1	0	next	other	0
NU2-05	113	Picture	73	2248256	0	1	20166	1	0	next	other	0
NU2-05	114	Response	0	2271270	2680	1
NU2-05	114	Response	0	2275590	7001	1
NU2-05	115	Response	0	2281509	5587	1
NU2-05	115	Response	100	2282629	6707	1
NU2-05	117	Picture	12	2298088	0	1	20166	1	0	next	other	0
NU2-05	119	Picture	26	2333420	0	1	20166	1	0	next	other	0
NU2-05	121	Picture	40	2368752	0	1	34999	1	0	next	other	0
NU2-05	121	Text Input	15	2403587	34835	0
NU2-05	121	Response	0	2403587	34835	1
NU2-05	122	Response	100	2404387	636	1
NU2-05	124	Picture	8	2434083	0	1	20166	1	0	next	other	0
NU2-05	126	Picture	37	2469416	0	1	20166	1	0	next	other	0
NU2-05	128	Picture	73	2504748	0	1	20166	1	0	next	other	0
NU2-05	129	Response	0	2527905	2825	1
NU2-05	129	Response	0	2530785	5705	1
NU2-05	130	Response	0	2536865	5785	1
NU2-05	130	Response	100	2537505	6424	1
NU2-05	132	Picture	10	2552913	0	1	20166	1	0	next	other	0
NU2-05	134	Picture	26	2588245	0	1	20166	1	0	next	other	0
NU2-05	136	Picture	40	2623577	0	1	31999	1	0	next	other	0
NU2-05	136	Text Input	13	2655422	31845	0
NU2-05	139	Picture	11	2685908	0	1	20166	1	0	next	other	0
NU2-05	141	Picture	35	2721240	0	1	20166	1	0	next	other	0
NU2-05	143	Picture	50	2756573	0	1	68331	1	0	next	other	0
NU2-05	143	Text Input	8	2824859	68287	0
NU2-05	146	Picture	11	2855236	0	1	20166	1	0	next	other	0
NU2-05	148	Picture	26	2890568	0	1	20166	1	0	next	other	0
NU2-05	150	Picture	62	2925900	0	1	20166	1	0	next	other	0
NU2-05	151	Response	0	2958778	12545	1
NU2-05	151	Response	0	2964057	17824	1
NU2-05	152	Response	0	2971097	6865	1
NU2-05	152	Response	0	2972057	7825	1
NU2-05	153	Response	0	2979417	7185	1
NU2-05	153	Response	0	2980217	7985	1
NU2-05	154	Response	0	2991416	11018	1
NU2-05	154	Response	100	2991896	11498	1
NU2-05	156	Picture	12	3007231	0	1	20166	1	0	next	other	0
NU2-05	158	Picture	34	3042563	0	1	20166	1	0	next	other	0
NU2-05	160	Picture	72	3077895	0	1	20166	1	0	next	other	0
NU2-05	161	Response	0	3107735	9507	1
NU2-05	161	Response	100	3108374	10147	1
NU2-05	163	Picture	8	3123727	0	1	20166	1	0	next	other	0
NU2-05	165	Picture	35	3159059	0	1	20166	1	0	next	other	0
NU2-05	167	Picture	71	3194391	0	1	20166	1	0	next	other	0
NU2-05	168	Response	0	3216853	2129	1
NU2-05	168	Response	0	3223732	9009	1
NU2-05	169	Response	0	3229012	4956	1
NU2-05	169	Response	0	3231092	7036	1
NU2-05	170	Response	0	3237012	5622	1
NU2-05	170	Response	100	3237652	6262	1
NU2-05	172	Picture	9	3253056	0	1	20166	1	0	next	other	0
NU2-05	174	Picture	36	3288388	0	1	20166	1	0	next	other	0
NU2-05	176	Picture	75	3323720	0	1	20166	1	0	next	other	0
NU2-05	177	Response	0	3346291	2238	1
NU2-05	177	Response	0	3355250	11197	1
NU2-05	178	Response	0	3367250	11697	1
NU2-05	178	Response	0	3368530	12978	1
NU2-05	179	Response	0	3377330	8611	1
NU2-05	179	Response	100	3377809	9091	1
NU2-05	181	Picture	12	3393218	0	1	20166	1	0	next	other	0
NU2-05	183	Picture	25	3428550	0	1	20166	1	0	next	other	0
NU2-05	185	Picture	40	3463882	0	1	35499	1	0	next	other	0
NU2-05	185	Text Input	14	3499247	35366	0
NU2-05	185	Response	0	3499247	35366	1
NU2-05	186	Response	100	3499727	347	1
NU2-05	188	Picture	9	3529713	0	1	20166	1	0	next	other	0
NU2-05	190	Picture	25	3565045	0	1	20166	1	0	next	other	0
NU2-05	192	Picture	62	3600377	0	1	20166	1	0	next	other	0
NU2-05	193	Response	0	3623086	2376	1
NU2-05	193	Response	0	3628525	7815	1
NU2-05	194	Response	0	3636845	8136	1
NU2-05	194	Response	100	3637645	8935	1
NU2-05	196	Picture	8	3653042	0	1	20166	1	0	next	other	0
NU2-05	198	Picture	24	3688374	0	1	20166	1	0	next	other	0
NU2-05	200	Picture	40	3723706	0	1	28332	1	0	next	other	0
NU2-05	200	Text Input	10	3751883	28177	0
NU2-05	203	Picture	9	3782371	0	1	20166	1	0	next	other	0
NU2-05	205	Picture	25	3817703	0	1	20166	1	0	next	other	0
NU2-05	207	Picture	62	3853035	0	1	20166	1	0	next	other	0
NU2-05	208	Response	0	3875721	2353	1
NU2-05	208	Response	0	3880841	7473	1
NU2-05	209	Response	0	3885961	4926	1
NU2-05	209	Response	100	3886600	5566	1
NU2-05	211	Picture	8	3902033	0	1	20166	1	0	next	other	0
NU2-05	213	Picture	34	3937366	0	1	20166	1	0	next	other	0
NU2-05	215	Picture	73	3972698	0	1	20166	1	0	next	other	0
NU2-05	216	Response	0	3997319	4289	1
NU2-05	216	Response	0	4006758	13727	1
NU2-05	217	Response	0	4011878	4848	1
NU2-05	217	Response	0	4012838	5808	1
NU2-05	218	Response	0	4021958	8928	1
NU2-05	218	Response	0	4022758	9728	1
NU2-05	219	Response	0	4028518	5489	1
NU2-05	219	Response	100	4028998	5968	1
NU2-05	221	Picture	11	4044362	0	1	20166	1	0	next	other	0
NU2-05	223	Picture	35	4079694	0	1	20166	1	0	next	other	0
NU2-05	225	Picture	71	4115026	0	1	20166	1	0	next	other	0
NU2-05	226	Response	0	4143556	8197	1
NU2-05	226	Response	0	4154756	19397	1
NU2-05	227	Response	0	4163555	8531	1
NU2-05	227	Response	100	4164195	9171	1
NU2-05	229	Picture	8	4179691	0	1	20166	1	0	next	other	0
NU2-05	231	Picture	24	4215023	0	1	20166	1	0	next	other	0
NU2-05	233	Picture	40	4250355	0	1	29999	1	0	next	other	0
NU2-05	233	Text Input	10	4280193	29838	0
NU2-05	236	Picture	12	4310686	0	1	20166	1	0	next	other	0
NU2-05	238	Picture	34	4346018	0	1	20166	1	0	next	other	0
NU2-05	240	Picture	71	4381351	0	1	20166	1	0	next	other	0
NU2-05	241	Response	0	4402912	1228	1
NU2-05	241	Response	0	4410751	9068	1
NU2-05	242	Response	0	4419871	8855	1
NU2-05	242	Response	100	4420511	9494	1
NU2-05	244	Picture	10	4435849	0	1	20166	1	0	next	other	0
NU2-05	246	Picture	35	4471181	0	1	20166	1	0	next	other	0
NU2-05	248	Picture	50	4506513	0	1	26999	1	0	next	other	0
NU2-05	248	Text Input	7	4533469	26956	0
NU2-05	248	Response	0	4533469	26956	1
NU2-05	249	Response	100	4534109	597	1
NU2-05	251	Picture	8	4563844	0	1	20166	1	0	next	other	0
NU2-05	253	Picture	34	4599176	0	1	20166	1	0	next	other	0
NU2-05	255	Picture	50	4634509	0	1	67664	1	0	next	other	0
NU2-05	255	Text Input	7	4702106	67597	0
NU2-05	255	Response	0	4702106	67597	1
NU2-05	256	Response	100	4702426	253	1
NU2-05	258	Picture	10	4732505	0	1	20166	1	0	next	other	0
NU2-05	260	Picture	27	4767837	0	1	20166	1	0	next	other	0
NU2-05	262	Picture	61	4803169	0	1	20166	1	0	next	other	0
NU2-05	262	Response	0	4823224	20055	1
NU2-05	263	Response	0	4827384	3882	1
NU2-05	263	Response	0	4828824	5321	1
NU2-05	263	Response	0	4837943	14441	1
NU2-05	264	Response	0	4840183	2015	1
NU2-05	264	Response	0	4843063	4895	1
NU2-05	265	Response	0	4850263	6928	1
NU2-05	265	Response	0	4851063	7728	1
NU2-05	266	Response	0	4854743	3408	1
NU2-05	266	Response	100	4855223	3888	1
NU2-05	268	Picture	10	4870667	0	1	20166	1	0	next	other	0
NU2-05	270	Picture	37	4905999	0	1	20166	1	0	next	other	0
NU2-05	272	Picture	50	4941331	0	1	26499	1	0	next	other	0
NU2-05	272	Text Input	6	4967701	26369	0
NU2-05	275	Picture	12	4998163	0	1	20166	1	0	next	other	0
NU2-05	277	Picture	35	5033495	0	1	20166	1	0	next	other	0
NU2-05	279	Picture	50	5068827	0	1	31666	1	0	next	other	0
NU2-05	279	Text Input	9	5100339	31512	0
NU2-05	282	Picture	11	5130825	0	1	20166	1	0	next	other	0
NU2-05	284	Picture	24	5166157	0	1	20166	1	0	next	other	0
NU2-05	286	Picture	40	5201489	0	1	30666	1	0	next	other	0
NU2-05	286	Text Input	13	5232016	30527	0
NU2-05	289	Picture	11	5262487	0	1	20166	1	0	next	other	0
NU2-05	291	Picture	26	5297819	0	1	20166	1	0	next	other	0
NU2-05	293	Picture	40	5333152	0	1	61331	1	0	next	other	0
NU2-05	293	Text Input	14	5394414	61262	0
NU2-05	296	Picture	8	5424815	0	1	20166	1	0	next	other	0
NU2-05	298	Picture	25	5460147	0	1	20166	1	0	next	other	0
NU2-05	300	Picture	63	5495479	0	1	20166	1	0	next	other	0
NU2-05	301	Response	0	5524971	9159	1
NU2-05	301	Response	100	5525451	9639	1
NU2-05	303	Picture	9	5540811	0	1	20166	1	0	next	other	0
NU2-05	305	Picture	34	5576143	0	1	20166	1	0	next	other	0
NU2-05	307	Picture	72	5611475	0	1	20166	1	0	next	other	0
NU2-05	308	Response	0	5634570	2762	1
NU2-05	308	Response	100	5635369	3561	1
NU2-05	310	Picture	12	5650807	0	1	20166	1	0	next	other	0
NU2-05	312	Picture	37	5686139	0	1	20166	1	0	next	other	0
NU2-05	314	Picture	73	5721472	0	1	20166	1	0	next	other	0
NU2-05	315	Response	0	5745608	3803	1
NU2-05	315	Response	0	5749927	8123	1
NU2-05	316	Response	0	5755367	5230	1
NU2-05	316	Response	0	5755847	5709	1
NU2-05	317	Response	0	5761927	5790	1
NU2-05	317	Response	0	5762567	6430	1
NU2-05	318	Response	0	5765767	2963	1
NU2-05	318	Response	100	5766247	3443	1
NU2-05	320	Picture	10	5781636	0	1	20166	1	0	next	other	0
NU2-05	322	Picture	26	5816968	0	1	20166	1	0	next	other	0
NU2-05	324	Picture	40	5852301	0	1	38499	1	0	next	other	0
NU2-05	324	Text Input	13	5890725	38424	0
NU2-05	327	Picture	9	5921132	0	1	20166	1	0	next	other	0
NU2-05	329	Picture	27	5956464	0	1	20166	1	0	next	other	0
NU2-05	331	Picture	65	5991796	0	1	20166	1	0	next	other	0
NU2-05	332	Response	0	6041122	28994	1
NU2-05	332	Response	0	6050561	38433	1
NU2-05	333	Response	0	6059842	9048	1
NU2-05	333	Response	100	6060321	9528	1
NU2-05	335	Picture	9	6075793	0	1	20166	1	0	next	other	0
NU2-05	337	Picture	37	6111125	0	1	20166	1	0	next	other	0
NU2-05	339	Picture	72	6146457	0	1	20166	1	0	next	other	0
NU2-05	340	Response	0	6170880	4090	1
NU2-05	340	Response	0	6178559	11769	1
NU2-05	341	Response	0	6183839	5050	1
NU2-05	341	Response	100	6184639	5850	1
NU2-05	343	Picture	8	6200122	0	1	20166	1	0	next	other	0
NU2-05	345	Picture	25	6235454	0	1	20166	1	0	next	other	0
NU2-05	347	Picture	64	6270786	0	1	20166	1	0	next	other	0
NU2-05	348	Response	0	6312318	21199	1
NU2-05	348	Response	0	6321117	29998	1
NU2-05	349	Response	0	6326717	5432	1
NU2-05	349	Response	0	6327517	6232	1
NU2-05	350	Response	0	6337597	9812	1
NU2-05	350	Response	0	6339516	11732	1
NU2-05	351	Response	0	6343516	3732	1
NU2-05	351	Response	0	6343996	4212	1
NU2-05	352	Response	0	6349436	5153	1
NU2-05	352	Response	100	6350076	5792	1
NU2-05	354	Picture	11	6365450	0	1	20166	1	0	next	other	0
NU2-05	356	Picture	35	6400782	0	1	20166	1	0	next	other	0
NU2-05	358	Picture	71	6436114	0	1	20166	1	0	next	other	0
NU2-05	359	Response	0	6470235	13788	1
NU2-05	359	Response	0	6481114	24667	1
NU2-05	360	Response	0	6492954	11508	1
NU2-05	360	Response	100	6493594	12148	1
NU2-05	362	Picture	9	6508945	0	1	20166	1	0	next	other	0
NU2-05	364	Picture	24	6544277	0	1	20166	1	0	next	other	0
NU2-05	366	Picture	40	6579609	0	1	33666	1	0	next	other	0
NU2-05	366	Text Input	11	6613112	33502	0
NU2-05	366	Response	0	6613112	33502	1
NU2-05	367	Response	100	6613431	157	1
NU2-05	369	Picture	12	6643607	0	1	20166	1	0	next	other	0
NU2-05	371	Picture	25	6678939	0	1	20166	1	0	next	other	0
NU2-05	373	Picture	62	6714271	0	1	20166	1	0	next	other	0
NU2-05	374	Response	0	6743830	9226	1
NU2-05	374	Response	0	6744789	10185	1
NU2-05	375	Response	0	6746229	1126	1
NU2-05	375	Response	0	6747029	1926	1
NU2-05	376	Response	0	6748629	1359	1
NU2-05	376	Response	0	6749429	2159	1
NU2-05	377	Response	0	6751349	1746	1
NU2-05	377	Response	0	6752309	2706	1
NU2-05	378	Response	0	6764629	12026	1
NU2-05	378	Response	0	6765109	12505	1
NU2-05	379	Response	0	6768949	3513	1
NU2-05	379	Response	100	6769589	4152	1
NU2-05	381	Picture	11	6784935	0	1	20166	1	0	next	other	0
NU2-05	383	Picture	27	6820268	0	1	20166	1	0	next	other	0
NU2-05	385	Picture	40	6855600	0	1	28832	1	0	next	other	0
NU2-05	385	Text Input	14	6884307	28707	0
NU2-05	385	Response	0	6884307	28707	1
NU2-05	386	Response	100	6884947	515	1
NU2-05	388	Picture	9	6914764	0	1	20166	1	0	next	other	0
NU2-05	390	Picture	25	6950097	0	1	20166	1	0	next	other	0
NU2-05	392	Picture	40	6985429	0	1	31499	1	0	next	other	0
NU2-05	392	Text Input	11	7016784	31356	0
NU2-05	392	Response	0	7016784	31356	1
NU2-05	393	Response	100	7017424	497	1
NU2-05	395	Picture	12	7047260	0	1	20166	1	0	next	other	0
NU2-05	397	Picture	24	7082592	0	1	20166	1	0	next	other	0
NU2-05	399	Picture	62	7117924	0	1	20166	1	0	next	other	0
NU2-05	400	Response	0	7147662	9406	1
NU2-05	400	Response	100	7148302	10045	1
NU2-05	402	Picture	10	7163756	0	1	20166	1	0	next	other	0
NU2-05	404	Picture	35	7199088	0	1	20166	1	0	next	other	0
NU2-05	406	Picture	71	7234420	0	1	20166	1	0	next	other	0
NU2-05	407	Response	0	7279500	24747	1
NU2-05	407	Response	0	7288779	34027	1
NU2-05	408	Response	0	7296459	7374	1
NU2-05	408	Response	100	7297259	8174	1
NU2-05	410	Picture	12	7312751	0	1	20166	1	0	next	other	0
NU2-05	412	Picture	37	7348083	0	1	20166	1	0	next	other	0
NU2-05	414	Picture	50	7383415	0	1	34499	1	0	next	other	0
NU2-05	414	Text Input	8	7417737	34322	0
NU2-05	414	Response	0	7417737	34322	1
NU2-05	415	Response	100	7418377	463	1
NU2-05	417	Picture	12	7448246	0	1	20166	1	0	next	other	0
NU2-05	419	Picture	26	7483578	0	1	20166	1	0	next	other	0
NU2-05	421	Picture	40	7518911	0	1	52498	1	0	next	other	0
NU2-05	421	Text Input	15	7571334	52424	0
NU2-05	421	Response	0	7571334	52424	1
NU2-05	422	Response	100	7571814	405	1
NU2-05	424	Picture	11	7601741	0	1	20166	1	0	next	other	0
NU2-05	426	Picture	27	7637073	0	1	20166	1	0	next	other	0
NU2-05	428	Picture	64	7672405	0	1	20166	1	0	next	other	0
NU2-05	429	Response	0	7711172	18434	1
NU2-05	429	Response	0	7715652	22914	1
NU2-05	430	Response	0	7722532	6628	1
NU2-05	430	Response	100	7723172	7268	1
NU2-05	432	Picture	9	7738570	0	1	20166	1	0	next	other	0
NU2-05	434	Picture	27	7773902	0	1	20166	1	0	next	other	0
NU2-05	436	Picture	40	7809234	0	1	31166	1	0	next	other	0
NU2-05	436	Text Input	12	7840290	31056	0
NU2-05	439	Picture	9	7870732	0	1	20166	1	0	next	other	0
NU2-05	441	Picture	26	7906064	0	1	20166	1	0	next	other	0
NU2-05	443	Picture	40	7941396	0	1	38998	1	0	next	other	0
NU2-05	443	Text Input	12	7980287	38891	0
NU2-05	446	Picture	11	8010727	0	1	20166	1	0	next	other	0
NU2-05	448	Picture	25	8046059	0	1	20166	1	0	next	other	0
NU2-05	450	Picture	40	8081391	0	1	29499	1	0	next	other	0
NU2-05	450	Text Input	13	8110845	29453	0
NU2-05	453	Picture	10	8141223	0	1	20166	1	0	next	other	0
NU2-05	455	Picture	35	8176555	0	1	20166	1	0	next	other	0
NU2-05	457	Picture	72	8211887	0	1	20166	1	0	next	other	0
NU2-05	458	Response	0	8234203	1983	1
NU2-05	458	Response	0	8238842	6623	1
NU2-05	459	Response	0	8247482	8430	1
NU2-05	459	Response	0	8247962	8909	1
NU2-05	460	Response	0	8252762	4543	1
NU2-05	460	Response	100	8253402	5183	1
NU2-05	462	Picture	8	8268885	0	1	20166	1	0	next	other	0
NU2-05	464	Picture	26	8304217	0	1	20166	1	0	next	other	0
NU2-05	466	Picture	65	8339549	0	1	20166	1	0	next	other	0
NU2-05	467	Response	0	8370361	10479	1
NU2-05	467	Response	0	8378840	18958	1
NU2-05	468	Response	0	8381400	2352	1
NU2-05	468	Response	0	8384920	5872	1
NU2-05	469	Response	0	8392440	7225	1
NU2-05	469	Response	0	8393080	7865	1
NU2-05	470	Response	0	8398840	5459	1
NU2-05	470	Response	100	8399320	5939	1
NU2-05	472	Picture	12	8414713	0	1	20166	1	0	next	other	0
NU2-05	474	Picture	35	8450046	0	1	20166	1	0	next	other	0
NU2-05	476	Picture	71	8485378	0	1	20166	1	0	next	other	0
NU2-05	477	Response	0	8509718	4008	1
NU2-05	477	Response	0	8518037	12327	1
NU2-05	478	Response	0	8523957	5748	1
NU2-05	478	Response	0	8528757	10547	1
NU2-05	479	Response	0	8531477	2434	1
NU2-05	479	Response	0	8534037	4994	1
NU2-05	480	Response	0	8539637	5428	1
NU2-05	480	Response	0	8540117	5908	1
NU2-05	481	Response	0	8545397	5021	1
NU2-05	481	Response	100	8545877	5501	1
NU2-05	483	Picture	11	8561375	0	1	20166	1	0	next	other	0
NU2-05	485	Picture	36	8596707	0	1	20166	1	0	next	other	0
NU2-05	487	Picture	73	8632039	0	1	20166	1	0	next	other	0
NU2-05	488	Response	0	8653875	1503	1
NU2-05	488	Response	100	8654835	2463	1
NU2-05	490	Picture	12	8670205	0	1	20166	1	0	next	other	0
NU2-05	492	Picture	34	8705537	0	1	20166	1	0	next	other	0
NU2-05	494	Picture	73	8740869	0	1	20166	1	0	next	other	0
NU2-05	495	Response	0	8763794	2592	1
NU2-05	495	Response	0	8770673	9471	1
NU2-05	496	Response	0	8774353	3485	1
NU2-05	496	Response	0	8775473	4605	1
NU2-05	497	Response	0	8783473	7772	1
NU2-05	497	Response	0	8783953	8251	1
NU2-05	498	Response	0	8787952	3752	1
NU2-05	498	Response	0	8788432	4232	1
NU2-05	499	Response	0	8793392	4692	1
NU2-05	499	Response	100	8793872	5172	1
NU2-05	501	Picture	11	8809367	0	1	20166	1	0	next	other	0
NU2-05	503	Picture	27	8844699	0	1	20166	1	0	next	other	0
NU2-05	505	Picture	40	8880031	0	1	52998	1	0	next	other	0
NU2-05	505	Text Input	9	8932910	52879	0
NU2-05	508	Picture	12	8963361	0	1	20166	1	0	next	other	0
NU2-05	510	Picture	35	8998694	0	1	20166	1	0	next	other	0
NU2-05	512	Picture	73	9034026	0	1	20166	1	0	next	other	0
NU2-05	513	Response	0	9061388	7030	1
NU2-05	513	Response	0	9066668	12309	1
NU2-05	514	Response	0	9071787	4930	1
NU2-05	514	Response	0	9072267	5409	1
NU2-05	515	Response	0	9077707	5183	1
NU2-05	515	Response	100	9078347	5823	1
NU2-05	517	Picture	9	9093690	0	1	20166	1	0	next	other	0
NU2-05	519	Picture	36	9129022	0	1	20166	1	0	next	other	0
NU2-05	521	Picture	50	9164355	0	1	27999	1	0	next	other	0
NU2-05	521	Text Input	6	9192265	27910	0
NU2-05	524	Picture	10	9222686	0	1	20166	1	0	next	other	0
NU2-05	526	Picture	24	9258018	0	1	20166	1	0	next	other	0
NU2-05	528	Picture	40	9293350	0	1	29332	1	0	next	other	0
NU2-05	528	Text Input	12	9322663	29313	0
NU2-05	531	Picture	13	9353015	0	1	20166	1	0	next	other	0
NU2-05	533	Picture	37	9388347	0	1	20166	1	0	next	other	0
NU2-05	535	Picture	50	9423679	0	1	26832	1	0	next	other	0
NU2-05	535	Text Input	9	9450341	26661	0
NU2-05	538	Picture	12	9480844	0	1	20166	1	0	next	other	0
NU2-05	540	Picture	37	9516176	0	1	20166	1	0	next	other	0
NU2-05	542	Picture	50	9551508	0	1	28166	1	0	next	other	0
NU2-05	542	Text Input	8	9579618	28110	0
NU2-05	545	Picture	9	9610006	0	1	20166	1	0	next	other	0
NU2-05	547	Picture	37	9645338	0	1	20166	1	0	next	other	0
NU2-05	549	Picture	76	9680670	0	1	20166	1	0	next	other	0
NU2-05	550	Response	0	9701857	854	1
NU2-05	550	Response	0	9714816	13813	1
NU2-05	551	Response	0	9718176	3173	1
NU2-05	551	Response	0	9720736	5733	1
NU2-05	552	Response	0	9726016	5013	1
NU2-05	552	Response	0	9726496	5493	1
NU2-05	553	Response	0	9734816	8147	1
NU2-05	553	Response	0	9735456	8787	1
NU2-05	554	Response	0	9739135	3467	1
NU2-05	554	Response	100	9739776	4107	1
NU2-05	556	Picture	11	9755168	0	1	20166	1	0	next	other	0
NU2-05	558	Picture	25	9790500	0	1	20166	1	0	next	other	0
NU2-05	560	Picture	40	9825832	0	1	32999	1	0	next	other	0
NU2-05	560	Text Input	13	9858813	32981	0
NU2-05	563	Picture	10	9889163	0	1	20166	1	0	next	other	0
NU2-05	565	Picture	24	9924495	0	1	20166	1	0	next	other	0
NU2-05	567	Picture	40	9959828	0	1	30832	1	0	next	other	0
NU2-05	567	Text Input	12	9990491	30664	0
NU2-05	570	Picture	9	10020992	0	1	20166	1	0	next	other	0
NU2-05	572	Picture	36	10056324	0	1	20166	1	0	next	other	0
NU2-05	574	Picture	74	10091656	0	1	20166	1	0	next	other	0
NU2-05	575	Response	0	10140089	28100	1
NU2-05	575	Response	0	10150328	38339	1
NU2-05	576	Response	0	10155448	4794	1
NU2-05	576	Response	0	10156088	5434	1
NU2-05	577	Response	0	10161368	5047	1
NU2-05	577	Response	100	10162008	5687	1
NU2-05	579	Picture	8	10177487	0	1	20166	1	0	next	other	0
NU2-05	581	Picture	36	10212819	0	1	20166	1	0	next	other	0
NU2-05	583	Picture	50	10248151	0	1	98663	1	0	next	other	0
NU2-05	583	Text Input	7	10346645	98494	0
NU2-05	583	Response	0	10346645	98494	1
NU2-05	584	Response	100	10347445	630	1
NU2-05	586	Picture	12	10377147	0	1	20166	1	0	next	other	0
NU2-05	588	Picture	37	10412479	0	1	20166	1	0	next	other	0
NU2-05	590	Picture	72	10447811	0	1	20166	1	0	next	other	0
NU2-05	591	Response	0	10476243	8099	1
NU2-05	591	Response	0	10485362	17218	1
NU2-05	592	Response	0	10497522	11879	1
NU2-05	592	Response	100	10498162	12519	1
NU2-05	594	Picture	10	10513642	0	1	20166	1	0	next	other	0
NU2-05	596	Picture	27	10548974	0	1	20166	1	0	next	other	0
NU2-05	598	Picture	63	10584306	0	1	20166	1	0	next	other	0
NU2-05	599	Response	0	10607440	2801	1
NU2-05	599	Response	0	10615120	10481	1
NU2-05	600	Response	0	10621680	6374	1
NU2-05	600	Response	0	10626640	11334	1
NU2-05	601	Response	0	10630000	3028	1
NU2-05	601	Response	0	10630799	3828	1
NU2-05	602	Response	0	10634639	3668	1
NU2-05	602	Response	0	10634799	3828	1
NU2-05	603	Response	0	10640239	5268	1
NU2-05	603	Response	100	10640879	5908	1
NU2-05	605	Picture	9	10656304	0	1	20166	1	0	next	other	0
NU2-05	607	Picture	35	10691636	0	1	20166	1	0	next	other	0
NU2-05	609	Picture	50	10726968	0	1	26832	1	0	next	other	0
NU2-05	609	Text Input	6	10753677	26709	0
NU2-05	612	Picture	12	10784133	0	1	20166	1	0	next	other	0
NU2-05	614	Picture	24	10819465	0	1	20166	1	0	next	other	0
NU2-05	616	Picture	40	10854797	0	1	35165	1	0	next	other	0
NU2-05	616	Text Input	14	10889835	35038	0
NU2-05	616	Response	0	10889835	35038	1
NU2-05	617	Response	100	10890635	672	1
NU2-05	619	Picture	10	10920295	0	1	20166	1	0	next	other	0
NU2-05	621	Picture	37	10955627	0	1	20166	1	0	next	other	0
NU2-05	623	Picture	74	10990959	0	1	20166	1	0	next	other	0
NU2-05	624	Response	0	11030153	18861	1
NU2-05	624	Response	0	11035112	23821	1
NU2-05	625	Response	0	11041352	6061	1
NU2-05	625	Response	100	11042152	6861	1
NU2-05	627	Picture	11	11057624	0	1	20166	1	0	next	other	0
NU2-05	629	Picture	24	11092956	0	1	20166	1	0	next	other	0
NU2-05	631	Picture	40	11128288	0	1	27499	1	0	next	other	0
NU2-05	631	Text Input	13	11155750	27462	0
NU2-05	635	Picture	10	11786266	0	1	20166	1	0	next	other	0
NU2-05	637	Picture	26	11821598	0	1	20166	1	0	next	other	0
NU2-05	639	Picture	40	11856930	0	1	44998	1	0	next	other	0
NU2-05	639	Text Input	13	11901817	44887	0
NU2-05	642	Picture	8	11932261	0	1	20166	1	0	next	other	0
NU2-05	644	Picture	27	11967593	0	1	20166	1	0	next	other	0
NU2-05	646	Picture	65	12002925	0	1	20166	1	0	next	other	0
NU2-05	647	Response	0	12025655	2398	1
NU2-05	647	Response	0	12031094	7837	1
NU2-05	648	Response	0	12036054	4631	1
NU2-05	648	Response	100	12036694	5271	1
NU2-05	650	Picture	11	12052090	0	1	20166	1	0	next	other	0
NU2-05	652	Picture	25	12087422	0	1	20166	1	0	next	other	0
NU2-05	654	Picture	64	12122754	0	1	20166	1	0	next	other	0
NU2-05	655	Response	0	12145173	2086	1
NU2-05	655	Response	0	12154452	11366	1
NU2-05	656	Response	0	12158292	3539	1
NU2-05	656	Response	0	12159412	4659	1
NU2-05	657	Response	0	12162612	3026	1
NU2-05	657	Response	0	12163092	3506	1
NU2-05	658	Response	0	12166772	3353	1
NU2-05	658	Response	0	12167412	3993	1
NU2-05	659	Response	0	12171412	3826	1
NU2-05	659	Response	100	12172052	4466	1
NU2-05	661	Picture	11	12187419	0	1	20166	1	0	next	other	0
NU2-05	663	Picture	24	12222751	0	1	20166	1	0	next	other	0
NU2-05	665	Picture	40	12258083	0	1	42332	1	0	next	other	0
NU2-05	665	Text Input	13	12300370	42287	0
NU2-05	668	Picture	12	12330747	0	1	20166	1	0	next	other	0
NU2-05	670	Picture	25	12366079	0	1	20166	1	0	next	other	0
NU2-05	672	Picture	62	12401411	0	1	20166	1	0	next	other	0
NU2-05	673	Response	0	12427888	6144	1
NU2-05	673	Response	100	12428527	6783	1
NU2-05	675	Picture	9	12443910	0	1	20166	1	0	next	other	0
NU2-05	677	Picture	37	12479242	0	1	20166	1	0	next	other	0
NU2-05	679	Picture	76	12514574	0	1	20166	1	0	next	other	0
NU2-05	680	Response	0	12534766	26	1
NU2-05	680	Response	0	12544525	9785	1
NU2-05	681	Response	0	12547885	3146	1
NU2-05	681	Response	0	12551085	6345	1
NU2-05	682	Response	0	12557805	6399	1
NU2-05	682	Response	0	12561325	9919	1
NU2-05	683	Response	0	12569005	7432	1
NU2-05	683	Response	100	12569965	8392	1
NU2-05	685	Picture	10	12585405	0	1	20166	1	0	next	other	0
NU2-05	687	Picture	35	12620737	0	1	20166	1	0	next	other	0
NU2-05	689	Picture	71	12656069	0	1	20166	1	0	next	other	0
NU2-05	690	Response	0	12680203	3802	1
NU2-05	690	Response	0	12684843	8441	1
NU2-05	691	Response	0	12706602	21534	1
NU2-05	691	Response	0	12707562	22494	1
NU2-05	692	Response	0	12716682	8948	1
NU2-05	692	Response	0	12717322	9588	1
NU2-05	693	Response	0	12731242	13675	1
NU2-05	693	Response	100	12731882	14315	1
NU2-05	695	Picture	10	12747233	0	1	20166	1	0	next	other	0
NU2-05	697	Picture	36	12782565	0	1	20166	1	0	next	other	0
NU2-05	699	Picture	73	12817897	0	1	20166	1	0	next	other	0
NU2-05	700	Response	0	12848360	10130	1
NU2-05	700	Response	100	12848999	10770	1
NU2-05	702	Picture	12	12864395	0	1	20166	1	0	next	other	0
NU2-05	704	Picture	26	12899728	0	1	20166	1	0	next	other	0
NU2-05	706	Picture	64	12935060	0	1	20166	1	0	next	other	0
NU2-05	707	Response	0	12958758	3366	1
NU2-05	707	Response	0	12963877	8485	1
NU2-05	708	Response	0	12971398	7339	1
NU2-05	708	Response	0	12971878	7819	1
NU2-05	709	Response	0	12976197	4139	1
NU2-05	709	Response	0	12976837	4779	1
NU2-05	710	Response	0	12983078	6019	1
NU2-05	710	Response	100	12983557	6499	1
NU2-05	712	Picture	10	12998891	0	1	20166	1	0	next	other	0
NU2-05	714	Picture	25	13034223	0	1	20166	1	0	next	other	0
NU2-05	716	Picture	64	13069555	0	1	20166	1	0	next	other	0
NU2-05	717	Response	0	13096036	6148	1
NU2-05	717	Response	0	13108035	18147	1
NU2-05	718	Response	0	13110755	2534	1
NU2-05	718	Response	0	13112675	4455	1
NU2-05	719	Response	0	13120995	8108	1
NU2-05	719	Response	0	13122275	9388	1
NU2-05	720	Response	0	13129475	6922	1
NU2-05	720	Response	100	13130115	7561	1
NU2-05	722	Picture	9	13145553	0	1	20166	1	0	next	other	0
NU2-05	724	Picture	35	13180885	0	1	20166	1	0	next	other	0
NU2-05	726	Picture	50	13216217	0	1	29666	1	0	next	other	0
NU2-05	726	Text Input	6	13245793	29576	0
NU2-05	729	Picture	12	13276215	0	1	20166	1	0	next	other	0
NU2-05	731	Picture	34	13311547	0	1	20166	1	0	next	other	0
NU2-05	733	Picture	72	13346879	0	1	20166	1	0	next	other	0
NU2-05	734	Response	0	13439710	72498	1
NU2-05	734	Response	100	13440189	72977	1
NU2-05	736	Picture	8	13455542	0	1	20166	1	0	next	other	0
NU2-05	738	Picture	26	13490874	0	1	20166	1	0	next	other	0
NU2-05	740	Picture	64	13526206	0	1	20166	1	0	next	other	0
NU2-05	741	Response	0	13549308	2769	1
NU2-05	741	Response	0	13553787	7248	1
NU2-05	742	Response	0	13557147	3108	1
NU2-05	742	Response	0	13557787	3748	1
NU2-05	743	Response	0	13561307	3268	1
NU2-05	743	Response	0	13561787	3748	1
NU2-05	744	Response	0	13564187	2148	1
NU2-05	744	Response	0	13564667	2628	1
NU2-05	745	Response	0	13569787	4915	1
NU2-05	745	Response	100	13570587	5715	1
NU2-05	747	Picture	9	13586038	0	1	20166	1	0	next	other	0
NU2-05	749	Picture	26	13621370	0	1	20166	1	0	next	other	0
NU2-05	751	Picture	61	13656702	0	1	20166	1	0	next	other	0
NU2-05	752	Response	0	13688505	11471	1
NU2-05	752	Response	0	13699064	22030	1
NU2-05	753	Response	0	13703065	3698	1
NU2-05	753	Response	0	13704184	4817	1
NU2-05	754	Response	0	13708664	4297	1
NU2-05	754	Response	100	13709464	5097	1
NU2-05	756	Picture	11	13724866	0	1	20166	1	0	next	other	0
NU2-05	758	Picture	24	13760198	0	1	20166	1	0	next	other	0
NU2-05	760	Picture	62	13795531	0	1	20166	1	0	next	other	0
NU2-05	761	Response	0	13828343	12479	1
NU2-05	761	Response	0	13835062	19199	1
NU2-05	762	Response	0	13840822	5459	1
NU2-05	762	Response	100	13841622	6259	1
NU2-05	764	Picture	10	13857028	0	1	20166	1	0	next	other	0
NU2-05	766	Picture	24	13892361	0	1	20166	1	0	next	other	0
NU2-05	768	Picture	63	13927693	0	1	20166	1	0	next	other	0
NU2-05	769	Response	0	13952340	4315	1
NU2-05	769	Response	0	13960980	12954	1
NU2-05	770	Response	0	13965940	4748	1
NU2-05	770	Response	0	13967540	6348	1
NU2-05	771	Response	0	13972340	4482	1
NU2-05	771	Response	0	13973300	5442	1
NU2-05	772	Response	0	13976019	2495	1
NU2-05	772	Response	100	13976660	3135	1
NU2-05	774	Picture	9	13992024	0	1	20166	1	0	next	other	0
NU2-05	776	Picture	27	14027356	0	1	20166	1	0	next	other	0
NU2-05	778	Picture	40	14062688	0	1	26499	1	0	next	other	0
NU2-05	778	Text Input	12	14089137	26449	0
NU2-05	781	Picture	8	14119520	0	1	20166	1	0	next	other	0
NU2-05	783	Picture	25	14154852	0	1	20166	1	0	next	other	0
NU2-05	785	Picture	61	14190184	0	1	20166	1	0	next	other	0
NU2-05	786	Response	0	14214416	3899	1
NU2-05	786	Response	0	14222895	12379	1
NU2-05	787	Response	0	14226735	3552	1
NU2-05	787	Response	0	14227535	4352	1
NU2-05	788	Response	0	14228655	806	1
NU2-05	788	Response	0	14229295	1446	1
NU2-05	789	Response	0	14230095	579	1
NU2-05	789	Response	0	14230895	1379	1
NU2-05	790	Response	0	14231535	353	1
NU2-05	790	Response	0	14232175	992	1
NU2-05	791	Response	0	14238095	5746	1
NU2-05	791	Response	100	14238735	6386	1
NU2-05	793	Picture	10	14254182	0	1	20166	1	0	next	other	0
NU2-05	795	Picture	27	14289514	0	1	20166	1	0	next	other	0
NU2-05	797	Picture	61	14324846	0	1	20166	1	0	next	other	0
NU2-05	798	Response	0	14346413	1235	1
NU2-05	798	Response	0	14357933	12754	1
NU2-05	799	Response	0	14362733	4555	1
NU2-05	799	Response	100	14363532	5354	1
NU2-05	801	Picture	12	14379011	0	1	20166	1	0	next	other	0
NU2-05	803	Picture	27	14414343	0	1	20166	1	0	next	other	0
NU2-05	805	Picture	40	14449675	0	1	33166	1	0	next	other	0
NU2-05	805	Text Input	15	14482730	33055	0
NU2-05	805	Response	0	14482730	33055	1
NU2-05	806	Response	100	14483370	530	1
NU2-05	808	Picture	12	14513173	0	1	20166	1	0	next	other	0
NU2-05	810	Picture	34	14548505	0	1	20166	1	0	next	other	0
NU2-05	812	Picture	73	14583837	0	1	20166	1	0	next	other	0
NU2-05	813	Response	0	14608809	4639	1
NU2-05	813	Response	0	14617768	13598	1
NU2-05	814	Response	0	14621128	3126	1
NU2-05	814	Response	0	14622728	4725	1
NU2-05	815	Response	0	14628968	5965	1
NU2-05	815	Response	100	14629768	6765	1
NU2-05	817	Picture	11	14645168	0	1	20166	1	0	next	other	0
NU2-05	819	Picture	34	14680500	0	1	20166	1	0	next	other	0
NU2-05	821	Picture	72	14715833	0	1	20166	1	0	next	other	0
NU2-05	822	Response	0	14747686	11521	1
NU2-05	822	Response	100	14748326	12161	1
NU2-05	824	Picture	9	14763664	0	1	20166	1	0	next	other	0
NU2-05	826	Picture	26	14798996	0	1	20166	1	0	next	other	0
NU2-05	828	Picture	62	14834329	0	1	20166	1	0	next	other	0
NU2-05	829	Response	0	14857124	2463	1
NU2-05	829	Response	0	14862884	8223	1
NU2-05	830	Response	0	14870404	7243	1
NU2-05	830	Response	100	14871204	8043	1
NU2-05	832	Picture	11	14886660	0	1	20166	1	0	next	other	0
NU2-05	834	Picture	37	14921992	0	1	20166	1	0	next	other	0
NU2-05	836	Picture	50	14957324	0	1	53665	1	0	next	other	0
NU2-05	836	Text Input	6	15010881	53557	0
NU2-05	839	Picture	11	15041322	0	1	20166	1	0	next	other	0
NU2-05	841	Picture	37	15076654	0	1	20166	1	0	next	other	0
NU2-05	843	Picture	50	15111986	0	1	27666	1	0	next	other	0
NU2-05	843	Text Input	7	15139519	27533	0
NU2-05	843	Response	0	15139519	27533	1
NU2-05	844	Response	100	15140159	507	1
NU2-05	846	Picture	11	15169984	0	1	20166	1	0	next	other	0
NU2-05	848	Picture	34	15205316	0	1	20166	1	0	next	other	0
NU2-05	850	Picture	72	15240648	0	1	20166	1	0	next	other	0
NU2-05	851	Response	0	15263997	3016	1
NU2-05	851	Response	100	15264796	3816	1
NU2-05	853	Picture	12	15280147	0	1	20166	1	0	next	other	0
NU2-05	855	Picture	34	15315479	0	1	20166	1	0	next	other	0
NU2-05	857	Picture	50	15350811	0	1	39499	1	0	next	other	0
NU2-05	857	Text Input	10	15390234	39423	0
NU2-05	860	Picture	11	15420642	0	1	20166	1	0	next	other	0
NU2-05	862	Picture	36	15455974	0	1	20166	1	0	next	other	0
NU2-05	864	Picture	50	15491306	0	1	34166	1	0	next	other	0
NU2-05	864	Text Input	8	15525432	34125	0
NU2-05	867	Picture	8	15555804	0	1	20166	1	0	next	other	0
NU2-05	869	Picture	34	15591136	0	1	20166	1	0	next	other	0
NU2-05	871	Picture	73	15626468	0	1	20166	1	0	next	other	0
NU2-05	872	Response	0	15648150	1349	1
NU2-05	872	Response	0	15660149	13348	1
NU2-05	873	Response	0	15675669	15202	1
NU2-05	873	Response	0	15676469	16002	1
NU2-05	874	Response	0	15683349	6549	1
NU2-05	874	Response	100	15683989	7189	1
NU2-05	876	Picture	10	15699466	0	1	20166	1	0	next	other	0
NU2-05	878	Picture	34	15734798	0	1	20166	1	0	next	other	0
NU2-05	880	Picture	71	15770130	0	1	20166	1	0	next	other	0
NU2-05	881	Response	0	15833587	43124	1
NU2-05	881	Response	0	15835026	44564	1
NU2-05	882	Response	0	15835186	58	1
NU2-05	882	Response	0	15844146	9018	1
NU2-05	883	Response	0	15855826	11365	1
NU2-05	883	Response	0	15856137	11677	11
NU2-05	884	Response	0	15860466	4005	1
NU2-05	884	Response	100	15861106	4645	1
NU2-05	886	Picture	11	15876460	0	1	20166	1	0	next	other	0
NU2-05	888	Picture	26	15911792	0	1	20166	1	0	next	other	0
NU2-05	890	Picture	40	15947124	0	1	36332	1	0	next	other	0
NU2-05	890	Text Input	14	15983344	36220	0
NU2-05	890	Response	0	15983344	36220	1
NU2-05	891	Response	100	15984304	847	1
NU2-05	893	Picture	11	16013789	0	1	20166	1	0	next	other	0
NU2-05	895	Picture	36	16049121	0	1	20166	1	0	next	other	0
NU2-05	897	Picture	50	16084453	0	1	27832	1	0	next	other	0
NU2-05	897	Text Input	8	16112141	27689	0
NU2-05	900	Picture	10	16142618	0	1	20166	1	0	next	other	0
NU2-05	902	Picture	35	16177950	0	1	20166	1	0	next	other	0
NU2-05	904	Picture	50	16213282	0	1	35165	1	0	next	other	0
NU2-05	904	Text Input	7	16248299	35017	0
NU2-05	904	Response	0	16248299	35017	1
NU2-05	905	Response	100	16249099	652	1
NU2-05	907	Picture	9	16278779	0	1	20166	1	0	next	other	0
NU2-05	909	Picture	26	16314112	0	1	20166	1	0	next	other	0
NU2-05	911	Picture	40	16349444	0	1	29499	1	0	next	other	0
NU2-05	911	Text Input	12	16378856	29413	0
NU2-05	914	Picture	13	16409275	0	1	20166	1	0	next	other	0
NU2-05	916	Picture	37	16444607	0	1	20166	1	0	next	other	0
NU2-05	918	Picture	50	16479939	0	1	32666	1	0	next	other	0
NU2-05	918	Text Input	9	16512454	32515	0
NU2-05	921	Picture	12	16542937	0	1	20166	1	0	next	other	0
NU2-05	923	Picture	24	16578269	0	1	20166	1	0	next	other	0
NU2-05	925	Picture	40	16613601	0	1	34666	1	0	next	other	0
NU2-05	925	Text Input	14	16648132	34530	0
NU2-05	925	Response	0	16648132	34530	1
NU2-05	926	Response	100	16648932	665	1
NU2-05	928	Picture	9	16678599	0	1	20166	1	0	next	other	0
NU2-05	930	Picture	34	16713931	0	1	20166	1	0	next	other	0
NU2-05	932	Picture	72	16749264	0	1	20166	1	0	next	other	0
NU2-05	933	Response	0	16769730	134	1
NU2-05	933	Response	100	16770850	1253	1
NU2-05	935	Picture	11	16786262	0	1	20166	1	0	next	other	0
NU2-05	937	Picture	24	16821594	0	1	20166	1	0	next	other	0
NU2-05	939	Picture	63	16856927	0	1	20166	1	0	next	other	0
NU2-05	940	Response	0	16879808	2549	1
NU2-05	940	Response	0	16889087	11828	1
NU2-05	941	Response	0	16893407	4149	1
NU2-05	941	Response	0	16894207	4949	1
NU2-05	942	Response	0	16899327	4902	1
NU2-05	942	Response	100	16899967	5542	1
NU2-05	944	Picture	9	16915425	0	1	20166	1	0	next	other	0
NU2-05	946	Picture	37	16950757	0	1	20166	1	0	next	other	0
NU2-05	948	Picture	50	16986089	0	1	32999	1	0	next	other	0
NU2-05	948	Text Input	5	17019005	32916	0
NU2-05	951	Picture	12	17049420	0	1	20166	1	0	next	other	0
NU2-05	953	Picture	35	17084752	0	1	20166	1	0	next	other	0
NU2-05	955	Picture	73	17120084	0	1	20166	1	0	next	other	0
NU2-05	956	Response	0	17144603	4187	1
NU2-05	956	Response	0	17150203	9786	1
NU2-05	957	Response	0	17156123	5706	1
NU2-05	957	Response	0	17156762	6346	1
NU2-05	958	Response	0	17162202	5119	1
NU2-05	958	Response	100	17163002	5919	1
NU2-05	960	Picture	9	17178416	0	1	20166	1	0	next	other	0
NU2-05	962	Picture	24	17213748	0	1	20166	1	0	next	other	0
NU2-05	964	Picture	40	17249080	0	1	28166	1	0	next	other	0
NU2-05	964	Text Input	11	17277080	28000	0
NU2-05	967	Picture	12	17307578	0	1	20166	1	0	next	other	0
NU2-05	969	Picture	34	17342910	0	1	20166	1	0	next	other	0
NU2-05	971	Picture	50	17378242	0	1	30999	1	0	next	other	0
NU2-05	971	Text Input	10	17409078	30836	0
NU2-05	974	Picture	12	17439573	0	1	20166	1	0	next	other	0
NU2-05	976	Picture	36	17474906	0	1	20166	1	0	next	other	0
NU2-05	978	Picture	74	17510238	0	1	20166	1	0	next	other	0
NU2-05	979	Response	0	17530677	106	1
NU2-05	979	Response	0	17534836	4266	1
NU2-05	980	Response	0	17542196	7125	1
NU2-05	980	Response	0	17545716	10646	1
NU2-05	981	Response	0	17553235	7332	1
NU2-05	981	Response	100	17554035	8132	1
NU2-05	983	Picture	9	17569402	0	1	20166	1	0	next	other	0
NU2-05	985	Picture	25	17604734	0	1	20166	1	0	next	other	0
NU2-05	987	Picture	61	17640067	0	1	20166	1	0	next	other	0
NU2-05	988	Response	0	17662834	2435	1
NU2-05	988	Response	0	17673073	12674	1
NU2-05	989	Response	0	17681233	7834	1
NU2-05	989	Response	100	17682673	9274	1
NU2-05	991	Picture	8	17698065	0	1	20166	1	0	next	other	0
NU2-05	993	Picture	37	17733397	0	1	20166	1	0	next	other	0
NU2-05	995	Picture	73	17768729	0	1	20166	1	0	next	other	0
NU2-05	996	Response	0	17797232	8170	1
NU2-05	996	Response	0	17801391	12330	1
NU2-05	997	Response	0	17804751	3190	1
NU2-05	997	Response	0	17805711	4150	1
NU2-05	998	Response	0	17813871	7976	1
NU2-05	998	Response	100	17814511	8617	1
NU2-05	1000	Picture	8	17829893	0	1	20166	1	0	next	other	0
NU2-05	1002	Picture	36	17865226	0	1	20166	1	0	next	other	0
NU2-05	1004	Picture	75	17900558	0	1	20166	1	0	next	other	0
NU2-05	1005	Response	0	17933709	12819	1
NU2-05	1005	Response	0	17945548	24658	1
NU2-05	1006	Response	0	17955468	9745	1
NU2-05	1006	Response	0	17956748	11025	1
NU2-05	1007	Response	0	17958988	1932	1
NU2-05	1007	Response	100	17959628	2572	1
NU2-05	1009	Picture	8	17975055	0	1	20166	1	0	next	other	0
NU2-05	1011	Picture	26	18010387	0	1	20166	1	0	next	other	0
NU2-05	1013	Picture	40	18045719	0	1	38999	1	0	next	other	0
NU2-05	1013	Text Input	11	18084586	38867	0
NU2-05	1016	Picture	9	18115050	0	1	20166	1	0	next	other	0
NU2-05	1018	Picture	24	18150383	0	1	20166	1	0	next	other	0
NU2-05	1020	Picture	62	18185715	0	1	20166	1	0	next	other	0
NU2-05	1021	Response	0	18209064	3017	1
NU2-05	1021	Response	100	18209704	3656	1
NU2-05	1023	Picture	8	18225047	0	1	20166	1	0	next	other	0
NU2-05	1025	Picture	36	18260379	0	1	20166	1	0	next	other	0
NU2-05	1027	Picture	71	18295711	0	1	20166	1	0	next	other	0
NU2-05	1028	Response	0	18343142	27098	1
NU2-05	1028	Response	0	18352101	36057	1
NU2-05	1029	Response	0	18355621	3245	1
NU2-05	1029	Response	0	18357061	4685	1
NU2-05	1030	Response	0	18365701	8325	1
NU2-05	1030	Response	0	18367461	10085	1
NU2-05	1031	Response	0	18372421	4712	1
NU2-05	1031	Response	0	18373701	5992	1
NU2-05	1032	Response	0	18375301	1426	1
NU2-05	1032	Response	0	18376261	2386	1
NU2-05	1033	Response	0	18378821	2279	1
NU2-05	1033	Response	100	18379621	3079	1
NU2-05	1035	Picture	11	18395041	0	1	20166	1	0	next	other	0
NU2-05	1037	Picture	24	18430373	0	1	20166	1	0	next	other	0
NU2-05	1039	Picture	61	18465705	0	1	20166	1	0	next	other	0
NU2-05	1039	Response	0	18485699	19994	1
NU2-05	1040	Response	0	18490339	4301	1
NU2-05	1040	Response	0	18491779	5741	1
NU2-05	1040	Response	0	18500898	14861	1
NU2-05	1041	Response	0	18506018	4814	1
NU2-05	1041	Response	0	18506818	5614	1
NU2-05	1042	Response	0	18507938	901	1
NU2-05	1042	Response	0	18508578	1541	1
NU2-05	1043	Response	0	18513858	4988	1
NU2-05	1043	Response	0	18514978	6107	1
NU2-05	1044	Response	0	18518018	2815	1
NU2-05	1044	Response	100	18518658	3455	1
NU2-05	1046	Picture	9	18534036	0	1	20166	1	0	next	other	0
NU2-05	1048	Picture	34	18569368	0	1	20166	1	0	next	other	0
NU2-05	1050	Picture	73	18604701	0	1	20166	1	0	next	other	0
NU2-05	1051	Response	0	18627777	2744	1
NU2-05	1051	Response	0	18637376	12343	1
NU2-05	1052	Response	0	18643296	5597	1
NU2-05	1052	Response	100	18644256	6557	1
NU2-05	1054	Picture	9	18659699	0	1	20166	1	0	next	other	0
NU2-05	1056	Picture	25	18695031	0	1	20166	1	0	next	other	0
NU2-05	1058	Picture	61	18730363	0	1	20166	1	0	next	other	0
NU2-05	1059	Response	0	18753054	2359	1
NU2-05	1059	Response	0	18765214	14519	1
NU2-05	1060	Response	0	18770014	4485	1
NU2-05	1060	Response	100	18770813	5285	1
NU2-05	1062	Picture	12	18786194	0	1	20166	1	0	next	other	0
NU2-05	1064	Picture	37	18821526	0	1	20166	1	0	next	other	0
NU2-05	1066	Picture	50	18856859	0	1	25666	1	0	next	other	0
NU2-05	1066	Text Input	8	18882492	25633	0
NU2-05	1069	Picture	12	18912857	0	1	20166	1	0	next	other	0
NU2-05	1071	Picture	37	18948189	0	1	20166	1	0	next	other	0
NU2-05	1073	Picture	73	18983521	0	1	20166	1	0	next	other	0
NU2-05	1074	Response	0	19004730	876	1
NU2-05	1074	Response	0	19011609	7756	1
NU2-05	1075	Response	0	19016569	4716	1
NU2-05	1075	Response	100	19017369	5516	1
NU2-05	1077	Picture	8	19032853	0	1	20166	1	0	next	other	0
NU2-05	1079	Picture	26	19068185	0	1	20166	1	0	next	other	0
NU2-05	1081	Picture	40	19103517	0	1	27499	1	0	next	other	0
NU2-05	1081	Text Input	13	19130967	27450	0
NU2-05	1084	Picture	12	19161348	0	1	20166	1	0	next	other	0
NU2-05	1086	Picture	26	19196680	0	1	20166	1	0	next	other	0
NU2-05	1088	Picture	64	19232013	0	1	20166	1	0	next	other	0
NU2-05	1089	Response	0	19255285	2940	1
NU2-05	1089	Response	0	19260245	7900	1
NU2-05	1090	Response	0	19266005	5493	1
NU2-05	1090	Response	100	19266805	6293	1
NU2-05	1092	Picture	10	19282178	0	1	20166	1	0	next	other	0
NU2-05	1094	Picture	25	19317510	0	1	20166	1	0	next	other	0
NU2-05	1096	Picture	40	19352842	0	1	30666	1	0	next	other	0
NU2-05	1096	Text Input	12	19383443	30601	0
NU2-05	1099	Picture	13	19413840	0	1	20166	1	0	next	other	0
NU2-05	1101	Picture	25	19449172	0	1	20166	1	0	next	other	0
NU2-05	1103	Picture	40	19484504	0	1	36665	1	0	next	other	0
NU2-05	1103	Text Input	15	19521040	36536	0
NU2-05	1106	Picture	10	19551502	0	1	20166	1	0	next	other	0
NU2-05	1108	Picture	37	19586834	0	1	20166	1	0	next	other	0
NU2-05	1110	Picture	76	19622166	0	1	20166	1	0	next	other	0
NU2-05	1111	Response	0	19644079	1580	1
NU2-05	1111	Response	0	19655118	12619	1
NU2-05	1112	Response	0	19659438	4106	1
NU2-05	1112	Response	0	19660238	4906	1
NU2-05	1113	Response	0	19661518	1020	1
NU2-05	1113	Response	0	19662318	1820	1
NU2-05	1114	Response	0	19669038	6540	1
NU2-05	1114	Response	100	19669838	7340	1
NU2-05	1116	Picture	12	19685330	0	1	20166	1	0	next	other	0
NU2-05	1118	Picture	27	19720663	0	1	20166	1	0	next	other	0
NU2-05	1120	Picture	40	19755995	0	1	41665	1	0	next	other	0
NU2-05	1120	Text Input	15	19797515	41520	0
NU2-05	1123	Picture	11	19827992	0	1	20166	1	0	next	other	0
NU2-05	1125	Picture	37	19863324	0	1	20166	1	0	next	other	0
NU2-05	1127	Picture	50	19898657	0	1	27999	1	0	next	other	0
NU2-05	1127	Text Input	7	19926633	27977	0
NU2-05	1130	Picture	10	19956988	0	1	20166	1	0	next	other	0
NU2-05	1132	Picture	36	19992320	0	1	20166	1	0	next	other	0
NU2-05	1134	Picture	50	20027652	0	1	32332	1	0	next	other	0
NU2-05	1134	Text Input	7	20059911	32259	0
NU2-05	1134	Response	0	20059911	32259	1
NU2-05	1135	Response	100	20060871	886	1
NU2-05	1137	Picture	8	20090317	0	1	20166	1	0	next	other	0
NU2-05	1139	Picture	35	20125649	0	1	20166	1	0	next	other	0
NU2-05	1141	Picture	72	20160981	0	1	20166	1	0	next	other	0
NU2-05	1142	Response	0	20197028	15715	1
NU2-05	1142	Response	100	20197828	16514	1
NU2-05	1144	Picture	12	20213313	0	1	20166	1	0	next	other	0
NU2-05	1146	Picture	35	20248645	0	1	20166	1	0	next	other	0
NU2-05	1148	Picture	50	20283977	0	1	27166	1	0	next	other	0
NU2-05	1148	Text Input	9	20311106	27129	0
NU2-05	1151	Picture	12	20341475	0	1	20166	1	0	next	other	0
NU2-05	1153	Picture	27	20376807	0	1	20166	1	0	next	other	0
NU2-05	1155	Picture	64	20412139	0	1	20166	1	0	next	other	0
NU2-05	1156	Response	0	20441184	8712	1
NU2-05	1156	Response	0	20445184	12712	1
NU2-05	1157	Response	0	20453023	7552	1
NU2-05	1157	Response	0	20453664	8192	1
NU2-05	1158	Response	0	20460224	6253	1
NU2-05	1158	Response	100	20461023	7052	1
NU2-05	1160	Picture	11	20476470	0	1	20166	1	0	next	other	0
NU2-05	1162	Picture	26	20511802	0	1	20166	1	0	next	other	0
NU2-05	1164	Picture	64	20547135	0	1	20166	1	0	next	other	0
NU2-05	1165	Response	0	20582142	14674	1
NU2-05	1165	Response	0	20588541	21074	1
NU2-05	1166	Response	0	20602941	14141	1
NU2-05	1166	Response	100	20603741	14941	1
NU2-05	1168	Picture	11	20619132	0	1	20166	1	0	next	other	0
NU2-05	1170	Picture	36	20654464	0	1	20166	1	0	next	other	0
NU2-05	1172	Picture	50	20689796	0	1	28666	1	0	next	other	0
NU2-05	1172	Text Input	8	20718299	28502	0
NU2-05	1175	Picture	13	20748794	0	1	20166	1	0	next	other	0
NU2-05	1177	Picture	27	20784126	0	1	20166	1	0	next	other	0
NU2-05	1179	Picture	40	20819459	0	1	30832	1	0	next	other	0
NU2-05	1179	Text Input	16	20850137	30678	0
NU2-05	1182	Picture	9	20880623	0	1	20166	1	0	next	other	0
NU2-05	1184	Picture	37	20915955	0	1	20166	1	0	next	other	0
NU2-05	1186	Picture	50	20951287	0	1	32999	1	0	next	other	0
NU2-05	1186	Text Input	10	20984214	32926	0
NU2-05	1189	Picture	10	21014619	0	1	20166	1	0	next	other	0
NU2-05	1191	Picture	24	21049951	0	1	20166	1	0	next	other	0
NU2-05	1193	Picture	62	21085283	0	1	20166	1	0	next	other	0
NU2-05	1194	Response	0	21109172	3557	1
NU2-05	1194	Response	100	21110292	4676	1
NU2-05	1196	Picture	12	21125782	0	1	20166	1	0	next	other	0
NU2-05	1198	Picture	26	21161114	0	1	20166	1	0	next	other	0
NU2-05	1200	Picture	40	21196446	0	1	27999	1	0	next	other	0
NU2-05	1200	Text Input	15	21224370	27924	0
NU2-05	1203	Picture	8	21254777	0	1	20166	1	0	next	other	0
NU2-05	1205	Picture	25	21290109	0	1	20166	1	0	next	other	0
NU2-05	1207	Picture	63	21325441	0	1	20166	1	0	next	other	0
NU2-05	1208	Response	0	21364048	18274	1
NU2-05	1208	Response	0	21369007	23233	1
NU2-05	1209	Response	0	21383567	14294	1
NU2-05	1209	Response	100	21384687	15414	1
NU2-05	1211	Picture	8	21400106	0	1	20166	1	0	next	other	0
NU2-05	1213	Picture	26	21435438	0	1	20166	1	0	next	other	0
NU2-05	1215	Picture	65	21470770	0	1	20166	1	0	next	other	0
NU2-05	1216	Response	0	21491405	303	1
NU2-05	1216	Response	0	21503725	12622	1
NU2-05	1217	Response	0	21507405	3469	1
NU2-05	1217	Response	0	21509005	5069	1
NU2-05	1218	Response	0	21512045	2776	1
NU2-05	1218	Response	0	21516524	7256	1
NU2-05	1219	Response	0	21519085	2316	1
NU2-05	1219	Response	0	21523084	6316	1
NU2-05	1220	Response	0	21528364	5096	1
NU2-05	1220	Response	0	21529804	6536	1
NU2-05	1221	Response	0	21534924	4823	1
NU2-05	1221	Response	0	21535404	5303	1
NU2-05	1222	Response	0	21543564	7963	1
NU2-05	1222	Response	100	21544204	8603	1
NU2-05	1224	Picture	12	21559600	0	1	20166	1	0	next	other	0
NU2-05	1226	Picture	26	21594932	0	1	20166	1	0	next	other	0
NU2-05	1228	Picture	64	21630264	0	1	20166	1	0	next	other	0
NU2-05	1229	Response	0	21653802	3205	1
NU2-05	1229	Response	0	21659562	8965	1
NU2-05	1230	Response	0	21672842	13079	1
NU2-05	1230	Response	0	21673642	13878	1
NU2-05	1231	Response	0	21677482	3552	1
NU2-05	1231	Response	0	21677962	4032	1
NU2-05	1232	Response	0	21705321	27058	1
NU2-05	1232	Response	100	21709481	31218	1
NU2-05	1234	Picture	12	21724928	0	1	20166	1	0	next	other	0
NU2-05	1236	Picture	34	21760260	0	1	20166	1	0	next	other	0
NU2-05	1238	Picture	50	21795592	0	1	41499	1	0	next	other	0
NU2-05	1238	Text Input	15	21836999	41406	0
NU2-05	1241	Picture	12	21867423	0	1	20166	1	0	next	other	0
NU2-05	1243	Picture	36	21902755	0	1	20166	1	0	next	other	0
NU2-05	1245	Picture	72	21938087	0	1	20166	1	0	next	other	0
NU2-05	1246	Response	0	21968997	10577	1
NU2-05	1246	Response	0	21976356	17936	1
NU2-05	1247	Response	0	21983556	6970	1
NU2-05	1247	Response	100	21984356	7770	1
NU2-05	1249	Picture	10	21999752	0	1	20166	1	0	next	other	0
NU2-05	1251	Picture	37	22035084	0	1	20166	1	0	next	other	0
NU2-05	1253	Picture	76	22070416	0	1	20166	1	0	next	other	0
NU2-05	1254	Response	0	22090755	6	1
NU2-05	1254	Response	0	22102434	11685	1
NU2-05	1255	Response	0	22108514	5765	1
NU2-05	1255	Response	0	22109154	6405	1
NU2-05	1256	Response	0	22115874	6459	1
NU2-05	1256	Response	100	22116674	7259	1
NU2-05	1258	Picture	8	22132081	0	1	20166	1	0	next	other	0
NU2-05	1260	Picture	24	22167413	0	1	20166	1	0	next	other	0
NU2-05	1262	Picture	61	22202745	0	1	20166	1	0	next	other	0
NU2-05	1263	Response	0	22240832	17754	1
NU2-05	1263	Response	100	22243391	20314	1
NU2-05	1265	Picture	11	22258743	0	1	20166	1	0	next	other	0
NU2-05	1267	Picture	37	22294075	0	1	20166	1	0	next	other	0
NU2-05	1269	Picture	73	22329407	0	1	20166	1	0	next	other	0
NU2-05	1270	Response	0	22360190	10450	1
NU2-05	1270	Response	0	22365629	15889	1
NU2-05	1271	Response	0	22369630	3724	1
NU2-05	1271	Response	0	22370109	4203	1
NU2-05	1272	Response	0	22375709	5303	1
NU2-05	1272	Response	100	22376669	6263	1
NU2-05	1274	Picture	11	22392072	0	1	20166	1	0	next	other	0
NU2-05	1276	Picture	37	22427404	0	1	20166	1	0	next	other	0
NU2-05	1278	Picture	75	22462736	0	1	20166	1	0	next	other	0
NU2-05	1279	Response	0	22488028	4959	1
NU2-05	1279	Response	0	22496347	13278	1
NU2-05	1280	Response	0	22518266	21698	1
NU2-05	1280	Response	100	22521787	25218	1
NU2-05	1282	Picture	10	22537234	0	1	20166	1	0	next	other	0
NU2-05	1284	Picture	34	22572566	0	1	20166	1	0	next	other	0
NU2-05	1286	Picture	50	22607898	0	1	43332	1	0	next	other	0
NU2-05	1286	Text Input	8	22651064	43166	0
NU2-05	1289	Picture	12	22681562	0	1	20166	1	0	next	other	0
NU2-05	1291	Picture	25	22716894	0	1	20166	1	0	next	other	0
NU2-05	1293	Picture	40	22752226	0	1	40499	1	0	next	other	0
NU2-05	1293	Text Input	14	22792662	40435	0
NU2-05	1293	Response	0	22792662	40435	1
NU2-05	1294	Response	100	22793462	737	1
NU2-05	1296	Picture	9	22823057	0	1	20166	1	0	next	other	0
NU2-05	1298	Picture	24	22858389	0	1	20166	1	0	next	other	0
NU2-05	1300	Picture	40	22893722	0	1	49165	1	0	next	other	0
NU2-05	1300	Text Input	11	22942739	49017	0
NU2-05	1300	Response	0	22942739	49017	1
NU2-05	1301	Response	100	22943379	492	1
NU2-05	1303	Picture	10	22973219	0	1	20166	1	0	next	other	0
NU2-05	1305	Picture	27	23008551	0	1	20166	1	0	next	other	0
NU2-05	1307	Picture	40	23043883	0	1	31666	1	0	next	other	0
NU2-05	1307	Text Input	13	23075537	31653	0
NU2-05	1310	Picture	8	23105881	0	1	20166	1	0	next	other	0
NU2-05	1312	Picture	24	23141213	0	1	20166	1	0	next	other	0
NU2-05	1314	Picture	61	23176545	0	1	20166	1	0	next	other	0
NU2-05	1314	Response	0	23196335	19789	1
NU2-05	1315	Response	0	23200174	3297	1
NU2-05	1315	Response	0	23201934	5056	1
NU2-05	1315	Response	0	23210734	13856	1
NU2-05	1316	Response	0	23219854	8810	1
NU2-05	1316	Response	0	23220814	9770	1
NU2-05	1317	Response	0	23227694	6650	1
NU2-05	1317	Response	100	23228494	7450	1
NU2-05	1319	Picture	9	23243876	0	1	20166	1	0	next	other	0
NU2-05	1321	Picture	24	23279208	0	1	20166	1	0	next	other	0
NU2-05	1323	Picture	61	23314541	0	1	20166	1	0	next	other	0
NU2-05	1324	Response	0	23338572	3699	1
NU2-05	1324	Response	0	23348332	13458	1
NU2-05	1325	Response	0	23355212	6672	1
NU2-05	1325	Response	100	23356171	7632	1
NU2-05	1327	Picture	12	23371539	0	1	20166	1	0	next	other	0
NU2-05	1329	Picture	34	23406871	0	1	20166	1	0	next	other	0
NU2-05	1331	Picture	50	23442203	0	1	26832	1	0	next	other	0
NU2-05	1331	Text Input	10	23468970	26767	0
NU2-05	1334	Picture	13	23499368	0	1	20166	1	0	next	other	0
NU2-05	1336	Picture	27	23534700	0	1	20166	1	0	next	other	0
NU2-05	1338	Picture	40	23570032	0	1	35332	1	0	next	other	0
NU2-05	1338	Text Input	16	23605287	35255	0
NU2-05	1341	Picture	10	23635696	0	1	20166	1	0	next	other	0
NU2-05	1343	Picture	27	23671028	0	1	20166	1	0	next	other	0
NU2-05	1345	Picture	40	23706361	0	1	34999	1	0	next	other	0
NU2-05	1345	Text Input	13	23741285	34924	0
NU2-05	1348	Picture	11	23771692	0	1	20166	1	0	next	other	0
NU2-05	1350	Picture	25	23807024	0	1	20166	1	0	next	other	0
NU2-05	1352	Picture	40	23842356	0	1	27999	1	0	next	other	0
NU2-05	1352	Text Input	13	23870242	27886	0
NU2-05	1355	Picture	8	23900687	0	1	20166	1	0	next	other	0
NU2-05	1357	Picture	34	23936019	0	1	20166	1	0	next	other	0
NU2-05	1359	Picture	50	23971352	0	1	29832	1	0	next	other	0
NU2-05	1359	Text Input	6	24001120	29768	0
NU2-05	1362	Picture	9	24031516	0	1	20166	1	0	next	other	0
NU2-05	1364	Picture	34	24066848	0	1	20166	1	0	next	other	0
NU2-05	1366	Picture	73	24102180	0	1	20166	1	0	next	other	0
NU2-05	1367	Response	0	24125118	2605	1
NU2-05	1367	Response	0	24135517	13004	1
NU2-05	1368	Response	0	24140797	4951	1
NU2-05	1368	Response	100	24141597	5751	1
NU2-05	1370	Picture	8	24157012	0	1	20166	1	0	next	other	0
NU2-05	1372	Picture	34	24192344	0	1	20166	1	0	next	other	0
NU2-05	1374	Picture	73	24227676	0	1	20166	1	0	next	other	0
NU2-05	1374	Response	0	24247516	19840	1
NU2-05	1375	Response	0	24251996	3987	1
NU2-05	1375	Response	0	24253595	5587	1
NU2-05	1375	Response	0	24264315	16306	1
NU2-05	1376	Response	0	24268155	3647	1
NU2-05	1376	Response	0	24270395	5887	1
NU2-05	1377	Response	0	24276635	5960	1
NU2-05	1377	Response	0	24277115	6440	1
NU2-05	1378	Response	0	24283355	6014	1
NU2-05	1378	Response	0	24283835	6494	1
NU2-05	1379	Response	0	24288475	4467	1
NU2-05	1379	Response	100	24289275	5267	1
NU2-05	1381	Picture	9	24304674	0	1	20166	1	0	next	other	0
NU2-05	1383	Picture	25	24340006	0	1	20166	1	0	next	other	0
NU2-05	1385	Picture	40	24375338	0	1	30499	1	0	next	other	0
NU2-05	1385	Text Input	11	24405753	30415	0
NU2-05	1388	Picture	13	24436169	0	1	20166	1	0	next	other	0
NU2-05	1390	Picture	35	24471501	0	1	20166	1	0	next	other	0
NU2-05	1392	Picture	50	24506833	0	1	32166	1	0	next	other	0
NU2-05	1392	Text Input	10	24538870	32037	0
NU2-05	1395	Picture	8	24569331	0	1	20166	1	0	next	other	0
NU2-05	1397	Picture	24	24604663	0	1	20166	1	0	next	other	0
NU2-05	1399	Picture	40	24639996	0	1	38999	1	0	next	other	0
NU2-05	1399	Text Input	10	24678868	38872	0
NU2-05	1402	Picture	9	24709327	0	1	20166	1	0	next	other	0
NU2-05	1404	Picture	24	24744659	0	1	20166	1	0	next	other	0
NU2-05	1406	Picture	62	24779991	0	1	20166	1	0	next	other	0
NU2-05	1407	Response	0	24833586	33262	1
NU2-05	1407	Response	100	24834545	34222	1
NU2-05	1409	Picture	11	24849988	0	1	20166	1	0	next	other	0
NU2-05	1411	Picture	25	24885321	0	1	20166	1	0	next	other	0
NU2-05	1413	Picture	64	24920653	0	1	20166	1	0	next	other	0
NU2-05	1414	Response	0	24962543	21558	1
NU2-05	1414	Response	0	24976622	35637	1
NU2-05	1415	Response	0	24980623	3805	1
NU2-05	1415	Response	0	24983182	6365	1
NU2-05	1416	Response	0	24992142	8658	1
NU2-05	1416	Response	100	24992942	9458	1
NU2-05	1418	Picture	12	25008316	0	1	20166	1	0	next	other	0
NU2-05	1420	Picture	37	25043648	0	1	20166	1	0	next	other	0
NU2-05	1422	Picture	50	25078981	0	1	29332	1	0	next	other	0
NU2-05	1422	Text Input	8	25108141	29160	0
NU2-05	1425	Picture	11	25138645	0	1	20166	1	0	next	other	0
NU2-05	1427	Picture	34	25173977	0	1	20166	1	0	next	other	0
NU2-05	1429	Picture	73	25209310	0	1	20166	1	0	next	other	0
NU2-05	1430	Response	0	25236618	6976	1
NU2-05	1430	Response	0	25245577	15935	1
NU2-05	1431	Response	0	25257737	11929	1
NU2-05	1431	Response	0	25261577	15769	1
NU2-05	1432	Response	0	25265897	4090	1
NU2-05	1432	Response	0	25266697	4889	1
NU2-05	1433	Response	0	25272777	5803	1
NU2-05	1433	Response	100	25273417	6443	1
NU2-05	1436	Picture	8	25888953	0	1	20166	1	0	next	other	0
NU2-05	1438	Picture	36	25924285	0	1	20166	1	0	next	other	0
NU2-05	1440	Picture	74	25959617	0	1	20166	1	0	next	other	0
NU2-05	1441	Response	0	25982685	2735	1
NU2-05	1441	Response	0	25989244	9294	1
NU2-05	1442	Response	0	25999164	9714	1
NU2-05	1442	Response	0	25999964	10515	1
NU2-05	1443	Response	0	26006204	5921	1
NU2-05	1443	Response	100	26006844	6561	1
NU2-05	1445	Picture	9	26022282	0	1	20166	1	0	next	other	0
NU2-05	1447	Picture	24	26057614	0	1	20166	1	0	next	other	0
NU2-05	1449	Picture	61	26092946	0	1	20166	1	0	next	other	0
NU2-05	1450	Response	0	26116442	3163	1
NU2-05	1450	Response	0	26122522	9243	1
NU2-05	1451	Response	0	26127322	4543	1
NU2-05	1451	Response	100	26128122	5343	1
NU2-05	1453	Picture	10	26143611	0	1	20166	1	0	next	other	0
NU2-05	1455	Picture	35	26178943	0	1	20166	1	0	next	other	0
NU2-05	1457	Picture	73	26214275	0	1	20166	1	0	next	other	0
NU2-05	1458	Response	0	26236281	1672	1
NU2-05	1458	Response	0	26242360	7752	1
NU2-05	1459	Response	0	26247640	5032	1
NU2-05	1459	Response	100	26248280	5672	1
NU2-05	1461	Picture	8	26263774	0	1	20166	1	0	next	other	0
NU2-05	1463	Picture	34	26299106	0	1	20166	1	0	next	other	0
NU2-05	1465	Picture	72	26334438	0	1	20166	1	0	next	other	0
NU2-05	1466	Response	0	26362038	7267	1
NU2-05	1466	Response	100	26362998	8227	1
NU2-05	1468	Picture	12	26378437	0	1	20166	1	0	next	other	0
NU2-05	1470	Picture	26	26413769	0	1	20166	1	0	next	other	0
NU2-05	1472	Picture	63	26449101	0	1	20166	1	0	next	other	0
NU2-05	1473	Response	0	26471476	2043	1
NU2-05	1473	Response	100	26472436	3002	1
NU2-05	1475	Picture	11	26487933	0	1	20166	1	0	next	other	0
NU2-05	1477	Picture	26	26523265	0	1	20166	1	0	next	other	0
NU2-05	1479	Picture	63	26558597	0	1	20166	1	0	next	other	0
NU2-05	1480	Response	0	26601554	22624	1
NU2-05	1480	Response	100	26604273	25344	1
NU2-05	1482	Picture	10	26619762	0	1	20166	1	0	next	other	0
NU2-05	1484	Picture	37	26655094	0	1	20166	1	0	next	other	0
NU2-05	1486	Picture	50	26690426	0	1	35999	1	0	next	other	0
NU2-05	1486	Text Input	6	26726351	35925	0
NU2-05	1489	Picture	10	26756757	0	1	20166	1	0	next	other	0
NU2-05	1491	Picture	24	26792089	0	1	20166	1	0	next	other	0
NU2-05	1493	Picture	63	26827421	0	1	20166	1	0	next	other	0
NU2-05	1494	Response	0	26856429	8675	1
NU2-05	1494	Response	0	26865549	17795	1
NU2-05	1495	Response	0	26874509	8755	1
NU2-05	1495	Response	0	26875469	9715	1
NU2-05	1496	Response	0	26884908	9155	1
NU2-05	1496	Response	100	26885548	9795	1
NU2-05	1498	Picture	11	26900919	0	1	20166	1	0	next	other	0
NU2-05	1500	Picture	27	26936251	0	1	20166	1	0	next	other	0
NU2-05	1502	Picture	61	26971583	0	1	20166	1	0	next	other	0
NU2-05	1503	Response	0	26993867	1951	1
NU2-05	1503	Response	0	27005386	13470	1
NU2-05	1504	Response	0	27009866	4284	1
NU2-05	1504	Response	0	27011466	5884	1
NU2-05	1505	Response	0	27016906	5158	1
NU2-05	1505	Response	0	27018186	6437	1
NU2-05	1506	Response	0	27027626	9211	1
NU2-05	1506	Response	100	27028746	10331	1
NU2-05	1508	Picture	12	27044081	0	1	20166	1	0	next	other	0
NU2-05	1510	Picture	26	27079413	0	1	20166	1	0	next	other	0
NU2-05	1512	Picture	62	27114745	0	1	20166	1	0	next	other	0
NU2-05	1513	Response	0	27151144	16067	1
NU2-05	1513	Response	0	27156583	21506	1
NU2-05	1514	Response	0	27163623	6713	1
NU2-05	1514	Response	100	27164583	7673	1
NU2-05	1516	Picture	10	27180076	0	1	20166	1	0	next	other	0
NU2-05	1518	Picture	34	27215408	0	1	20166	1	0	next	other	0
NU2-05	1520	Picture	50	27250740	0	1	30166	1	0	next	other	0
NU2-05	1520	Text Input	8	27280741	30001	0
NU2-05	1523	Picture	11	27311238	0	1	20166	1	0	next	other	0
NU2-05	1525	Picture	34	27346570	0	1	20166	1	0	next	other	0
NU2-05	1527	Picture	50	27381902	0	1	31166	1	0	next	other	0
NU2-05	1527	Text Input	9	27412899	30996	0
NU2-05	1530	Picture	8	27443400	0	1	20166	1	0	next	other	0
NU2-05	1532	Picture	36	27478733	0	1	20166	1	0	next	other	0
NU2-05	1534	Picture	71	27514065	0	1	20166	1	0	next	other	0
NU2-05	1535	Response	0	27570016	35619	1
NU2-05	1535	Response	0	27581216	46818	1
NU2-05	1536	Response	0	27584416	3020	1
NU2-05	1536	Response	0	27585696	4300	1
NU2-05	1537	Response	0	27593056	7161	1
NU2-05	1537	Response	0	27593535	7640	1
NU2-05	1538	Response	0	27598815	5087	1
NU2-05	1538	Response	100	27599455	5727	1
NU2-05	1540	Picture	12	27614895	0	1	20166	1	0	next	other	0
NU2-05	1542	Picture	35	27650227	0	1	20166	1	0	next	other	0
NU2-05	1544	Picture	71	27685559	0	1	20166	1	0	next	other	0
NU2-05	1545	Response	0	27713854	7962	1
NU2-05	1545	Response	0	27724093	18202	1
NU2-05	1546	Response	0	27728413	4022	1
NU2-05	1546	Response	0	27730333	5942	1
NU2-05	1547	Response	0	27742813	12256	1
NU2-05	1547	Response	100	27743613	13056	1
NU2-05	1549	Picture	12	27759056	0	1	20166	1	0	next	other	0
NU2-05	1551	Picture	27	27794388	0	1	20166	1	0	next	other	0
NU2-05	1553	Picture	40	27829721	0	1	28166	1	0	next	other	0
NU2-05	1553	Text Input	15	27857851	28130	0
NU2-05	1553	Response	0	27857851	28130	1
NU2-05	1554	Response	100	27858651	764	1
NU2-05	1556	Picture	12	27888219	0	1	20166	1	0	next	other	0
NU2-05	1558	Picture	27	27923551	0	1	20166	1	0	next	other	0
NU2-05	1560	Picture	64	27958883	0	1	20166	1	0	next	other	0
NU2-05	1561	Response	0	27985049	5833	1
NU2-05	1561	Response	0	27990488	11273	1
NU2-05	1562	Response	0	27994329	3614	1
NU2-05	1562	Response	0	27995448	4733	1
NU2-05	1563	Response	0	28001528	5813	1
NU2-05	1563	Response	0	28002168	6453	1
NU2-05	1564	Response	0	28010488	8107	1
NU2-05	1564	Response	100	28010968	8587	1
NU2-05	1566	Picture	13	28026381	0	1	20166	1	0	next	other	0
NU2-05	1568	Picture	35	28061713	0	1	20166	1	0	next	other	0
NU2-05	1570	Picture	50	28097045	0	1	27499	1	0	next	other	0
NU2-05	1570	Text Input	10	28124406	27361	0
NU2-05	1573	Picture	10	28154876	0	1	20166	1	0	next	other	0
NU2-05	1575	Picture	35	28190208	0	1	20166	1	0	next	other	0
NU2-05	1577	Picture	50	28225540	0	1	27666	1	0	next	other	0
NU2-05	1577	Text Input	7	28253044	27503	0
NU2-05	1577	Response	0	28253044	27503	1
NU2-05	1578	Response	100	28253844	637	1
NU2-05	1580	Picture	11	28283539	0	1	20166	1	0	next	other	0
NU2-05	1582	Picture	36	28318871	0	1	20166	1	0	next	other	0
NU2-05	1584	Picture	71	28354203	0	1	20166	1	0	next	other	0
NU2-05	1585	Response	0	28382642	8107	1
NU2-05	1585	Response	0	28394641	20106	1
NU2-05	1586	Response	0	28404401	9533	1
NU2-05	1586	Response	100	28405201	10333	1
NU2-05	1588	Picture	12	28420534	0	1	20166	1	0	next	other	0
NU2-05	1590	Picture	36	28455866	0	1	20166	1	0	next	other	0
NU2-05	1592	Picture	72	28491198	0	1	20166	1	0	next	other	0
NU2-05	1593	Response	0	28515759	4229	1
NU2-05	1593	Response	0	28523759	12228	1
NU2-05	1594	Response	0	28530799	6768	1
NU2-05	1594	Response	100	28531599	7568	1
NU2-05	1596	Picture	9	28547030	0	1	20166	1	0	next	other	0
NU2-05	1598	Picture	36	28582362	0	1	20166	1	0	next	other	0
NU2-05	1600	Picture	73	28617694	0	1	20166	1	0	next	other	0
NU2-05	1601	Response	0	28641837	3811	1
NU2-05	1601	Response	100	28642477	4450	1
NU2-05	1603	Picture	End of exepriment	28642693	0	1	106158	1	0	next	other	0
NU2-05	1603	Response	0	28712875	70182	1
NU2-05	1603	Response	0	28721435	78742	1
NU2-05	1603	Response	0	28726315	83622	1
NU2-05	1603	Response	0	28729355	86662	1

The following output port codes were not sent because of a conflict on the port.
Port	Code	Time(ms)
1	255	2.86425e+006
