Scenario - 
Logfile written - 04/12/2016 11:56:39

Subject	Trial	Event Type	Code	Time	TTime	Uncertainty	Duration	Uncertainty	ReqTime	ReqDur	Stim Type	Pair Index

NU2-18	1	Picture	Instructions	152	0	182	177011	182	0	next	other	0
NU2-18	1	Response	0	177008	176857	1
NU2-18	2	Picture	Instructions	177162	0	1	88331	1	0	next	other	0
NU2-18	2	Response	0	265328	88165	1
NU2-18	4	Picture	Experiment starts	265493	0	1	30166	1	0	next	other	0
NU2-18	6	Picture	12	310825	0	1	20166	1	0	next	other	0
NU2-18	8	Picture	25	346158	0	1	20166	1	0	next	other	0
NU2-18	10	Picture	62	381490	0	1	20166	1	0	next	other	0
NU2-18	11	Response	0	429006	27183	1
NU2-18	11	Response	100	429646	27823	1
NU2-18	13	Picture	13	444989	0	1	20166	1	0	next	other	0
NU2-18	15	Picture	35	480321	0	1	20166	1	0	next	other	0
NU2-18	17	Picture	50	515654	0	1	35999	1	0	next	other	0
NU2-18	17	Text Input	10	551565	35911	0
NU2-18	17	Response	0	551565	35911	1
NU2-18	18	Response	100	552045	392	1
NU2-18	20	Picture	12	581985	0	1	20166	1	0	next	other	0
NU2-18	22	Picture	25	617318	0	1	20166	1	0	next	other	0
NU2-18	24	Picture	64	652650	0	1	20166	1	0	next	other	0
NU2-18	25	Response	0	686604	13621	1
NU2-18	25	Response	0	687884	14900	1
NU2-18	26	Response	0	689483	1334	1
NU2-18	26	Response	0	690603	2454	1
NU2-18	27	Response	0	692043	1227	1
NU2-18	27	Response	0	693163	2347	1
NU2-18	28	Response	0	694283	801	1
NU2-18	28	Response	0	695243	1761	1
NU2-18	29	Response	0	696523	1041	1
NU2-18	29	Response	0	697483	2001	1
NU2-18	30	Response	0	709483	11668	1
NU2-18	30	Response	0	710283	12467	1
NU2-18	31	Response	0	716203	5721	1
NU2-18	31	Response	100	717003	6521	1
NU2-18	33	Picture	10	732482	0	1	20166	1	0	next	other	0
NU2-18	35	Picture	25	767814	0	1	20166	1	0	next	other	0
NU2-18	37	Picture	64	803147	0	1	20166	1	0	next	other	0
NU2-18	38	Response	0	832363	8883	1
NU2-18	38	Response	0	833482	10003	1
NU2-18	39	Response	0	834762	950	1
NU2-18	39	Response	0	835562	1750	1
NU2-18	40	Response	0	836682	870	1
NU2-18	40	Response	0	837322	1509	1
NU2-18	41	Response	0	838442	796	1
NU2-18	41	Response	0	839242	1596	1
NU2-18	42	Response	0	840362	883	1
NU2-18	42	Response	0	840842	1363	1
NU2-18	43	Response	0	844042	2897	1
NU2-18	43	Response	0	845002	3856	1
NU2-18	44	Response	0	848522	3210	1
NU2-18	44	Response	0	849162	3850	1
NU2-18	45	Response	0	855082	5603	1
NU2-18	45	Response	100	855722	6243	1
NU2-18	47	Picture	12	871145	0	1	20166	1	0	next	other	0
NU2-18	49	Picture	27	906477	0	1	20166	1	0	next	other	0
NU2-18	51	Picture	40	941810	0	1	36666	1	0	next	other	0
NU2-18	51	Text Input	15	978441	36631	0
NU2-18	51	Response	0	978441	36631	1
NU2-18	52	Response	100	979081	605	1
NU2-18	54	Picture	13	1008808	0	1	20166	1	0	next	other	0
NU2-18	56	Picture	35	1044141	0	1	20166	1	0	next	other	0
NU2-18	58	Picture	50	1079473	0	1	33999	1	0	next	other	0
NU2-18	58	Text Input	10	1113320	33847	0
NU2-18	58	Response	0	1113320	33847	1
NU2-18	59	Response	100	1114120	647	1
NU2-18	61	Picture	11	1143805	0	1	20166	1	0	next	other	0
NU2-18	63	Picture	37	1179137	0	1	20166	1	0	next	other	0
NU2-18	65	Picture	73	1214470	0	1	20166	1	0	next	other	0
NU2-18	66	Response	0	1280679	45876	1
NU2-18	66	Response	0	1282118	47316	1
NU2-18	67	Response	0	1292838	10537	1
NU2-18	67	Response	0	1293798	11497	1
NU2-18	68	Response	0	1298278	4310	1
NU2-18	68	Response	0	1299398	5430	1
NU2-18	69	Response	0	1304838	5204	1
NU2-18	69	Response	0	1305957	6323	1
NU2-18	70	Response	0	1311238	5104	1
NU2-18	70	Response	0	1312038	5904	1
NU2-18	71	Response	0	1313158	857	1
NU2-18	71	Response	0	1313638	1337	1
NU2-18	72	Response	0	1315078	1111	1
NU2-18	72	Response	0	1315718	1751	1
NU2-18	73	Response	0	1316998	1031	1
NU2-18	73	Response	0	1317638	1671	1
NU2-18	74	Response	0	1318598	631	1
NU2-18	74	Response	0	1319398	1431	1
NU2-18	75	Response	0	1320358	724	1
NU2-18	75	Response	0	1320838	1204	1
NU2-18	76	Response	0	1328838	7704	1
NU2-18	76	Response	100	1329477	8343	1
NU2-18	78	Picture	11	1344967	0	1	20166	1	0	next	other	0
NU2-18	80	Picture	35	1380299	0	1	20166	1	0	next	other	0
NU2-18	82	Picture	50	1415631	0	1	97331	1	0	next	other	0
NU2-18	82	Text Input	7	1512836	97205	0
NU2-18	82	Response	0	1512836	97205	1
NU2-18	83	Response	100	1513476	514	1
NU2-18	85	Picture	12	1543295	0	1	20166	1	0	next	other	0
NU2-18	87	Picture	27	1578627	0	1	20166	1	0	next	other	0
NU2-18	89	Picture	64	1613960	0	1	20166	1	0	next	other	0
NU2-18	90	Response	0	1659555	25263	1
NU2-18	90	Response	0	1660675	26383	1
NU2-18	91	Response	0	1662275	1317	1
NU2-18	91	Response	0	1663395	2437	1
NU2-18	92	Response	0	1675555	11930	1
NU2-18	92	Response	0	1675874	12249	1
NU2-18	93	Response	0	1681155	5030	1
NU2-18	93	Response	100	1681635	5510	1
NU2-18	95	Picture	12	1697124	0	1	20166	1	0	next	other	0
NU2-18	97	Picture	27	1732457	0	1	20166	1	0	next	other	0
NU2-18	99	Picture	40	1767789	0	1	40166	1	0	next	other	0
NU2-18	99	Text Input	15	1807874	40084	0
NU2-18	99	Response	0	1807874	40084	1
NU2-18	100	Response	100	1808833	878	1
NU2-18	102	Picture	8	1838288	0	1	20166	1	0	next	other	0
NU2-18	104	Picture	26	1873620	0	1	20166	1	0	next	other	0
NU2-18	106	Picture	65	1908953	0	1	20166	1	0	next	other	0
NU2-18	107	Response	0	1934433	5148	1
NU2-18	107	Response	0	1935552	6267	1
NU2-18	108	Response	0	1936832	1047	1
NU2-18	108	Response	0	1937792	2007	1
NU2-18	109	Response	0	1938912	794	1
NU2-18	109	Response	0	1939872	1754	1
NU2-18	110	Response	0	1940832	714	1
NU2-18	110	Response	0	1941632	1514	1
NU2-18	111	Response	0	1942753	801	1
NU2-18	111	Response	0	1943392	1440	1
NU2-18	112	Response	0	1944512	894	1
NU2-18	112	Response	0	1945632	2014	1
NU2-18	113	Response	0	1969152	23201	1
NU2-18	113	Response	100	1969952	24000	1
NU2-18	115	Picture	10	1985451	0	1	20166	1	0	next	other	0
NU2-18	117	Picture	34	2020783	0	1	20166	1	0	next	other	0
NU2-18	119	Picture	72	2056116	0	1	20166	1	0	next	other	0
NU2-18	120	Response	0	2100512	24063	1
NU2-18	120	Response	100	2100991	24542	1
NU2-18	122	Picture	11	2116447	0	1	20166	1	0	next	other	0
NU2-18	124	Picture	35	2151780	0	1	20166	1	0	next	other	0
NU2-18	126	Picture	74	2187112	0	1	20166	1	0	next	other	0
NU2-18	127	Response	0	2221310	13865	1
NU2-18	127	Response	0	2222910	15465	1
NU2-18	128	Response	0	2224030	918	1
NU2-18	128	Response	0	2227870	4758	1
NU2-18	129	Response	0	2231870	3759	1
NU2-18	129	Response	0	2232830	4718	1
NU2-18	130	Response	0	2236830	3718	1
NU2-18	130	Response	0	2237950	4838	1
NU2-18	131	Response	0	2251390	13112	1
NU2-18	131	Response	0	2252189	13912	1
NU2-18	132	Response	0	2260989	8545	1
NU2-18	132	Response	100	2261629	9185	1
NU2-18	134	Picture	12	2277110	0	1	20166	1	0	next	other	0
NU2-18	136	Picture	24	2312443	0	1	20166	1	0	next	other	0
NU2-18	138	Picture	40	2347775	0	1	32999	1	0	next	other	0
NU2-18	138	Text Input	14	2380668	32893	0
NU2-18	138	Response	0	2380668	32893	1
NU2-18	139	Response	100	2381308	534	1
NU2-18	141	Picture	8	2411107	0	1	20166	1	0	next	other	0
NU2-18	143	Picture	24	2446439	0	1	20166	1	0	next	other	0
NU2-18	145	Picture	61	2481772	0	1	20166	1	0	next	other	0
NU2-18	146	Response	0	2511867	9763	1
NU2-18	146	Response	0	2512027	9922	1
NU2-18	147	Response	0	2513307	1036	1
NU2-18	147	Response	0	2513787	1516	1
NU2-18	148	Response	0	2514907	803	1
NU2-18	148	Response	0	2515387	1283	1
NU2-18	149	Response	0	2516347	743	1
NU2-18	149	Response	0	2517147	1543	1
NU2-18	150	Response	0	2517947	509	1
NU2-18	150	Response	0	2518747	1309	1
NU2-18	151	Response	0	2519547	609	1
NU2-18	151	Response	0	2520347	1410	1
NU2-18	152	Response	0	2526587	5983	1
NU2-18	152	Response	0	2527067	6463	1
NU2-18	153	Response	0	2535387	8116	1
NU2-18	153	Response	100	2536027	8756	1
NU2-18	155	Picture	10	2551437	0	1	20166	1	0	next	other	0
NU2-18	157	Picture	36	2586769	0	1	20166	1	0	next	other	0
NU2-18	159	Picture	50	2622102	0	1	39499	1	0	next	other	0
NU2-18	159	Text Input	7	2661466	39364	0
NU2-18	159	Response	0	2661466	39364	1
NU2-18	160	Response	100	2662106	505	1
NU2-18	162	Picture	9	2691933	0	1	20166	1	0	next	other	0
NU2-18	164	Picture	35	2727266	0	1	20166	1	0	next	other	0
NU2-18	166	Picture	50	2762598	0	1	31999	1	0	next	other	0
NU2-18	166	Text Input	6	2794425	31827	0
NU2-18	166	Response	0	2794425	31827	1
NU2-18	167	Response	100	2795225	627	1
NU2-18	169	Picture	9	2824930	0	1	20166	1	0	next	other	0
NU2-18	171	Picture	36	2860262	0	1	20166	1	0	next	other	0
NU2-18	173	Picture	71	2895595	0	1	20166	1	0	next	other	0
NU2-18	174	Response	0	2931864	15936	1
NU2-18	174	Response	0	2932664	16736	1
NU2-18	175	Response	0	2933943	1016	1
NU2-18	175	Response	0	2934583	1656	1
NU2-18	176	Response	0	2935543	783	1
NU2-18	176	Response	0	2936183	1423	1
NU2-18	177	Response	0	2937303	876	1
NU2-18	177	Response	0	2937943	1516	1
NU2-18	178	Response	0	2938743	483	1
NU2-18	178	Response	0	2939543	1283	1
NU2-18	179	Response	0	2940503	743	1
NU2-18	179	Response	0	2941143	1383	1
NU2-18	180	Response	0	2942103	676	1
NU2-18	180	Response	0	2942903	1476	1
NU2-18	181	Response	0	2961943	18850	1
NU2-18	181	Response	0	2962423	19330	1
NU2-18	182	Response	0	2965143	2550	1
NU2-18	182	Response	100	2965623	3030	1
NU2-18	184	Picture	9	2981093	0	1	20166	1	0	next	other	0
NU2-18	186	Picture	36	3016425	0	1	20166	1	0	next	other	0
NU2-18	188	Picture	50	3051758	0	1	35999	1	0	next	other	0
NU2-18	188	Text Input	6	3087702	35945	0
NU2-18	188	Response	0	3087702	35945	1
NU2-18	189	Response	100	3088342	585	1
NU2-18	191	Picture	12	3118089	0	1	20166	1	0	next	other	0
NU2-18	193	Picture	24	3153422	0	1	20166	1	0	next	other	0
NU2-18	195	Picture	40	3188754	0	1	33166	1	0	next	other	0
NU2-18	195	Text Input	14	3221781	33026	0
NU2-18	195	Response	0	3221781	33026	1
NU2-18	196	Response	100	3222421	501	1
NU2-18	198	Picture	9	3252253	0	1	20166	1	0	next	other	0
NU2-18	200	Picture	35	3287585	0	1	20166	1	0	next	other	0
NU2-18	202	Picture	73	3322918	0	1	20166	1	0	next	other	0
NU2-18	203	Response	0	3368820	25570	1
NU2-18	203	Response	0	3369459	26209	1
NU2-18	204	Response	0	3370579	830	1
NU2-18	204	Response	0	3371219	1470	1
NU2-18	205	Response	0	3372339	923	1
NU2-18	205	Response	0	3372819	1403	1
NU2-18	206	Response	0	3373939	857	1
NU2-18	206	Response	0	3374259	1176	1
NU2-18	207	Response	0	3401139	26557	1
NU2-18	207	Response	100	3401939	27356	1
NU2-18	209	Picture	9	3417415	0	1	20166	1	0	next	other	0
NU2-18	211	Picture	26	3452748	0	1	20166	1	0	next	other	0
NU2-18	213	Picture	64	3488080	0	1	20166	1	0	next	other	0
NU2-18	214	Response	0	3569298	60885	1
NU2-18	214	Response	0	3570255	61842	11
NU2-18	215	Response	0	3575218	4640	1
NU2-18	215	Response	0	3576338	5760	1
NU2-18	216	Response	0	3579538	2960	1
NU2-18	216	Response	0	3580658	4080	1
NU2-18	217	Response	0	3581938	1026	1
NU2-18	217	Response	0	3582738	1826	1
NU2-18	218	Response	0	3600978	18067	1
NU2-18	218	Response	0	3602257	19346	1
NU2-18	219	Response	0	3603217	640	1
NU2-18	219	Response	0	3603857	1280	1
NU2-18	220	Response	0	3604817	740	1
NU2-18	220	Response	0	3605457	1380	1
NU2-18	221	Response	0	3612177	6434	1
NU2-18	221	Response	0	3613137	7393	1
NU2-18	222	Response	0	3635057	21647	1
NU2-18	222	Response	0	3635857	22447	1
NU2-18	223	Response	0	3640497	4421	1
NU2-18	223	Response	0	3641297	5221	1
NU2-18	224	Response	0	3643857	2281	1
NU2-18	224	Response	0	3644657	3081	1
NU2-18	225	Response	0	3645777	867	1
NU2-18	225	Response	0	3646257	1348	1
NU2-18	226	Response	0	3665137	18561	1
NU2-18	226	Response	100	3665777	19201	1
NU2-18	228	Picture	12	3681242	0	1	20166	1	0	next	other	0
NU2-18	230	Picture	35	3716574	0	1	20166	1	0	next	other	0
NU2-18	232	Picture	73	3751907	0	1	20166	1	0	next	other	0
NU2-18	233	Response	0	3864656	92416	1
NU2-18	233	Response	0	3866255	94015	1
NU2-18	234	Response	0	3900495	33924	1
NU2-18	234	Response	0	3901455	34884	1
NU2-18	235	Response	0	3910575	8838	1
NU2-18	235	Response	100	3911055	9318	1
NU2-18	237	Picture	9	3926403	0	1	20166	1	0	next	other	0
NU2-18	239	Picture	37	3961735	0	1	20166	1	0	next	other	0
NU2-18	241	Picture	71	3997068	0	1	20166	1	0	next	other	0
NU2-18	242	Response	0	4024494	7094	1
NU2-18	242	Response	0	4027854	10453	1
NU2-18	243	Response	0	4030094	2027	1
NU2-18	243	Response	0	4030573	2507	1
NU2-18	244	Response	0	4031694	794	1
NU2-18	244	Response	0	4032334	1434	1
NU2-18	245	Response	0	4033294	727	1
NU2-18	245	Response	0	4034093	1527	1
NU2-18	246	Response	0	4034894	494	1
NU2-18	246	Response	0	4035693	1294	1
NU2-18	247	Response	0	4057614	21714	1
NU2-18	247	Response	100	4058093	22193	1
NU2-18	249	Picture	13	4073566	0	1	20166	1	0	next	other	0
NU2-18	251	Picture	27	4108898	0	1	20166	1	0	next	other	0
NU2-18	253	Picture	40	4144231	0	1	36666	1	0	next	other	0
NU2-18	253	Text Input	16	4180812	36582	0
NU2-18	253	Response	0	4180812	36582	1
NU2-18	254	Response	100	4181292	396	1
NU2-18	256	Picture	10	4211229	0	1	20166	1	0	next	other	0
NU2-18	258	Picture	35	4246561	0	1	20166	1	0	next	other	0
NU2-18	260	Picture	71	4281894	0	1	20166	1	0	next	other	0
NU2-18	261	Response	0	4309931	7705	1
NU2-18	261	Response	0	4311051	8824	1
NU2-18	262	Response	0	4312011	785	1
NU2-18	262	Response	0	4312811	1585	1
NU2-18	263	Response	0	4313771	711	1
NU2-18	263	Response	0	4314731	1671	1
NU2-18	264	Response	0	4315691	631	1
NU2-18	264	Response	0	4316491	1431	1
NU2-18	265	Response	0	4317611	885	1
NU2-18	265	Response	0	4318411	1685	1
NU2-18	266	Response	0	4330731	12005	1
NU2-18	266	Response	0	4331531	12805	1
NU2-18	267	Response	0	4335851	4125	1
NU2-18	267	Response	0	4336491	4765	1
NU2-18	268	Response	0	4351531	14805	1
NU2-18	268	Response	100	4352011	15285	1
NU2-18	270	Picture	8	4367392	0	1	20166	1	0	next	other	0
NU2-18	272	Picture	37	4402724	0	1	20166	1	0	next	other	0
NU2-18	274	Picture	74	4438057	0	1	20166	1	0	next	other	0
NU2-18	275	Response	0	4484650	26261	1
NU2-18	275	Response	0	4485770	27380	1
NU2-18	276	Response	0	4492650	6594	1
NU2-18	276	Response	0	4493609	7554	1
NU2-18	277	Response	0	4514890	21001	1
NU2-18	277	Response	0	4515849	21961	1
NU2-18	278	Response	0	4518729	2675	1
NU2-18	278	Response	0	4519529	3475	1
NU2-18	279	Response	0	4520809	1088	1
NU2-18	279	Response	0	4521289	1568	1
NU2-18	280	Response	0	4555849	34295	1
NU2-18	280	Response	0	4556329	34774	1
NU2-18	281	Response	0	4563369	6815	1
NU2-18	281	Response	100	4563689	7135	1
NU2-18	283	Picture	8	4579053	0	1	20166	1	0	next	other	0
NU2-18	285	Picture	36	4614386	0	1	20166	1	0	next	other	0
NU2-18	287	Picture	50	4649718	0	1	52832	1	0	next	other	0
NU2-18	287	Text Input	5	4702408	52690	0
NU2-18	287	Response	0	4702408	52690	1
NU2-18	288	Response	100	4703048	498	1
NU2-18	290	Picture	9	4732883	0	1	20166	1	0	next	other	0
NU2-18	292	Picture	37	4768215	0	1	20166	1	0	next	other	0
NU2-18	294	Picture	76	4803548	0	1	20166	1	0	next	other	0
NU2-18	295	Response	0	4827687	3807	1
NU2-18	295	Response	0	4832806	8926	1
NU2-18	296	Response	0	4835526	2480	1
NU2-18	296	Response	0	4836646	3600	1
NU2-18	297	Response	0	4837606	726	1
NU2-18	297	Response	0	4838406	1526	1
NU2-18	298	Response	0	4847207	8493	1
NU2-18	298	Response	100	4848006	9293	1
NU2-18	300	Picture	11	4863379	0	1	20166	1	0	next	other	0
NU2-18	302	Picture	24	4898712	0	1	20166	1	0	next	other	0
NU2-18	304	Picture	61	4934044	0	1	20166	1	0	next	other	0
NU2-18	305	Response	0	4980326	25949	1
NU2-18	305	Response	0	4981605	27228	1
NU2-18	306	Response	0	4982405	529	1
NU2-18	306	Response	0	4983205	1329	1
NU2-18	307	Response	0	4984005	629	1
NU2-18	307	Response	0	4984965	1589	1
NU2-18	308	Response	0	4985925	715	1
NU2-18	308	Response	0	4986405	1195	1
NU2-18	309	Response	0	4987365	655	1
NU2-18	309	Response	0	4988165	1455	1
NU2-18	310	Response	0	4997925	9549	1
NU2-18	310	Response	100	4998725	10349	1
NU2-18	312	Picture	10	5014209	0	1	20166	1	0	next	other	0
NU2-18	314	Picture	35	5049541	0	1	20166	1	0	next	other	0
NU2-18	316	Picture	50	5084874	0	1	44166	1	0	next	other	0
NU2-18	316	Text Input	7	5128964	44090	0
NU2-18	316	Response	0	5128964	44090	1
NU2-18	317	Response	100	5129444	404	1
NU2-18	319	Picture	8	5159372	0	1	20166	1	0	next	other	0
NU2-18	321	Picture	26	5194705	0	1	20166	1	0	next	other	0
NU2-18	323	Picture	40	5230037	0	1	53665	1	0	next	other	0
NU2-18	323	Text Input	11	5283682	53645	0
NU2-18	323	Response	0	5283682	53645	1
NU2-18	324	Response	100	5284482	780	1
NU2-18	326	Picture	12	5314035	0	1	20166	1	0	next	other	0
NU2-18	328	Picture	24	5349367	0	1	20166	1	0	next	other	0
NU2-18	330	Picture	62	5384700	0	1	20166	1	0	next	other	0
NU2-18	331	Response	0	5413442	8409	1
NU2-18	331	Response	100	5414561	9529	1
NU2-18	333	Picture	9	5430032	0	1	20166	1	0	next	other	0
NU2-18	335	Picture	25	5465364	0	1	20166	1	0	next	other	0
NU2-18	337	Picture	62	5500697	0	1	20166	1	0	next	other	0
NU2-18	338	Response	0	5552321	31291	1
NU2-18	338	Response	0	5553440	32410	1
NU2-18	339	Response	0	5554560	864	1
NU2-18	339	Response	0	5555360	1664	1
NU2-18	340	Response	0	5589120	33591	1
NU2-18	340	Response	100	5589600	34071	1
NU2-18	342	Picture	13	5605028	0	1	20166	1	0	next	other	0
NU2-18	344	Picture	27	5640360	0	1	20166	1	0	next	other	0
NU2-18	346	Picture	40	5675693	0	1	33666	1	0	next	other	0
NU2-18	346	Text Input	16	5709279	33586	0
NU2-18	346	Response	0	5709279	33586	1
NU2-18	347	Response	100	5709919	560	1
NU2-18	349	Picture	11	5739691	0	1	20166	1	0	next	other	0
NU2-18	351	Picture	34	5775023	0	1	20166	1	0	next	other	0
NU2-18	353	Picture	50	5810356	0	1	30166	1	0	next	other	0
NU2-18	353	Text Input	9	5840478	30122	0
NU2-18	353	Response	0	5840478	30122	1
NU2-18	354	Response	100	5841277	755	1
NU2-18	356	Picture	12	5870854	0	1	20166	1	0	next	other	0
NU2-18	358	Picture	34	5906187	0	1	20166	1	0	next	other	0
NU2-18	360	Picture	72	5941519	0	1	20166	1	0	next	other	0
NU2-18	361	Response	0	5971997	10145	1
NU2-18	361	Response	100	5973276	11424	1
NU2-18	363	Picture	11	5988685	0	1	20166	1	0	next	other	0
NU2-18	365	Picture	27	6024017	0	1	20166	1	0	next	other	0
NU2-18	367	Picture	40	6059350	0	1	33499	1	0	next	other	0
NU2-18	367	Text Input	14	6092795	33445	0
NU2-18	367	Response	0	6092795	33445	1
NU2-18	368	Response	100	6093435	586	1
NU2-18	370	Picture	12	6123181	0	1	20166	1	0	next	other	0
NU2-18	372	Picture	37	6158514	0	1	20166	1	0	next	other	0
NU2-18	374	Picture	71	6193846	0	1	20166	1	0	next	other	0
NU2-18	375	Response	0	6259514	45335	1
NU2-18	375	Response	0	6260794	46615	1
NU2-18	376	Response	0	6261914	902	1
NU2-18	376	Response	0	6262874	1862	1
NU2-18	377	Response	0	6264314	1136	1
NU2-18	377	Response	0	6265434	2256	1
NU2-18	378	Response	0	6289914	24236	1
NU2-18	378	Response	0	6290713	25035	1
NU2-18	379	Response	0	6293913	2903	1
NU2-18	379	Response	100	6294393	3383	1
NU2-18	381	Picture	8	6309843	0	1	20166	1	0	next	other	0
NU2-18	383	Picture	36	6345176	0	1	20166	1	0	next	other	0
NU2-18	385	Picture	72	6380508	0	1	20166	1	0	next	other	0
NU2-18	386	Response	0	6405753	4912	1
NU2-18	386	Response	0	6406712	5871	1
NU2-18	387	Response	0	6408312	1305	1
NU2-18	387	Response	0	6408952	1945	1
NU2-18	388	Response	0	6410232	1058	1
NU2-18	388	Response	0	6411032	1858	1
NU2-18	389	Response	0	6419192	7851	1
NU2-18	389	Response	0	6419512	8171	1
NU2-18	390	Response	0	6423192	3352	1
NU2-18	390	Response	0	6423832	3992	1
NU2-18	391	Response	0	6430712	6705	1
NU2-18	391	Response	100	6431352	7345	1
NU2-18	393	Picture	9	6446840	0	1	20166	1	0	next	other	0
NU2-18	395	Picture	24	6482172	0	1	20166	1	0	next	other	0
NU2-18	397	Picture	62	6517505	0	1	20166	1	0	next	other	0
NU2-18	398	Response	0	6547192	9354	1
NU2-18	398	Response	100	6548471	10633	1
NU2-18	400	Picture	12	6563837	0	1	20166	1	0	next	other	0
NU2-18	402	Picture	35	6599170	0	1	20166	1	0	next	other	0
NU2-18	404	Picture	73	6634502	0	1	20166	1	0	next	other	0
NU2-18	405	Response	0	6705430	50596	1
NU2-18	405	Response	0	6706390	51555	1
NU2-18	406	Response	0	6707670	1003	1
NU2-18	406	Response	0	6708310	1643	1
NU2-18	407	Response	0	6709270	770	1
NU2-18	407	Response	0	6710070	1570	1
NU2-18	408	Response	0	6711029	696	1
NU2-18	408	Response	0	6711830	1496	1
NU2-18	409	Response	0	6721270	9270	1
NU2-18	409	Response	0	6721750	9750	1
NU2-18	410	Response	0	6731190	9190	1
NU2-18	410	Response	0	6731509	9510	1
NU2-18	411	Response	0	6735989	4157	1
NU2-18	411	Response	0	6736149	4317	1
NU2-18	412	Response	0	6752630	16297	1
NU2-18	412	Response	0	6752949	16617	1
NU2-18	413	Response	0	6757109	3944	1
NU2-18	413	Response	0	6757429	4264	1
NU2-18	414	Response	0	6760949	3284	1
NU2-18	414	Response	100	6761589	3924	1
NU2-18	416	Picture	8	6776998	0	1	20166	1	0	next	other	0
NU2-18	418	Picture	34	6812331	0	1	20166	1	0	next	other	0
NU2-18	420	Picture	73	6847663	0	1	20166	1	0	next	other	0
NU2-18	421	Response	0	6875349	7353	1
NU2-18	421	Response	0	6879348	11352	1
NU2-18	422	Response	0	6884788	5126	1
NU2-18	422	Response	0	6885428	5766	1
NU2-18	423	Response	0	6893108	7446	1
NU2-18	423	Response	0	6893748	8086	1
NU2-18	424	Response	0	6901748	7753	1
NU2-18	424	Response	100	6902548	8553	1
NU2-18	426	Picture	9	6917995	0	1	20166	1	0	next	other	0
NU2-18	428	Picture	35	6953327	0	1	20166	1	0	next	other	0
NU2-18	430	Picture	50	6988660	0	1	33332	1	0	next	other	0
NU2-18	430	Text Input	6	7021907	33247	0
NU2-18	430	Response	0	7021907	33247	1
NU2-18	431	Response	100	7022547	555	1
NU2-18	433	Picture	10	7052325	0	1	20166	1	0	next	other	0
NU2-18	435	Picture	25	7087657	0	1	20166	1	0	next	other	0
NU2-18	437	Picture	61	7122990	0	1	20166	1	0	next	other	0
NU2-18	438	Response	0	7147506	4184	1
NU2-18	438	Response	0	7152946	9623	1
NU2-18	439	Response	0	7159666	6510	1
NU2-18	439	Response	0	7160146	6990	1
NU2-18	440	Response	0	7175506	15184	1
NU2-18	440	Response	0	7175986	15664	1
NU2-18	441	Response	0	7182546	6390	1
NU2-18	441	Response	100	7183185	7030	1
NU2-18	443	Picture	11	7198655	0	1	20166	1	0	next	other	0
NU2-18	445	Picture	27	7233987	0	1	20166	1	0	next	other	0
NU2-18	447	Picture	40	7269319	0	1	64332	1	0	next	other	0
NU2-18	447	Text Input	14	7333584	64265	0
NU2-18	447	Response	0	7333584	64265	1
NU2-18	448	Response	100	7334224	573	1
NU2-18	450	Picture	12	7363984	0	1	20166	1	0	next	other	0
NU2-18	452	Picture	24	7399316	0	1	20166	1	0	next	other	0
NU2-18	454	Picture	40	7434649	0	1	30999	1	0	next	other	0
NU2-18	454	Text Input	14	7465583	30934	0
NU2-18	454	Response	0	7465583	30934	1
NU2-18	455	Response	100	7465903	255	1
NU2-18	457	Picture	11	7495980	0	1	20166	1	0	next	other	0
NU2-18	459	Picture	24	7531313	0	1	20166	1	0	next	other	0
NU2-18	461	Picture	40	7566645	0	1	33832	1	0	next	other	0
NU2-18	461	Text Input	13	7600462	33816	0
NU2-18	461	Response	0	7600462	33816	1
NU2-18	462	Response	100	7600942	464	1
NU2-18	464	Picture	9	7630810	0	1	20166	1	0	next	other	0
NU2-18	466	Picture	24	7666143	0	1	20166	1	0	next	other	0
NU2-18	468	Picture	40	7701475	0	1	33499	1	0	next	other	0
NU2-18	468	Text Input	11	7734861	33385	0
NU2-18	468	Response	0	7734861	33385	1
NU2-18	469	Response	100	7735661	686	1
NU2-18	471	Picture	10	7765307	0	1	20166	1	0	next	other	0
NU2-18	473	Picture	27	7800639	0	1	20166	1	0	next	other	0
NU2-18	475	Picture	40	7835972	0	1	30666	1	0	next	other	0
NU2-18	475	Text Input	13	7866539	30568	0
NU2-18	475	Response	0	7866539	30568	1
NU2-18	476	Response	100	7867339	702	1
NU2-18	478	Picture	10	7896970	0	1	20166	1	0	next	other	0
NU2-18	480	Picture	37	7932303	0	1	20166	1	0	next	other	0
NU2-18	482	Picture	50	7967635	0	1	34666	1	0	next	other	0
NU2-18	482	Text Input	6	8002218	34583	0
NU2-18	482	Response	0	8002218	34583	1
NU2-18	483	Response	100	8003018	717	1
NU2-18	485	Picture	8	8032634	0	1	20166	1	0	next	other	0
NU2-18	487	Picture	24	8067966	0	1	20166	1	0	next	other	0
NU2-18	489	Picture	61	8103299	0	1	20166	1	0	next	other	0
NU2-18	490	Response	0	8127978	4346	1
NU2-18	490	Response	0	8128777	5146	1
NU2-18	491	Response	0	8129737	773	1
NU2-18	491	Response	0	8130057	1092	1
NU2-18	492	Response	0	8131177	879	1
NU2-18	492	Response	0	8131657	1359	1
NU2-18	493	Response	0	8132617	653	1
NU2-18	493	Response	0	8133417	1452	1
NU2-18	494	Response	0	8134217	586	1
NU2-18	494	Response	0	8134857	1226	1
NU2-18	495	Response	0	8135817	686	1
NU2-18	495	Response	0	8136457	1326	1
NU2-18	496	Response	0	8137417	786	1
NU2-18	496	Response	0	8138217	1586	1
NU2-18	497	Response	0	8143337	4873	1
NU2-18	497	Response	0	8143817	5353	1
NU2-18	498	Response	0	8151337	7206	1
NU2-18	498	Response	100	8151977	7846	1
NU2-18	500	Picture	9	8167464	0	1	20166	1	0	next	other	0
NU2-18	502	Picture	34	8202796	0	1	20166	1	0	next	other	0
NU2-18	504	Picture	50	8238128	0	1	30666	1	0	next	other	0
NU2-18	504	Text Input	7	8268776	30648	0
NU2-18	504	Response	0	8268776	30648	1
NU2-18	505	Response	100	8269416	621	1
NU2-18	507	Picture	11	8299127	0	1	20166	1	0	next	other	0
NU2-18	509	Picture	36	8334459	0	1	20166	1	0	next	other	0
NU2-18	511	Picture	74	8369792	0	1	20166	1	0	next	other	0
NU2-18	512	Response	0	8452615	62490	1
NU2-18	512	Response	0	8453894	63770	1
NU2-18	513	Response	0	8456294	2171	1
NU2-18	513	Response	0	8457094	2971	1
NU2-18	514	Response	0	8458374	1085	1
NU2-18	514	Response	0	8459334	2044	1
NU2-18	515	Response	0	8460774	1151	1
NU2-18	515	Response	0	8461414	1791	1
NU2-18	516	Response	0	8488294	26672	1
NU2-18	516	Response	100	8489414	27791	1
NU2-18	518	Picture	9	8504788	0	1	20166	1	0	next	other	0
NU2-18	520	Picture	37	8540121	0	1	20166	1	0	next	other	0
NU2-18	522	Picture	50	8575453	0	1	44832	1	0	next	other	0
NU2-18	522	Text Input	5	8620133	44680	0
NU2-18	522	Response	0	8620133	44680	1
NU2-18	523	Response	100	8620933	647	1
NU2-18	525	Picture	11	8650618	0	1	20166	1	0	next	other	0
NU2-18	527	Picture	25	8685951	0	1	20166	1	0	next	other	0
NU2-18	529	Picture	40	8721283	0	1	31166	1	0	next	other	0
NU2-18	529	Text Input	13	8752292	31009	0
NU2-18	529	Response	0	8752292	31009	1
NU2-18	530	Response	100	8753091	643	1
NU2-18	532	Picture	12	8782781	0	1	20166	1	0	next	other	0
NU2-18	534	Picture	26	8818114	0	1	20166	1	0	next	other	0
NU2-18	536	Picture	63	8853446	0	1	20166	1	0	next	other	0
NU2-18	537	Response	0	8883491	9712	1
NU2-18	537	Response	100	8884290	10511	1
NU2-18	539	Picture	9	8899779	0	1	20166	1	0	next	other	0
NU2-18	541	Picture	24	8935111	0	1	20166	1	0	next	other	0
NU2-18	543	Picture	62	8970443	0	1	20166	1	0	next	other	0
NU2-18	544	Response	0	8995170	4394	1
NU2-18	544	Response	100	8996609	5833	1
NU2-18	546	Picture	10	9011942	0	1	20166	1	0	next	other	0
NU2-18	548	Picture	27	9047275	0	1	20166	1	0	next	other	0
NU2-18	550	Picture	61	9082607	0	1	20166	1	0	next	other	0
NU2-18	551	Response	0	9106209	3268	1
NU2-18	551	Response	0	9107328	4388	1
NU2-18	552	Response	0	9108448	842	1
NU2-18	552	Response	0	9109088	1482	1
NU2-18	553	Response	0	9110048	775	1
NU2-18	553	Response	0	9110848	1575	1
NU2-18	554	Response	0	9111808	702	1
NU2-18	554	Response	0	9112448	1341	1
NU2-18	555	Response	0	9113408	635	1
NU2-18	555	Response	0	9114208	1435	1
NU2-18	556	Response	0	9115168	729	1
NU2-18	556	Response	0	9115968	1529	1
NU2-18	557	Response	0	9117248	975	1
NU2-18	557	Response	0	9118048	1775	1
NU2-18	558	Response	0	9126528	8255	1
NU2-18	558	Response	0	9127168	8895	1
NU2-18	559	Response	0	9136128	8689	1
NU2-18	559	Response	0	9136768	9329	1
NU2-18	560	Response	0	9146848	9909	1
NU2-18	560	Response	0	9147808	10869	1
NU2-18	561	Response	0	9155488	7382	1
NU2-18	561	Response	0	9155808	7702	1
NU2-18	562	Response	0	9159488	3382	1
NU2-18	562	Response	100	9159648	3542	1
NU2-18	564	Picture	11	9175105	0	1	20166	1	0	next	other	0
NU2-18	566	Picture	34	9210437	0	1	20166	1	0	next	other	0
NU2-18	568	Picture	50	9245770	0	1	39832	1	0	next	other	0
NU2-18	568	Response	0	9274847	29077	1
NU2-18	568	Response	100	9275807	30037	1
NU2-18	568	Text Input	9	9285567	39797	0
NU2-18	568	Response	0	9285567	39797	1
NU2-18	569	Response	100	9286207	605	1
NU2-18	571	Picture	9	9315935	0	1	20166	1	0	next	other	0
NU2-18	573	Picture	35	9351267	0	1	20166	1	0	next	other	0
NU2-18	575	Picture	72	9386600	0	1	20166	1	0	next	other	0
NU2-18	576	Response	0	9456926	49993	1
NU2-18	576	Response	0	9458205	51273	1
NU2-18	577	Response	0	9463485	5054	1
NU2-18	577	Response	0	9464605	6174	1
NU2-18	578	Response	0	9495645	30714	1
NU2-18	578	Response	0	9496440	31509	11
NU2-18	579	Response	0	9497885	1121	1
NU2-18	579	Response	0	9498525	1761	1
NU2-18	580	Response	0	9508445	9681	1
NU2-18	580	Response	0	9509405	10641	1
NU2-18	581	Response	0	9510685	1088	1
NU2-18	581	Response	0	9511325	1728	1
NU2-18	582	Response	0	9512445	848	1
NU2-18	582	Response	0	9513405	1808	1
NU2-18	583	Response	0	9530845	17248	1
NU2-18	583	Response	0	9531805	18208	1
NU2-18	584	Response	0	9551965	19869	1
NU2-18	584	Response	100	9552924	20828	1
NU2-18	586	Picture	8	9568262	0	1	20166	1	0	next	other	0
NU2-18	588	Picture	25	9603594	0	1	20166	1	0	next	other	0
NU2-18	590	Picture	63	9638927	0	1	20166	1	0	next	other	0
NU2-18	591	Response	0	9667004	7744	1
NU2-18	591	Response	0	9668123	8864	1
NU2-18	592	Response	0	9669243	817	1
NU2-18	592	Response	0	9670043	1617	1
NU2-18	593	Response	0	9674523	4264	1
NU2-18	593	Response	0	9675323	5064	1
NU2-18	594	Response	0	9679323	3731	1
NU2-18	594	Response	100	9679963	4371	1
NU2-18	596	Picture	11	9695425	0	1	20166	1	0	next	other	0
NU2-18	598	Picture	37	9730758	0	1	20166	1	0	next	other	0
NU2-18	600	Picture	75	9766090	0	1	20166	1	0	next	other	0
NU2-18	601	Response	0	9828763	42340	1
NU2-18	601	Response	0	9829882	43459	1
NU2-18	602	Response	0	9831162	1073	1
NU2-18	602	Response	0	9832122	2033	1
NU2-18	603	Response	0	9833082	660	1
NU2-18	603	Response	0	9833722	1300	1
NU2-18	604	Response	0	9834842	920	1
NU2-18	604	Response	0	9835482	1560	1
NU2-18	605	Response	0	9836282	526	1
NU2-18	605	Response	0	9837402	1647	1
NU2-18	606	Response	0	9841562	3973	1
NU2-18	606	Response	0	9842362	4773	1
NU2-18	607	Response	0	9847002	4414	1
NU2-18	607	Response	0	9847482	4893	1
NU2-18	608	Response	0	9856602	8847	1
NU2-18	608	Response	0	9857402	9647	1
NU2-18	609	Response	0	9859482	1894	1
NU2-18	609	Response	100	9859961	2374	1
NU2-18	611	Picture	12	9875421	0	1	20166	1	0	next	other	0
NU2-18	613	Picture	25	9910753	0	1	20166	1	0	next	other	0
NU2-18	615	Picture	40	9946086	0	1	31833	1	0	next	other	0
NU2-18	615	Text Input	14	9977881	31795	0
NU2-18	615	Response	0	9977881	31795	1
NU2-18	616	Response	100	9978521	602	1
NU2-18	618	Picture	11	10008251	0	1	20166	1	0	next	other	0
NU2-18	620	Picture	36	10043583	0	1	20166	1	0	next	other	0
NU2-18	622	Picture	50	10078916	0	1	44332	1	0	next	other	0
NU2-18	622	Text Input	8	10123160	44244	0
NU2-18	622	Response	0	10123160	44244	1
NU2-18	623	Response	100	10123639	391	1
NU2-18	625	Picture	12	10153580	0	1	20166	1	0	next	other	0
NU2-18	627	Picture	35	10188913	0	1	20166	1	0	next	other	0
NU2-18	629	Picture	50	10224245	0	1	32332	1	0	next	other	0
NU2-18	629	Text Input	9	10256438	32193	0
NU2-18	629	Response	0	10256438	32193	1
NU2-18	630	Response	100	10257238	660	1
NU2-18	632	Picture	11	10286910	0	1	20166	1	0	next	other	0
NU2-18	634	Picture	36	10322243	0	1	20166	1	0	next	other	0
NU2-18	636	Picture	72	10357575	0	1	20166	1	0	next	other	0
NU2-18	637	Response	0	10419797	41889	1
NU2-18	637	Response	0	10420597	42689	1
NU2-18	638	Response	0	10421397	490	1
NU2-18	638	Response	0	10422197	1290	1
NU2-18	639	Response	0	10422997	590	1
NU2-18	639	Response	0	10423797	1390	1
NU2-18	640	Response	0	10424757	683	1
NU2-18	640	Response	0	10425556	1483	1
NU2-18	641	Response	0	10434197	8456	1
NU2-18	641	Response	0	10434676	8936	1
NU2-18	642	Response	0	10443156	8250	1
NU2-18	642	Response	100	10443796	8890	1
NU2-18	644	Picture	12	10459239	0	1	20166	1	0	next	other	0
NU2-18	646	Picture	25	10494572	0	1	20166	1	0	next	other	0
NU2-18	648	Picture	40	10529904	0	1	32666	1	0	next	other	0
NU2-18	648	Text Input	14	10562515	32611	0
NU2-18	648	Response	0	10562515	32611	1
NU2-18	649	Response	100	10563155	585	1
NU2-18	651	Picture	8	10592903	0	1	20166	1	0	next	other	0
NU2-18	653	Picture	26	10628235	0	1	20166	1	0	next	other	0
NU2-18	655	Picture	40	10663568	0	1	31666	1	0	next	other	0
NU2-18	655	Text Input	11	10695155	31587	0
NU2-18	655	Response	0	10695155	31587	1
NU2-18	656	Response	100	10695795	561	1
NU2-18	658	Picture	9	10725566	0	1	20166	1	0	next	other	0
NU2-18	660	Picture	26	10760899	0	1	20166	1	0	next	other	0
NU2-18	662	Picture	61	10796231	0	1	20166	1	0	next	other	0
NU2-18	663	Response	0	10855313	38750	1
NU2-18	663	Response	0	10856273	39709	1
NU2-18	664	Response	0	10857233	670	1
NU2-18	664	Response	0	10857873	1310	1
NU2-18	665	Response	0	10858673	610	1
NU2-18	665	Response	0	10859473	1410	1
NU2-18	666	Response	0	10860433	703	1
NU2-18	666	Response	0	10861073	1343	1
NU2-18	667	Response	0	10861873	477	1
NU2-18	667	Response	0	10862513	1117	1
NU2-18	668	Response	0	10863313	583	1
NU2-18	668	Response	0	10864113	1383	1
NU2-18	669	Response	0	10864913	517	1
NU2-18	669	Response	0	10865713	1317	1
NU2-18	670	Response	0	10876593	10697	1
NU2-18	670	Response	0	10877072	11177	11
NU2-18	671	Response	0	10890832	13437	1
NU2-18	671	Response	100	10891312	13917	1
NU2-18	673	Picture	12	10906728	0	1	20166	1	0	next	other	0
NU2-18	675	Picture	27	10942061	0	1	20166	1	0	next	other	0
NU2-18	677	Picture	65	10977393	0	1	20166	1	0	next	other	0
NU2-18	678	Response	0	11004592	6866	1
NU2-18	678	Response	0	11005871	8145	1
NU2-18	679	Response	0	11007151	1092	1
NU2-18	679	Response	0	11010511	4452	1
NU2-18	680	Response	0	11037392	26666	1
NU2-18	680	Response	100	11038191	27465	1
NU2-18	682	Picture	11	11053558	0	1	20166	1	0	next	other	0
NU2-18	684	Picture	36	11088890	0	1	20166	1	0	next	other	0
NU2-18	686	Picture	73	11124223	0	1	20166	1	0	next	other	0
NU2-18	687	Response	0	11154991	10435	1
NU2-18	687	Response	100	11155790	11234	1
NU2-18	689	Picture	9	11171222	0	1	20166	1	0	next	other	0
NU2-18	691	Picture	37	11206554	0	1	20166	1	0	next	other	0
NU2-18	693	Picture	50	11241886	0	1	32999	1	0	next	other	0
NU2-18	693	Text Input	5	11274829	32943	0
NU2-18	693	Response	0	11274829	32943	1
NU2-18	694	Response	100	11275629	743	1
NU2-18	696	Picture	8	11305218	0	1	20166	1	0	next	other	0
NU2-18	698	Picture	35	11340551	0	1	20166	1	0	next	other	0
NU2-18	700	Picture	71	11375883	0	1	20166	1	0	next	other	0
NU2-18	701	Response	0	11415308	19092	1
NU2-18	701	Response	0	11416428	20212	1
NU2-18	702	Response	0	11417708	992	1
NU2-18	702	Response	0	11418188	1472	1
NU2-18	703	Response	0	11419468	1086	1
NU2-18	703	Response	0	11420108	1726	1
NU2-18	704	Response	0	11421228	846	1
NU2-18	704	Response	0	11421708	1326	1
NU2-18	705	Response	0	11422828	946	1
NU2-18	705	Response	0	11423468	1586	1
NU2-18	706	Response	0	11428908	5193	1
NU2-18	706	Response	0	11429548	5832	1
NU2-18	707	Response	0	11430668	953	1
NU2-18	707	Response	0	11431468	1752	1
NU2-18	708	Response	0	11440588	8873	1
NU2-18	708	Response	0	11440908	9192	1
NU2-18	709	Response	0	11471467	30253	1
NU2-18	709	Response	100	11472107	30893	1
NU2-18	711	Picture	9	11487547	0	1	20166	1	0	next	other	0
NU2-18	713	Picture	26	11522879	0	1	20166	1	0	next	other	0
NU2-18	715	Picture	40	11558212	0	1	98498	1	0	next	other	0
NU2-18	715	Text Input	12	11656586	98374	0
NU2-18	715	Response	0	11656586	98374	1
NU2-18	716	Response	100	11657386	676	1
NU2-18	718	Picture	11	11687042	0	1	20166	1	0	next	other	0
NU2-18	720	Picture	35	11722374	0	1	20166	1	0	next	other	0
NU2-18	722	Picture	71	11757707	0	1	20166	1	0	next	other	0
NU2-18	723	Response	0	11783785	5745	1
NU2-18	723	Response	0	11784424	6385	1
NU2-18	724	Response	0	11784904	198	1
NU2-18	724	Response	0	11790344	5638	1
NU2-18	725	Response	0	11794345	3805	1
NU2-18	725	Response	0	11794824	4285	1
NU2-18	726	Response	0	11796904	1865	1
NU2-18	726	Response	0	11797704	2665	1
NU2-18	727	Response	0	11809544	11672	1
NU2-18	727	Response	100	11810184	12312	1
NU2-18	729	Picture	11	11825539	0	1	20166	1	0	next	other	0
NU2-18	731	Picture	37	11860871	0	1	20166	1	0	next	other	0
NU2-18	733	Picture	50	11896203	0	1	160329	1	0	next	other	0
NU2-18	733	Text Input	7	12056422	160219	0
NU2-18	733	Response	0	12056422	160219	1
NU2-18	734	Response	100	12057382	849	1
NU2-18	736	Picture	9	12086865	0	1	20166	1	0	next	other	0
NU2-18	738	Picture	24	12122198	0	1	20166	1	0	next	other	0
NU2-18	740	Picture	40	12157530	0	1	85665	1	0	next	other	0
NU2-18	740	Text Input	11	12243140	85610	0
NU2-18	740	Response	0	12243140	85610	1
NU2-18	741	Response	100	12244100	906	1
NU2-18	743	Picture	10	12273527	0	1	20166	1	0	next	other	0
NU2-18	745	Picture	34	12308860	0	1	20166	1	0	next	other	0
NU2-18	747	Picture	71	12344192	0	1	20166	1	0	next	other	0
NU2-18	748	Response	0	12380740	16215	1
NU2-18	748	Response	0	12381859	17334	1
NU2-18	749	Response	0	12382659	468	1
NU2-18	749	Response	0	12383459	1268	1
NU2-18	750	Response	0	12384419	728	1
NU2-18	750	Response	0	12385059	1368	1
NU2-18	751	Response	0	12386019	661	1
NU2-18	751	Response	0	12386659	1301	1
NU2-18	752	Response	0	12387619	761	1
NU2-18	752	Response	0	12388419	1561	1
NU2-18	753	Response	0	12395139	6448	1
NU2-18	753	Response	0	12395939	7248	1
NU2-18	754	Response	0	12402659	6468	1
NU2-18	754	Response	0	12403139	6948	1
NU2-18	755	Response	0	12408739	5382	1
NU2-18	755	Response	100	12409219	5861	1
NU2-18	758	Picture	9	13024842	0	1	20166	1	0	next	other	0
NU2-18	760	Picture	37	13060174	0	1	20166	1	0	next	other	0
NU2-18	762	Picture	76	13095507	0	1	20166	1	0	next	other	0
NU2-18	763	Response	0	13118973	3134	1
NU2-18	763	Response	0	13120253	4413	1
NU2-18	764	Response	0	13120412	73	1
NU2-18	764	Response	0	13125372	5033	1
NU2-18	765	Response	0	13127452	1780	1
NU2-18	765	Response	0	13128732	3060	1
NU2-18	766	Response	0	13129532	527	1
NU2-18	766	Response	0	13130332	1326	1
NU2-18	767	Response	0	13139132	8627	1
NU2-18	767	Response	0	13139772	9266	1
NU2-18	768	Response	0	13142172	2167	1
NU2-18	768	Response	100	13142652	2647	1
NU2-18	770	Picture	12	13158005	0	1	20166	1	0	next	other	0
NU2-18	772	Picture	36	13193338	0	1	20166	1	0	next	other	0
NU2-18	774	Picture	73	13228670	0	1	20166	1	0	next	other	0
NU2-18	775	Response	0	13253052	4049	1
NU2-18	775	Response	100	13253851	4848	1
NU2-18	777	Picture	12	13269336	0	1	20166	1	0	next	other	0
NU2-18	779	Picture	35	13304668	0	1	20166	1	0	next	other	0
NU2-18	781	Picture	50	13340001	0	1	34999	1	0	next	other	0
NU2-18	781	Text Input	9	13374970	34970	0
NU2-18	781	Response	0	13374970	34970	1
NU2-18	782	Response	100	13375770	770	1
NU2-18	784	Picture	9	13405332	0	1	20166	1	0	next	other	0
NU2-18	786	Picture	27	13440665	0	1	20166	1	0	next	other	0
NU2-18	788	Picture	66	13475997	0	1	20166	1	0	next	other	0
NU2-18	789	Response	0	13511450	15120	1
NU2-18	789	Response	0	13512409	16079	1
NU2-18	790	Response	0	13513529	866	1
NU2-18	790	Response	0	13518169	5506	1
NU2-18	791	Response	0	13523609	5113	1
NU2-18	791	Response	0	13524409	5913	1
NU2-18	792	Response	0	13527609	2946	1
NU2-18	792	Response	100	13527929	3266	1
NU2-18	794	Picture	10	13543329	0	1	20166	1	0	next	other	0
NU2-18	796	Picture	35	13578661	0	1	20166	1	0	next	other	0
NU2-18	798	Picture	73	13613994	0	1	20166	1	0	next	other	0
NU2-18	799	Response	0	13664088	29762	1
NU2-18	799	Response	0	13665368	31041	1
NU2-18	800	Response	0	13670648	4988	1
NU2-18	800	Response	0	13671768	6108	1
NU2-18	801	Response	0	13679768	7775	1
NU2-18	801	Response	0	13680087	8095	1
NU2-18	802	Response	0	13690648	10322	1
NU2-18	802	Response	100	13691287	10962	1
NU2-18	804	Picture	11	13706658	0	1	20166	1	0	next	other	0
NU2-18	806	Picture	35	13741991	0	1	20166	1	0	next	other	0
NU2-18	808	Picture	71	13777323	0	1	20166	1	0	next	other	0
NU2-18	809	Response	0	13801047	3391	1
NU2-18	809	Response	0	13809206	11550	1
NU2-18	810	Response	0	13813207	3718	1
NU2-18	810	Response	0	13814166	4677	1
NU2-18	811	Response	0	13826166	11678	1
NU2-18	811	Response	0	13826966	12478	1
NU2-18	812	Response	0	13830806	3651	1
NU2-18	812	Response	100	13831766	4611	1
NU2-18	814	Picture	8	13847155	0	1	20166	1	0	next	other	0
NU2-18	816	Picture	36	13882487	0	1	20166	1	0	next	other	0
NU2-18	818	Picture	50	13917820	0	1	31666	1	0	next	other	0
NU2-18	818	Text Input	5	13949366	31546	0
NU2-18	818	Response	0	13949366	31546	1
NU2-18	819	Response	100	13950005	520	1
NU2-18	821	Picture	11	13979818	0	1	20166	1	0	next	other	0
NU2-18	823	Picture	27	14015150	0	1	20166	1	0	next	other	0
NU2-18	825	Picture	40	14050483	0	1	47999	1	0	next	other	0
NU2-18	825	Text Input	14	14098323	47840	0
NU2-18	825	Response	0	14098323	47840	1
NU2-18	826	Response	100	14098964	482	1
NU2-18	828	Picture	9	14128814	0	1	20166	1	0	next	other	0
NU2-18	830	Picture	27	14164147	0	1	20166	1	0	next	other	0
NU2-18	832	Picture	40	14199479	0	1	40999	1	0	next	other	0
NU2-18	832	Text Input	12	14240403	40924	0
NU2-18	832	Response	0	14240403	40924	1
NU2-18	833	Response	100	14241202	724	1
NU2-18	835	Picture	10	14270811	0	1	20166	1	0	next	other	0
NU2-18	837	Picture	37	14306143	0	1	20166	1	0	next	other	0
NU2-18	839	Picture	50	14341476	0	1	33999	1	0	next	other	0
NU2-18	839	Text Input	6	14375441	33966	0
NU2-18	839	Response	0	14375441	33966	1
NU2-18	840	Response	100	14376241	766	1
NU2-18	842	Picture	10	14405807	0	1	20166	1	0	next	other	0
NU2-18	844	Picture	27	14441140	0	1	20166	1	0	next	other	0
NU2-18	846	Picture	40	14476472	0	1	34166	1	0	next	other	0
NU2-18	846	Text Input	13	14510480	34008	0
NU2-18	846	Response	0	14510480	34008	1
NU2-18	847	Response	100	14510960	322	1
NU2-18	849	Picture	9	14540971	0	1	20166	1	0	next	other	0
NU2-18	851	Picture	27	14576303	0	1	20166	1	0	next	other	0
NU2-18	853	Picture	40	14611636	0	1	33166	1	0	next	other	0
NU2-18	853	Text Input	12	14644719	33083	0
NU2-18	853	Response	0	14644719	33083	1
NU2-18	854	Response	100	14645039	238	1
NU2-18	856	Picture	8	14675134	0	1	20166	1	0	next	other	0
NU2-18	858	Picture	37	14710466	0	1	20166	1	0	next	other	0
NU2-18	860	Picture	72	14745799	0	1	20166	1	0	next	other	0
NU2-18	861	Response	0	14775598	9467	1
NU2-18	861	Response	0	14776718	10586	1
NU2-18	862	Response	0	14777998	1033	1
NU2-18	862	Response	0	14778638	1673	1
NU2-18	863	Response	0	14780238	1273	1
NU2-18	863	Response	0	14780878	1913	1
NU2-18	864	Response	0	14786638	5506	1
NU2-18	864	Response	0	14787438	6306	1
NU2-18	865	Response	0	14790318	2687	1
NU2-18	865	Response	0	14790957	3326	1
NU2-18	866	Response	0	14804558	13427	1
NU2-18	866	Response	100	14805357	14226	1
NU2-18	868	Picture	10	14820797	0	1	20166	1	0	next	other	0
NU2-18	870	Picture	35	14856129	0	1	20166	1	0	next	other	0
NU2-18	872	Picture	71	14891462	0	1	20166	1	0	next	other	0
NU2-18	873	Response	0	14914637	2842	1
NU2-18	873	Response	0	14921196	9402	1
NU2-18	874	Response	0	14925036	3575	1
NU2-18	874	Response	0	14925836	4375	1
NU2-18	875	Response	0	14932396	6269	1
NU2-18	875	Response	0	14933196	7069	1
NU2-18	876	Response	0	14935756	2295	1
NU2-18	876	Response	100	14936396	2935	1
NU2-18	878	Picture	9	14951794	0	1	20166	1	0	next	other	0
NU2-18	880	Picture	27	14987126	0	1	20166	1	0	next	other	0
NU2-18	882	Picture	61	15022459	0	1	20166	1	0	next	other	0
NU2-18	883	Response	0	15046476	3684	1
NU2-18	883	Response	0	15053995	11204	1
NU2-18	884	Response	0	15067115	12824	1
NU2-18	884	Response	0	15067435	13144	1
NU2-18	885	Response	0	15076715	9091	1
NU2-18	885	Response	100	15077195	9571	1
NU2-18	887	Picture	10	15092623	0	1	20166	1	0	next	other	0
NU2-18	889	Picture	36	15127956	0	1	20166	1	0	next	other	0
NU2-18	891	Picture	75	15163288	0	1	20166	1	0	next	other	0
NU2-18	892	Response	0	15188875	5253	1
NU2-18	892	Response	0	15195754	12133	1
NU2-18	893	Response	0	15199434	3480	1
NU2-18	893	Response	0	15200714	4760	1
NU2-18	894	Response	0	15205834	4880	1
NU2-18	894	Response	0	15206954	6000	1
NU2-18	895	Response	0	15224554	17433	1
NU2-18	895	Response	100	15225194	18073	1
NU2-18	897	Picture	12	15240620	0	1	20166	1	0	next	other	0
NU2-18	899	Picture	37	15275952	0	1	20166	1	0	next	other	0
NU2-18	901	Picture	73	15311285	0	1	20166	1	0	next	other	0
NU2-18	902	Response	0	15372233	40616	1
NU2-18	902	Response	0	15376713	45095	1
NU2-18	903	Response	0	15401993	25043	1
NU2-18	903	Response	0	15402472	25522	1
NU2-18	904	Response	0	15420712	17930	1
NU2-18	904	Response	100	15421512	18730	1
NU2-18	906	Picture	10	15436948	0	1	20166	1	0	next	other	0
NU2-18	908	Picture	24	15472281	0	1	20166	1	0	next	other	0
NU2-18	910	Picture	40	15507613	0	1	33332	1	0	next	other	0
NU2-18	910	Text Input	12	15540871	33258	0
NU2-18	910	Response	0	15540871	33258	1
NU2-18	911	Response	100	15541671	725	1
NU2-18	913	Picture	13	15571278	0	1	20166	1	0	next	other	0
NU2-18	915	Picture	25	15606611	0	1	20166	1	0	next	other	0
NU2-18	917	Picture	40	15641943	0	1	36666	1	0	next	other	0
NU2-18	917	Text Input	15	15678470	36527	0
NU2-18	917	Response	0	15678470	36527	1
NU2-18	918	Response	100	15679430	821	1
NU2-18	920	Picture	11	15708941	0	1	20166	1	0	next	other	0
NU2-18	922	Picture	36	15744274	0	1	20166	1	0	next	other	0
NU2-18	924	Picture	71	15779606	0	1	20166	1	0	next	other	0
NU2-18	925	Response	0	15823589	23650	1
NU2-18	925	Response	0	15830788	30849	1
NU2-18	926	Response	0	15852069	20963	1
NU2-18	926	Response	0	15852548	21443	1
NU2-18	927	Response	0	15858468	5697	1
NU2-18	927	Response	100	15859108	6337	1
NU2-18	929	Picture	11	15874604	0	1	20166	1	0	next	other	0
NU2-18	931	Picture	25	15909936	0	1	20166	1	0	next	other	0
NU2-18	933	Picture	64	15945269	0	1	20166	1	0	next	other	0
NU2-18	934	Response	0	15969348	3746	1
NU2-18	934	Response	0	15977827	12225	1
NU2-18	935	Response	0	15982467	4366	1
NU2-18	935	Response	0	15982947	4845	1
NU2-18	936	Response	0	15984387	1119	1
NU2-18	936	Response	0	15985027	1759	1
NU2-18	937	Response	0	15989187	3919	1
NU2-18	937	Response	0	15990147	4879	1
NU2-18	938	Response	0	15993507	3073	1
NU2-18	938	Response	100	15994147	3712	1
NU2-18	940	Picture	11	16009601	0	1	20166	1	0	next	other	0
NU2-18	942	Picture	27	16044933	0	1	20166	1	0	next	other	0
NU2-18	944	Picture	40	16080265	0	1	39499	1	0	next	other	0
NU2-18	944	Text Input	14	16119746	39480	0
NU2-18	944	Response	0	16119746	39480	1
NU2-18	945	Response	100	16120386	621	1
NU2-18	947	Picture	10	16150097	0	1	20166	1	0	next	other	0
NU2-18	949	Picture	26	16185429	0	1	20166	1	0	next	other	0
NU2-18	951	Picture	63	16220762	0	1	20166	1	0	next	other	0
NU2-18	952	Response	0	16248065	6970	1
NU2-18	952	Response	100	16249345	8250	1
NU2-18	954	Picture	10	16264761	0	1	20166	1	0	next	other	0
NU2-18	956	Picture	27	16300093	0	1	20166	1	0	next	other	0
NU2-18	958	Picture	64	16335426	0	1	20166	1	0	next	other	0
NU2-18	959	Response	0	16391584	35825	1
NU2-18	959	Response	0	16393823	38065	1
NU2-18	960	Response	0	16400223	6133	1
NU2-18	960	Response	0	16401023	6932	1
NU2-18	961	Response	0	16416863	15606	1
NU2-18	961	Response	100	16417823	16566	1
NU2-18	963	Picture	9	16433257	0	1	20166	1	0	next	other	0
NU2-18	965	Picture	36	16468589	0	1	20166	1	0	next	other	0
NU2-18	967	Picture	75	16503922	0	1	20166	1	0	next	other	0
NU2-18	968	Response	0	16529023	4768	1
NU2-18	968	Response	0	16535422	11168	1
NU2-18	969	Response	0	16542302	6548	1
NU2-18	969	Response	0	16543262	7508	1
NU2-18	970	Response	0	16560222	16635	1
NU2-18	970	Response	100	16561022	17435	1
NU2-18	972	Picture	13	16576420	0	1	20166	1	0	next	other	0
NU2-18	974	Picture	37	16611752	0	1	20166	1	0	next	other	0
NU2-18	976	Picture	50	16647085	0	1	68832	1	0	next	other	0
NU2-18	976	Text Input	9	16715901	68816	0
NU2-18	976	Response	0	16715901	68816	1
NU2-18	977	Response	100	16716540	624	1
NU2-18	979	Picture	10	16746249	0	1	20166	1	0	next	other	0
NU2-18	981	Picture	34	16781581	0	1	20166	1	0	next	other	0
NU2-18	983	Picture	50	16816914	0	1	28499	1	0	next	other	0
NU2-18	983	Text Input	8	16845339	28426	0
NU2-18	983	Response	0	16845339	28426	1
NU2-18	984	Response	100	16846139	726	1
NU2-18	986	Picture	11	16875746	0	1	20166	1	0	next	other	0
NU2-18	988	Picture	26	16911078	0	1	20166	1	0	next	other	0
NU2-18	990	Picture	63	16946410	0	1	20166	1	0	next	other	0
NU2-18	991	Response	0	16972059	5315	1
NU2-18	991	Response	100	16972858	6115	1
NU2-18	993	Picture	10	16988243	0	1	20166	1	0	next	other	0
NU2-18	995	Picture	27	17023575	0	1	20166	1	0	next	other	0
NU2-18	997	Picture	40	17058908	0	1	34666	1	0	next	other	0
NU2-18	997	Text Input	13	17093497	34590	0
NU2-18	997	Response	0	17093497	34590	1
NU2-18	998	Response	100	17093657	83	1
NU2-18	1000	Picture	11	17123906	0	1	20166	1	0	next	other	0
NU2-18	1002	Picture	26	17159238	0	1	20166	1	0	next	other	0
NU2-18	1004	Picture	62	17194571	0	1	20166	1	0	next	other	0
NU2-18	1005	Response	0	17219416	4513	1
NU2-18	1005	Response	0	17223256	8352	1
NU2-18	1006	Response	0	17233656	10086	1
NU2-18	1006	Response	0	17234456	10886	1
NU2-18	1007	Response	0	17245016	10279	1
NU2-18	1007	Response	0	17245496	10759	1
NU2-18	1008	Response	0	17253176	7440	1
NU2-18	1008	Response	100	17253816	8079	1
NU2-18	1010	Picture	9	17269236	0	1	20166	1	0	next	other	0
NU2-18	1012	Picture	35	17304568	0	1	20166	1	0	next	other	0
NU2-18	1014	Picture	74	17339901	0	1	20166	1	0	next	other	0
NU2-18	1015	Response	0	17364055	3822	1
NU2-18	1015	Response	0	17372534	12301	1
NU2-18	1016	Response	0	17378295	5562	1
NU2-18	1016	Response	0	17379094	6361	1
NU2-18	1017	Response	0	17388695	9295	1
NU2-18	1017	Response	0	17389494	10095	1
NU2-18	1018	Response	0	17406935	17202	1
NU2-18	1018	Response	100	17407574	17841	1
NU2-18	1020	Picture	13	17423065	0	1	20166	1	0	next	other	0
NU2-18	1022	Picture	37	17458398	0	1	20166	1	0	next	other	0
NU2-18	1024	Picture	50	17493730	0	1	31833	1	0	next	other	0
NU2-18	1024	Text Input	9	17525493	31763	0
NU2-18	1024	Response	0	17525493	31763	1
NU2-18	1025	Response	100	17526453	890	1
NU2-18	1027	Picture	11	17555895	0	1	20166	1	0	next	other	0
NU2-18	1029	Picture	34	17591228	0	1	20166	1	0	next	other	0
NU2-18	1031	Picture	73	17626560	0	1	20166	1	0	next	other	0
NU2-18	1032	Response	0	17653653	6760	1
NU2-18	1032	Response	0	17658932	12039	1
NU2-18	1033	Response	0	17662612	3386	1
NU2-18	1033	Response	0	17664052	4826	1
NU2-18	1034	Response	0	17673652	9426	1
NU2-18	1034	Response	100	17674292	10066	1
NU2-18	1036	Picture	10	17689725	0	1	20166	1	0	next	other	0
NU2-18	1038	Picture	24	17725058	0	1	20166	1	0	next	other	0
NU2-18	1040	Picture	63	17760390	0	1	20166	1	0	next	other	0
NU2-18	1041	Response	0	17806931	26208	1
NU2-18	1041	Response	0	17813171	32448	1
NU2-18	1042	Response	0	17821811	8422	1
NU2-18	1042	Response	0	17824531	11142	1
NU2-18	1043	Response	0	17827411	2689	1
NU2-18	1043	Response	0	17837330	12609	1
NU2-18	1044	Response	0	17843891	6336	1
NU2-18	1044	Response	0	17844690	7136	1
NU2-18	1045	Response	0	17857811	12923	1
NU2-18	1045	Response	0	17858930	14042	1
NU2-18	1046	Response	0	17869330	10109	1
NU2-18	1046	Response	100	17869970	10749	1
NU2-18	1048	Picture	12	17885387	0	1	20166	1	0	next	other	0
NU2-18	1050	Picture	26	17920719	0	1	20166	1	0	next	other	0
NU2-18	1052	Picture	64	17956052	0	1	20166	1	0	next	other	0
NU2-18	1053	Response	0	17992370	15985	1
NU2-18	1053	Response	0	17994129	17744	1
NU2-18	1054	Response	0	17996369	1985	1
NU2-18	1054	Response	0	18000049	5665	1
NU2-18	1055	Response	0	18006769	6552	1
NU2-18	1055	Response	0	18007729	7511	1
NU2-18	1056	Response	0	18026609	18558	1
NU2-18	1056	Response	0	18027409	19358	1
NU2-18	1057	Response	0	18031089	3372	1
NU2-18	1057	Response	100	18031729	4012	1
NU2-18	1059	Picture	10	18047216	0	1	20166	1	0	next	other	0
NU2-18	1061	Picture	24	18082549	0	1	20166	1	0	next	other	0
NU2-18	1063	Picture	40	18117881	0	1	32499	1	0	next	other	0
NU2-18	1063	Text Input	12	18150288	32407	0
NU2-18	1063	Response	0	18150288	32407	1
NU2-18	1064	Response	100	18151088	707	1
NU2-18	1066	Picture	8	18180713	0	1	20166	1	0	next	other	0
NU2-18	1068	Picture	34	18216045	0	1	20166	1	0	next	other	0
NU2-18	1070	Picture	72	18251378	0	1	20166	1	0	next	other	0
NU2-18	1071	Response	0	18275567	3857	1
NU2-18	1071	Response	100	18276847	5136	1
NU2-18	1073	Picture	11	18292210	0	1	20166	1	0	next	other	0
NU2-18	1075	Picture	24	18327543	0	1	20166	1	0	next	other	0
NU2-18	1077	Picture	62	18362875	0	1	20166	1	0	next	other	0
NU2-18	1078	Response	0	18387406	4198	1
NU2-18	1078	Response	100	18388526	5318	1
NU2-18	1080	Picture	8	18403874	0	1	20166	1	0	next	other	0
NU2-18	1082	Picture	36	18439206	0	1	20166	1	0	next	other	0
NU2-18	1084	Picture	71	18474539	0	1	20166	1	0	next	other	0
NU2-18	1085	Response	0	18497965	3093	1
NU2-18	1085	Response	0	18506284	11413	1
NU2-18	1086	Response	0	18521005	14467	1
NU2-18	1086	Response	0	18521484	14946	1
NU2-18	1087	Response	0	18529964	8260	1
NU2-18	1087	Response	0	18530604	8900	1
NU2-18	1088	Response	0	18533004	2133	1
NU2-18	1088	Response	0	18533804	2933	1
NU2-18	1089	Response	0	18536844	2807	1
NU2-18	1089	Response	100	18537324	3287	1
NU2-18	1091	Picture	9	18552704	0	1	20166	1	0	next	other	0
NU2-18	1093	Picture	25	18588036	0	1	20166	1	0	next	other	0
NU2-18	1095	Picture	40	18623369	0	1	34666	1	0	next	other	0
NU2-18	1095	Text Input	11	18657963	34595	0
NU2-18	1095	Response	0	18657963	34595	1
NU2-18	1096	Response	100	18658763	729	1
NU2-18	1098	Picture	12	18688367	0	1	20166	1	0	next	other	0
NU2-18	1100	Picture	27	18723699	0	1	20166	1	0	next	other	0
NU2-18	1102	Picture	64	18759032	0	1	20166	1	0	next	other	0
NU2-18	1103	Response	0	18811242	31877	1
NU2-18	1103	Response	0	18813162	33797	1
NU2-18	1104	Response	0	18819242	5878	1
NU2-18	1104	Response	0	18820522	7158	1
NU2-18	1105	Response	0	18836042	15345	1
NU2-18	1105	Response	100	18836841	16145	1
NU2-18	1107	Picture	12	18852196	0	1	20166	1	0	next	other	0
NU2-18	1109	Picture	35	18887529	0	1	20166	1	0	next	other	0
NU2-18	1111	Picture	50	18922861	0	1	103997	1	0	next	other	0
NU2-18	1111	Text Input	9	19026760	103899	0
NU2-18	1111	Response	0	19026760	103899	1
NU2-18	1112	Response	100	19027400	541	1
NU2-18	1114	Picture	11	19057191	0	1	20166	1	0	next	other	0
NU2-18	1116	Picture	25	19092523	0	1	20166	1	0	next	other	0
NU2-18	1118	Picture	40	19127856	0	1	37999	1	0	next	other	0
NU2-18	1118	Text Input	13	19165799	37943	0
NU2-18	1118	Response	0	19165799	37943	1
NU2-18	1119	Response	100	19166599	744	1
NU2-18	1121	Picture	9	19196188	0	1	20166	1	0	next	other	0
NU2-18	1123	Picture	24	19231520	0	1	20166	1	0	next	other	0
NU2-18	1125	Picture	61	19266853	0	1	20166	1	0	next	other	0
NU2-18	1126	Response	0	19295718	8533	1
NU2-18	1126	Response	0	19301637	14452	1
NU2-18	1127	Response	0	19304838	2986	1
NU2-18	1127	Response	0	19305637	3786	1
NU2-18	1128	Response	0	19306597	746	1
NU2-18	1128	Response	0	19307397	1546	1
NU2-18	1129	Response	0	19315557	7873	1
NU2-18	1129	Response	0	19316028	8343	11
NU2-18	1130	Response	0	19329797	13446	1
NU2-18	1130	Response	0	19330277	13926	1
NU2-18	1131	Response	0	19346917	16400	1
NU2-18	1131	Response	100	19347557	17039	1
NU2-18	1133	Picture	11	19363017	0	1	20166	1	0	next	other	0
NU2-18	1135	Picture	37	19398349	0	1	20166	1	0	next	other	0
NU2-18	1137	Picture	50	19433682	0	1	76331	1	0	next	other	0
NU2-18	1137	Text Input	7	19509956	76274	0
NU2-18	1137	Response	0	19509956	76274	1
NU2-18	1138	Response	100	19510755	742	1
NU2-18	1140	Picture	10	19540346	0	1	20166	1	0	next	other	0
NU2-18	1142	Picture	36	19575678	0	1	20166	1	0	next	other	0
NU2-18	1144	Picture	50	19611011	0	1	61998	1	0	next	other	0
NU2-18	1144	Text Input	7	19672994	61983	0
NU2-18	1144	Response	0	19672994	61983	1
NU2-18	1145	Response	100	19673794	785	1
NU2-18	1147	Picture	8	19703342	0	1	20166	1	0	next	other	0
NU2-18	1149	Picture	34	19738674	0	1	20166	1	0	next	other	0
NU2-18	1151	Picture	50	19774006	0	1	31333	1	0	next	other	0
NU2-18	1151	Text Input	6	19805313	31306	0
NU2-18	1151	Response	0	19805313	31306	1
NU2-18	1152	Response	100	19806113	774	1
NU2-18	1154	Picture	10	19835672	0	1	20166	1	0	next	other	0
NU2-18	1156	Picture	27	19871004	0	1	20166	1	0	next	other	0
NU2-18	1158	Picture	40	19906337	0	1	37499	1	0	next	other	0
NU2-18	1158	Text Input	13	19943712	37375	0
NU2-18	1158	Response	0	19943712	37375	1
NU2-18	1159	Response	100	19945311	1476	1
NU2-18	1161	Picture	9	19974168	0	1	20166	1	0	next	other	0
NU2-18	1163	Picture	27	20009501	0	1	20166	1	0	next	other	0
NU2-18	1165	Picture	65	20044833	0	1	20166	1	0	next	other	0
NU2-18	1166	Response	0	20069791	4625	1
NU2-18	1166	Response	0	20073311	8145	1
NU2-18	1167	Response	0	20079870	6372	1
NU2-18	1167	Response	0	20080830	7331	1
NU2-18	1168	Response	0	20089150	8152	1
NU2-18	1168	Response	0	20089630	8631	1
NU2-18	1169	Response	0	20114591	24759	1
NU2-18	1169	Response	100	20116030	26198	1
NU2-18	1171	Picture	12	20131498	0	1	20166	1	0	next	other	0
NU2-18	1173	Picture	27	20166830	0	1	20166	1	0	next	other	0
NU2-18	1175	Picture	40	20202162	0	1	32499	1	0	next	other	0
NU2-18	1175	Text Input	15	20234589	32427	0
NU2-18	1175	Response	0	20234589	32427	1
NU2-18	1176	Response	100	20235549	887	1
NU2-18	1178	Picture	11	20264994	0	1	20166	1	0	next	other	0
NU2-18	1180	Picture	26	20300327	0	1	20166	1	0	next	other	0
NU2-18	1182	Picture	40	20335659	0	1	33666	1	0	next	other	0
NU2-18	1182	Text Input	14	20369308	33649	0
NU2-18	1182	Response	0	20369308	33649	1
NU2-18	1183	Response	100	20369948	623	1
NU2-18	1185	Picture	10	20399657	0	1	20166	1	0	next	other	0
NU2-18	1187	Picture	35	20434990	0	1	20166	1	0	next	other	0
NU2-18	1189	Picture	72	20470322	0	1	20166	1	0	next	other	0
NU2-18	1190	Response	0	20494427	3772	1
NU2-18	1190	Response	0	20498107	7452	1
NU2-18	1191	Response	0	20508827	10505	1
NU2-18	1191	Response	100	20509467	11145	1
NU2-18	1193	Picture	10	20524821	0	1	20166	1	0	next	other	0
NU2-18	1195	Picture	24	20560153	0	1	20166	1	0	next	other	0
NU2-18	1197	Picture	40	20595486	0	1	32332	1	0	next	other	0
NU2-18	1197	Text Input	12	20627706	32220	0
NU2-18	1197	Response	0	20627706	32220	1
NU2-18	1198	Response	100	20628505	687	1
NU2-18	1200	Picture	12	20658151	0	1	20166	1	0	next	other	0
NU2-18	1202	Picture	27	20693483	0	1	20166	1	0	next	other	0
NU2-18	1204	Picture	66	20728816	0	1	20166	1	0	next	other	0
NU2-18	1205	Response	0	20753305	4156	1
NU2-18	1205	Response	0	20762584	13436	1
NU2-18	1206	Response	0	20767865	5050	1
NU2-18	1206	Response	0	20769144	6329	1
NU2-18	1207	Response	0	20773784	4469	1
NU2-18	1207	Response	0	20774584	5269	1
NU2-18	1208	Response	0	20796664	21849	1
NU2-18	1208	Response	0	20797304	22489	1
NU2-18	1209	Response	0	20804824	7343	1
NU2-18	1209	Response	100	20805464	7983	1
NU2-18	1211	Picture	10	20820814	0	1	20166	1	0	next	other	0
NU2-18	1213	Picture	26	20856146	0	1	20166	1	0	next	other	0
NU2-18	1215	Picture	40	20891479	0	1	34832	1	0	next	other	0
NU2-18	1215	Text Input	13	20926263	34784	0
NU2-18	1215	Response	0	20926263	34784	1
NU2-18	1216	Response	100	20927063	752	1
NU2-18	1218	Picture	8	20956644	0	1	20166	1	0	next	other	0
NU2-18	1220	Picture	27	20991976	0	1	20166	1	0	next	other	0
NU2-18	1222	Picture	65	21027309	0	1	20166	1	0	next	other	0
NU2-18	1223	Response	0	21059862	12221	1
NU2-18	1223	Response	0	21065622	17980	1
NU2-18	1224	Response	0	21069141	3334	1
NU2-18	1224	Response	0	21070742	4934	1
NU2-18	1225	Response	0	21096022	25048	1
NU2-18	1225	Response	0	21096501	25527	1
NU2-18	1226	Response	0	21112341	15534	1
NU2-18	1226	Response	0	21113141	16335	1
NU2-18	1227	Response	0	21116181	2708	1
NU2-18	1227	Response	100	21116821	3348	1
NU2-18	1229	Picture	8	21132306	0	1	20166	1	0	next	other	0
NU2-18	1231	Picture	35	21167638	0	1	20166	1	0	next	other	0
NU2-18	1233	Picture	74	21202971	0	1	20166	1	0	next	other	0
NU2-18	1234	Response	0	21229621	6317	1
NU2-18	1234	Response	0	21232020	8717	1
NU2-18	1235	Response	0	21234580	2277	1
NU2-18	1235	Response	0	21245780	13477	1
NU2-18	1236	Response	0	21255700	9730	1
NU2-18	1236	Response	0	21256180	10210	1
NU2-18	1237	Response	0	21259700	3231	1
NU2-18	1237	Response	0	21260820	4351	1
NU2-18	1238	Response	0	21268820	7684	1
NU2-18	1238	Response	0	21268979	7843	11
NU2-18	1239	Response	0	21281620	12318	1
NU2-18	1239	Response	100	21282260	12957	1
NU2-18	1241	Picture	9	21297635	0	1	20166	1	0	next	other	0
NU2-18	1243	Picture	25	21332967	0	1	20166	1	0	next	other	0
NU2-18	1245	Picture	61	21368300	0	1	20166	1	0	next	other	0
NU2-18	1246	Response	0	21401139	12506	1
NU2-18	1246	Response	0	21407218	18586	1
NU2-18	1247	Response	0	21410899	3433	1
NU2-18	1247	Response	0	21411698	4233	1
NU2-18	1248	Response	0	21420179	8213	1
NU2-18	1248	Response	0	21420818	8853	1
NU2-18	1249	Response	0	21421938	806	1
NU2-18	1249	Response	0	21422578	1447	1
NU2-18	1250	Response	0	21442098	19300	1
NU2-18	1250	Response	100	21442738	19940	1
NU2-18	1252	Picture	11	21458131	0	1	20166	1	0	next	other	0
NU2-18	1254	Picture	34	21493463	0	1	20166	1	0	next	other	0
NU2-18	1256	Picture	50	21528796	0	1	40999	1	0	next	other	0
NU2-18	1256	Text Input	9	21569777	40981	0
NU2-18	1256	Response	0	21569777	40981	1
NU2-18	1257	Response	100	21571217	1422	1
NU2-18	1259	Picture	13	21600127	0	1	20166	1	0	next	other	0
NU2-18	1261	Picture	25	21635460	0	1	20166	1	0	next	other	0
NU2-18	1263	Picture	40	21670792	0	1	34832	1	0	next	other	0
NU2-18	1263	Text Input	15	21705456	34664	0
NU2-18	1263	Response	0	21705456	34664	1
NU2-18	1264	Response	100	21706576	951	1
NU2-18	1266	Picture	12	21735957	0	1	20166	1	0	next	other	0
NU2-18	1268	Picture	36	21771290	0	1	20166	1	0	next	other	0
NU2-18	1270	Picture	72	21806622	0	1	20166	1	0	next	other	0
NU2-18	1271	Response	0	21833295	6340	1
NU2-18	1271	Response	0	21838575	11620	1
NU2-18	1272	Response	0	21846895	8106	1
NU2-18	1272	Response	0	21847535	8746	1
NU2-18	1273	Response	0	21867695	19907	1
NU2-18	1273	Response	100	21868654	20867	1
NU2-18	1275	Picture	9	21884120	0	1	20166	1	0	next	other	0
NU2-18	1277	Picture	34	21919453	0	1	20166	1	0	next	other	0
NU2-18	1279	Picture	50	21954785	0	1	38999	1	0	next	other	0
NU2-18	1279	Text Input	7	21993613	38828	0
NU2-18	1279	Response	0	21993613	38828	1
NU2-18	1280	Response	100	21994573	789	1
NU2-18	1282	Picture	10	22024117	0	1	20166	1	0	next	other	0
NU2-18	1284	Picture	37	22059449	0	1	20166	1	0	next	other	0
NU2-18	1286	Picture	50	22094782	0	1	37332	1	0	next	other	0
NU2-18	1286	Text Input	6	22132012	37230	0
NU2-18	1286	Response	0	22132012	37230	1
NU2-18	1287	Response	100	22132972	858	1
NU2-18	1289	Picture	10	22162447	0	1	20166	1	0	next	other	0
NU2-18	1291	Picture	26	22197779	0	1	20166	1	0	next	other	0
NU2-18	1293	Picture	64	22233112	0	1	20166	1	0	next	other	0
NU2-18	1294	Response	0	22259051	5607	1
NU2-18	1294	Response	0	22264331	10886	1
NU2-18	1295	Response	0	22294891	30280	1
NU2-18	1295	Response	0	22295371	30760	1
NU2-18	1296	Response	0	22300971	5360	1
NU2-18	1296	Response	100	22301770	6160	1
NU2-18	1298	Picture	8	22317110	0	1	20166	1	0	next	other	0
NU2-18	1300	Picture	35	22352442	0	1	20166	1	0	next	other	0
NU2-18	1302	Picture	72	22387774	0	1	20166	1	0	next	other	0
NU2-18	1303	Response	0	22457930	49823	1
NU2-18	1303	Response	0	22459529	51422	1
NU2-18	1304	Response	0	22467689	7917	1
NU2-18	1304	Response	0	22468649	8876	1
NU2-18	1305	Response	0	22469769	830	1
NU2-18	1305	Response	0	22470569	1630	1
NU2-18	1306	Response	0	22471689	917	1
NU2-18	1306	Response	0	22472329	1557	1
NU2-18	1307	Response	0	22473449	844	1
NU2-18	1307	Response	0	22474249	1643	1
NU2-18	1308	Response	0	22475209	770	1
NU2-18	1308	Response	0	22476009	1570	1
NU2-18	1309	Response	0	22476969	697	1
NU2-18	1309	Response	0	22477929	1657	1
NU2-18	1310	Response	0	22484809	6703	1
NU2-18	1310	Response	100	22485449	7343	1
NU2-18	1312	Picture	9	22500938	0	1	20166	1	0	next	other	0
NU2-18	1314	Picture	34	22536271	0	1	20166	1	0	next	other	0
NU2-18	1316	Picture	72	22571603	0	1	20166	1	0	next	other	0
NU2-18	1317	Response	0	22599528	7592	1
NU2-18	1317	Response	100	22600648	8712	1
NU2-18	1319	Picture	11	22616102	0	1	20166	1	0	next	other	0
NU2-18	1321	Picture	26	22651435	0	1	20166	1	0	next	other	0
NU2-18	1323	Picture	62	22686767	0	1	20166	1	0	next	other	0
NU2-18	1324	Response	0	22710887	3788	1
NU2-18	1324	Response	0	22716167	9067	1
NU2-18	1325	Response	0	22721927	5494	1
NU2-18	1325	Response	0	22722727	6294	1
NU2-18	1326	Response	0	22745287	22354	1
NU2-18	1326	Response	0	22745926	22993	1
NU2-18	1327	Response	0	22757127	11028	1
NU2-18	1327	Response	0	22757606	11508	1
NU2-18	1328	Response	0	22768166	10235	1
NU2-18	1328	Response	100	22768966	11034	1
NU2-18	1330	Picture	10	22784431	0	1	20166	1	0	next	other	0
NU2-18	1332	Picture	34	22819764	0	1	20166	1	0	next	other	0
NU2-18	1334	Picture	50	22855096	0	1	32166	1	0	next	other	0
NU2-18	1334	Text Input	8	22887205	32109	0
NU2-18	1334	Response	0	22887205	32109	1
NU2-18	1335	Response	100	22887845	583	1
NU2-18	1337	Picture	8	22917595	0	1	20166	1	0	next	other	0
NU2-18	1339	Picture	27	22952927	0	1	20166	1	0	next	other	0
NU2-18	1341	Picture	63	22988259	0	1	20166	1	0	next	other	0
NU2-18	1342	Response	0	23032165	23572	1
NU2-18	1342	Response	0	23035364	26772	1
NU2-18	1343	Response	0	23066884	31292	1
NU2-18	1343	Response	100	23067844	32252	1
NU2-18	1345	Picture	12	23083257	0	1	20166	1	0	next	other	0
NU2-18	1347	Picture	36	23118590	0	1	20166	1	0	next	other	0
NU2-18	1349	Picture	50	23153922	0	1	31666	1	0	next	other	0
NU2-18	1349	Text Input	9	23185443	31521	0
NU2-18	1349	Response	0	23185443	31521	1
NU2-18	1350	Response	100	23186563	975	1
NU2-18	1352	Picture	13	23215920	0	1	20166	1	0	next	other	0
NU2-18	1354	Picture	37	23251253	0	1	20166	1	0	next	other	0
NU2-18	1356	Picture	50	23286585	0	1	44166	1	0	next	other	0
NU2-18	1356	Text Input	9	23330722	44136	0
NU2-18	1356	Response	0	23330722	44136	1
NU2-18	1357	Response	100	23331361	610	1
NU2-18	1359	Picture	8	23361083	0	1	20166	1	0	next	other	0
NU2-18	1361	Picture	26	23396416	0	1	20166	1	0	next	other	0
NU2-18	1363	Picture	64	23431748	0	1	20166	1	0	next	other	0
NU2-18	1364	Response	0	23468641	16559	1
NU2-18	1364	Response	0	23471520	19439	1
NU2-18	1365	Response	0	23474880	3133	1
NU2-18	1365	Response	0	23477280	5532	1
NU2-18	1366	Response	0	23506400	28820	1
NU2-18	1366	Response	0	23506720	29139	1
NU2-18	1367	Response	0	23512000	5087	1
NU2-18	1367	Response	100	23512800	5887	1
NU2-18	1369	Picture	10	23528246	0	1	20166	1	0	next	other	0
NU2-18	1371	Picture	25	23563578	0	1	20166	1	0	next	other	0
NU2-18	1373	Picture	40	23598911	0	1	33332	1	0	next	other	0
NU2-18	1373	Text Input	12	23632159	33248	0
NU2-18	1373	Response	0	23632159	33248	1
NU2-18	1374	Response	100	23632799	555	1
NU2-18	1376	Picture	11	23662576	0	1	20166	1	0	next	other	0
NU2-18	1378	Picture	25	23697908	0	1	20166	1	0	next	other	0
NU2-18	1380	Picture	40	23733241	0	1	35832	1	0	next	other	0
NU2-18	1380	Text Input	13	23768958	35717	0
NU2-18	1380	Response	0	23768958	35717	1
NU2-18	1381	Response	100	23769437	364	1
NU2-18	1383	Picture	8	23799406	0	1	20166	1	0	next	other	0
NU2-18	1385	Picture	27	23834738	0	1	20166	1	0	next	other	0
NU2-18	1387	Picture	65	23870071	0	1	20166	1	0	next	other	0
NU2-18	1388	Response	0	23902557	12153	1
NU2-18	1388	Response	0	23904636	14233	1
NU2-18	1389	Response	0	23908476	3573	1
NU2-18	1389	Response	0	23910076	5173	1
NU2-18	1390	Response	0	23943996	33593	1
NU2-18	1390	Response	0	23945436	35033	1
NU2-18	1391	Response	0	23954396	8661	1
NU2-18	1391	Response	0	23955036	9300	1
NU2-18	1392	Response	0	23958076	2841	1
NU2-18	1392	Response	100	23958876	3641	1
NU2-18	1394	Picture	12	23974235	0	1	20166	1	0	next	other	0
NU2-18	1396	Picture	24	24009567	0	1	20166	1	0	next	other	0
NU2-18	1398	Picture	61	24044900	0	1	20166	1	0	next	other	0
NU2-18	1399	Response	0	24086875	21643	1
NU2-18	1399	Response	0	24093755	28522	1
NU2-18	1400	Response	0	24110875	16810	1
NU2-18	1400	Response	100	24111674	17609	1
NU2-18	1402	Picture	10	24127064	0	1	20166	1	0	next	other	0
NU2-18	1404	Picture	26	24162397	0	1	20166	1	0	next	other	0
NU2-18	1406	Picture	65	24197729	0	1	20166	1	0	next	other	0
NU2-18	1407	Response	0	24221594	3532	1
NU2-18	1407	Response	0	24233273	15211	1
NU2-18	1408	Response	0	24237433	3872	1
NU2-18	1408	Response	0	24239833	6272	1
NU2-18	1409	Response	0	24247833	7772	1
NU2-18	1409	Response	0	24248313	8252	1
NU2-18	1410	Response	0	24257913	9352	1
NU2-18	1410	Response	100	24258553	9992	1
NU2-18	1412	Picture	12	24273894	0	1	20166	1	0	next	other	0
NU2-18	1414	Picture	37	24309226	0	1	20166	1	0	next	other	0
NU2-18	1416	Picture	72	24344559	0	1	20166	1	0	next	other	0
NU2-18	1417	Response	0	24392153	27261	1
NU2-18	1417	Response	0	24397112	32220	1
NU2-18	1418	Response	0	24400792	3401	1
NU2-18	1418	Response	0	24401912	4521	1
NU2-18	1419	Response	0	24438072	35848	1
NU2-18	1419	Response	0	24438231	36007	1
NU2-18	1420	Response	0	24458072	19516	1
NU2-18	1420	Response	100	24458711	20155	1
NU2-18	1422	Picture	12	24474056	0	1	20166	1	0	next	other	0
NU2-18	1424	Picture	37	24509388	0	1	20166	1	0	next	other	0
NU2-18	1426	Picture	50	24544721	0	1	38166	1	0	next	other	0
NU2-18	1426	Text Input	8	24582710	37990	0
NU2-18	1426	Response	0	24582710	37990	1
NU2-18	1427	Response	100	24583670	784	1
NU2-18	1429	Picture	9	24613219	0	1	20166	1	0	next	other	0
NU2-18	1431	Picture	24	24648551	0	1	20166	1	0	next	other	0
NU2-18	1433	Picture	40	24683884	0	1	31832	1	0	next	other	0
NU2-18	1433	Text Input	11	24715669	31785	0
NU2-18	1433	Response	0	24715669	31785	1
NU2-18	1434	Response	100	24716309	593	1
NU2-18	1436	Picture	9	24746049	0	1	20166	1	0	next	other	0
NU2-18	1438	Picture	35	24781381	0	1	20166	1	0	next	other	0
NU2-18	1440	Picture	50	24816714	0	1	31333	1	0	next	other	0
NU2-18	1440	Text Input	6	24847988	31274	0
NU2-18	1440	Response	0	24847988	31274	1
NU2-18	1441	Response	100	24848628	582	1
NU2-18	1443	Picture	13	24878379	0	1	20166	1	0	next	other	0
NU2-18	1445	Picture	27	24913711	0	1	20166	1	0	next	other	0
NU2-18	1447	Picture	40	24949044	0	1	37166	1	0	next	other	0
NU2-18	1447	Text Input	16	24986067	37023	0
NU2-18	1447	Response	0	24986067	37023	1
NU2-18	1448	Response	100	24986547	337	1
NU2-18	1450	Picture	11	25016542	0	1	20166	1	0	next	other	0
NU2-18	1452	Picture	36	25051875	0	1	20166	1	0	next	other	0
NU2-18	1454	Picture	50	25087207	0	1	42332	1	0	next	other	0
NU2-18	1454	Text Input	8	25129425	42218	0
NU2-18	1454	Response	0	25129425	42218	1
NU2-18	1455	Response	100	25130065	526	1
NU2-18	1457	Picture	10	25159872	0	1	20166	1	0	next	other	0
NU2-18	1459	Picture	27	25195204	0	1	20166	1	0	next	other	0
NU2-18	1461	Picture	40	25230537	0	1	35332	1	0	next	other	0
NU2-18	1461	Text Input	13	25265744	35207	0
NU2-18	1461	Response	0	25265744	35207	1
NU2-18	1462	Response	100	25266384	515	1
NU2-18	1464	Picture	11	25296202	0	1	20166	1	0	next	other	0
NU2-18	1466	Picture	24	25331534	0	1	20166	1	0	next	other	0
NU2-18	1468	Picture	40	25366867	0	1	34499	1	0	next	other	0
NU2-18	1468	Text Input	13	25401263	34396	0
NU2-18	1468	Response	0	25401263	34396	1
NU2-18	1469	Response	100	25401743	377	1
NU2-18	1471	Picture	8	25431698	0	1	20166	1	0	next	other	0
NU2-18	1473	Picture	25	25467031	0	1	20166	1	0	next	other	0
NU2-18	1475	Picture	64	25502363	0	1	20166	1	0	next	other	0
NU2-18	1475	Response	0	25520782	18419	1
NU2-18	1476	Response	0	25523502	806	1
NU2-18	1476	Response	0	25526542	3846	1
NU2-18	1476	Response	0	25533742	11046	1
NU2-18	1477	Response	0	25537582	3553	1
NU2-18	1477	Response	0	25538862	4833	1
NU2-18	1478	Response	0	25545902	6873	1
NU2-18	1478	Response	100	25546702	7673	1
NU2-18	1480	Picture	8	25562195	0	1	20166	1	0	next	other	0
NU2-18	1482	Picture	26	25597528	0	1	20166	1	0	next	other	0
NU2-18	1484	Picture	62	25632860	0	1	20166	1	0	next	other	0
NU2-18	1485	Response	0	25656942	3749	1
NU2-18	1485	Response	0	25662701	9508	1
NU2-18	1486	Response	0	25676941	13915	1
NU2-18	1486	Response	0	25677581	14555	1
NU2-18	1487	Response	0	25707181	29322	1
NU2-18	1487	Response	100	25708140	30281	1
NU2-18	1489	Picture	9	25723524	0	1	20166	1	0	next	other	0
NU2-18	1491	Picture	36	25758857	0	1	20166	1	0	next	other	0
NU2-18	1493	Picture	74	25794189	0	1	20166	1	0	next	other	0
NU2-18	1494	Response	0	25818380	3858	1
NU2-18	1494	Response	0	25823979	9457	1
NU2-18	1495	Response	0	25838859	14671	1
NU2-18	1495	Response	0	25839499	15311	1
NU2-18	1496	Response	0	25843819	4131	1
NU2-18	1496	Response	100	25844459	4771	1
NU2-18	1498	Picture	8	25859854	0	1	20166	1	0	next	other	0
NU2-18	1500	Picture	27	25895187	0	1	20166	1	0	next	other	0
NU2-18	1502	Picture	64	25930519	0	1	20166	1	0	next	other	0
NU2-18	1503	Response	0	25973578	22726	1
NU2-18	1503	Response	0	25976458	25606	1
NU2-18	1504	Response	0	25981578	4893	1
NU2-18	1504	Response	0	25982858	6173	1
NU2-18	1505	Response	0	25999818	16633	1
NU2-18	1505	Response	100	26000618	17433	1
NU2-18	1507	Picture	9	26016017	0	1	20166	1	0	next	other	0
NU2-18	1509	Picture	26	26051350	0	1	20166	1	0	next	other	0
NU2-18	1511	Picture	63	26086682	0	1	20166	1	0	next	other	0
NU2-18	1512	Response	0	26116937	9922	1
NU2-18	1512	Response	100	26117737	10722	1
NU2-18	1514	Picture	11	26133181	0	1	20166	1	0	next	other	0
NU2-18	1516	Picture	25	26168513	0	1	20166	1	0	next	other	0
NU2-18	1518	Picture	61	26203846	0	1	20166	1	0	next	other	0
NU2-18	1519	Response	0	26269896	45717	1
NU2-18	1519	Response	0	26276455	52276	1
NU2-18	1520	Response	0	26287015	10338	1
NU2-18	1520	Response	100	26287815	11138	1
NU2-18	1522	Picture	9	26303177	0	1	20166	1	0	next	other	0
NU2-18	1524	Picture	26	26338509	0	1	20166	1	0	next	other	0
NU2-18	1526	Picture	40	26373842	0	1	32166	1	0	next	other	0
NU2-18	1526	Text Input	12	26405894	32053	0
NU2-18	1526	Response	0	26405894	32053	1
NU2-18	1527	Response	100	26406534	527	1
NU2-18	1529	Picture	12	26436340	0	1	20166	1	0	next	other	0
NU2-18	1531	Picture	25	26471672	0	1	20166	1	0	next	other	0
NU2-18	1533	Picture	64	26507005	0	1	20166	1	0	next	other	0
NU2-18	1534	Response	0	26531333	3996	1
NU2-18	1534	Response	0	26539333	11995	1
NU2-18	1535	Response	0	26554213	14709	1
NU2-18	1535	Response	100	26554847	15343	11
NU2-18	1537	Picture	8	26570337	0	1	20166	1	0	next	other	0
NU2-18	1539	Picture	25	26605669	0	1	20166	1	0	next	other	0
NU2-18	1541	Picture	61	26641002	0	1	20166	1	0	next	other	0
NU2-18	1542	Response	0	26664932	3598	1
NU2-18	1542	Response	0	26675012	13677	1
NU2-18	1543	Response	0	26682371	7038	1
NU2-18	1543	Response	100	26683332	7998	1
NU2-18	1545	Picture	11	26698667	0	1	20166	1	0	next	other	0
NU2-18	1547	Picture	25	26733999	0	1	20166	1	0	next	other	0
NU2-18	1549	Picture	64	26769332	0	1	20166	1	0	next	other	0
NU2-18	1550	Response	0	26797091	7426	1
NU2-18	1550	Response	0	26805570	15906	1
NU2-18	1551	Response	0	26824131	18300	1
NU2-18	1551	Response	100	26825410	19579	1
NU2-18	1553	Picture	10	26840830	0	1	20166	1	0	next	other	0
NU2-18	1555	Picture	34	26876162	0	1	20166	1	0	next	other	0
NU2-18	1557	Picture	71	26911495	0	1	20166	1	0	next	other	0
NU2-18	1558	Response	0	26947650	15822	1
NU2-18	1558	Response	0	26954689	22861	1
NU2-18	1559	Response	0	26960289	5296	1
NU2-18	1559	Response	0	26961089	6095	1
NU2-18	1560	Response	0	26980129	18802	1
NU2-18	1560	Response	0	26980449	19122	1
NU2-18	1561	Response	0	26989409	8749	1
NU2-18	1561	Response	100	26990049	9389	1
NU2-18	1563	Picture	12	27005492	0	1	20166	1	0	next	other	0
NU2-18	1565	Picture	37	27040825	0	1	20166	1	0	next	other	0
NU2-18	1567	Picture	50	27076157	0	1	37166	1	0	next	other	0
NU2-18	1567	Text Input	8	27113248	37091	0
NU2-18	1567	Response	0	27113248	37091	1
NU2-18	1568	Response	100	27114048	725	1
NU2-18	1570	Picture	13	27143656	0	1	20166	1	0	next	other	0
NU2-18	1572	Picture	37	27178988	0	1	20166	1	0	next	other	0
NU2-18	1574	Picture	50	27214321	0	1	86331	1	0	next	other	0
NU2-18	1574	Text Input	9	27300606	86286	0
NU2-18	1574	Response	0	27300606	86286	1
NU2-18	1575	Response	100	27301246	594	1
NU2-18	1577	Picture	9	27330984	0	1	20166	1	0	next	other	0
NU2-18	1579	Picture	25	27366317	0	1	20166	1	0	next	other	0
NU2-18	1581	Picture	62	27401649	0	1	20166	1	0	next	other	0
NU2-18	1582	Response	0	27491005	69023	1
NU2-18	1582	Response	0	27492925	70943	1
NU2-18	1583	Response	0	27496925	3778	1
NU2-18	1583	Response	0	27497884	4738	1
NU2-18	1584	Response	0	27519484	21338	1
NU2-18	1584	Response	100	27520284	22137	1
NU2-18	1586	Picture	8	27535646	0	1	20166	1	0	next	other	0
NU2-18	1588	Picture	34	27570978	0	1	20166	1	0	next	other	0
NU2-18	1590	Picture	73	27606311	0	1	20166	1	0	next	other	0
NU2-18	1591	Response	0	27637884	11240	1
NU2-18	1591	Response	0	27641243	14599	1
NU2-18	1592	Response	0	27643163	1686	1
NU2-18	1592	Response	0	27646043	4566	1
NU2-18	1593	Response	0	27659963	13654	1
NU2-18	1593	Response	0	27660320	14010	152
NU2-18	1594	Response	0	27667483	6840	1
NU2-18	1594	Response	100	27668123	7480	1
NU2-18	1597	Picture	12	28283627	0	1	20166	1	0	next	other	0
NU2-18	1599	Picture	26	28318960	0	1	20166	1	0	next	other	0
NU2-18	1601	Picture	40	28354292	0	1	70665	1	0	next	other	0
NU2-18	1601	Text Input	15	28424916	70624	0
NU2-18	1601	Response	0	28424916	70624	1
NU2-18	1602	Response	100	28425556	599	1
NU2-18	1604	Picture	9	28455290	0	1	20166	1	0	next	other	0
NU2-18	1606	Picture	35	28490622	0	1	20166	1	0	next	other	0
NU2-18	1608	Picture	50	28525954	0	1	32999	1	0	next	other	0
NU2-18	1608	Text Input	6	28558835	32880	0
NU2-18	1608	Response	0	28558835	32880	1
NU2-18	1609	Response	100	28559475	521	1
NU2-18	1611	Picture	11	28589286	0	1	20166	1	0	next	other	0
NU2-18	1613	Picture	36	28624619	0	1	20166	1	0	next	other	0
NU2-18	1615	Picture	50	28659951	0	1	28833	1	0	next	other	0
NU2-18	1615	Text Input	8	28688754	28803	0
NU2-18	1615	Response	0	28688754	28803	1
NU2-18	1616	Response	100	28689394	610	1
NU2-18	1618	Picture	10	28719116	0	1	20166	1	0	next	other	0
NU2-18	1620	Picture	36	28754449	0	1	20166	1	0	next	other	0
NU2-18	1622	Picture	50	28789781	0	1	29499	1	0	next	other	0
NU2-18	1622	Text Input	7	28819153	29371	0
NU2-18	1622	Response	0	28819153	29371	1
NU2-18	1623	Response	100	28819952	672	1
NU2-18	1625	Picture	11	28849613	0	1	20166	1	0	next	other	0
NU2-18	1627	Picture	25	28884945	0	1	20166	1	0	next	other	0
NU2-18	1629	Picture	40	28920278	0	1	33833	1	0	next	other	0
NU2-18	1629	Text Input	13	28954031	33754	0
NU2-18	1629	Response	0	28954031	33754	1
NU2-18	1630	Response	100	28954672	561	1
NU2-18	1632	Picture	9	28984443	0	1	20166	1	0	next	other	0
NU2-18	1634	Picture	37	29019775	0	1	20166	1	0	next	other	0
NU2-18	1636	Picture	50	29055108	0	1	35999	1	0	next	other	0
NU2-18	1636	Text Input	5	29090990	35882	0
NU2-18	1636	Response	0	29090990	35882	1
NU2-18	1637	Response	100	29091630	523	1
NU2-18	1639	Picture	8	29121440	0	1	20166	1	0	next	other	0
NU2-18	1641	Picture	24	29156772	0	1	20166	1	0	next	other	0
NU2-18	1643	Picture	40	29192104	0	1	31999	1	0	next	other	0
NU2-18	1643	Text Input	10	29223949	31845	0
NU2-18	1643	Response	0	29223949	31845	1
NU2-18	1644	Response	100	29224749	645	1
NU2-18	1646	Picture	9	29254436	0	1	20166	1	0	next	other	0
NU2-18	1648	Picture	24	29289769	0	1	20166	1	0	next	other	0
NU2-18	1650	Picture	40	29325101	0	1	33166	1	0	next	other	0
NU2-18	1650	Text Input	11	29358188	33087	0
NU2-18	1650	Response	0	29358188	33087	1
NU2-18	1651	Response	100	29358988	721	1
NU2-18	1653	Picture	9	29388600	0	1	20166	1	0	next	other	0
NU2-18	1655	Picture	36	29423932	0	1	20166	1	0	next	other	0
NU2-18	1657	Picture	50	29459264	0	1	29333	1	0	next	other	0
NU2-18	1657	Text Input	6	29488427	29162	0
NU2-18	1657	Response	0	29488427	29162	1
NU2-18	1658	Response	100	29489067	470	1
NU2-18	1660	Picture	11	29518930	0	1	20166	1	0	next	other	0
NU2-18	1662	Picture	35	29554262	0	1	20166	1	0	next	other	0
NU2-18	1664	Picture	71	29589595	0	1	20166	1	0	next	other	0
NU2-18	1665	Response	0	29614826	4898	1
NU2-18	1665	Response	0	29622825	12898	1
NU2-18	1666	Response	0	29634345	11251	1
NU2-18	1666	Response	100	29635305	12212	1
NU2-18	1668	Picture	10	29650760	0	1	20166	1	0	next	other	0
NU2-18	1670	Picture	26	29686092	0	1	20166	1	0	next	other	0
NU2-18	1672	Picture	61	29721425	0	1	20166	1	0	next	other	0
NU2-18	1673	Response	0	29744905	3147	1
NU2-18	1673	Response	0	29753544	11787	1
NU2-18	1674	Response	0	29763304	9547	1
NU2-18	1674	Response	0	29763944	10187	1
NU2-18	1675	Response	0	29766504	2247	1
NU2-18	1675	Response	100	29767144	2887	1
NU2-18	1677	Picture	8	29782590	0	1	20166	1	0	next	other	0
NU2-18	1679	Picture	26	29817922	0	1	20166	1	0	next	other	0
NU2-18	1681	Picture	40	29853255	0	1	33666	1	0	next	other	0
NU2-18	1681	Text Input	11	29886823	33568	0
NU2-18	1681	Response	0	29886823	33568	1
NU2-18	1682	Response	100	29887303	382	1
NU2-18	1684	Picture	13	29917253	0	1	20166	1	0	next	other	0
NU2-18	1686	Picture	35	29952585	0	1	20166	1	0	next	other	0
NU2-18	1688	Picture	50	29987918	0	1	33166	1	0	next	other	0
NU2-18	1688	Text Input	10	30021062	33144	0
NU2-18	1688	Response	0	30021062	33144	1
NU2-18	1689	Response	100	30021702	618	1
NU2-18	1691	Picture	11	30051416	0	1	20166	1	0	next	other	0
NU2-18	1693	Picture	26	30086749	0	1	20166	1	0	next	other	0
NU2-18	1695	Picture	65	30122081	0	1	20166	1	0	next	other	0
NU2-18	1696	Response	0	30173541	31127	1
NU2-18	1696	Response	0	30182820	40406	1
NU2-18	1697	Response	0	30203460	20381	1
NU2-18	1697	Response	100	30204420	21340	1
NU2-18	1699	Picture	11	30219912	0	1	20166	1	0	next	other	0
NU2-18	1701	Picture	26	30255245	0	1	20166	1	0	next	other	0
NU2-18	1703	Picture	40	30290577	0	1	31999	1	0	next	other	0
NU2-18	1703	Text Input	14	30322499	31922	0
NU2-18	1703	Response	0	30322499	31922	1
NU2-18	1704	Response	100	30323139	563	1
NU2-18	1706	Picture	8	30352909	0	1	20166	1	0	next	other	0
NU2-18	1708	Picture	37	30388241	0	1	20166	1	0	next	other	0
NU2-18	1710	Picture	73	30423574	0	1	20166	1	0	next	other	0
NU2-18	1711	Response	0	30501378	57471	1
NU2-18	1711	Response	0	30504738	60831	1
NU2-18	1712	Response	0	30514178	9273	1
NU2-18	1712	Response	100	30514977	10072	1
NU2-18	1714	Picture	10	30530404	0	1	20166	1	0	next	other	0
NU2-18	1716	Picture	35	30565737	0	1	20166	1	0	next	other	0
NU2-18	1718	Picture	50	30601069	0	1	29166	1	0	next	other	0
NU2-18	1718	Text Input	7	30630176	29107	0
NU2-18	1718	Response	0	30630176	29107	1
NU2-18	1719	Response	100	30630816	581	1
NU2-18	1721	Picture	9	30660568	0	1	20166	1	0	next	other	0
NU2-18	1723	Picture	25	30695900	0	1	20166	1	0	next	other	0
NU2-18	1725	Picture	40	30731233	0	1	31833	1	0	next	other	0
NU2-18	1725	Text Input	11	30762975	31743	0
NU2-18	1725	Response	0	30762975	31743	1
NU2-18	1726	Response	100	30763935	870	1
NU2-18	1728	Picture	9	30793398	0	1	20166	1	0	next	other	0
NU2-18	1730	Picture	37	30828730	0	1	20166	1	0	next	other	0
NU2-18	1732	Picture	50	30864063	0	1	45499	1	0	next	other	0
NU2-18	1732	Text Input	5	30909534	45471	0
NU2-18	1732	Response	0	30909534	45471	1
NU2-18	1733	Response	100	30910814	1252	1
NU2-18	1735	Picture	11	30939894	0	1	20166	1	0	next	other	0
NU2-18	1737	Picture	24	30975227	0	1	20166	1	0	next	other	0
NU2-18	1739	Picture	40	31010559	0	1	33332	1	0	next	other	0
NU2-18	1739	Text Input	13	31043773	33214	0
NU2-18	1739	Response	0	31043773	33214	1
NU2-18	1740	Response	100	31044413	521	1
NU2-18	1742	Picture	11	31074224	0	1	20166	1	0	next	other	0
NU2-18	1744	Picture	35	31109557	0	1	20166	1	0	next	other	0
NU2-18	1746	Picture	50	31144889	0	1	31333	1	0	next	other	0
NU2-18	1746	Text Input	8	31176091	31202	0
NU2-18	1746	Response	0	31176091	31202	1
NU2-18	1747	Response	100	31176731	510	1
NU2-18	1749	Picture	End of exepriment	31191388	0	1	109162	1	0	next	other	0

The following output port codes were not sent because of a conflict on the port.
Port	Code	Time(ms)
1	0	3.11914e+006
