Scenario - 
Logfile written - 04/05/2016 17:15:48

Subject	Trial	Event Type	Code	Time	TTime	Uncertainty	Duration	Uncertainty	ReqTime	ReqDur	Stim Type	Pair Index

NU2-11	1	Picture	Instructions	150	0	184	159678	184	0	next	other	0
NU2-11	1	Response	0	159698	159548	1
NU2-11	2	Picture	Instructions	159829	0	1	40332	1	0	next	other	0
NU2-11	2	Response	0	200017	40189	1
NU2-11	4	Picture	Experiment starts	200161	0	1	30166	1	0	next	other	0
NU2-11	6	Picture	8	245493	0	1	20166	1	0	next	other	0
NU2-11	8	Picture	26	280825	0	1	20166	1	0	next	other	0
NU2-11	10	Picture	40	316158	0	1	91997	1	0	next	other	0
NU2-11	10	Text Input	11	408014	91857	0
NU2-11	10	Response	0	408014	91857	1
NU2-11	11	Response	100	409294	1139	1
NU2-11	13	Picture	9	438488	0	1	20166	1	0	next	other	0
NU2-11	15	Picture	37	473820	0	1	20166	1	0	next	other	0
NU2-11	17	Picture	50	509152	0	1	250993	1	0	next	other	0
NU2-11	17	Text Input	4	760010	250858	0
NU2-11	17	Response	0	760010	250858	1
NU2-11	18	Response	100	761130	985	1
NU2-11	20	Picture	11	790478	0	1	20166	1	0	next	other	0
NU2-11	22	Picture	37	825810	0	1	20166	1	0	next	other	0
NU2-11	24	Picture	73	861142	0	1	20166	1	0	next	other	0
NU2-11	25	Response	0	916809	35334	1
NU2-11	25	Response	0	918728	37253	1
NU2-11	26	Response	0	924968	5994	1
NU2-11	26	Response	0	925768	6794	1
NU2-11	27	Response	0	931848	5874	1
NU2-11	27	Response	0	932968	6994	1
NU2-11	28	Response	0	937288	4148	1
NU2-11	28	Response	0	937608	4468	1
NU2-11	29	Response	0	950728	12921	1
NU2-11	29	Response	0	951688	13881	1
NU2-11	30	Response	0	966248	14275	1
NU2-11	30	Response	0	967048	15075	1
NU2-11	31	Response	0	984967	17661	1
NU2-11	31	Response	100	986247	18941	1
NU2-11	33	Picture	9	1001638	0	1	20166	1	0	next	other	0
NU2-11	35	Picture	25	1036971	0	1	20166	1	0	next	other	0
NU2-11	37	Picture	40	1072303	0	1	89331	1	0	next	other	0
NU2-11	37	Text Input	11	1161606	89302	0
NU2-11	37	Response	0	1161606	89302	1
NU2-11	38	Response	100	1162725	1091	1
NU2-11	40	Picture	10	1191966	0	1	20166	1	0	next	other	0
NU2-11	42	Picture	27	1227299	0	1	20166	1	0	next	other	0
NU2-11	44	Picture	63	1262631	0	1	20166	1	0	next	other	0
NU2-11	45	Response	0	1329284	46320	1
NU2-11	45	Response	0	1330563	47600	1
NU2-11	46	Response	0	1332803	2007	1
NU2-11	46	Response	0	1335843	5047	1
NU2-11	47	Response	0	1338723	2594	1
NU2-11	47	Response	0	1339683	3554	1
NU2-11	48	Response	0	1345283	5321	1
NU2-11	48	Response	0	1346403	6441	1
NU2-11	49	Response	0	1354243	7614	1
NU2-11	49	Response	0	1355203	8574	1
NU2-11	50	Response	0	1360323	4861	1
NU2-11	50	Response	0	1361123	5661	1
NU2-11	51	Response	0	1391843	30548	1
NU2-11	51	Response	0	1392482	31187	1
NU2-11	52	Response	0	1401922	9128	1
NU2-11	52	Response	100	1402562	9768	1
NU2-11	54	Picture	12	1417960	0	1	20166	1	0	next	other	0
NU2-11	56	Picture	36	1453292	0	1	20166	1	0	next	other	0
NU2-11	58	Picture	50	1488625	0	1	50499	1	0	next	other	0
NU2-11	58	Text Input	6	1539041	50416	0
NU2-11	58	Response	0	1539041	50416	1
NU2-11	59	Response	100	1540160	1037	1
NU2-11	61	Picture	10	1569456	0	1	20166	1	0	next	other	0
NU2-11	63	Picture	37	1604788	0	1	20166	1	0	next	other	0
NU2-11	65	Picture	50	1640121	0	1	49499	1	0	next	other	0
NU2-11	65	Text Input	4	1689599	49479	0
NU2-11	65	Response	0	1689599	49479	1
NU2-11	66	Response	100	1691039	1420	1
NU2-11	68	Picture	10	1719952	0	1	20166	1	0	next	other	0
NU2-11	70	Picture	24	1755284	0	1	20166	1	0	next	other	0
NU2-11	72	Picture	62	1790616	0	1	20166	1	0	next	other	0
NU2-11	73	Response	0	1833918	22969	1
NU2-11	73	Response	100	1835677	24728	1
NU2-11	75	Picture	12	1851115	0	1	20166	1	0	next	other	0
NU2-11	77	Picture	26	1886447	0	1	20166	1	0	next	other	0
NU2-11	79	Picture	64	1921779	0	1	20166	1	0	next	other	0
NU2-11	80	Response	0	2012316	70204	1
NU2-11	80	Response	0	2014395	72283	1
NU2-11	81	Response	0	2018075	3465	1
NU2-11	81	Response	0	2019035	4425	1
NU2-11	82	Response	0	2055355	36078	1
NU2-11	82	Response	100	2055995	36718	1
NU2-11	84	Picture	9	2071442	0	1	20166	1	0	next	other	0
NU2-11	86	Picture	34	2106774	0	1	20166	1	0	next	other	0
NU2-11	88	Picture	72	2142106	0	1	20166	1	0	next	other	0
NU2-11	89	Response	0	2200153	37714	1
NU2-11	89	Response	0	2202233	39794	1
NU2-11	90	Response	0	2203993	1555	1
NU2-11	90	Response	0	2207033	4595	1
NU2-11	91	Response	0	2209913	2642	1
NU2-11	91	Response	0	2210713	3441	1
NU2-11	92	Response	0	2220473	9535	1
NU2-11	92	Response	0	2220948	10010	11
NU2-11	93	Response	0	2224633	3362	1
NU2-11	93	Response	0	2225593	4322	1
NU2-11	94	Response	0	2236792	11022	1
NU2-11	94	Response	100	2238232	12462	1
NU2-11	96	Picture	11	2253603	0	1	20166	1	0	next	other	0
NU2-11	98	Picture	34	2288936	0	1	20166	1	0	next	other	0
NU2-11	100	Picture	50	2324268	0	1	106330	1	0	next	other	0
NU2-11	100	Text Input	9	2430550	106282	0
NU2-11	100	Response	0	2430550	106282	1
NU2-11	101	Response	100	2431510	912	1
NU2-11	103	Picture	11	2460931	0	1	20166	1	0	next	other	0
NU2-11	105	Picture	36	2496263	0	1	20166	1	0	next	other	0
NU2-11	107	Picture	50	2531595	0	1	184162	1	0	next	other	0
NU2-11	107	Text Input	7	2715667	184071	0
NU2-11	107	Response	0	2715667	184071	1
NU2-11	108	Response	100	2716947	1190	1
NU2-11	110	Picture	8	2746089	0	1	20166	1	0	next	other	0
NU2-11	112	Picture	26	2781422	0	1	20166	1	0	next	other	0
NU2-11	114	Picture	40	2816754	0	1	117330	1	0	next	other	0
NU2-11	114	Text Input	11	2934064	117310	0
NU2-11	114	Response	0	2934064	117310	1
NU2-11	115	Response	100	2935344	1260	1
NU2-11	117	Picture	12	2964417	0	1	20166	1	0	next	other	0
NU2-11	119	Picture	24	2999749	0	1	20166	1	0	next	other	0
NU2-11	121	Picture	40	3035081	0	1	95664	1	0	next	other	0
NU2-11	121	Text Input	14	3130702	95620	0
NU2-11	121	Response	0	3130702	95620	1
NU2-11	122	Response	100	3131982	1236	1
NU2-11	124	Picture	9	3161078	0	1	20166	1	0	next	other	0
NU2-11	126	Picture	27	3196410	0	1	20166	1	0	next	other	0
NU2-11	128	Picture	40	3231742	0	1	158162	1	0	next	other	0
NU2-11	128	Text Input	13	3389738	157996	0
NU2-11	128	Response	0	3389738	157996	1
NU2-11	129	Response	100	3390858	954	1
NU2-11	131	Picture	10	3420237	0	1	20166	1	0	next	other	0
NU2-11	133	Picture	34	3455570	0	1	20166	1	0	next	other	0
NU2-11	135	Picture	72	3490902	0	1	20166	1	0	next	other	0
NU2-11	136	Response	0	3689736	178501	1
NU2-11	136	Response	0	3692295	181060	1
NU2-11	137	Response	0	3702375	9812	1
NU2-11	137	Response	0	3703655	11092	1
NU2-11	138	Response	0	3738215	34319	1
NU2-11	138	Response	0	3738854	34959	1
NU2-11	139	Response	0	3762854	23793	1
NU2-11	139	Response	100	3764454	25393	1
NU2-11	141	Picture	8	3779894	0	1	20166	1	0	next	other	0
NU2-11	143	Picture	34	3815226	0	1	20166	1	0	next	other	0
NU2-11	145	Picture	50	3850558	0	1	37332	1	0	next	other	0
NU2-11	145	Response	0	3867493	16934	1
NU2-11	145	Response	100	3868933	18374	1
NU2-11	145	Text Input	4	3887813	37254	0
NU2-11	145	Response	0	3887813	37254	1
NU2-11	146	Response	100	3890052	2162	1
NU2-11	148	Picture	13	3918223	0	1	20166	1	0	next	other	0
NU2-11	150	Picture	37	3953555	0	1	20166	1	0	next	other	0
NU2-11	152	Picture	50	3988888	0	1	362156	1	0	next	other	0
NU2-11	152	Text Input	8	4351007	362119	0
NU2-11	152	Response	0	4351007	362119	1
NU2-11	153	Response	100	4352287	1243	1
NU2-11	155	Picture	12	4381377	0	1	20166	1	0	next	other	0
NU2-11	157	Picture	26	4416709	0	1	20166	1	0	next	other	0
NU2-11	159	Picture	40	4452041	0	1	189828	1	0	next	other	0
NU2-11	159	Text Input	14	4641724	189682	0
NU2-11	159	Response	0	4641724	189682	1
NU2-11	160	Response	100	4643163	1294	1
NU2-11	162	Picture	8	4672202	0	1	20166	1	0	next	other	0
NU2-11	164	Picture	36	4707534	0	1	20166	1	0	next	other	0
NU2-11	166	Picture	50	4742867	0	1	248326	1	0	next	other	0
NU2-11	166	Text Input	5	4991159	248293	0
NU2-11	166	Response	0	4991159	248293	1
NU2-11	167	Response	100	4993079	1886	1
NU2-11	169	Picture	8	5021525	0	1	20166	1	0	next	other	0
NU2-11	171	Picture	34	5056858	0	1	20166	1	0	next	other	0
NU2-11	173	Picture	50	5092190	0	1	33666	1	0	next	other	0
NU2-11	173	Text Input	4	5125718	33528	0
NU2-11	173	Response	0	5125718	33528	1
NU2-11	174	Response	100	5127638	1782	1
NU2-11	176	Picture	8	5156188	0	1	20166	1	0	next	other	0
NU2-11	178	Picture	24	5191521	0	1	20166	1	0	next	other	0
NU2-11	180	Picture	40	5226853	0	1	121163	1	0	next	other	0
NU2-11	180	Text Input	10	5347955	121102	0
NU2-11	180	Response	0	5347955	121102	1
NU2-11	181	Response	100	5349235	1219	1
NU2-11	183	Picture	9	5378349	0	1	20166	1	0	next	other	0
NU2-11	185	Picture	35	5413681	0	1	20166	1	0	next	other	0
NU2-11	187	Picture	74	5449013	0	1	20166	1	0	next	other	0
NU2-11	188	Response	0	5526673	57327	1
NU2-11	188	Response	0	5528113	58767	1
NU2-11	189	Response	0	5531953	3608	1
NU2-11	189	Response	0	5533713	5368	1
NU2-11	190	Response	0	5539153	5142	1
NU2-11	190	Response	0	5539473	5461	1
NU2-11	191	Response	0	5559953	20275	1
NU2-11	191	Response	0	5560432	20755	1
NU2-11	192	Response	0	5580912	20235	1
NU2-11	192	Response	0	5581552	20875	1
NU2-11	193	Response	0	5589232	7389	1
NU2-11	193	Response	0	5589552	7709	1
NU2-11	194	Response	0	5613552	23709	1
NU2-11	194	Response	100	5614672	24829	1
NU2-11	196	Picture	11	5630008	0	1	20166	1	0	next	other	0
NU2-11	198	Picture	36	5665341	0	1	20166	1	0	next	other	0
NU2-11	200	Picture	50	5700673	0	1	76164	1	0	next	other	0
NU2-11	200	Text Input	6	5776750	76077	0
NU2-11	200	Response	0	5776750	76077	1
NU2-11	201	Response	100	5778190	1352	1
NU2-11	203	Picture	8	5807170	0	1	20166	1	0	next	other	0
NU2-11	205	Picture	25	5842502	0	1	20166	1	0	next	other	0
NU2-11	207	Picture	63	5877835	0	1	20166	1	0	next	other	0
NU2-11	208	Response	0	5936428	38261	1
NU2-11	208	Response	0	5937548	39380	1
NU2-11	209	Response	0	5956268	18435	1
NU2-11	209	Response	0	5957388	19555	1
NU2-11	210	Response	0	5967148	9482	1
NU2-11	210	Response	100	5968748	11082	1
NU2-11	212	Picture	12	5984165	0	1	20166	1	0	next	other	0
NU2-11	214	Picture	25	6019497	0	1	20166	1	0	next	other	0
NU2-11	216	Picture	40	6054830	0	1	25166	1	0	next	other	0
NU2-11	216	Text Input		6079946	25117	0
NU2-11	216	Response	0	6079946	25117	1
NU2-11	217	Response	100	6081386	1391	1
NU2-11	219	Picture	11	6110328	0	1	20166	1	0	next	other	0
NU2-11	221	Picture	24	6145660	0	1	20166	1	0	next	other	0
NU2-11	223	Picture	63	6180993	0	1	20166	1	0	next	other	0
NU2-11	224	Response	0	6241545	40219	1
NU2-11	224	Response	0	6243784	42459	1
NU2-11	225	Response	0	6246344	2353	1
NU2-11	225	Response	0	6248904	4913	1
NU2-11	226	Response	0	6254984	5827	1
NU2-11	226	Response	0	6255624	6466	1
NU2-11	227	Response	0	6264904	9080	1
NU2-11	227	Response	100	6266344	10520	1
NU2-11	229	Picture	12	6281823	0	1	20166	1	0	next	other	0
NU2-11	231	Picture	25	6317156	0	1	20166	1	0	next	other	0
NU2-11	233	Picture	64	6352488	0	1	20166	1	0	next	other	0
NU2-11	234	Response	0	6394183	21362	1
NU2-11	234	Response	0	6397542	24722	1
NU2-11	235	Response	0	6400422	2602	1
NU2-11	235	Response	0	6401542	3722	1
NU2-11	236	Response	0	6424582	22762	1
NU2-11	236	Response	100	6426182	24362	1
NU2-11	238	Picture	12	6441652	0	1	20166	1	0	next	other	0
NU2-11	240	Picture	34	6476984	0	1	20166	1	0	next	other	0
NU2-11	242	Picture	50	6512317	0	1	63665	1	0	next	other	0
NU2-11	242	Text Input	10	6575940	63623	0
NU2-11	242	Response	0	6575940	63623	1
NU2-11	243	Response	100	6577220	1239	1
NU2-11	245	Picture	8	6606314	0	1	20166	1	0	next	other	0
NU2-11	247	Picture	24	6641647	0	1	20166	1	0	next	other	0
NU2-11	249	Picture	61	6676979	0	1	20166	1	0	next	other	0
NU2-11	250	Response	0	6719299	21987	1
NU2-11	250	Response	0	6723298	25987	1
NU2-11	251	Response	0	6726178	2701	1
NU2-11	251	Response	0	6727138	3661	1
NU2-11	252	Response	0	6736258	8948	1
NU2-11	252	Response	100	6737538	10228	1
NU2-11	254	Picture	11	6752977	0	1	20166	1	0	next	other	0
NU2-11	256	Picture	25	6788309	0	1	20166	1	0	next	other	0
NU2-11	258	Picture	40	6823641	0	1	74165	1	0	next	other	0
NU2-11	258	Text Input	13	6897696	74055	0
NU2-11	258	Response	0	6897696	74055	1
NU2-11	259	Response	100	6898656	850	1
NU2-11	261	Picture	9	6928139	0	1	20166	1	0	next	other	0
NU2-11	263	Picture	25	6963471	0	1	20166	1	0	next	other	0
NU2-11	265	Picture	40	6998803	0	1	52165	1	0	next	other	0
NU2-11	265	Text Input	11	7050815	52012	0
NU2-11	265	Response	0	7050815	52012	1
NU2-11	266	Response	100	7051775	806	1
NU2-11	268	Picture	10	7081301	0	1	20166	1	0	next	other	0
NU2-11	270	Picture	27	7116633	0	1	20166	1	0	next	other	0
NU2-11	272	Picture	40	7151966	0	1	42332	1	0	next	other	0
NU2-11	272	Text Input	13	7194173	42207	0
NU2-11	272	Response	0	7194173	42207	1
NU2-11	273	Response	100	7194973	675	1
NU2-11	275	Picture	9	7224630	0	1	20166	1	0	next	other	0
NU2-11	277	Picture	34	7259962	0	1	20166	1	0	next	other	0
NU2-11	279	Picture	50	7295295	0	1	91831	1	0	next	other	0
NU2-11	279	Text Input	5	7386971	91676	0
NU2-11	279	Response	0	7386971	91676	1
NU2-11	280	Response	100	7388250	1125	1
NU2-11	282	Picture	13	7417458	0	1	20166	1	0	next	other	0
NU2-11	284	Picture	37	7452790	0	1	20166	1	0	next	other	0
NU2-11	286	Picture	50	7488123	0	1	96497	1	0	next	other	0
NU2-11	286	Text Input	7	7584568	96446	0
NU2-11	286	Response	0	7584568	96446	1
NU2-11	287	Response	100	7586008	1388	1
NU2-11	289	Picture	9	7614952	0	1	20166	1	0	next	other	0
NU2-11	291	Picture	35	7650285	0	1	20166	1	0	next	other	0
NU2-11	293	Picture	50	7685617	0	1	46665	1	0	next	other	0
NU2-11	293	Text Input	6	7732246	46629	0
NU2-11	293	Response	0	7732246	46629	1
NU2-11	294	Response	100	7733366	1084	1
NU2-11	296	Picture	8	7762615	0	1	20166	1	0	next	other	0
NU2-11	298	Picture	26	7797947	0	1	20166	1	0	next	other	0
NU2-11	300	Picture	40	7833280	0	1	94164	1	0	next	other	0
NU2-11	300	Text Input	11	7927284	94004	0
NU2-11	300	Response	0	7927284	94004	1
NU2-11	301	Response	100	7928724	1280	1
NU2-11	303	Picture	13	7957776	0	1	20166	1	0	next	other	0
NU2-11	305	Picture	37	7993108	0	1	20166	1	0	next	other	0
NU2-11	307	Picture	50	8028441	0	1	265326	1	0	next	other	0
NU2-11	307	Text Input	8	8293680	265239	0
NU2-11	307	Response	0	8293680	265239	1
NU2-11	308	Response	100	8294960	1193	1
NU2-11	310	Picture	11	8324099	0	1	20166	1	0	next	other	0
NU2-11	312	Picture	24	8359431	0	1	20166	1	0	next	other	0
NU2-11	314	Picture	40	8394764	0	1	357990	1	0	next	other	0
NU2-11	314	Text Input	8	8752714	357950	0
NU2-11	314	Response	0	8752714	357950	1
NU2-11	315	Response	100	8754154	1400	1
NU2-11	317	Picture	12	8783086	0	1	20166	1	0	next	other	0
NU2-11	319	Picture	24	8818418	0	1	20166	1	0	next	other	0
NU2-11	321	Picture	61	8853751	0	1	20166	1	0	next	other	0
NU2-11	322	Response	0	8887433	13349	1
NU2-11	322	Response	0	8891112	17029	1
NU2-11	323	Response	0	8893993	2576	1
NU2-11	323	Response	0	8895272	3856	1
NU2-11	324	Response	0	8972392	76809	1
NU2-11	324	Response	100	8974471	78889	1
NU2-11	326	Picture	9	8989914	0	1	20166	1	0	next	other	0
NU2-11	328	Picture	35	9025246	0	1	20166	1	0	next	other	0
NU2-11	330	Picture	72	9060578	0	1	20166	1	0	next	other	0
NU2-11	331	Response	0	9120070	39159	1
NU2-11	331	Response	0	9121670	40759	1
NU2-11	332	Response	0	9125510	3600	1
NU2-11	332	Response	0	9130790	8880	1
NU2-11	333	Response	0	9134150	3073	1
NU2-11	333	Response	0	9134950	3873	1
NU2-11	334	Response	0	9139589	4347	1
NU2-11	334	Response	0	9140389	5147	1
NU2-11	335	Response	0	9165669	25093	1
NU2-11	335	Response	0	9166149	25573	1
NU2-11	336	Response	0	9169989	3580	1
NU2-11	336	Response	0	9170469	4060	1
NU2-11	337	Response	0	9186149	15407	1
NU2-11	337	Response	0	9186629	15887	1
NU2-11	338	Response	0	9200229	13321	1
NU2-11	338	Response	100	9201829	14921	1
NU2-11	340	Picture	9	9217240	0	1	20166	1	0	next	other	0
NU2-11	342	Picture	37	9252573	0	1	20166	1	0	next	other	0
NU2-11	344	Picture	71	9287905	0	1	20166	1	0	next	other	0
NU2-11	345	Response	0	9313988	5750	1
NU2-11	345	Response	0	9320867	12629	1
NU2-11	346	Response	0	9338147	17076	1
NU2-11	346	Response	0	9338787	17716	1
NU2-11	347	Response	0	9358787	19717	1
NU2-11	347	Response	100	9360067	20996	1
NU2-11	349	Picture	9	9375403	0	1	20166	1	0	next	other	0
NU2-11	351	Picture	25	9410735	0	1	20166	1	0	next	other	0
NU2-11	353	Picture	63	9446067	0	1	20166	1	0	next	other	0
NU2-11	354	Response	0	9524865	58465	1
NU2-11	354	Response	0	9528065	61665	1
NU2-11	355	Response	0	9557345	29113	1
NU2-11	355	Response	0	9557984	29753	1
NU2-11	356	Response	0	9578304	20074	1
NU2-11	356	Response	100	9579584	21353	1
NU2-11	358	Picture	9	9595063	0	1	20166	1	0	next	other	0
NU2-11	360	Picture	36	9630395	0	1	20166	1	0	next	other	0
NU2-11	362	Picture	72	9665728	0	1	20166	1	0	next	other	0
NU2-11	363	Response	0	9691743	5683	1
NU2-11	363	Response	0	9696703	10642	1
NU2-11	364	Response	0	9725183	28289	1
NU2-11	364	Response	0	9725662	28769	1
NU2-11	365	Response	0	9774782	48889	1
NU2-11	365	Response	0	9775742	49849	1
NU2-11	366	Response	0	9786782	10724	1
NU2-11	366	Response	100	9787901	11843	1
NU2-11	368	Picture	8	9803391	0	1	20166	1	0	next	other	0
NU2-11	370	Picture	37	9838723	0	1	20166	1	0	next	other	0
NU2-11	372	Picture	73	9874055	0	1	20166	1	0	next	other	0
NU2-11	373	Response	0	9941180	46792	1
NU2-11	373	Response	0	9944540	50152	1
NU2-11	374	Response	0	9947420	2700	1
NU2-11	374	Response	0	9948379	3660	1
NU2-11	375	Response	0	9969340	20787	1
NU2-11	375	Response	0	9970299	21746	1
NU2-11	376	Response	0	10008859	38307	1
NU2-11	376	Response	0	10010459	39906	1
NU2-11	377	Response	0	10076539	65821	1
NU2-11	377	Response	0	10077178	66460	1
NU2-11	378	Response	0	10082778	5395	1
NU2-11	378	Response	100	10084218	6835	1
NU2-11	380	Picture	9	10099716	0	1	20166	1	0	next	other	0
NU2-11	382	Picture	36	10135048	0	1	20166	1	0	next	other	0
NU2-11	384	Picture	50	10170380	0	1	65331	1	0	next	other	0
NU2-11	384	Text Input	6	10235576	65196	0
NU2-11	384	Response	0	10235576	65196	1
NU2-11	385	Response	100	10237336	1625	1
NU2-11	387	Picture	12	10266044	0	1	20166	1	0	next	other	0
NU2-11	389	Picture	25	10301377	0	1	20166	1	0	next	other	0
NU2-11	391	Picture	62	10336709	0	1	20166	1	0	next	other	0
NU2-11	392	Response	0	10480374	123332	1
NU2-11	392	Response	100	10481973	124932	1
NU2-11	394	Picture	11	10497371	0	1	20166	1	0	next	other	0
NU2-11	396	Picture	35	10532703	0	1	20166	2	0	next	other	0
NU2-11	398	Picture	50	10568036	0	1	290492	1	0	next	other	0
NU2-11	398	Text Input	8	10858449	290413	0
NU2-11	398	Response	0	10858449	290413	1
NU2-11	399	Response	100	10859569	1041	1
NU2-11	401	Picture	11	10888860	0	1	20166	1	0	next	other	0
NU2-11	403	Picture	26	10924192	0	1	20166	1	0	next	other	0
NU2-11	405	Picture	40	10959525	0	1	43999	1	0	next	other	0
NU2-11	405	Text Input	14	11003407	43883	0
NU2-11	405	Response	0	11003407	43883	1
NU2-11	406	Response	100	11004687	1164	1
NU2-11	408	Picture	10	11033856	0	1	20166	1	0	next	other	0
NU2-11	410	Picture	24	11069188	0	1	20166	1	0	next	other	0
NU2-11	412	Picture	40	11104520	0	1	35332	1	0	next	other	0
NU2-11	412	Text Input	12	11139725	35205	0
NU2-11	412	Response	0	11139725	35205	1
NU2-11	413	Response	100	11141325	1473	1
NU2-11	415	Picture	9	11170185	0	1	20166	1	0	next	other	0
NU2-11	417	Picture	25	11205518	0	1	20166	1	0	next	other	0
NU2-11	419	Picture	40	11240850	0	1	31999	1	0	next	other	0
NU2-11	419	Text Input	11	11272684	31834	0
NU2-11	419	Response	0	11272684	31834	1
NU2-11	420	Response	100	11273644	795	1
NU2-11	422	Picture	12	11303182	0	1	20166	1	0	next	other	0
NU2-11	424	Picture	37	11338514	0	1	20166	1	0	next	other	0
NU2-11	426	Picture	50	11373846	0	1	86664	1	0	next	other	0
NU2-11	426	Text Input	8	11460362	86516	0
NU2-11	426	Response	0	11460362	86516	1
NU2-11	427	Response	100	11461641	1131	1
NU2-11	429	Picture	9	11490843	0	1	20166	1	0	next	other	0
NU2-11	431	Picture	34	11526175	0	1	20166	1	0	next	other	0
NU2-11	433	Picture	73	11561508	0	1	20166	1	0	next	other	0
NU2-11	434	Response	0	11604200	22360	1
NU2-11	434	Response	0	11606600	24760	1
NU2-11	435	Response	0	11609640	2800	1
NU2-11	435	Response	0	11611880	5040	1
NU2-11	436	Response	0	11623720	11547	1
NU2-11	436	Response	0	11624040	11867	1
NU2-11	437	Response	0	11638119	13780	1
NU2-11	437	Response	100	11639239	14900	1
NU2-11	439	Picture	10	11654672	0	1	20166	1	0	next	other	0
NU2-11	441	Picture	26	11690004	0	1	20166	1	0	next	other	0
NU2-11	443	Picture	64	11725336	0	1	20166	1	0	next	other	0
NU2-11	444	Response	0	11883237	137568	1
NU2-11	444	Response	0	11884516	138847	1
NU2-11	445	Response	0	11888996	4165	1
NU2-11	445	Response	0	11891396	6565	1
NU2-11	446	Response	0	11912676	21011	1
NU2-11	446	Response	0	11913156	21491	1
NU2-11	447	Response	0	11916676	3345	1
NU2-11	447	Response	0	11916996	3665	1
NU2-11	448	Response	0	11930116	12952	1
NU2-11	448	Response	100	11931556	14392	1
NU2-11	450	Picture	8	11946997	0	1	20166	1	0	next	other	0
NU2-11	452	Picture	34	11982329	0	1	20166	1	0	next	other	0
NU2-11	454	Picture	50	12017661	0	1	160329	1	0	next	other	0
NU2-11	454	Text Input	6	12177953	160292	0
NU2-11	454	Response	0	12177953	160292	1
NU2-11	455	Response	100	12178753	763	1
NU2-11	457	Picture	10	12208323	0	1	20166	1	0	next	other	0
NU2-11	459	Picture	36	12243655	0	1	20166	1	0	next	other	0
NU2-11	461	Picture	73	12278987	0	1	20166	1	0	next	other	0
NU2-11	462	Response	0	12325472	26152	1
NU2-11	462	Response	0	12328991	29671	1
NU2-11	463	Response	0	12331551	2232	1
NU2-11	463	Response	0	12332991	3672	1
NU2-11	464	Response	0	12345471	12152	1
NU2-11	464	Response	0	12348031	14712	1
NU2-11	465	Response	0	12359071	10752	1
NU2-11	465	Response	0	12359230	10912	1
NU2-11	466	Response	0	12385791	26306	1
NU2-11	466	Response	100	12388350	28865	1
NU2-11	468	Picture	12	12403817	0	1	20166	1	0	next	other	0
NU2-11	470	Picture	36	12439149	0	1	20166	1	0	next	other	0
NU2-11	472	Picture	50	12474482	0	1	83998	1	0	next	other	0
NU2-11	472	Text Input	9	12558428	83947	0
NU2-11	472	Response	0	12558428	83947	1
NU2-11	473	Response	100	12559548	1069	1
NU2-11	475	Picture	10	12588812	0	1	20166	1	0	next	other	0
NU2-11	477	Picture	35	12624144	0	1	20166	1	0	next	other	0
NU2-11	479	Picture	50	12659477	0	1	61998	1	0	next	other	0
NU2-11	479	Text Input	7	12721306	61830	0
NU2-11	479	Response	0	12721306	61830	1
NU2-11	480	Response	100	12722586	1111	1
NU2-11	482	Picture	10	12751807	0	1	20166	1	0	next	other	0
NU2-11	484	Picture	34	12787140	0	1	20166	1	0	next	other	0
NU2-11	486	Picture	71	12822472	0	1	20166	1	0	next	other	0
NU2-11	487	Response	0	12857625	14821	1
NU2-11	487	Response	0	12861785	18980	1
NU2-11	488	Response	0	12940664	78693	1
NU2-11	488	Response	0	12945144	83173	1
NU2-11	489	Response	0	12952024	6555	1
NU2-11	489	Response	0	12952824	7355	1
NU2-11	490	Response	0	12960504	7369	1
NU2-11	490	Response	0	12961143	8009	1
NU2-11	491	Response	0	12965463	3995	1
NU2-11	491	Response	0	12966583	5115	1
NU2-11	492	Response	0	12969463	2662	1
NU2-11	492	Response	0	12969943	3142	1
NU2-11	493	Response	0	12976503	6369	1
NU2-11	493	Response	0	12977143	7009	1
NU2-11	494	Response	0	12980503	3036	1
NU2-11	494	Response	0	12981143	3676	1
NU2-11	495	Response	0	12992983	11516	1
NU2-11	495	Response	100	12995543	14076	1
NU2-11	497	Picture	12	13010967	0	1	20166	1	0	next	other	0
NU2-11	499	Picture	26	13046299	0	1	20166	1	0	next	other	0
NU2-11	501	Picture	40	13081631	0	1	121830	1	0	next	other	0
NU2-11	501	Text Input	15	13203381	121750	0
NU2-11	501	Response	0	13203381	121750	1
NU2-11	502	Response	100	13204661	1200	1
NU2-11	504	Picture	11	13233794	0	1	20166	1	0	next	other	0
NU2-11	506	Picture	34	13269126	0	1	20166	1	0	next	other	0
NU2-11	508	Picture	50	13304458	0	1	106664	1	0	next	other	0
NU2-11	508	Text Input	9	13411058	106600	0
NU2-11	508	Response	0	13411058	106600	1
NU2-11	509	Response	100	13412018	896	1
NU2-11	511	Picture	11	13441454	0	1	20166	1	0	next	other	0
NU2-11	513	Picture	34	13476787	0	1	20166	1	0	next	other	0
NU2-11	515	Picture	73	13512119	0	1	20166	1	0	next	other	0
NU2-11	516	Response	0	13560337	27885	1
NU2-11	516	Response	0	13564176	31724	1
NU2-11	517	Response	0	13567856	3406	1
NU2-11	517	Response	0	13568816	4365	1
NU2-11	518	Response	0	13572336	3219	1
NU2-11	518	Response	0	13572976	3859	1
NU2-11	519	Response	0	13582096	8812	1
NU2-11	519	Response	100	13584176	10892	1
NU2-11	521	Picture	9	13599617	0	1	20166	1	0	next	other	0
NU2-11	523	Picture	34	13634949	0	1	20166	1	0	next	other	0
NU2-11	525	Picture	73	13670281	0	1	20166	1	0	next	other	0
NU2-11	526	Response	0	13759054	68440	1
NU2-11	526	Response	0	13761934	71320	1
NU2-11	527	Response	0	13766414	4302	1
NU2-11	527	Response	0	13767374	5262	1
NU2-11	528	Response	0	13796814	29202	1
NU2-11	528	Response	0	13797288	29676	11
NU2-11	529	Response	0	13804974	7363	1
NU2-11	529	Response	100	13806733	9122	1
NU2-11	531	Picture	11	13822110	0	1	20166	1	0	next	other	0
NU2-11	533	Picture	27	13857443	0	1	20166	1	0	next	other	0
NU2-11	535	Picture	61	13892775	0	1	20166	1	0	next	other	0
NU2-11	536	Response	0	13937772	24665	1
NU2-11	536	Response	0	13941612	28504	1
NU2-11	537	Response	0	13944492	2551	1
NU2-11	537	Response	0	13945611	3671	1
NU2-11	538	Response	0	13962252	16311	1
NU2-11	538	Response	100	13963531	17591	1
NU2-11	540	Picture	8	13978939	0	1	20166	1	0	next	other	0
NU2-11	542	Picture	34	14014271	0	1	20166	1	0	next	other	0
NU2-11	544	Picture	73	14049604	0	1	20166	1	0	next	other	0
NU2-11	545	Response	0	14102410	32473	1
NU2-11	545	Response	0	14104490	34553	1
NU2-11	546	Response	0	14127530	22761	1
NU2-11	546	Response	100	14128809	24041	1
NU2-11	548	Picture	9	14144268	0	1	20166	1	0	next	other	0
NU2-11	550	Picture	27	14179600	0	1	20166	1	0	next	other	0
NU2-11	552	Picture	66	14214932	0	1	20166	1	0	next	other	0
NU2-11	553	Response	0	14275848	40583	1
NU2-11	553	Response	0	14276968	41702	1
NU2-11	554	Response	0	14280008	2744	1
NU2-11	554	Response	0	14282408	5144	1
NU2-11	555	Response	0	14290888	8290	1
NU2-11	555	Response	0	14291527	8930	1
NU2-11	556	Response	0	14303847	12084	1
NU2-11	556	Response	100	14305447	13684	1
NU2-11	558	Picture	8	14320929	0	1	20166	1	0	next	other	0
NU2-11	560	Picture	27	14356262	0	1	20166	1	0	next	other	0
NU2-11	562	Picture	65	14391594	0	1	20166	1	0	next	other	0
NU2-11	563	Response	0	14471846	59919	1
NU2-11	563	Response	0	14474245	62318	1
NU2-11	564	Response	0	14490565	16140	1
NU2-11	564	Response	0	14491845	17420	1
NU2-11	565	Response	0	14509925	17834	1
NU2-11	565	Response	0	14510885	18793	1
NU2-11	566	Response	0	14525765	14674	1
NU2-11	566	Response	100	14527365	16274	1
NU2-11	568	Picture	12	14542757	0	1	20166	1	0	next	other	0
NU2-11	570	Picture	25	14578089	0	1	20166	1	0	next	other	0
NU2-11	572	Picture	64	14613421	0	1	20166	1	0	next	other	0
NU2-11	573	Response	0	14657924	24170	1
NU2-11	573	Response	0	14660483	26729	1
NU2-11	574	Response	0	14662883	2130	1
NU2-11	574	Response	0	14664323	3570	1
NU2-11	575	Response	0	14667203	2617	1
NU2-11	575	Response	0	14668163	3577	1
NU2-11	576	Response	0	14676803	8383	1
NU2-11	576	Response	100	14678403	9983	1
NU2-11	578	Picture	10	14693752	0	1	20166	1	0	next	other	0
NU2-11	580	Picture	25	14729085	0	1	20166	1	0	next	other	0
NU2-11	582	Picture	40	14764417	0	1	36499	1	0	next	other	0
NU2-11	582	Text Input	12	14800801	36385	0
NU2-11	582	Response	0	14800801	36385	1
NU2-11	583	Response	100	14802081	1165	1
NU2-11	585	Picture	11	14831248	0	1	20166	1	0	next	other	0
NU2-11	587	Picture	26	14866581	0	1	20166	1	0	next	other	0
NU2-11	589	Picture	40	14901913	0	1	82831	1	0	next	other	0
NU2-11	589	Text Input	14	14984639	82726	0
NU2-11	589	Response	0	14984639	82726	1
NU2-11	590	Response	100	14985759	1015	1
NU2-11	592	Picture	10	15015077	0	1	20166	1	0	next	other	0
NU2-11	594	Picture	34	15050409	0	1	20166	1	0	next	other	0
NU2-11	596	Picture	72	15085741	0	1	20166	1	0	next	other	0
NU2-11	597	Response	0	15197597	91523	1
NU2-11	597	Response	0	15200317	94243	1
NU2-11	598	Response	0	15260476	59905	1
NU2-11	598	Response	0	15263516	62945	1
NU2-11	599	Response	0	15269116	5380	1
NU2-11	599	Response	0	15270076	6340	1
NU2-11	600	Response	0	15273116	2713	1
NU2-11	600	Response	0	15273596	3193	1
NU2-11	601	Response	0	15283676	9773	1
NU2-11	601	Response	0	15284156	10253	1
NU2-11	602	Response	0	15291035	6633	1
NU2-11	602	Response	0	15291835	7433	1
NU2-11	603	Response	0	15296795	4727	1
NU2-11	603	Response	0	15297595	5527	1
NU2-11	604	Response	0	15312636	14734	1
NU2-11	604	Response	100	15313595	15693	1
NU2-11	606	Picture	11	15329068	0	1	20166	1	0	next	other	0
NU2-11	608	Picture	25	15364400	0	1	20166	1	0	next	other	0
NU2-11	610	Picture	40	15399732	0	1	74831	1	0	next	other	0
NU2-11	610	Text Input	13	15474393	74661	0
NU2-11	610	Response	0	15474393	74661	1
NU2-11	611	Response	100	15475993	1430	1
NU2-11	613	Picture	8	15504896	0	1	20166	1	0	next	other	0
NU2-11	615	Picture	37	15540228	0	1	20166	1	0	next	other	0
NU2-11	617	Picture	72	15575561	0	1	20166	1	0	next	other	0
NU2-11	618	Response	0	15734231	138337	1
NU2-11	618	Response	0	15736150	140257	1
NU2-11	619	Response	0	15758230	21841	1
NU2-11	619	Response	100	15759830	23440	1
NU2-11	621	Picture	9	15775222	0	1	20166	1	0	next	other	0
NU2-11	623	Picture	25	15810554	0	1	20166	1	0	next	other	0
NU2-11	625	Picture	61	15845886	0	1	20166	1	0	next	other	0
NU2-11	626	Response	0	15927348	61129	1
NU2-11	626	Response	0	15928468	62249	1
NU2-11	627	Response	0	15932948	4230	1
NU2-11	627	Response	0	15934708	5991	1
NU2-11	628	Response	0	15944788	9904	1
NU2-11	628	Response	100	15946228	11344	1
NU2-11	630	Picture	10	15961716	0	1	20166	1	0	next	other	0
NU2-11	632	Picture	36	15997049	0	1	20166	1	0	next	other	0
NU2-11	634	Picture	72	16032381	0	1	20166	1	0	next	other	0
NU2-11	635	Response	0	16100466	47752	1
NU2-11	635	Response	100	16102706	49992	1
NU2-11	637	Picture	13	16118045	0	1	20166	1	0	next	other	0
NU2-11	639	Picture	27	16153378	0	1	20166	1	0	next	other	0
NU2-11	641	Picture	40	16188710	0	1	47165	1	0	next	other	0
NU2-11	641	Text Input	16	16235825	47115	0
NU2-11	641	Response	0	16235825	47115	1
NU2-11	642	Response	100	16237104	1229	1
NU2-11	644	Picture	11	16266208	0	1	20166	1	0	next	other	0
NU2-11	646	Picture	25	16301540	0	1	20166	1	0	next	other	0
NU2-11	648	Picture	40	16336872	0	1	65498	1	0	next	other	0
NU2-11	648	Text Input	13	16402222	65350	0
NU2-11	648	Response	0	16402222	65350	1
NU2-11	649	Response	100	16403502	1132	1
NU2-11	651	Picture	10	16432703	0	1	20166	1	0	next	other	0
NU2-11	653	Picture	36	16468035	0	1	20166	1	0	next	other	0
NU2-11	655	Picture	50	16503368	0	1	30499	1	0	next	other	0
NU2-11	655	Text Input	7	16533741	30373	0
NU2-11	655	Response	0	16533741	30373	1
NU2-11	656	Response	100	16534861	994	1
NU2-11	658	Picture	8	16564199	0	1	20166	1	0	next	other	0
NU2-11	660	Picture	34	16599532	0	1	20166	1	0	next	other	0
NU2-11	662	Picture	50	16634864	0	1	32499	1	0	next	other	0
NU2-11	662	Text Input	6	16667339	32475	0
NU2-11	662	Response	0	16667339	32475	1
NU2-11	663	Response	100	16668459	1096	1
NU2-11	666	Picture	13	17297845	0	1	20166	1	0	next	other	0
NU2-11	668	Picture	25	17333177	0	1	20166	1	0	next	other	0
NU2-11	670	Picture	40	17368510	0	1	38666	1	0	next	other	0
NU2-11	670	Text Input	15	17407010	38500	0
NU2-11	670	Response	0	17407010	38500	1
NU2-11	671	Response	100	17408130	954	1
NU2-11	673	Picture	8	17437508	0	1	20166	1	0	next	other	0
NU2-11	675	Picture	27	17472840	0	1	20166	1	0	next	other	0
NU2-11	677	Picture	64	17508172	0	1	20166	1	0	next	other	0
NU2-11	678	Response	0	17598208	69702	1
NU2-11	678	Response	0	17599967	71462	1
NU2-11	679	Response	0	17603167	2997	1
NU2-11	679	Response	0	17605567	5397	1
NU2-11	680	Response	0	17607807	1971	1
NU2-11	680	Response	0	17608927	3091	1
NU2-11	681	Response	0	17633727	24558	1
NU2-11	681	Response	0	17634367	25197	1
NU2-11	682	Response	0	17645247	10578	1
NU2-11	682	Response	100	17647167	12498	1
NU2-11	684	Picture	8	17662501	0	1	20166	1	0	next	other	0
NU2-11	686	Picture	24	17697834	0	1	20166	1	0	next	other	0
NU2-11	688	Picture	40	17733166	0	1	37332	1	0	next	other	0
NU2-11	688	Text Input	10	17770366	37199	0
NU2-11	688	Response	0	17770366	37199	1
NU2-11	689	Response	100	17771326	827	1
NU2-11	691	Picture	13	17800831	0	1	20166	1	0	next	other	0
NU2-11	693	Picture	35	17836163	0	1	20166	1	0	next	other	0
NU2-11	695	Picture	50	17871495	0	1	75665	1	0	next	other	0
NU2-11	695	Text Input	10	17947003	75508	0
NU2-11	695	Response	0	17947003	75508	1
NU2-11	696	Response	100	17947963	803	1
NU2-11	698	Picture	11	17977493	0	1	20166	1	0	next	other	0
NU2-11	700	Picture	27	18012825	0	1	20166	1	0	next	other	0
NU2-11	702	Picture	40	18048157	0	1	45165	1	0	next	other	0
NU2-11	702	Text Input	14	18093242	45084	0
NU2-11	702	Response	0	18093242	45084	1
NU2-11	703	Response	100	18094362	1039	1
NU2-11	705	Picture	9	18123655	0	1	20166	1	0	next	other	0
NU2-11	707	Picture	24	18158987	0	1	20166	1	0	next	other	0
NU2-11	709	Picture	61	18194320	0	1	20166	1	0	next	other	0
NU2-11	710	Response	0	18257240	42588	1
NU2-11	710	Response	0	18259800	45147	1
NU2-11	711	Response	0	18264600	4615	1
NU2-11	711	Response	0	18265399	5415	1
NU2-11	712	Response	0	18279800	14149	1
NU2-11	712	Response	100	18281559	15908	1
NU2-11	714	Picture	9	18296983	0	1	20166	1	0	next	other	0
NU2-11	716	Picture	26	18332316	0	1	20166	1	0	next	other	0
NU2-11	718	Picture	61	18367648	0	1	20166	1	0	next	other	0
NU2-11	719	Response	0	18434518	46537	1
NU2-11	719	Response	0	18438038	50057	1
NU2-11	720	Response	0	18440918	2605	1
NU2-11	720	Response	0	18441877	3565	1
NU2-11	721	Response	0	18459797	17651	1
NU2-11	721	Response	100	18462357	20211	1
NU2-11	723	Picture	10	18477812	0	1	20166	1	0	next	other	0
NU2-11	725	Picture	27	18513144	0	1	20166	1	0	next	other	0
NU2-11	727	Picture	40	18548476	0	1	38666	1	0	next	other	0
NU2-11	727	Text Input	13	18586996	38520	0
NU2-11	727	Response	0	18586996	38520	1
NU2-11	728	Response	100	18587796	654	1
NU2-11	730	Picture	12	18617474	0	1	20166	1	0	next	other	0
NU2-11	732	Picture	27	18652807	0	1	20166	1	0	next	other	0
NU2-11	734	Picture	64	18688139	0	1	20166	1	0	next	other	0
NU2-11	735	Response	0	19057551	349079	1
NU2-11	735	Response	0	19058670	350198	1
NU2-11	736	Response	0	19060750	1788	1
NU2-11	736	Response	0	19062670	3708	1
NU2-11	737	Response	0	19076110	13148	1
NU2-11	737	Response	100	19078030	15068	1
NU2-11	739	Picture	9	19093461	0	1	20166	1	0	next	other	0
NU2-11	741	Picture	36	19128793	0	1	20166	1	0	next	other	0
NU2-11	743	Picture	50	19164125	0	1	31999	1	0	next	other	0
NU2-11	743	Text Input	6	19195949	31823	0
NU2-11	743	Response	0	19195949	31823	1
NU2-11	744	Response	100	19197228	1104	1
NU2-11	746	Picture	11	19226457	0	1	20166	1	0	next	other	0
NU2-11	748	Picture	25	19261789	0	1	20166	1	0	next	other	0
NU2-11	750	Picture	64	19297122	0	1	20166	1	0	next	other	0
NU2-11	751	Response	0	19340907	23453	1
NU2-11	751	Response	0	19342027	24572	1
NU2-11	752	Response	0	19345547	3260	1
NU2-11	752	Response	0	19346667	4380	1
NU2-11	753	Response	0	19352907	5953	1
NU2-11	753	Response	0	19353547	6593	1
NU2-11	754	Response	0	19374986	21199	1
NU2-11	754	Response	100	19377226	23439	1
NU2-11	756	Picture	9	19392619	0	1	20166	1	0	next	other	0
NU2-11	758	Picture	36	19427951	0	1	20166	1	0	next	other	0
NU2-11	760	Picture	50	19463284	0	1	67331	1	0	next	other	0
NU2-11	760	Text Input	6	19530504	67220	0
NU2-11	760	Response	0	19530504	67220	1
NU2-11	761	Response	100	19531944	1329	1
NU2-11	763	Picture	11	19560948	0	1	20166	1	0	next	other	0
NU2-11	765	Picture	25	19596280	0	1	20166	1	0	next	other	0
NU2-11	767	Picture	40	19631612	0	1	67831	1	0	next	other	0
NU2-11	767	Text Input	13	19699302	67690	0
NU2-11	767	Response	0	19699302	67690	1
NU2-11	768	Response	100	19700422	979	1
NU2-11	770	Picture	11	19729776	0	1	20166	1	0	next	other	0
NU2-11	772	Picture	36	19765108	0	1	20166	1	0	next	other	0
NU2-11	774	Picture	71	19800441	0	1	20166	1	0	next	other	0
NU2-11	775	Response	0	19891461	70687	1
NU2-11	775	Response	0	19893380	72606	1
NU2-11	776	Response	0	19895940	2335	1
NU2-11	776	Response	0	19898340	4735	1
NU2-11	777	Response	0	19904580	5975	1
NU2-11	777	Response	0	19905220	6615	1
NU2-11	778	Response	0	19912420	6982	1
NU2-11	778	Response	100	19914820	9382	1
NU2-11	780	Picture	11	19930270	0	1	20166	1	0	next	other	0
NU2-11	782	Picture	26	19965603	0	1	20166	1	0	next	other	0
NU2-11	784	Picture	40	20000935	0	1	47165	1	0	next	other	0
NU2-11	784	Text Input	14	20047938	47003	0
NU2-11	784	Response	0	20047938	47003	1
NU2-11	785	Response	100	20049378	1278	1
NU2-11	787	Picture	9	20078433	0	1	20166	1	0	next	other	0
NU2-11	789	Picture	25	20113765	0	1	20166	1	0	next	other	0
NU2-11	791	Picture	62	20149098	0	1	20166	1	0	next	other	0
NU2-11	792	Response	0	20185697	16267	1
NU2-11	792	Response	0	20187617	18186	1
NU2-11	793	Response	0	20207136	19207	1
NU2-11	793	Response	100	20209056	21127	1
NU2-11	795	Picture	12	20224429	0	1	20166	1	0	next	other	0
NU2-11	797	Picture	26	20259761	0	1	20166	1	0	next	other	0
NU2-11	799	Picture	62	20295093	0	1	20166	1	0	next	other	0
NU2-11	800	Response	0	20430174	114748	1
NU2-11	800	Response	0	20431614	116187	1
NU2-11	801	Response	0	20436734	4811	1
NU2-11	801	Response	0	20438173	6251	1
NU2-11	802	Response	0	20454653	16231	1
NU2-11	802	Response	0	20455773	17351	1
NU2-11	803	Response	0	20471133	15044	1
NU2-11	803	Response	100	20472893	16804	1
NU2-11	805	Picture	8	20488255	0	1	20166	1	0	next	other	0
NU2-11	807	Picture	34	20523587	0	1	20166	1	0	next	other	0
NU2-11	809	Picture	50	20558919	0	1	41166	1	0	next	other	0
NU2-11	809	Text Input	6	20599932	41012	0
NU2-11	809	Response	0	20599932	41012	1
NU2-11	810	Response	100	20601052	967	1
NU2-11	812	Picture	9	20630417	0	1	20166	1	0	next	other	0
NU2-11	814	Picture	36	20665750	0	1	20166	1	0	next	other	0
NU2-11	816	Picture	73	20701082	0	1	20166	1	0	next	other	0
NU2-11	817	Response	0	20769530	48115	1
NU2-11	817	Response	100	20771290	49875	1
NU2-11	819	Picture	9	20786746	0	1	20166	1	0	next	other	0
NU2-11	821	Picture	27	20822078	0	1	20166	1	0	next	other	0
NU2-11	823	Picture	61	20857411	0	1	20166	1	0	next	other	0
NU2-11	824	Response	0	20912888	35145	1
NU2-11	824	Response	0	20916888	39144	1
NU2-11	825	Response	0	20920088	3012	1
NU2-11	825	Response	0	20921368	4292	1
NU2-11	826	Response	0	20939607	18032	1
NU2-11	826	Response	100	20941207	19632	1
NU2-11	828	Picture	12	20956575	0	1	20166	1	0	next	other	0
NU2-11	830	Picture	35	20991907	0	1	20166	1	0	next	other	0
NU2-11	832	Picture	71	21027239	0	1	20166	1	0	next	other	0
NU2-11	833	Response	0	21056087	8514	1
NU2-11	833	Response	0	21060406	12834	1
NU2-11	834	Response	0	21063606	2868	1
NU2-11	834	Response	0	21064406	3667	1
NU2-11	835	Response	0	21072886	8148	1
NU2-11	835	Response	100	21075606	10867	1
NU2-11	837	Picture	9	21091071	0	1	20166	1	0	next	other	0
NU2-11	839	Picture	35	21126403	0	1	20166	1	0	next	other	0
NU2-11	841	Picture	73	21161736	0	1	20166	1	0	next	other	0
NU2-11	842	Response	0	21295764	113695	1
NU2-11	842	Response	0	21296563	114495	1
NU2-11	843	Response	0	21299283	2552	1
NU2-11	843	Response	0	21301043	4312	1
NU2-11	844	Response	0	21309203	7972	1
NU2-11	844	Response	0	21309683	8452	1
NU2-11	845	Response	0	21350643	40745	1
NU2-11	845	Response	100	21352082	42184	1
NU2-11	847	Picture	11	21367563	0	1	20166	1	0	next	other	0
NU2-11	849	Picture	25	21402895	0	1	20166	1	0	next	other	0
NU2-11	851	Picture	64	21438228	0	1	20166	1	0	next	other	0
NU2-11	852	Response	0	21495121	36561	1
NU2-11	852	Response	0	21497681	39120	1
NU2-11	853	Response	0	21500881	2988	1
NU2-11	853	Response	0	21501681	3788	1
NU2-11	854	Response	0	21505681	3788	1
NU2-11	854	Response	0	21506000	4108	1
NU2-11	855	Response	0	21514481	8255	1
NU2-11	855	Response	100	21515920	9695	1
NU2-11	857	Picture	11	21531392	0	1	20166	1	0	next	other	0
NU2-11	859	Picture	35	21566724	0	1	20166	1	0	next	other	0
NU2-11	861	Picture	50	21602056	0	1	132330	1	0	next	other	0
NU2-11	861	Text Input	8	21734318	132261	0
NU2-11	861	Response	0	21734318	132261	1
NU2-11	862	Response	100	21735438	1052	1
NU2-11	864	Picture	10	21764718	0	1	20166	1	0	next	other	0
NU2-11	866	Picture	36	21800051	0	1	20166	1	0	next	other	0
NU2-11	868	Picture	75	21835383	0	1	20166	1	0	next	other	0
NU2-11	869	Response	0	21892716	37001	1
NU2-11	869	Response	0	21894476	38760	1
NU2-11	870	Response	0	21899596	4881	1
NU2-11	870	Response	0	21900076	5361	1
NU2-11	871	Response	0	21945676	45294	1
NU2-11	871	Response	100	21947595	47214	1
NU2-11	873	Picture	11	21963046	0	1	20166	1	0	next	other	0
NU2-11	875	Picture	37	21998378	0	1	20166	1	0	next	other	0
NU2-11	877	Picture	50	22033711	0	1	107497	1	0	next	other	0
NU2-11	877	Text Input	7	22141033	107322	0
NU2-11	877	Response	0	22141033	107322	1
NU2-11	878	Response	100	22142473	1265	1
NU2-11	880	Picture	10	22171540	0	1	20166	1	0	next	other	0
NU2-11	882	Picture	26	22206873	0	1	20166	1	0	next	other	0
NU2-11	884	Picture	40	22242205	0	1	53998	1	0	next	other	0
NU2-11	884	Text Input	13	22296071	53866	0
NU2-11	884	Response	0	22296071	53866	1
NU2-11	885	Response	100	22297191	988	1
NU2-11	887	Picture	13	22326536	0	2	20166	2	0	next	other	0
NU2-11	889	Picture	35	22361868	0	1	20166	1	0	next	other	0
NU2-11	891	Picture	50	22397201	0	1	57165	1	0	next	other	0
NU2-11	891	Text Input	10	22454309	57109	0
NU2-11	891	Response	0	22454309	57109	1
NU2-11	892	Response	100	22455429	1064	1
NU2-11	894	Picture	9	22484698	0	1	20166	1	0	next	other	0
NU2-11	896	Picture	34	22520030	0	1	20166	1	0	next	other	0
NU2-11	898	Picture	72	22555363	0	1	20166	1	0	next	other	0
NU2-11	899	Response	0	22615748	40052	1
NU2-11	899	Response	100	22617027	41332	1
NU2-11	901	Picture	11	22632361	0	1	20166	1	0	next	other	0
NU2-11	903	Picture	34	22667693	0	1	20166	1	0	next	other	0
NU2-11	905	Picture	73	22703025	0	1	20166	1	0	next	other	0
NU2-11	906	Response	0	22803266	79908	1
NU2-11	906	Response	0	22804065	80707	1
NU2-11	907	Response	0	22879425	75069	1
NU2-11	907	Response	100	22881184	76829	1
NU2-11	909	Picture	12	22896520	0	1	20166	1	0	next	other	0
NU2-11	911	Picture	25	22931852	0	1	20166	1	0	next	other	0
NU2-11	913	Picture	64	22967184	0	1	20166	1	0	next	other	0
NU2-11	914	Response	0	23014943	27426	1
NU2-11	914	Response	0	23018462	30945	1
NU2-11	915	Response	0	23026782	8099	1
NU2-11	915	Response	100	23029502	10819	1
NU2-11	917	Picture	10	23044849	0	1	20166	1	0	next	other	0
NU2-11	919	Picture	26	23080181	0	1	20166	1	0	next	other	0
NU2-11	921	Picture	61	23115514	0	1	20166	1	0	next	other	0
NU2-11	922	Response	0	23161341	25495	1
NU2-11	922	Response	0	23164701	28854	1
NU2-11	923	Response	0	23166621	1608	1
NU2-11	923	Response	0	23167741	2728	1
NU2-11	924	Response	0	23177661	9648	1
NU2-11	924	Response	100	23179740	11728	1
NU2-11	926	Picture	9	23195178	0	1	20166	1	0	next	other	0
NU2-11	928	Picture	26	23230510	0	1	20166	1	0	next	other	0
NU2-11	930	Picture	64	23265843	0	1	20166	1	0	next	other	0
NU2-11	931	Response	0	23411578	125403	1
NU2-11	931	Response	0	23413498	127322	1
NU2-11	932	Response	0	23425338	11666	1
NU2-11	932	Response	0	23425817	12146	1
NU2-11	933	Response	0	23435577	9573	1
NU2-11	933	Response	100	23436857	10852	1
NU2-11	935	Picture	8	23452337	0	1	20166	1	0	next	other	0
NU2-11	937	Picture	35	23487670	0	1	20166	1	0	next	other	0
NU2-11	939	Picture	72	23523002	0	1	20166	1	0	next	other	0
NU2-11	940	Response	0	23604376	61041	1
NU2-11	940	Response	0	23606135	62801	1
NU2-11	941	Response	0	23653815	47482	1
NU2-11	941	Response	0	23653975	47642	1
NU2-11	942	Response	0	23667735	13570	1
NU2-11	942	Response	0	23668375	14210	1
NU2-11	943	Response	0	23672535	3870	1
NU2-11	943	Response	0	23673655	4990	1
NU2-11	944	Response	0	23684534	10703	1
NU2-11	944	Response	100	23685814	11983	1
NU2-11	946	Picture	10	23701164	0	1	20166	1	0	next	other	0
NU2-11	948	Picture	26	23736496	0	1	20166	1	0	next	other	0
NU2-11	950	Picture	65	23771828	0	1	20166	1	0	next	other	0
NU2-11	951	Response	0	23821493	29332	1
NU2-11	951	Response	0	23825013	32852	1
NU2-11	952	Response	0	23871253	45926	1
NU2-11	952	Response	100	23873332	48006	1
NU2-11	954	Picture	8	23888825	0	1	20166	1	0	next	other	0
NU2-11	956	Picture	26	23924157	0	1	20166	1	0	next	other	0
NU2-11	958	Picture	40	23959490	0	1	324324	1	0	next	other	0
NU2-11	958	Text Input	11	24283727	324238	0
NU2-11	958	Response	0	24283727	324238	1
NU2-11	959	Response	100	24284847	1033	1
NU2-11	961	Picture	12	24314146	0	1	20166	1	0	next	other	0
NU2-11	963	Picture	36	24349479	0	1	20166	1	0	next	other	0
NU2-11	965	Picture	50	24384811	0	1	41332	1	0	next	other	0
NU2-11	965	Text Input	9	24425966	41155	0
NU2-11	965	Response	0	24425966	41155	1
NU2-11	966	Response	100	24427245	1102	1
NU2-11	968	Picture	10	24456475	0	1	20166	1	0	next	other	0
NU2-11	970	Picture	24	24491808	0	1	20166	1	0	next	other	0
NU2-11	972	Picture	63	24527140	0	1	20166	1	0	next	other	0
NU2-11	973	Response	0	24567244	19772	1
NU2-11	973	Response	0	24568524	21051	1
NU2-11	974	Response	0	24572524	3718	1
NU2-11	974	Response	0	24573484	4678	1
NU2-11	975	Response	0	24582444	8638	1
NU2-11	975	Response	0	24583084	9278	1
NU2-11	976	Response	0	24594924	11618	1
NU2-11	976	Response	100	24596204	12899	1
NU2-11	978	Picture	12	24611638	0	1	20166	1	0	next	other	0
NU2-11	980	Picture	35	24646970	0	1	20166	1	0	next	other	0
NU2-11	982	Picture	50	24682302	0	1	96664	1	0	next	other	0
NU2-11	982	Text Input	9	24778922	96619	0
NU2-11	982	Response	0	24778922	96619	1
NU2-11	983	Response	100	24780201	1235	1
NU2-11	985	Picture	9	24809299	0	1	20166	1	0	next	other	0
NU2-11	987	Picture	35	24844631	0	1	20166	1	0	next	other	0
NU2-11	989	Picture	50	24879963	0	1	54332	1	0	next	other	0
NU2-11	989	Text Input	6	24934120	54156	0
NU2-11	989	Response	0	24934120	54156	1
NU2-11	990	Response	100	24935400	1104	1
NU2-11	992	Picture	10	24964628	0	1	20166	1	0	next	other	0
NU2-11	994	Picture	35	24999960	0	1	20166	1	0	next	other	0
NU2-11	996	Picture	50	25035292	0	1	101664	1	0	next	other	0
NU2-11	996	Text Input	7	25136837	101545	0
NU2-11	996	Response	0	25136837	101545	1
NU2-11	997	Response	100	25137797	841	1
NU2-11	999	Picture	12	25167289	0	1	20166	1	0	next	other	0
NU2-11	1001	Picture	36	25202621	0	1	20166	1	0	next	other	0
NU2-11	1003	Picture	50	25237953	0	1	31166	1	0	next	other	0
NU2-11	1003	Text Input	9	25268996	31042	0
NU2-11	1003	Response	0	25268996	31042	1
NU2-11	1004	Response	100	25270275	1156	1
NU2-11	1006	Picture	9	25299452	0	1	20166	1	0	next	other	0
NU2-11	1008	Picture	24	25334784	0	1	20166	1	0	next	other	0
NU2-11	1010	Picture	61	25370116	0	1	20166	1	0	next	other	0
NU2-11	1011	Response	0	25416674	26225	1
NU2-11	1011	Response	0	25417794	27345	1
NU2-11	1012	Response	0	25444994	26879	1
NU2-11	1012	Response	100	25446593	28478	1
NU2-11	1014	Picture	9	25461947	0	1	20166	1	0	next	other	0
NU2-11	1016	Picture	26	25497279	0	1	20166	1	0	next	other	0
NU2-11	1018	Picture	40	25532612	0	1	63832	1	0	next	other	0
NU2-11	1018	Text Input	12	25596352	63740	0
NU2-11	1018	Response	0	25596352	63740	1
NU2-11	1019	Response	100	25597312	868	1
NU2-11	1021	Picture	8	25626776	0	1	20166	1	0	next	other	0
NU2-11	1023	Picture	35	25662108	0	1	20166	1	0	next	other	0
NU2-11	1025	Picture	71	25697440	0	1	20166	1	0	next	other	0
NU2-11	1026	Response	0	25724190	6417	1
NU2-11	1026	Response	0	25728030	10257	1
NU2-11	1027	Response	0	25731070	2797	1
NU2-11	1027	Response	0	25732190	3917	1
NU2-11	1028	Response	0	25743870	11430	1
NU2-11	1028	Response	100	25745310	12870	1
NU2-11	1030	Picture	12	25760772	0	1	20166	1	0	next	other	0
NU2-11	1032	Picture	26	25796104	0	1	20166	1	0	next	other	0
NU2-11	1034	Picture	63	25831437	0	1	20166	1	0	next	other	0
NU2-11	1035	Response	0	25856989	5219	1
NU2-11	1035	Response	100	25859068	7299	1
NU2-11	1037	Picture	8	25874435	0	1	20166	1	0	next	other	0
NU2-11	1039	Picture	34	25909768	0	1	20166	1	0	next	other	0
NU2-11	1041	Picture	73	25945100	0	1	20166	1	0	next	other	0
NU2-11	1042	Response	0	25973627	8194	1
NU2-11	1042	Response	0	25974907	9474	1
NU2-11	1043	Response	0	25984187	9088	1
NU2-11	1043	Response	100	25986107	11008	1
NU2-11	1045	Picture	11	26001598	0	1	20166	1	0	next	other	0
NU2-11	1047	Picture	26	26036931	0	1	20166	1	0	next	other	0
NU2-11	1049	Picture	63	26072263	0	1	20166	1	0	next	other	0
NU2-11	1050	Response	0	26138585	45990	1
NU2-11	1050	Response	100	26140185	47589	1
NU2-11	1052	Picture	12	26155594	0	1	20166	1	0	next	other	0
NU2-11	1054	Picture	27	26190926	0	1	20166	1	0	next	other	0
NU2-11	1056	Picture	65	26226259	0	1	20166	1	0	next	other	0
NU2-11	1057	Response	0	26265944	19352	1
NU2-11	1057	Response	0	26267223	20632	1
NU2-11	1058	Response	0	26271863	4439	1
NU2-11	1058	Response	0	26273143	5719	1
NU2-11	1059	Response	0	26283063	9639	1
NU2-11	1059	Response	0	26284183	10759	1
NU2-11	1060	Response	0	26315383	30959	1
NU2-11	1060	Response	100	26316663	32239	1
NU2-11	1062	Picture	9	26332089	0	1	20166	1	0	next	other	0
NU2-11	1064	Picture	27	26367421	0	1	20166	1	0	next	other	0
NU2-11	1066	Picture	61	26402754	0	1	20166	1	0	next	other	0
NU2-11	1067	Response	0	26433622	10535	1
NU2-11	1067	Response	0	26439701	16615	1
NU2-11	1068	Response	0	26460501	20582	1
NU2-11	1068	Response	100	26462101	22182	1
NU2-11	1070	Picture	10	26477585	0	1	20166	1	0	next	other	0
NU2-11	1072	Picture	25	26512917	0	1	20166	1	0	next	other	0
NU2-11	1074	Picture	64	26548250	0	1	20166	1	0	next	other	0
NU2-11	1075	Response	0	26581460	12878	1
NU2-11	1075	Response	0	26583860	15277	1
NU2-11	1076	Response	0	26587700	3618	1
NU2-11	1076	Response	0	26588500	4418	1
NU2-11	1077	Response	0	26599379	10631	1
NU2-11	1077	Response	100	26600819	12071	1
NU2-11	1079	Picture	12	26616248	0	1	20166	1	0	next	other	0
NU2-11	1081	Picture	26	26651580	0	1	20166	1	0	next	other	0
NU2-11	1083	Picture	64	26686912	0	1	20166	1	0	next	other	0
NU2-11	1084	Response	0	26781298	74053	1
NU2-11	1084	Response	100	26782897	75652	1
NU2-11	1086	Picture	12	26798242	0	1	20166	1	0	next	other	0
NU2-11	1088	Picture	27	26833575	0	1	20166	1	0	next	other	0
NU2-11	1090	Picture	40	26868907	0	1	84998	1	0	next	other	0
NU2-11	1090	Text Input	15	26953775	84868	0
NU2-11	1090	Response	0	26953775	84868	1
NU2-11	1091	Response	100	26954735	831	1
NU2-11	1093	Picture	9	26984237	0	1	20166	1	0	next	other	0
NU2-11	1095	Picture	24	27019569	0	1	20166	1	0	next	other	0
NU2-11	1097	Picture	62	27054902	0	1	20166	1	0	next	other	0
NU2-11	1098	Response	0	27294252	219017	1
NU2-11	1098	Response	100	27295851	220616	1
NU2-11	1100	Picture	10	27311228	0	1	20166	1	0	next	other	0
NU2-11	1102	Picture	25	27346560	0	1	20166	1	0	next	other	0
NU2-11	1104	Picture	40	27381893	0	1	71998	1	0	next	other	0
NU2-11	1104	Text Input	12	27453769	71877	0
NU2-11	1104	Response	0	27453769	71877	1
NU2-11	1105	Response	100	27455369	1479	1
NU2-11	1107	Picture	11	27484223	0	1	20166	1	0	next	other	0
NU2-11	1109	Picture	36	27519555	0	1	20166	1	0	next	other	0
NU2-11	1111	Picture	50	27554888	0	1	68831	1	0	next	other	0
NU2-11	1111	Text Input	8	27623687	68800	0
NU2-11	1111	Response	0	27623687	68800	1
NU2-11	1112	Response	100	27624967	1248	1
NU2-11	1114	Picture	12	27654052	0	1	20166	1	0	next	other	0
NU2-11	1116	Picture	35	27689384	0	1	20166	1	0	next	other	0
NU2-11	1118	Picture	50	27724716	0	1	31332	1	0	next	other	0
NU2-11	1118	Text Input	9	27756006	31290	0
NU2-11	1118	Response	0	27756006	31290	1
NU2-11	1119	Response	100	27757286	1237	1
NU2-11	1121	Picture	12	27786381	0	1	20166	1	0	next	other	0
NU2-11	1123	Picture	24	27821713	0	1	20166	1	0	next	other	0
NU2-11	1125	Picture	62	27857046	0	1	20166	1	0	next	other	0
NU2-11	1126	Response	0	27894404	17026	1
NU2-11	1126	Response	100	27896324	18945	1
NU2-11	1128	Picture	10	27911711	0	1	20166	1	0	next	other	0
NU2-11	1130	Picture	34	27947043	0	1	20166	1	0	next	other	0
NU2-11	1132	Picture	50	27982375	0	1	31332	1	0	next	other	0
NU2-11	1132	Text Input	8	28013602	31227	0
NU2-11	1132	Response	0	28013602	31227	1
NU2-11	1133	Response	100	28014722	1014	1
NU2-11	1135	Picture	11	28044040	0	1	20166	1	0	next	other	0
NU2-11	1137	Picture	27	28079373	0	1	20166	1	0	next	other	0
NU2-11	1139	Picture	40	28114705	0	1	39666	1	0	next	other	0
NU2-11	1139	Text Input	14	28154241	39536	0
NU2-11	1139	Response	0	28154241	39536	1
NU2-11	1140	Response	100	28155521	1150	1
NU2-11	1142	Picture	9	28184703	0	1	20166	1	0	next	other	0
NU2-11	1144	Picture	24	28220035	0	1	20166	1	0	next	other	0
NU2-11	1146	Picture	40	28255368	0	1	32666	1	0	next	other	0
NU2-11	1146	Text Input	11	28287999	32631	0
NU2-11	1146	Response	0	28287999	32631	1
NU2-11	1147	Response	100	28289119	1086	1
NU2-11	1149	Picture	10	28318366	0	1	20166	1	0	next	other	0
NU2-11	1151	Picture	37	28353698	0	1	20166	1	0	next	other	0
NU2-11	1153	Picture	50	28389031	0	1	33166	1	0	next	other	0
NU2-11	1153	Text Input	6	28422077	33047	0
NU2-11	1153	Response	0	28422077	33047	1
NU2-11	1154	Response	100	28423358	1161	1
NU2-11	1156	Picture	9	28452529	0	1	20166	1	0	next	other	0
NU2-11	1158	Picture	36	28487861	0	1	20166	1	0	next	other	0
NU2-11	1160	Picture	50	28523194	0	1	31166	1	0	next	other	0
NU2-11	1160	Text Input	6	28554236	31042	0
NU2-11	1160	Response	0	28554236	31042	1
NU2-11	1161	Response	100	28555676	1317	1
NU2-11	1163	Picture	10	28584692	0	1	20166	1	0	next	other	0
NU2-11	1165	Picture	25	28620024	0	1	20166	1	0	next	other	0
NU2-11	1167	Picture	63	28655356	0	1	20166	1	0	next	other	0
NU2-11	1168	Response	0	28869273	193584	1
NU2-11	1168	Response	0	28870552	194863	1
NU2-11	1169	Response	0	28873592	2742	1
NU2-11	1169	Response	0	28875192	4342	1
NU2-11	1170	Response	0	28878552	3035	1
NU2-11	1170	Response	0	28879512	3995	1
NU2-11	1171	Response	0	28883352	3668	1
NU2-11	1171	Response	0	28883992	4308	1
NU2-11	1172	Response	0	28889112	4929	1
NU2-11	1172	Response	0	28889592	5409	1
NU2-11	1173	Response	0	28893272	3422	1
NU2-11	1173	Response	0	28894072	4222	1
NU2-11	1174	Response	0	28908952	14602	1
NU2-11	1174	Response	100	28910391	16042	1
NU2-11	1176	Picture	11	28925849	0	1	20166	1	0	next	other	0
NU2-11	1178	Picture	24	28961181	0	1	20166	1	0	next	other	0
NU2-11	1180	Picture	62	28996513	0	1	20166	1	0	next	other	0
NU2-11	1181	Response	0	29060630	43784	1
NU2-11	1181	Response	100	29062870	46024	1
NU2-11	1183	Picture	9	29078344	0	1	20166	1	0	next	other	0
NU2-11	1185	Picture	24	29113677	0	1	20166	1	0	next	other	0
NU2-11	1187	Picture	62	29149009	0	1	20166	1	0	next	other	0
NU2-11	1188	Response	0	29204789	35447	1
NU2-11	1188	Response	0	29207188	37846	1
NU2-11	1189	Response	0	29317267	109760	1
NU2-11	1189	Response	0	29318867	111359	1
NU2-11	1190	Response	0	29443506	124335	1
NU2-11	1190	Response	0	29444305	125134	1
NU2-11	1191	Response	0	29452145	7644	1
NU2-11	1191	Response	100	29454065	9564	1
NU2-11	1193	Picture	11	29469500	0	1	20166	1	0	next	other	0
NU2-11	1195	Picture	35	29504832	0	1	20166	1	0	next	other	0
NU2-11	1197	Picture	71	29540165	0	1	20166	1	0	next	other	0
NU2-11	1198	Response	0	29591984	31486	1
NU2-11	1198	Response	0	29593583	33086	1
NU2-11	1199	Response	0	29611183	17353	1
NU2-11	1199	Response	0	29611983	18153	1
NU2-11	1200	Response	0	29618863	6701	1
NU2-11	1200	Response	100	29620783	8621	1
NU2-11	1202	Picture	11	29636162	0	1	20166	1	0	next	other	0
NU2-11	1204	Picture	24	29671494	0	1	20166	1	0	next	other	0
NU2-11	1206	Picture	62	29706827	0	1	20166	1	0	next	other	0
NU2-11	1207	Response	0	29940620	213461	1
NU2-11	1207	Response	0	29941739	214580	1
NU2-11	1208	Response	0	29963979	21993	1
NU2-11	1208	Response	0	29964299	22312	1
NU2-11	1209	Response	0	29970859	6373	1
NU2-11	1209	Response	100	29972779	8293	1
NU2-11	1211	Picture	10	29988152	0	1	20166	1	0	next	other	0
NU2-11	1213	Picture	37	30023484	0	1	20166	1	0	next	other	0
NU2-11	1215	Picture	74	30058817	0	1	20166	1	0	next	other	0
NU2-11	1216	Response	0	30250216	171067	1
NU2-11	1216	Response	0	30251335	172186	1
NU2-11	1217	Response	0	30261576	9931	1
NU2-11	1217	Response	0	30262055	10411	1
NU2-11	1218	Response	0	30267975	5665	1
NU2-11	1218	Response	0	30268135	5824	1
NU2-11	1219	Response	0	30275175	6865	1
NU2-11	1219	Response	100	30276615	8304	1
NU2-11	1221	Picture	12	30291977	0	1	20166	1	0	next	other	0
NU2-11	1223	Picture	27	30327309	0	1	20166	1	0	next	other	0
NU2-11	1225	Picture	64	30362641	0	1	20166	1	0	next	other	0
NU2-11	1226	Response	0	30485893	102919	1
NU2-11	1226	Response	0	30487013	104039	1
NU2-11	1227	Response	0	30553892	66588	1
NU2-11	1227	Response	0	30555012	67708	1
NU2-11	1228	Response	0	30559972	4669	1
NU2-11	1228	Response	0	30561092	5789	1
NU2-11	1229	Response	0	30568292	6989	1
NU2-11	1229	Response	100	30570372	9069	1
NU2-11	1231	Picture	10	30585802	0	1	20166	1	0	next	other	0
NU2-11	1233	Picture	35	30621134	0	1	20166	1	0	next	other	0
NU2-11	1235	Picture	71	30656466	0	1	20166	1	0	next	other	0
NU2-11	1236	Response	0	30685731	8932	1
NU2-11	1236	Response	0	30687010	10211	1
NU2-11	1237	Response	0	30690210	2911	1
NU2-11	1237	Response	0	30691170	3871	1
NU2-11	1238	Response	0	30728290	36825	1
NU2-11	1238	Response	100	30730210	38744	1
NU2-11	1240	Picture	10	30745630	0	1	20166	1	0	next	other	0
NU2-11	1242	Picture	35	30780963	0	1	20166	1	0	next	other	0
NU2-11	1244	Picture	72	30816295	0	1	20166	1	0	next	other	0
NU2-11	1245	Response	0	30950207	113579	1
NU2-11	1245	Response	0	30951167	114539	1
NU2-11	1246	Response	0	30981887	30429	1
NU2-11	1246	Response	100	30983327	31869	1
NU2-11	1248	Picture	11	30998790	0	1	20166	1	0	next	other	0
NU2-11	1250	Picture	36	31034122	0	1	20166	1	0	next	other	0
NU2-11	1252	Picture	50	31069455	0	1	123830	1	0	next	other	0
NU2-11	1252	Text Input	7	31193244	123790	0
NU2-11	1252	Response	0	31193244	123790	1
NU2-11	1253	Response	100	31194204	920	1
NU2-11	1255	Picture	11	31223617	0	1	20166	1	0	next	other	0
NU2-11	1257	Picture	24	31258949	0	1	20166	1	0	next	other	0
NU2-11	1259	Picture	61	31294282	0	1	20166	1	0	next	other	0
NU2-11	1260	Response	0	31377563	62948	1
NU2-11	1260	Response	0	31378682	64068	1
NU2-11	1261	Response	0	31382522	3576	1
NU2-11	1261	Response	0	31383802	4856	1
NU2-11	1262	Response	0	31392282	8170	1
NU2-11	1262	Response	100	31394362	10249	1
NU2-11	1264	Picture	11	31409778	0	1	20166	1	0	next	other	0
NU2-11	1266	Picture	35	31445111	0	1	20166	1	0	next	other	0
NU2-11	1268	Picture	71	31480443	0	1	20166	1	0	next	other	0
NU2-11	1269	Response	0	31513881	13105	1
NU2-11	1269	Response	0	31517080	16305	1
NU2-11	1270	Response	0	31521400	4125	1
NU2-11	1270	Response	0	31522200	4925	1
NU2-11	1271	Response	0	31527640	5198	1
NU2-11	1271	Response	0	31528600	6158	1
NU2-11	1272	Response	0	31536280	7505	1
NU2-11	1272	Response	100	31537720	8945	1
NU2-11	1274	Picture	11	31553107	0	1	20166	1	0	next	other	0
NU2-11	1276	Picture	37	31588440	0	1	20166	1	0	next	other	0
NU2-11	1278	Picture	75	31623772	0	1	20166	1	0	next	other	0
NU2-11	1279	Response	0	31725558	81453	1
NU2-11	1279	Response	0	31727478	83373	1
NU2-11	1280	Response	0	31739318	11548	1
NU2-11	1280	Response	100	31741238	13468	1
NU2-11	1282	Picture	13	31756602	0	1	20166	1	0	next	other	0
NU2-11	1284	Picture	27	31791934	0	1	20166	1	0	next	other	0
NU2-11	1286	Picture	40	31827266	0	1	42999	1	0	next	other	0
NU2-11	1286	Text Input	16	31870196	42930	0
NU2-11	1286	Response	0	31870196	42930	1
NU2-11	1287	Response	100	31871796	1531	1
NU2-11	1289	Picture	12	31900598	0	1	20166	1	0	next	other	0
NU2-11	1291	Picture	27	31935930	0	1	20166	1	0	next	other	0
NU2-11	1293	Picture	66	31971262	0	1	20166	1	0	next	other	0
NU2-11	1294	Response	0	32007155	15560	1
NU2-11	1294	Response	0	32009234	17639	1
NU2-11	1295	Response	0	32012274	2847	1
NU2-11	1295	Response	0	32013874	4446	1
NU2-11	1296	Response	0	32023314	9219	1
NU2-11	1296	Response	100	32024434	10340	1
NU2-11	1298	Picture	9	32039927	0	1	20166	1	0	next	other	0
NU2-11	1300	Picture	26	32075259	0	1	20166	1	0	next	other	0
NU2-11	1302	Picture	40	32110592	0	1	47165	1	0	next	other	0
NU2-11	1302	Text Input	12	32157713	47121	0
NU2-11	1302	Response	0	32157713	47121	1
NU2-11	1303	Response	100	32158833	1076	1
NU2-11	1305	Picture	11	32188089	0	1	20166	1	0	next	other	0
NU2-11	1307	Picture	26	32223422	0	1	20166	1	0	next	other	0
NU2-11	1309	Picture	62	32258754	0	1	20166	1	0	next	other	0
NU2-11	1310	Response	0	32364591	85504	1
NU2-11	1310	Response	0	32365710	86623	1
NU2-11	1311	Response	0	32370990	5072	1
NU2-11	1311	Response	0	32371950	6032	1
NU2-11	1312	Response	0	32380750	8499	1
NU2-11	1312	Response	0	32381230	8979	1
NU2-11	1313	Response	0	32389710	8293	1
NU2-11	1313	Response	100	32391150	9732	1
NU2-11	1315	Picture	12	32406583	0	1	20166	1	0	next	other	0
NU2-11	1317	Picture	35	32441916	0	1	20166	1	0	next	other	0
NU2-11	1319	Picture	73	32477248	0	1	20166	1	0	next	other	0
NU2-11	1320	Response	0	32707147	209566	1
NU2-11	1320	Response	0	32708418	210838	11
NU2-11	1321	Response	0	32711786	3045	1
NU2-11	1321	Response	0	32712746	4005	1
NU2-11	1322	Response	0	32717066	3991	1
NU2-11	1322	Response	0	32717546	4471	1
NU2-11	1323	Response	0	32724906	7165	1
NU2-11	1323	Response	100	32726986	9245	1
NU2-11	1325	Picture	9	32742407	0	1	20166	1	0	next	other	0
NU2-11	1327	Picture	35	32777739	0	1	20166	1	0	next	other	0
NU2-11	1329	Picture	50	32813072	0	1	49832	1	0	next	other	0
NU2-11	1329	Text Input	6	32862824	49752	0
NU2-11	1329	Response	0	32862824	49752	1
NU2-11	1330	Response	100	32864264	1360	1
NU2-11	1332	Picture	12	32893236	0	1	20166	1	0	next	other	0
NU2-11	1334	Picture	24	32928568	0	1	20166	1	0	next	other	0
NU2-11	1336	Picture	40	32963901	0	1	35999	1	0	next	other	0
NU2-11	1336	Text Input	14	32999782	35882	0
NU2-11	1336	Response	0	32999782	35882	1
NU2-11	1337	Response	100	33001222	1323	1
NU2-11	1339	Picture	8	33030232	0	1	20166	1	0	next	other	0
NU2-11	1341	Picture	34	33065565	0	1	20166	1	0	next	other	0
NU2-11	1343	Picture	72	33100897	0	1	20166	1	0	next	other	0
NU2-11	1344	Response	0	33126501	5272	1
NU2-11	1344	Response	100	33127941	6711	1
NU2-11	1346	Picture	11	33143396	0	1	20166	1	0	next	other	0
NU2-11	1348	Picture	34	33178728	0	1	20166	1	0	next	other	0
NU2-11	1350	Picture	50	33214060	0	1	85664	1	0	next	other	0
NU2-11	1350	Text Input	9	33299619	85559	0
NU2-11	1350	Response	0	33299619	85559	1
NU2-11	1351	Response	100	33300739	1014	1
NU2-11	1353	Picture	9	33330057	0	1	20166	1	0	next	other	0
NU2-11	1355	Picture	25	33365389	0	1	20166	1	0	next	other	0
NU2-11	1357	Picture	40	33400722	0	1	33832	1	0	next	other	0
NU2-11	1357	Text Input	11	33434497	33775	0
NU2-11	1357	Response	0	33434497	33775	1
NU2-11	1358	Response	100	33435617	1063	1
NU2-11	1360	Picture	10	33464887	0	1	20166	1	0	next	other	0
NU2-11	1362	Picture	26	33500219	0	1	20166	1	0	next	other	0
NU2-11	1364	Picture	40	33535551	0	1	38166	1	0	next	other	0
NU2-11	1364	Text Input	13	33573696	38144	0
NU2-11	1364	Response	0	33573696	38144	1
NU2-11	1365	Response	100	33574815	1099	1
NU2-11	1367	Picture	8	33604049	0	1	20166	1	0	next	other	0
NU2-11	1369	Picture	24	33639382	0	1	20166	1	0	next	other	0
NU2-11	1371	Picture	61	33674714	0	1	20166	1	0	next	other	0
NU2-11	1372	Response	0	33706974	11928	1
NU2-11	1372	Response	0	33707774	12727	1
NU2-11	1373	Response	0	33716094	8048	1
NU2-11	1373	Response	100	33718014	9968	1
NU2-11	1375	Picture	10	33733379	0	1	20166	1	0	next	other	0
NU2-11	1377	Picture	36	33768711	0	1	20166	1	0	next	other	0
NU2-11	1379	Picture	50	33804044	0	1	30666	1	0	next	other	0
NU2-11	1379	Text Input	7	33834653	30609	0
NU2-11	1379	Response	0	33834653	30609	1
NU2-11	1380	Response	100	33836092	1383	1
NU2-11	1382	Picture	8	33865042	0	1	20166	1	0	next	other	0
NU2-11	1384	Picture	27	33900374	0	1	20166	1	0	next	other	0
NU2-11	1386	Picture	64	33935707	0	1	20166	1	0	next	other	0
NU2-11	1387	Response	0	33985531	29492	1
NU2-11	1387	Response	0	33986171	30131	1
NU2-11	1388	Response	0	33990971	4599	1
NU2-11	1388	Response	0	33991770	5399	1
NU2-11	1389	Response	0	34030010	37972	1
NU2-11	1389	Response	0	34030330	38292	1
NU2-11	1390	Response	0	34046170	15633	1
NU2-11	1390	Response	100	34047610	17073	1
NU2-11	1392	Picture	10	34063036	0	1	20166	1	0	next	other	0
NU2-11	1394	Picture	37	34098369	0	1	20166	1	0	next	other	0
NU2-11	1396	Picture	76	34133701	0	1	20166	1	0	next	other	0
NU2-11	1397	Response	0	34193049	39015	1
NU2-11	1397	Response	0	34196728	42694	1
NU2-11	1398	Response	0	34221528	24496	1
NU2-11	1398	Response	100	34223128	26095	1
NU2-11	1400	Picture	8	34238531	0	1	20166	1	0	next	other	0
NU2-11	1402	Picture	26	34273864	0	1	20166	1	0	next	other	0
NU2-11	1404	Picture	61	34309196	0	1	20166	1	0	next	other	0
NU2-11	1405	Response	0	34359127	29598	1
NU2-11	1405	Response	0	34363126	33598	1
NU2-11	1406	Response	0	34368886	5525	1
NU2-11	1406	Response	100	34370326	6965	1
NU2-11	1408	Picture	11	34385694	0	1	20166	1	0	next	other	0
NU2-11	1410	Picture	35	34421026	0	1	20166	1	0	next	other	0
NU2-11	1412	Picture	50	34456358	0	1	56165	1	0	next	other	0
NU2-11	1412	Text Input	8	34512404	56046	0
NU2-11	1412	Response	0	34512404	56046	1
NU2-11	1413	Response	100	34513844	1321	1
NU2-11	1415	Picture	11	34542856	0	1	20166	1	0	next	other	0
NU2-11	1417	Picture	37	34578188	0	1	20166	1	0	next	other	0
NU2-11	1419	Picture	75	34613521	0	1	20166	1	0	next	other	0
NU2-11	1420	Response	0	34670483	36629	1
NU2-11	1420	Response	0	34672722	38869	1
NU2-11	1421	Response	0	34691922	18903	1
NU2-11	1421	Response	100	34693362	20343	1
NU2-11	1423	Picture	13	34708851	0	1	20166	1	0	next	other	0
NU2-11	1425	Picture	27	34744184	0	1	20166	1	0	next	other	0
NU2-11	1427	Picture	40	34779516	0	1	46665	1	0	next	other	0
NU2-11	1427	Text Input	16	34826160	46645	0
NU2-11	1427	Response	0	34826160	46645	1
NU2-11	1428	Response	100	34827440	1259	1
NU2-11	1430	Picture	10	34856514	0	1	20166	1	0	next	other	0
NU2-11	1432	Picture	27	34891846	0	1	20166	1	0	next	other	0
NU2-11	1434	Picture	63	34927178	0	1	20166	1	0	next	other	0
NU2-11	1435	Response	0	35049678	102167	1
NU2-11	1435	Response	0	35051278	103767	1
NU2-11	1436	Response	0	35057358	5850	1
NU2-11	1436	Response	0	35058158	6650	1
NU2-11	1437	Response	0	35074318	15976	1
NU2-11	1437	Response	100	35075917	17576	1
NU2-11	1439	Picture	8	35091340	0	1	20166	1	0	next	other	0
NU2-11	1441	Picture	36	35126673	0	1	20166	1	0	next	other	0
NU2-11	1443	Picture	50	35162005	0	1	54332	1	0	next	other	0
NU2-11	1443	Text Input	5	35216236	54231	0
NU2-11	1443	Response	0	35216236	54231	1
NU2-11	1444	Response	100	35217516	1179	1
NU2-11	1446	Picture	11	35246669	0	1	20166	1	0	next	other	0
NU2-11	1448	Picture	37	35282002	0	1	20166	1	0	next	other	0
NU2-11	1450	Picture	50	35317334	0	1	80831	1	0	next	other	0
NU2-11	1450	Text Input	7	35398154	80820	0
NU2-11	1450	Response	0	35398154	80820	1
NU2-11	1451	Response	100	35399594	1429	1
NU2-11	1453	Picture	9	35428498	0	1	20166	1	0	next	other	0
NU2-11	1455	Picture	27	35463830	0	1	20166	1	0	next	other	0
NU2-11	1457	Picture	40	35499162	0	1	115830	1	0	next	other	0
NU2-11	1457	Text Input	12	35614951	115789	0
NU2-11	1457	Response	0	35614951	115789	1
NU2-11	1458	Response	100	35616551	1559	1
NU2-11	1460	Picture	11	35645325	0	1	20166	1	0	next	other	0
NU2-11	1462	Picture	27	35680657	0	1	20166	1	0	next	other	0
NU2-11	1464	Picture	40	35715989	0	1	44499	1	0	next	other	0
NU2-11	1464	Text Input	14	35760389	44400	0
NU2-11	1464	Response	0	35760389	44400	1
NU2-11	1465	Response	100	35761669	1181	1
NU2-11	1468	Picture	13	36390970	0	1	20166	1	0	next	other	0
NU2-11	1470	Picture	27	36426302	0	1	20166	1	0	next	other	0
NU2-11	1472	Picture	40	36461635	0	1	39166	1	0	next	other	0
NU2-11	1472	Text Input	16	36500700	39066	0
NU2-11	1472	Response	0	36500700	39066	1
NU2-11	1473	Response	100	36502780	1980	1
NU2-11	1475	Picture	12	36531133	0	1	20166	1	0	next	other	0
NU2-11	1477	Picture	24	36566465	0	1	20166	1	0	next	other	0
NU2-11	1479	Picture	40	36601798	0	1	32832	1	0	next	other	0
NU2-11	1479	Text Input	14	36634619	32821	0
NU2-11	1479	Response	0	36634619	32821	1
NU2-11	1480	Response	100	36636219	1589	1
NU2-11	1482	Picture	8	36664962	0	1	20166	1	0	next	other	0
NU2-11	1484	Picture	37	36700295	0	1	20166	1	0	next	other	0
NU2-11	1486	Picture	72	36735627	0	1	20166	1	0	next	other	0
NU2-11	1487	Response	0	36769018	13058	1
NU2-11	1487	Response	0	36770777	14817	1
NU2-11	1488	Response	0	36785817	14858	1
NU2-11	1488	Response	0	36786777	15817	1
NU2-11	1489	Response	0	36793497	6538	1
NU2-11	1489	Response	0	36794297	7338	1
NU2-11	1490	Response	0	36859256	64631	1
NU2-11	1490	Response	100	36861176	66551	1
NU2-11	1492	Picture	12	36876623	0	1	20166	1	0	next	other	0
NU2-11	1494	Picture	34	36911955	0	1	20166	1	0	next	other	0
NU2-11	1496	Picture	73	36947288	0	1	20166	1	0	next	other	0
NU2-11	1497	Response	0	37000855	33234	1
NU2-11	1497	Response	0	37004214	36594	1
NU2-11	1498	Response	0	37025014	20562	1
NU2-11	1498	Response	100	37026454	22001	1
NU2-11	1500	Picture	11	37041952	0	1	20166	1	0	next	other	0
NU2-11	1502	Picture	26	37077284	0	1	20166	1	0	next	other	0
NU2-11	1504	Picture	65	37112616	0	1	20166	1	0	next	other	0
NU2-11	1505	Response	0	37260052	127103	1
NU2-11	1505	Response	0	37261011	128062	1
NU2-11	1506	Response	0	37284691	23412	1
NU2-11	1506	Response	100	37286291	25012	1
NU2-11	1508	Picture	11	37301778	0	1	20166	1	0	next	other	0
NU2-11	1510	Picture	34	37337110	0	1	20166	1	0	next	other	0
NU2-11	1512	Picture	71	37372442	0	1	20166	1	0	next	other	0
NU2-11	1513	Response	0	37423250	30475	1
NU2-11	1513	Response	0	37424529	31754	1
NU2-11	1514	Response	0	37467569	42795	1
NU2-11	1514	Response	0	37468369	43594	1
NU2-11	1515	Response	0	37475409	6803	1
NU2-11	1515	Response	100	37478129	9522	1
NU2-11	1517	Picture	10	37493606	0	1	20166	1	0	next	other	0
NU2-11	1519	Picture	24	37528938	0	1	20166	1	0	next	other	0
NU2-11	1521	Picture	40	37564270	0	1	35999	1	0	next	other	0
NU2-11	1521	Text Input	12	37600207	35937	0
NU2-11	1521	Response	0	37600207	35937	1
NU2-11	1522	Response	100	37601167	898	1
NU2-11	1524	Picture	12	37630602	0	1	20166	1	0	next	other	0
NU2-11	1526	Picture	24	37665934	0	1	20166	1	0	next	other	0
NU2-11	1528	Picture	61	37701266	0	1	20166	1	0	next	other	0
NU2-11	1529	Response	0	37744686	23087	1
NU2-11	1529	Response	0	37745805	24206	1
NU2-11	1530	Response	0	37756525	10427	1
NU2-11	1530	Response	100	37758125	12027	1
NU2-11	1532	Picture	11	37773598	0	1	20166	1	0	next	other	0
NU2-11	1534	Picture	25	37808930	0	1	20166	1	0	next	other	0
NU2-11	1536	Picture	61	37844262	0	1	20166	1	0	next	other	0
NU2-11	1537	Response	0	37907724	43129	1
NU2-11	1537	Response	0	37910763	46168	1
NU2-11	1538	Response	0	37927883	16790	1
NU2-11	1538	Response	100	37929163	18069	1
NU2-11	1540	Picture	9	37944593	0	1	20166	1	0	next	other	0
NU2-11	1542	Picture	34	37979925	0	1	20166	1	0	next	other	0
NU2-11	1544	Picture	50	38015257	0	1	53332	1	0	next	other	0
NU2-11	1544	Text Input	7	38068522	53264	0
NU2-11	1544	Response	0	38068522	53264	1
NU2-11	1545	Response	100	38069961	1372	1
NU2-11	1547	Picture	8	38098922	0	1	20166	1	0	next	other	0
NU2-11	1549	Picture	36	38134254	0	1	20166	1	0	next	other	0
NU2-11	1551	Picture	71	38169586	0	1	20166	1	0	next	other	0
NU2-11	1552	Response	0	38286279	96360	1
NU2-11	1552	Response	0	38289319	99400	1
NU2-11	1553	Response	0	38326439	36856	1
NU2-11	1553	Response	100	38327878	38295	1
NU2-11	1555	Picture	10	38343248	0	1	20166	1	0	next	other	0
NU2-11	1557	Picture	35	38378580	0	1	20166	1	0	next	other	0
NU2-11	1559	Picture	73	38413913	0	1	20166	1	0	next	other	0
NU2-11	1560	Response	0	38550916	116671	1
NU2-11	1560	Response	0	38552036	117790	1
NU2-11	1561	Response	0	38556676	4434	1
NU2-11	1561	Response	0	38557956	5713	1
NU2-11	1562	Response	0	38566436	8194	1
NU2-11	1562	Response	0	38567395	9153	1
NU2-11	1563	Response	0	38571556	3980	1
NU2-11	1563	Response	0	38572676	5100	1
NU2-11	1564	Response	0	38787073	214165	1
NU2-11	1564	Response	0	38787873	214965	1
NU2-11	1565	Response	0	38799873	11804	1
NU2-11	1565	Response	100	38801153	13084	1
NU2-11	1567	Picture	10	38816568	0	1	20166	1	0	next	other	0
NU2-11	1569	Picture	36	38851900	0	1	20166	1	0	next	other	0
NU2-11	1571	Picture	71	38887233	0	1	20166	1	0	next	other	0
NU2-11	1572	Response	0	38921472	13906	1
NU2-11	1572	Response	0	38925151	17586	1
NU2-11	1573	Response	0	38942271	16873	1
NU2-11	1573	Response	100	38943391	17993	1
NU2-11	1575	Picture	9	38958731	0	1	20166	1	0	next	other	0
NU2-11	1577	Picture	26	38994063	0	1	20166	1	0	next	other	0
NU2-11	1579	Picture	40	39029395	0	1	78331	1	0	next	other	0
NU2-11	1579	Text Input	12	39107549	78154	0
NU2-11	1579	Response	0	39107549	78154	1
NU2-11	1580	Response	100	39108989	1263	1
NU2-11	1582	Picture	10	39138059	0	1	20166	1	0	next	other	0
NU2-11	1584	Picture	34	39173391	0	1	20166	1	0	next	other	0
NU2-11	1586	Picture	71	39208724	0	1	20166	1	0	next	other	0
NU2-11	1587	Response	0	39282267	53211	1
NU2-11	1587	Response	0	39283387	54331	1
NU2-11	1588	Response	0	39288507	4952	1
NU2-11	1588	Response	0	39289307	5752	1
NU2-11	1589	Response	0	39293787	4232	1
NU2-11	1589	Response	0	39294267	4712	1
NU2-11	1590	Response	0	39302107	7552	1
NU2-11	1590	Response	100	39303227	8672	1
NU2-11	1592	Picture	12	39318720	0	1	20166	1	0	next	other	0
NU2-11	1594	Picture	27	39354053	0	1	20166	1	0	next	other	0
NU2-11	1596	Picture	40	39389385	0	1	41499	1	0	next	other	0
NU2-11	1596	Text Input	15	39430745	41360	0
NU2-11	1596	Response	0	39430745	41360	1
NU2-11	1597	Response	100	39432025	1141	1
NU2-11	1599	Picture	12	39461216	0	1	20166	1	0	next	other	0
NU2-11	1601	Picture	27	39496549	0	1	20166	1	0	next	other	0
NU2-11	1603	Picture	40	39531881	0	1	311658	1	0	next	other	0
NU2-11	1603	Text Input	15	39843380	311499	0
NU2-11	1603	Response	0	39843380	311499	1
NU2-11	1604	Response	100	39844500	961	1
NU2-11	1606	Picture	11	39873871	0	1	20166	1	0	next	other	0
NU2-11	1608	Picture	37	39909204	0	1	20166	1	0	next	other	0
NU2-11	1610	Picture	50	39944536	0	1	64998	1	0	next	other	0
NU2-11	1610	Text Input	7	40009458	64922	0
NU2-11	1610	Response	0	40009458	64922	1
NU2-11	1611	Response	100	40010418	884	1
NU2-11	1613	Picture	10	40039867	0	1	20166	1	0	next	other	0
NU2-11	1615	Picture	26	40075199	0	1	20166	1	0	next	other	0
NU2-11	1617	Picture	61	40110531	0	1	20166	1	0	next	other	0
NU2-11	1618	Response	0	40204016	73152	1
NU2-11	1618	Response	0	40206416	75552	1
NU2-11	1619	Response	0	40237936	31241	1
NU2-11	1619	Response	0	40238415	31720	1
NU2-11	1620	Response	0	40245936	7242	1
NU2-11	1620	Response	100	40247376	8681	1
NU2-11	1622	Picture	11	40262860	0	1	20166	1	0	next	other	0
NU2-11	1624	Picture	24	40298193	0	1	20166	1	0	next	other	0
NU2-11	1626	Picture	40	40333525	0	1	58998	1	0	next	other	0
NU2-11	1626	Text Input	13	40392494	58969	0
NU2-11	1626	Response	0	40392494	58969	1
NU2-11	1627	Response	100	40393134	610	1
NU2-11	1629	Picture	13	40422856	0	1	20166	1	0	next	other	0
NU2-11	1631	Picture	25	40458188	0	1	20166	1	0	next	other	0
NU2-11	1633	Picture	40	40493520	0	1	33166	1	0	next	other	0
NU2-11	1633	Text Input	15	40526572	33052	0
NU2-11	1633	Response	0	40526572	33052	1
NU2-11	1634	Response	100	40528012	1326	1
NU2-11	1636	Picture	End of exepriment	40541852	0	1	104016	1	0	next	other	0
NU2-11	1636	Response	0	40578032	36179	1
NU2-11	1636	Response	0	40623211	81359	1

The following output port codes were not sent because of a conflict on the port.
Port	Code	Time(ms)
1	0	4.05419e+006
