Scenario - 
Logfile written - 03/30/2016 13:49:26

Subject	Trial	Event Type	Code	Time	TTime	Uncertainty	Duration	Uncertainty	ReqTime	ReqDur	Stim Type	Pair Index

NU2-06	1	Picture	Instructions	151	0	183	154511	183	0	next	other	0
NU2-06	1	Response	0	154513	154362	1
NU2-06	2	Picture	Instructions	154661	0	1	32166	1	0	next	other	0
NU2-06	2	Response	0	186672	32011	1
NU2-06	4	Picture	Experiment starts	186827	0	1	30166	1	0	next	other	0
NU2-06	6	Picture	10	232159	0	1	20166	1	0	next	other	0
NU2-06	8	Picture	27	267491	0	1	20166	1	0	next	other	0
NU2-06	10	Picture	40	302823	0	1	32666	1	0	next	other	0
NU2-06	10	Text Input	13	335469	32646	0
NU2-06	13	Picture	8	365821	0	1	20166	1	0	next	other	0
NU2-06	15	Picture	27	401153	0	1	20166	1	0	next	other	0
NU2-06	17	Picture	64	436485	0	1	20166	1	0	next	other	0
NU2-06	18	Response	0	478507	21689	1
NU2-06	18	Response	0	479787	22969	1
NU2-06	19	Response	0	526986	47002	1
NU2-06	19	Response	0	528266	48282	1
NU2-06	20	Response	0	530666	2184	1
NU2-06	20	Response	0	531786	3304	1
NU2-06	21	Response	0	538986	7004	1
NU2-06	21	Response	0	539785	7804	1
NU2-06	22	Response	0	638664	98682	1
NU2-06	22	Response	100	639944	99962	1
NU2-06	24	Picture	8	655311	0	1	20166	1	0	next	other	0
NU2-06	26	Picture	36	690643	0	1	20166	1	0	next	other	0
NU2-06	28	Picture	50	725975	0	1	158495	1	0	next	other	0
NU2-06	28	Text Input	5	884419	158444	0
NU2-06	31	Picture	12	914802	0	1	20166	1	0	next	other	0
NU2-06	33	Picture	27	950134	0	1	20166	1	0	next	other	0
NU2-06	35	Picture	40	985466	0	1	39499	1	0	next	other	0
NU2-06	35	Text Input	14	1024897	39431	0
NU2-06	38	Picture	8	1055297	0	1	20166	1	0	next	other	0
NU2-06	40	Picture	26	1090629	0	1	20166	1	0	next	other	0
NU2-06	42	Picture	65	1125962	0	1	20166	1	0	next	other	0
NU2-06	43	Response	0	1151295	5001	1
NU2-06	43	Response	0	1157374	11080	1
NU2-06	44	Response	0	1160894	3267	1
NU2-06	44	Response	0	1162014	4387	1
NU2-06	45	Response	0	1165055	2761	1
NU2-06	45	Response	0	1166174	3881	1
NU2-06	46	Response	0	1196574	30114	1
NU2-06	46	Response	100	1198174	31714	1
NU2-06	48	Picture	9	1213625	0	1	20166	1	0	next	other	0
NU2-06	50	Picture	37	1248957	0	1	20166	1	0	next	other	0
NU2-06	52	Picture	76	1284289	0	1	20166	1	0	next	other	0
NU2-06	53	Response	0	1338972	34349	1
NU2-06	53	Response	0	1343131	38509	1
NU2-06	54	Response	0	1346171	2717	1
NU2-06	54	Response	0	1347131	3677	1
NU2-06	55	Response	0	1352251	4797	1
NU2-06	55	Response	0	1353211	5757	1
NU2-06	56	Response	0	1387930	34476	1
NU2-06	56	Response	100	1389530	36076	1
NU2-06	58	Picture	9	1404952	0	1	20166	1	0	next	other	0
NU2-06	60	Picture	26	1440284	0	1	20166	1	0	next	other	0
NU2-06	62	Picture	40	1475616	0	1	60665	1	0	next	other	0
NU2-06	62	Text Input	12	1536248	60631	0
NU2-06	65	Picture	10	1566613	0	1	20166	1	0	next	other	0
NU2-06	67	Picture	25	1601945	0	1	20166	1	0	next	other	0
NU2-06	69	Picture	62	1637277	0	1	20166	1	0	next	other	0
NU2-06	70	Response	0	1662646	5036	1
NU2-06	70	Response	0	1663765	6155	1
NU2-06	71	Response	0	1666965	3022	1
NU2-06	71	Response	0	1667925	3982	1
NU2-06	72	Response	0	1670325	2216	1
NU2-06	72	Response	0	1671285	3176	1
NU2-06	73	Response	0	1683445	11835	1
NU2-06	73	Response	0	1684405	12795	1
NU2-06	74	Response	0	1692565	7956	1
NU2-06	74	Response	0	1693365	8756	1
NU2-06	75	Response	0	1707765	14156	1
NU2-06	75	Response	100	1709045	15436	1
NU2-06	77	Picture	12	1724441	0	1	20166	1	0	next	other	0
NU2-06	79	Picture	25	1759773	0	1	20166	1	0	next	other	0
NU2-06	81	Picture	64	1795105	0	1	20166	1	0	next	other	0
NU2-06	82	Response	0	1820723	5285	1
NU2-06	82	Response	0	1825363	9925	1
NU2-06	83	Response	0	1827922	2318	1
NU2-06	83	Response	0	1828882	3278	1
NU2-06	84	Response	0	1830322	1218	1
NU2-06	84	Response	0	1831282	2178	1
NU2-06	85	Response	0	1834162	2558	1
NU2-06	85	Response	0	1835282	3678	1
NU2-06	86	Response	0	1845682	10078	1
NU2-06	86	Response	0	1846162	10558	1
NU2-06	87	Response	0	1859282	12845	1
NU2-06	87	Response	100	1861042	14605	1
NU2-06	89	Picture	8	1876436	0	1	20166	1	0	next	other	0
NU2-06	91	Picture	34	1911768	0	1	20166	1	0	next	other	0
NU2-06	93	Picture	50	1947100	0	1	32166	1	0	next	other	0
NU2-06	93	Text Input	6	1979120	32020	0
NU2-06	96	Picture	11	2009598	0	1	20166	1	0	next	other	0
NU2-06	98	Picture	36	2044930	0	1	20166	1	0	next	other	0
NU2-06	100	Picture	73	2080262	0	1	20166	1	0	next	other	0
NU2-06	101	Response	0	2174157	73562	1
NU2-06	101	Response	100	2175276	74681	1
NU2-06	103	Picture	10	2190759	0	1	20166	1	0	next	other	0
NU2-06	105	Picture	24	2226091	0	1	20166	1	0	next	other	0
NU2-06	107	Picture	40	2261423	0	1	26832	1	0	next	other	0
NU2-06	107	Text Input	12	2288234	26811	0
NU2-06	110	Picture	10	2318587	0	1	20166	1	0	next	other	0
NU2-06	112	Picture	34	2353920	0	1	20166	1	0	next	other	0
NU2-06	114	Picture	50	2389252	0	1	26666	1	0	next	other	0
NU2-06	114	Text Input	8	2415752	26500	0
NU2-06	117	Picture	13	2446250	0	1	20166	1	0	next	other	0
NU2-06	119	Picture	37	2481582	0	1	20166	1	0	next	other	0
NU2-06	121	Picture	50	2516914	0	1	39832	1	0	next	other	0
NU2-06	121	Text Input	9	2556709	39795	0
NU2-06	124	Picture	10	2587078	0	1	20166	1	0	next	other	0
NU2-06	126	Picture	25	2622410	0	1	20166	1	0	next	other	0
NU2-06	128	Picture	40	2657742	0	1	26832	1	0	next	other	0
NU2-06	128	Text Input	12	2684547	26804	0
NU2-06	131	Picture	10	2714907	0	1	20166	1	0	next	other	0
NU2-06	133	Picture	25	2750239	0	1	20166	1	0	next	other	0
NU2-06	135	Picture	40	2785571	0	1	26499	1	0	next	other	0
NU2-06	135	Text Input	12	2811905	26333	0
NU2-06	138	Picture	12	2842403	0	1	20166	1	0	next	other	0
NU2-06	140	Picture	37	2877735	0	1	20166	1	0	next	other	0
NU2-06	142	Picture	50	2913067	0	1	104496	1	0	next	other	0
NU2-06	142	Text Input	8	3017501	104434	0
NU2-06	145	Picture	13	3047896	0	1	20166	1	0	next	other	0
NU2-06	147	Picture	25	3083228	0	1	20166	1	0	next	other	0
NU2-06	149	Picture	40	3118560	0	1	26166	1	0	next	other	0
NU2-06	149	Text Input	15	3144699	26139	0
NU2-06	152	Picture	12	3175058	0	1	20166	1	0	next	other	0
NU2-06	154	Picture	24	3210390	0	1	20166	1	0	next	other	0
NU2-06	156	Picture	40	3245722	0	1	30999	1	0	next	other	0
NU2-06	156	Text Input	14	3276696	30974	0
NU2-06	159	Picture	11	3307054	0	1	20166	1	0	next	other	0
NU2-06	161	Picture	34	3342386	0	1	20166	1	0	next	other	0
NU2-06	163	Picture	50	3377718	0	1	43665	1	0	next	other	0
NU2-06	163	Text Input	9	3421334	43616	0
NU2-06	166	Picture	11	3451715	0	1	20166	1	0	next	other	0
NU2-06	168	Picture	26	3487047	0	1	20166	1	0	next	other	0
NU2-06	170	Picture	40	3522380	0	1	56665	1	0	next	other	0
NU2-06	170	Text Input	14	3578931	56551	0
NU2-06	173	Picture	8	3609377	0	1	20166	1	0	next	other	0
NU2-06	175	Picture	35	3644709	0	1	20166	1	0	next	other	0
NU2-06	177	Picture	72	3680041	0	1	20166	1	0	next	other	0
NU2-06	178	Response	0	3706769	6396	1
NU2-06	178	Response	0	3707729	7355	1
NU2-06	179	Response	0	3710769	2729	1
NU2-06	179	Response	0	3711728	3689	1
NU2-06	180	Response	0	3714449	2409	1
NU2-06	180	Response	0	3715249	3209	1
NU2-06	181	Response	0	3744368	28829	1
NU2-06	181	Response	0	3745328	29788	1
NU2-06	182	Response	0	3752048	6509	1
NU2-06	182	Response	0	3752528	6989	1
NU2-06	183	Response	0	3768208	15503	1
NU2-06	183	Response	0	3768367	15662	1
NU2-06	184	Response	0	3783248	14710	1
NU2-06	184	Response	100	3784847	16310	1
NU2-06	186	Picture	10	3800203	0	1	20166	1	0	next	other	0
NU2-06	188	Picture	36	3835536	0	1	20166	1	0	next	other	0
NU2-06	190	Picture	50	3870868	0	1	32999	1	0	next	other	0
NU2-06	190	Text Input	12	3903725	32857	0
NU2-06	193	Picture	11	3934199	0	1	20166	1	0	next	other	0
NU2-06	195	Picture	36	3969531	0	1	20166	1	0	next	other	0
NU2-06	197	Picture	74	4004863	0	1	20166	1	0	next	other	0
NU2-06	198	Response	0	4097962	72767	1
NU2-06	198	Response	0	4098442	73246	1
NU2-06	199	Response	0	4101801	3108	1
NU2-06	199	Response	0	4102442	3748	1
NU2-06	200	Response	0	4108362	5669	1
NU2-06	200	Response	0	4109002	6308	1
NU2-06	201	Response	0	4120682	11489	1
NU2-06	201	Response	100	4121961	12768	1
NU2-06	203	Picture	9	4137359	0	1	20166	1	0	next	other	0
NU2-06	205	Picture	24	4172691	0	1	20166	1	0	next	other	0
NU2-06	207	Picture	40	4208023	0	1	32332	1	0	next	other	0
NU2-06	207	Text Input	11	4240199	32176	0
NU2-06	210	Picture	11	4270687	0	1	20166	1	0	next	other	0
NU2-06	212	Picture	25	4306019	0	1	20166	1	0	next	other	0
NU2-06	214	Picture	64	4341352	0	1	20166	1	0	next	other	0
NU2-06	215	Response	0	4365477	3793	1
NU2-06	215	Response	0	4368677	6993	1
NU2-06	216	Response	0	4371237	2386	1
NU2-06	216	Response	0	4372837	3986	1
NU2-06	217	Response	0	4374277	1260	1
NU2-06	217	Response	0	4375237	2220	1
NU2-06	218	Response	0	4387557	12039	1
NU2-06	218	Response	100	4389157	13639	1
NU2-06	220	Picture	10	4404516	0	1	20166	1	0	next	other	0
NU2-06	222	Picture	36	4439848	0	1	20166	1	0	next	other	0
NU2-06	224	Picture	50	4475180	0	1	88497	1	0	next	other	0
NU2-06	224	Text Input	7	4563553	88373	0
NU2-06	227	Picture	12	4594010	0	1	20166	1	0	next	other	0
NU2-06	229	Picture	24	4629342	0	1	20166	1	0	next	other	0
NU2-06	231	Picture	61	4664674	0	1	20166	1	0	next	other	0
NU2-06	232	Response	0	4688832	3825	1
NU2-06	232	Response	0	4692191	7185	1
NU2-06	233	Response	0	4695391	2885	1
NU2-06	233	Response	0	4696511	4005	1
NU2-06	234	Response	0	4707711	10871	1
NU2-06	234	Response	100	4709151	12311	1
NU2-06	236	Picture	8	4724505	0	1	20166	1	0	next	other	0
NU2-06	238	Picture	25	4759837	0	1	20166	1	0	next	other	0
NU2-06	240	Picture	61	4795169	0	1	20166	1	0	next	other	0
NU2-06	241	Response	0	4819230	3728	1
NU2-06	241	Response	0	4821309	5807	1
NU2-06	242	Response	0	4824029	2527	1
NU2-06	242	Response	0	4825309	3807	1
NU2-06	243	Response	0	4827229	1727	1
NU2-06	243	Response	0	4828349	2847	1
NU2-06	244	Response	0	4878588	49920	1
NU2-06	244	Response	0	4879388	50720	1
NU2-06	245	Response	0	4895227	15561	1
NU2-06	245	Response	0	4895867	16201	1
NU2-06	246	Response	0	4903067	6901	1
NU2-06	246	Response	0	4903867	7701	1
NU2-06	247	Response	0	4915707	11541	1
NU2-06	247	Response	100	4916987	12821	1
NU2-06	249	Picture	8	4932331	0	1	20166	1	0	next	other	0
NU2-06	251	Picture	24	4967663	0	1	20166	1	0	next	other	0
NU2-06	253	Picture	40	5002996	0	1	29666	1	0	next	other	0
NU2-06	253	Text Input	10	5032505	29509	0
NU2-06	256	Picture	11	5062994	0	1	20166	1	0	next	other	0
NU2-06	258	Picture	24	5098326	0	1	20166	1	0	next	other	0
NU2-06	260	Picture	62	5133658	0	1	20166	1	0	next	other	0
NU2-06	261	Response	0	5161623	7633	1
NU2-06	261	Response	100	5162743	8752	1
NU2-06	263	Picture	11	5178156	0	1	20166	1	0	next	other	0
NU2-06	265	Picture	37	5213488	0	1	20166	1	0	next	other	0
NU2-06	267	Picture	50	5248821	0	1	67164	1	0	next	other	0
NU2-06	267	Text Input	7	5315860	67039	0
NU2-06	270	Picture	8	5346317	0	1	20163	19	0	next	other	0
NU2-06	272	Picture	24	5381649	0	1	20166	1	0	next	other	0
NU2-06	274	Picture	40	5416982	0	1	29166	1	0	next	other	0
NU2-06	274	Text Input	10	5446097	29116	0
NU2-06	277	Picture	11	5476480	0	1	20166	1	0	next	other	0
NU2-06	279	Picture	35	5511812	0	1	20166	1	0	next	other	0
NU2-06	281	Picture	50	5547144	0	1	24832	1	0	next	other	0
NU2-06	281	Text Input	8	5571855	24712	0
NU2-06	284	Picture	10	5602309	0	1	20166	1	0	next	other	0
NU2-06	286	Picture	34	5637641	0	1	20166	1	0	next	other	0
NU2-06	288	Picture	72	5672973	0	1	20166	1	0	next	other	0
NU2-06	289	Response	0	5714413	21107	1
NU2-06	289	Response	100	5715693	22387	1
NU2-06	291	Picture	10	5731137	0	1	20166	1	0	next	other	0
NU2-06	293	Picture	25	5766470	0	1	20166	1	0	next	other	0
NU2-06	295	Picture	40	5801802	0	1	31666	1	0	next	other	0
NU2-06	295	Text Input	12	5833291	31489	0
NU2-06	298	Picture	12	5863800	0	1	20166	1	0	next	other	0
NU2-06	300	Picture	34	5899132	0	1	20166	1	0	next	other	0
NU2-06	302	Picture	73	5934464	0	1	20166	1	0	next	other	0
NU2-06	303	Response	0	5961448	6652	1
NU2-06	303	Response	0	5962408	7612	1
NU2-06	304	Response	0	5963848	1219	1
NU2-06	304	Response	0	5964488	1859	1
NU2-06	305	Response	0	5966408	1612	1
NU2-06	305	Response	0	5966888	2092	1
NU2-06	306	Response	0	5968808	1679	1
NU2-06	306	Response	0	5969448	2319	1
NU2-06	307	Response	0	5971528	1899	1
NU2-06	307	Response	0	5972488	2859	1
NU2-06	308	Response	0	5976328	3532	1
NU2-06	308	Response	0	5976808	4012	1
NU2-06	309	Response	0	5991048	13919	1
NU2-06	309	Response	0	5992008	14879	1
NU2-06	310	Response	0	6002728	10433	1
NU2-06	310	Response	100	6003688	11392	1
NU2-06	312	Picture	8	6019128	0	1	20166	1	0	next	other	0
NU2-06	314	Picture	26	6054460	0	1	20166	1	0	next	other	0
NU2-06	316	Picture	40	6089792	0	1	49498	1	0	next	other	0
NU2-06	316	Text Input	11	6139205	49413	0
NU2-06	319	Picture	8	6169622	0	1	20166	1	0	next	other	0
NU2-06	321	Picture	24	6204955	0	1	20166	1	0	next	other	0
NU2-06	323	Picture	40	6240287	0	1	33666	1	0	next	other	0
NU2-06	323	Text Input	10	6273923	33636	0
NU2-06	326	Picture	10	6304285	0	1	20166	1	0	next	other	0
NU2-06	328	Picture	36	6339617	0	1	20166	1	0	next	other	0
NU2-06	330	Picture	71	6374949	0	1	20166	1	0	next	other	0
NU2-06	331	Response	0	6400161	4879	1
NU2-06	331	Response	0	6402400	7119	1
NU2-06	332	Response	0	6405120	2506	1
NU2-06	332	Response	0	6405920	3306	1
NU2-06	333	Response	0	6407680	1566	1
NU2-06	333	Response	0	6408320	2206	1
NU2-06	334	Response	0	6411840	3226	1
NU2-06	334	Response	0	6412480	3866	1
NU2-06	335	Response	0	6473440	60659	1
NU2-06	335	Response	100	6474879	62098	1
NU2-06	337	Picture	8	6490278	0	1	20166	1	0	next	other	0
NU2-06	339	Picture	27	6525610	0	1	20166	1	0	next	other	0
NU2-06	341	Picture	65	6560942	0	1	20166	1	0	next	other	0
NU2-06	342	Response	0	6585437	4162	1
NU2-06	342	Response	0	6588637	7362	1
NU2-06	343	Response	0	6591517	2575	1
NU2-06	343	Response	0	6592637	3695	1
NU2-06	344	Response	0	6596477	3535	1
NU2-06	344	Response	0	6597597	4656	1
NU2-06	345	Response	0	6623837	26062	1
NU2-06	345	Response	0	6624316	26542	1
NU2-06	346	Response	0	6642877	18270	1
NU2-06	346	Response	100	6644316	19709	1
NU2-06	348	Picture	12	6659772	0	1	20166	1	0	next	other	0
NU2-06	350	Picture	26	6695105	0	1	20166	1	0	next	other	0
NU2-06	352	Picture	40	6730437	0	1	39332	1	0	next	other	0
NU2-06	352	Text Input	15	6769594	39157	0
NU2-06	355	Picture	10	6800101	0	1	20166	1	0	next	other	0
NU2-06	357	Picture	34	6835433	0	1	20166	1	0	next	other	0
NU2-06	359	Picture	71	6870765	0	1	20166	1	0	next	other	0
NU2-06	360	Response	0	6896792	5694	1
NU2-06	360	Response	0	6899992	8894	1
NU2-06	361	Response	0	6902711	2447	1
NU2-06	361	Response	0	6903511	3247	1
NU2-06	362	Response	0	6905271	1507	1
NU2-06	362	Response	0	6906231	2467	1
NU2-06	363	Response	0	6914871	8440	1
NU2-06	363	Response	0	6915831	9400	1
NU2-06	364	Response	0	6923191	7094	1
NU2-06	364	Response	0	6924311	8214	1
NU2-06	365	Response	0	6926551	1954	1
NU2-06	365	Response	0	6927671	3074	1
NU2-06	366	Response	0	6929751	1821	1
NU2-06	366	Response	0	6930711	2781	1
NU2-06	367	Response	0	6933591	2661	1
NU2-06	367	Response	0	6934391	3461	1
NU2-06	368	Response	0	6998390	63794	1
NU2-06	368	Response	0	6999510	64913	1
NU2-06	369	Response	0	7001910	2149	1
NU2-06	369	Response	0	7003030	3269	1
NU2-06	370	Response	0	7005270	2009	1
NU2-06	370	Response	0	7006230	2969	1
NU2-06	371	Response	0	7035509	29082	1
NU2-06	371	Response	0	7035989	29562	1
NU2-06	372	Response	0	7049909	13649	1
NU2-06	372	Response	100	7051509	15249	1
NU2-06	374	Picture	12	7066925	0	1	20166	1	0	next	other	0
NU2-06	376	Picture	24	7102257	0	1	20166	1	0	next	other	0
NU2-06	378	Picture	62	7137589	0	1	20166	1	0	next	other	0
NU2-06	379	Response	0	7161107	3185	1
NU2-06	379	Response	100	7162387	4465	1
NU2-06	381	Picture	8	7177755	0	1	20166	1	0	next	other	0
NU2-06	383	Picture	34	7213087	0	1	20166	1	0	next	other	0
NU2-06	385	Picture	50	7248419	0	1	25999	1	0	next	other	0
NU2-06	385	Text Input	6	7274385	25966	0
NU2-06	388	Picture	12	7304750	0	1	20166	1	0	next	other	0
NU2-06	390	Picture	26	7340083	0	1	20166	1	0	next	other	0
NU2-06	392	Picture	40	7375415	0	1	44998	1	0	next	other	0
NU2-06	392	Text Input	15	7420302	44887	0
NU2-06	395	Picture	8	7450745	0	1	20166	1	0	next	other	0
NU2-06	397	Picture	35	7486078	0	1	20166	1	0	next	other	0
NU2-06	399	Picture	71	7521410	0	1	20166	1	0	next	other	0
NU2-06	400	Response	0	7546860	5118	1
NU2-06	400	Response	0	7548300	6558	1
NU2-06	401	Response	0	7589259	40684	1
NU2-06	401	Response	0	7590059	41483	1
NU2-06	402	Response	0	7607499	17258	1
NU2-06	402	Response	100	7608939	18698	1
NU2-06	404	Picture	10	7624406	0	1	20166	1	0	next	other	0
NU2-06	406	Picture	34	7659738	0	1	20166	1	0	next	other	0
NU2-06	408	Picture	50	7695070	0	1	28166	1	0	next	other	0
NU2-06	408	Text Input	8	7723177	28106	0
NU2-06	411	Picture	12	7753568	0	1	20166	1	0	next	other	0
NU2-06	413	Picture	26	7788901	0	1	20166	1	0	next	other	0
NU2-06	415	Picture	40	7824233	0	1	43499	1	0	next	other	0
NU2-06	415	Text Input	15	7867654	43422	0
NU2-06	418	Picture	9	7898064	0	1	20166	1	0	next	other	0
NU2-06	420	Picture	26	7933396	0	1	20166	1	0	next	other	0
NU2-06	422	Picture	40	7968728	0	1	27499	1	0	next	other	0
NU2-06	422	Text Input	12	7996132	27404	0
NU2-06	425	Picture	9	8026559	0	1	20166	1	0	next	other	0
NU2-06	427	Picture	37	8061891	0	1	20166	1	0	next	other	0
NU2-06	429	Picture	72	8097223	0	1	20166	1	0	next	other	0
NU2-06	430	Response	0	8171169	53613	1
NU2-06	430	Response	0	8172129	54573	1
NU2-06	431	Response	0	8174849	2461	1
NU2-06	431	Response	0	8175649	3261	1
NU2-06	432	Response	0	8195009	19121	1
NU2-06	432	Response	0	8195648	19761	1
NU2-06	433	Response	0	8211328	15441	1
NU2-06	433	Response	100	8212768	16881	1
NU2-06	435	Picture	12	8228219	0	1	20166	1	0	next	other	0
NU2-06	437	Picture	35	8263551	0	1	20166	1	0	next	other	0
NU2-06	439	Picture	73	8298883	0	1	20166	1	0	next	other	0
NU2-06	440	Response	0	8372126	52910	1
NU2-06	440	Response	0	8372765	53549	1
NU2-06	441	Response	0	8376445	3398	1
NU2-06	441	Response	0	8377245	4198	1
NU2-06	442	Response	0	8381085	3538	1
NU2-06	442	Response	0	8381725	4178	1
NU2-06	443	Response	0	8404445	22398	1
NU2-06	443	Response	0	8404924	22877	1
NU2-06	444	Response	0	8417084	11871	1
NU2-06	444	Response	0	8417564	12351	1
NU2-06	445	Response	0	8431164	13285	1
NU2-06	445	Response	100	8432443	14564	1
NU2-06	447	Picture	10	8447878	0	1	20166	1	0	next	other	0
NU2-06	449	Picture	35	8483210	0	1	20166	1	0	next	other	0
NU2-06	451	Picture	72	8518542	0	1	20166	1	0	next	other	0
NU2-06	452	Response	0	8616441	77566	1
NU2-06	452	Response	0	8617401	78526	1
NU2-06	453	Response	0	8624281	6575	1
NU2-06	453	Response	0	8625081	7375	1
NU2-06	454	Response	0	8645080	19708	1
NU2-06	454	Response	100	8646200	20828	1
NU2-06	456	Picture	11	8661538	0	1	20166	1	0	next	other	0
NU2-06	458	Picture	34	8696870	0	1	20166	1	0	next	other	0
NU2-06	460	Picture	71	8732202	0	1	20166	1	0	next	other	0
NU2-06	461	Response	0	8803798	51263	1
NU2-06	461	Response	0	8805237	52703	1
NU2-06	462	Response	0	8807637	2105	1
NU2-06	462	Response	0	8808917	3385	1
NU2-06	463	Response	0	8811477	2278	1
NU2-06	463	Response	0	8812597	3398	1
NU2-06	464	Response	0	8830837	17971	1
NU2-06	464	Response	100	8832277	19411	1
NU2-06	466	Picture	13	8847698	0	1	20166	1	0	next	other	0
NU2-06	468	Picture	25	8883030	0	1	20166	1	0	next	other	0
NU2-06	470	Picture	40	8918362	0	1	29166	1	0	next	other	0
NU2-06	470	Text Input	15	8947475	29113	0
NU2-06	473	Picture	12	8977860	0	1	20166	1	0	next	other	0
NU2-06	475	Picture	36	9013192	0	1	20166	1	0	next	other	0
NU2-06	477	Picture	74	9048522	0	9	20168	9	0	next	other	0
NU2-06	478	Response	0	9099153	30296	1
NU2-06	478	Response	100	9100592	31735	1
NU2-06	480	Picture	12	9116022	0	1	20166	1	0	next	other	0
NU2-06	482	Picture	34	9151354	0	1	20166	1	0	next	other	0
NU2-06	484	Picture	50	9186686	0	1	36999	1	0	next	other	0
NU2-06	484	Text Input	10	9223630	36943	0
NU2-06	487	Picture	12	9254017	0	1	20166	1	0	next	other	0
NU2-06	489	Picture	27	9289349	0	1	20166	1	0	next	other	0
NU2-06	491	Picture	40	9324682	0	1	36665	1	0	next	other	0
NU2-06	491	Text Input	15	9361227	36546	0
NU2-06	494	Picture	12	9391679	0	1	20166	1	0	next	other	0
NU2-06	496	Picture	37	9427011	0	1	20166	1	0	next	other	0
NU2-06	498	Picture	72	9462344	0	1	20166	1	0	next	other	0
NU2-06	499	Response	0	9503625	20949	1
NU2-06	499	Response	0	9505865	23188	1
NU2-06	500	Response	0	9509385	3210	1
NU2-06	500	Response	0	9510185	4009	1
NU2-06	501	Response	0	9512905	2396	1
NU2-06	501	Response	0	9513545	3036	1
NU2-06	502	Response	0	9527304	13463	1
NU2-06	502	Response	100	9528584	14743	1
NU2-06	504	Picture	8	9544007	0	1	20166	1	0	next	other	0
NU2-06	506	Picture	27	9579340	0	1	20166	1	0	next	other	0
NU2-06	508	Picture	63	9614672	0	1	20166	1	0	next	other	0
NU2-06	509	Response	0	9680102	45098	1
NU2-06	509	Response	0	9681062	46057	1
NU2-06	510	Response	0	9683782	2446	1
NU2-06	510	Response	0	9684901	3565	1
NU2-06	511	Response	0	9707142	21972	1
NU2-06	511	Response	100	9708901	23732	1
NU2-06	513	Picture	8	9724335	0	1	20166	1	0	next	other	0
NU2-06	515	Picture	36	9759667	0	1	20166	1	0	next	other	0
NU2-06	517	Picture	71	9794999	0	1	20166	1	0	next	other	0
NU2-06	518	Response	0	9883938	68607	1
NU2-06	518	Response	0	9884898	69566	1
NU2-06	519	Response	0	9886978	1815	1
NU2-06	519	Response	0	9887778	2615	1
NU2-06	520	Response	0	9889378	1382	1
NU2-06	520	Response	0	9890498	2502	1
NU2-06	521	Response	0	9938497	47668	1
NU2-06	521	Response	100	9939937	49108	1
NU2-06	523	Picture	9	9955327	0	1	20166	1	0	next	other	0
NU2-06	525	Picture	35	9990659	0	1	20166	1	0	next	other	0
NU2-06	527	Picture	50	10025991	0	1	109996	1	0	next	other	0
NU2-06	527	Text Input	6	10135933	109942	0
NU2-06	530	Picture	11	10166320	0	1	20166	1	0	next	other	0
NU2-06	532	Picture	25	10201652	0	1	20166	1	0	next	other	0
NU2-06	534	Picture	40	10236984	0	1	28666	1	0	next	other	0
NU2-06	534	Text Input	13	10265531	28547	0
NU2-06	537	Picture	11	10295982	0	1	20166	1	0	next	other	0
NU2-06	539	Picture	26	10331314	0	1	20166	1	0	next	other	0
NU2-06	541	Picture	40	10366646	0	1	82997	1	0	next	other	0
NU2-06	541	Text Input	14	10449528	82882	0
NU2-06	544	Picture	8	10479976	0	1	20166	1	0	next	other	0
NU2-06	546	Picture	36	10515308	0	1	20166	1	0	next	other	0
NU2-06	548	Picture	75	10550640	0	1	20166	1	0	next	other	0
NU2-06	549	Response	0	10583926	12953	1
NU2-06	549	Response	0	10584405	13433	1
NU2-06	550	Response	0	10592246	7607	1
NU2-06	550	Response	0	10595606	10967	1
NU2-06	551	Response	0	10599445	3640	1
NU2-06	551	Response	0	10599925	4120	1
NU2-06	552	Response	0	10602805	2667	1
NU2-06	552	Response	0	10603125	2987	1
NU2-06	553	Response	0	10678164	74859	1
NU2-06	553	Response	0	10679284	75979	1
NU2-06	554	Response	0	10724403	44935	1
NU2-06	554	Response	100	10726003	46534	1
NU2-06	556	Picture	10	10741467	0	1	20166	1	0	next	other	0
NU2-06	558	Picture	25	10776799	0	1	20166	1	0	next	other	0
NU2-06	560	Picture	64	10812131	0	1	20166	1	0	next	other	0
NU2-06	561	Response	0	10849041	16578	1
NU2-06	561	Response	0	10852241	19777	1
NU2-06	562	Response	0	10855921	3458	1
NU2-06	562	Response	0	10857041	4578	1
NU2-06	563	Response	0	10888560	31264	1
NU2-06	563	Response	100	10890640	33344	1
NU2-06	565	Picture	10	10906128	0	1	20166	1	0	next	other	0
NU2-06	567	Picture	37	10941460	0	1	20166	1	0	next	other	0
NU2-06	569	Picture	50	10976792	0	1	37999	1	0	next	other	0
NU2-06	569	Text Input	6	11014638	37846	0
NU2-06	572	Picture	12	11045123	0	1	20166	1	0	next	other	0
NU2-06	574	Picture	36	11080455	0	1	20166	1	0	next	other	0
NU2-06	576	Picture	50	11115787	0	1	26832	1	0	next	other	0
NU2-06	576	Text Input	9	11142476	26688	0
NU2-06	579	Picture	8	11172952	0	1	20166	1	0	next	other	0
NU2-06	581	Picture	26	11208284	0	1	20166	1	0	next	other	0
NU2-06	583	Picture	40	11243616	0	1	27332	1	0	next	other	0
NU2-06	583	Text Input	11	11270793	27177	0
NU2-06	586	Picture	12	11301281	0	1	20166	1	0	next	other	0
NU2-06	588	Picture	36	11336613	0	1	20166	1	0	next	other	0
NU2-06	590	Picture	50	11371945	0	1	42499	1	0	next	other	0
NU2-06	590	Text Input	9	11414311	42365	0
NU2-06	593	Picture	10	11444776	0	1	20166	1	0	next	other	0
NU2-06	595	Picture	36	11480108	0	1	20166	1	0	next	other	0
NU2-06	597	Picture	50	11515440	0	1	56498	1	0	next	other	0
NU2-06	597	Text Input	7	11571908	56468	0
NU2-06	600	Picture	10	11602271	0	1	20166	1	0	next	other	0
NU2-06	602	Picture	36	11637603	0	1	20166	1	0	next	other	0
NU2-06	604	Picture	75	11672935	0	1	20166	1	0	next	other	0
NU2-06	605	Response	0	11768225	74957	1
NU2-06	605	Response	0	11772864	79597	1
NU2-06	606	Response	0	11782304	9206	1
NU2-06	606	Response	0	11782944	9846	1
NU2-06	607	Response	0	11822944	39679	1
NU2-06	607	Response	100	11824383	41119	1
NU2-06	609	Picture	12	11839763	0	1	20166	1	0	next	other	0
NU2-06	611	Picture	34	11875095	0	1	20166	1	0	next	other	0
NU2-06	613	Picture	50	11910427	0	1	29666	1	0	next	other	0
NU2-06	613	Text Input	10	11940061	29634	0
NU2-06	616	Picture	12	11970425	0	1	20166	1	0	next	other	0
NU2-06	618	Picture	27	12005757	0	1	20166	1	0	next	other	0
NU2-06	620	Picture	65	12041089	0	1	20166	1	0	next	other	0
NU2-06	621	Response	0	12107579	46157	1
NU2-06	621	Response	0	12109018	47596	1
NU2-06	622	Response	0	12111098	1845	1
NU2-06	622	Response	0	12112218	2965	1
NU2-06	623	Response	0	12115578	3158	1
NU2-06	623	Response	0	12116378	3958	1
NU2-06	624	Response	0	12137978	21392	1
NU2-06	624	Response	0	12138778	22191	1
NU2-06	625	Response	0	12143098	4012	1
NU2-06	625	Response	0	12143897	4812	1
NU2-06	626	Response	0	12169817	25732	1
NU2-06	626	Response	0	12170617	26531	1
NU2-06	627	Response	0	12187257	16339	1
NU2-06	627	Response	100	12189016	18098	1
NU2-06	629	Picture	11	12204417	0	1	20166	1	0	next	other	0
NU2-06	631	Picture	34	12239749	0	1	20166	1	0	next	other	0
NU2-06	633	Picture	72	12275081	0	1	20166	1	0	next	other	0
NU2-06	634	Response	0	12330295	34881	1
NU2-06	634	Response	100	12331894	36480	1
NU2-06	636	Picture	8	12347245	0	1	20166	1	0	next	other	0
NU2-06	638	Picture	34	12382577	0	1	20166	1	0	next	other	0
NU2-06	640	Picture	73	12417910	0	1	20166	1	0	next	other	0
NU2-06	641	Response	0	12515411	77169	1
NU2-06	641	Response	0	12518131	79889	1
NU2-06	642	Response	0	12540371	21965	1
NU2-06	642	Response	0	12541170	22764	1
NU2-06	643	Response	0	12559730	18325	1
NU2-06	643	Response	100	12561170	19765	1
NU2-06	645	Picture	12	12576571	0	1	20166	1	0	next	other	0
NU2-06	647	Picture	37	12611903	0	1	20166	1	0	next	other	0
NU2-06	649	Picture	50	12647235	0	1	83330	1	0	next	other	0
NU2-06	649	Text Input	8	12730447	83212	0
NU2-06	652	Picture	13	12760898	0	1	20166	1	0	next	other	0
NU2-06	654	Picture	37	12796230	0	1	20166	1	0	next	other	0
NU2-06	656	Picture	50	12831562	0	1	49832	1	0	next	other	0
NU2-06	656	Text Input	8	12881325	49762	0
NU2-06	659	Picture	9	12911726	0	1	20166	1	0	next	other	0
NU2-06	661	Picture	34	12947058	0	1	20166	1	0	next	other	0
NU2-06	663	Picture	73	12982390	0	1	20166	1	0	next	other	0
NU2-06	664	Response	0	13018282	15559	1
NU2-06	664	Response	0	13019402	16679	1
NU2-06	665	Response	0	13021642	1919	1
NU2-06	665	Response	0	13022282	2559	1
NU2-06	666	Response	0	13024362	1806	1
NU2-06	666	Response	0	13025161	2606	1
NU2-06	667	Response	0	13027242	1853	1
NU2-06	667	Response	0	13028042	2653	1
NU2-06	668	Response	0	13030921	2699	1
NU2-06	668	Response	0	13031882	3659	1
NU2-06	669	Response	0	13048202	16146	1
NU2-06	669	Response	0	13048681	16626	1
NU2-06	670	Response	0	13055081	6193	1
NU2-06	670	Response	100	13056681	7793	1
NU2-06	673	Picture	11	13672200	0	1	20166	1	0	next	other	0
NU2-06	675	Picture	36	13707532	0	1	20166	1	0	next	other	0
NU2-06	677	Picture	50	13742864	0	1	41332	1	0	next	other	0
NU2-06	677	Text Input	8	13784028	41164	0
NU2-06	680	Picture	13	13814529	0	1	20166	1	0	next	other	0
NU2-06	682	Picture	27	13849861	0	1	20166	1	0	next	other	0
NU2-06	684	Picture	40	13885193	0	1	29499	1	0	next	other	0
NU2-06	684	Text Input	16	13914586	29393	0
NU2-06	687	Picture	11	13945024	0	1	20166	1	0	next	other	0
NU2-06	689	Picture	35	13980356	0	1	20166	1	0	next	other	0
NU2-06	691	Picture	71	14015689	0	1	20166	1	0	next	other	0
NU2-06	692	Response	0	14111383	75361	1
NU2-06	692	Response	0	14114582	78561	1
NU2-06	693	Response	0	14116982	2130	1
NU2-06	693	Response	0	14118742	3890	1
NU2-06	694	Response	0	14119702	684	1
NU2-06	694	Response	0	14121142	2124	1
NU2-06	695	Response	0	14136022	14671	1
NU2-06	695	Response	0	14136822	15470	1
NU2-06	696	Response	0	14142422	5404	1
NU2-06	696	Response	100	14144022	7004	1
NU2-06	698	Picture	11	14159517	0	1	20166	1	0	next	other	0
NU2-06	700	Picture	27	14194849	0	1	20166	1	0	next	other	0
NU2-06	702	Picture	64	14230181	0	1	20166	1	0	next	other	0
NU2-06	703	Response	0	14339539	89025	1
NU2-06	703	Response	0	14341138	90624	1
NU2-06	704	Response	0	14356338	14994	1
NU2-06	704	Response	0	14356658	15314	1
NU2-06	705	Response	0	14373298	16455	1
NU2-06	705	Response	100	14374417	17574	1
NU2-06	707	Picture	13	14389842	0	1	20166	1	0	next	other	0
NU2-06	709	Picture	37	14425175	0	1	20166	1	0	next	other	0
NU2-06	711	Picture	50	14460507	0	1	60165	1	0	next	other	0
NU2-06	711	Text Input	9	14520655	60148	0
NU2-06	714	Picture	10	14551004	0	1	20166	1	0	next	other	0
NU2-06	716	Picture	35	14586336	0	1	20166	1	0	next	other	0
NU2-06	718	Picture	71	14621668	0	1	20166	1	0	next	other	0
NU2-06	719	Response	0	14657293	15292	1
NU2-06	719	Response	0	14660333	18332	1
NU2-06	720	Response	0	14663052	2553	1
NU2-06	720	Response	0	14664652	4152	1
NU2-06	721	Response	0	14676492	11659	1
NU2-06	721	Response	100	14677612	12779	1
NU2-06	723	Picture	9	14692999	0	1	20166	1	0	next	other	0
NU2-06	725	Picture	24	14728331	0	1	20166	1	0	next	other	0
NU2-06	727	Picture	40	14763663	0	1	44332	1	0	next	other	0
NU2-06	727	Text Input	11	14807850	44187	0
NU2-06	730	Picture	10	14838327	0	1	20166	1	0	next	other	0
NU2-06	732	Picture	34	14873659	0	1	20166	1	0	next	other	0
NU2-06	734	Picture	71	14908991	0	1	20166	1	0	next	other	0
NU2-06	735	Response	0	14945928	16604	1
NU2-06	735	Response	0	14948807	19483	1
NU2-06	736	Response	0	14952167	3177	1
NU2-06	736	Response	0	14952967	3977	1
NU2-06	737	Response	0	14959367	6211	1
NU2-06	737	Response	0	14960007	6850	1
NU2-06	738	Response	0	14964967	4644	1
NU2-06	738	Response	0	14965927	5604	1
NU2-06	739	Response	0	14989927	23771	1
NU2-06	739	Response	0	14990887	24730	1
NU2-06	740	Response	0	15008006	16851	1
NU2-06	740	Response	100	15009286	18131	1
NU2-06	742	Picture	12	15024654	0	1	20166	1	0	next	other	0
NU2-06	744	Picture	35	15059986	0	1	20166	1	0	next	other	0
NU2-06	746	Picture	50	15095318	0	1	32832	1	0	next	other	0
NU2-06	746	Text Input	9	15128004	32686	0
NU2-06	749	Picture	11	15158483	0	1	20166	1	0	next	other	0
NU2-06	751	Picture	26	15193815	0	1	20166	1	0	next	other	0
NU2-06	753	Picture	65	15229147	0	1	20166	1	0	next	other	0
NU2-06	754	Response	0	15316161	66681	1
NU2-06	754	Response	0	15317601	68121	1
NU2-06	755	Response	0	15319521	1710	1
NU2-06	755	Response	0	15320481	2670	1
NU2-06	756	Response	0	15327681	6870	1
NU2-06	756	Response	0	15328961	8150	1
NU2-06	757	Response	0	15334720	5576	1
NU2-06	757	Response	0	15335680	6537	1
NU2-06	758	Response	0	15371040	35063	1
NU2-06	758	Response	100	15373120	37143	1
NU2-06	760	Picture	10	15388475	0	1	20166	1	0	next	other	0
NU2-06	762	Picture	26	15423807	0	1	20166	1	0	next	other	0
NU2-06	764	Picture	40	15459139	0	1	29666	1	0	next	other	0
NU2-06	764	Text Input	13	15488638	29498	0
NU2-06	767	Picture	10	15519137	0	1	20166	1	0	next	other	0
NU2-06	769	Picture	24	15554469	0	1	20166	1	0	next	other	0
NU2-06	771	Picture	62	15589802	0	1	20166	1	0	next	other	0
NU2-06	772	Response	0	15613436	3301	1
NU2-06	772	Response	100	15614876	4741	1
NU2-06	774	Picture	12	15630300	0	1	20166	1	0	next	other	0
NU2-06	776	Picture	25	15665632	0	1	20166	1	0	next	other	0
NU2-06	778	Picture	62	15700965	0	1	20166	1	0	next	other	0
NU2-06	779	Response	0	15748153	26856	1
NU2-06	779	Response	0	15749273	27976	1
NU2-06	780	Response	0	15755993	6530	1
NU2-06	780	Response	0	15757273	7810	1
NU2-06	781	Response	0	15770873	13410	1
NU2-06	781	Response	100	15772312	14850	1
NU2-06	783	Picture	9	15787795	0	1	20166	1	0	next	other	0
NU2-06	785	Picture	26	15823127	0	1	20166	1	0	next	other	0
NU2-06	787	Picture	63	15858459	0	1	20166	1	0	next	other	0
NU2-06	788	Response	0	15887831	9039	1
NU2-06	788	Response	100	15890391	11599	1
NU2-06	790	Picture	9	15905791	0	1	20166	1	0	next	other	0
NU2-06	792	Picture	25	15941123	0	1	20166	1	0	next	other	0
NU2-06	794	Picture	62	15976455	0	1	20166	1	0	next	other	0
NU2-06	795	Response	0	16008629	11841	1
NU2-06	795	Response	0	16010228	13440	1
NU2-06	796	Response	0	16012308	1854	1
NU2-06	796	Response	0	16013588	3134	1
NU2-06	797	Response	0	16042068	28281	1
NU2-06	797	Response	0	16042868	29081	1
NU2-06	798	Response	0	16053908	10788	1
NU2-06	798	Response	0	16054547	11428	1
NU2-06	799	Response	0	16058388	3602	1
NU2-06	799	Response	0	16059667	4882	1
NU2-06	800	Response	0	16101587	41634	1
NU2-06	800	Response	0	16102387	42434	1
NU2-06	801	Response	0	16109587	6969	1
NU2-06	801	Response	0	16110226	7609	1
NU2-06	802	Response	0	16119506	9056	1
NU2-06	802	Response	100	16120786	10336	1
NU2-06	804	Picture	12	16136283	0	1	20166	1	0	next	other	0
NU2-06	806	Picture	26	16171615	0	1	20166	1	0	next	other	0
NU2-06	808	Picture	40	16206947	0	1	27165	2	0	next	other	0
NU2-06	808	Text Input	15	16234064	27117	0
NU2-06	811	Picture	11	16264445	0	1	20166	1	0	next	other	0
NU2-06	813	Picture	24	16299777	0	1	20166	1	0	next	other	0
NU2-06	815	Picture	40	16335110	0	1	27666	1	0	next	other	0
NU2-06	815	Text Input	13	16362702	27592	0
NU2-06	818	Picture	12	16393108	0	1	20166	1	0	next	other	0
NU2-06	820	Picture	34	16428440	0	1	20166	1	0	next	other	0
NU2-06	822	Picture	71	16463772	0	1	20166	1	0	next	other	0
NU2-06	823	Response	0	16488300	4196	1
NU2-06	823	Response	0	16491020	6915	1
NU2-06	824	Response	0	16494699	3428	1
NU2-06	824	Response	0	16495500	4229	1
NU2-06	825	Response	0	16527019	31248	1
NU2-06	825	Response	0	16527819	32048	1
NU2-06	826	Response	0	16539659	11556	1
NU2-06	826	Response	0	16539978	11875	1
NU2-06	827	Response	0	16551979	11709	1
NU2-06	827	Response	0	16552458	12189	1
NU2-06	828	Response	0	16559979	7210	1
NU2-06	828	Response	100	16561418	8649	1
NU2-06	830	Picture	8	16576768	0	1	20166	1	0	next	other	0
NU2-06	832	Picture	26	16612100	0	1	20166	1	0	next	other	0
NU2-06	834	Picture	40	16647432	0	1	31666	1	0	next	other	0
NU2-06	834	Text Input	11	16679016	31584	0
NU2-06	837	Picture	12	16709430	0	1	20166	1	0	next	other	0
NU2-06	839	Picture	25	16744762	0	1	20166	1	0	next	other	0
NU2-06	841	Picture	62	16780095	0	1	20166	1	0	next	other	0
NU2-06	842	Response	0	16931172	130745	1
NU2-06	842	Response	0	16932452	132025	1
NU2-06	843	Response	0	16936932	4176	1
NU2-06	843	Response	0	16937411	4655	1
NU2-06	844	Response	0	16944931	7342	1
NU2-06	844	Response	100	16946851	9262	1
NU2-06	846	Picture	9	16962255	0	1	20166	1	0	next	other	0
NU2-06	848	Picture	24	16997587	0	1	20166	1	0	next	other	0
NU2-06	850	Picture	62	17032919	0	1	20166	1	0	next	other	0
NU2-06	851	Response	0	17057090	3838	1
NU2-06	851	Response	100	17058849	5598	1
NU2-06	853	Picture	12	17074251	0	1	20166	1	0	next	other	0
NU2-06	855	Picture	37	17109583	0	1	20166	1	0	next	other	0
NU2-06	857	Picture	73	17144915	0	1	20166	1	0	next	other	0
NU2-06	858	Response	0	17261407	96158	1
NU2-06	858	Response	0	17262686	97438	1
NU2-06	859	Response	0	17269246	6334	1
NU2-06	859	Response	0	17269726	6814	1
NU2-06	860	Response	0	17277086	7175	1
NU2-06	860	Response	100	17278366	8454	1
NU2-06	862	Picture	11	17293744	0	1	20166	1	0	next	other	0
NU2-06	864	Picture	36	17329076	0	1	20166	1	0	next	other	0
NU2-06	866	Picture	72	17364408	0	1	20166	1	0	next	other	0
NU2-06	867	Response	0	17444923	60182	1
NU2-06	867	Response	0	17446362	61622	1
NU2-06	868	Response	0	17448282	1711	1
NU2-06	868	Response	0	17448922	2350	1
NU2-06	869	Response	0	17458362	9124	1
NU2-06	869	Response	100	17459482	10244	1
NU2-06	871	Picture	10	17474904	0	1	20166	1	0	next	other	0
NU2-06	873	Picture	36	17510236	0	1	20166	1	0	next	other	0
NU2-06	875	Picture	75	17545568	0	1	20166	1	0	next	other	0
NU2-06	876	Response	0	17585081	19180	1
NU2-06	876	Response	0	17588760	22859	1
NU2-06	877	Response	0	17592600	3533	1
NU2-06	877	Response	0	17593400	4333	1
NU2-06	878	Response	0	17601720	8153	1
NU2-06	878	Response	0	17602360	8793	1
NU2-06	879	Response	0	17610359	7793	1
NU2-06	879	Response	100	17612119	9553	1
NU2-06	881	Picture	10	17627566	0	1	20166	1	0	next	other	0
NU2-06	883	Picture	25	17662898	0	1	20166	1	0	next	other	0
NU2-06	885	Picture	64	17698230	0	1	20166	1	0	next	other	0
NU2-06	886	Response	0	17737558	18995	1
NU2-06	886	Response	0	17739317	20755	1
NU2-06	887	Response	0	17743157	3595	1
NU2-06	887	Response	0	17744437	4875	1
NU2-06	888	Response	0	17746517	1789	1
NU2-06	888	Response	0	17747797	3069	1
NU2-06	889	Response	0	17760277	12216	1
NU2-06	889	Response	100	17762197	14135	1
NU2-06	891	Picture	10	17777561	0	1	20166	1	0	next	other	0
NU2-06	893	Picture	25	17812893	0	1	20166	1	0	next	other	0
NU2-06	895	Picture	63	17848225	0	1	20166	1	0	next	other	0
NU2-06	896	Response	0	17883795	15238	1
NU2-06	896	Response	0	17884915	16357	1
NU2-06	897	Response	0	17888275	3051	1
NU2-06	897	Response	0	17889074	3851	1
NU2-06	898	Response	0	17903155	13764	1
NU2-06	898	Response	0	17904114	14724	1
NU2-06	899	Response	0	17917394	13004	1
NU2-06	899	Response	0	17918194	13804	1
NU2-06	900	Response	0	17923794	5405	1
NU2-06	900	Response	100	17925234	6845	1
NU2-06	902	Picture	9	17940722	0	1	20166	1	0	next	other	0
NU2-06	904	Picture	27	17976054	0	1	20166	1	0	next	other	0
NU2-06	906	Picture	65	18011386	0	1	20166	1	0	next	other	0
NU2-06	907	Response	0	18097871	66153	1
NU2-06	907	Response	0	18098671	66952	1
NU2-06	908	Response	0	18102991	4108	1
NU2-06	908	Response	0	18103951	5068	1
NU2-06	909	Response	0	18110511	6294	1
NU2-06	909	Response	100	18112431	8215	1
NU2-06	911	Picture	12	18127882	0	1	20166	1	0	next	other	0
NU2-06	913	Picture	35	18163214	0	1	20166	1	0	next	other	0
NU2-06	915	Picture	71	18198546	0	1	20166	1	0	next	other	0
NU2-06	916	Response	0	18223629	4750	1
NU2-06	916	Response	0	18227309	8430	1
NU2-06	917	Response	0	18230988	3443	1
NU2-06	917	Response	0	18232269	4723	1
NU2-06	918	Response	0	18239629	7083	1
NU2-06	918	Response	0	18240908	8363	1
NU2-06	919	Response	0	18254188	12977	1
NU2-06	919	Response	100	18255468	14257	1
NU2-06	921	Picture	12	18270877	0	1	20166	1	0	next	other	0
NU2-06	923	Picture	34	18306209	0	1	20166	1	0	next	other	0
NU2-06	925	Picture	50	18341541	0	1	31666	1	0	next	other	0
NU2-06	925	Text Input	10	18373066	31524	0
NU2-06	928	Picture	13	18403539	0	1	20166	1	0	next	other	0
NU2-06	930	Picture	25	18438871	0	1	20166	1	0	next	other	0
NU2-06	932	Picture	40	18474204	0	1	28166	1	0	next	other	0
NU2-06	932	Text Input	15	18502343	28140	0
NU2-06	935	Picture	9	18532702	0	1	20166	1	0	next	other	0
NU2-06	937	Picture	37	18568034	0	1	20166	1	0	next	other	0
NU2-06	939	Picture	50	18603366	0	1	54498	1	0	next	other	0
NU2-06	939	Text Input	5	18657701	54335	0
NU2-06	942	Picture	9	18688196	0	1	20166	1	0	next	other	0
NU2-06	944	Picture	26	18723528	0	1	20166	1	0	next	other	0
NU2-06	946	Picture	40	18758860	0	1	29666	1	0	next	other	0
NU2-06	946	Text Input	12	18788419	29558	0
NU2-06	949	Picture	12	18818859	0	1	20166	1	0	next	other	0
NU2-06	951	Picture	24	18854191	0	1	20166	1	0	next	other	0
NU2-06	953	Picture	61	18889523	0	1	20166	1	0	next	other	0
NU2-06	954	Response	0	18919137	9281	1
NU2-06	954	Response	0	18921856	12001	1
NU2-06	955	Response	0	18928256	6068	1
NU2-06	955	Response	0	18928896	6708	1
NU2-06	956	Response	0	18944256	15068	1
NU2-06	956	Response	0	18944896	15708	1
NU2-06	957	Response	0	18962176	16988	1
NU2-06	957	Response	100	18964895	19708	1
NU2-06	959	Picture	8	18980353	0	1	20166	1	0	next	other	0
NU2-06	961	Picture	36	19015685	0	1	20166	1	0	next	other	0
NU2-06	963	Picture	71	19051017	0	1	20166	1	0	next	other	0
NU2-06	964	Response	0	19143452	72103	1
NU2-06	964	Response	0	19146652	75302	1
NU2-06	965	Response	0	19150172	3325	1
NU2-06	965	Response	0	19151612	4765	1
NU2-06	966	Response	0	19158812	6965	1
NU2-06	966	Response	0	19159452	7605	1
NU2-06	967	Response	0	19176892	17212	1
NU2-06	967	Response	100	19178012	18331	1
NU2-06	969	Picture	10	19193346	0	1	20166	1	0	next	other	0
NU2-06	971	Picture	36	19228678	0	1	20166	1	0	next	other	0
NU2-06	973	Picture	73	19264010	0	1	20166	1	0	next	other	0
NU2-06	974	Response	0	19309370	25027	1
NU2-06	974	Response	0	19310969	26627	1
NU2-06	975	Response	0	19333209	22034	1
NU2-06	975	Response	0	19334009	22834	1
NU2-06	976	Response	0	19358968	24627	1
NU2-06	976	Response	100	19361048	26707	1
NU2-06	978	Picture	12	19376506	0	1	20166	1	0	next	other	0
NU2-06	980	Picture	27	19411838	0	1	20166	1	0	next	other	0
NU2-06	982	Picture	66	19447170	0	1	20166	1	0	next	other	0
NU2-06	983	Response	0	19556565	89062	1
NU2-06	983	Response	0	19560565	93062	1
NU2-06	984	Response	0	19562965	2131	1
NU2-06	984	Response	0	19564085	3251	1
NU2-06	985	Response	0	19572244	7911	1
NU2-06	985	Response	0	19572884	8551	1
NU2-06	986	Response	0	19583764	10598	1
NU2-06	986	Response	100	19585044	11878	1
NU2-06	988	Picture	9	19600499	0	1	20166	1	0	next	other	0
NU2-06	990	Picture	26	19635831	0	1	20166	1	0	next	other	0
NU2-06	992	Picture	64	19671163	0	1	20166	1	0	next	other	0
NU2-06	993	Response	0	19711442	19947	1
NU2-06	993	Response	0	19712722	21226	1
NU2-06	994	Response	0	19717042	4047	1
NU2-06	994	Response	0	19717842	4847	1
NU2-06	995	Response	0	19728882	10720	1
NU2-06	995	Response	100	19730162	12000	1
NU2-06	997	Picture	10	19745660	0	1	20166	1	0	next	other	0
NU2-06	999	Picture	27	19780992	0	1	20166	1	0	next	other	0
NU2-06	1001	Picture	61	19816325	0	1	20166	1	0	next	other	0
NU2-06	1002	Response	0	19866160	29502	1
NU2-06	1002	Response	0	19868239	31582	1
NU2-06	1003	Response	0	19871439	2950	1
NU2-06	1003	Response	0	19872719	4230	1
NU2-06	1004	Response	0	19888879	15890	1
NU2-06	1004	Response	0	19889839	16849	1
NU2-06	1005	Response	0	19904399	14243	1
NU2-06	1005	Response	100	19905518	15363	1
NU2-06	1007	Picture	11	19920988	0	1	20166	1	0	next	other	0
NU2-06	1009	Picture	35	19956320	0	1	20166	1	0	next	other	0
NU2-06	1011	Picture	50	19991652	0	1	27999	1	0	next	other	0
NU2-06	1011	Text Input	8	20019596	27944	0
NU2-06	1014	Picture	9	20049983	0	1	20166	1	0	next	other	0
NU2-06	1016	Picture	34	20085315	0	1	20166	1	0	next	other	0
NU2-06	1018	Picture	50	20120648	0	1	29999	1	0	next	other	0
NU2-06	1018	Text Input	7	20150475	29827	0
NU2-06	1021	Picture	11	20180979	0	1	20166	1	0	next	other	0
NU2-06	1023	Picture	34	20216311	0	1	20166	1	0	next	other	0
NU2-06	1025	Picture	50	20251643	0	1	29499	1	0	next	other	0
NU2-06	1025	Text Input	9	20281032	29389	0
NU2-06	1028	Picture	11	20311474	0	1	20166	1	0	next	other	0
NU2-06	1030	Picture	36	20346807	0	1	20166	1	0	next	other	0
NU2-06	1032	Picture	50	20382139	0	1	27832	1	0	next	other	0
NU2-06	1032	Text Input	8	20409829	27691	0
NU2-06	1032	Response	0	20409829	27691	1
NU2-06	1033	Response	100	20410949	978	1
NU2-06	1035	Picture	11	20440303	0	1	20166	1	0	next	other	0
NU2-06	1037	Picture	24	20475635	0	1	20166	1	0	next	other	0
NU2-06	1039	Picture	40	20510968	0	1	31332	1	0	next	other	0
NU2-06	1039	Text Input	13	20542147	31179	0
NU2-06	1042	Picture	12	20572632	0	1	20166	1	0	next	other	0
NU2-06	1044	Picture	25	20607964	0	1	20166	1	0	next	other	0
NU2-06	1046	Picture	64	20643296	0	1	20166	1	0	next	other	0
NU2-06	1047	Response	0	20707584	43955	1
NU2-06	1047	Response	0	20709184	45555	1
NU2-06	1048	Response	0	20712704	3243	1
NU2-06	1048	Response	0	20713824	4363	1
NU2-06	1049	Response	0	20717184	3056	1
NU2-06	1049	Response	0	20717824	3696	1
NU2-06	1050	Response	0	20730304	12176	1
NU2-06	1050	Response	0	20731584	13456	1
NU2-06	1051	Response	0	20734944	3150	1
NU2-06	1051	Response	0	20735904	4110	1
NU2-06	1052	Response	0	20745824	9697	1
NU2-06	1052	Response	100	20746624	10497	1
NU2-06	1054	Picture	8	20761959	0	1	20166	1	0	next	other	0
NU2-06	1056	Picture	26	20797291	0	1	20166	1	0	next	other	0
NU2-06	1058	Picture	65	20832623	0	1	20166	1	0	next	other	0
NU2-06	1059	Response	0	20901981	49025	1
NU2-06	1059	Response	0	20905981	53025	1
NU2-06	1060	Response	0	20909660	3373	1
NU2-06	1060	Response	0	20910620	4333	1
NU2-06	1061	Response	0	20917180	6393	1
NU2-06	1061	Response	0	20917340	6553	1
NU2-06	1062	Response	0	20923260	5640	1
NU2-06	1062	Response	100	20924700	7080	1
NU2-06	1064	Picture	9	20940120	0	1	20166	1	0	next	other	0
NU2-06	1066	Picture	37	20975452	0	1	20166	1	0	next	other	0
NU2-06	1068	Picture	50	21010784	0	1	90497	1	0	next	other	0
NU2-06	1068	Text Input	5	21101177	90393	0
NU2-06	1071	Picture	12	21131613	0	1	20166	1	0	next	other	0
NU2-06	1073	Picture	26	21166945	0	1	20166	1	0	next	other	0
NU2-06	1075	Picture	64	21202277	0	1	20166	1	0	next	other	0
NU2-06	1076	Response	0	21257655	35045	1
NU2-06	1076	Response	0	21259254	36644	1
NU2-06	1077	Response	0	21263094	3652	1
NU2-06	1077	Response	0	21264214	4772	1
NU2-06	1078	Response	0	21270774	6332	1
NU2-06	1078	Response	100	21272854	8412	1
NU2-06	1080	Picture	10	21288275	0	1	20166	1	0	next	other	0
NU2-06	1082	Picture	35	21323607	0	1	20166	1	0	next	other	0
NU2-06	1084	Picture	50	21358939	0	1	27499	1	0	next	other	0
NU2-06	1084	Text Input	7	21386292	27353	0
NU2-06	1087	Picture	8	21416770	0	1	20166	1	0	next	other	0
NU2-06	1089	Picture	37	21452102	0	1	20166	1	0	next	other	0
NU2-06	1091	Picture	73	21487434	0	1	20166	1	0	next	other	0
NU2-06	1092	Response	0	21568209	60442	1
NU2-06	1092	Response	0	21572049	64282	1
NU2-06	1093	Response	0	21575409	3144	1
NU2-06	1093	Response	0	21576369	4104	1
NU2-06	1094	Response	0	21585328	8730	1
NU2-06	1094	Response	0	21586448	9850	1
NU2-06	1095	Response	0	21591728	4964	1
NU2-06	1095	Response	100	21593008	6244	1
NU2-06	1097	Picture	10	21608430	0	1	20166	1	0	next	other	0
NU2-06	1099	Picture	37	21643762	0	1	20166	1	0	next	other	0
NU2-06	1101	Picture	50	21679095	0	1	30999	1	0	next	other	0
NU2-06	1101	Text Input	6	21709966	30871	0
NU2-06	1104	Picture	10	21740426	0	1	20166	1	0	next	other	0
NU2-06	1106	Picture	34	21775758	0	1	20166	1	0	next	other	0
NU2-06	1108	Picture	50	21811090	0	1	28999	1	0	next	other	0
NU2-06	1108	Text Input	8	21840044	28954	0
NU2-06	1111	Picture	12	21870421	0	1	20166	1	0	next	other	0
NU2-06	1113	Picture	36	21905754	0	1	20166	1	0	next	other	0
NU2-06	1115	Picture	72	21941086	0	1	20166	1	0	next	other	0
NU2-06	1116	Response	0	22000841	39423	1
NU2-06	1116	Response	0	22002601	41183	1
NU2-06	1117	Response	0	22007721	4804	1
NU2-06	1117	Response	0	22008521	5604	1
NU2-06	1118	Response	0	22030121	21371	1
NU2-06	1118	Response	100	22031720	22970	1
NU2-06	1120	Picture	9	22047082	0	1	20166	1	0	next	other	0
NU2-06	1122	Picture	25	22082414	0	1	20166	1	0	next	other	0
NU2-06	1124	Picture	40	22117746	0	1	28499	1	0	next	other	0
NU2-06	1124	Text Input	11	22146118	28372	0
NU2-06	1124	Response	0	22146118	28372	1
NU2-06	1125	Response	100	22148198	1953	1
NU2-06	1127	Picture	9	22176578	0	1	20166	1	0	next	other	0
NU2-06	1129	Picture	34	22211910	0	1	20166	1	0	next	other	0
NU2-06	1131	Picture	73	22247242	0	1	20166	1	0	next	other	0
NU2-06	1132	Response	0	22273316	5742	1
NU2-06	1132	Response	0	22276036	8461	1
NU2-06	1133	Response	0	22279876	3635	1
NU2-06	1133	Response	0	22280996	4755	1
NU2-06	1134	Response	0	22289796	8555	1
NU2-06	1134	Response	0	22290756	9515	1
NU2-06	1135	Response	0	22294916	3842	1
NU2-06	1135	Response	100	22296356	5282	1
NU2-06	1137	Picture	10	22311740	0	1	20166	1	0	next	other	0
NU2-06	1139	Picture	37	22347072	0	1	20166	1	0	next	other	0
NU2-06	1141	Picture	76	22382404	0	1	20166	1	0	next	other	0
NU2-06	1142	Response	0	22455713	52977	1
NU2-06	1142	Response	0	22460353	57616	1
NU2-06	1143	Response	0	22463393	2825	1
NU2-06	1143	Response	0	22464193	3625	1
NU2-06	1144	Response	0	22466432	2031	1
NU2-06	1144	Response	0	22467392	2991	1
NU2-06	1145	Response	0	22470433	2865	1
NU2-06	1145	Response	0	22471392	3825	1
NU2-06	1146	Response	0	22476353	4785	1
NU2-06	1146	Response	100	22478592	7025	1
NU2-06	1148	Picture	11	22494067	0	1	20166	1	0	next	other	0
NU2-06	1150	Picture	37	22529399	0	1	20166	1	0	next	other	0
NU2-06	1152	Picture	76	22564731	0	1	20166	1	0	next	other	0
NU2-06	1153	Response	0	22594271	9207	1
NU2-06	1153	Response	0	22599070	14006	1
NU2-06	1154	Response	0	22602430	3034	1
NU2-06	1154	Response	0	22603550	4154	1
NU2-06	1155	Response	0	22605310	1580	1
NU2-06	1155	Response	0	22606110	2380	1
NU2-06	1156	Response	0	22609949	3553	1
NU2-06	1156	Response	0	22611069	4673	1
NU2-06	1157	Response	0	22621790	10394	1
NU2-06	1157	Response	0	22622270	10874	1
NU2-06	1158	Response	0	22629310	6747	1
NU2-06	1158	Response	0	22630910	8347	1
NU2-06	1159	Response	0	22641629	10400	1
NU2-06	1159	Response	0	22642109	10881	1
NU2-06	1160	Response	0	22670909	28514	1
NU2-06	1160	Response	100	22672669	30274	1
NU2-06	1162	Picture	11	22688060	0	1	20166	1	0	next	other	0
NU2-06	1164	Picture	27	22723392	0	1	20166	1	0	next	other	0
NU2-06	1166	Picture	40	22758725	0	1	31499	1	0	next	other	0
NU2-06	1166	Text Input	14	22790107	31382	0
NU2-06	1169	Picture	12	22820556	0	1	20166	1	0	next	other	0
NU2-06	1171	Picture	34	22855888	0	1	20166	1	0	next	other	0
NU2-06	1173	Picture	50	22891220	0	1	34499	1	0	next	other	0
NU2-06	1173	Text Input	10	22925624	34404	0
NU2-06	1176	Picture	11	22956051	0	1	20166	1	0	next	other	0
NU2-06	1178	Picture	24	22991383	0	1	20166	1	0	next	other	0
NU2-06	1180	Picture	61	23026715	0	1	20166	1	0	next	other	0
NU2-06	1181	Response	0	23052343	5295	1
NU2-06	1181	Response	0	23055702	8654	1
NU2-06	1182	Response	0	23064342	8461	1
NU2-06	1182	Response	100	23065782	9901	1
NU2-06	1184	Picture	12	23081214	0	1	20166	1	0	next	other	0
NU2-06	1186	Picture	24	23116546	0	1	20166	1	0	next	other	0
NU2-06	1188	Picture	40	23151878	0	1	37332	1	0	next	other	0
NU2-06	1188	Text Input	14	23189140	37262	0
NU2-06	1191	Picture	10	23219542	0	1	20166	1	0	next	other	0
NU2-06	1193	Picture	37	23254874	0	1	20166	1	0	next	other	0
NU2-06	1195	Picture	50	23290206	0	1	61498	1	0	next	other	0
NU2-06	1195	Text Input	6	23351537	61330	0
NU2-06	1198	Picture	11	23382037	0	1	20166	1	0	next	other	0
NU2-06	1200	Picture	26	23417369	0	1	20166	1	0	next	other	0
NU2-06	1202	Picture	62	23452701	0	1	20166	1	0	next	other	0
NU2-06	1203	Response	0	23476495	3461	1
NU2-06	1203	Response	0	23478414	5381	1
NU2-06	1204	Response	0	23482574	3874	1
NU2-06	1204	Response	0	23483374	4674	1
NU2-06	1205	Response	0	23493614	9914	1
NU2-06	1205	Response	0	23493934	10234	1
NU2-06	1206	Response	0	23501934	7734	1
NU2-06	1206	Response	100	23503214	9014	1
NU2-06	1208	Picture	9	23518699	0	1	20166	1	0	next	other	0
NU2-06	1210	Picture	36	23554031	0	1	20166	1	0	next	other	0
NU2-06	1212	Picture	50	23589363	0	1	35499	1	0	next	other	0
NU2-06	1212	Text Input	6	23624812	35449	0
NU2-06	1215	Picture	10	23655194	0	1	20166	1	0	next	other	0
NU2-06	1217	Picture	25	23690526	0	1	20166	1	0	next	other	0
NU2-06	1219	Picture	40	23725858	0	1	26999	1	0	next	other	0
NU2-06	1219	Text Input	12	23752809	26951	0
NU2-06	1222	Picture	8	23783190	0	1	20166	1	0	next	other	0
NU2-06	1224	Picture	35	23818522	0	1	20166	1	0	next	other	0
NU2-06	1226	Picture	74	23853854	0	1	20166	1	0	next	other	0
NU2-06	1227	Response	0	23879048	4861	1
NU2-06	1227	Response	0	23882087	7901	1
NU2-06	1228	Response	0	23884967	2614	1
NU2-06	1228	Response	0	23885927	3574	1
NU2-06	1229	Response	0	23888327	2141	1
NU2-06	1229	Response	0	23888807	2621	1
NU2-06	1230	Response	0	23897767	8747	1
NU2-06	1230	Response	0	23898727	9707	1
NU2-06	1231	Response	0	23907207	8188	1
NU2-06	1231	Response	100	23908167	9148	1
NU2-06	1233	Picture	9	23923518	0	1	20166	1	0	next	other	0
NU2-06	1235	Picture	36	23958850	0	1	20166	1	0	next	other	0
NU2-06	1237	Picture	71	23994183	0	1	20166	1	0	next	other	0
NU2-06	1238	Response	0	24063044	48529	1
NU2-06	1238	Response	0	24066084	51569	1
NU2-06	1239	Response	0	24080484	14137	1
NU2-06	1239	Response	0	24081444	15097	1
NU2-06	1240	Response	0	24105284	23604	1
NU2-06	1240	Response	100	24106883	25204	1
NU2-06	1242	Picture	12	24122345	0	1	20166	1	0	next	other	0
NU2-06	1244	Picture	35	24157677	0	1	20166	1	0	next	other	0
NU2-06	1246	Picture	50	24193009	0	1	26499	1	0	next	other	0
NU2-06	1246	Text Input	9	24219361	26352	0
NU2-06	1249	Picture	9	24249841	0	1	20166	1	0	next	other	0
NU2-06	1251	Picture	25	24285173	0	1	20166	1	0	next	other	0
NU2-06	1253	Picture	61	24320505	0	1	20166	1	0	next	other	0
NU2-06	1254	Response	0	24348799	7962	1
NU2-06	1254	Response	0	24351519	10681	1
NU2-06	1255	Response	0	24355199	3362	1
NU2-06	1255	Response	0	24356479	4642	1
NU2-06	1256	Response	0	24366559	9888	1
NU2-06	1256	Response	0	24367679	11008	1
NU2-06	1257	Response	0	24385919	17915	1
NU2-06	1257	Response	0	24387358	19355	1
NU2-06	1258	Response	0	24399518	11849	1
NU2-06	1258	Response	0	24400318	12649	1
NU2-06	1259	Response	0	24405598	5096	1
NU2-06	1259	Response	100	24407038	6536	1
NU2-06	1261	Picture	9	24422501	0	1	20166	1	0	next	other	0
NU2-06	1263	Picture	36	24457833	0	1	20166	1	0	next	other	0
NU2-06	1265	Picture	50	24493166	0	1	29166	1	0	next	other	0
NU2-06	1265	Text Input	6	24522236	29070	0
NU2-06	1268	Picture	12	24552664	0	1	20166	1	0	next	other	0
NU2-06	1270	Picture	37	24587996	0	1	20166	1	0	next	other	0
NU2-06	1272	Picture	73	24623328	0	1	20166	1	0	next	other	0
NU2-06	1273	Response	0	24727032	83372	1
NU2-06	1273	Response	0	24728152	84491	1
NU2-06	1274	Response	0	24733112	4788	1
NU2-06	1274	Response	0	24733752	5427	1
NU2-06	1275	Response	0	24740152	6161	1
NU2-06	1275	Response	100	24741432	7441	1
NU2-06	1277	Picture	12	24756823	0	1	20166	1	0	next	other	0
NU2-06	1279	Picture	26	24792155	0	1	20166	1	0	next	other	0
NU2-06	1281	Picture	63	24827488	0	1	20166	1	0	next	other	0
NU2-06	1282	Response	0	24852150	4330	1
NU2-06	1282	Response	100	24853910	6090	1
NU2-06	1284	Picture	9	24869319	0	1	20166	1	0	next	other	0
NU2-06	1286	Picture	34	24904652	0	1	20166	1	0	next	other	0
NU2-06	1288	Picture	73	24939984	0	1	20166	1	0	next	other	0
NU2-06	1289	Response	0	24991988	31671	1
NU2-06	1289	Response	0	24993587	33271	1
NU2-06	1290	Response	0	24997747	3932	1
NU2-06	1290	Response	0	24999027	5212	1
NU2-06	1291	Response	0	25005907	6592	1
NU2-06	1291	Response	0	25006867	7552	1
NU2-06	1292	Response	0	25046227	39079	1
NU2-06	1292	Response	0	25046866	39718	1
NU2-06	1293	Response	0	25059026	11879	1
NU2-06	1293	Response	100	25061106	13959	1
NU2-06	1295	Picture	11	25076479	0	1	20166	1	0	next	other	0
NU2-06	1297	Picture	24	25111811	0	1	20166	1	0	next	other	0
NU2-06	1299	Picture	63	25147143	0	1	20166	1	0	next	other	0
NU2-06	1300	Response	0	25176304	8828	1
NU2-06	1300	Response	0	25179024	11548	1
NU2-06	1301	Response	0	25182704	3395	1
NU2-06	1301	Response	0	25183504	4195	1
NU2-06	1302	Response	0	25198864	15055	1
NU2-06	1302	Response	0	25199504	15695	1
NU2-06	1303	Response	0	25203823	4015	1
NU2-06	1303	Response	100	25205743	5935	1
NU2-06	1305	Picture	8	25221141	0	1	20166	1	0	next	other	0
NU2-06	1307	Picture	26	25256473	0	1	20166	1	0	next	other	0
NU2-06	1309	Picture	62	25291805	0	1	20166	1	0	next	other	0
NU2-06	1310	Response	0	25322062	9924	1
NU2-06	1310	Response	0	25324781	12644	1
NU2-06	1311	Response	0	25331662	6691	1
NU2-06	1311	Response	100	25333101	8130	1
NU2-06	1313	Picture	12	25348470	0	1	20166	1	0	next	other	0
NU2-06	1315	Picture	25	25383802	0	1	20166	1	0	next	other	0
NU2-06	1317	Picture	40	25419134	0	1	30332	1	0	next	other	0
NU2-06	1317	Text Input	14	25449419	30285	0
NU2-06	1320	Picture	11	25479799	0	1	20166	1	0	next	other	0
NU2-06	1322	Picture	24	25515131	0	1	20166	1	0	next	other	0
NU2-06	1324	Picture	40	25550463	0	1	31832	1	0	next	other	0
NU2-06	1324	Text Input	13	25582217	31754	0
NU2-06	1327	Picture	12	25612628	0	1	20166	1	0	next	other	0
NU2-06	1329	Picture	24	25647960	0	1	20166	1	0	next	other	0
NU2-06	1331	Picture	40	25683292	0	1	29332	1	0	next	other	0
NU2-06	1331	Text Input	14	25712454	29162	0
NU2-06	1334	Picture	12	25742956	0	1	20166	1	0	next	other	0
NU2-06	1336	Picture	36	25778289	0	1	20166	1	0	next	other	0
NU2-06	1338	Picture	50	25813621	0	1	30499	1	0	next	other	0
NU2-06	1338	Text Input	9	25843972	30351	0
NU2-06	1341	Picture	11	25874452	0	1	20166	1	0	next	other	0
NU2-06	1343	Picture	25	25909784	0	1	20166	1	0	next	other	0
NU2-06	1345	Picture	64	25945116	0	1	20166	1	0	next	other	0
NU2-06	1346	Response	0	26007170	41721	1
NU2-06	1346	Response	0	26009729	44280	1
NU2-06	1347	Response	0	26013089	3142	1
NU2-06	1347	Response	0	26014529	4582	1
NU2-06	1348	Response	0	26015969	1188	1
NU2-06	1348	Response	0	26017089	2308	1
NU2-06	1349	Response	0	26022049	4768	1
NU2-06	1349	Response	0	26023009	5728	1
NU2-06	1350	Response	0	26027329	4049	1
NU2-06	1350	Response	100	26029249	5969	1
NU2-06	1352	Picture	10	26044613	0	1	20166	1	0	next	other	0
NU2-06	1354	Picture	36	26079945	0	1	20166	1	0	next	other	0
NU2-06	1356	Picture	50	26115277	0	1	29999	1	0	next	other	0
NU2-06	1356	Text Input	7	26145247	29969	0
NU2-06	1359	Picture	9	26175608	0	1	20166	1	0	next	other	0
NU2-06	1361	Picture	35	26210941	0	1	20166	1	0	next	other	0
NU2-06	1363	Picture	50	26246273	0	1	154495	1	0	next	other	0
NU2-06	1363	Text Input	6	26400602	154329	0
NU2-06	1366	Picture	12	26431100	0	1	20166	1	0	next	other	0
NU2-06	1368	Picture	37	26466432	0	1	20166	1	0	next	other	0
NU2-06	1370	Picture	71	26501764	0	1	20166	1	0	next	other	0
NU2-06	1371	Response	0	26529400	7304	1
NU2-06	1371	Response	0	26537079	14983	1
NU2-06	1372	Response	0	26550839	13577	1
NU2-06	1372	Response	0	26551959	14697	1
NU2-06	1373	Response	0	26559159	6897	1
NU2-06	1373	Response	100	26560759	8497	1
NU2-06	1375	Picture	8	26576095	0	1	20166	1	0	next	other	0
NU2-06	1377	Picture	24	26611427	0	1	20166	1	0	next	other	0
NU2-06	1379	Picture	40	26646759	0	1	32832	1	0	next	other	0
NU2-06	1379	Text Input	10	26679477	32718	0
NU2-06	1382	Picture	9	26709924	0	1	20166	1	0	next	other	0
NU2-06	1384	Picture	25	26745256	0	1	20166	1	0	next	other	0
NU2-06	1386	Picture	40	26780588	0	1	32166	1	0	next	other	0
NU2-06	1386	Text Input	11	26812595	32007	0
NU2-06	1389	Picture	13	26843086	0	1	20166	1	0	next	other	0
NU2-06	1391	Picture	37	26878418	0	1	20166	1	0	next	other	0
NU2-06	1393	Picture	50	26913750	0	1	33832	1	0	next	other	0
NU2-06	1393	Text Input	9	26947472	33722	0
NU2-06	1396	Picture	9	26977914	0	1	20166	1	0	next	other	0
NU2-06	1398	Picture	27	27013247	0	1	20166	1	0	next	other	0
NU2-06	1400	Picture	66	27048579	0	1	20166	1	0	next	other	0
NU2-06	1401	Response	0	27132269	63358	1
NU2-06	1401	Response	0	27138669	69757	1
NU2-06	1402	Response	0	27142669	3760	1
NU2-06	1402	Response	0	27143789	4880	1
NU2-06	1403	Response	0	27150029	5953	1
NU2-06	1403	Response	100	27151309	7233	1
NU2-06	1405	Picture	12	27166741	0	1	20166	1	0	next	other	0
NU2-06	1407	Picture	25	27202073	0	1	20166	1	0	next	other	0
NU2-06	1409	Picture	64	27237406	0	1	20166	1	0	next	other	0
NU2-06	1410	Response	0	27271306	13568	1
NU2-06	1410	Response	0	27275946	18208	1
NU2-06	1411	Response	0	27280107	3869	1
NU2-06	1411	Response	0	27281706	5469	1
NU2-06	1412	Response	0	27285546	3642	1
NU2-06	1412	Response	100	27287946	6042	1
NU2-06	1414	Picture	11	27303403	0	1	20166	1	0	next	other	0
NU2-06	1416	Picture	26	27338735	0	1	20166	1	0	next	other	0
NU2-06	1418	Picture	40	27374068	0	1	53998	1	0	next	other	0
NU2-06	1418	Text Input	14	27427944	53876	0
NU2-06	1421	Picture	11	27458398	0	1	20166	1	0	next	other	0
NU2-06	1423	Picture	35	27493730	0	1	20166	1	0	next	other	0
NU2-06	1425	Picture	74	27529062	0	1	20166	1	0	next	other	0
NU2-06	1426	Response	0	27568742	19347	1
NU2-06	1426	Response	0	27572261	22866	1
NU2-06	1427	Response	0	27576261	3700	1
NU2-06	1427	Response	0	27579141	6580	1
NU2-06	1428	Response	0	27587941	8547	1
NU2-06	1428	Response	100	27590661	11267	1
NU2-06	1430	Picture	13	27606060	0	1	20166	1	0	next	other	0
NU2-06	1432	Picture	25	27641392	0	1	20166	1	0	next	other	0
NU2-06	1434	Picture	40	27676724	0	1	29166	1	0	next	other	0
NU2-06	1434	Text Input	15	27705858	29134	0
NU2-06	1437	Picture	9	27736222	0	1	20166	1	0	next	other	0
NU2-06	1439	Picture	25	27771554	0	1	20166	1	0	next	other	0
NU2-06	1441	Picture	40	27806886	0	1	29166	1	0	next	other	0
NU2-06	1441	Text Input	11	27835936	29050	0
NU2-06	1444	Picture	10	27866384	0	1	20166	1	0	next	other	0
NU2-06	1446	Picture	26	27901716	0	1	20166	1	0	next	other	0
NU2-06	1448	Picture	64	27937048	0	1	20166	1	0	next	other	0
NU2-06	1449	Response	0	27977374	19993	1
NU2-06	1449	Response	0	27979294	21913	1
NU2-06	1450	Response	0	27998814	19267	1
NU2-06	1450	Response	0	27999613	20066	1
NU2-06	1451	Response	0	28010973	11094	1
NU2-06	1451	Response	100	28012413	12534	1
NU2-06	1453	Picture	9	28027879	0	1	20166	1	0	next	other	0
NU2-06	1455	Picture	34	28063211	0	1	20166	1	0	next	other	0
NU2-06	1457	Picture	50	28098543	0	1	32499	1	0	next	other	0
NU2-06	1457	Text Input	7	28130971	32428	0
NU2-06	1460	Picture	9	28161374	0	1	20166	1	0	next	other	0
NU2-06	1462	Picture	25	28196706	0	1	20166	1	0	next	other	0
NU2-06	1464	Picture	62	28232038	0	1	20166	1	0	next	other	0
NU2-06	1465	Response	0	28258969	6598	1
NU2-06	1465	Response	0	28264089	11718	1
NU2-06	1466	Response	0	28286489	22118	1
NU2-06	1466	Response	100	28287608	23238	1
NU2-06	1468	Picture	10	28303036	0	1	20166	1	0	next	other	0
NU2-06	1470	Picture	24	28338368	0	1	20166	1	0	next	other	0
NU2-06	1472	Picture	63	28373700	0	1	20166	1	0	next	other	0
NU2-06	1473	Response	0	28398487	4454	1
NU2-06	1473	Response	0	28401687	7654	1
NU2-06	1474	Response	0	28405686	3820	1
NU2-06	1474	Response	0	28406486	4620	1
NU2-06	1475	Response	0	28416406	9707	1
NU2-06	1475	Response	100	28418486	11787	1
NU2-06	1477	Picture	9	28433865	0	1	20166	1	0	next	other	0
NU2-06	1479	Picture	24	28469197	0	1	20166	1	0	next	other	0
NU2-06	1481	Picture	61	28504529	0	1	20166	1	0	next	other	0
NU2-06	1482	Response	0	28532404	7543	1
NU2-06	1482	Response	0	28535284	10422	1
NU2-06	1483	Response	0	28538004	2476	1
NU2-06	1483	Response	0	28539124	3595	1
NU2-06	1484	Response	0	28549204	9842	1
NU2-06	1484	Response	100	28551124	11762	1
NU2-06	1486	Picture	11	28566527	0	1	20166	1	0	next	other	0
NU2-06	1488	Picture	34	28601859	0	1	20166	1	0	next	other	0
NU2-06	1490	Picture	73	28637191	0	1	20166	1	0	next	other	0
NU2-06	1491	Response	0	28680082	22558	1
NU2-06	1491	Response	0	28683921	26397	1
NU2-06	1492	Response	0	28690801	6611	1
NU2-06	1492	Response	100	28693521	9331	1
NU2-06	1494	Picture	12	28708856	0	1	20166	1	0	next	other	0
NU2-06	1496	Picture	36	28744188	0	1	20166	1	0	next	other	0
NU2-06	1498	Picture	72	28779520	0	1	20166	1	0	next	other	0
NU2-06	1499	Response	0	28817999	18147	1
NU2-06	1499	Response	0	28821999	22146	1
NU2-06	1500	Response	0	28826479	4293	1
NU2-06	1500	Response	0	28827119	4933	1
NU2-06	1501	Response	0	28833998	6647	1
NU2-06	1501	Response	0	28834798	7447	1
NU2-06	1502	Response	0	28845198	10180	1
NU2-06	1502	Response	100	28846798	11780	1
NU2-06	1504	Picture	8	28862184	0	1	20166	1	0	next	other	0
NU2-06	1506	Picture	27	28897516	0	1	20166	1	0	next	other	0
NU2-06	1508	Picture	64	28932848	0	1	20166	1	0	next	other	0
NU2-06	1509	Response	0	28960557	7376	1
NU2-06	1509	Response	0	28964236	11055	1
NU2-06	1510	Response	0	28967276	2762	1
NU2-06	1510	Response	0	28968396	3883	1
NU2-06	1511	Response	0	28974796	6116	1
NU2-06	1511	Response	0	28976236	7556	1
NU2-06	1512	Response	0	28977676	1163	1
NU2-06	1512	Response	0	28978476	1963	1
NU2-06	1513	Response	0	28985676	6996	1
NU2-06	1513	Response	0	28986956	8276	1
NU2-06	1514	Response	0	29000875	13696	1
NU2-06	1514	Response	100	29003275	16096	1
NU2-06	1516	Picture	8	29018678	0	1	20166	1	0	next	other	0
NU2-06	1518	Picture	34	29054011	0	1	20166	1	0	next	other	0
NU2-06	1520	Picture	72	29089343	0	1	20166	1	0	next	other	0
NU2-06	1521	Response	0	29122154	12478	1
NU2-06	1521	Response	100	29124553	14878	1
NU2-06	1524	Picture	11	29740154	0	1	20166	1	0	next	other	0
NU2-06	1526	Picture	36	29775486	0	1	20166	1	0	next	other	0
NU2-06	1528	Picture	71	29810818	0	1	20166	1	0	next	other	0
NU2-06	1529	Response	0	29857661	26510	1
NU2-06	1529	Response	0	29858940	27789	1
NU2-06	1530	Response	0	29866620	7470	1
NU2-06	1530	Response	0	29867740	8590	1
NU2-06	1531	Response	0	29871900	3917	1
NU2-06	1531	Response	0	29873340	5357	1
NU2-06	1532	Response	0	29891900	18250	1
NU2-06	1532	Response	0	29892860	19210	1
NU2-06	1533	Response	0	29961019	67870	1
NU2-06	1533	Response	100	29962618	69470	1
NU2-06	1535	Picture	11	29977979	0	1	20166	1	0	next	other	0
NU2-06	1537	Picture	27	30013311	0	1	20166	1	0	next	other	0
NU2-06	1539	Picture	62	30048643	0	1	20166	1	0	next	other	0
NU2-06	1540	Response	0	30074137	5161	1
NU2-06	1540	Response	0	30076696	7720	1
NU2-06	1541	Response	0	30080056	3080	1
NU2-06	1541	Response	0	30080376	3400	1
NU2-06	1542	Response	0	30087896	7254	1
NU2-06	1542	Response	100	30089176	8534	1
NU2-06	1544	Picture	10	30104642	0	1	20166	1	0	next	other	0
NU2-06	1546	Picture	27	30139974	0	1	20166	1	0	next	other	0
NU2-06	1548	Picture	40	30175306	0	1	66664	1	0	next	other	0
NU2-06	1548	Text Input	13	30241813	66507	0
NU2-06	1551	Picture	11	30272302	0	1	20166	1	0	next	other	0
NU2-06	1553	Picture	25	30307635	0	1	20166	1	0	next	other	0
NU2-06	1555	Picture	64	30342967	0	1	20166	1	0	next	other	0
NU2-06	1556	Response	0	30397011	33712	1
NU2-06	1556	Response	0	30400691	37391	1
NU2-06	1557	Response	0	30404370	3406	1
NU2-06	1557	Response	0	30405010	4045	1
NU2-06	1558	Response	0	30409010	3712	1
NU2-06	1558	Response	0	30411090	5792	1
NU2-06	1559	Response	0	30423570	12273	1
NU2-06	1559	Response	0	30424850	13552	1
NU2-06	1560	Response	0	30429330	4199	1
NU2-06	1560	Response	0	30430450	5319	1
NU2-06	1561	Response	0	30442130	11499	1
NU2-06	1561	Response	100	30444210	13579	1
NU2-06	1563	Picture	11	30459629	0	1	20166	1	0	next	other	0
NU2-06	1565	Picture	37	30494962	0	1	20166	1	0	next	other	0
NU2-06	1567	Picture	50	30530294	0	1	77497	1	0	next	other	0
NU2-06	1567	Text Input	7	30607727	77433	0
NU2-06	1570	Picture	11	30638123	0	1	20166	1	0	next	other	0
NU2-06	1572	Picture	24	30673455	0	1	20166	1	0	next	other	0
NU2-06	1574	Picture	40	30708788	0	1	47832	1	0	next	other	0
NU2-06	1574	Text Input	13	30756524	47736	0
NU2-06	1577	Picture	13	30786952	0	1	20166	1	0	next	other	0
NU2-06	1579	Picture	35	30822284	0	1	20166	1	0	next	other	0
NU2-06	1581	Picture	50	30857616	0	1	57998	1	0	next	other	0
NU2-06	1581	Text Input	10	30915561	57945	0
NU2-06	1584	Picture	12	30945946	0	1	20166	1	0	next	other	0
NU2-06	1586	Picture	27	30981278	0	1	20166	1	0	next	other	0
NU2-06	1588	Picture	40	31016610	0	1	29166	1	0	next	other	0
NU2-06	1588	Text Input	15	31045639	29028	0
NU2-06	1591	Picture	9	31076108	0	1	20166	1	0	next	other	0
NU2-06	1593	Picture	27	31111441	0	1	20166	1	0	next	other	0
NU2-06	1595	Picture	40	31146773	0	1	30499	1	0	next	other	0
NU2-06	1595	Text Input	12	31177156	30384	0
NU2-06	1598	Picture	9	31207604	0	1	20166	1	0	next	other	0
NU2-06	1600	Picture	37	31242936	0	1	20166	1	0	next	other	0
NU2-06	1602	Picture	50	31278268	0	1	72831	1	0	next	other	0
NU2-06	1602	Text Input	5	31351073	72805	0
NU2-06	1605	Picture	8	31381431	0	1	20166	1	0	next	other	0
NU2-06	1607	Picture	24	31416764	0	1	20166	1	0	next	other	0
NU2-06	1609	Picture	61	31452096	0	1	20166	1	0	next	other	0
NU2-06	1610	Response	0	31487391	14963	1
NU2-06	1610	Response	0	31488991	16563	1
NU2-06	1611	Response	0	31491391	2130	1
NU2-06	1611	Response	0	31492511	3250	1
NU2-06	1612	Response	0	31494271	1510	1
NU2-06	1612	Response	0	31495071	2310	1
NU2-06	1613	Response	0	31548190	52929	1
NU2-06	1613	Response	100	31550110	54849	1
NU2-06	1615	Picture	13	31565592	0	1	20166	1	0	next	other	0
NU2-06	1617	Picture	35	31600924	0	1	20166	1	0	next	other	0
NU2-06	1619	Picture	50	31636256	0	1	35499	1	0	next	other	0
NU2-06	1619	Text Input	10	31671708	35452	0
NU2-06	1622	Picture	12	31702087	0	1	20166	1	0	next	other	0
NU2-06	1624	Picture	24	31737419	0	1	20166	1	0	next	other	0
NU2-06	1626	Picture	62	31772751	0	1	20166	1	0	next	other	0
NU2-06	1627	Response	0	31796026	2942	1
NU2-06	1627	Response	100	31797785	4701	1
NU2-06	1629	Picture	13	31813250	0	1	20166	1	0	next	other	0
NU2-06	1631	Picture	35	31848582	0	1	20166	1	0	next	other	0
NU2-06	1633	Picture	50	31883914	0	1	28999	1	0	next	other	0
NU2-06	1633	Text Input	10	31912823	28909	0
NU2-06	1636	Picture	9	31943246	0	1	20166	1	0	next	other	0
NU2-06	1638	Picture	37	31978578	0	1	20166	1	0	next	other	0
NU2-06	1640	Picture	50	32013910	0	1	29666	1	0	next	other	0
NU2-06	1640	Text Input	5	32043541	29631	0
NU2-06	1643	Picture	12	32073908	0	1	20166	1	0	next	other	0
NU2-06	1645	Picture	34	32109240	0	1	20166	1	0	next	other	0
NU2-06	1647	Picture	72	32144572	0	1	20166	1	0	next	other	0
NU2-06	1648	Response	0	32172019	7114	1
NU2-06	1648	Response	100	32173939	9034	1
NU2-06	1650	Picture	12	32189404	0	1	20166	1	0	next	other	0
NU2-06	1652	Picture	24	32224736	0	1	20166	1	0	next	other	0
NU2-06	1654	Picture	40	32260068	0	1	30332	1	0	next	other	0
NU2-06	1654	Text Input	14	32290257	30188	0
NU2-06	1657	Picture	12	32320733	0	1	20166	1	0	next	other	0
NU2-06	1659	Picture	24	32356065	0	1	20166	1	0	next	other	0
NU2-06	1661	Picture	40	32391397	0	1	33499	1	0	next	other	0
NU2-06	1661	Text Input	14	32424814	33417	0
NU2-06	1664	Picture	9	32455228	0	1	20166	1	0	next	other	0
NU2-06	1666	Picture	34	32490560	0	1	20166	1	0	next	other	0
NU2-06	1668	Picture	50	32525893	0	1	29332	1	0	next	other	0
NU2-06	1668	Text Input	7	32555212	29319	0
NU2-06	1671	Picture	10	32585557	0	1	20166	1	0	next	other	0
NU2-06	1673	Picture	27	32620889	0	1	20166	1	0	next	other	0
NU2-06	1675	Picture	61	32656221	0	1	20166	1	0	next	other	0
NU2-06	1676	Response	0	32679850	3296	1
NU2-06	1676	Response	0	32686089	9535	1
NU2-06	1677	Response	0	32702729	16342	1
NU2-06	1677	Response	100	32704489	18102	1
NU2-06	1679	Picture	10	32719886	0	1	20166	1	0	next	other	0
NU2-06	1681	Picture	25	32755218	0	1	20166	1	0	next	other	0
NU2-06	1683	Picture	40	32790550	0	1	27832	1	0	next	other	0
NU2-06	1683	Text Input	12	32818247	27697	0
NU2-06	1686	Picture	End of exepriment	32833549	0	1	104047	1	0	next	other	0

The following output port codes were not sent because of a conflict on the port.
Port	Code	Time(ms)
1	0	3.28335e+006
