Scenario - 
Logfile written - 04/05/2016 14:38:29

Subject	Trial	Event Type	Code	Time	TTime	Uncertainty	Duration	Uncertainty	ReqTime	ReqDur	Stim Type	Pair Index

NU2-10	1	Picture	Instructions	166	0	1	509153	1	0	next	other	0
NU2-10	1	Response	0	509107	508940	1
NU2-10	2	Picture	Instructions	509319	0	1	434821	1	0	next	other	0
NU2-10	2	Response	0	944041	434722	1
NU2-10	4	Picture	Experiment starts	944140	0	1	30166	1	0	next	other	0
NU2-10	6	Picture	8	989472	0	1	20166	1	0	next	other	0
NU2-10	8	Picture	27	1024804	0	1	20166	1	0	next	other	0
NU2-10	10	Picture	65	1060137	0	1	20166	1	0	next	other	0
NU2-10	11	Response	0	1094539	14070	1
NU2-10	11	Response	0	1097419	16949	1
NU2-10	12	Response	0	1097739	103	1
NU2-10	12	Response	0	1104298	6663	1
NU2-10	13	Response	0	1108299	3830	1
NU2-10	13	Response	0	1110539	6070	1
NU2-10	14	Response	0	1118059	7256	1
NU2-10	14	Response	0	1120778	9976	1
NU2-10	15	Response	0	1124138	3170	1
NU2-10	15	Response	0	1125258	4290	1
NU2-10	16	Response	0	1196618	71150	1
NU2-10	16	Response	0	1199178	73709	1
NU2-10	17	Response	0	1230537	31071	1
NU2-10	17	Response	0	1231497	32031	1
NU2-10	18	Response	0	1245417	13619	1
NU2-10	18	Response	0	1252937	21138	1
NU2-10	19	Response	0	1257737	4605	1
NU2-10	19	Response	0	1264137	11005	1
NU2-10	20	Response	0	1273097	8632	1
NU2-10	20	Response	100	1273737	9272	1
NU2-10	22	Picture	13	1289130	0	1	20166	1	0	next	other	0
NU2-10	24	Picture	35	1324463	0	1	20166	1	0	next	other	0
NU2-10	26	Picture	50	1359795	0	1	204328	1	0	next	other	0
NU2-10	26	Text Input	10	1563973	204178	0
NU2-10	26	Response	0	1563973	204178	1
NU2-10	27	Response	100	1564773	650	1
NU2-10	29	Picture	12	1594455	0	1	20166	1	0	next	other	0
NU2-10	31	Picture	35	1629787	0	1	20166	1	0	next	other	0
NU2-10	33	Picture	71	1665120	0	1	20166	1	0	next	other	0
NU2-10	34	Response	0	1690532	5080	1
NU2-10	34	Response	0	1703651	18199	1
NU2-10	35	Response	0	1706211	2259	1
NU2-10	35	Response	0	1709571	5619	1
NU2-10	36	Response	0	1716931	7146	1
NU2-10	36	Response	100	1717571	7786	1
NU2-10	38	Picture	12	1732951	0	1	20166	1	0	next	other	0
NU2-10	40	Picture	27	1768284	0	1	20166	1	0	next	other	0
NU2-10	42	Picture	40	1803616	0	1	86331	1	0	next	other	0
NU2-10	42	Text Input	15	1889889	86273	0
NU2-10	42	Response	0	1889889	86273	1
NU2-10	43	Response	100	1890689	742	1
NU2-10	45	Picture	9	1920279	0	1	20166	1	0	next	other	0
NU2-10	47	Picture	37	1955612	0	1	20166	1	0	next	other	0
NU2-10	49	Picture	50	1990944	0	1	87498	1	0	next	other	0
NU2-10	49	Text Input	5	2078367	87423	0
NU2-10	49	Response	0	2078367	87423	1
NU2-10	50	Response	100	2079167	725	1
NU2-10	52	Picture	12	2108774	0	1	20166	1	0	next	other	0
NU2-10	54	Picture	37	2144106	0	1	20166	1	0	next	other	0
NU2-10	56	Picture	72	2179439	0	1	20166	1	0	next	other	0
NU2-10	57	Response	0	2329244	129473	1
NU2-10	57	Response	0	2340124	140352	1
NU2-10	58	Response	0	2342044	1610	1
NU2-10	58	Response	0	2349404	8969	1
NU2-10	59	Response	0	2355164	5563	1
NU2-10	59	Response	0	2356924	7323	1
NU2-10	60	Response	0	2472443	115342	1
NU2-10	60	Response	0	2475162	118062	1
NU2-10	61	Response	0	2627641	152210	1
NU2-10	61	Response	0	2632600	157170	1
NU2-10	62	Response	0	2638040	5114	1
NU2-10	62	Response	0	2639640	6714	1
NU2-10	63	Response	0	2642680	2754	1
NU2-10	63	Response	0	2645880	5954	1
NU2-10	64	Response	0	2657240	11148	1
NU2-10	64	Response	100	2658040	11948	1
NU2-10	66	Picture	10	2673425	0	1	20166	1	0	next	other	0
NU2-10	68	Picture	35	2708757	0	1	20166	1	0	next	other	0
NU2-10	70	Picture	50	2744090	0	1	181162	1	0	next	other	0
NU2-10	70	Text Input	7	2925237	181147	0
NU2-10	70	Response	0	2925237	181147	1
NU2-10	71	Response	100	2926037	786	1
NU2-10	73	Picture	8	2955584	0	1	20166	1	0	next	other	0
NU2-10	75	Picture	34	2990916	0	1	20166	1	0	next	other	0
NU2-10	77	Picture	73	3026248	0	1	20166	1	0	next	other	0
NU2-10	78	Response	0	3064916	18334	1
NU2-10	78	Response	0	3073395	26814	1
NU2-10	79	Response	0	3087795	14215	1
NU2-10	79	Response	100	3088435	14854	1
NU2-10	81	Picture	12	3103913	0	1	20166	1	0	next	other	0
NU2-10	83	Picture	25	3139245	0	1	20166	1	0	next	other	0
NU2-10	85	Picture	40	3174578	0	1	116163	1	0	next	other	0
NU2-10	85	Text Input	14	3290672	116095	0
NU2-10	85	Response	0	3290672	116095	1
NU2-10	86	Response	100	3291312	571	1
NU2-10	88	Picture	11	3321073	0	1	20166	1	0	next	other	0
NU2-10	90	Picture	37	3356406	0	1	20166	1	0	next	other	0
NU2-10	92	Picture	75	3391738	0	1	20166	1	0	next	other	0
NU2-10	93	Response	0	3427951	15880	1
NU2-10	93	Response	0	3433871	21800	1
NU2-10	94	Response	0	3450991	16920	1
NU2-10	94	Response	100	3451790	17720	1
NU2-10	96	Picture	12	3467236	0	1	20166	1	0	next	other	0
NU2-10	98	Picture	36	3502568	0	1	20166	1	0	next	other	0
NU2-10	100	Picture	50	3537901	0	1	264659	1	0	next	other	0
NU2-10	100	Response	0	3569229	31329	1
NU2-10	100	Response	0	3571149	33248	1
NU2-10	100	Text Input	9	3802507	264606	0
NU2-10	100	Response	0	3802507	264606	1
NU2-10	101	Response	100	3803466	906	1
NU2-10	103	Picture	12	3832892	0	1	20166	1	0	next	other	0
NU2-10	105	Picture	37	3868225	0	1	20166	1	0	next	other	0
NU2-10	107	Picture	50	3903557	0	1	126663	1	0	next	other	0
NU2-10	107	Text Input	8	4030183	126626	0
NU2-10	107	Response	0	4030183	126626	1
NU2-10	108	Response	100	4030983	763	1
NU2-10	110	Picture	12	4060553	0	1	20166	1	0	next	other	0
NU2-10	112	Picture	37	4095885	0	1	20166	1	0	next	other	0
NU2-10	114	Picture	73	4131217	0	1	20166	1	0	next	other	0
NU2-10	115	Response	0	4191462	39912	1
NU2-10	115	Response	0	4196581	45031	1
NU2-10	116	Response	0	4264901	68019	1
NU2-10	116	Response	0	4266341	69458	1
NU2-10	117	Response	0	4292420	25873	1
NU2-10	117	Response	0	4294020	27473	1
NU2-10	118	Response	0	4297700	3487	1
NU2-10	118	Response	0	4298660	4447	1
NU2-10	119	Response	0	4326340	27461	1
NU2-10	119	Response	100	4326980	28100	1
NU2-10	121	Picture	13	4342378	0	1	20166	1	0	next	other	0
NU2-10	123	Picture	25	4377710	0	1	20166	1	0	next	other	0
NU2-10	125	Picture	40	4413043	0	1	179995	1	0	next	other	0
NU2-10	125	Text Input	15	4592897	179854	0
NU2-10	125	Response	0	4592897	179854	1
NU2-10	126	Response	100	4593857	819	1
NU2-10	128	Picture	11	4623370	0	1	20166	1	0	next	other	0
NU2-10	130	Picture	34	4658703	0	1	20166	1	0	next	other	0
NU2-10	132	Picture	73	4694035	0	1	20166	1	0	next	other	0
NU2-10	133	Response	0	4772415	58047	1
NU2-10	133	Response	0	4779934	65567	1
NU2-10	134	Response	0	4785855	5655	1
NU2-10	134	Response	100	4786654	6455	1
NU2-10	136	Picture	10	4802032	0	1	20166	1	0	next	other	0
NU2-10	138	Picture	36	4837364	0	1	20166	1	0	next	other	0
NU2-10	140	Picture	73	4872697	0	1	20166	1	0	next	other	0
NU2-10	141	Response	0	4931293	38264	1
NU2-10	141	Response	0	4935453	42423	1
NU2-10	142	Response	0	4940093	4398	1
NU2-10	142	Response	0	4941692	5998	1
NU2-10	143	Response	0	5015612	73751	1
NU2-10	143	Response	0	5016732	74870	1
NU2-10	144	Response	0	5021692	4666	1
NU2-10	144	Response	0	5023932	6906	1
NU2-10	145	Response	0	5031451	7259	1
NU2-10	145	Response	100	5032411	8219	1
NU2-10	147	Picture	10	5047858	0	1	20166	1	0	next	other	0
NU2-10	149	Picture	37	5083191	0	1	20166	1	0	next	other	0
NU2-10	151	Picture	50	5118523	0	1	342157	1	0	next	other	0
NU2-10	151	Text Input	6	5460566	342043	0
NU2-10	151	Response	0	5460566	342043	1
NU2-10	152	Response	100	5461206	526	1
NU2-10	154	Picture	8	5491013	0	1	20166	1	0	next	other	0
NU2-10	156	Picture	26	5526345	0	1	20166	1	0	next	other	0
NU2-10	158	Picture	40	5561677	0	1	221827	1	0	next	other	0
NU2-10	158	Text Input	11	5783442	221765	0
NU2-10	158	Response	0	5783442	221765	1
NU2-10	159	Response	100	5784082	578	1
NU2-10	161	Picture	12	5813837	0	1	20166	1	0	next	other	0
NU2-10	163	Picture	34	5849169	0	1	20166	1	0	next	other	0
NU2-10	165	Picture	73	5884502	0	1	20166	1	0	next	other	0
NU2-10	166	Response	0	5912081	7247	1
NU2-10	166	Response	0	5921201	16366	1
NU2-10	167	Response	0	5925361	3860	1
NU2-10	167	Response	0	5926481	4980	1
NU2-10	168	Response	0	5930480	3813	1
NU2-10	168	Response	0	5933681	7013	1
NU2-10	169	Response	0	5939121	5120	1
NU2-10	169	Response	100	5940080	6080	1
NU2-10	171	Picture	12	5955500	0	1	20166	1	0	next	other	0
NU2-10	173	Picture	24	5990832	0	1	20166	1	0	next	other	0
NU2-10	175	Picture	63	6026164	0	1	20166	1	0	next	other	0
NU2-10	176	Response	0	6093679	47182	1
NU2-10	176	Response	0	6098639	52142	1
NU2-10	177	Response	0	6107279	8450	1
NU2-10	177	Response	0	6110318	11490	1
NU2-10	178	Response	0	6113839	3343	1
NU2-10	178	Response	0	6115758	5263	1
NU2-10	179	Response	0	6120238	4243	1
NU2-10	179	Response	100	6121198	5203	1
NU2-10	181	Picture	10	6136661	0	1	20166	1	0	next	other	0
NU2-10	183	Picture	37	6171994	0	1	20166	1	0	next	other	0
NU2-10	185	Picture	50	6207326	0	1	36832	1	0	next	other	0
NU2-10	185	Text Input	6	6244077	36751	0
NU2-10	185	Response	0	6244077	36751	1
NU2-10	186	Response	100	6245197	1039	1
NU2-10	188	Picture	12	6274491	0	1	20166	1	0	next	other	0
NU2-10	190	Picture	34	6309823	0	1	20166	1	0	next	other	0
NU2-10	192	Picture	73	6345155	0	1	20166	1	0	next	other	0
NU2-10	193	Response	0	6416235	50747	1
NU2-10	193	Response	0	6417995	52507	1
NU2-10	194	Response	0	6430795	12475	1
NU2-10	194	Response	0	6431755	13435	1
NU2-10	195	Response	0	6463115	31128	1
NU2-10	195	Response	100	6464234	32248	1
NU2-10	197	Picture	9	6479652	0	1	20166	1	0	next	other	0
NU2-10	199	Picture	27	6514984	0	1	20166	1	0	next	other	0
NU2-10	201	Picture	61	6550316	0	1	20166	1	0	next	other	0
NU2-10	202	Response	0	6579593	8944	1
NU2-10	202	Response	0	6586953	16304	1
NU2-10	203	Response	0	6593993	6844	1
NU2-10	203	Response	0	6596393	9244	1
NU2-10	204	Response	0	6599273	2624	1
NU2-10	204	Response	0	6600873	4224	1
NU2-10	205	Response	0	6609033	7884	1
NU2-10	205	Response	0	6610472	9324	1
NU2-10	206	Response	0	6691432	80784	1
NU2-10	206	Response	100	6692391	81743	1
NU2-10	208	Picture	12	6707812	0	1	20166	1	0	next	other	0
NU2-10	210	Picture	35	6743144	0	1	20166	1	0	next	other	0
NU2-10	212	Picture	71	6778477	0	1	20166	1	0	next	other	0
NU2-10	213	Response	0	6825350	26541	1
NU2-10	213	Response	0	6830950	32140	1
NU2-10	214	Response	0	6847110	15968	1
NU2-10	214	Response	100	6847910	16768	1
NU2-10	216	Picture	11	6863308	0	1	20166	1	0	next	other	0
NU2-10	218	Picture	35	6898640	0	1	20166	1	0	next	other	0
NU2-10	220	Picture	74	6933972	0	1	20166	1	0	next	other	0
NU2-10	221	Response	0	6975429	21124	1
NU2-10	221	Response	0	6982308	28003	1
NU2-10	222	Response	0	7007268	24630	1
NU2-10	222	Response	100	7008228	25590	1
NU2-10	224	Picture	8	7023636	0	1	20166	1	0	next	other	0
NU2-10	226	Picture	35	7058969	0	1	20166	1	0	next	other	0
NU2-10	228	Picture	72	7094301	0	1	20166	1	0	next	other	0
NU2-10	229	Response	0	7125507	10873	1
NU2-10	229	Response	0	7129026	14392	1
NU2-10	230	Response	0	7136386	7086	1
NU2-10	230	Response	0	7137986	8686	1
NU2-10	231	Response	0	7178626	40326	1
NU2-10	231	Response	0	7179746	41446	1
NU2-10	232	Response	0	7202786	22820	1
NU2-10	232	Response	0	7203905	23940	1
NU2-10	233	Response	0	7210305	6174	1
NU2-10	233	Response	100	7210945	6814	1
NU2-10	235	Picture	12	7226297	0	1	20166	1	0	next	other	0
NU2-10	237	Picture	24	7261630	0	1	20166	1	0	next	other	0
NU2-10	239	Picture	40	7296962	0	1	150829	1	0	next	other	0
NU2-10	239	Text Input	14	7447742	150780	0
NU2-10	239	Response	0	7447742	150780	1
NU2-10	240	Response	100	7448542	751	1
NU2-10	242	Picture	9	7478124	0	1	20166	1	0	next	other	0
NU2-10	244	Picture	27	7513456	0	1	20166	1	0	next	other	0
NU2-10	246	Picture	40	7548788	0	1	83831	1	0	next	other	0
NU2-10	246	Text Input	12	7632540	83752	0
NU2-10	246	Response	0	7632540	83752	1
NU2-10	247	Response	100	7633340	721	1
NU2-10	249	Picture	8	7662952	0	1	20166	1	0	next	other	0
NU2-10	251	Picture	36	7698284	0	1	20166	1	0	next	other	0
NU2-10	253	Picture	74	7733617	0	1	20166	1	0	next	other	0
NU2-10	254	Response	0	7785019	31069	1
NU2-10	254	Response	0	7789818	35869	1
NU2-10	255	Response	0	7793338	3223	1
NU2-10	255	Response	0	7797338	7223	1
NU2-10	256	Response	0	7801498	3883	1
NU2-10	256	Response	0	7803098	5483	1
NU2-10	257	Response	0	7815738	12457	1
NU2-10	257	Response	0	7821178	17896	1
NU2-10	258	Response	0	7835418	13970	1
NU2-10	258	Response	0	7836058	14610	1
NU2-10	259	Response	0	7840858	4577	1
NU2-10	259	Response	0	7841338	5057	1
NU2-10	260	Response	0	7845818	4204	1
NU2-10	260	Response	100	7846298	4684	1
NU2-10	262	Picture	13	7861780	0	1	20166	1	0	next	other	0
NU2-10	264	Picture	35	7897112	0	1	20166	1	0	next	other	0
NU2-10	266	Picture	50	7932444	0	1	57832	1	0	next	other	0
NU2-10	266	Text Input	10	7990136	57692	0
NU2-10	266	Response	0	7990136	57692	1
NU2-10	267	Response	100	7990776	500	1
NU2-10	269	Picture	11	8020608	0	1	20166	1	0	next	other	0
NU2-10	271	Picture	26	8055941	0	1	20166	1	0	next	other	0
NU2-10	273	Picture	62	8091273	0	1	20166	1	0	next	other	0
NU2-10	274	Response	0	8159574	47968	1
NU2-10	274	Response	100	8160214	48608	1
NU2-10	276	Picture	12	8175604	0	1	20166	1	0	next	other	0
NU2-10	278	Picture	37	8210936	0	1	20166	1	0	next	other	0
NU2-10	280	Picture	50	8246269	0	1	97831	1	0	next	other	0
NU2-10	280	Text Input	8	8344052	97783	0
NU2-10	280	Response	0	8344052	97783	1
NU2-10	281	Response	100	8345012	912	1
NU2-10	283	Picture	12	8374432	0	1	20166	1	0	next	other	0
NU2-10	285	Picture	26	8409764	0	1	20166	1	0	next	other	0
NU2-10	287	Picture	62	8445097	0	1	20166	1	0	next	other	0
NU2-10	288	Response	0	8528210	62781	1
NU2-10	288	Response	0	8530769	65340	1
NU2-10	289	Response	0	8536849	5755	1
NU2-10	289	Response	100	8537809	6715	1
NU2-10	291	Picture	12	8553260	0	1	20166	1	0	next	other	0
NU2-10	293	Picture	34	8588593	0	1	20166	1	0	next	other	0
NU2-10	295	Picture	50	8623925	0	1	40499	1	0	next	other	0
NU2-10	295	Text Input	10	8664368	40443	0
NU2-10	295	Response	0	8664368	40443	1
NU2-10	296	Response	100	8665488	1064	1
NU2-10	298	Picture	10	8694756	0	1	20166	1	0	next	other	0
NU2-10	300	Picture	37	8730089	0	1	20166	1	0	next	other	0
NU2-10	302	Picture	74	8765421	0	1	20166	1	0	next	other	0
NU2-10	303	Response	0	8896046	110292	1
NU2-10	303	Response	100	8897005	111251	1
NU2-10	305	Picture	11	8912417	0	1	20166	1	0	next	other	0
NU2-10	307	Picture	27	8947749	0	1	20166	1	0	next	other	0
NU2-10	309	Picture	40	8983082	0	1	96497	1	0	next	other	0
NU2-10	309	Text Input	14	9079403	96321	0
NU2-10	309	Response	0	9079403	96321	1
NU2-10	310	Response	100	9080043	464	1
NU2-10	312	Picture	10	9109911	0	1	20166	1	0	next	other	0
NU2-10	314	Picture	24	9145244	0	1	20166	1	0	next	other	0
NU2-10	316	Picture	40	9180576	0	1	38999	1	0	next	other	0
NU2-10	316	Text Input	0	9219561	38985	0
NU2-10	316	Response	0	9219561	38985	1
NU2-10	317	Response	100	9220681	1106	1
NU2-10	319	Picture	8	9249907	0	1	20166	1	0	next	other	0
NU2-10	321	Picture	26	9285240	0	1	20166	1	0	next	other	0
NU2-10	323	Picture	62	9320572	0	1	20166	1	0	next	other	0
NU2-10	324	Response	0	9451879	110974	1
NU2-10	324	Response	0	9454598	113693	1
NU2-10	325	Response	0	9464838	9937	1
NU2-10	325	Response	0	9466598	11696	1
NU2-10	326	Response	0	9476838	9937	1
NU2-10	326	Response	0	9478278	11377	1
NU2-10	327	Response	0	9634917	156349	1
NU2-10	327	Response	100	9636036	157468	1
NU2-10	329	Picture	12	9651396	0	1	20166	1	0	next	other	0
NU2-10	331	Picture	37	9686728	0	1	20166	1	0	next	other	0
NU2-10	333	Picture	73	9722061	0	1	20166	1	0	next	other	0
NU2-10	334	Response	0	9770915	28521	1
NU2-10	334	Response	0	9775394	33001	1
NU2-10	335	Response	0	9780034	4308	1
NU2-10	335	Response	0	9787074	11348	1
NU2-10	336	Response	0	9791714	4322	1
NU2-10	336	Response	0	9796194	8802	1
NU2-10	337	Response	0	9800034	3642	1
NU2-10	337	Response	0	9803714	7322	1
NU2-10	338	Response	0	9807074	3182	1
NU2-10	338	Response	0	9810114	6222	1
NU2-10	339	Response	0	9813314	2922	1
NU2-10	339	Response	0	9814434	4042	1
NU2-10	340	Response	0	9891714	76989	1
NU2-10	340	Response	0	9892673	77948	1
NU2-10	341	Response	0	9894753	1864	1
NU2-10	341	Response	0	9900513	7623	1
NU2-10	342	Response	0	9918913	18190	1
NU2-10	342	Response	0	9920673	19950	1
NU2-10	343	Response	0	9930273	9384	1
NU2-10	343	Response	0	9931553	10664	1
NU2-10	344	Response	0	9948512	16791	1
NU2-10	344	Response	0	9950432	18711	1
NU2-10	345	Response	0	9957472	6751	1
NU2-10	345	Response	0	9958752	8031	1
NU2-10	346	Response	0	9961952	2898	1
NU2-10	346	Response	0	9962912	3858	1
NU2-10	347	Response	0	9967872	4651	1
NU2-10	347	Response	100	9968512	5291	1
NU2-10	349	Picture	13	9983887	0	1	20166	1	0	next	other	0
NU2-10	351	Picture	37	10019219	0	1	20166	1	0	next	other	0
NU2-10	353	Picture	50	10054552	0	1	65331	1	0	next	other	0
NU2-10	353	Text Input	7	10119710	65159	0
NU2-10	353	Response	0	10119710	65159	1
NU2-10	354	Response	100	10120670	787	1
NU2-10	356	Picture	12	10150215	0	1	20166	1	0	next	other	0
NU2-10	358	Picture	25	10185548	0	1	20166	1	0	next	other	0
NU2-10	360	Picture	62	10220880	0	1	20166	1	0	next	other	0
NU2-10	361	Response	0	10360028	118815	1
NU2-10	361	Response	0	10365147	123934	1
NU2-10	362	Response	0	10366587	1211	1
NU2-10	362	Response	0	10381467	16091	1
NU2-10	363	Response	0	10383387	1678	1
NU2-10	363	Response	0	10390907	9198	1
NU2-10	364	Response	0	10393147	1938	1
NU2-10	364	Response	0	10395227	4018	1
NU2-10	365	Response	0	10419227	23685	1
NU2-10	365	Response	0	10432827	37285	1
NU2-10	366	Response	0	10436986	3946	1
NU2-10	366	Response	0	10439706	6665	1
NU2-10	367	Response	0	10443386	3512	1
NU2-10	367	Response	0	10444666	4792	1
NU2-10	368	Response	0	10459067	14193	1
NU2-10	368	Response	0	10460987	16113	1
NU2-10	369	Response	0	10462746	1539	1
NU2-10	369	Response	0	10478746	17539	1
NU2-10	370	Response	0	10483706	4666	1
NU2-10	370	Response	0	10484666	5626	1
NU2-10	371	Response	0	10491226	6353	1
NU2-10	371	Response	0	10507066	22193	1
NU2-10	372	Response	0	10514906	7533	1
NU2-10	372	Response	0	10515545	8173	1
NU2-10	373	Response	0	10547225	31353	1
NU2-10	373	Response	0	10548025	32153	1
NU2-10	374	Response	0	10552665	4461	1
NU2-10	374	Response	0	10555065	6861	1
NU2-10	375	Response	0	10557785	2414	1
NU2-10	375	Response	100	10558905	3534	1
NU2-10	377	Picture	10	10574370	0	1	20166	1	0	next	other	0
NU2-10	379	Picture	35	10609703	0	1	20166	1	0	next	other	0
NU2-10	381	Picture	71	10645035	0	1	20166	1	0	next	other	0
NU2-10	382	Response	0	10721783	56416	1
NU2-10	382	Response	0	10729623	64255	1
NU2-10	383	Response	0	10738903	9037	1
NU2-10	383	Response	100	10739863	9997	1
NU2-10	385	Picture	8	10755199	0	1	20166	1	0	next	other	0
NU2-10	387	Picture	36	10790531	0	1	20166	1	0	next	other	0
NU2-10	389	Picture	50	10825863	0	1	66831	1	0	next	other	0
NU2-10	389	Text Input	5	10892661	66798	0
NU2-10	389	Response	0	10892661	66798	1
NU2-10	390	Response	100	10893141	446	1
NU2-10	392	Picture	8	10923027	0	1	20166	1	0	next	other	0
NU2-10	394	Picture	34	10958360	0	1	20166	1	0	next	other	0
NU2-10	396	Picture	50	10993692	0	1	42332	1	0	next	other	0
NU2-10	396	Text Input	6	11035859	42167	0
NU2-10	396	Response	0	11035859	42167	1
NU2-10	397	Response	100	11036339	315	1
NU2-10	399	Picture	10	11066357	0	1	20166	1	0	next	other	0
NU2-10	401	Picture	37	11101689	0	1	20166	1	0	next	other	0
NU2-10	403	Picture	50	11137021	0	1	50332	1	0	next	other	0
NU2-10	403	Text Input	5	11187218	50196	0
NU2-10	403	Response	0	11187218	50196	1
NU2-10	404	Response	100	11187857	504	1
NU2-10	406	Picture	10	11217686	0	1	20166	1	0	next	other	0
NU2-10	408	Picture	26	11253018	0	1	20166	1	0	next	other	0
NU2-10	410	Picture	64	11288350	0	1	20166	1	0	next	other	0
NU2-10	411	Response	0	11370096	61413	1
NU2-10	411	Response	0	11380015	71332	1
NU2-10	412	Response	0	11384175	3827	1
NU2-10	412	Response	0	11386415	6067	1
NU2-10	413	Response	0	11390095	3423	1
NU2-10	413	Response	0	11393455	6783	1
NU2-10	414	Response	0	11400015	6334	1
NU2-10	414	Response	100	11400815	7134	1
NU2-10	416	Picture	9	11416180	0	1	20166	1	0	next	other	0
NU2-10	418	Picture	27	11451512	0	1	20166	1	0	next	other	0
NU2-10	420	Picture	40	11486845	0	1	135163	1	0	next	other	0
NU2-10	420	Text Input	12	11621932	135088	0
NU2-10	420	Response	0	11621932	135088	1
NU2-10	421	Response	100	11623212	1205	1
NU2-10	423	Picture	12	11652340	0	1	20166	1	0	next	other	0
NU2-10	425	Picture	27	11687672	0	1	20166	1	0	next	other	0
NU2-10	427	Picture	40	11723005	0	1	160995	1	0	next	other	0
NU2-10	427	Text Input	15	11883849	160844	0
NU2-10	427	Response	0	11883849	160844	1
NU2-10	428	Response	100	11884809	809	1
NU2-10	430	Picture	8	11914333	0	1	20166	1	0	next	other	0
NU2-10	432	Picture	25	11949665	0	1	20166	1	0	next	other	0
NU2-10	434	Picture	61	11984998	0	1	20166	1	0	next	other	0
NU2-10	435	Response	0	12040327	34997	1
NU2-10	435	Response	0	12047687	42357	1
NU2-10	436	Response	0	12055207	7211	1
NU2-10	436	Response	100	12056967	8971	1
NU2-10	438	Picture	13	12072328	0	1	20166	1	0	next	other	0
NU2-10	440	Picture	27	12107661	0	1	20166	1	0	next	other	0
NU2-10	442	Picture	40	12142993	0	1	191328	1	0	next	other	0
NU2-10	442	Text Input	16	12334244	191251	0
NU2-10	442	Response	0	12334244	191251	1
NU2-10	443	Response	100	12334884	562	1
NU2-10	445	Picture	13	12364654	0	1	20166	1	0	next	other	0
NU2-10	447	Picture	25	12399986	0	1	20166	1	0	next	other	0
NU2-10	449	Picture	40	12435318	0	1	80998	1	0	next	other	0
NU2-10	449	Text Input	16	12516161	80843	0
NU2-10	449	Response	0	12516161	80843	1
NU2-10	450	Response	100	12517121	806	1
NU2-10	452	Picture	13	12546648	0	1	20166	1	0	next	other	0
NU2-10	454	Picture	25	12581981	0	1	20166	1	0	next	other	0
NU2-10	456	Picture	40	12617313	0	1	77998	1	0	next	other	0
NU2-10	456	Text Input	15	12695199	77886	0
NU2-10	456	Response	0	12695199	77886	1
NU2-10	457	Response	100	12695999	688	1
NU2-10	459	Picture	11	12725643	0	1	20166	1	0	next	other	0
NU2-10	461	Picture	24	12760976	0	1	20166	1	0	next	other	0
NU2-10	463	Picture	40	12796308	0	1	33332	1	0	next	other	0
NU2-10	463	Text Input	13	12829598	33290	0
NU2-10	463	Response	0	12829598	33290	1
NU2-10	464	Response	100	12830398	757	1
NU2-10	466	Picture	11	12859973	0	1	20166	1	0	next	other	0
NU2-10	468	Picture	27	12895305	0	1	20166	1	0	next	other	0
NU2-10	470	Picture	40	12930638	0	1	94497	1	0	next	other	0
NU2-10	470	Text Input	14	13025115	94478	0
NU2-10	470	Response	0	13025115	94478	1
NU2-10	471	Response	100	13025755	620	1
NU2-10	473	Picture	11	13055468	0	1	20166	1	0	next	other	0
NU2-10	475	Picture	27	13090800	0	1	20166	1	0	next	other	0
NU2-10	477	Picture	62	13126132	0	1	20166	1	0	next	other	0
NU2-10	478	Response	0	13153274	6809	1
NU2-10	478	Response	0	13158074	11609	1
NU2-10	479	Response	0	13172634	14336	1
NU2-10	479	Response	0	13178873	20575	1
NU2-10	480	Response	0	13181433	2303	1
NU2-10	480	Response	0	13183513	4383	1
NU2-10	481	Response	0	13190554	6757	1
NU2-10	481	Response	0	13193593	9796	1
NU2-10	482	Response	0	13195353	1556	1
NU2-10	482	Response	0	13197593	3796	1
NU2-10	483	Response	0	13200633	2836	1
NU2-10	483	Response	0	13203353	5556	1
NU2-10	484	Response	0	13207513	3883	1
NU2-10	484	Response	100	13208153	4523	1
NU2-10	486	Picture	10	13223630	0	1	20166	1	0	next	other	0
NU2-10	488	Picture	27	13258962	0	1	20166	1	0	next	other	0
NU2-10	490	Picture	61	13294294	0	1	20166	1	0	next	other	0
NU2-10	491	Response	0	13327832	13205	1
NU2-10	491	Response	0	13334551	19925	1
NU2-10	492	Response	0	13338072	3279	1
NU2-10	492	Response	100	13338711	3918	1
NU2-10	494	Picture	10	13354126	0	1	20166	1	0	next	other	0
NU2-10	496	Picture	26	13389458	0	1	20166	1	0	next	other	0
NU2-10	498	Picture	65	13424790	0	1	20166	1	0	next	other	0
NU2-10	499	Response	0	13456631	11507	1
NU2-10	499	Response	0	13463510	18387	1
NU2-10	500	Response	0	13469110	5321	1
NU2-10	500	Response	100	13470550	6761	1
NU2-10	502	Picture	12	13485955	0	1	20166	1	0	next	other	0
NU2-10	504	Picture	25	13521288	0	1	20166	1	0	next	other	0
NU2-10	506	Picture	64	13556620	0	1	20166	1	0	next	other	0
NU2-10	507	Response	0	13582709	5756	1
NU2-10	507	Response	0	13591188	14235	1
NU2-10	508	Response	0	13596948	5496	1
NU2-10	508	Response	100	13597428	5976	1
NU2-10	510	Picture	9	13612785	0	1	20166	1	0	next	other	0
NU2-10	512	Picture	27	13648118	0	1	20166	1	0	next	other	0
NU2-10	514	Picture	65	13683450	0	1	20166	1	0	next	other	0
NU2-10	515	Response	0	13746547	42764	1
NU2-10	515	Response	0	13760146	56364	1
NU2-10	516	Response	0	13764146	3699	1
NU2-10	516	Response	0	13766386	5939	1
NU2-10	517	Response	0	13769106	2492	1
NU2-10	517	Response	0	13772946	6332	1
NU2-10	518	Response	0	13776146	3032	1
NU2-10	518	Response	100	13777266	4152	1
NU2-10	520	Picture	10	13792614	0	1	20166	1	0	next	other	0
NU2-10	522	Picture	27	13827946	0	1	20166	1	0	next	other	0
NU2-10	524	Picture	63	13863278	0	1	20166	1	0	next	other	0
NU2-10	525	Response	0	13893585	9974	1
NU2-10	525	Response	100	13897265	13654	1
NU2-10	527	Picture	9	13912610	0	1	20166	1	0	next	other	0
NU2-10	529	Picture	36	13947943	0	1	20166	1	0	next	other	0
NU2-10	531	Picture	75	13983275	0	1	20166	1	0	next	other	0
NU2-10	532	Response	0	14007824	4216	1
NU2-10	532	Response	0	14015343	11736	1
NU2-10	533	Response	0	14019663	4056	1
NU2-10	533	Response	0	14021103	5496	1
NU2-10	534	Response	0	14024943	3670	1
NU2-10	534	Response	0	14030063	8789	1
NU2-10	535	Response	0	14035503	5230	1
NU2-10	535	Response	0	14035823	5549	1
NU2-10	536	Response	0	14038703	2596	1
NU2-10	536	Response	0	14039983	3876	1
NU2-10	537	Response	0	14046383	6110	1
NU2-10	537	Response	0	14052303	12030	1
NU2-10	538	Response	0	14057263	4656	1
NU2-10	538	Response	100	14058383	5777	1
NU2-10	540	Picture	12	14073772	0	1	20166	1	0	next	other	0
NU2-10	542	Picture	26	14109105	0	1	20166	1	0	next	other	0
NU2-10	544	Picture	40	14144437	0	1	111664	1	0	next	other	0
NU2-10	544	Text Input	14	14255981	111544	0
NU2-10	544	Response	0	14255981	111544	1
NU2-10	545	Response	100	14256620	520	1
NU2-10	547	Picture	10	14286433	0	1	20166	1	0	next	other	0
NU2-10	549	Picture	36	14321765	0	1	20166	1	0	next	other	0
NU2-10	551	Picture	71	14357098	0	1	20166	1	0	next	other	0
NU2-10	552	Response	0	14430539	53108	1
NU2-10	552	Response	0	14435498	58068	1
NU2-10	553	Response	0	14438858	3096	1
NU2-10	553	Response	0	14443818	8056	1
NU2-10	554	Response	0	14446058	1963	1
NU2-10	554	Response	100	14446698	2603	1
NU2-10	556	Picture	13	14462095	0	1	20166	1	0	next	other	0
NU2-10	558	Picture	25	14497427	0	1	20166	1	0	next	other	0
NU2-10	560	Picture	40	14532760	0	1	69165	1	0	next	other	0
NU2-10	560	Text Input	15	14601896	69137	0
NU2-10	560	Response	0	14601896	69137	1
NU2-10	561	Response	100	14602376	452	1
NU2-10	563	Picture	12	14632257	0	1	20166	1	0	next	other	0
NU2-10	565	Picture	25	14667589	0	1	20166	1	0	next	other	0
NU2-10	567	Picture	40	14702921	0	1	104330	1	0	next	other	0
NU2-10	567	Text Input	14	14807174	104252	0
NU2-10	567	Response	0	14807174	104252	1
NU2-10	568	Response	100	14807654	402	1
NU2-10	570	Picture	9	14837584	0	1	20166	1	0	next	other	0
NU2-10	572	Picture	37	14872917	0	1	20166	1	0	next	other	0
NU2-10	574	Picture	71	14908249	0	1	20166	1	0	next	other	0
NU2-10	575	Response	0	15022532	93950	1
NU2-10	575	Response	0	15030691	102109	1
NU2-10	576	Response	0	15033731	2819	1
NU2-10	576	Response	0	15039011	8099	1
NU2-10	577	Response	0	15042851	3606	1
NU2-10	577	Response	0	15058531	19285	1
NU2-10	578	Response	0	15061411	2666	1
NU2-10	578	Response	0	15065411	6666	1
NU2-10	579	Response	0	15068131	2553	1
NU2-10	579	Response	0	15070371	4793	1
NU2-10	580	Response	0	15086051	15473	1
NU2-10	580	Response	0	15086850	16273	1
NU2-10	581	Response	0	15090690	3613	1
NU2-10	581	Response	0	15092770	5693	1
NU2-10	582	Response	0	15098050	4973	1
NU2-10	582	Response	0	15098850	5773	1
NU2-10	583	Response	0	15153730	54653	1
NU2-10	583	Response	0	15163649	64572	1
NU2-10	584	Response	0	15171010	7101	1
NU2-10	584	Response	0	15181889	17981	1
NU2-10	585	Response	0	15188449	6374	1
NU2-10	585	Response	0	15189569	7494	1
NU2-10	586	Response	0	15201729	11988	1
NU2-10	586	Response	0	15201918	12177	154
NU2-10	587	Response	0	15207969	5728	1
NU2-10	587	Response	0	15208609	6368	1
NU2-10	588	Response	0	15530366	321459	1
NU2-10	588	Response	0	15539965	331058	1
NU2-10	589	Response	0	15547165	6934	1
NU2-10	589	Response	100	15547645	7414	1
NU2-10	591	Picture	11	15563064	0	1	20166	1	0	next	other	0
NU2-10	593	Picture	37	15598396	0	1	20166	1	0	next	other	0
NU2-10	595	Picture	76	15633729	0	1	20166	1	0	next	other	0
NU2-10	596	Response	0	15657084	3023	1
NU2-10	596	Response	0	15671163	17102	1
NU2-10	597	Response	0	15674523	3129	1
NU2-10	597	Response	0	15677883	6489	1
NU2-10	598	Response	0	15682363	4302	1
NU2-10	598	Response	0	15683483	5422	1
NU2-10	599	Response	0	15691323	7596	1
NU2-10	599	Response	100	15691803	8076	1
NU2-10	601	Picture	10	15707227	0	1	20166	1	0	next	other	0
NU2-10	603	Picture	36	15742559	0	1	20166	1	0	next	other	0
NU2-10	605	Picture	72	15777891	0	1	20166	1	0	next	other	0
NU2-10	606	Response	0	15864922	66698	1
NU2-10	606	Response	100	15865881	67657	1
NU2-10	608	Picture	10	15881222	0	1	20166	1	0	next	other	0
NU2-10	610	Picture	36	15916554	0	1	20166	1	0	next	other	0
NU2-10	612	Picture	50	15951887	0	1	51999	1	0	next	other	0
NU2-10	612	Text Input	8	16003800	51913	0
NU2-10	612	Response	0	16003800	51913	1
NU2-10	613	Response	100	16004279	394	1
NU2-10	615	Picture	9	16034218	0	1	20166	1	0	next	other	0
NU2-10	617	Picture	35	16069550	0	1	20166	1	0	next	other	0
NU2-10	619	Picture	50	16104882	0	1	48665	1	0	next	other	0
NU2-10	619	Text Input	8	16153398	48515	0
NU2-10	619	Response	0	16153398	48515	1
NU2-10	620	Response	100	16154038	490	1
NU2-10	622	Picture	12	16183880	0	1	20166	1	0	next	other	0
NU2-10	624	Picture	27	16219212	0	1	20166	1	0	next	other	0
NU2-10	626	Picture	40	16254545	0	1	56665	1	0	next	other	0
NU2-10	626	Text Input	15	16311156	56611	0
NU2-10	626	Response	0	16311156	56611	1
NU2-10	627	Response	100	16311956	746	1
NU2-10	629	Picture	9	16341542	0	1	20166	1	0	next	other	0
NU2-10	631	Picture	27	16376875	0	1	20166	1	0	next	other	0
NU2-10	633	Picture	40	16412207	0	1	134163	1	0	next	other	0
NU2-10	633	Text Input	13	16546353	134146	0
NU2-10	633	Response	0	16546353	134146	1
NU2-10	634	Response	100	16546993	623	1
NU2-10	636	Picture	12	16576702	0	1	20166	1	0	next	other	0
NU2-10	638	Picture	25	16612035	0	1	20166	1	0	next	other	0
NU2-10	640	Picture	40	16647367	0	1	52499	1	0	next	other	0
NU2-10	640	Text Input	14	16699791	52424	0
NU2-10	640	Response	0	16699791	52424	1
NU2-10	641	Response	100	16700591	726	1
NU2-10	643	Picture	11	16730198	0	1	20166	1	0	next	other	0
NU2-10	645	Picture	25	16765530	0	1	20166	1	0	next	other	0
NU2-10	647	Picture	40	16800863	0	1	49499	1	0	next	other	0
NU2-10	647	Text Input	13	16850349	49487	0
NU2-10	647	Response	0	16850349	49487	1
NU2-10	648	Response	100	16851309	948	1
NU2-10	650	Picture	10	16880694	0	1	20166	1	0	next	other	0
NU2-10	652	Picture	26	16916026	0	1	20166	1	0	next	other	0
NU2-10	654	Picture	61	16951358	0	1	20166	1	0	next	other	0
NU2-10	655	Response	0	16976268	4577	1
NU2-10	655	Response	0	16984108	12416	1
NU2-10	656	Response	0	16987628	3270	1
NU2-10	656	Response	0	16989068	4710	1
NU2-10	657	Response	0	16998987	9630	1
NU2-10	657	Response	100	16999787	10430	1
NU2-10	659	Picture	8	17015190	0	1	20166	1	0	next	other	0
NU2-10	661	Picture	36	17050522	0	1	20166	1	0	next	other	0
NU2-10	663	Picture	75	17085855	0	1	20166	1	0	next	other	0
NU2-10	664	Response	0	17112107	5919	1
NU2-10	664	Response	0	17126026	19838	1
NU2-10	665	Response	0	17131786	5432	1
NU2-10	665	Response	0	17132906	6552	1
NU2-10	666	Response	0	17138986	5799	1
NU2-10	666	Response	0	17140266	7079	1
NU2-10	667	Response	0	17144106	3586	1
NU2-10	667	Response	0	17149226	8706	1
NU2-10	668	Response	0	17151946	2426	1
NU2-10	668	Response	100	17152906	3386	1
NU2-10	670	Picture	11	17168352	0	1	20166	1	0	next	other	0
NU2-10	672	Picture	26	17203685	0	1	20166	1	0	next	other	0
NU2-10	674	Picture	40	17239017	0	1	38499	1	0	next	other	0
NU2-10	674	Text Input	14	17277385	38368	0
NU2-10	674	Response	0	17277385	38368	1
NU2-10	675	Response	100	17278185	669	1
NU2-10	677	Picture	11	17307849	0	1	20166	1	0	next	other	0
NU2-10	679	Picture	26	17343181	0	1	20166	1	0	next	other	0
NU2-10	681	Picture	62	17378513	0	1	20166	1	0	next	other	0
NU2-10	682	Response	0	17427783	28937	1
NU2-10	682	Response	0	17442182	43336	1
NU2-10	683	Response	0	17474662	32151	1
NU2-10	683	Response	0	17479302	36790	1
NU2-10	684	Response	0	17482662	3151	1
NU2-10	684	Response	0	17486342	6831	1
NU2-10	685	Response	0	17488422	1911	1
NU2-10	685	Response	100	17489061	2551	1
NU2-10	687	Picture	11	17504510	0	1	20166	1	0	next	other	0
NU2-10	689	Picture	26	17539842	0	1	20166	1	0	next	other	0
NU2-10	691	Picture	65	17575174	0	1	20166	1	0	next	other	0
NU2-10	692	Response	0	17598021	2514	1
NU2-10	692	Response	0	17607300	11793	1
NU2-10	693	Response	0	17611780	4273	1
NU2-10	693	Response	0	17612740	5233	1
NU2-10	694	Response	0	17617540	4534	1
NU2-10	694	Response	100	17618180	5173	1
NU2-10	697	Picture	12	18233823	0	1	20166	1	0	next	other	0
NU2-10	699	Picture	25	18269155	0	1	20166	1	0	next	other	0
NU2-10	701	Picture	40	18304487	0	1	26333	1	0	next	other	0
NU2-10	701	Text Input	14	18330652	26164	0
NU2-10	701	Response	0	18330652	26164	1
NU2-10	702	Response	100	18330971	151	1
NU2-10	704	Picture	12	18361152	0	1	20166	1	0	next	other	0
NU2-10	706	Picture	36	18396485	0	1	20166	1	0	next	other	0
NU2-10	708	Picture	50	18431817	0	1	80998	1	0	next	other	0
NU2-10	708	Text Input	9	18512729	80912	0
NU2-10	708	Response	0	18512729	80912	1
NU2-10	709	Response	100	18513369	554	1
NU2-10	711	Picture	10	18543147	0	1	20166	1	0	next	other	0
NU2-10	713	Picture	37	18578480	0	1	20166	1	0	next	other	0
NU2-10	715	Picture	76	18613812	0	1	20166	1	0	next	other	0
NU2-10	716	Response	0	18668088	33943	1
NU2-10	716	Response	0	18675127	40982	1
NU2-10	717	Response	0	18679767	4457	1
NU2-10	717	Response	0	18680887	5577	1
NU2-10	718	Response	0	18687127	5984	1
NU2-10	718	Response	100	18687607	6464	1
NU2-10	720	Picture	11	18702976	0	1	20166	1	0	next	other	0
NU2-10	722	Picture	27	18738308	0	1	20166	1	0	next	other	0
NU2-10	724	Picture	64	18773641	0	1	20166	1	0	next	other	0
NU2-10	725	Response	0	18805366	11393	1
NU2-10	725	Response	0	18819925	25952	1
NU2-10	726	Response	0	18826645	6506	1
NU2-10	726	Response	0	18857685	37546	1
NU2-10	727	Response	0	18861205	3233	1
NU2-10	727	Response	0	18863125	5153	1
NU2-10	728	Response	0	18869685	6380	1
NU2-10	728	Response	0	18870805	7500	1
NU2-10	729	Response	0	18874645	3673	1
NU2-10	729	Response	0	18875285	4313	1
NU2-10	730	Response	0	18890005	14533	1
NU2-10	730	Response	0	18906645	31173	1
NU2-10	731	Response	0	18911125	4154	1
NU2-10	731	Response	0	18916084	9114	1
NU2-10	732	Response	0	18918484	2181	1
NU2-10	732	Response	0	18920565	4261	1
NU2-10	733	Response	0	18923604	2801	1
NU2-10	733	Response	0	18925044	4241	1
NU2-10	734	Response	0	18926964	1661	1
NU2-10	734	Response	100	18927444	2141	1
NU2-10	736	Picture	8	18942803	0	1	20166	1	0	next	other	0
NU2-10	738	Picture	24	18978135	0	1	20166	1	0	next	other	0
NU2-10	740	Picture	62	19013467	0	1	20166	1	0	next	other	0
NU2-10	741	Response	0	19188562	154762	1
NU2-10	741	Response	0	19191282	157481	1
NU2-10	742	Response	0	19192401	939	1
NU2-10	742	Response	0	19195281	3819	1
NU2-10	743	Response	0	19203921	8459	1
NU2-10	743	Response	100	19204881	9419	1
NU2-10	745	Picture	12	19220295	0	1	20166	1	0	next	other	0
NU2-10	747	Picture	26	19255627	0	1	20166	1	0	next	other	0
NU2-10	749	Picture	63	19290960	0	1	20166	1	0	next	other	0
NU2-10	750	Response	0	19337360	26067	1
NU2-10	750	Response	0	19351439	40147	1
NU2-10	751	Response	0	19356079	4455	1
NU2-10	751	Response	0	19361039	9414	1
NU2-10	752	Response	0	19363119	1828	1
NU2-10	752	Response	0	19367279	5988	1
NU2-10	753	Response	0	19368719	1262	1
NU2-10	753	Response	0	19372239	4782	1
NU2-10	754	Response	0	19373679	1222	1
NU2-10	754	Response	100	19374479	2021	1
NU2-10	756	Picture	12	19389957	0	1	20166	1	0	next	other	0
NU2-10	758	Picture	27	19425289	0	1	20166	1	0	next	other	0
NU2-10	760	Picture	64	19460622	0	1	20166	1	0	next	other	0
NU2-10	761	Response	0	19546957	66003	1
NU2-10	761	Response	0	19548877	67923	1
NU2-10	762	Response	0	19554317	5198	1
NU2-10	762	Response	100	19554957	5838	1
NU2-10	764	Picture	10	19570452	0	1	20166	1	0	next	other	0
NU2-10	766	Picture	27	19605784	0	1	20166	1	0	next	other	0
NU2-10	768	Picture	40	19641117	0	1	56165	1	0	next	other	0
NU2-10	768	Text Input	8	19697195	56079	0
NU2-10	768	Response	0	19697195	56079	1
NU2-10	769	Response	100	19697995	713	1
NU2-10	771	Picture	10	19727614	0	1	20166	1	0	next	other	0
NU2-10	773	Picture	34	19762947	0	1	20166	1	0	next	other	0
NU2-10	775	Picture	71	19798279	0	1	20166	1	0	next	other	0
NU2-10	776	Response	0	19832874	14262	1
NU2-10	776	Response	0	19848073	29462	1
NU2-10	777	Response	0	19848553	276	1
NU2-10	777	Response	0	19853993	5716	1
NU2-10	778	Response	0	19860553	6276	1
NU2-10	778	Response	0	19864073	9796	1
NU2-10	779	Response	0	19868233	3956	1
NU2-10	779	Response	0	19871753	7476	1
NU2-10	780	Response	0	19873993	2049	1
NU2-10	780	Response	100	19874633	2689	1
NU2-10	782	Picture	9	19890110	0	1	20166	1	0	next	other	0
NU2-10	784	Picture	34	19925442	0	1	20166	1	0	next	other	0
NU2-10	786	Picture	50	19960774	0	1	45832	1	0	next	other	0
NU2-10	786	Text Input	7	20006471	45697	0
NU2-10	786	Response	0	20006471	45697	1
NU2-10	787	Response	100	20007111	505	1
NU2-10	789	Picture	8	20036939	0	1	20166	1	0	next	other	0
NU2-10	791	Picture	24	20072271	0	1	20166	1	0	next	other	0
NU2-10	793	Picture	61	20107604	0	1	20166	1	0	next	other	0
NU2-10	794	Response	0	20134150	6214	1
NU2-10	794	Response	0	20147910	19973	1
NU2-10	795	Response	0	20151590	3487	1
NU2-10	795	Response	0	20152870	4767	1
NU2-10	796	Response	0	20169829	16727	1
NU2-10	796	Response	0	20175109	22007	1
NU2-10	797	Response	0	20179269	3834	1
NU2-10	797	Response	100	20179909	4474	1
NU2-10	799	Picture	8	20195268	0	1	20166	1	0	next	other	0
NU2-10	801	Picture	24	20230600	0	1	20166	1	0	next	other	0
NU2-10	803	Picture	61	20265932	0	1	20166	1	0	next	other	0
NU2-10	804	Response	0	20293508	7243	1
NU2-10	804	Response	0	20303748	17482	1
NU2-10	805	Response	0	20308068	4136	1
NU2-10	805	Response	100	20308708	4776	1
NU2-10	807	Picture	8	20324097	0	1	20166	1	0	next	other	0
NU2-10	809	Picture	34	20359430	0	1	20166	1	0	next	other	0
NU2-10	811	Picture	50	20394762	0	1	27333	1	0	next	other	0
NU2-10	811	Text Input	6	20421986	27224	0
NU2-10	811	Response	0	20421986	27224	1
NU2-10	812	Response	100	20422786	692	1
NU2-10	814	Picture	10	20452427	0	1	20166	1	0	next	other	0
NU2-10	816	Picture	27	20487760	0	1	20166	1	0	next	other	0
NU2-10	818	Picture	40	20523092	0	1	32999	1	0	next	other	0
NU2-10	818	Text Input	13	20556065	32973	0
NU2-10	818	Response	0	20556065	32973	1
NU2-10	819	Response	100	20556705	614	1
NU2-10	821	Picture	10	20586423	0	1	20166	1	0	next	other	0
NU2-10	823	Picture	37	20621756	0	1	20166	1	0	next	other	0
NU2-10	825	Picture	50	20657088	0	1	57665	1	0	next	other	0
NU2-10	825	Text Input	8	20714623	57535	0
NU2-10	825	Response	0	20714623	57535	1
NU2-10	826	Response	100	20715743	990	1
NU2-10	828	Picture	8	20745086	0	1	20166	1	0	next	other	0
NU2-10	830	Picture	36	20780418	0	1	20166	1	0	next	other	0
NU2-10	832	Picture	50	20815750	0	1	78165	1	0	next	other	0
NU2-10	832	Text Input	3	20893821	78070	0
NU2-10	832	Response	0	20893821	78070	1
NU2-10	833	Response	100	20894461	546	1
NU2-10	835	Picture	10	20924247	0	1	20166	1	0	next	other	0
NU2-10	837	Picture	36	20959580	0	1	20166	1	0	next	other	0
NU2-10	839	Picture	50	20994912	0	1	36999	1	0	next	other	0
NU2-10	839	Text Input	7)	21031579	36667	1
NU2-10	839	Response	0	21031579	36667	5
NU2-10	840	Response	100	21032059	148	1
NU2-10	842	Picture	13	21062243	0	1	20166	1	0	next	other	0
NU2-10	844	Picture	25	21097576	0	1	20166	1	0	next	other	0
NU2-10	846	Picture	40	21132908	0	1	85331	1	0	next	other	0
NU2-10	846	Text Input	15	21218137	85229	0
NU2-10	846	Response	0	21218137	85229	1
NU2-10	847	Response	100	21218937	698	1
NU2-10	849	Picture	8	21248572	0	1	20166	1	0	next	other	0
NU2-10	851	Picture	37	21283904	0	1	20166	1	0	next	other	0
NU2-10	853	Picture	73	21319236	0	1	20166	1	0	next	other	0
NU2-10	854	Response	0	21355416	15847	1
NU2-10	854	Response	0	21359735	20166	1
NU2-10	855	Response	0	21362935	3033	1
NU2-10	855	Response	0	21369815	9913	1
NU2-10	856	Response	0	21377655	7587	1
NU2-10	856	Response	0	21382135	12067	1
NU2-10	857	Response	0	21384535	2134	1
NU2-10	857	Response	0	21390615	8213	1
NU2-10	858	Response	0	21394295	3394	1
NU2-10	858	Response	0	21401174	10274	1
NU2-10	859	Response	0	21404055	2654	1
NU2-10	859	Response	0	21423894	22494	1
NU2-10	860	Response	0	21425654	1588	1
NU2-10	860	Response	0	21430454	6388	1
NU2-10	861	Response	0	21433334	2601	1
NU2-10	861	Response	0	21441334	10601	1
NU2-10	862	Response	0	21444054	2488	1
NU2-10	862	Response	0	21444374	2808	1
NU2-10	863	Response	0	21447734	3168	1
NU2-10	863	Response	0	21454934	10368	1
NU2-10	864	Response	0	21457334	2101	1
NU2-10	864	Response	100	21458134	2901	1
NU2-10	866	Picture	11	21473565	0	1	20166	1	0	next	other	0
NU2-10	868	Picture	37	21508898	0	1	20166	1	0	next	other	0
NU2-10	870	Picture	50	21544230	0	1	53832	1	0	next	other	0
NU2-10	870	Text Input	7	21597972	53742	0
NU2-10	870	Response	0	21597972	53742	1
NU2-10	871	Response	100	21598612	550	1
NU2-10	873	Picture	10	21628394	0	1	20166	1	0	next	other	0
NU2-10	875	Picture	26	21663727	0	1	20166	1	0	next	other	0
NU2-10	877	Picture	61	21699059	0	1	20166	1	0	next	other	0
NU2-10	878	Response	0	21722931	3539	1
NU2-10	878	Response	0	21736690	17299	1
NU2-10	879	Response	0	21738291	1399	1
NU2-10	879	Response	0	21743570	6679	1
NU2-10	880	Response	0	21745810	1919	1
NU2-10	880	Response	100	21746610	2719	1
NU2-10	882	Picture	10	21762057	0	1	20166	1	0	next	other	0
NU2-10	884	Picture	35	21797390	0	1	20166	1	0	next	other	0
NU2-10	886	Picture	50	21832722	0	1	59488	178	0	next	other	0
NU2-10	886	Text Input	8	21892209	59487	0
NU2-10	886	Response	0	21892209	59487	1
NU2-10	887	Response	100	21892848	638	1
NU2-10	889	Picture	12	21922553	0	1	20166	1	0	next	other	0
NU2-10	891	Picture	26	21957885	0	1	20166	1	0	next	other	0
NU2-10	893	Picture	40	21993217	0	1	35999	1	0	next	other	0
NU2-10	893	Text Input	15	22029167	35950	0
NU2-10	893	Response	0	22029167	35950	1
NU2-10	894	Response	100	22029487	271	1
NU2-10	896	Picture	12	22059549	0	1	20166	1	0	next	other	0
NU2-10	898	Picture	34	22094881	0	1	20166	1	0	next	other	0
NU2-10	900	Picture	50	22130214	0	1	42332	1	0	next	other	0
NU2-10	900	Text Input	10	22172525	42312	0
NU2-10	900	Response	0	22172525	42312	1
NU2-10	901	Response	100	22173165	619	1
NU2-10	903	Picture	9	22202878	0	1	20166	1	0	next	other	0
NU2-10	905	Picture	35	22238211	0	1	20166	1	0	next	other	0
NU2-10	907	Picture	50	22273543	0	1	50332	1	0	next	other	0
NU2-10	907	Text Input	6	22323724	50181	0
NU2-10	907	Response	0	22323724	50181	1
NU2-10	908	Response	100	22324363	489	1
NU2-10	910	Picture	8	22354207	0	1	20166	1	0	next	other	0
NU2-10	912	Picture	26	22389540	0	1	20166	1	0	next	other	0
NU2-10	914	Picture	40	22424872	0	1	143496	1	0	next	other	0
NU2-10	914	Text Input	11	22568201	143329	0
NU2-10	914	Response	0	22568201	143329	1
NU2-10	915	Response	100	22569001	633	1
NU2-10	917	Picture	11	22598701	0	1	20166	1	0	next	other	0
NU2-10	919	Picture	35	22634033	0	1	20166	1	0	next	other	0
NU2-10	921	Picture	50	22669365	0	1	46665	1	0	next	other	0
NU2-10	921	Text Input	8	22715879	46514	0
NU2-10	921	Response	0	22715879	46514	1
NU2-10	922	Response	100	22716519	488	1
NU2-10	924	Picture	8	22746363	0	1	20166	1	0	next	other	0
NU2-10	926	Picture	35	22781695	0	1	20166	1	0	next	other	0
NU2-10	928	Picture	72	22817028	0	1	20166	1	0	next	other	0
NU2-10	929	Response	0	22867238	29877	1
NU2-10	929	Response	0	22871077	33717	1
NU2-10	930	Response	0	22872357	998	1
NU2-10	930	Response	0	22890757	19397	1
NU2-10	931	Response	0	22895717	4691	1
NU2-10	931	Response	0	22896997	5971	1
NU2-10	932	Response	0	22904997	7804	1
NU2-10	932	Response	0	22905957	8764	1
NU2-10	933	Response	0	22911236	5045	1
NU2-10	933	Response	0	22912036	5845	1
NU2-10	934	Response	0	22915236	2878	1
NU2-10	934	Response	0	22916036	3678	1
NU2-10	935	Response	0	22918436	2078	1
NU2-10	935	Response	0	22919556	3198	1
NU2-10	936	Response	0	22923556	3698	1
NU2-10	936	Response	0	22924196	4338	1
NU2-10	937	Response	0	22936676	12152	1
NU2-10	937	Response	0	22945476	20951	1
NU2-10	938	Response	0	22948676	2985	1
NU2-10	938	Response	0	22949796	4105	1
NU2-10	939	Response	0	22954756	4732	1
NU2-10	939	Response	100	22955236	5212	1
NU2-10	941	Picture	9	22970690	0	1	20166	1	0	next	other	0
NU2-10	943	Picture	24	23006022	0	1	20166	1	0	next	other	0
NU2-10	945	Picture	40	23041355	0	1	172328	1	0	next	other	0
NU2-10	945	Text Input	10	23213633	172278	0
NU2-10	945	Response	0	23213633	172278	1
NU2-10	946	Response	100	23214113	429	1
NU2-10	948	Picture	9	23244016	0	1	20166	1	0	next	other	0
NU2-10	950	Picture	35	23279348	0	1	20166	1	0	next	other	0
NU2-10	952	Picture	74	23314680	0	1	20166	1	0	next	other	0
NU2-10	953	Response	0	23382271	47258	1
NU2-10	953	Response	0	23390430	55417	1
NU2-10	954	Response	0	23394911	4233	1
NU2-10	954	Response	100	23395551	4872	1
NU2-10	956	Picture	9	23411011	0	1	20166	1	0	next	other	0
NU2-10	958	Picture	26	23446343	0	1	20166	1	0	next	other	0
NU2-10	960	Picture	64	23481676	0	1	20166	1	0	next	other	0
NU2-10	961	Response	0	23508989	6981	1
NU2-10	961	Response	0	23524349	22340	1
NU2-10	962	Response	0	23524829	154	1
NU2-10	962	Response	0	23525149	474	1
NU2-10	963	Response	0	23529469	4128	1
NU2-10	963	Response	0	23530749	5408	1
NU2-10	964	Response	0	23539709	8701	1
NU2-10	964	Response	0	23545789	14781	1
NU2-10	965	Response	0	23548509	2502	1
NU2-10	965	Response	0	23552349	6341	1
NU2-10	966	Response	0	23554589	1915	1
NU2-10	966	Response	100	23555069	2395	1
NU2-10	968	Picture	11	23570507	0	1	20166	1	0	next	other	0
NU2-10	970	Picture	27	23605839	0	1	20166	1	0	next	other	0
NU2-10	972	Picture	64	23641171	0	1	20166	1	0	next	other	0
NU2-10	973	Response	0	23679868	18364	1
NU2-10	973	Response	100	23680507	19003	1
NU2-10	975	Picture	10	23696003	0	1	20166	1	0	next	other	0
NU2-10	977	Picture	34	23731335	0	1	20166	1	0	next	other	0
NU2-10	979	Picture	50	23766668	0	1	42332	1	0	next	other	0
NU2-10	979	Text Input	8	23808986	42318	0
NU2-10	979	Response	0	23808986	42318	1
NU2-10	980	Response	100	23809146	146	1
NU2-10	982	Picture	11	23839332	0	1	20166	1	0	next	other	0
NU2-10	984	Picture	25	23874665	0	1	20166	1	0	next	other	0
NU2-10	986	Picture	64	23909997	0	1	20166	1	0	next	other	0
NU2-10	986	Response	0	23926265	16268	1
NU2-10	987	Response	0	23931384	1054	1
NU2-10	987	Response	0	23933624	3294	1
NU2-10	987	Response	0	23948184	17854	1
NU2-10	988	Response	0	23952184	3688	1
NU2-10	988	Response	0	23952664	4168	1
NU2-10	989	Response	0	23956824	3828	1
NU2-10	989	Response	0	23957944	4948	1
NU2-10	990	Response	0	23963544	5381	1
NU2-10	990	Response	0	23964663	6501	1
NU2-10	991	Response	0	23969944	4948	1
NU2-10	991	Response	0	23970584	5588	1
NU2-10	992	Response	0	23980184	9355	1
NU2-10	992	Response	0	23985623	14795	1
NU2-10	993	Response	0	23988664	2835	1
NU2-10	993	Response	100	23989463	3635	1
NU2-10	995	Picture	9	24004828	0	1	20166	1	0	next	other	0
NU2-10	997	Picture	36	24040160	0	1	20166	1	0	next	other	0
NU2-10	999	Picture	50	24075493	0	1	53998	1	0	next	other	0
NU2-10	999	Text Input	6	24129462	53969	0
NU2-10	999	Response	0	24129462	53969	1
NU2-10	1000	Response	100	24129942	451	1
NU2-10	1002	Picture	10	24159823	0	1	20166	1	0	next	other	0
NU2-10	1004	Picture	35	24195156	0	1	20166	1	0	next	other	0
NU2-10	1006	Picture	50	24230488	0	1	29499	1	0	next	other	0
NU2-10	1006	Text Input	6	24259860	29372	0
NU2-10	1006	Response	0	24259860	29372	1
NU2-10	1007	Response	100	24260500	513	1
NU2-10	1009	Picture	8	24290320	0	1	20166	1	0	next	other	0
NU2-10	1011	Picture	26	24325652	0	1	20166	1	0	next	other	0
NU2-10	1013	Picture	65	24360984	0	1	20166	1	0	next	other	0
NU2-10	1014	Response	0	24392019	10702	1
NU2-10	1014	Response	0	24400498	19181	1
NU2-10	1015	Response	0	24410258	9442	1
NU2-10	1015	Response	0	24416338	15521	1
NU2-10	1016	Response	0	24422098	5449	1
NU2-10	1016	Response	0	24426258	9608	1
NU2-10	1017	Response	0	24428338	1856	1
NU2-10	1017	Response	100	24429138	2655	1
NU2-10	1019	Picture	9	24444482	0	1	20166	1	0	next	other	0
NU2-10	1021	Picture	24	24479815	0	1	20166	1	0	next	other	0
NU2-10	1023	Picture	61	24515147	0	1	20166	1	0	next	other	0
NU2-10	1024	Response	0	24549777	14298	1
NU2-10	1024	Response	0	24566256	30777	1
NU2-10	1025	Response	0	24569456	2978	1
NU2-10	1025	Response	0	24570576	4098	1
NU2-10	1026	Response	0	24578736	7925	1
NU2-10	1026	Response	0	24584816	14004	1
NU2-10	1027	Response	0	24587376	2231	1
NU2-10	1027	Response	100	24588176	3031	1
NU2-10	1029	Picture	11	24603644	0	1	20166	1	0	next	other	0
NU2-10	1031	Picture	25	24638977	0	1	20166	1	0	next	other	0
NU2-10	1033	Picture	40	24674309	0	1	42332	1	0	next	other	0
NU2-10	1033	Text Input	13	24716495	42186	0
NU2-10	1033	Response	0	24716495	42186	1
NU2-10	1034	Response	100	24717135	493	1
NU2-10	1036	Picture	9	24746974	0	1	20166	1	0	next	other	0
NU2-10	1038	Picture	27	24782306	0	1	20166	1	0	next	other	0
NU2-10	1040	Picture	40	24817638	0	1	68498	1	0	next	other	0
NU2-10	1040	Text Input	12	24886093	68454	0
NU2-10	1040	Response	0	24886093	68454	1
NU2-10	1041	Response	100	24886733	596	1
NU2-10	1043	Picture	10	24916469	0	1	20166	1	0	next	other	0
NU2-10	1045	Picture	35	24951801	0	1	20166	1	0	next	other	0
NU2-10	1047	Picture	74	24987134	0	1	20166	1	0	next	other	0
NU2-10	1048	Response	0	25012011	4545	1
NU2-10	1048	Response	0	25025131	17664	1
NU2-10	1049	Response	0	25026891	1592	1
NU2-10	1049	Response	0	25030411	5112	1
NU2-10	1050	Response	0	25032491	1859	1
NU2-10	1050	Response	0	25034731	4098	1
NU2-10	1051	Response	0	25038571	3605	1
NU2-10	1051	Response	0	25039051	4085	1
NU2-10	1052	Response	0	25040491	1192	1
NU2-10	1052	Response	0	25041931	2632	1
NU2-10	1053	Response	0	25043531	1399	1
NU2-10	1053	Response	0	25044491	2359	1
NU2-10	1054	Response	0	25051691	6892	1
NU2-10	1054	Response	0	25052971	8172	1
NU2-10	1055	Response	0	25056971	3672	1
NU2-10	1055	Response	0	25058091	4792	1
NU2-10	1056	Response	0	25060971	2672	1
NU2-10	1056	Response	0	25061930	3632	1
NU2-10	1057	Response	0	25066731	4599	1
NU2-10	1057	Response	0	25067370	5239	1
NU2-10	1058	Response	0	25074410	6779	1
NU2-10	1058	Response	0	25078410	10779	1
NU2-10	1059	Response	0	25090570	11939	1
NU2-10	1059	Response	0	25091370	12739	1
NU2-10	1060	Response	0	25094250	2620	1
NU2-10	1060	Response	100	25094890	3259	1
NU2-10	1062	Picture	12	25110297	0	1	20166	1	0	next	other	0
NU2-10	1064	Picture	35	25145629	0	1	20166	1	0	next	other	0
NU2-10	1066	Picture	50	25180962	0	1	34166	1	0	next	other	0
NU2-10	1066	Text Input	8	25215049	34087	0
NU2-10	1066	Response	0	25215049	34087	1
NU2-10	1067	Response	100	25215689	561	1
NU2-10	1069	Picture	12	25245460	0	1	20166	1	0	next	other	0
NU2-10	1071	Picture	25	25280792	0	1	20166	1	0	next	other	0
NU2-10	1073	Picture	62	25316124	0	1	20166	1	0	next	other	0
NU2-10	1074	Response	0	25340968	4511	1
NU2-10	1074	Response	100	25341767	5310	1
NU2-10	1076	Picture	10	25357123	0	1	20166	1	0	next	other	0
NU2-10	1078	Picture	24	25392456	0	1	20166	1	0	next	other	0
NU2-10	1080	Picture	63	25427788	0	1	20166	1	0	next	other	0
NU2-10	1081	Response	0	25452326	4205	1
NU2-10	1081	Response	0	25459846	11725	1
NU2-10	1082	Response	0	25463206	3085	1
NU2-10	1082	Response	100	25464006	3885	1
NU2-10	1084	Picture	12	25479453	0	1	20166	1	0	next	other	0
NU2-10	1086	Picture	34	25514786	0	1	20166	1	0	next	other	0
NU2-10	1088	Picture	50	25550118	0	1	43499	1	0	next	other	0
NU2-10	1088	Text Input	10	25593604	43486	0
NU2-10	1088	Response	0	25593604	43486	1
NU2-10	1089	Response	100	25594244	628	1
NU2-10	1091	Picture	11	25623949	0	1	20166	1	0	next	other	0
NU2-10	1093	Picture	26	25659282	0	1	20166	1	0	next	other	0
NU2-10	1095	Picture	40	25694614	0	1	44332	1	0	next	other	0
NU2-10	1095	Text Input	13	25738882	44269	0
NU2-10	1095	Response	0	25738882	44269	1
NU2-10	1096	Response	100	25739522	576	1
NU2-10	1098	Picture	12	25769278	0	1	20166	1	0	next	other	0
NU2-10	1100	Picture	36	25804611	0	1	20166	1	0	next	other	0
NU2-10	1102	Picture	73	25839943	0	1	20166	1	0	next	other	0
NU2-10	1103	Response	0	25898721	38445	1
NU2-10	1103	Response	100	25899361	39085	1
NU2-10	1105	Picture	10	25914774	0	1	20166	1	0	next	other	0
NU2-10	1107	Picture	35	25950107	0	1	20166	1	0	next	other	0
NU2-10	1109	Picture	50	25985439	0	1	72665	1	0	next	other	0
NU2-10	1109	Text Input	7	26058079	72640	0
NU2-10	1109	Response	0	26058079	72640	1
NU2-10	1110	Response	100	26058559	455	1
NU2-10	1112	Picture	10	26088436	0	1	20166	1	0	next	other	0
NU2-10	1114	Picture	25	26123769	0	1	20166	1	0	next	other	0
NU2-10	1116	Picture	40	26159101	0	1	42832	1	0	next	other	0
NU2-10	1116	Text Input	12	26201917	42816	0
NU2-10	1116	Response	0	26201917	42816	1
NU2-10	1117	Response	100	26202557	624	1
NU2-10	1119	Picture	9	26232265	0	1	20166	1	0	next	other	0
NU2-10	1121	Picture	24	26267598	0	1	20166	1	0	next	other	0
NU2-10	1123	Picture	40	26302930	0	1	30166	1	0	next	other	0
NU2-10	1123	Text Input	12	26332955	30025	0
NU2-10	1123	Response	0	26332955	30025	1
NU2-10	1124	Response	100	26333595	499	1
NU2-10	1126	Picture	10	26363428	0	1	20166	1	0	next	other	0
NU2-10	1128	Picture	36	26398761	0	1	20166	1	0	next	other	0
NU2-10	1130	Picture	75	26434093	0	1	20166	1	0	next	other	0
NU2-10	1131	Response	0	26467994	13568	1
NU2-10	1131	Response	0	26484473	30048	1
NU2-10	1132	Response	0	26489913	5155	1
NU2-10	1132	Response	0	26491193	6435	1
NU2-10	1133	Response	0	26495993	4568	1
NU2-10	1133	Response	0	26500953	9528	1
NU2-10	1134	Response	0	26503993	2735	1
NU2-10	1134	Response	100	26504473	3215	1
NU2-10	1136	Picture	10	26519924	0	1	20166	1	0	next	other	0
NU2-10	1138	Picture	27	26555256	0	1	20166	1	0	next	other	0
NU2-10	1140	Picture	40	26590589	0	1	44999	1	0	next	other	0
NU2-10	1140	Text Input	13	26635512	44923	0
NU2-10	1140	Response	0	26635512	44923	1
NU2-10	1141	Response	100	26636632	1044	1
NU2-10	1143	Picture	8	26665920	0	1	20166	1	0	next	other	0
NU2-10	1145	Picture	34	26701252	0	1	20166	1	0	next	other	0
NU2-10	1147	Picture	72	26736585	0	1	20166	1	0	next	other	0
NU2-10	1148	Response	0	26789750	32833	1
NU2-10	1148	Response	100	26790550	33632	1
NU2-10	1150	Picture	9	26805916	0	1	20166	1	0	next	other	0
NU2-10	1152	Picture	36	26841248	0	1	20166	1	0	next	other	0
NU2-10	1154	Picture	50	26876581	0	1	32499	1	0	next	other	0
NU2-10	1154	Text Input	6	26908948	32368	0
NU2-10	1154	Response	0	26908948	32368	1
NU2-10	1155	Response	100	26909588	508	1
NU2-10	1157	Picture	11	26939412	0	1	20166	1	0	next	other	0
NU2-10	1159	Picture	24	26974745	0	1	20166	1	0	next	other	0
NU2-10	1161	Picture	63	27010077	0	1	20166	1	0	next	other	0
NU2-10	1162	Response	0	27034707	4298	1
NU2-10	1162	Response	0	27043027	12617	1
NU2-10	1163	Response	0	27047347	4104	1
NU2-10	1163	Response	100	27048147	4904	1
NU2-10	1165	Picture	12	27063576	0	1	20166	1	0	next	other	0
NU2-10	1167	Picture	36	27098908	0	1	20166	1	0	next	other	0
NU2-10	1169	Picture	50	27134240	0	1	31832	1	0	next	other	0
NU2-10	1169	Text Input	8	27165905	31665	0
NU2-10	1169	Response	0	27165905	31665	1
NU2-10	1170	Response	100	27166545	473	1
NU2-10	1172	Picture	10	27196405	0	1	20166	1	0	next	other	0
NU2-10	1174	Picture	27	27231738	0	1	20166	1	0	next	other	0
NU2-10	1176	Picture	61	27267070	0	1	20166	1	0	next	other	0
NU2-10	1177	Response	0	27291024	3622	1
NU2-10	1177	Response	0	27300144	12741	1
NU2-10	1178	Response	0	27303023	2621	1
NU2-10	1178	Response	100	27303664	3261	1
NU2-10	1180	Picture	9	27319068	0	1	20166	1	0	next	other	0
NU2-10	1182	Picture	35	27354401	0	1	20166	1	0	next	other	0
NU2-10	1184	Picture	50	27389733	0	1	66998	1	0	next	other	0
NU2-10	1184	Text Input	6	27456622	66889	0
NU2-10	1184	Response	0	27456622	66889	1
NU2-10	1185	Response	100	27457262	531	1
NU2-10	1187	Picture	11	27487064	0	1	20166	1	0	next	other	0
NU2-10	1189	Picture	27	27522396	0	1	20166	1	0	next	other	0
NU2-10	1191	Picture	40	27557728	0	1	44832	1	0	next	other	0
NU2-10	1191	Text Input	13	27602540	44811	0
NU2-10	1191	Response	0	27602540	44811	1
NU2-10	1192	Response	100	27603340	780	1
NU2-10	1194	Picture	8	27632893	0	1	20166	1	0	next	other	0
NU2-10	1196	Picture	35	27668225	0	1	20166	1	0	next	other	0
NU2-10	1198	Picture	72	27703558	0	1	20166	1	0	next	other	0
NU2-10	1199	Response	0	27755659	31768	1
NU2-10	1199	Response	100	27756298	32408	1
NU2-10	1201	Picture	10	27771722	0	1	20166	1	0	next	other	0
NU2-10	1203	Picture	35	27807055	0	1	20166	1	0	next	other	0
NU2-10	1205	Picture	50	27842387	0	1	54998	1	0	next	other	0
NU2-10	1205	Text Input	6	27897257	54870	0
NU2-10	1205	Response	0	27897257	54870	1
NU2-10	1206	Response	100	27898057	671	1
NU2-10	1208	Picture	11	27927718	0	1	20166	1	0	next	other	0
NU2-10	1210	Picture	25	27963050	0	1	20166	1	0	next	other	0
NU2-10	1212	Picture	64	27998383	0	1	20166	1	0	next	other	0
NU2-10	1213	Response	0	28030695	11980	1
NU2-10	1213	Response	0	28043815	25099	1
NU2-10	1214	Response	0	28048775	4727	1
NU2-10	1214	Response	0	28050215	6167	1
NU2-10	1215	Response	0	28057095	6713	1
NU2-10	1215	Response	0	28061575	11193	1
NU2-10	1216	Response	0	28063815	1934	1
NU2-10	1216	Response	100	28064614	2734	1
NU2-10	1218	Picture	8	28080047	0	1	20166	1	0	next	other	0
NU2-10	1220	Picture	25	28115379	0	1	20166	1	0	next	other	0
NU2-10	1222	Picture	63	28150712	0	1	20166	1	0	next	other	0
NU2-10	1223	Response	0	28182534	11489	1
NU2-10	1223	Response	0	28187813	16768	1
NU2-10	1224	Response	0	28201093	13049	1
NU2-10	1224	Response	0	28202693	14649	1
NU2-10	1225	Response	0	28206693	3816	1
NU2-10	1225	Response	100	28207333	4456	1
NU2-10	1227	Picture	9	28222710	0	1	20166	1	0	next	other	0
NU2-10	1229	Picture	26	28258042	0	1	20166	1	0	next	other	0
NU2-10	1231	Picture	40	28293374	0	1	52499	1	0	next	other	0
NU2-10	1231	Text Input	13	28345731	52357	0
NU2-10	1231	Response	0	28345731	52357	1
NU2-10	1232	Response	100	28346531	658	1
NU2-10	1234	Picture	8	28376205	0	1	20166	1	0	next	other	0
NU2-10	1236	Picture	25	28411538	0	1	20166	1	0	next	other	0
NU2-10	1238	Picture	63	28446870	0	1	20166	1	0	next	other	0
NU2-10	1239	Response	0	28471810	4607	1
NU2-10	1239	Response	100	28472450	5247	1
NU2-10	1241	Picture	9	28487869	0	1	20166	1	0	next	other	0
NU2-10	1243	Picture	37	28523201	0	1	20166	1	0	next	other	0
NU2-10	1245	Picture	50	28558534	0	1	116163	1	0	next	other	0
NU2-10	1245	Text Input	5	28674527	115993	0
NU2-10	1245	Response	0	28674527	115993	1
NU2-10	1246	Response	100	28675327	630	1
NU2-10	1248	Picture	9	28705030	0	1	20166	1	0	next	other	0
NU2-10	1250	Picture	34	28740362	0	1	20166	1	0	next	other	0
NU2-10	1252	Picture	72	28775694	0	1	20166	1	0	next	other	0
NU2-10	1253	Response	0	28816286	20259	1
NU2-10	1253	Response	100	28817085	21058	1
NU2-10	1255	Picture	8	28832526	0	1	20166	1	0	next	other	0
NU2-10	1257	Picture	37	28867858	0	1	20166	1	0	next	other	0
NU2-10	1259	Picture	72	28903191	0	1	20166	1	0	next	other	0
NU2-10	1260	Response	0	28945724	22201	1
NU2-10	1260	Response	100	28946364	22840	1
NU2-10	1262	Picture	11	28961856	0	1	20166	1	0	next	other	0
NU2-10	1264	Picture	24	28997188	0	1	20166	1	0	next	other	0
NU2-10	1266	Picture	40	29032520	0	1	73498	1	0	next	other	0
NU2-10	1266	Text Input	13	29105882	73362	0
NU2-10	1266	Response	0	29105882	73362	1
NU2-10	1267	Response	100	29106522	503	1
NU2-10	1269	Picture	8	29136351	0	1	20166	1	0	next	other	0
NU2-10	1271	Picture	27	29171683	0	1	20166	1	0	next	other	0
NU2-10	1273	Picture	63	29207016	0	1	20166	1	0	next	other	0
NU2-10	1274	Response	0	29244121	16773	1
NU2-10	1274	Response	0	29259160	31812	1
NU2-10	1275	Response	0	29262360	3012	1
NU2-10	1275	Response	0	29267000	7653	1
NU2-10	1276	Response	0	29272760	5579	1
NU2-10	1276	Response	0	29275480	8299	1
NU2-10	1277	Response	0	29277720	2039	1
NU2-10	1277	Response	0	29278840	3159	1
NU2-10	1278	Response	0	29281560	2546	1
NU2-10	1278	Response	100	29282200	3186	1
NU2-10	1280	Picture	9	29297680	0	1	20166	1	0	next	other	0
NU2-10	1282	Picture	37	29333012	0	1	20166	1	0	next	other	0
NU2-10	1284	Picture	72	29368344	0	1	20166	1	0	next	other	0
NU2-10	1285	Response	0	29401399	12722	1
NU2-10	1285	Response	0	29414198	25521	1
NU2-10	1286	Response	0	29418998	4488	1
NU2-10	1286	Response	0	29420118	5608	1
NU2-10	1287	Response	0	29423478	3135	1
NU2-10	1287	Response	0	29424278	3935	1
NU2-10	1288	Response	0	29433878	9368	1
NU2-10	1288	Response	0	29438838	14328	1
NU2-10	1289	Response	0	29441718	2709	1
NU2-10	1289	Response	0	29446998	7989	1
NU2-10	1290	Response	0	29452758	5582	1
NU2-10	1290	Response	0	29453718	6542	1
NU2-10	1291	Response	0	29456278	2269	1
NU2-10	1291	Response	100	29456758	2749	1
NU2-10	1293	Picture	12	29472175	0	1	20166	1	0	next	other	0
NU2-10	1295	Picture	27	29507507	0	1	20166	1	0	next	other	0
NU2-10	1297	Picture	64	29542839	0	1	20166	1	0	next	other	0
NU2-10	1298	Response	0	29576597	13424	1
NU2-10	1298	Response	0	29588436	25264	1
NU2-10	1299	Response	0	29592756	4085	1
NU2-10	1299	Response	0	29597396	8724	1
NU2-10	1300	Response	0	29600436	2765	1
NU2-10	1300	Response	0	29604276	6605	1
NU2-10	1301	Response	0	29606516	2011	1
NU2-10	1301	Response	100	29607316	2811	1
NU2-10	1303	Picture	10	29622671	0	1	20166	1	0	next	other	0
NU2-10	1305	Picture	37	29658003	0	1	20166	1	0	next	other	0
NU2-10	1307	Picture	76	29693335	0	1	20166	1	0	next	other	0
NU2-10	1308	Response	0	29718515	4847	1
NU2-10	1308	Response	0	29728594	14926	1
NU2-10	1309	Response	0	29733074	4240	1
NU2-10	1309	Response	100	29733714	4880	1
NU2-10	1311	Picture	12	29749167	0	1	20166	1	0	next	other	0
NU2-10	1313	Picture	37	29784499	0	1	20166	1	0	next	other	0
NU2-10	1315	Picture	50	29819832	0	1	148163	1	0	next	other	0
NU2-10	1315	Text Input	8	29967952	148120	0
NU2-10	1315	Response	0	29967952	148120	1
NU2-10	1316	Response	100	29968752	757	1
NU2-10	1318	Picture	12	29998327	0	1	20166	1	0	next	other	0
NU2-10	1320	Picture	24	30033659	0	1	20166	1	0	next	other	0
NU2-10	1322	Picture	40	30068991	0	1	45832	1	0	next	other	0
NU2-10	1322	Text Input	14	30114670	45679	0
NU2-10	1322	Response	0	30114670	45679	1
NU2-10	1323	Response	100	30115310	486	1
NU2-10	1325	Picture	12	30145156	0	1	20166	1	0	next	other	0
NU2-10	1327	Picture	36	30180488	0	1	20166	1	0	next	other	0
NU2-10	1329	Picture	74	30215821	0	1	20166	1	0	next	other	0
NU2-10	1330	Response	0	30257709	21555	1
NU2-10	1330	Response	0	30262828	26675	1
NU2-10	1331	Response	0	30266508	3355	1
NU2-10	1331	Response	100	30267148	3995	1
NU2-10	1333	Picture	9	30282485	0	1	20166	1	0	next	other	0
NU2-10	1335	Picture	26	30317818	0	1	20166	1	0	next	other	0
NU2-10	1337	Picture	40	30353150	0	1	50999	1	0	next	other	0
NU2-10	1337	Text Input	12	30404106	50956	0
NU2-10	1337	Response	0	30404106	50956	1
NU2-10	1338	Response	100	30405226	1078	1
NU2-10	1340	Picture	8	30434481	0	1	20166	1	0	next	other	0
NU2-10	1342	Picture	24	30469814	0	1	20166	1	0	next	other	0
NU2-10	1344	Picture	40	30505146	0	1	66498	1	0	next	other	0
NU2-10	1344	Text Input	10	30571624	66478	0
NU2-10	1344	Response	0	30571624	66478	1
NU2-10	1345	Response	100	30572744	1100	1
NU2-10	1347	Picture	8	30601977	0	1	20166	1	0	next	other	0
NU2-10	1349	Picture	37	30637309	0	1	20166	1	0	next	other	0
NU2-10	1351	Picture	73	30672641	0	1	20166	1	0	next	other	0
NU2-10	1352	Response	0	30802502	109528	1
NU2-10	1352	Response	100	30802981	110007	11
NU2-10	1354	Picture	8	30818470	0	1	20166	1	0	next	other	0
NU2-10	1356	Picture	37	30853803	0	1	20166	1	0	next	other	0
NU2-10	1358	Picture	72	30889135	0	1	20166	1	0	next	other	0
NU2-10	1359	Response	0	30912581	3113	1
NU2-10	1359	Response	0	30916420	6952	1
NU2-10	1359	Response	0	30916420	6952	1
NU2-10	1360	Response	100	30917220	586	1
NU2-10	1360	Response	0	30922500	5866	1
NU2-10	1360	Response	100	30923620	6986	1
NU2-10	1362	Picture	10	30938967	0	1	20166	1	0	next	other	0
NU2-10	1364	Picture	24	30974299	0	1	20166	1	0	next	other	0
NU2-10	1366	Picture	62	31009632	0	1	20166	1	0	next	other	0
NU2-10	1367	Response	0	31033379	3415	1
NU2-10	1367	Response	100	31034179	4214	1
NU2-10	1369	Picture	10	31049631	0	1	20166	1	0	next	other	0
NU2-10	1371	Picture	26	31084963	0	1	20166	1	0	next	other	0
NU2-10	1373	Picture	40	31120295	0	1	31332	1	0	next	other	0
NU2-10	1373	Text Input	13	31151457	31161	0
NU2-10	1373	Response	0	31151457	31161	1
NU2-10	1374	Response	100	31152097	470	1
NU2-10	1376	Picture	11	31181960	0	1	20166	1	0	next	other	0
NU2-10	1378	Picture	36	31217293	0	1	20166	1	0	next	other	0
NU2-10	1380	Picture	50	31252625	0	1	50665	1	0	next	other	0
NU2-10	1380	Text Input	8	31303136	50511	0
NU2-10	1380	Response	0	31303136	50511	1
NU2-10	1381	Response	100	31303935	645	1
NU2-10	1383	Picture	9	31333623	0	1	20166	1	0	next	other	0
NU2-10	1385	Picture	34	31368955	0	1	20166	1	0	next	other	0
NU2-10	1387	Picture	50	31404287	0	1	29666	1	0	next	other	0
NU2-10	1387	Text Input	7	31433854	29567	0
NU2-10	1387	Response	0	31433854	29567	1
NU2-10	1388	Response	100	31434654	701	1
NU2-10	1390	Picture	9	31464286	0	1	20166	1	0	next	other	0
NU2-10	1392	Picture	36	31499618	0	1	20166	1	0	next	other	0
NU2-10	1394	Picture	71	31534950	0	1	20166	1	0	next	other	0
NU2-10	1395	Response	0	31567133	11850	1
NU2-10	1395	Response	0	31573372	18089	1
NU2-10	1396	Response	0	31578652	5036	1
NU2-10	1396	Response	100	31579132	5516	1
NU2-10	1398	Picture	10	31594615	0	1	20166	1	0	next	other	0
NU2-10	1400	Picture	34	31629948	0	1	20166	1	0	next	other	0
NU2-10	1402	Picture	72	31665280	0	1	20166	1	0	next	other	0
NU2-10	1403	Response	0	31700251	14638	1
NU2-10	1403	Response	0	31706491	20878	1
NU2-10	1404	Response	0	31708570	1791	1
NU2-10	1404	Response	100	31709691	2912	1
NU2-10	1406	Picture	12	31725112	0	1	20166	1	0	next	other	0
NU2-10	1408	Picture	25	31760444	0	1	20166	1	0	next	other	0
NU2-10	1410	Picture	40	31795776	0	1	29166	1	0	next	other	0
NU2-10	1410	Text Input	14	31824889	29113	0
NU2-10	1410	Response	0	31824889	29113	1
NU2-10	1411	Response	100	31825529	587	1
NU2-10	1413	Picture	12	31855275	0	1	20166	1	0	next	other	0
NU2-10	1415	Picture	36	31890607	0	1	20166	1	0	next	other	0
NU2-10	1417	Picture	72	31925939	0	1	20166	1	0	next	other	0
NU2-10	1418	Response	0	32014327	68054	1
NU2-10	1418	Response	100	32015127	68855	1
NU2-10	1420	Picture	8	32030603	0	1	20166	1	0	next	other	0
NU2-10	1422	Picture	24	32065936	0	1	20166	1	0	next	other	0
NU2-10	1424	Picture	62	32101268	0	1	20166	1	0	next	other	0
NU2-10	1425	Response	0	32125526	3925	1
NU2-10	1425	Response	100	32126166	4565	1
NU2-10	1427	Picture	8	32141600	0	1	20166	1	0	next	other	0
NU2-10	1429	Picture	34	32176932	0	1	20166	1	0	next	other	0
NU2-10	1431	Picture	73	32212265	0	1	20166	1	0	next	other	0
NU2-10	1432	Response	0	32240405	7807	1
NU2-10	1432	Response	0	32246164	13567	1
NU2-10	1433	Response	0	32248404	1974	1
NU2-10	1433	Response	100	32249364	2934	1
NU2-10	1435	Picture	10	32264763	0	1	20166	1	0	next	other	0
NU2-10	1437	Picture	25	32300096	0	1	20166	1	0	next	other	0
NU2-10	1439	Picture	64	32335428	0	1	20166	1	0	next	other	0
NU2-10	1439	Response	0	32354483	19055	1
NU2-10	1440	Response	0	32358803	3042	1
NU2-10	1440	Response	0	32362003	6242	1
NU2-10	1440	Response	0	32369843	14082	1
NU2-10	1441	Response	0	32371922	1829	1
NU2-10	1441	Response	100	32372562	2469	1
NU2-10	1443	Picture	12	32387927	0	1	20166	1	0	next	other	0
NU2-10	1445	Picture	25	32423259	0	1	20166	1	0	next	other	0
NU2-10	1447	Picture	64	32458591	0	1	20166	1	0	next	other	0
NU2-10	1448	Response	0	32486642	7718	1
NU2-10	1448	Response	0	32494801	15877	1
NU2-10	1449	Response	0	32496881	1791	1
NU2-10	1449	Response	100	32497841	2751	1
NU2-10	1451	Picture	9	32513256	0	1	20166	1	0	next	other	0
NU2-10	1453	Picture	34	32548589	0	1	20166	1	0	next	other	0
NU2-10	1455	Picture	50	32583921	0	1	35332	1	0	next	other	0
NU2-10	1455	Text Input	7	32619120	35199	0
NU2-10	1455	Response	0	32619120	35199	1
NU2-10	1456	Response	100	32620080	826	1
NU2-10	1458	Picture	10	32649586	0	1	20166	1	0	next	other	0
NU2-10	1460	Picture	37	32684918	0	1	20166	1	0	next	other	0
NU2-10	1462	Picture	50	32720251	0	1	103164	1	0	next	other	0
NU2-10	1462	Text Input	6	32823277	103027	0
NU2-10	1462	Response	0	32823277	103027	1
NU2-10	1463	Response	100	32823757	343	1
NU2-10	1465	Picture	10	32853747	0	1	20166	1	0	next	other	0
NU2-10	1467	Picture	34	32889079	0	1	20166	1	0	next	other	0
NU2-10	1469	Picture	50	32924412	0	1	27999	1	0	next	other	0
NU2-10	1469	Text Input	8	32952396	27984	0
NU2-10	1469	Response	0	32952396	27984	1
NU2-10	1470	Response	100	32953036	625	1
NU2-10	1472	Picture	12	32982743	0	1	20166	1	0	next	other	0
NU2-10	1474	Picture	24	33018076	0	1	20166	1	0	next	other	0
NU2-10	1476	Picture	61	33053408	0	1	20166	1	0	next	other	0
NU2-10	1477	Response	0	33089514	15774	1
NU2-10	1477	Response	0	33099594	25853	1
NU2-10	1478	Response	0	33102154	2247	1
NU2-10	1478	Response	0	33105674	5767	1
NU2-10	1479	Response	0	33109674	3767	1
NU2-10	1479	Response	0	33110634	4727	1
NU2-10	1480	Response	0	33111914	1007	1
NU2-10	1480	Response	100	33112714	1807	1
NU2-10	1482	Picture	12	33128072	0	1	20166	1	0	next	other	0
NU2-10	1484	Picture	26	33163405	0	1	20166	1	0	next	other	0
NU2-10	1486	Picture	40	33198737	0	1	67331	1	0	next	other	0
NU2-10	1486	Text Input	15	33265992	67255	0
NU2-10	1486	Response	0	33265992	67255	1
NU2-10	1487	Response	100	33267112	1043	1
NU2-10	1489	Picture	11	33296401	0	1	20166	1	0	next	other	0
NU2-10	1491	Picture	34	33331733	0	1	20166	1	0	next	other	0
NU2-10	1493	Picture	71	33367066	0	1	20166	1	0	next	other	0
NU2-10	1494	Response	0	33390311	2912	1
NU2-10	1494	Response	0	33397510	10112	1
NU2-10	1495	Response	0	33400230	2499	1
NU2-10	1495	Response	100	33401190	3459	1
NU2-10	1497	Picture	11	33416564	0	1	20166	1	0	next	other	0
NU2-10	1499	Picture	24	33451897	0	1	20166	1	0	next	other	0
NU2-10	1501	Picture	62	33487229	0	1	20166	1	0	next	other	0
NU2-10	1502	Response	0	33523909	16347	1
NU2-10	1502	Response	0	33540229	32667	1
NU2-10	1503	Response	0	33541829	1268	1
NU2-10	1503	Response	0	33557028	16468	1
NU2-10	1504	Response	0	33557668	441	1
NU2-10	1504	Response	0	33561828	4601	1
NU2-10	1505	Response	0	33562628	568	1
NU2-10	1505	Response	100	33563268	1208	1
NU2-10	1507	Picture	8	33578727	0	1	20166	1	0	next	other	0
NU2-10	1509	Picture	25	33614059	0	1	20166	1	0	next	other	0
NU2-10	1511	Picture	63	33649391	0	1	20166	1	0	next	other	0
NU2-10	1512	Response	0	33734306	64582	1
NU2-10	1512	Response	0	33734466	64742	1
NU2-10	1512	Response	0	33734466	64742	1
NU2-10	1513	Response	0	33736706	1984	1
NU2-10	1513	Response	0	33738626	3904	1
NU2-10	1513	Response	0	33742466	7744	1
NU2-10	1514	Response	0	33746146	3424	1
NU2-10	1514	Response	100	33746786	4064	1
NU2-10	1517	Picture	9	34362371	0	1	20166	1	0	next	other	0
NU2-10	1519	Picture	36	34397704	0	1	20166	1	0	next	other	0
NU2-10	1521	Picture	50	34433036	0	1	75165	1	0	next	other	0
NU2-10	1521	Text Input	6	34508057	75021	0
NU2-10	1521	Response	0	34508057	75021	1
NU2-10	1522	Response	100	34508857	656	1
NU2-10	1524	Picture	12	34538533	0	1	20166	1	0	next	other	0
NU2-10	1526	Picture	34	34573865	0	1	20166	1	0	next	other	0
NU2-10	1528	Picture	72	34609198	0	1	20166	1	0	next	other	0
NU2-10	1529	Response	0	34737495	107964	1
NU2-10	1529	Response	100	34738134	108604	1
NU2-10	1531	Picture	9	34753527	0	1	20166	1	0	next	other	0
NU2-10	1533	Picture	27	34788859	0	1	20166	1	0	next	other	0
NU2-10	1535	Picture	65	34824192	0	1	20166	1	0	next	other	0
NU2-10	1536	Response	0	34880853	36329	1
NU2-10	1536	Response	100	34881972	37448	1
NU2-10	1538	Picture	10	34897356	0	1	20166	1	0	next	other	0
NU2-10	1540	Picture	24	34932689	0	1	20166	1	0	next	other	0
NU2-10	1542	Picture	40	34968021	0	1	61165	1	0	next	other	0
NU2-10	1542	Text Input	8	35029171	61150	0
NU2-10	1542	Response	0	35029171	61150	1
NU2-10	1543	Response	100	35029651	465	1
NU2-10	1543	Response	0	35030291	1105	1
NU2-10	1543	Response	100	35031091	1905	1
NU2-10	1545	Picture	11	35059518	0	1	20166	1	0	next	other	0
NU2-10	1547	Picture	36	35094851	0	1	20166	1	0	next	other	0
NU2-10	1549	Picture	74	35130183	0	1	20166	1	0	next	other	0
NU2-10	1550	Response	0	35163729	13214	1
NU2-10	1550	Response	100	35164359	13843	11
NU2-10	1552	Picture	9	35179848	0	1	20166	1	0	next	other	0
NU2-10	1554	Picture	34	35215181	0	1	20166	1	0	next	other	0
NU2-10	1556	Picture	72	35250513	0	1	20166	1	0	next	other	0
NU2-10	1557	Response	0	35289808	18962	1
NU2-10	1557	Response	100	35290608	19762	1
NU2-10	1559	Picture	9	35306011	0	1	20166	1	0	next	other	0
NU2-10	1561	Picture	26	35341344	0	1	20166	1	0	next	other	0
NU2-10	1563	Picture	40	35376676	0	1	42832	1	0	next	other	0
NU2-10	1563	Text Input	12	35419406	42730	0
NU2-10	1563	Response	0	35419406	42730	1
NU2-10	1564	Response	100	35420366	858	1
NU2-10	1566	Picture	11	35449841	0	1	20166	1	0	next	other	0
NU2-10	1568	Picture	36	35485173	0	1	20166	1	0	next	other	0
NU2-10	1570	Picture	50	35520505	0	1	32499	1	0	next	other	0
NU2-10	1570	Text Input	8	35552844	32339	0
NU2-10	1570	Response	0	35552844	32339	1
NU2-10	1571	Response	100	35553484	480	1
NU2-10	1573	Picture	10	35583337	0	1	20166	1	0	next	other	0
NU2-10	1575	Picture	34	35618669	0	1	20166	1	0	next	other	0
NU2-10	1577	Picture	50	35654002	0	1	31666	1	0	next	other	0
NU2-10	1577	Text Input	8	35685643	31641	0
NU2-10	1577	Response	0	35685643	31641	1
NU2-10	1578	Response	100	35686123	455	1
NU2-10	1580	Picture	8	35716000	0	1	20166	1	0	next	other	0
NU2-10	1582	Picture	25	35751332	0	1	20166	1	0	next	other	0
NU2-10	1584	Picture	64	35786665	0	1	20166	1	0	next	other	0
NU2-10	1585	Response	0	35811242	4244	1
NU2-10	1585	Response	0	35816041	9044	1
NU2-10	1586	Response	0	35819721	3391	1
NU2-10	1586	Response	100	35820361	4031	1
NU2-10	1588	Picture	10	35835830	0	1	20166	1	0	next	other	0
NU2-10	1590	Picture	36	35871162	0	1	20166	1	0	next	other	0
NU2-10	1592	Picture	50	35906495	0	1	35999	1	0	next	other	0
NU2-10	1592	Text Input	7	35942440	35945	0
NU2-10	1592	Response	0	35942440	35945	1
NU2-10	1593	Response	100	35943080	586	1
NU2-10	1595	Picture	12	35972826	0	1	20166	1	0	next	other	0
NU2-10	1597	Picture	34	36008158	0	1	20166	1	0	next	other	0
NU2-10	1599	Picture	50	36043491	0	1	36666	1	0	next	other	0
NU2-10	1599	Text Input	10	36080038	36547	0
NU2-10	1599	Response	0	36080038	36547	1
NU2-10	1600	Response	100	36080358	202	1
NU2-10	1602	Picture	11	36110489	0	1	20166	1	0	next	other	0
NU2-10	1604	Picture	35	36145821	0	1	20166	1	0	next	other	0
NU2-10	1606	Picture	50	36181154	0	1	42665	1	0	next	other	0
NU2-10	1606	Text Input	8	36223716	42563	0
NU2-10	1606	Response	0	36223716	42563	1
NU2-10	1607	Response	100	36224356	537	1
NU2-10	1609	Picture	11	36254152	0	1	20166	1	0	next	other	0
NU2-10	1611	Picture	34	36289484	0	1	20166	1	0	next	other	0
NU2-10	1613	Picture	50	36324816	0	1	86831	1	0	next	other	0
NU2-10	1613	Text Input	9	36411554	86738	0
NU2-10	1613	Response	0	36411554	86738	1
NU2-10	1614	Response	100	36412354	707	1
NU2-10	1616	Picture	10	36441980	0	1	20166	1	0	next	other	0
NU2-10	1618	Picture	25	36477312	0	1	20166	1	0	next	other	0
NU2-10	1620	Picture	40	36512644	0	1	39666	1	0	next	other	0
NU2-10	1620	Text Input	12	36552192	39548	0
NU2-10	1620	Response	0	36552192	39548	1
NU2-10	1621	Response	100	36552832	522	1
NU2-10	1623	Picture	9	36582642	0	1	20166	1	0	next	other	0
NU2-10	1625	Picture	26	36617975	0	1	20166	1	0	next	other	0
NU2-10	1627	Picture	40	36653307	0	1	39832	1	0	next	other	0
NU2-10	1627	Text Input	12	36692991	39684	0
NU2-10	1627	Response	0	36692991	39684	1
NU2-10	1628	Response	100	36693471	331	1
NU2-10	1630	Picture	11	36723472	0	1	20166	1	0	next	other	0
NU2-10	1632	Picture	35	36758804	0	1	20166	1	0	next	other	0
NU2-10	1634	Picture	50	36794136	0	1	34166	1	0	next	other	0
NU2-10	1634	Text Input	8	36828189	34053	0
NU2-10	1634	Response	0	36828189	34053	1
NU2-10	1635	Response	100	36828669	367	1
NU2-10	1637	Picture	11	36858635	0	1	20166	1	0	next	other	0
NU2-10	1639	Picture	35	36893967	0	1	20166	1	0	next	other	0
NU2-10	1641	Picture	71	36929299	0	1	20166	1	0	next	other	0
NU2-10	1642	Response	0	36952988	3356	1
NU2-10	1642	Response	0	36960347	10715	1
NU2-10	1643	Response	0	36963228	2596	1
NU2-10	1643	Response	0	36964187	3556	1
NU2-10	1644	Response	0	36967387	2923	1
NU2-10	1644	Response	100	36968027	3562	1
NU2-10	1646	Picture	12	36983464	0	1	20166	1	0	next	other	0
NU2-10	1648	Picture	25	37018797	0	1	20166	1	0	next	other	0
NU2-10	1650	Picture	64	37054129	0	1	20166	1	0	next	other	0
NU2-10	1651	Response	0	37085147	10685	1
NU2-10	1651	Response	0	37092986	18524	1
NU2-10	1652	Response	0	37098106	4811	1
NU2-10	1652	Response	100	37099226	5931	1
NU2-10	1654	Picture	12	37114627	0	1	20166	1	0	next	other	0
NU2-10	1656	Picture	24	37149960	0	1	20166	1	0	next	other	0
NU2-10	1658	Picture	40	37185292	0	1	49832	1	0	next	other	0
NU2-10	1658	Text Input	14	37235064	49772	0
NU2-10	1658	Response	0	37235064	49772	1
NU2-10	1659	Response	100	37235704	580	1
NU2-10	1661	Picture	8	37265457	0	1	20166	1	0	next	other	0
NU2-10	1663	Picture	34	37300789	0	1	20166	1	0	next	other	0
NU2-10	1665	Picture	50	37336121	0	1	29833	1	0	next	other	0
NU2-10	1665	Text Input	6	37365783	29661	0
NU2-10	1665	Response	0	37365783	29661	1
NU2-10	1666	Response	100	37366263	309	1
NU2-10	1668	Picture	End of exepriment	37381120	0	1	104015	1	0	next	other	0

The following output port codes were not sent because of a conflict on the port.
Port	Code	Time(ms)
1	0	3.73811e+006
