Scenario - 
Logfile written - 04/06/2016 16:24:22

Subject	Trial	Event Type	Code	Time	TTime	Uncertainty	Duration	Uncertainty	ReqTime	ReqDur	Stim Type	Pair Index

NU2-12	1	Picture	Instructions	149	0	185	132014	185	0	next	other	0
NU2-12	1	Response	0	131994	131845	1
NU2-12	2	Picture	Instructions	132163	0	1	147829	1	0	next	other	0
NU2-12	2	Response	0	279832	147669	1
NU2-12	4	Picture	Experiment starts	279992	0	1	30166	1	0	next	other	0
NU2-12	6	Picture	9	325324	0	1	20166	1	0	next	other	0
NU2-12	8	Picture	26	360656	0	1	20166	1	0	next	other	0
NU2-12	10	Picture	65	395989	0	1	20166	1	0	next	other	0
NU2-12	11	Response	0	676628	260306	1
NU2-12	11	Response	0	680627	264305	1
NU2-12	12	Response	0	683027	2213	1
NU2-12	12	Response	0	685587	4773	1
NU2-12	13	Response	0	692627	6813	1
NU2-12	13	Response	0	693426	7613	1
NU2-12	14	Response	0	700467	6820	1
NU2-12	14	Response	100	701746	8099	1
NU2-12	16	Picture	9	717146	0	1	20166	1	0	next	other	0
NU2-12	18	Picture	24	752479	0	1	20166	1	0	next	other	0
NU2-12	20	Picture	61	787811	0	1	20166	1	0	next	other	0
NU2-12	21	Response	0	903824	95681	1
NU2-12	21	Response	0	907504	99360	1
NU2-12	22	Response	0	913104	5296	1
NU2-12	22	Response	0	913904	6096	1
NU2-12	23	Response	0	919664	5523	1
NU2-12	23	Response	0	921264	7123	1
NU2-12	24	Response	0	930224	8750	1
NU2-12	24	Response	0	930864	9390	1
NU2-12	25	Response	0	948783	17643	1
NU2-12	25	Response	100	950223	19083	1
NU2-12	27	Picture	11	965639	0	1	20166	1	0	next	other	0
NU2-12	29	Picture	36	1000972	0	1	20166	1	0	next	other	0
NU2-12	31	Picture	50	1036304	0	1	52332	1	0	next	other	0
NU2-12	31	Text Input	8	1088462	52158	0
NU2-12	31	Response	0	1088462	52158	1
NU2-12	32	Response	100	1089262	626	1
NU2-12	34	Picture	8	1118968	0	1	20166	1	0	next	other	0
NU2-12	36	Picture	37	1154301	0	1	20166	1	0	next	other	0
NU2-12	38	Picture	73	1189633	0	1	20166	1	0	next	other	0
NU2-12	39	Response	0	1442218	232252	1
NU2-12	39	Response	0	1444938	234972	1
NU2-12	40	Response	0	1467818	22692	1
NU2-12	40	Response	0	1469417	24291	1
NU2-12	41	Response	0	1472937	3312	1
NU2-12	41	Response	0	1473577	3952	1
NU2-12	42	Response	0	1495817	22025	1
NU2-12	42	Response	0	1497737	23945	1
NU2-12	43	Response	0	1502697	4739	1
NU2-12	43	Response	0	1507177	9219	1
NU2-12	44	Response	0	1511017	3559	1
NU2-12	44	Response	0	1515337	7879	1
NU2-12	45	Response	0	1517577	1953	1
NU2-12	45	Response	0	1518857	3233	1
NU2-12	46	Response	0	1521097	1973	1
NU2-12	46	Response	0	1522537	3413	1
NU2-12	47	Response	0	1535496	12706	1
NU2-12	47	Response	0	1535656	12866	1
NU2-12	48	Response	0	1562536	26579	1
NU2-12	48	Response	0	1563176	27219	1
NU2-12	49	Response	0	1572456	9000	1
NU2-12	49	Response	100	1573576	10120	1
NU2-12	51	Picture	9	1588955	0	1	20166	1	0	next	other	0
NU2-12	53	Picture	25	1624288	0	1	20166	1	0	next	other	0
NU2-12	55	Picture	62	1659620	0	1	20166	1	0	next	other	0
NU2-12	56	Response	0	2009732	329779	1
NU2-12	56	Response	100	2011011	331058	1
NU2-12	58	Picture	8	2026443	0	1	20166	1	0	next	other	0
NU2-12	60	Picture	26	2061775	0	1	20166	1	0	next	other	0
NU2-12	62	Picture	40	2097108	0	1	59998	1	0	next	other	0
NU2-12	62	Text Input	11	2157089	59981	0
NU2-12	62	Response	0	2157089	59981	1
NU2-12	63	Response	100	2157889	783	1
NU2-12	65	Picture	12	2187438	0	1	20166	1	0	next	other	0
NU2-12	67	Picture	25	2222771	0	1	20166	1	0	next	other	0
NU2-12	69	Picture	64	2258103	0	1	20166	1	0	next	other	0
NU2-12	70	Response	0	2442366	163930	1
NU2-12	70	Response	0	2446045	167610	1
NU2-12	71	Response	0	2448445	2181	1
NU2-12	71	Response	0	2451965	5701	1
NU2-12	72	Response	0	2463805	11541	1
NU2-12	72	Response	0	2464605	12341	1
NU2-12	73	Response	0	2483485	18555	1
NU2-12	73	Response	0	2483965	19034	1
NU2-12	74	Response	0	2489405	5141	1
NU2-12	74	Response	100	2490845	6581	1
NU2-12	76	Picture	11	2506263	0	1	20166	1	0	next	other	0
NU2-12	78	Picture	24	2541595	0	1	20166	1	0	next	other	0
NU2-12	80	Picture	40	2576928	0	1	32499	1	0	next	other	0
NU2-12	80	Text Input	13	2609404	32476	0
NU2-12	83	Picture	10	2639759	0	1	20166	1	0	next	other	0
NU2-12	85	Picture	25	2675091	0	1	20166	1	0	next	other	0
NU2-12	87	Picture	40	2710424	0	1	40999	1	0	next	other	0
NU2-12	87	Text Input	12	2751322	40898	0
NU2-12	87	Response	0	2751322	40898	1
NU2-12	88	Response	100	2752282	859	1
NU2-12	90	Picture	12	2781755	0	1	20166	1	0	next	other	0
NU2-12	92	Picture	27	2817088	0	1	20166	1	0	next	other	0
NU2-12	94	Picture	40	2852420	0	1	39166	1	0	next	other	0
NU2-12	94	Text Input	15	2891480	39060	0
NU2-12	94	Response	0	2891480	39060	1
NU2-12	95	Response	100	2892280	695	1
NU2-12	97	Picture	10	2921918	0	1	20166	1	0	next	other	0
NU2-12	99	Picture	26	2957250	0	1	20166	1	0	next	other	0
NU2-12	101	Picture	40	2992583	0	1	36666	1	0	next	other	0
NU2-12	101	Text Input	13	3029078	36496	0
NU2-12	104	Picture	9	3059581	0	1	20166	1	0	next	other	0
NU2-12	106	Picture	36	3094913	0	1	20166	1	0	next	other	0
NU2-12	108	Picture	75	3130245	0	1	20166	1	0	next	other	0
NU2-12	109	Response	0	3348435	197857	1
NU2-12	109	Response	0	3354675	204096	1
NU2-12	110	Response	0	3358835	3929	1
NU2-12	110	Response	0	3361234	6329	1
NU2-12	111	Response	0	3403955	42549	1
NU2-12	111	Response	100	3405874	44468	1
NU2-12	113	Picture	8	3421237	0	1	20166	1	0	next	other	0
NU2-12	115	Picture	37	3456570	0	1	20166	1	0	next	other	0
NU2-12	117	Picture	73	3491902	0	1	20166	1	0	next	other	0
NU2-12	118	Response	0	3755630	243395	1
NU2-12	118	Response	0	3759310	247075	1
NU2-12	119	Response	0	3767950	8389	1
NU2-12	119	Response	0	3769070	9508	1
NU2-12	120	Response	0	3815949	46555	1
NU2-12	120	Response	100	3816909	47515	1
NU2-12	122	Picture	12	3832392	0	1	20166	1	0	next	other	0
NU2-12	124	Picture	37	3867725	0	1	20166	1	0	next	other	0
NU2-12	126	Picture	73	3903057	0	1	20166	1	0	next	other	0
NU2-12	127	Response	0	4076586	153196	1
NU2-12	127	Response	0	4079946	156556	1
NU2-12	128	Response	0	4086666	6447	1
NU2-12	128	Response	0	4087626	7407	1
NU2-12	129	Response	0	4110666	22780	1
NU2-12	129	Response	0	4114025	26140	1
NU2-12	130	Response	0	4119945	5727	1
NU2-12	130	Response	0	4120745	6527	1
NU2-12	131	Response	0	4133705	12654	1
NU2-12	131	Response	0	4137705	16654	1
NU2-12	132	Response	0	4140585	2701	1
NU2-12	132	Response	0	4141545	3661	1
NU2-12	133	Response	0	4145065	3348	1
NU2-12	133	Response	0	4145545	3828	1
NU2-12	134	Response	0	4156105	10388	1
NU2-12	134	Response	0	4157065	11348	1
NU2-12	135	Response	0	4168425	11041	1
NU2-12	135	Response	0	4170665	13281	1
NU2-12	136	Response	0	4176265	5382	1
NU2-12	136	Response	0	4176905	6022	1
NU2-12	137	Response	0	4181385	4169	1
NU2-12	137	Response	0	4183465	6249	1
NU2-12	138	Response	0	4205064	21349	1
NU2-12	138	Response	0	4208584	24868	1
NU2-12	139	Response	0	4211624	2742	1
NU2-12	139	Response	0	4212744	3862	1
NU2-12	140	Response	0	4216424	3376	1
NU2-12	140	Response	0	4217224	4176	1
NU2-12	141	Response	0	4221704	4156	1
NU2-12	141	Response	0	4222344	4796	1
NU2-12	142	Response	0	4226344	3796	1
NU2-12	142	Response	0	4226824	4276	1
NU2-12	143	Response	0	4260264	33216	1
NU2-12	143	Response	100	4261544	34496	1
NU2-12	145	Picture	12	4276880	0	1	20166	1	0	next	other	0
NU2-12	147	Picture	27	4312212	0	1	20166	1	0	next	other	0
NU2-12	149	Picture	64	4347545	0	1	20166	1	0	next	other	0
NU2-12	150	Response	0	4566981	199103	1
NU2-12	150	Response	0	4573700	205822	1
NU2-12	151	Response	0	4576100	2228	1
NU2-12	151	Response	0	4577540	3668	1
NU2-12	152	Response	0	4591940	14068	1
NU2-12	152	Response	100	4593380	15508	1
NU2-12	154	Picture	10	4608871	0	1	20166	1	0	next	other	0
NU2-12	156	Picture	37	4644203	0	1	20166	1	0	next	other	0
NU2-12	158	Picture	50	4679535	0	1	83164	1	0	next	other	0
NU2-12	158	Text Input	6	4762658	83122	0
NU2-12	158	Response	0	4762658	83122	1
NU2-12	159	Response	100	4763938	1238	1
NU2-12	161	Picture	11	4793032	0	1	20166	1	0	next	other	0
NU2-12	163	Picture	26	4828365	0	1	20166	1	0	next	other	0
NU2-12	165	Picture	40	4863697	0	1	78831	1	0	next	other	0
NU2-12	165	Text Input	14	4942495	78799	0
NU2-12	165	Response	0	4942495	78799	1
NU2-12	166	Response	100	4943615	1087	1
NU2-12	168	Picture	9	4972860	0	1	20166	1	0	next	other	0
NU2-12	170	Picture	37	5008193	0	1	20166	1	0	next	other	0
NU2-12	172	Picture	72	5043525	0	1	20166	1	0	next	other	0
NU2-12	173	Response	0	5229212	165354	1
NU2-12	173	Response	0	5230812	166954	1
NU2-12	174	Response	0	5241212	10192	1
NU2-12	174	Response	0	5245052	14032	1
NU2-12	175	Response	0	5264412	19059	1
NU2-12	175	Response	0	5266652	21299	1
NU2-12	176	Response	0	5278652	11799	1
NU2-12	176	Response	0	5281371	14519	1
NU2-12	177	Response	0	5288091	6406	1
NU2-12	177	Response	0	5289851	8166	1
NU2-12	178	Response	0	5297851	7833	1
NU2-12	178	Response	0	5298491	8473	1
NU2-12	179	Response	0	5309211	10526	1
NU2-12	179	Response	0	5310491	11806	1
NU2-12	180	Response	0	5327451	16767	1
NU2-12	180	Response	0	5328411	17726	1
NU2-12	181	Response	0	5334171	5487	1
NU2-12	181	Response	0	5334651	5967	1
NU2-12	182	Response	0	5356891	22040	1
NU2-12	182	Response	0	5357527	22676	11
NU2-12	183	Response	0	5366490	8641	1
NU2-12	183	Response	100	5367450	9601	1
NU2-12	185	Picture	11	5382849	0	1	20166	1	0	next	other	0
NU2-12	187	Picture	26	5418181	0	1	20166	1	0	next	other	0
NU2-12	189	Picture	40	5453514	0	1	61332	1	0	next	other	0
NU2-12	189	Text Input	14	5514809	61295	0
NU2-12	189	Response	0	5514809	61295	1
NU2-12	190	Response	100	5515929	1083	1
NU2-12	192	Picture	12	5545178	0	1	20166	1	0	next	other	0
NU2-12	194	Picture	25	5580510	0	1	20166	1	0	next	other	0
NU2-12	196	Picture	40	5615843	0	1	38666	1	0	next	other	0
NU2-12	196	Text Input	14	5654487	38644	0
NU2-12	196	Response	0	5654487	38644	1
NU2-12	197	Response	100	5655607	1099	1
NU2-12	199	Picture	8	5684841	0	1	20166	1	0	next	other	0
NU2-12	201	Picture	36	5720173	0	1	20166	1	0	next	other	0
NU2-12	203	Picture	71	5755505	0	1	20166	1	0	next	other	0
NU2-12	204	Response	0	5989043	213205	1
NU2-12	204	Response	0	5994163	218325	1
NU2-12	205	Response	0	6006003	11671	1
NU2-12	205	Response	0	6007443	13111	1
NU2-12	206	Response	0	6016563	8898	1
NU2-12	206	Response	0	6017363	9698	1
NU2-12	207	Response	0	6025043	7378	1
NU2-12	207	Response	0	6027762	10098	1
NU2-12	208	Response	0	6062962	34964	1
NU2-12	208	Response	100	6063762	35764	1
NU2-12	210	Picture	13	6079163	0	1	20166	1	0	next	other	0
NU2-12	212	Picture	35	6114495	0	1	20166	1	0	next	other	0
NU2-12	214	Picture	50	6149827	0	1	39166	1	0	next	other	0
NU2-12	214	Text Input	10	6188880	39053	0
NU2-12	214	Response	0	6188880	39053	1
NU2-12	215	Response	100	6189680	687	1
NU2-12	217	Picture	9	6219326	0	1	20166	1	0	next	other	0
NU2-12	219	Picture	35	6254658	0	1	20166	1	0	next	other	0
NU2-12	221	Picture	74	6289990	0	1	20166	1	0	next	other	0
NU2-12	222	Response	0	6473197	162874	1
NU2-12	222	Response	0	6477357	167034	1
NU2-12	223	Response	0	6484077	6425	1
NU2-12	223	Response	0	6484877	7225	1
NU2-12	224	Response	0	6526797	41645	1
NU2-12	224	Response	0	6528076	42925	1
NU2-12	225	Response	0	6557836	29519	1
NU2-12	225	Response	100	6558796	30479	1
NU2-12	227	Picture	10	6574149	0	1	20166	1	0	next	other	0
NU2-12	229	Picture	36	6609481	0	1	20166	1	0	next	other	0
NU2-12	231	Picture	73	6644814	0	1	20166	1	0	next	other	0
NU2-12	232	Response	0	6776874	111728	1
NU2-12	232	Response	100	6777834	112687	1
NU2-12	234	Picture	9	6793309	0	1	20166	1	0	next	other	0
NU2-12	236	Picture	27	6828642	0	1	20166	1	0	next	other	0
NU2-12	238	Picture	61	6863974	0	1	20166	1	0	next	other	0
NU2-12	239	Response	0	7071750	187444	1
NU2-12	239	Response	0	7079749	195443	1
NU2-12	240	Response	0	7115110	35141	1
NU2-12	240	Response	100	7117189	37221	1
NU2-12	242	Picture	11	7132633	0	1	20166	1	0	next	other	0
NU2-12	244	Picture	27	7167966	0	1	20166	1	0	next	other	0
NU2-12	246	Picture	40	7203298	0	1	60165	1	0	next	other	0
NU2-12	246	Text Input	14	7263427	60129	0
NU2-12	246	Response	0	7263427	60129	1
NU2-12	247	Response	100	7264228	765	1
NU2-12	249	Picture	12	7293796	0	1	20166	1	0	next	other	0
NU2-12	251	Picture	34	7329128	0	1	20166	1	0	next	other	0
NU2-12	253	Picture	50	7364460	0	1	33332	1	0	next	other	0
NU2-12	253	Text Input	10	7397666	33206	0
NU2-12	253	Response	0	7397666	33206	1
NU2-12	254	Response	100	7398466	673	1
NU2-12	256	Picture	9	7428125	0	1	20166	1	0	next	other	0
NU2-12	258	Picture	34	7463457	0	1	20166	1	0	next	other	0
NU2-12	260	Picture	50	7498790	0	1	29499	1	0	next	other	0
NU2-12	260	Text Input	7	7528225	29435	0
NU2-12	260	Response	0	7528225	29435	1
NU2-12	261	Response	100	7529024	736	1
NU2-12	263	Picture	12	7558621	0	1	20166	1	0	next	other	0
NU2-12	265	Picture	36	7593954	0	1	20166	1	0	next	other	0
NU2-12	267	Picture	74	7629286	0	1	20166	1	0	next	other	0
NU2-12	268	Response	0	7817181	167562	1
NU2-12	268	Response	0	7821501	171882	1
NU2-12	269	Response	0	7843901	22120	1
NU2-12	269	Response	0	7845181	23400	1
NU2-12	270	Response	0	7925500	80053	1
NU2-12	270	Response	100	7926620	81173	1
NU2-12	272	Picture	12	7942111	0	1	20166	1	0	next	other	0
NU2-12	274	Picture	26	7977443	0	1	20166	1	0	next	other	0
NU2-12	276	Picture	64	8012775	0	1	20166	1	0	next	other	0
NU2-12	277	Response	0	8331255	298147	1
NU2-12	277	Response	0	8333975	300867	1
NU2-12	278	Response	0	8337335	3068	1
NU2-12	278	Response	0	8339094	4828	1
NU2-12	279	Response	0	8347095	7828	1
NU2-12	279	Response	0	8348694	9428	1
NU2-12	280	Response	0	8351254	2322	1
NU2-12	280	Response	0	8352694	3762	1
NU2-12	281	Response	0	8364214	11282	1
NU2-12	281	Response	0	8365654	12722	1
NU2-12	282	Response	0	8367894	1962	1
NU2-12	282	Response	0	8369174	3242	1
NU2-12	283	Response	0	8384374	14942	1
NU2-12	283	Response	0	8385334	15902	1
NU2-12	284	Response	0	8434614	49015	1
NU2-12	284	Response	100	8436053	50455	1
NU2-12	286	Picture	10	8451430	0	1	20166	1	0	next	other	0
NU2-12	288	Picture	36	8486762	0	1	20166	1	0	next	other	0
NU2-12	290	Picture	75	8522094	0	1	20166	1	0	next	other	0
NU2-12	291	Response	0	8745010	202583	1
NU2-12	291	Response	0	8750769	208342	1
NU2-12	292	Response	0	8756370	5282	1
NU2-12	292	Response	0	8757170	6081	1
NU2-12	293	Response	0	8813489	56068	1
NU2-12	293	Response	0	8814289	56867	1
NU2-12	294	Response	0	8821489	6903	1
NU2-12	294	Response	0	8822449	7862	1
NU2-12	295	Response	0	8847409	24656	1
NU2-12	295	Response	100	8848368	25616	1
NU2-12	297	Picture	9	8863752	0	1	20166	1	0	next	other	0
NU2-12	299	Picture	34	8899084	0	1	20166	1	0	next	other	0
NU2-12	301	Picture	73	8934416	0	1	20166	1	0	next	other	0
NU2-12	302	Response	0	9132045	177296	1
NU2-12	302	Response	0	9139725	184976	1
NU2-12	303	Response	0	9143245	3334	1
NU2-12	303	Response	0	9143885	3974	1
NU2-12	304	Response	0	9151405	7328	1
NU2-12	304	Response	0	9152365	8288	1
NU2-12	305	Response	0	9177645	25068	1
NU2-12	305	Response	0	9178124	25548	1
NU2-12	306	Response	0	9230284	51875	1
NU2-12	306	Response	100	9231244	52834	1
NU2-12	308	Picture	12	9246741	0	1	20166	1	0	next	other	0
NU2-12	310	Picture	27	9282073	0	1	20166	1	0	next	other	0
NU2-12	312	Picture	40	9317406	0	1	34666	1	0	next	other	0
NU2-12	312	Text Input	15	9352042	34637	0
NU2-12	312	Response	0	9352042	34637	1
NU2-12	313	Response	100	9352842	771	1
NU2-12	315	Picture	9	9382404	0	1	20166	1	0	next	other	0
NU2-12	317	Picture	37	9417736	0	1	20166	1	0	next	other	0
NU2-12	319	Picture	76	9453068	0	1	20166	1	0	next	other	0
NU2-12	320	Response	0	9617000	143599	1
NU2-12	320	Response	0	9618759	145358	1
NU2-12	321	Response	0	9627719	8655	1
NU2-12	321	Response	0	9630599	11535	1
NU2-12	322	Response	0	9637319	6422	1
NU2-12	322	Response	0	9640519	9622	1
NU2-12	323	Response	0	9671559	30829	1
NU2-12	323	Response	0	9672679	31949	1
NU2-12	324	Response	0	9683559	10663	1
NU2-12	324	Response	0	9688038	15143	1
NU2-12	325	Response	0	9691879	3650	1
NU2-12	325	Response	0	9692998	4770	1
NU2-12	326	Response	0	9706438	13210	1
NU2-12	326	Response	0	9719558	26330	1
NU2-12	327	Response	0	9722918	3190	1
NU2-12	327	Response	0	9729478	9750	1
NU2-12	328	Response	0	9744678	14950	1
NU2-12	328	Response	0	9745638	15910	1
NU2-12	329	Response	0	9758598	12704	1
NU2-12	329	Response	0	9759238	13344	1
NU2-12	330	Response	0	9768357	8797	1
NU2-12	330	Response	100	9769157	9598	1
NU2-12	332	Picture	9	9784559	0	1	20166	1	0	next	other	0
NU2-12	334	Picture	26	9819891	0	1	20166	1	0	next	other	0
NU2-12	336	Picture	40	9855224	0	1	31999	1	0	next	other	0
NU2-12	336	Text Input	12	9887076	31852	0
NU2-12	336	Response	0	9887076	31852	1
NU2-12	337	Response	100	9888036	813	1
NU2-12	339	Picture	8	9917555	0	1	20166	1	0	next	other	0
NU2-12	341	Picture	24	9952888	0	1	20166	1	0	next	other	0
NU2-12	343	Picture	61	9988220	0	1	20166	1	0	next	other	0
NU2-12	344	Response	0	10092034	83481	1
NU2-12	344	Response	0	10095554	87001	1
NU2-12	345	Response	0	10113154	17270	1
NU2-12	345	Response	100	10114273	18389	1
NU2-12	347	Picture	9	10129716	0	1	20166	1	0	next	other	0
NU2-12	349	Picture	34	10165048	0	1	20166	1	0	next	other	0
NU2-12	351	Picture	72	10200381	0	1	20166	1	0	next	other	0
NU2-12	352	Response	0	10342751	122037	1
NU2-12	352	Response	100	10343870	123157	1
NU2-12	354	Picture	9	10359210	0	1	20166	1	0	next	other	0
NU2-12	356	Picture	27	10394542	0	1	20166	1	0	next	other	0
NU2-12	358	Picture	40	10429874	0	1	32499	1	0	next	other	0
NU2-12	358	Text Input	12	10462269	32395	0
NU2-12	358	Response	0	10462269	32395	1
NU2-12	359	Response	100	10463389	1016	1
NU2-12	361	Picture	10	10492706	0	1	20166	1	0	next	other	0
NU2-12	363	Picture	36	10528038	0	1	20166	1	0	next	other	0
NU2-12	365	Picture	50	10563371	0	1	122497	1	0	next	other	0
NU2-12	365	Text Input	7	10685787	122416	0
NU2-12	365	Response	0	10685787	122416	1
NU2-12	366	Response	100	10686746	879	1
NU2-12	368	Picture	11	10716200	0	1	20166	1	0	next	other	0
NU2-12	370	Picture	25	10751532	0	1	20166	1	0	next	other	0
NU2-12	372	Picture	64	10786864	0	1	20166	1	0	next	other	0
NU2-12	373	Response	0	11077622	270425	1
NU2-12	373	Response	0	11083381	276184	1
NU2-12	374	Response	0	11087222	3532	1
NU2-12	374	Response	0	11088501	4812	1
NU2-12	375	Response	0	11096661	7972	1
NU2-12	375	Response	0	11098101	9412	1
NU2-12	376	Response	0	11203861	105505	1
NU2-12	376	Response	100	11205300	106945	1
NU2-12	378	Picture	9	11220686	0	1	20166	1	0	next	other	0
NU2-12	380	Picture	34	11256018	0	1	20166	1	0	next	other	0
NU2-12	382	Picture	73	11291350	0	1	20166	1	0	next	other	0
NU2-12	383	Response	0	11417458	105775	1
NU2-12	383	Response	0	11421298	109614	1
NU2-12	384	Response	0	11429938	8424	1
NU2-12	384	Response	0	11431057	9544	1
NU2-12	385	Response	0	11447698	16351	1
NU2-12	385	Response	0	11448817	17471	1
NU2-12	386	Response	0	11473937	24925	1
NU2-12	386	Response	0	11475057	26045	1
NU2-12	387	Response	0	11488497	13152	1
NU2-12	387	Response	0	11489457	14111	1
NU2-12	388	Response	0	11501297	11619	1
NU2-12	388	Response	0	11502257	12578	1
NU2-12	389	Response	0	11579376	76865	1
NU2-12	389	Response	100	11580656	78145	1
NU2-12	391	Picture	11	11596008	0	1	20166	1	0	next	other	0
NU2-12	393	Picture	35	11631341	0	1	20166	1	0	next	other	0
NU2-12	395	Picture	50	11666673	0	1	38832	1	0	next	other	0
NU2-12	395	Text Input	8	11705454	38781	0
NU2-12	395	Response	0	11705454	38781	1
NU2-12	396	Response	100	11706414	909	1
NU2-12	398	Picture	9	11735838	0	1	20166	1	0	next	other	0
NU2-12	400	Picture	37	11771170	0	1	20166	1	0	next	other	0
NU2-12	402	Picture	72	11806503	0	1	20166	1	0	next	other	0
NU2-12	403	Response	0	11982251	155416	1
NU2-12	403	Response	0	11983851	157016	1
NU2-12	404	Response	0	11985771	1607	1
NU2-12	404	Response	0	11986571	2406	1
NU2-12	405	Response	0	11992491	5660	1
NU2-12	405	Response	0	11993291	6460	1
NU2-12	406	Response	0	12043850	50353	1
NU2-12	406	Response	0	12044650	51153	1
NU2-12	407	Response	0	12050570	5741	1
NU2-12	407	Response	0	12051530	6701	1
NU2-12	408	Response	0	12054410	2581	1
NU2-12	408	Response	0	12055370	3541	1
NU2-12	409	Response	0	12076970	21308	1
NU2-12	409	Response	100	12077930	22267	1
NU2-12	411	Picture	9	12093328	0	1	20166	1	0	next	other	0
NU2-12	413	Picture	35	12128660	0	1	20166	1	0	next	other	0
NU2-12	415	Picture	50	12163993	0	1	70998	1	0	next	other	0
NU2-12	415	Text Input	6	12234888	70895	0
NU2-12	415	Response	0	12234888	70895	1
NU2-12	416	Response	100	12235688	697	1
NU2-12	418	Picture	12	12265323	0	1	20166	1	0	next	other	0
NU2-12	420	Picture	37	12300655	0	1	20166	1	0	next	other	0
NU2-12	422	Picture	50	12335988	0	1	77665	1	0	next	other	0
NU2-12	422	Text Input	8	12413606	77618	0
NU2-12	422	Response	0	12413606	77618	1
NU2-12	423	Response	100	12414566	913	1
NU2-12	425	Picture	11	12443985	0	1	20166	1	0	next	other	0
NU2-12	427	Picture	35	12479317	0	1	20166	1	0	next	other	0
NU2-12	429	Picture	50	12514649	0	1	43832	1	0	next	other	0
NU2-12	429	Text Input	8	12558404	43755	0
NU2-12	429	Response	0	12558404	43755	1
NU2-12	430	Response	100	12559524	1042	1
NU2-12	432	Picture	12	12588814	0	1	20166	1	0	next	other	0
NU2-12	434	Picture	34	12624146	0	1	20166	1	0	next	other	0
NU2-12	436	Picture	73	12659479	0	1	20166	1	0	next	other	0
NU2-12	437	Response	0	12805761	125950	1
NU2-12	437	Response	0	12812001	132189	1
NU2-12	438	Response	0	12815361	3053	1
NU2-12	438	Response	0	12816161	3853	1
NU2-12	439	Response	0	12823361	6886	1
NU2-12	439	Response	100	12824320	7846	1
NU2-12	441	Picture	8	12839807	0	1	20166	1	0	next	other	0
NU2-12	443	Picture	36	12875139	0	1	20166	1	0	next	other	0
NU2-12	445	Picture	50	12910472	0	1	35166	1	0	next	other	0
NU2-12	445	Text Input	5	12945599	35127	0
NU2-12	445	Response	0	12945599	35127	1
NU2-12	446	Response	100	12946399	762	1
NU2-12	448	Picture	12	12975970	0	1	20166	1	0	next	other	0
NU2-12	450	Picture	26	13011302	0	1	20166	1	0	next	other	0
NU2-12	452	Picture	62	13046635	0	1	20166	1	0	next	other	0
NU2-12	453	Response	0	13264316	197349	1
NU2-12	453	Response	0	13265915	198948	1
NU2-12	454	Response	0	13267835	1707	1
NU2-12	454	Response	0	13268955	2827	1
NU2-12	455	Response	0	13280475	11347	1
NU2-12	455	Response	0	13280795	11667	1
NU2-12	456	Response	0	13312155	31027	1
NU2-12	456	Response	0	13312795	31667	1
NU2-12	457	Response	0	13341435	28308	1
NU2-12	457	Response	0	13342554	29427	1
NU2-12	458	Response	0	13346234	3441	1
NU2-12	458	Response	0	13347194	4401	1
NU2-12	459	Response	0	13353114	5655	1
NU2-12	459	Response	0	13353594	6135	1
NU2-12	460	Response	0	13361914	8122	1
NU2-12	460	Response	0	13362394	8602	1
NU2-12	461	Response	0	13463833	101208	1
NU2-12	461	Response	0	13469593	106967	1
NU2-12	462	Response	0	13507192	37403	1
NU2-12	462	Response	0	13511832	42043	1
NU2-12	463	Response	0	13515352	3231	1
NU2-12	463	Response	0	13516152	4031	1
NU2-12	464	Response	0	13556152	39697	1
NU2-12	464	Response	0	13556952	40497	1
NU2-12	465	Response	0	13577112	19991	1
NU2-12	465	Response	100	13578072	20951	1
NU2-12	467	Picture	12	13593453	0	1	20166	1	0	next	other	0
NU2-12	469	Picture	25	13628785	0	1	20166	1	0	next	other	0
NU2-12	471	Picture	62	13664117	0	1	20166	1	0	next	other	0
NU2-12	472	Response	0	14000947	316497	1
NU2-12	472	Response	0	14002707	318257	1
NU2-12	473	Response	0	14008306	5365	1
NU2-12	473	Response	0	14009426	6485	1
NU2-12	474	Response	0	14031186	21579	1
NU2-12	474	Response	0	14032626	23019	1
NU2-12	475	Response	0	14054546	21606	1
NU2-12	475	Response	0	14057266	24326	1
NU2-12	476	Response	0	14075666	18226	1
NU2-12	476	Response	0	14076466	19026	1
NU2-12	477	Response	0	14090706	13933	1
NU2-12	477	Response	0	14091825	15053	1
NU2-12	478	Response	0	14124945	32840	1
NU2-12	478	Response	0	14126065	33960	1
NU2-12	479	Response	0	14164625	38354	1
NU2-12	479	Response	100	14165905	39634	1
NU2-12	481	Picture	9	14181269	0	1	20166	1	0	next	other	0
NU2-12	483	Picture	27	14216602	0	1	20166	1	0	next	other	0
NU2-12	485	Picture	66	14251934	0	1	20166	1	0	next	other	0
NU2-12	486	Response	0	14416942	144675	1
NU2-12	486	Response	0	14424941	152674	1
NU2-12	487	Response	0	14436621	11358	1
NU2-12	487	Response	0	14437581	12319	1
NU2-12	488	Response	0	14440781	3019	1
NU2-12	488	Response	0	14441901	4139	1
NU2-12	489	Response	0	14507021	64925	1
NU2-12	489	Response	100	14508620	66525	1
NU2-12	491	Picture	8	14524093	0	1	20166	1	0	next	other	0
NU2-12	493	Picture	26	14559426	0	1	20166	1	0	next	other	0
NU2-12	495	Picture	40	14594758	0	1	94664	1	0	next	other	0
NU2-12	495	Text Input	11	14689258	94500	0
NU2-12	495	Response	0	14689258	94500	1
NU2-12	496	Response	100	14690218	796	1
NU2-12	498	Picture	10	14719754	0	1	20166	1	0	next	other	0
NU2-12	500	Picture	25	14755087	0	1	20166	1	0	next	other	0
NU2-12	502	Picture	61	14790419	0	1	20166	1	0	next	other	0
NU2-12	503	Response	0	14998535	187783	1
NU2-12	503	Response	0	15005894	195142	1
NU2-12	504	Response	0	15010854	4775	1
NU2-12	504	Response	0	15012614	6535	1
NU2-12	505	Response	0	15059654	46741	1
NU2-12	505	Response	0	15060134	47221	1
NU2-12	506	Response	0	15063494	3082	1
NU2-12	506	Response	0	15064934	4522	1
NU2-12	507	Response	0	15066214	969	1
NU2-12	507	Response	0	15067014	1769	1
NU2-12	508	Response	0	15093253	26009	1
NU2-12	508	Response	100	15094373	27129	1
NU2-12	510	Picture	8	15109744	0	1	20166	1	0	next	other	0
NU2-12	512	Picture	35	15145076	0	1	20166	1	0	next	other	0
NU2-12	514	Picture	72	15180408	0	1	20166	1	0	next	other	0
NU2-12	515	Response	0	15252932	52191	1
NU2-12	515	Response	0	15260131	59390	1
NU2-12	516	Response	0	15290051	29645	1
NU2-12	516	Response	0	15292131	31725	1
NU2-12	517	Response	0	15313251	20846	1
NU2-12	517	Response	0	15314051	21646	1
NU2-12	518	Response	0	15321571	7333	1
NU2-12	518	Response	0	15322531	8293	1
NU2-12	519	Response	0	15333251	10513	1
NU2-12	519	Response	0	15334370	11633	1
NU2-12	520	Response	0	15347170	12600	1
NU2-12	520	Response	0	15348290	13720	1
NU2-12	521	Response	0	15364770	16200	1
NU2-12	521	Response	100	15365730	17160	1
NU2-12	523	Picture	10	15381069	0	1	20166	1	0	next	other	0
NU2-12	525	Picture	36	15416402	0	1	20166	1	0	next	other	0
NU2-12	527	Picture	50	15451734	0	1	76998	1	0	next	other	0
NU2-12	527	Text Input	7	15528608	76874	0
NU2-12	527	Response	0	15528608	76874	1
NU2-12	528	Response	100	15529408	676	1
NU2-12	530	Picture	12	15559064	0	1	20166	1	0	next	other	0
NU2-12	532	Picture	36	15594397	0	1	20166	1	0	next	other	0
NU2-12	534	Picture	72	15629729	0	1	20166	1	0	next	other	0
NU2-12	535	Response	0	15878685	228623	1
NU2-12	535	Response	100	15880284	230222	1
NU2-12	537	Picture	10	15895722	0	1	20166	1	0	next	other	0
NU2-12	539	Picture	37	15931054	0	1	20166	1	0	next	other	0
NU2-12	541	Picture	76	15966386	0	1	20166	1	0	next	other	0
NU2-12	542	Response	0	16110682	123963	1
NU2-12	542	Response	0	16113081	126362	1
NU2-12	543	Response	0	16143321	29939	1
NU2-12	543	Response	0	16147961	34579	1
NU2-12	544	Response	0	16158681	10466	1
NU2-12	544	Response	0	16162361	14146	1
NU2-12	545	Response	0	16171000	8453	1
NU2-12	545	Response	0	16171960	9413	1
NU2-12	546	Response	0	16196920	24707	1
NU2-12	546	Response	100	16197880	25666	1
NU2-12	548	Picture	12	16213379	0	1	20166	1	0	next	other	0
NU2-12	550	Picture	37	16248712	0	1	20166	1	0	next	other	0
NU2-12	552	Picture	50	16284044	0	1	79998	1	0	next	other	0
NU2-12	552	Text Input	8	16363958	79914	0
NU2-12	552	Response	0	16363958	79914	1
NU2-12	553	Response	100	16364598	556	1
NU2-12	555	Picture	10	16394374	0	1	20166	1	0	next	other	0
NU2-12	557	Picture	34	16429707	0	1	20166	1	0	next	other	0
NU2-12	559	Picture	50	16465039	0	1	29999	1	0	next	other	0
NU2-12	559	Text Input	8	16494997	29958	0
NU2-12	559	Response	0	16494997	29958	1
NU2-12	560	Response	100	16495797	759	1
NU2-12	562	Picture	11	16525371	0	1	20166	1	0	next	other	0
NU2-12	564	Picture	35	16560703	0	1	20166	1	0	next	other	0
NU2-12	566	Picture	50	16596035	0	1	29499	1	0	next	other	0
NU2-12	566	Text Input	8	16625395	29360	0
NU2-12	566	Response	0	16625395	29360	1
NU2-12	567	Response	100	16626355	821	1
NU2-12	569	Picture	8	16655867	0	1	20166	1	0	next	other	0
NU2-12	571	Picture	37	16691199	0	1	20166	1	0	next	other	0
NU2-12	573	Picture	72	16726532	0	1	20166	1	0	next	other	0
NU2-12	574	Response	0	16881872	135008	1
NU2-12	574	Response	0	16883792	136928	1
NU2-12	575	Response	0	16890992	6965	1
NU2-12	575	Response	0	16891952	7924	1
NU2-12	576	Response	0	17003151	110957	1
NU2-12	576	Response	0	17008430	116237	1
NU2-12	577	Response	0	17019630	10940	1
NU2-12	577	Response	0	17023790	15100	1
NU2-12	578	Response	0	17028590	4567	1
NU2-12	578	Response	0	17029870	5847	1
NU2-12	579	Response	0	17032750	2561	1
NU2-12	579	Response	0	17033230	3040	1
NU2-12	580	Response	0	17051630	18107	1
NU2-12	580	Response	0	17054030	20507	1
NU2-12	581	Response	0	17058510	4154	1
NU2-12	581	Response	0	17060110	5754	1
NU2-12	582	Response	0	17063630	3274	1
NU2-12	582	Response	0	17065390	5034	1
NU2-12	583	Response	0	17071150	5461	1
NU2-12	583	Response	0	17072110	6421	1
NU2-12	584	Response	0	17085390	13035	1
NU2-12	584	Response	0	17088110	15754	1
NU2-12	585	Response	0	17093389	5035	1
NU2-12	585	Response	0	17094509	6155	1
NU2-12	586	Response	0	17159149	64461	1
NU2-12	586	Response	0	17159789	65101	1
NU2-12	587	Response	0	17163469	3449	1
NU2-12	587	Response	0	17164749	4729	1
NU2-12	588	Response	0	17170989	5969	1
NU2-12	588	Response	0	17172108	7089	1
NU2-12	589	Response	0	17188749	16396	1
NU2-12	589	Response	0	17189388	17036	1
NU2-12	590	Response	0	17209549	19863	1
NU2-12	590	Response	100	17210668	20983	1
NU2-12	592	Picture	11	17226018	0	1	20166	1	0	next	other	0
NU2-12	594	Picture	25	17261350	0	1	20166	1	0	next	other	0
NU2-12	596	Picture	40	17296682	0	1	40332	1	0	next	other	0
NU2-12	596	Text Input	13	17336907	40224	0
NU2-12	596	Response	0	17336907	40224	1
NU2-12	597	Response	100	17337707	692	1
NU2-12	599	Picture	9	17367347	0	1	20166	1	0	next	other	0
NU2-12	601	Picture	25	17402679	0	1	20166	1	0	next	other	0
NU2-12	603	Picture	63	17438012	0	1	20166	1	0	next	other	0
NU2-12	604	Response	0	17567624	109280	1
NU2-12	604	Response	0	17570344	111999	1
NU2-12	605	Response	0	17579783	9109	1
NU2-12	605	Response	0	17580103	9429	1
NU2-12	606	Response	0	17588904	8563	1
NU2-12	606	Response	0	17590183	9842	1
NU2-12	607	Response	0	17620263	29756	1
NU2-12	607	Response	100	17621383	30876	1
NU2-12	609	Picture	10	17636839	0	1	20166	1	0	next	other	0
NU2-12	611	Picture	25	17672172	0	1	20166	1	0	next	other	0
NU2-12	613	Picture	40	17707504	0	1	32832	1	0	next	other	0
NU2-12	613	Text Input	12	17740262	32757	0
NU2-12	613	Response	0	17740262	32757	1
NU2-12	614	Response	100	17741062	725	1
NU2-12	616	Picture	8	17770669	0	1	20166	1	0	next	other	0
NU2-12	618	Picture	25	17806001	0	1	20166	1	0	next	other	0
NU2-12	620	Picture	63	17841334	0	1	20166	1	0	next	other	0
NU2-12	621	Response	0	18049218	187552	1
NU2-12	621	Response	0	18054018	192352	1
NU2-12	622	Response	0	18056098	1770	1
NU2-12	622	Response	0	18058658	4330	1
NU2-12	623	Response	0	18072258	13430	1
NU2-12	623	Response	0	18073698	14870	1
NU2-12	624	Response	0	18084737	10744	1
NU2-12	624	Response	100	18085537	11543	1
NU2-12	626	Picture	8	18100993	0	1	20166	1	0	next	other	0
NU2-12	628	Picture	34	18136325	0	1	20166	1	0	next	other	0
NU2-12	630	Picture	72	18171658	0	1	20166	1	0	next	other	0
NU2-12	631	Response	0	18438974	246983	1
NU2-12	631	Response	100	18439933	247943	1
NU2-12	633	Picture	9	18455317	0	1	20166	1	0	next	other	0
NU2-12	635	Picture	27	18490649	0	1	20166	1	0	next	other	0
NU2-12	637	Picture	40	18525981	0	1	31166	1	0	next	other	0
NU2-12	637	Text Input	12	18557052	31071	0
NU2-12	637	Response	0	18557052	31071	1
NU2-12	638	Response	100	18557852	705	1
NU2-12	640	Picture	13	18587480	0	1	20166	1	0	next	other	0
NU2-12	642	Picture	35	18622812	0	1	20166	1	0	next	other	0
NU2-12	644	Picture	50	18658144	0	1	32499	1	0	next	other	0
NU2-12	644	Text Input	10	18690490	32346	0
NU2-12	644	Response	0	18690490	32346	1
NU2-12	645	Response	100	18691290	647	1
NU2-12	647	Picture	10	18720976	0	1	20166	1	0	next	other	0
NU2-12	649	Picture	25	18756308	0	1	20166	1	0	next	other	0
NU2-12	651	Picture	64	18791640	0	1	20166	1	0	next	other	0
NU2-12	652	Response	0	19035286	223313	1
NU2-12	652	Response	0	19043606	231633	1
NU2-12	653	Response	0	19068086	24286	1
NU2-12	653	Response	0	19069046	25245	1
NU2-12	654	Response	0	19086006	16706	1
NU2-12	654	Response	100	19086965	17666	1
NU2-12	656	Picture	8	19102298	0	1	20166	1	0	next	other	0
NU2-12	658	Picture	34	19137631	0	1	20166	1	0	next	other	0
NU2-12	660	Picture	50	19172963	0	1	29166	1	0	next	other	0
NU2-12	660	Text Input	6	19202004	29041	0
NU2-12	660	Response	0	19202004	29041	1
NU2-12	661	Response	100	19202484	355	1
NU2-12	663	Picture	8	19232461	0	1	20166	1	0	next	other	0
NU2-12	665	Picture	36	19267794	0	1	20166	1	0	next	other	0
NU2-12	667	Picture	71	19303126	0	1	20166	1	0	next	other	0
NU2-12	668	Response	0	19469681	146222	1
NU2-12	668	Response	0	19472721	149262	1
NU2-12	669	Response	0	19487441	14486	1
NU2-12	669	Response	0	19491441	18486	1
NU2-12	670	Response	0	19494961	3340	1
NU2-12	670	Response	0	19497040	5420	1
NU2-12	671	Response	0	19513521	16233	1
NU2-12	671	Response	100	19514640	17353	1
NU2-12	673	Picture	9	19530120	0	1	20166	1	0	next	other	0
NU2-12	675	Picture	36	19565452	0	1	20166	1	0	next	other	0
NU2-12	677	Picture	74	19600784	0	1	20166	1	0	next	other	0
NU2-12	678	Response	0	19713678	92561	1
NU2-12	678	Response	0	19717198	96081	1
NU2-12	679	Response	0	19720878	3430	1
NU2-12	679	Response	0	19721838	4390	1
NU2-12	680	Response	0	19731918	9803	1
NU2-12	680	Response	0	19732397	10283	1
NU2-12	681	Response	0	19738798	6183	1
NU2-12	681	Response	0	19739277	6663	1
NU2-12	682	Response	0	19751438	11990	1
NU2-12	682	Response	100	19752557	13110	1
NU2-12	684	Picture	10	19767947	0	1	20166	1	0	next	other	0
NU2-12	686	Picture	27	19803279	0	1	20166	1	0	next	other	0
NU2-12	688	Picture	63	19838611	0	1	20166	1	0	next	other	0
NU2-12	689	Response	0	20043274	184330	1
NU2-12	689	Response	0	20048554	189610	1
NU2-12	690	Response	0	20057514	8742	1
NU2-12	690	Response	0	20058634	9862	1
NU2-12	691	Response	0	20063754	4815	1
NU2-12	691	Response	100	20064874	5935	1
NU2-12	693	Picture	12	20080271	0	1	20166	1	0	next	other	0
NU2-12	695	Picture	27	20115603	0	1	20166	1	0	next	other	0
NU2-12	697	Picture	64	20150936	0	1	20166	1	0	next	other	0
NU2-12	698	Response	0	20393670	222402	1
NU2-12	698	Response	0	20402949	231681	1
NU2-12	699	Response	0	20407269	4007	1
NU2-12	699	Response	0	20408709	5447	1
NU2-12	700	Response	0	20430789	21861	1
NU2-12	700	Response	100	20431909	22981	1
NU2-12	702	Picture	9	20447261	0	1	20166	1	0	next	other	0
NU2-12	704	Picture	25	20482593	0	1	20166	1	0	next	other	0
NU2-12	706	Picture	40	20517926	0	1	33332	1	0	next	other	0
NU2-12	706	Text Input	11	20551108	33182	0
NU2-12	706	Response	0	20551108	33182	1
NU2-12	707	Response	100	20552068	810	1
NU2-12	709	Picture	12	20581590	0	1	20166	1	0	next	other	0
NU2-12	711	Picture	26	20616923	0	1	20166	1	0	next	other	0
NU2-12	713	Picture	40	20652255	0	1	35832	1	0	next	other	0
NU2-12	713	Text Input	15	20688066	35811	0
NU2-12	713	Response	0	20688066	35811	1
NU2-12	714	Response	100	20688866	779	1
NU2-12	716	Picture	11	20718420	0	1	20166	1	0	next	other	0
NU2-12	718	Picture	36	20753752	0	1	20166	1	0	next	other	0
NU2-12	720	Picture	50	20789085	0	1	66331	1	0	next	other	0
NU2-12	720	Text Input	8	20855264	66180	0
NU2-12	720	Response	0	20855264	66180	1
NU2-12	721	Response	100	20856224	808	1
NU2-12	723	Picture	8	20885749	0	1	20166	1	0	next	other	0
NU2-12	725	Picture	26	20921081	0	1	20166	1	0	next	other	0
NU2-12	727	Picture	65	20956413	0	1	20166	1	0	next	other	0
NU2-12	728	Response	0	21170621	193875	1
NU2-12	728	Response	0	21180540	203794	1
NU2-12	729	Response	0	21188380	7640	1
NU2-12	729	Response	0	21189020	8280	1
NU2-12	730	Response	0	21196060	6820	1
NU2-12	730	Response	100	21197340	8100	1
NU2-12	732	Picture	9	21212739	0	1	20166	1	0	next	other	0
NU2-12	734	Picture	27	21248072	0	1	20166	1	0	next	other	0
NU2-12	736	Picture	61	21283404	0	1	20166	1	0	next	other	0
NU2-12	737	Response	0	21356538	52801	1
NU2-12	737	Response	0	21367098	63361	1
NU2-12	738	Response	0	21374458	7056	1
NU2-12	738	Response	0	21375258	7856	1
NU2-12	739	Response	0	21402778	27210	1
NU2-12	739	Response	100	21403738	28169	1
NU2-12	742	Picture	13	22019384	0	1	20166	1	0	next	other	0
NU2-12	744	Picture	27	22054716	0	1	20166	1	0	next	other	0
NU2-12	746	Picture	40	22090048	0	1	53832	1	0	next	other	0
NU2-12	746	Text Input	16	22143728	53680	0
NU2-12	746	Response	0	22143728	53680	1
NU2-12	747	Response	100	22144529	648	1
NU2-12	749	Picture	11	22174213	0	1	20166	1	0	next	other	0
NU2-12	751	Picture	35	22209545	0	1	20166	1	0	next	other	0
NU2-12	753	Picture	71	22244877	0	1	20166	1	0	next	other	0
NU2-12	754	Response	0	22371086	105876	1
NU2-12	754	Response	0	22377326	112116	1
NU2-12	755	Response	0	22381966	4426	1
NU2-12	755	Response	0	22382606	5065	1
NU2-12	756	Response	0	22388526	5652	1
NU2-12	756	Response	0	22390766	7892	1
NU2-12	757	Response	0	22416846	25806	1
NU2-12	757	Response	100	22417965	26925	1
NU2-12	759	Picture	12	22433372	0	1	20166	1	0	next	other	0
NU2-12	761	Picture	25	22468704	0	1	20166	1	0	next	other	0
NU2-12	763	Picture	40	22504037	0	1	32332	1	0	next	other	0
NU2-12	763	Text Input	14	22536204	32167	0
NU2-12	763	Response	0	22536204	32167	1
NU2-12	764	Response	100	22537164	795	1
NU2-12	766	Picture	10	22566702	0	1	20166	1	0	next	other	0
NU2-12	768	Picture	24	22602034	0	1	20166	1	0	next	other	0
NU2-12	770	Picture	63	22637366	0	1	20166	1	0	next	other	0
NU2-12	771	Response	0	22829961	172262	1
NU2-12	771	Response	0	22839080	181381	1
NU2-12	772	Response	0	22845160	5800	1
NU2-12	772	Response	0	22846920	7560	1
NU2-12	773	Response	0	22856680	9486	1
NU2-12	773	Response	0	22857960	10766	1
NU2-12	774	Response	0	22872520	14327	1
NU2-12	774	Response	100	22873480	15286	1
NU2-12	776	Picture	10	22888859	0	1	20166	1	0	next	other	0
NU2-12	778	Picture	24	22924192	0	1	20166	1	0	next	other	0
NU2-12	780	Picture	40	22959524	0	1	32332	1	0	next	other	0
NU2-12	780	Text Input	12	22991718	32194	0
NU2-12	780	Response	0	22991718	32194	1
NU2-12	781	Response	100	22992838	982	1
NU2-12	783	Picture	11	23022189	0	1	20166	1	0	next	other	0
NU2-12	785	Picture	36	23057521	0	1	20166	1	0	next	other	0
NU2-12	787	Picture	72	23092854	0	1	20166	1	0	next	other	0
NU2-12	788	Response	0	23329795	216609	1
NU2-12	788	Response	0	23333634	220448	1
NU2-12	789	Response	0	23339554	5707	1
NU2-12	789	Response	0	23340834	6987	1
NU2-12	790	Response	0	23358274	17261	1
NU2-12	790	Response	100	23359074	18061	1
NU2-12	792	Picture	12	23374512	0	1	20166	1	0	next	other	0
NU2-12	794	Picture	35	23409845	0	1	20166	1	0	next	other	0
NU2-12	796	Picture	71	23445177	0	1	20166	1	0	next	other	0
NU2-12	797	Response	0	23581152	115642	1
NU2-12	797	Response	0	23588031	122521	1
NU2-12	798	Response	0	23600511	12172	1
NU2-12	798	Response	0	23601471	13131	1
NU2-12	799	Response	0	23609471	7798	1
NU2-12	799	Response	100	23610431	8758	1
NU2-12	801	Picture	12	23625839	0	1	20166	1	0	next	other	0
NU2-12	803	Picture	26	23661171	0	1	20166	1	0	next	other	0
NU2-12	805	Picture	40	23696503	0	1	33832	1	0	next	other	0
NU2-12	805	Text Input	15	23730270	33766	0
NU2-12	805	Response	0	23730270	33766	1
NU2-12	806	Response	100	23730909	574	1
NU2-12	808	Picture	11	23760668	0	1	20166	1	0	next	other	0
NU2-12	810	Picture	37	23796001	0	1	20166	1	0	next	other	0
NU2-12	812	Picture	50	23831333	0	1	60498	1	0	next	other	0
NU2-12	812	Text Input	7	23891708	60375	0
NU2-12	812	Response	0	23891708	60375	1
NU2-12	813	Response	100	23892668	836	1
NU2-12	815	Picture	9	23922164	0	1	20166	1	0	next	other	0
NU2-12	817	Picture	27	23957496	0	1	20166	1	0	next	other	0
NU2-12	819	Picture	40	23992828	0	1	55165	1	0	next	other	0
NU2-12	819	Text Input	12	24047866	55038	0
NU2-12	819	Response	0	24047866	55038	1
NU2-12	820	Response	100	24048506	512	1
NU2-12	822	Picture	11	24078326	0	1	20166	1	0	next	other	0
NU2-12	824	Picture	37	24113658	0	1	20166	1	0	next	other	0
NU2-12	826	Picture	50	24148991	0	1	29999	1	0	next	other	0
NU2-12	826	Text Input	7	24178904	29913	0
NU2-12	826	Response	0	24178904	29913	1
NU2-12	827	Response	100	24179704	714	1
NU2-12	829	Picture	10	24209322	0	1	20166	1	0	next	other	0
NU2-12	831	Picture	35	24244655	0	1	20166	1	0	next	other	0
NU2-12	833	Picture	71	24279987	0	1	20166	1	0	next	other	0
NU2-12	834	Response	0	24430902	130582	1
NU2-12	834	Response	0	24439861	139541	1
NU2-12	835	Response	0	24464341	24192	1
NU2-12	835	Response	100	24465141	24992	1
NU2-12	837	Picture	12	24480481	0	1	20166	1	0	next	other	0
NU2-12	839	Picture	27	24515814	0	1	20166	1	0	next	other	0
NU2-12	841	Picture	40	24551146	0	1	44665	1	0	next	other	0
NU2-12	841	Text Input	15	24595699	44553	0
NU2-12	841	Response	0	24595699	44553	1
NU2-12	842	Response	100	24596499	688	1
NU2-12	844	Picture	11	24626144	0	1	20166	1	0	next	other	0
NU2-12	846	Picture	34	24661476	0	1	20166	1	0	next	other	0
NU2-12	848	Picture	50	24696809	0	1	28666	1	0	next	other	0
NU2-12	848	Text Input	9	24725458	28649	0
NU2-12	848	Response	0	24725458	28649	1
NU2-12	849	Response	100	24726098	623	1
NU2-12	851	Picture	12	24755807	0	1	20166	1	0	next	other	0
NU2-12	853	Picture	25	24791139	0	1	20166	1	0	next	other	0
NU2-12	855	Picture	62	24826472	0	1	20166	1	0	next	other	0
NU2-12	856	Response	0	24984975	138170	1
NU2-12	856	Response	0	24988175	141370	1
NU2-12	857	Response	0	24996495	8027	1
NU2-12	857	Response	0	24997454	8987	1
NU2-12	858	Response	0	25001934	4301	1
NU2-12	858	Response	0	25002894	5261	1
NU2-12	859	Response	0	25009774	6641	1
NU2-12	859	Response	0	25010094	6961	1
NU2-12	860	Response	0	25018734	8434	1
NU2-12	860	Response	100	25019534	9234	1
NU2-12	862	Picture	12	25034966	0	1	20166	1	0	next	other	0
NU2-12	864	Picture	36	25070298	0	1	20166	1	0	next	other	0
NU2-12	866	Picture	50	25105631	0	1	49499	1	0	next	other	0
NU2-12	866	Text Input	9	25155053	49422	0
NU2-12	866	Response	0	25155053	49422	1
NU2-12	867	Response	100	25155852	723	1
NU2-12	869	Picture	10	25185462	0	1	20166	1	0	next	other	0
NU2-12	871	Picture	34	25220794	0	1	20166	1	0	next	other	0
NU2-12	873	Picture	50	25256126	0	1	29166	1	0	next	other	0
NU2-12	873	Text Input	8	25285131	29004	0
NU2-12	873	Response	0	25285131	29004	1
NU2-12	874	Response	100	25286091	799	1
NU2-12	876	Picture	9	25315625	0	1	20166	1	0	next	other	0
NU2-12	878	Picture	36	25350957	0	1	20166	1	0	next	other	0
NU2-12	880	Picture	50	25386289	0	1	86498	1	0	next	other	0
NU2-12	880	Text Input	6	25472649	86359	0
NU2-12	880	Response	0	25472649	86359	1
NU2-12	881	Response	100	25473288	501	1
NU2-12	883	Picture	9	25503119	0	1	20166	1	0	next	other	0
NU2-12	885	Picture	25	25538452	0	1	20166	1	0	next	other	0
NU2-12	887	Picture	61	25573784	0	1	20166	1	0	next	other	0
NU2-12	888	Response	0	25634567	40450	1
NU2-12	888	Response	0	25639847	45730	1
NU2-12	889	Response	0	25648807	8691	1
NU2-12	889	Response	0	25649927	9811	1
NU2-12	890	Response	0	25673927	23811	1
NU2-12	890	Response	100	25674726	24611	1
NU2-12	892	Picture	13	25690114	0	1	20166	1	0	next	other	0
NU2-12	894	Picture	37	25725447	0	1	20166	1	0	next	other	0
NU2-12	896	Picture	50	25760779	0	1	67998	1	0	next	other	0
NU2-12	896	Text Input	9	25828644	67865	0
NU2-12	896	Response	0	25828644	67865	1
NU2-12	897	Response	100	25829444	667	1
NU2-12	899	Picture	10	25859110	0	1	20166	1	0	next	other	0
NU2-12	901	Picture	24	25894442	0	1	20166	1	0	next	other	0
NU2-12	903	Picture	62	25929774	0	1	20166	1	0	next	other	0
NU2-12	904	Response	0	25973763	23656	1
NU2-12	904	Response	0	25977603	27496	1
NU2-12	905	Response	0	25982882	5110	1
NU2-12	905	Response	0	25983842	6070	1
NU2-12	906	Response	0	26014242	30136	1
NU2-12	906	Response	100	26015202	31096	1
NU2-12	908	Picture	11	26030605	0	1	20166	1	0	next	other	0
NU2-12	910	Picture	25	26065937	0	1	20166	1	0	next	other	0
NU2-12	912	Picture	40	26101269	0	1	30499	1	0	next	other	0
NU2-12	912	Text Input	13	26131681	30411	0
NU2-12	912	Response	0	26131681	30411	1
NU2-12	913	Response	100	26132481	712	1
NU2-12	915	Picture	13	26162101	0	1	20166	1	0	next	other	0
NU2-12	917	Picture	37	26197433	0	1	20166	1	0	next	other	0
NU2-12	919	Picture	50	26232766	0	1	38999	1	0	next	other	0
NU2-12	919	Text Input	9	26271679	38913	0
NU2-12	919	Response	0	26271679	38913	1
NU2-12	920	Response	100	26272479	714	1
NU2-12	922	Picture	8	26302097	0	1	20166	1	0	next	other	0
NU2-12	924	Picture	35	26337429	0	1	20166	1	0	next	other	0
NU2-12	926	Picture	74	26372762	0	1	20166	1	0	next	other	0
NU2-12	927	Response	0	26437757	44663	1
NU2-12	927	Response	0	26443997	50902	1
NU2-12	928	Response	0	26461117	16857	1
NU2-12	928	Response	0	26461917	17657	1
NU2-12	929	Response	0	26465597	3504	1
NU2-12	929	Response	0	26467837	5744	1
NU2-12	930	Response	0	26481277	13184	1
NU2-12	930	Response	0	26482076	13984	1
NU2-12	931	Response	0	26503996	21738	1
NU2-12	931	Response	100	26504796	22537	1
NU2-12	933	Picture	12	26520258	0	1	20166	1	0	next	other	0
NU2-12	935	Picture	25	26555590	0	1	20166	1	0	next	other	0
NU2-12	937	Picture	40	26590922	0	1	30666	1	0	next	other	0
NU2-12	937	Text Input	14	26621435	30512	0
NU2-12	937	Response	0	26621435	30512	1
NU2-12	938	Response	100	26622075	487	1
NU2-12	940	Picture	9	26651921	0	1	20166	1	0	next	other	0
NU2-12	942	Picture	25	26687253	0	1	20166	1	0	next	other	0
NU2-12	944	Picture	40	26722585	0	1	29333	1	0	next	other	0
NU2-12	944	Text Input	11	26751833	29248	0
NU2-12	944	Response	0	26751833	29248	1
NU2-12	945	Response	100	26752633	715	1
NU2-12	947	Picture	9	26782250	0	1	20166	1	0	next	other	0
NU2-12	949	Picture	27	26817583	0	1	20166	1	0	next	other	0
NU2-12	951	Picture	65	26852915	0	1	20166	1	0	next	other	0
NU2-12	952	Response	0	27033911	160663	1
NU2-12	952	Response	0	27039510	166262	1
NU2-12	953	Response	0	27042390	2647	1
NU2-12	953	Response	0	27046390	6647	1
NU2-12	954	Response	0	27049270	2693	1
NU2-12	954	Response	0	27050390	3813	1
NU2-12	955	Response	0	27060629	10053	1
NU2-12	955	Response	100	27061749	11173	1
NU2-12	957	Picture	12	27077242	0	1	20166	1	0	next	other	0
NU2-12	959	Picture	24	27112575	0	1	20166	1	0	next	other	0
NU2-12	961	Picture	63	27147907	0	1	20166	1	0	next	other	0
NU2-12	962	Response	0	27293747	125508	1
NU2-12	962	Response	0	27302867	134627	1
NU2-12	963	Response	0	27334067	30998	1
NU2-12	963	Response	100	27335346	32277	1
NU2-12	965	Picture	9	27350734	0	1	20166	1	0	next	other	0
NU2-12	967	Picture	35	27386067	0	1	20166	1	0	next	other	0
NU2-12	969	Picture	73	27421399	0	1	20166	1	0	next	other	0
NU2-12	970	Response	0	27494545	52813	1
NU2-12	970	Response	0	27496304	54572	1
NU2-12	971	Response	0	27501424	4861	1
NU2-12	971	Response	0	27502864	6301	1
NU2-12	972	Response	0	27577584	74520	1
NU2-12	972	Response	0	27579023	75960	1
NU2-12	973	Response	0	27591983	12755	1
NU2-12	973	Response	0	27592783	13555	1
NU2-12	974	Response	0	27606863	13802	1
NU2-12	974	Response	100	27607983	14922	1
NU2-12	976	Picture	9	27623393	0	1	20166	1	0	next	other	0
NU2-12	978	Picture	24	27658726	0	1	20166	1	0	next	other	0
NU2-12	980	Picture	40	27694058	0	1	29333	1	0	next	other	0
NU2-12	980	Text Input	11	27723342	29284	0
NU2-12	980	Response	0	27723342	29284	1
NU2-12	981	Response	100	27724142	751	1
NU2-12	983	Picture	11	27753723	0	1	20166	1	0	next	other	0
NU2-12	985	Picture	36	27789056	0	1	20166	1	0	next	other	0
NU2-12	987	Picture	50	27824388	0	1	62998	1	0	next	other	0
NU2-12	987	Text Input	8	27887340	62952	0
NU2-12	987	Response	0	27887340	62952	1
NU2-12	988	Response	100	27887980	594	1
NU2-12	990	Picture	10	27917719	0	1	20166	1	0	next	other	0
NU2-12	992	Picture	37	27953051	0	1	20166	1	0	next	other	0
NU2-12	994	Picture	74	27988383	0	1	20166	1	0	next	other	0
NU2-12	995	Response	0	28169417	160701	1
NU2-12	995	Response	0	28172936	164220	1
NU2-12	996	Response	0	28195976	22765	1
NU2-12	996	Response	100	28197096	23884	1
NU2-12	998	Picture	8	28212544	0	1	20166	1	0	next	other	0
NU2-12	1000	Picture	26	28247876	0	1	20166	1	0	next	other	0
NU2-12	1002	Picture	40	28283208	0	1	85664	1	0	next	other	0
NU2-12	1002	Text Input	11	28368774	85566	0
NU2-12	1002	Response	0	28368774	85566	1
NU2-12	1003	Response	100	28369574	701	1
NU2-12	1005	Picture	8	28399205	0	1	20166	1	0	next	other	0
NU2-12	1007	Picture	27	28434538	0	1	20166	1	0	next	other	0
NU2-12	1009	Picture	64	28469870	0	1	20166	1	0	next	other	0
NU2-12	1010	Response	0	28584292	94089	1
NU2-12	1010	Response	0	28589251	99048	1
NU2-12	1011	Response	0	28593251	3718	1
NU2-12	1011	Response	0	28595491	5957	1
NU2-12	1012	Response	0	28599171	3471	1
NU2-12	1012	Response	0	28600611	4911	1
NU2-12	1013	Response	0	28615171	14305	1
NU2-12	1013	Response	0	28618851	17985	1
NU2-12	1014	Response	0	28628131	9098	1
NU2-12	1014	Response	100	28629410	10378	1
NU2-12	1016	Picture	9	28644865	0	1	20166	1	0	next	other	0
NU2-12	1018	Picture	24	28680197	0	1	20166	1	0	next	other	0
NU2-12	1020	Picture	62	28715530	0	1	20166	1	0	next	other	0
NU2-12	1021	Response	0	28820769	84906	1
NU2-12	1021	Response	100	28821568	85706	1
NU2-12	1023	Picture	9	28837026	0	1	20166	1	0	next	other	0
NU2-12	1025	Picture	37	28872359	0	1	20166	1	0	next	other	0
NU2-12	1027	Picture	50	28907691	0	1	79331	1	0	next	other	0
NU2-12	1027	Text Input	5	28987006	79315	0
NU2-12	1027	Response	0	28987006	79315	1
NU2-12	1028	Response	100	28987806	784	1
NU2-12	1030	Picture	9	29017355	0	1	20166	1	0	next	other	0
NU2-12	1032	Picture	24	29052687	0	1	20166	1	0	next	other	0
NU2-12	1034	Picture	62	29088019	0	1	20166	1	0	next	other	0
NU2-12	1035	Response	0	29146045	37693	1
NU2-12	1035	Response	100	29147004	38652	1
NU2-12	1037	Picture	9	29162350	0	1	20166	1	0	next	other	0
NU2-12	1039	Picture	37	29197683	0	1	20166	1	0	next	other	0
NU2-12	1041	Picture	76	29233015	0	1	20166	1	0	next	other	0
NU2-12	1042	Response	0	29297563	44215	1
NU2-12	1042	Response	0	29308282	54935	1
NU2-12	1043	Response	0	29318682	10169	1
NU2-12	1043	Response	0	29319642	11129	1
NU2-12	1044	Response	0	29335962	16116	1
NU2-12	1044	Response	100	29336762	16916	1
NU2-12	1046	Picture	9	29352178	0	1	20166	1	0	next	other	0
NU2-12	1048	Picture	36	29387511	0	1	20166	1	0	next	other	0
NU2-12	1050	Picture	50	29422843	0	1	61665	1	0	next	other	0
NU2-12	1050	Text Input	6	29484440	61597	0
NU2-12	1050	Response	0	29484440	61597	1
NU2-12	1051	Response	100	29485080	572	1
NU2-12	1053	Picture	11	29514841	0	1	20166	1	0	next	other	0
NU2-12	1055	Picture	26	29550173	0	1	20166	1	0	next	other	0
NU2-12	1057	Picture	63	29585505	0	1	20166	1	0	next	other	0
NU2-12	1058	Response	0	29695318	89480	1
NU2-12	1058	Response	100	29696278	90440	1
NU2-12	1060	Picture	8	29711668	0	1	20166	1	0	next	other	0
NU2-12	1062	Picture	24	29747001	0	1	20166	1	0	next	other	0
NU2-12	1064	Picture	40	29782333	0	1	31666	1	0	next	other	0
NU2-12	1064	Text Input	10	29813876	31543	0
NU2-12	1064	Response	0	29813876	31543	1
NU2-12	1065	Response	100	29814836	837	1
NU2-12	1067	Picture	10	29844331	0	1	20166	1	0	next	other	0
NU2-12	1069	Picture	34	29879664	0	1	20166	1	0	next	other	0
NU2-12	1071	Picture	71	29914996	0	1	20166	1	0	next	other	0
NU2-12	1072	Response	0	30008914	73586	1
NU2-12	1072	Response	0	30013874	78545	1
NU2-12	1073	Response	0	30047474	33314	1
NU2-12	1073	Response	0	30050674	36514	1
NU2-12	1074	Response	0	30112273	61281	1
NU2-12	1074	Response	0	30113233	62241	1
NU2-12	1075	Response	0	30121233	7742	1
NU2-12	1075	Response	0	30122193	8702	1
NU2-12	1076	Response	0	30127633	5142	1
NU2-12	1076	Response	0	30128433	5942	1
NU2-12	1077	Response	0	30135153	6496	1
NU2-12	1077	Response	0	30135952	7296	1
NU2-12	1078	Response	0	30141552	5396	1
NU2-12	1078	Response	0	30142352	6196	1
NU2-12	1079	Response	0	30148913	6256	1
NU2-12	1079	Response	0	30149712	7056	1
NU2-12	1080	Response	0	30162832	12843	1
NU2-12	1080	Response	100	30163632	13643	1
NU2-12	1082	Picture	10	30178989	0	1	20166	1	0	next	other	0
NU2-12	1084	Picture	24	30214321	0	1	20166	1	0	next	other	0
NU2-12	1086	Picture	40	30249653	0	1	30499	1	0	next	other	0
NU2-12	1086	Text Input	12	30280111	30457	0
NU2-12	1086	Response	0	30280111	30457	1
NU2-12	1087	Response	100	30281071	918	1
NU2-12	1089	Picture	11	30310485	0	1	20166	1	0	next	other	0
NU2-12	1091	Picture	27	30345817	0	1	20166	1	0	next	other	0
NU2-12	1093	Picture	61	30381150	0	1	20166	1	0	next	other	0
NU2-12	1094	Response	0	30485229	83746	1
NU2-12	1094	Response	0	30495148	93666	1
NU2-12	1095	Response	0	30512268	16788	1
NU2-12	1095	Response	100	30513228	17748	1
NU2-12	1097	Picture	12	30528646	0	1	20166	1	0	next	other	0
NU2-12	1099	Picture	24	30563978	0	1	20166	1	0	next	other	0
NU2-12	1101	Picture	40	30599310	0	1	34499	1	0	next	other	0
NU2-12	1101	Text Input	14	30633707	34396	0
NU2-12	1101	Response	0	30633707	34396	1
NU2-12	1102	Response	100	30634666	857	1
NU2-12	1104	Picture	9	30664142	0	1	20166	1	0	next	other	0
NU2-12	1106	Picture	37	30699474	0	1	20166	1	0	next	other	0
NU2-12	1108	Picture	50	30734807	0	1	33832	1	0	next	other	0
NU2-12	1108	Text Input	5	30768585	33778	0
NU2-12	1108	Response	0	30768585	33778	1
NU2-12	1109	Response	100	30769545	906	1
NU2-12	1111	Picture	10	30798971	0	1	20166	1	0	next	other	0
NU2-12	1113	Picture	24	30834304	0	1	20166	1	0	next	other	0
NU2-12	1115	Picture	40	30869636	0	1	32666	1	0	next	other	0
NU2-12	1115	Text Input	12	30902183	32547	0
NU2-12	1115	Response	0	30902183	32547	1
NU2-12	1116	Response	100	30902983	682	1
NU2-12	1118	Picture	8	30932634	0	1	20166	1	0	next	other	0
NU2-12	1120	Picture	24	30967967	0	1	20166	1	0	next	other	0
NU2-12	1122	Picture	40	31003299	0	1	29499	1	0	next	other	0
NU2-12	1122	Text Input	10	31032742	29443	0
NU2-12	1122	Response	0	31032742	29443	1
NU2-12	1123	Response	100	31033542	744	1
NU2-12	1125	Picture	11	31063131	0	1	20166	1	0	next	other	0
NU2-12	1127	Picture	37	31098463	0	1	20166	1	0	next	other	0
NU2-12	1129	Picture	50	31133795	0	1	45832	1	0	next	other	0
NU2-12	1129	Text Input	7	31179460	45665	0
NU2-12	1129	Response	0	31179460	45665	1
NU2-12	1130	Response	100	31179940	313	1
NU2-12	1132	Picture	10	31209960	0	1	20166	1	0	next	other	0
NU2-12	1134	Picture	25	31245292	0	1	20166	1	0	next	other	0
NU2-12	1136	Picture	40	31280625	0	1	30666	1	0	next	other	0
NU2-12	1136	Text Input	12	31311139	30514	0
NU2-12	1136	Response	0	31311139	30514	1
NU2-12	1137	Response	100	31311778	488	1
NU2-12	1139	Picture	10	31341623	0	1	20166	1	0	next	other	0
NU2-12	1141	Picture	37	31376955	0	1	20166	1	0	next	other	0
NU2-12	1143	Picture	50	31412288	0	1	29166	1	0	next	other	0
NU2-12	1143	Text Input	8	31441377	29089	0
NU2-12	1143	Response	0	31441377	29089	1
NU2-12	1144	Response	100	31442337	883	1
NU2-12	1146	Picture	9	31471786	0	1	20166	1	0	next	other	0
NU2-12	1148	Picture	26	31507118	0	1	20166	1	0	next	other	0
NU2-12	1150	Picture	61	31542451	0	1	20166	1	0	next	other	0
NU2-12	1151	Response	0	31646335	83551	1
NU2-12	1151	Response	0	31653534	90751	1
NU2-12	1152	Response	0	31660254	6473	1
NU2-12	1152	Response	0	31661214	7433	1
NU2-12	1153	Response	0	31713854	52407	1
NU2-12	1153	Response	100	31714814	53366	1
NU2-12	1155	Picture	12	31730279	0	1	20166	1	0	next	other	0
NU2-12	1157	Picture	35	31765611	0	1	20166	1	0	next	other	0
NU2-12	1159	Picture	50	31800943	0	1	66165	1	0	next	other	0
NU2-12	1159	Text Input	9	31866972	66028	0
NU2-12	1159	Response	0	31866972	66028	1
NU2-12	1160	Response	100	31867772	664	1
NU2-12	1162	Picture	9	31897441	0	1	20166	1	0	next	other	0
NU2-12	1164	Picture	25	31932773	0	1	20166	1	0	next	other	0
NU2-12	1166	Picture	62	31968105	0	1	20166	1	0	next	other	0
NU2-12	1167	Response	0	32048730	60292	1
NU2-12	1167	Response	0	32052410	63972	1
NU2-12	1168	Response	0	32070490	17887	1
NU2-12	1168	Response	0	32070809	18206	1
NU2-12	1169	Response	0	32074169	3067	1
NU2-12	1169	Response	0	32075769	4667	1
NU2-12	1170	Response	0	32093849	17747	1
NU2-12	1170	Response	100	32094969	18867	1
NU2-12	1172	Picture	11	32110435	0	1	20166	1	0	next	other	0
NU2-12	1174	Picture	26	32145767	0	1	20166	1	0	next	other	0
NU2-12	1176	Picture	62	32181099	0	1	20166	1	0	next	other	0
NU2-12	1177	Response	0	32326167	124735	1
NU2-12	1177	Response	0	32334966	133534	1
NU2-12	1178	Response	0	32337686	2424	1
NU2-12	1178	Response	0	32341686	6424	1
NU2-12	1179	Response	0	32345686	3758	1
NU2-12	1179	Response	0	32346966	5038	1
NU2-12	1180	Response	0	32365206	17945	1
NU2-12	1180	Response	0	32373526	26264	1
NU2-12	1181	Response	0	32389045	15285	1
NU2-12	1181	Response	0	32390005	16245	1
NU2-12	1182	Response	0	32414966	24705	1
NU2-12	1182	Response	100	32416085	25825	1
NU2-12	1184	Picture	13	32431426	0	1	20166	1	0	next	other	0
NU2-12	1186	Picture	35	32466758	0	1	20166	1	0	next	other	0
NU2-12	1188	Picture	50	32502090	0	1	40832	1	0	next	other	0
NU2-12	1188	Text Input	10	32542804	40713	0
NU2-12	1188	Response	0	32542804	40713	1
NU2-12	1189	Response	100	32543764	841	1
NU2-12	1191	Picture	11	32573255	0	1	20166	1	0	next	other	0
NU2-12	1193	Picture	36	32608587	0	1	20166	1	0	next	other	0
NU2-12	1195	Picture	50	32643920	0	1	33832	1	0	next	other	0
NU2-12	1195	Text Input	8	32677682	33762	0
NU2-12	1195	Response	0	32677682	33762	1
NU2-12	1196	Response	100	32678482	730	1
NU2-12	1198	Picture	9	32708085	0	1	20166	1	0	next	other	0
NU2-12	1200	Picture	25	32743417	0	1	20166	1	0	next	other	0
NU2-12	1202	Picture	40	32778749	0	1	34999	1	0	next	other	0
NU2-12	1202	Text Input	11	32813681	34932	0
NU2-12	1202	Response	0	32813681	34932	1
NU2-12	1203	Response	100	32814320	572	1
NU2-12	1205	Picture	10	32844081	0	1	20166	1	0	next	other	0
NU2-12	1207	Picture	35	32879413	0	1	20166	1	0	next	other	0
NU2-12	1209	Picture	72	32914746	0	1	20166	1	0	next	other	0
NU2-12	1210	Response	0	32984879	49800	1
NU2-12	1210	Response	0	32988398	53320	1
NU2-12	1211	Response	0	32995438	6861	1
NU2-12	1211	Response	0	32996238	7661	1
NU2-12	1212	Response	0	33060878	64468	1
NU2-12	1212	Response	0	33061677	65267	1
NU2-12	1213	Response	0	33093517	31609	1
NU2-12	1213	Response	100	33094477	32569	1
NU2-12	1215	Picture	10	33109907	0	1	20166	1	0	next	other	0
NU2-12	1217	Picture	35	33145239	0	1	20166	1	0	next	other	0
NU2-12	1219	Picture	50	33180571	0	1	47999	1	0	next	other	0
NU2-12	1219	Text Input	7	33228395	47824	0
NU2-12	1219	Response	0	33228395	47824	1
NU2-12	1220	Response	100	33229035	465	1
NU2-12	1222	Picture	8	33258902	0	1	20166	1	0	next	other	0
NU2-12	1224	Picture	37	33294235	0	1	20166	1	0	next	other	0
NU2-12	1226	Picture	74	33329567	0	1	20166	1	0	next	other	0
NU2-12	1227	Response	0	33432713	82813	1
NU2-12	1227	Response	0	33435113	85213	1
NU2-12	1228	Response	0	33443273	7875	1
NU2-12	1228	Response	0	33444233	8835	1
NU2-12	1229	Response	0	33454633	10069	1
NU2-12	1229	Response	0	33455593	11029	1
NU2-12	1230	Response	0	33468713	12816	1
NU2-12	1230	Response	100	33469512	13615	1
NU2-12	1232	Picture	12	33484896	0	1	20166	1	0	next	other	0
NU2-12	1234	Picture	36	33520229	0	1	20166	1	0	next	other	0
NU2-12	1236	Picture	50	33555561	0	1	29666	1	0	next	other	0
NU2-12	1236	Text Input	9	33585191	29630	0
NU2-12	1236	Response	0	33585191	29630	1
NU2-12	1237	Response	100	33585991	764	1
NU2-12	1239	Picture	11	33615559	0	1	20166	1	0	next	other	0
NU2-12	1241	Picture	25	33650892	0	1	20166	1	0	next	other	0
NU2-12	1243	Picture	64	33686224	0	1	20166	1	0	next	other	0
NU2-12	1244	Response	0	33739110	32553	1
NU2-12	1244	Response	0	33747429	40872	1
NU2-12	1245	Response	0	33754629	6907	1
NU2-12	1245	Response	0	33755269	7547	1
NU2-12	1246	Response	0	33767749	12194	1
NU2-12	1246	Response	100	33768549	12994	1
NU2-12	1248	Picture	12	33783888	0	1	20166	1	0	next	other	0
NU2-12	1250	Picture	26	33819220	0	1	20166	1	0	next	other	0
NU2-12	1252	Picture	64	33854553	0	1	20166	1	0	next	other	0
NU2-12	1253	Response	0	33944547	69662	1
NU2-12	1253	Response	0	33951907	77021	1
NU2-12	1254	Response	0	33962307	10090	1
NU2-12	1254	Response	0	33965986	13770	1
NU2-12	1255	Response	0	33974466	8250	1
NU2-12	1255	Response	0	33975906	9690	1
NU2-12	1256	Response	0	33983106	6891	1
NU2-12	1256	Response	0	33983906	7690	1
NU2-12	1257	Response	0	34030946	46730	1
NU2-12	1257	Response	0	34035746	51530	1
NU2-12	1258	Response	0	34053346	17298	1
NU2-12	1258	Response	0	34054785	18738	1
NU2-12	1259	Response	0	34061185	6139	1
NU2-12	1259	Response	0	34062145	7098	1
NU2-12	1260	Response	0	34068705	6325	1
NU2-12	1260	Response	0	34069505	7125	1
NU2-12	1261	Response	0	34076065	6352	1
NU2-12	1261	Response	0	34076385	6672	1
NU2-12	1262	Response	0	34155584	78871	1
NU2-12	1262	Response	100	34156544	79831	1
NU2-12	1264	Picture	9	34171877	0	1	20166	1	0	next	other	0
NU2-12	1266	Picture	35	34207209	0	1	20166	1	0	next	other	0
NU2-12	1268	Picture	50	34242542	0	1	64665	1	0	next	other	0
NU2-12	1268	Text Input	6	34307103	64561	0
NU2-12	1268	Response	0	34307103	64561	1
NU2-12	1269	Response	100	34307742	536	1
NU2-12	1271	Picture	12	34337539	0	1	20166	1	0	next	other	0
NU2-12	1273	Picture	37	34372871	0	1	20166	1	0	next	other	0
NU2-12	1275	Picture	50	34408204	0	1	41832	1	0	next	other	0
NU2-12	1275	Text Input	8	34449981	41777	0
NU2-12	1275	Response	0	34449981	41777	1
NU2-12	1276	Response	100	34450301	265	1
NU2-12	1278	Picture	12	34480368	0	1	20166	1	0	next	other	0
NU2-12	1280	Picture	26	34515701	0	1	20166	1	0	next	other	0
NU2-12	1282	Picture	40	34551033	0	1	41332	1	0	next	other	0
NU2-12	1282	Text Input	15	34592219	41186	0
NU2-12	1282	Response	0	34592219	41186	1
NU2-12	1283	Response	100	34593019	654	1
NU2-12	1285	Picture	11	34622698	0	1	20166	1	0	next	other	0
NU2-12	1287	Picture	24	34658030	0	1	20166	1	0	next	other	0
NU2-12	1289	Picture	61	34693362	0	1	20166	1	0	next	other	0
NU2-12	1290	Response	0	34778617	64922	1
NU2-12	1290	Response	0	34787417	73721	1
NU2-12	1291	Response	0	34798937	11243	1
NU2-12	1291	Response	0	34800376	12683	1
NU2-12	1292	Response	0	34804377	3684	1
NU2-12	1292	Response	0	34805016	4324	1
NU2-12	1293	Response	0	34828856	23664	1
NU2-12	1293	Response	100	34829656	24463	1
NU2-12	1295	Picture	12	34845025	0	1	20166	1	0	next	other	0
NU2-12	1297	Picture	24	34880357	0	1	20166	1	0	next	other	0
NU2-12	1299	Picture	40	34915690	0	1	33666	1	0	next	other	0
NU2-12	1299	Text Input	14	34949335	33645	0
NU2-12	1299	Response	0	34949335	33645	1
NU2-12	1300	Response	100	34949975	619	1
NU2-12	1302	Picture	12	34979688	0	1	20166	1	0	next	other	0
NU2-12	1304	Picture	25	35015020	0	1	20166	1	0	next	other	0
NU2-12	1306	Picture	64	35050352	0	1	20166	1	0	next	other	0
NU2-12	1307	Response	0	35251411	180726	1
NU2-12	1307	Response	0	35258931	188246	1
NU2-12	1308	Response	0	35278611	19431	1
NU2-12	1308	Response	0	35279731	20551	1
NU2-12	1309	Response	0	35285811	5798	1
NU2-12	1309	Response	0	35286450	6438	1
NU2-12	1310	Response	0	35313970	27291	1
NU2-12	1310	Response	100	35315250	28571	1
NU2-12	1312	Picture	12	35330678	0	1	20166	1	0	next	other	0
NU2-12	1314	Picture	35	35366010	0	1	20166	1	0	next	other	0
NU2-12	1316	Picture	50	35401343	0	1	48165	1	0	next	other	0
NU2-12	1316	Text Input	8	35449489	48146	0
NU2-12	1316	Response	0	35449489	48146	1
NU2-12	1317	Response	100	35450289	781	1
NU2-12	1319	Picture	11	35479840	0	1	20166	1	0	next	other	0
NU2-12	1321	Picture	34	35515173	0	1	20166	1	0	next	other	0
NU2-12	1323	Picture	50	35550505	0	1	28833	1	0	next	other	0
NU2-12	1323	Text Input	9	35579247	28742	0
NU2-12	1323	Response	0	35579247	28742	1
NU2-12	1324	Response	100	35580047	709	1
NU2-12	1326	Picture	12	35609670	0	1	20166	1	0	next	other	0
NU2-12	1328	Picture	34	35645002	0	1	20166	1	0	next	other	0
NU2-12	1330	Picture	73	35680335	0	1	20166	1	0	next	other	0
NU2-12	1331	Response	0	35833965	133297	1
NU2-12	1331	Response	0	35841484	140816	1
NU2-12	1332	Response	0	35845004	3340	1
NU2-12	1332	Response	0	35846124	4460	1
NU2-12	1333	Response	0	35852364	6034	1
NU2-12	1333	Response	0	35853484	7154	1
NU2-12	1334	Response	0	35857164	3500	1
NU2-12	1334	Response	0	35857964	4300	1
NU2-12	1335	Response	0	35870284	12121	1
NU2-12	1335	Response	0	35870763	12600	1
NU2-12	1336	Response	0	35892364	21367	1
NU2-12	1336	Response	100	35893323	22327	1
NU2-12	1338	Picture	11	35908662	0	1	20166	1	0	next	other	0
NU2-12	1340	Picture	24	35943994	0	1	20166	1	0	next	other	0
NU2-12	1342	Picture	40	35979326	0	1	30499	1	0	next	other	0
NU2-12	1342	Text Input	13	36009802	30476	0
NU2-12	1342	Response	0	36009802	30476	1
NU2-12	1343	Response	100	36010442	616	1
NU2-12	1345	Picture	8	36040158	0	1	20166	1	0	next	other	0
NU2-12	1347	Picture	36	36075490	0	1	20166	1	0	next	other	0
NU2-12	1349	Picture	50	36110823	0	1	28666	1	0	next	other	0
NU2-12	1349	Text Input	5	36139400	28578	0
NU2-12	1349	Response	0	36139400	28578	1
NU2-12	1350	Response	100	36140040	552	1
NU2-12	1352	Picture	10	36169821	0	1	20166	1	0	next	other	0
NU2-12	1354	Picture	37	36205153	0	1	20166	1	0	next	other	0
NU2-12	1356	Picture	50	36240486	0	1	88998	1	0	next	other	0
NU2-12	1356	Text Input	4	36329318	88832	0
NU2-12	1356	Response	0	36329318	88832	1
NU2-12	1357	Response	100	36329958	475	1
NU2-12	1359	Picture	9	36359816	0	1	20166	1	0	next	other	0
NU2-12	1361	Picture	26	36395148	0	1	20166	1	0	next	other	0
NU2-12	1363	Picture	64	36430480	0	1	20166	1	0	next	other	0
NU2-12	1364	Response	0	36555876	105063	1
NU2-12	1364	Response	0	36559395	108582	1
NU2-12	1365	Response	0	36563555	3912	1
NU2-12	1365	Response	0	36564835	5192	1
NU2-12	1366	Response	0	36588355	23212	1
NU2-12	1366	Response	0	36589154	24011	1
NU2-12	1367	Response	0	36620675	31199	1
NU2-12	1367	Response	100	36621474	31998	1
NU2-12	1369	Picture	9	36636808	0	1	20166	1	0	next	other	0
NU2-12	1371	Picture	26	36672140	0	1	20166	1	0	next	other	0
NU2-12	1373	Picture	40	36707473	0	1	32666	1	0	next	other	0
NU2-12	1373	Text Input	12	36740033	32560	0
NU2-12	1373	Response	0	36740033	32560	1
NU2-12	1374	Response	100	36740993	855	1
NU2-12	1376	Picture	11	36770471	0	1	20166	1	0	next	other	0
NU2-12	1378	Picture	25	36805803	0	1	20166	1	0	next	other	0
NU2-12	1380	Picture	40	36841136	0	1	31999	1	0	next	other	0
NU2-12	1380	Text Input	13	36872992	31856	0
NU2-12	1380	Response	0	36872992	31856	1
NU2-12	1381	Response	100	36873952	817	1
NU2-12	1383	Picture	13	36903467	0	1	20166	1	0	next	other	0
NU2-12	1385	Picture	25	36938800	0	1	20166	1	0	next	other	0
NU2-12	1387	Picture	40	36974132	0	1	30999	1	0	next	other	0
NU2-12	1387	Text Input	15	37004990	30858	0
NU2-12	1387	Response	0	37004990	30858	1
NU2-12	1388	Response	100	37006110	979	1
NU2-12	1390	Picture	8	37035463	0	1	20166	1	0	next	other	0
NU2-12	1392	Picture	35	37070796	0	1	20166	1	0	next	other	0
NU2-12	1394	Picture	72	37106128	0	1	20166	1	0	next	other	0
NU2-12	1395	Response	0	37213308	86847	1
NU2-12	1395	Response	0	37214907	88446	1
NU2-12	1396	Response	0	37225147	10022	1
NU2-12	1396	Response	0	37226107	10982	1
NU2-12	1397	Response	0	37259227	32936	1
NU2-12	1397	Response	0	37260507	34215	1
NU2-12	1398	Response	0	37268667	7876	1
NU2-12	1398	Response	0	37269627	8836	1
NU2-12	1399	Response	0	37289627	19670	1
NU2-12	1399	Response	0	37290106	20149	1
NU2-12	1400	Response	0	37298426	8137	1
NU2-12	1400	Response	100	37299066	8777	1
NU2-12	1402	Picture	12	37314456	0	1	20166	1	0	next	other	0
NU2-12	1404	Picture	36	37349788	0	1	20166	1	0	next	other	0
NU2-12	1406	Picture	50	37385120	0	1	134496	1	0	next	other	0
NU2-12	1406	Text Input	9	37519544	134423	0
NU2-12	1406	Response	0	37519544	134423	1
NU2-12	1407	Response	100	37520184	567	1
NU2-12	1409	Picture	9	37549949	0	1	20166	1	0	next	other	0
NU2-12	1411	Picture	34	37585281	0	1	20166	1	0	next	other	0
NU2-12	1413	Picture	50	37620614	0	1	27166	1	0	next	other	0
NU2-12	1413	Text Input	7	37647702	27088	0
NU2-12	1413	Response	0	37647702	27088	1
NU2-12	1414	Response	100	37648662	882	1
NU2-12	1416	Picture	12	37678112	0	1	20166	1	0	next	other	0
NU2-12	1418	Picture	34	37713445	0	1	20166	1	0	next	other	0
NU2-12	1420	Picture	71	37748777	0	1	20166	1	0	next	other	0
NU2-12	1421	Response	0	37838260	69150	1
NU2-12	1421	Response	0	37846100	76990	1
NU2-12	1422	Response	0	37852820	6546	1
NU2-12	1422	Response	0	37853620	7345	1
NU2-12	1423	Response	0	37856820	2879	1
NU2-12	1423	Response	0	37857460	3519	1
NU2-12	1424	Response	0	37861780	4006	1
NU2-12	1424	Response	0	37862740	4966	1
NU2-12	1425	Response	0	37873619	10679	1
NU2-12	1425	Response	100	37874419	11479	1
NU2-12	1427	Picture	9	37889773	0	1	20166	1	0	next	other	0
NU2-12	1429	Picture	35	37925105	0	1	20166	1	0	next	other	0
NU2-12	1431	Picture	74	37960438	0	1	20166	1	0	next	other	0
NU2-12	1432	Response	0	38048498	67727	1
NU2-12	1432	Response	0	38051057	70287	1
NU2-12	1433	Response	0	38064497	13229	1
NU2-12	1433	Response	0	38067057	15789	1
NU2-12	1434	Response	0	38069617	2349	1
NU2-12	1434	Response	0	38071377	4109	1
NU2-12	1435	Response	0	38081617	10016	1
NU2-12	1435	Response	0	38082417	10816	1
NU2-12	1436	Response	0	38088657	6056	1
NU2-12	1436	Response	0	38089937	7336	1
NU2-12	1437	Response	0	38099537	9269	1
NU2-12	1437	Response	0	38100177	9909	1
NU2-12	1438	Response	0	38126097	25663	1
NU2-12	1438	Response	100	38126896	26463	1
NU2-12	1440	Picture	11	38142266	0	1	20166	1	0	next	other	0
NU2-12	1442	Picture	34	38177598	0	1	20166	1	0	next	other	0
NU2-12	1444	Picture	73	38212931	0	1	20166	1	0	next	other	0
NU2-12	1445	Response	0	38277615	44352	1
NU2-12	1445	Response	0	38286254	52991	1
NU2-12	1446	Response	0	38295054	8626	1
NU2-12	1446	Response	0	38295694	9266	1
NU2-12	1447	Response	0	38304974	9046	1
NU2-12	1447	Response	100	38305614	9686	1
NU2-12	1449	Picture	13	38321094	0	1	20166	1	0	next	other	0
NU2-12	1451	Picture	27	38356427	0	1	20166	1	0	next	other	0
NU2-12	1453	Picture	40	38391759	0	1	52832	1	0	next	other	0
NU2-12	1453	Text Input	16	38444493	52734	0
NU2-12	1453	Response	0	38444493	52734	1
NU2-12	1454	Response	100	38445453	862	1
NU2-12	1456	Picture	11	38474923	0	1	20166	1	0	next	other	0
NU2-12	1458	Picture	26	38510256	0	1	20166	1	0	next	other	0
NU2-12	1460	Picture	65	38545588	0	1	20166	1	0	next	other	0
NU2-12	1461	Response	0	38632811	66890	1
NU2-12	1461	Response	0	38635210	69290	1
NU2-12	1462	Response	0	38648970	13551	1
NU2-12	1462	Response	0	38650090	14671	1
NU2-12	1463	Response	0	38655530	5112	1
NU2-12	1463	Response	0	38656650	6232	1
NU2-12	1464	Response	0	38665610	8692	1
NU2-12	1464	Response	0	38666890	9972	1
NU2-12	1465	Response	0	38672170	5085	1
NU2-12	1465	Response	0	38672650	5565	1
NU2-12	1466	Response	0	38685450	12532	1
NU2-12	1466	Response	0	38687850	14932	1
NU2-12	1467	Response	0	38690090	2006	1
NU2-12	1467	Response	0	38691690	3606	1
NU2-12	1468	Response	0	38716329	24412	1
NU2-12	1468	Response	100	38717129	25212	1
NU2-12	1470	Picture	12	38732583	0	1	20166	1	0	next	other	0
NU2-12	1472	Picture	24	38767915	0	1	20166	1	0	next	other	0
NU2-12	1474	Picture	61	38803247	0	1	20166	1	0	next	other	0
NU2-12	1475	Response	0	38879048	55468	1
NU2-12	1475	Response	0	38886727	63147	1
NU2-12	1476	Response	0	38897607	10695	1
NU2-12	1476	Response	100	38898407	11495	1
NU2-12	1478	Picture	12	38913744	0	1	20166	1	0	next	other	0
NU2-12	1480	Picture	36	38949077	0	1	20166	1	0	next	other	0
NU2-12	1482	Picture	72	38984409	0	1	20166	1	0	next	other	0
NU2-12	1483	Response	0	39057285	52543	1
NU2-12	1483	Response	0	39060805	56063	1
NU2-12	1484	Response	0	39075045	13972	1
NU2-12	1484	Response	0	39076165	15092	1
NU2-12	1485	Response	0	39095365	18959	1
NU2-12	1485	Response	0	39096325	19918	1
NU2-12	1486	Response	0	39101605	5032	1
NU2-12	1486	Response	0	39102565	5992	1
NU2-12	1487	Response	0	39123685	20946	1
NU2-12	1487	Response	100	39124484	21745	1
NU2-12	1489	Picture	11	39139905	0	1	20166	1	0	next	other	0
NU2-12	1491	Picture	24	39175237	0	1	20166	1	0	next	other	0
NU2-12	1493	Picture	62	39210569	0	1	20166	1	0	next	other	0
NU2-12	1494	Response	0	39258083	27181	1
NU2-12	1494	Response	100	39259203	28301	1
NU2-12	1496	Picture	10	39274568	0	1	20166	1	0	next	other	0
NU2-12	1498	Picture	36	39309900	0	1	20166	1	0	next	other	0
NU2-12	1500	Picture	50	39345232	0	1	39666	1	0	next	other	0
NU2-12	1500	Text Input	7	39384801	39569	0
NU2-12	1500	Response	0	39384801	39569	1
NU2-12	1501	Response	100	39385281	383	1
NU2-12	1503	Picture	9	39415230	0	1	20166	1	0	next	other	0
NU2-12	1505	Picture	26	39450563	0	1	20166	1	0	next	other	0
NU2-12	1507	Picture	40	39485895	0	1	39832	1	0	next	other	0
NU2-12	1507	Text Input	12	39525600	39705	0
NU2-12	1507	Response	0	39525600	39705	1
NU2-12	1508	Response	100	39526400	672	1
NU2-12	1510	Picture	11	39556060	0	1	20166	1	0	next	other	0
NU2-12	1512	Picture	27	39591392	0	1	20166	1	0	next	other	0
NU2-12	1514	Picture	64	39626724	0	1	20166	1	0	next	other	0
NU2-12	1515	Response	0	39730078	83020	1
NU2-12	1515	Response	0	39736797	89740	1
NU2-12	1516	Response	0	39750077	13023	1
NU2-12	1516	Response	0	39752797	15742	1
NU2-12	1517	Response	0	39782717	29663	1
NU2-12	1517	Response	0	39783357	30302	1
NU2-12	1518	Response	0	39786717	3163	1
NU2-12	1518	Response	0	39787677	4123	1
NU2-12	1519	Response	0	39796636	8750	1
NU2-12	1519	Response	100	39797436	9550	1
NU2-12	1521	Picture	9	39812886	0	1	20166	1	0	next	other	0
NU2-12	1523	Picture	27	39848218	0	1	20166	1	0	next	other	0
NU2-12	1525	Picture	40	39883551	0	1	56832	1	0	next	other	0
NU2-12	1525	Text Input	12	39940315	56764	0
NU2-12	1525	Response	0	39940315	56764	1
NU2-12	1526	Response	100	39940955	572	1
NU2-12	1528	Picture	8	39970715	0	1	20166	1	0	next	other	0
NU2-12	1530	Picture	34	40006047	0	1	20166	1	0	next	other	0
NU2-12	1532	Picture	50	40041379	0	1	28166	1	0	next	other	0
NU2-12	1532	Text Input	6	40069433	28054	0
NU2-12	1532	Response	0	40069433	28054	1
NU2-12	1533	Response	100	40070233	688	1
NU2-12	1535	Picture	12	40099878	0	1	20166	1	0	next	other	0
NU2-12	1537	Picture	36	40135210	0	1	20166	1	0	next	other	0
NU2-12	1539	Picture	73	40170543	0	1	20166	1	0	next	other	0
NU2-12	1540	Response	0	40239191	48316	1
NU2-12	1540	Response	100	40239991	49116	1
NU2-12	1542	Picture	11	40255373	0	1	20166	1	0	next	other	0
NU2-12	1544	Picture	26	40290706	0	1	20166	1	0	next	other	0
NU2-12	1546	Picture	64	40326038	0	1	20166	1	0	next	other	0
NU2-12	1547	Response	0	40474069	127698	1
NU2-12	1547	Response	0	40477588	131217	1
NU2-12	1548	Response	0	40485108	7241	1
NU2-12	1548	Response	0	40486388	8521	1
NU2-12	1549	Response	0	40501428	14728	1
NU2-12	1549	Response	0	40503028	16327	1
NU2-12	1550	Response	0	40515508	12308	1
NU2-12	1550	Response	0	40516628	13428	1
NU2-12	1551	Response	0	40544468	27602	1
NU2-12	1551	Response	100	40545267	28401	1
NU2-12	1553	Picture	8	40560698	0	1	20166	1	0	next	other	0
NU2-12	1555	Picture	24	40596031	0	1	20166	1	0	next	other	0
NU2-12	1557	Picture	40	40631363	0	1	34666	1	0	next	other	0
NU2-12	1557	Text Input	10	40665906	34543	0
NU2-12	1557	Response	0	40665906	34543	1
NU2-12	1558	Response	100	40667026	997	1
NU2-12	1560	Picture	10	40696361	0	1	20166	1	0	next	other	0
NU2-12	1562	Picture	26	40731693	0	1	20166	1	0	next	other	0
NU2-12	1564	Picture	40	40767026	0	1	36332	1	0	next	other	0
NU2-12	1564	Text Input	13	40803184	36158	0
NU2-12	1564	Response	0	40803184	36158	1
NU2-12	1565	Response	100	40804144	786	1
NU2-12	1568	Picture	11	41433840	0	1	20166	1	0	next	other	0
NU2-12	1570	Picture	27	41469173	0	1	20166	1	0	next	other	0
NU2-12	1572	Picture	40	41504505	0	1	158496	1	0	next	other	0
NU2-12	1572	Text Input	15	41662854	158349	0
NU2-12	1572	Response	0	41662854	158349	1
NU2-12	1573	Response	100	41663654	653	1
NU2-12	1575	Picture	11	41693333	0	1	20166	1	0	next	other	0
NU2-12	1577	Picture	24	41728666	0	1	20166	1	0	next	other	0
NU2-12	1579	Picture	61	41763998	0	1	20166	1	0	next	other	0
NU2-12	1580	Response	0	41810372	26042	1
NU2-12	1580	Response	0	41819492	35161	1
NU2-12	1581	Response	0	41823812	4149	1
NU2-12	1581	Response	0	41825092	5429	1
NU2-12	1582	Response	0	41836292	10962	1
NU2-12	1582	Response	100	41837412	12082	1
NU2-12	1584	Picture	8	41852829	0	1	20166	1	0	next	other	0
NU2-12	1586	Picture	35	41888161	0	1	20166	1	0	next	other	0
NU2-12	1588	Picture	71	41923493	0	1	20166	1	0	next	other	0
NU2-12	1589	Response	0	41975490	31664	1
NU2-12	1589	Response	0	41977090	33264	1
NU2-12	1590	Response	0	41981410	4085	1
NU2-12	1590	Response	0	41982210	4885	1
NU2-12	1591	Response	0	41989890	7398	1
NU2-12	1591	Response	0	41991010	8518	1
NU2-12	1592	Response	0	42045250	53925	1
NU2-12	1592	Response	0	42050050	58725	1
NU2-12	1593	Response	0	42069409	19086	1
NU2-12	1593	Response	100	42070689	20366	1
NU2-12	1595	Picture	9	42086156	0	1	20166	1	0	next	other	0
NU2-12	1597	Picture	37	42121488	0	1	20166	1	0	next	other	0
NU2-12	1599	Picture	71	42156820	0	1	20166	1	0	next	other	0
NU2-12	1600	Response	0	42250047	72894	1
NU2-12	1600	Response	0	42260927	83774	1
NU2-12	1601	Response	0	42265407	4256	1
NU2-12	1601	Response	0	42266527	5376	1
NU2-12	1602	Response	0	42287167	20349	1
NU2-12	1602	Response	100	42288446	21629	1
NU2-12	1604	Picture	12	42303816	0	1	20166	1	0	next	other	0
NU2-12	1606	Picture	36	42339149	0	1	20166	1	0	next	other	0
NU2-12	1608	Picture	50	42374481	0	1	32666	1	0	next	other	0
NU2-12	1608	Text Input	9	42407005	32524	0
NU2-12	1608	Response	0	42407005	32524	1
NU2-12	1609	Response	100	42407645	498	1
NU2-12	1611	Picture	11	42437479	0	1	20166	1	0	next	other	0
NU2-12	1613	Picture	26	42472811	0	1	20166	1	0	next	other	0
NU2-12	1615	Picture	40	42508144	0	1	62832	1	0	next	other	0
NU2-12	1615	Text Input	14	42570843	62699	0
NU2-12	1615	Response	0	42570843	62699	1
NU2-12	1616	Response	100	42571643	668	1
NU2-12	1618	Picture	11	42601308	0	1	20166	1	0	next	other	0
NU2-12	1620	Picture	37	42636640	0	1	20166	1	0	next	other	0
NU2-12	1622	Picture	50	42671973	0	1	50999	1	0	next	other	0
NU2-12	1622	Text Input	7	42722841	50869	0
NU2-12	1622	Response	0	42722841	50869	1
NU2-12	1623	Response	100	42723641	670	1
NU2-12	1625	Picture	11	42753304	0	1	20166	1	0	next	other	0
NU2-12	1627	Picture	35	42788636	0	1	20166	1	0	next	other	0
NU2-12	1629	Picture	71	42823968	0	1	20166	1	0	next	other	0
NU2-12	1630	Response	0	43043958	199657	1
NU2-12	1630	Response	0	43051157	206856	1
NU2-12	1631	Response	0	43068597	17135	1
NU2-12	1631	Response	0	43069397	17935	1
NU2-12	1632	Response	0	43098677	29049	1
NU2-12	1632	Response	100	43099637	30009	1
NU2-12	1634	Picture	10	43115127	0	1	20166	1	0	next	other	0
NU2-12	1636	Picture	37	43150459	0	1	20166	1	0	next	other	0
NU2-12	1638	Picture	50	43185791	0	1	57998	1	0	next	other	0
NU2-12	1638	Text Input	6	43243635	57843	0
NU2-12	1638	Response	0	43243635	57843	1
NU2-12	1639	Response	100	43244115	325	1
NU2-12	1641	Picture	9	43274122	0	1	20166	1	0	next	other	0
NU2-12	1643	Picture	35	43309455	0	1	20166	1	0	next	other	0
NU2-12	1645	Picture	50	43344787	0	1	53498	1	0	next	other	0
NU2-12	1645	Text Input	6	43398193	53406	0
NU2-12	1645	Response	0	43398193	53406	1
NU2-12	1646	Response	100	43398833	548	1
NU2-12	1648	Picture	12	43428618	0	1	20166	1	0	next	other	0
NU2-12	1650	Picture	25	43463950	0	1	20166	1	0	next	other	0
NU2-12	1652	Picture	64	43499283	0	1	20166	1	0	next	other	0
NU2-12	1653	Response	0	43637871	118255	1
NU2-12	1653	Response	0	43647790	128174	1
NU2-12	1654	Response	0	43662830	14718	1
NU2-12	1654	Response	0	43664270	16158	1
NU2-12	1655	Response	0	43670190	5745	1
NU2-12	1655	Response	100	43671310	6865	1
NU2-12	1657	Picture	11	43686777	0	1	20166	1	0	next	other	0
NU2-12	1659	Picture	25	43722110	0	1	20166	1	0	next	other	0
NU2-12	1661	Picture	40	43757442	0	1	41999	1	0	next	other	0
NU2-12	1661	Text Input	13	43799308	41866	0
NU2-12	1661	Response	0	43799308	41866	1
NU2-12	1662	Response	100	43799948	507	1
NU2-12	1664	Picture	9	43829773	0	1	20166	1	0	next	other	0
NU2-12	1666	Picture	36	43865106	0	1	20166	1	0	next	other	0
NU2-12	1668	Picture	71	43900438	0	1	20166	1	0	next	other	0
NU2-12	1669	Response	0	44062825	142055	1
NU2-12	1669	Response	0	44069705	148934	1
NU2-12	1670	Response	0	44075625	5691	1
NU2-12	1670	Response	0	44076745	6811	1
NU2-12	1671	Response	0	44080105	3172	1
NU2-12	1671	Response	0	44081865	4932	1
NU2-12	1672	Response	0	44086825	4725	1
NU2-12	1672	Response	0	44087785	5685	1
NU2-12	1673	Response	0	44101864	13765	1
NU2-12	1673	Response	100	44102984	14885	1
NU2-12	1675	Picture	9	44118432	0	1	20166	1	0	next	other	0
NU2-12	1677	Picture	26	44153764	0	1	20166	1	0	next	other	0
NU2-12	1679	Picture	62	44189097	0	1	20166	1	0	next	other	0
NU2-12	1680	Response	0	44517860	308431	1
NU2-12	1680	Response	0	44521540	312110	1
NU2-12	1681	Response	0	44530820	9065	1
NU2-12	1681	Response	0	44531619	9865	1
NU2-12	1682	Response	0	44557059	25139	1
NU2-12	1682	Response	100	44558499	26579	1
NU2-12	1684	Picture	12	44573919	0	1	20166	1	0	next	other	0
NU2-12	1686	Picture	24	44609252	0	1	20166	1	0	next	other	0
NU2-12	1688	Picture	40	44644584	0	1	83164	1	0	next	other	0
NU2-12	1688	Text Input	12	44727617	83033	0
NU2-12	1688	Response	0	44727617	83033	1
NU2-12	1689	Response	100	44728417	669	1
NU2-12	1691	Picture	8	44758081	0	1	20166	1	0	next	other	0
NU2-12	1693	Picture	24	44793413	0	1	20166	1	0	next	other	0
NU2-12	1695	Picture	62	44828746	0	1	20166	1	0	next	other	0
NU2-12	1696	Response	0	44885056	35977	1
NU2-12	1696	Response	0	44891615	42537	1
NU2-12	1697	Response	0	44898015	6105	1
NU2-12	1697	Response	0	44898815	6905	1
NU2-12	1698	Response	0	44907295	8218	1
NU2-12	1698	Response	100	44908095	9018	1
NU2-12	1700	Picture	11	44923576	0	1	20166	1	0	next	other	0
NU2-12	1702	Picture	34	44958909	0	1	20166	1	0	next	other	0
NU2-12	1704	Picture	73	44994241	0	1	20166	1	0	next	other	0
NU2-12	1705	Response	0	45064893	50320	1
NU2-12	1705	Response	0	45070653	56079	1
NU2-12	1706	Response	0	45073853	2947	1
NU2-12	1706	Response	0	45076573	5667	1
NU2-12	1707	Response	0	45081373	4468	1
NU2-12	1707	Response	0	45082333	5427	1
NU2-12	1708	Response	0	45090653	8081	1
NU2-12	1708	Response	100	45091613	9041	1
NU2-12	1710	Picture	13	45107071	0	1	20166	1	0	next	other	0
NU2-12	1712	Picture	27	45142403	0	1	20166	1	0	next	other	0
NU2-12	1714	Picture	40	45177736	0	1	43165	1	0	next	other	0
NU2-12	1714	Text Input	16	45220731	42995	0
NU2-12	1714	Response	0	45220731	42995	1
NU2-12	1715	Response	100	45222011	1110	1
NU2-12	1717	Picture	10	45251234	0	1	20166	1	0	next	other	0
NU2-12	1719	Picture	24	45286566	0	1	20166	1	0	next	other	0
NU2-12	1721	Picture	63	45321898	0	1	20166	1	0	next	other	0
NU2-12	1722	Response	0	45370810	28578	1
NU2-12	1722	Response	0	45377209	34978	1
NU2-12	1723	Response	0	45380249	2852	1
NU2-12	1723	Response	0	45380889	3492	1
NU2-12	1724	Response	0	45390009	8946	1
NU2-12	1724	Response	100	45390969	9906	1
NU2-12	1726	Picture	11	45406396	0	1	20166	1	0	next	other	0
NU2-12	1728	Picture	34	45441728	0	1	20166	1	0	next	other	0
NU2-12	1730	Picture	71	45477061	0	1	20166	1	0	next	other	0
NU2-12	1731	Response	0	45549687	52294	1
NU2-12	1731	Response	0	45555287	57893	1
NU2-12	1732	Response	0	45558167	2609	1
NU2-12	1732	Response	0	45558967	3409	1
NU2-12	1733	Response	0	45566967	7742	1
NU2-12	1733	Response	100	45567767	8542	1
NU2-12	1735	Picture	10	45583224	0	1	20166	1	0	next	other	0
NU2-12	1737	Picture	24	45618557	0	1	20166	1	0	next	other	0
NU2-12	1739	Picture	62	45653889	0	1	20166	1	0	next	other	0
NU2-12	1740	Response	0	45681366	7144	1
NU2-12	1740	Response	100	45682645	8424	1
NU2-12	1742	Picture	End of exepriment	45682888	0	1	104391	1	0	next	other	0
NU2-12	1742	Response	0	45766965	84077	1

The following output port codes were not sent because of a conflict on the port.
Port	Code	Time(ms)
1	255	4.56827e+006
