Scenario - 
Logfile written - 04/06/2016 18:24:47

Subject	Trial	Event Type	Code	Time	TTime	Uncertainty	Duration	Uncertainty	ReqTime	ReqDur	Stim Type	Pair Index

NU2-13	1	Picture	Instructions	151	0	183	22348	183	0	next	other	0
NU2-13	1	Response	0	22283	22132	1
NU2-13	2	Picture	Instructions	22499	0	1	13000	1	0	next	other	0
NU2-13	2	Response	0	35402	12903	1
NU2-13	4	Picture	Experiment starts	35499	0	1	30166	1	0	next	other	0
NU2-13	6	Picture	8	80831	0	1	20166	1	0	next	other	0
NU2-13	8	Picture	24	116163	0	1	20166	1	0	next	other	0
NU2-13	10	Picture	40	151496	0	1	50332	1	0	next	other	0
NU2-13	10	Text Input	10	201800	50305	0
NU2-13	13	Picture	10	232160	0	1	20166	1	0	next	other	0
NU2-13	15	Picture	34	267492	0	1	20166	1	0	next	other	0
NU2-13	17	Picture	72	302825	0	1	20166	1	0	next	other	0
NU2-13	18	Response	0	365639	42481	1
NU2-13	18	Response	100	366278	43121	1
NU2-13	20	Picture	10	381656	0	1	20166	1	0	next	other	0
NU2-13	22	Picture	27	416988	0	1	20166	1	0	next	other	0
NU2-13	24	Picture	64	452320	0	1	20166	1	0	next	other	0
NU2-13	25	Response	0	481318	8664	1
NU2-13	25	Response	0	482597	9944	1
NU2-13	26	Response	0	485797	2977	1
NU2-13	26	Response	0	486917	4098	1
NU2-13	27	Response	0	497317	10164	1
NU2-13	27	Response	100	498117	10964	1
NU2-13	29	Picture	10	513485	0	1	20166	1	0	next	other	0
NU2-13	31	Picture	35	548818	0	1	20166	1	0	next	other	0
NU2-13	33	Picture	50	584150	0	1	38999	1	0	next	other	0
NU2-13	33	Text Input	7	623075	38925	0
NU2-13	36	Picture	11	653481	0	1	20166	1	0	next	other	0
NU2-13	38	Picture	35	688814	0	1	20166	1	0	next	other	0
NU2-13	40	Picture	71	724146	0	1	20166	1	0	next	other	0
NU2-13	41	Response	0	762274	17795	1
NU2-13	41	Response	0	767873	23395	1
NU2-13	42	Response	0	771233	3089	1
NU2-13	42	Response	0	772193	4049	1
NU2-13	43	Response	0	777953	5475	1
NU2-13	43	Response	100	778753	6275	1
NU2-13	45	Picture	11	794144	0	1	20166	1	0	next	other	0
NU2-13	47	Picture	37	829476	0	1	20166	1	0	next	other	0
NU2-13	49	Picture	50	864809	0	1	35166	1	0	next	other	0
NU2-13	49	Text Input	7	899872	35063	0
NU2-13	52	Picture	12	930307	0	1	20166	1	0	next	other	0
NU2-13	54	Picture	35	965639	0	1	20166	1	0	next	other	0
NU2-13	56	Picture	50	1000972	0	1	39332	1	0	next	other	0
NU2-13	56	Text Input	9	1040190	39219	0
NU2-13	59	Picture	11	1070636	0	1	20166	1	0	next	other	0
NU2-13	61	Picture	36	1105969	0	1	20166	1	0	next	other	0
NU2-13	63	Picture	74	1141301	0	1	20166	1	0	next	other	0
NU2-13	64	Response	0	1288348	126714	1
NU2-13	64	Response	0	1289627	127994	1
NU2-13	65	Response	0	1295547	5751	1
NU2-13	65	Response	0	1297147	7350	1
NU2-13	66	Response	0	1300347	2884	1
NU2-13	66	Response	0	1301627	4164	1
NU2-13	67	Response	0	1329467	27670	1
NU2-13	67	Response	100	1330107	28310	1
NU2-13	69	Picture	11	1345462	0	1	20166	1	0	next	other	0
NU2-13	71	Picture	35	1380794	0	1	20166	1	0	next	other	0
NU2-13	73	Picture	50	1416126	0	1	62665	1	0	next	other	0
NU2-13	73	Text Input	8	1478745	62619	0
NU2-13	76	Picture	12	1509124	0	1	20166	1	0	next	other	0
NU2-13	78	Picture	36	1544456	0	1	20166	1	0	next	other	0
NU2-13	80	Picture	73	1579789	0	1	20166	1	0	next	other	0
NU2-13	81	Response	0	1629143	29022	1
NU2-13	81	Response	100	1629783	29662	1
NU2-13	83	Picture	8	1645120	0	1	20166	1	0	next	other	0
NU2-13	85	Picture	34	1680452	0	1	20166	1	0	next	other	0
NU2-13	87	Picture	73	1715785	0	1	20166	1	0	next	other	0
NU2-13	88	Response	0	1773142	37024	1
NU2-13	88	Response	0	1777621	41504	1
NU2-13	89	Response	0	1780821	2872	1
NU2-13	89	Response	0	1782101	4152	1
NU2-13	90	Response	0	1797781	15498	1
NU2-13	90	Response	100	1798741	16458	1
NU2-13	92	Picture	10	1814115	0	1	20166	1	0	next	other	0
NU2-13	94	Picture	36	1849448	0	1	20166	1	0	next	other	0
NU2-13	96	Picture	50	1884780	0	1	48165	1	0	next	other	0
NU2-13	96	Text Input	7	1932820	48040	0
NU2-13	99	Picture	8	1963278	0	1	20166	1	0	next	other	0
NU2-13	101	Picture	34	1998610	0	1	20166	1	0	next	other	0
NU2-13	103	Picture	73	2033942	0	1	20166	1	0	next	other	0
NU2-13	104	Response	0	2077618	23343	1
NU2-13	104	Response	0	2082898	28622	1
NU2-13	105	Response	0	2086258	3150	1
NU2-13	105	Response	0	2087538	4430	1
NU2-13	106	Response	0	2101138	13363	1
NU2-13	106	Response	100	2102577	14803	1
NU2-13	108	Picture	10	2117940	0	1	20166	1	0	next	other	0
NU2-13	110	Picture	26	2153272	0	1	20166	1	0	next	other	0
NU2-13	112	Picture	65	2188605	0	1	20166	1	0	next	other	0
NU2-13	113	Response	0	2219537	10599	1
NU2-13	113	Response	0	2223056	14118	1
NU2-13	114	Response	0	2226256	2986	1
NU2-13	114	Response	0	2227856	4586	1
NU2-13	115	Response	0	2229616	1512	1
NU2-13	115	Response	0	2230736	2632	1
NU2-13	116	Response	0	2243216	12279	1
NU2-13	116	Response	100	2244656	13719	1
NU2-13	118	Picture	10	2260103	0	1	20166	1	0	next	other	0
NU2-13	120	Picture	27	2295435	0	1	20166	1	0	next	other	0
NU2-13	122	Picture	40	2330767	0	1	36666	1	0	next	other	0
NU2-13	122	Text Input	13	2367374	36607	0
NU2-13	125	Picture	10	2397766	0	1	20166	1	0	next	other	0
NU2-13	127	Picture	24	2433098	0	1	20166	1	0	next	other	0
NU2-13	129	Picture	62	2468430	0	1	20166	1	0	next	other	0
NU2-13	130	Response	0	2502253	13490	1
NU2-13	130	Response	100	2503373	14610	1
NU2-13	132	Picture	11	2518762	0	1	20166	1	0	next	other	0
NU2-13	134	Picture	37	2554095	0	1	20166	1	0	next	other	0
NU2-13	136	Picture	50	2589427	0	1	46332	1	0	next	other	0
NU2-13	136	Text Input	7	2635691	46264	0
NU2-13	139	Picture	12	2666091	0	1	20166	1	0	next	other	0
NU2-13	141	Picture	25	2701424	0	1	20166	1	0	next	other	0
NU2-13	143	Picture	40	2736756	0	1	36332	1	0	next	other	0
NU2-13	143	Text Input	14	2772969	36213	0
NU2-13	146	Picture	9	2803421	0	1	20166	1	0	next	other	0
NU2-13	148	Picture	27	2838753	0	1	20166	1	0	next	other	0
NU2-13	150	Picture	61	2874085	0	1	20166	1	0	next	other	0
NU2-13	151	Response	0	2911688	17270	1
NU2-13	151	Response	0	2916008	21590	1
NU2-13	152	Response	0	2922248	5997	1
NU2-13	152	Response	0	2923688	7437	1
NU2-13	153	Response	0	3063206	139289	1
NU2-13	153	Response	0	3063846	139928	1
NU2-13	154	Response	0	3081126	17046	1
NU2-13	154	Response	100	3082086	18006	1
NU2-13	156	Picture	9	3097579	0	1	20166	1	0	next	other	0
NU2-13	158	Picture	25	3132912	0	1	20166	1	0	next	other	0
NU2-13	160	Picture	63	3168244	0	1	20166	1	0	next	other	0
NU2-13	161	Response	0	3345603	157026	1
NU2-13	161	Response	0	3349443	160866	1
NU2-13	162	Response	0	3356002	6264	1
NU2-13	162	Response	100	3357282	7544	1
NU2-13	164	Picture	11	3372738	0	1	20166	1	0	next	other	0
NU2-13	166	Picture	34	3408071	0	1	20166	1	0	next	other	0
NU2-13	168	Picture	71	3443403	0	1	20166	1	0	next	other	0
NU2-13	169	Response	0	3470081	6346	1
NU2-13	169	Response	0	3475201	11465	1
NU2-13	170	Response	0	3480961	5559	1
NU2-13	170	Response	0	3482241	6839	1
NU2-13	171	Response	0	3487201	4632	1
NU2-13	171	Response	0	3487841	5272	1
NU2-13	172	Response	0	3492641	4572	1
NU2-13	172	Response	0	3493121	5052	1
NU2-13	173	Response	0	3499841	6439	1
NU2-13	173	Response	100	3501441	8039	1
NU2-13	175	Picture	8	3516901	0	1	20166	1	0	next	other	0
NU2-13	177	Picture	37	3552233	0	1	20166	1	0	next	other	0
NU2-13	179	Picture	72	3587565	0	1	20166	1	0	next	other	0
NU2-13	180	Response	0	3646879	38981	1
NU2-13	180	Response	0	3649119	41221	1
NU2-13	181	Response	0	3653759	4362	1
NU2-13	181	Response	0	3655199	5802	1
NU2-13	182	Response	0	3657759	2362	1
NU2-13	182	Response	0	3658719	3322	1
NU2-13	183	Response	0	3687519	28622	1
NU2-13	183	Response	0	3688958	30062	1
NU2-13	184	Response	0	3695678	6449	1
NU2-13	184	Response	100	3696958	7729	1
NU2-13	186	Picture	8	3712395	0	1	20166	1	0	next	other	0
NU2-13	188	Picture	25	3747728	0	1	20166	1	0	next	other	0
NU2-13	190	Picture	63	3783060	0	1	20166	1	0	next	other	0
NU2-13	191	Response	0	3934236	130843	1
NU2-13	191	Response	0	3935675	132283	1
NU2-13	192	Response	0	3937755	1866	1
NU2-13	192	Response	0	3939355	3466	1
NU2-13	193	Response	0	3940795	1240	1
NU2-13	193	Response	0	3942235	2680	1
NU2-13	194	Response	0	3972955	30400	1
NU2-13	194	Response	100	3974395	31839	1
NU2-13	196	Picture	13	3989887	0	1	20166	1	0	next	other	0
NU2-13	198	Picture	25	4025220	0	1	20166	1	0	next	other	0
NU2-13	200	Picture	40	4060552	0	1	34332	1	0	next	other	0
NU2-13	200	Text Input	15	4094714	34161	0
NU2-13	203	Picture	9	4125217	0	1	20166	1	0	next	other	0
NU2-13	205	Picture	27	4160549	0	1	20166	1	0	next	other	0
NU2-13	207	Picture	61	4195882	0	1	20166	1	0	next	other	0
NU2-13	208	Response	0	4228152	11938	1
NU2-13	208	Response	0	4234552	18337	1
NU2-13	209	Response	0	4243192	8311	1
NU2-13	209	Response	100	4244472	9591	1
NU2-13	211	Picture	12	4259880	0	1	20166	1	0	next	other	0
NU2-13	213	Picture	24	4295212	0	1	20166	1	0	next	other	0
NU2-13	215	Picture	62	4330545	0	1	20166	1	0	next	other	0
NU2-13	216	Response	0	4365110	14233	1
NU2-13	216	Response	100	4365910	15033	1
NU2-13	218	Picture	12	4381377	0	1	20166	1	0	next	other	0
NU2-13	220	Picture	37	4416709	0	1	20166	1	0	next	other	0
NU2-13	222	Picture	73	4452041	0	1	20166	1	0	next	other	0
NU2-13	223	Response	0	4543829	71455	1
NU2-13	223	Response	0	4545428	73054	1
NU2-13	224	Response	0	4547348	1643	1
NU2-13	224	Response	0	4548148	2443	1
NU2-13	225	Response	0	4553268	4896	1
NU2-13	225	Response	100	4554868	6496	1
NU2-13	227	Picture	12	4570205	0	1	20166	1	0	next	other	0
NU2-13	229	Picture	37	4605537	0	1	20166	1	0	next	other	0
NU2-13	231	Picture	73	4640869	0	1	20166	1	0	next	other	0
NU2-13	232	Response	0	4747826	86624	1
NU2-13	232	Response	0	4749106	87904	1
NU2-13	233	Response	0	4751346	1980	1
NU2-13	233	Response	0	4752306	2940	1
NU2-13	234	Response	0	4753906	1373	1
NU2-13	234	Response	0	4754866	2333	1
NU2-13	235	Response	0	4761426	6393	1
NU2-13	235	Response	100	4762545	7512	1
NU2-13	237	Picture	9	4778032	0	1	20166	1	0	next	other	0
NU2-13	239	Picture	25	4813364	0	1	20166	1	0	next	other	0
NU2-13	241	Picture	61	4848697	0	1	20166	1	0	next	other	0
NU2-13	242	Response	0	4886384	17355	1
NU2-13	242	Response	0	4888944	19915	1
NU2-13	243	Response	0	4896144	6948	1
NU2-13	243	Response	0	4897584	8388	1
NU2-13	244	Response	0	4901104	3242	1
NU2-13	244	Response	0	4902544	4682	1
NU2-13	245	Response	0	4919824	16962	1
NU2-13	245	Response	100	4921264	18402	1
NU2-13	247	Picture	10	4936694	0	1	20166	1	0	next	other	0
NU2-13	249	Picture	25	4972027	0	1	20166	1	0	next	other	0
NU2-13	251	Picture	40	5007359	0	1	35832	1	0	next	other	0
NU2-13	251	Text Input	12	5043023	35664	0
NU2-13	251	Response	0	5043023	35664	1
NU2-13	252	Response	100	5044782	1590	1
NU2-13	254	Picture	9	5073524	0	1	20166	1	0	next	other	0
NU2-13	256	Picture	26	5108856	0	1	20166	1	0	next	other	0
NU2-13	258	Picture	65	5144188	0	1	20166	1	0	next	other	0
NU2-13	259	Response	0	5168461	3940	1
NU2-13	259	Response	0	5173900	9379	1
NU2-13	260	Response	0	5177581	3393	1
NU2-13	260	Response	0	5179020	4833	1
NU2-13	261	Response	0	5203180	23993	1
NU2-13	261	Response	100	5204300	25113	1
NU2-13	263	Picture	11	5219686	0	1	20166	1	0	next	other	0
NU2-13	265	Picture	24	5255019	0	1	20166	1	0	next	other	0
NU2-13	267	Picture	62	5290351	0	1	20166	1	0	next	other	0
NU2-13	268	Response	0	5313579	2895	1
NU2-13	268	Response	100	5314859	4175	1
NU2-13	270	Picture	12	5330350	0	1	20166	1	0	next	other	0
NU2-13	272	Picture	37	5365682	0	1	20166	1	0	next	other	0
NU2-13	274	Picture	50	5401015	0	1	37499	1	0	next	other	0
NU2-13	274	Text Input	8	5438377	37363	0
NU2-13	277	Picture	13	5468846	0	1	20166	1	0	next	other	0
NU2-13	279	Picture	25	5504178	0	1	20166	1	0	next	other	0
NU2-13	281	Picture	40	5539511	0	1	32332	1	0	next	other	0
NU2-13	281	Text Input	15	5571816	32305	0
NU2-13	284	Picture	9	5602176	0	1	20166	1	0	next	other	0
NU2-13	286	Picture	35	5637508	0	1	20166	1	0	next	other	0
NU2-13	288	Picture	73	5672840	0	1	20166	1	0	next	other	0
NU2-13	289	Response	0	5779014	85841	1
NU2-13	289	Response	0	5780293	87120	1
NU2-13	290	Response	0	5781733	1229	1
NU2-13	290	Response	0	5783173	2669	1
NU2-13	291	Response	0	5783973	469	1
NU2-13	291	Response	0	5785413	1909	1
NU2-13	292	Response	0	5791813	6143	1
NU2-13	292	Response	100	5793253	7583	1
NU2-13	294	Picture	10	5808670	0	1	20166	1	0	next	other	0
NU2-13	296	Picture	37	5844002	0	1	20166	1	0	next	other	0
NU2-13	298	Picture	76	5879335	0	1	20166	1	0	next	other	0
NU2-13	299	Response	0	5905732	6065	1
NU2-13	299	Response	0	5912931	13264	1
NU2-13	300	Response	0	5921252	8085	1
NU2-13	300	Response	100	5922691	9524	1
NU2-13	302	Picture	10	5938166	0	1	20166	1	0	next	other	0
NU2-13	304	Picture	25	5973499	0	1	20166	1	0	next	other	0
NU2-13	306	Picture	40	6008831	0	1	30166	1	0	next	other	0
NU2-13	306	Text Input	12	6038850	30019	0
NU2-13	309	Picture	10	6069329	0	1	20166	1	0	next	other	0
NU2-13	311	Picture	24	6104662	0	1	20166	1	0	next	other	0
NU2-13	313	Picture	40	6139994	0	1	40166	1	0	next	other	0
NU2-13	313	Text Input	12	6180129	40135	0
NU2-13	316	Picture	9	6210492	0	1	20166	1	0	next	other	0
NU2-13	318	Picture	27	6245824	0	1	20166	1	0	next	other	0
NU2-13	320	Picture	40	6281157	0	1	29499	1	0	next	other	0
NU2-13	320	Text Input	12	6310527	29370	0
NU2-13	323	Picture	8	6340988	0	1	20166	1	0	next	other	0
NU2-13	325	Picture	24	6376321	0	1	20166	1	0	next	other	0
NU2-13	327	Picture	61	6411653	0	1	20166	1	0	next	other	0
NU2-13	328	Response	0	6440446	8460	1
NU2-13	328	Response	0	6448605	16619	1
NU2-13	329	Response	0	6455165	6346	1
NU2-13	329	Response	0	6456765	7946	1
NU2-13	330	Response	0	6458205	1220	1
NU2-13	330	Response	0	6459325	2340	1
NU2-13	331	Response	0	6480125	20473	1
NU2-13	331	Response	100	6481565	21913	1
NU2-13	333	Picture	10	6496984	0	1	20166	1	0	next	other	0
NU2-13	335	Picture	34	6532316	0	1	20166	1	0	next	other	0
NU2-13	337	Picture	71	6567649	0	1	20166	1	0	next	other	0
NU2-13	338	Response	0	6603164	15182	1
NU2-13	338	Response	0	6607643	19662	1
NU2-13	339	Response	0	6619803	11989	1
NU2-13	339	Response	100	6621243	13429	1
NU2-13	341	Picture	11	6636647	0	1	20166	1	0	next	other	0
NU2-13	343	Picture	36	6671979	0	1	20166	1	0	next	other	0
NU2-13	345	Picture	72	6707311	0	1	20166	1	0	next	other	0
NU2-13	346	Response	0	6760122	32478	1
NU2-13	346	Response	0	6761882	34237	1
NU2-13	347	Response	0	6764922	2778	1
NU2-13	347	Response	0	6766521	4378	1
NU2-13	348	Response	0	6799001	32192	1
NU2-13	348	Response	100	6800601	33791	1
NU2-13	350	Picture	12	6815975	0	1	20166	1	0	next	other	0
NU2-13	352	Picture	27	6851307	0	1	20166	1	0	next	other	0
NU2-13	354	Picture	40	6886640	0	1	50499	1	0	next	other	0
NU2-13	354	Text Input	15	6937080	50440	0
NU2-13	354	Response	0	6937080	50440	1
NU2-13	355	Response	100	6938679	1541	1
NU2-13	357	Picture	11	6967471	0	1	20166	1	0	next	other	0
NU2-13	359	Picture	37	7002803	0	1	20166	1	0	next	other	0
NU2-13	361	Picture	73	7038135	0	1	20166	1	0	next	other	0
NU2-13	362	Response	0	7115957	57489	1
NU2-13	362	Response	100	7117237	58769	1
NU2-13	364	Picture	11	7132633	0	1	20166	1	0	next	other	0
NU2-13	366	Picture	37	7167965	0	1	20166	1	0	next	other	0
NU2-13	368	Picture	50	7203298	0	1	52665	1	0	next	other	0
NU2-13	368	Text Input	7	7255796	52498	0
NU2-13	371	Picture	10	7286295	0	1	20166	1	0	next	other	0
NU2-13	373	Picture	36	7321628	0	1	20166	1	0	next	other	0
NU2-13	375	Picture	50	7356960	0	1	51999	1	0	next	other	0
NU2-13	375	Text Input	7	7408914	51954	0
NU2-13	375	Response	0	7408914	51954	1
NU2-13	376	Response	100	7410354	1395	1
NU2-13	378	Picture	9	7439291	0	1	20166	1	0	next	other	0
NU2-13	380	Picture	26	7474623	0	1	20166	1	0	next	other	0
NU2-13	382	Picture	40	7509956	0	1	33832	1	0	next	other	0
NU2-13	382	Text Input	12	7543632	33676	0
NU2-13	385	Picture	12	7574120	0	1	20166	1	0	next	other	0
NU2-13	387	Picture	25	7609453	0	1	20166	1	0	next	other	0
NU2-13	389	Picture	40	7644785	0	1	29666	1	0	next	other	0
NU2-13	389	Text Input	14	7674350	29565	0
NU2-13	392	Picture	10	7704783	0	1	20166	1	0	next	other	0
NU2-13	394	Picture	25	7740116	0	1	20166	1	0	next	other	0
NU2-13	396	Picture	64	7775448	0	1	20166	1	0	next	other	0
NU2-13	397	Response	0	7806509	10728	1
NU2-13	397	Response	0	7813069	17288	1
NU2-13	398	Response	0	7830669	17388	1
NU2-13	398	Response	100	7832269	18988	1
NU2-13	400	Picture	12	7847613	0	1	20166	1	0	next	other	0
NU2-13	402	Picture	26	7882945	0	1	20166	1	0	next	other	0
NU2-13	404	Picture	40	7918277	0	1	38666	1	0	next	other	0
NU2-13	404	Text Input	15	7956907	38630	0
NU2-13	404	Response	0	7956907	38630	1
NU2-13	405	Response	100	7958827	1884	1
NU2-13	407	Picture	11	7987276	0	1	20166	1	0	next	other	0
NU2-13	409	Picture	36	8022608	0	1	20166	1	0	next	other	0
NU2-13	411	Picture	50	8057940	0	1	48499	1	0	next	other	0
NU2-13	411	Text Input	8	8106345	48405	0
NU2-13	411	Response	0	8106345	48405	1
NU2-13	412	Response	100	8107625	1187	1
NU2-13	414	Picture	9	8136771	0	1	20166	1	0	next	other	0
NU2-13	416	Picture	37	8172104	0	1	20166	1	0	next	other	0
NU2-13	418	Picture	72	8207436	0	1	20166	1	0	next	other	0
NU2-13	419	Response	0	8348263	120494	1
NU2-13	419	Response	0	8350182	122414	1
NU2-13	420	Response	0	8354022	3590	1
NU2-13	420	Response	0	8355302	4870	1
NU2-13	421	Response	0	8356902	1304	1
NU2-13	421	Response	0	8358022	2424	1
NU2-13	422	Response	0	8359302	1037	1
NU2-13	422	Response	0	8360102	1837	1
NU2-13	423	Response	0	8373702	13270	1
NU2-13	423	Response	100	8374662	14230	1
NU2-13	425	Picture	9	8390098	0	1	20166	1	0	next	other	0
NU2-13	427	Picture	34	8425430	0	1	20166	1	0	next	other	0
NU2-13	429	Picture	72	8460762	0	1	20166	1	0	next	other	0
NU2-13	430	Response	0	8484581	3486	1
NU2-13	430	Response	100	8486021	4926	1
NU2-13	432	Picture	9	8501428	0	1	20166	1	0	next	other	0
NU2-13	434	Picture	34	8536760	0	1	20166	1	0	next	other	0
NU2-13	436	Picture	73	8572093	0	1	20166	1	0	next	other	0
NU2-13	437	Response	0	8604420	11995	1
NU2-13	437	Response	0	8611299	18874	1
NU2-13	438	Response	0	8621539	9948	1
NU2-13	438	Response	100	8622819	11228	1
NU2-13	440	Picture	9	8638257	0	1	20166	1	0	next	other	0
NU2-13	442	Picture	36	8673590	0	1	20166	1	0	next	other	0
NU2-13	444	Picture	73	8708922	0	1	20166	1	0	next	other	0
NU2-13	445	Response	0	8732418	3163	1
NU2-13	445	Response	100	8733698	4443	1
NU2-13	447	Picture	8	8749088	0	1	20166	1	0	next	other	0
NU2-13	449	Picture	36	8784420	0	1	20166	1	0	next	other	0
NU2-13	451	Picture	50	8819752	0	1	40832	1	0	next	other	0
NU2-13	451	Text Input	5	8860416	40664	0
NU2-13	451	Response	0	8860416	40664	1
NU2-13	452	Response	100	8861696	1112	1
NU2-13	454	Picture	12	8890917	0	1	20166	1	0	next	other	0
NU2-13	456	Picture	35	8926249	0	1	20166	1	0	next	other	0
NU2-13	458	Picture	71	8961582	0	1	20166	1	0	next	other	0
NU2-13	459	Response	0	8998175	16261	1
NU2-13	459	Response	0	9004095	22180	1
NU2-13	460	Response	0	9037694	33280	1
NU2-13	460	Response	100	9039454	35040	1
NU2-13	462	Picture	12	9054912	0	1	20166	1	0	next	other	0
NU2-13	464	Picture	25	9090245	0	1	20166	1	0	next	other	0
NU2-13	466	Picture	40	9125577	0	1	34499	1	0	next	other	0
NU2-13	466	Text Input	14	9159933	34356	0
NU2-13	466	Response	0	9159933	34356	1
NU2-13	467	Response	100	9161373	1297	1
NU2-13	469	Picture	10	9190408	0	1	20166	1	0	next	other	0
NU2-13	471	Picture	26	9225741	0	1	20166	1	0	next	other	0
NU2-13	473	Picture	40	9261073	0	1	39832	1	0	next	other	0
NU2-13	473	Text Input	13	9300891	39818	0
NU2-13	473	Response	0	9300891	39818	1
NU2-13	474	Response	100	9302011	1106	1
NU2-13	476	Picture	8	9331238	0	1	20166	1	0	next	other	0
NU2-13	478	Picture	37	9366570	0	1	20166	1	0	next	other	0
NU2-13	480	Picture	73	9401903	0	1	20166	1	0	next	other	0
NU2-13	481	Response	0	9450650	28414	1
NU2-13	481	Response	0	9452729	30494	1
NU2-13	482	Response	0	9460409	7508	1
NU2-13	482	Response	0	9462169	9268	1
NU2-13	483	Response	0	9480729	18328	1
NU2-13	483	Response	100	9481849	19448	1
NU2-13	485	Picture	8	9497233	0	1	20166	1	0	next	other	0
NU2-13	487	Picture	26	9532566	0	1	20166	1	0	next	other	0
NU2-13	489	Picture	64	9567898	0	1	20166	1	0	next	other	0
NU2-13	490	Response	0	9590968	2737	1
NU2-13	490	Response	0	9597207	8977	1
NU2-13	491	Response	0	9600247	2850	1
NU2-13	491	Response	0	9602007	4610	1
NU2-13	492	Response	0	9607447	5217	1
NU2-13	492	Response	100	9609047	6817	1
NU2-13	494	Picture	8	9624396	0	1	20166	1	0	next	other	0
NU2-13	496	Picture	24	9659729	0	1	20166	1	0	next	other	0
NU2-13	498	Picture	40	9695061	0	1	34332	1	0	next	other	0
NU2-13	498	Text Input	10	9729366	34305	0
NU2-13	498	Response	0	9729366	34305	1
NU2-13	499	Response	100	9730806	1412	1
NU2-13	501	Picture	11	9759726	0	1	20166	1	0	next	other	0
NU2-13	503	Picture	25	9795058	0	1	20166	1	0	next	other	0
NU2-13	505	Picture	40	9830391	0	1	32166	1	0	next	other	0
NU2-13	505	Text Input	13	9862484	32094	0
NU2-13	505	Response	0	9862484	32094	1
NU2-13	506	Response	100	9863764	1208	1
NU2-13	508	Picture	9	9892889	0	1	20166	1	0	next	other	0
NU2-13	510	Picture	24	9928221	0	1	20166	1	0	next	other	0
NU2-13	512	Picture	62	9963554	0	1	20166	1	0	next	other	0
NU2-13	513	Response	0	9989363	5477	1
NU2-13	513	Response	100	9990643	6756	1
NU2-13	515	Picture	10	10006052	0	1	20166	1	0	next	other	0
NU2-13	517	Picture	34	10041385	0	1	20166	1	0	next	other	0
NU2-13	519	Picture	50	10076717	0	1	34332	1	0	next	other	0
NU2-13	519	Text Input	8	10110961	34244	0
NU2-13	519	Response	0	10110961	34244	1
NU2-13	520	Response	100	10112081	1032	1
NU2-13	522	Picture	11	10141382	0	1	20166	1	0	next	other	0
NU2-13	524	Picture	26	10176714	0	1	20166	1	0	next	other	0
NU2-13	526	Picture	62	10212047	0	1	20166	1	0	next	other	0
NU2-13	527	Response	0	10238000	5621	1
NU2-13	527	Response	0	10242000	9620	1
NU2-13	528	Response	0	10249039	6827	1
NU2-13	528	Response	100	10250320	8107	1
NU2-13	530	Picture	9	10265712	0	1	20166	1	0	next	other	0
NU2-13	532	Picture	34	10301044	0	1	20166	1	0	next	other	0
NU2-13	534	Picture	50	10336376	0	1	31332	1	0	next	other	0
NU2-13	534	Text Input	7	10367598	31221	0
NU2-13	534	Response	0	10367598	31221	1
NU2-13	535	Response	100	10369198	1489	1
NU2-13	537	Picture	12	10398041	0	1	20166	1	0	next	other	0
NU2-13	539	Picture	24	10433374	0	1	20166	1	0	next	other	0
NU2-13	541	Picture	61	10468706	0	1	20166	1	0	next	other	0
NU2-13	542	Response	0	10499597	10558	1
NU2-13	542	Response	0	10504876	15837	1
NU2-13	543	Response	0	10512556	7351	1
NU2-13	543	Response	0	10513356	8151	1
NU2-13	544	Response	0	10518796	5258	1
NU2-13	544	Response	100	10520236	6698	1
NU2-13	546	Picture	12	10535704	0	1	20166	1	0	next	other	0
NU2-13	548	Picture	36	10571037	0	1	20166	1	0	next	other	0
NU2-13	550	Picture	72	10606369	0	1	20166	1	0	next	other	0
NU2-13	551	Response	0	10635275	8574	1
NU2-13	551	Response	0	10640395	13693	1
NU2-13	552	Response	0	10643595	2894	1
NU2-13	552	Response	0	10644395	3693	1
NU2-13	553	Response	0	10646155	1454	1
NU2-13	553	Response	0	10646955	2253	1
NU2-13	554	Response	0	10652075	4874	1
NU2-13	554	Response	100	10653195	5993	1
NU2-13	556	Picture	9	10668534	0	1	20166	1	0	next	other	0
NU2-13	558	Picture	36	10703866	0	1	20166	1	0	next	other	0
NU2-13	560	Picture	71	10739199	0	1	20166	1	0	next	other	0
NU2-13	561	Response	0	10765194	5663	1
NU2-13	561	Response	0	10772073	12542	1
NU2-13	562	Response	0	10775593	3229	1
NU2-13	562	Response	0	10776713	4349	1
NU2-13	563	Response	0	10782153	5122	1
NU2-13	563	Response	100	10783433	6402	1
NU2-13	565	Picture	10	10798864	0	1	20166	1	0	next	other	0
NU2-13	567	Picture	37	10834196	0	1	20166	1	0	next	other	0
NU2-13	569	Picture	76	10869528	0	1	20166	1	0	next	other	0
NU2-13	570	Response	0	10910792	20931	1
NU2-13	570	Response	0	10921511	31650	1
NU2-13	571	Response	0	10926631	4938	1
NU2-13	571	Response	100	10928071	6378	1
NU2-13	573	Picture	9	10943526	0	1	20166	1	0	next	other	0
NU2-13	575	Picture	26	10978858	0	1	20166	1	0	next	other	0
NU2-13	577	Picture	40	11014191	0	1	32166	1	0	next	other	0
NU2-13	577	Text Input	12	11046310	32119	0
NU2-13	580	Picture	10	11076689	0	1	20166	1	0	next	other	0
NU2-13	582	Picture	37	11112021	0	1	20166	1	0	next	other	0
NU2-13	584	Picture	50	11147354	0	1	30166	1	0	next	other	0
NU2-13	584	Text Input	6	11177348	29995	0
NU2-13	587	Picture	12	11207852	0	1	20166	1	0	next	other	0
NU2-13	589	Picture	37	11243184	0	1	20166	1	0	next	other	0
NU2-13	591	Picture	71	11278517	0	1	20166	1	0	next	other	0
NU2-13	592	Response	0	11302787	3938	1
NU2-13	592	Response	0	11308227	9377	1
NU2-13	593	Response	0	11315747	7231	1
NU2-13	593	Response	100	11317027	8511	1
NU2-13	595	Picture	8	11332515	0	1	20166	1	0	next	other	0
NU2-13	597	Picture	35	11367848	0	1	20166	1	0	next	other	0
NU2-13	599	Picture	71	11403180	0	1	20166	1	0	next	other	0
NU2-13	600	Response	0	11425506	1993	1
NU2-13	600	Response	0	11431585	8072	1
NU2-13	601	Response	0	11437505	5660	1
NU2-13	601	Response	0	11438465	6619	1
NU2-13	602	Response	0	11443905	5226	1
NU2-13	602	Response	100	11445185	6506	1
NU2-13	604	Picture	9	11460678	0	1	20166	1	0	next	other	0
NU2-13	606	Picture	35	11496011	0	1	20166	1	0	next	other	0
NU2-13	608	Picture	50	11531343	0	1	46332	1	0	next	other	0
NU2-13	608	Text Input	6	11577664	46321	0
NU2-13	611	Picture	9	11608007	0	1	20166	1	0	next	other	0
NU2-13	613	Picture	25	11643340	0	1	20166	1	0	next	other	0
NU2-13	615	Picture	40	11678672	0	1	51999	1	0	next	other	0
NU2-13	615	Text Input	11	11730622	51949	0
NU2-13	618	Picture	11	11761003	0	1	20166	1	0	next	other	0
NU2-13	620	Picture	35	11796336	0	1	20166	1	0	next	other	0
NU2-13	622	Picture	50	11831668	0	1	39666	1	0	next	other	0
NU2-13	622	Text Input	8	11871260	39592	0
NU2-13	625	Picture	8	11901666	0	1	20166	1	0	next	other	0
NU2-13	627	Picture	27	11936998	0	1	20166	1	0	next	other	0
NU2-13	629	Picture	64	11972331	0	1	20166	1	0	next	other	0
NU2-13	630	Response	0	12215896	223233	1
NU2-13	630	Response	0	12220216	227552	1
NU2-13	631	Response	0	12245336	24845	1
NU2-13	631	Response	100	12246616	26125	1
NU2-13	634	Picture	9	12862139	0	1	20166	1	0	next	other	0
NU2-13	636	Picture	25	12897471	0	1	20166	1	0	next	other	0
NU2-13	638	Picture	40	12932804	0	1	27833	1	0	next	other	0
NU2-13	638	Text Input	11	12960527	27723	0
NU2-13	641	Picture	11	12990969	0	1	20166	1	0	next	other	0
NU2-13	643	Picture	35	13026301	0	1	20166	1	0	next	other	0
NU2-13	645	Picture	74	13061634	0	1	20166	1	0	next	other	0
NU2-13	646	Response	0	13087566	5600	1
NU2-13	646	Response	0	13096045	14079	1
NU2-13	647	Response	0	13117965	21666	1
NU2-13	647	Response	100	13119405	23106	1
NU2-13	649	Picture	11	13134798	0	1	20166	1	0	next	other	0
NU2-13	651	Picture	35	13170130	0	1	20166	1	0	next	other	0
NU2-13	653	Picture	50	13205463	0	1	68165	1	0	next	other	0
NU2-13	653	Text Input	8	13273483	68020	0
NU2-13	653	Response	0	13273483	68020	1
NU2-13	654	Response	100	13274603	976	1
NU2-13	656	Picture	10	13303960	0	1	20166	1	0	next	other	0
NU2-13	658	Picture	37	13339292	0	1	20166	1	0	next	other	0
NU2-13	660	Picture	74	13374625	0	1	20166	1	0	next	other	0
NU2-13	661	Response	0	13473321	78364	1
NU2-13	661	Response	0	13477001	82043	1
NU2-13	662	Response	0	13488521	11232	1
NU2-13	662	Response	100	13489960	12672	1
NU2-13	664	Picture	8	13505454	0	1	20166	1	0	next	other	0
NU2-13	666	Picture	24	13540787	0	1	20166	1	0	next	other	0
NU2-13	668	Picture	40	13576119	0	1	31832	1	0	next	other	0
NU2-13	668	Text Input	10	13607879	31760	0
NU2-13	668	Response	0	13607879	31760	1
NU2-13	669	Response	100	13609159	1208	1
NU2-13	671	Picture	9	13638284	0	1	20166	1	0	next	other	0
NU2-13	673	Picture	36	13673616	0	1	20166	1	0	next	other	0
NU2-13	675	Picture	50	13708949	0	1	60832	1	0	next	other	0
NU2-13	675	Text Input	6	13769638	60689	0
NU2-13	675	Response	0	13769638	60689	1
NU2-13	676	Response	100	13770757	977	1
NU2-13	678	Picture	9	13800113	0	1	20166	1	0	next	other	0
NU2-13	680	Picture	26	13835445	0	1	20166	1	0	next	other	0
NU2-13	682	Picture	63	13870777	0	1	20166	1	0	next	other	0
NU2-13	683	Response	0	13909956	18846	1
NU2-13	683	Response	100	13911076	19965	1
NU2-13	685	Picture	8	13926443	0	1	20166	1	0	next	other	0
NU2-13	687	Picture	24	13961775	0	1	20166	1	0	next	other	0
NU2-13	689	Picture	61	13997107	0	1	20166	1	0	next	other	0
NU2-13	690	Response	0	14022115	4675	1
NU2-13	690	Response	0	14031074	13634	1
NU2-13	691	Response	0	14061314	30041	1
NU2-13	691	Response	0	14062914	31641	1
NU2-13	692	Response	0	14064194	1088	1
NU2-13	692	Response	0	14065154	2048	1
NU2-13	693	Response	0	14076034	10595	1
NU2-13	693	Response	100	14077314	11875	1
NU2-13	695	Picture	10	14092771	0	1	20166	1	0	next	other	0
NU2-13	697	Picture	35	14128104	0	1	20166	1	0	next	other	0
NU2-13	699	Picture	73	14163436	0	1	20166	1	0	next	other	0
NU2-13	700	Response	0	14265952	82183	1
NU2-13	700	Response	0	14271231	87462	1
NU2-13	701	Response	0	14277151	5718	1
NU2-13	701	Response	100	14278591	7158	1
NU2-13	703	Picture	12	14293932	0	1	20166	1	0	next	other	0
NU2-13	705	Picture	34	14329265	0	1	20166	1	0	next	other	0
NU2-13	707	Picture	72	14364597	0	1	20166	1	0	next	other	0
NU2-13	708	Response	0	14388190	3260	1
NU2-13	708	Response	100	14389470	4540	1
NU2-13	710	Picture	9	14404929	0	1	20166	1	0	next	other	0
NU2-13	712	Picture	25	14440262	0	1	20166	1	0	next	other	0
NU2-13	714	Picture	62	14475594	0	1	20166	1	0	next	other	0
NU2-13	715	Response	0	14587068	91141	1
NU2-13	715	Response	0	14589307	93381	1
NU2-13	716	Response	0	14597627	8037	1
NU2-13	716	Response	100	14599227	9637	1
NU2-13	718	Picture	12	14614590	0	1	20166	1	0	next	other	0
NU2-13	720	Picture	35	14649922	0	1	20166	1	0	next	other	0
NU2-13	722	Picture	50	14685255	0	1	31332	1	0	next	other	0
NU2-13	722	Text Input	9	14716506	31251	0
NU2-13	725	Picture	12	14746920	0	1	20166	1	0	next	other	0
NU2-13	727	Picture	37	14782252	0	1	20166	1	0	next	other	0
NU2-13	729	Picture	73	14817584	0	1	20166	1	0	next	other	0
NU2-13	730	Response	0	14990903	152986	1
NU2-13	730	Response	0	14992343	154425	1
NU2-13	731	Response	0	14994902	2323	1
NU2-13	731	Response	0	14995863	3283	1
NU2-13	732	Response	0	15003862	7783	1
NU2-13	732	Response	100	15004822	8743	1
NU2-13	734	Picture	12	15020245	0	1	20166	1	0	next	other	0
NU2-13	736	Picture	25	15055578	0	1	20166	1	0	next	other	0
NU2-13	738	Picture	64	15090910	0	1	20166	1	0	next	other	0
NU2-13	739	Response	0	15121941	10699	1
NU2-13	739	Response	0	15129141	17898	1
NU2-13	740	Response	0	15132181	2772	1
NU2-13	740	Response	0	15134101	4692	1
NU2-13	741	Response	0	15140341	5932	1
NU2-13	741	Response	0	15142420	8012	1
NU2-13	742	Response	0	15154900	12159	1
NU2-13	742	Response	100	15156180	13438	1
NU2-13	744	Picture	11	15171574	0	1	20166	1	0	next	other	0
NU2-13	746	Picture	24	15206907	0	1	20166	1	0	next	other	0
NU2-13	748	Picture	40	15242239	0	1	87331	1	0	next	other	0
NU2-13	748	Text Input		15329459	87220	0
NU2-13	748	Response	0	15329459	87220	1
NU2-13	749	Response	100	15330738	1168	1
NU2-13	751	Picture	12	15359903	0	1	20166	1	0	next	other	0
NU2-13	753	Picture	35	15395235	0	1	20166	1	0	next	other	0
NU2-13	755	Picture	50	15430567	0	1	39666	1	0	next	other	0
NU2-13	755	Text Input	9	15470097	39530	0
NU2-13	755	Response	0	15470097	39530	1
NU2-13	756	Response	100	15470897	664	1
NU2-13	758	Picture	8	15500565	0	1	20166	1	0	next	other	0
NU2-13	760	Picture	34	15535898	0	1	20166	1	0	next	other	0
NU2-13	762	Picture	50	15571230	0	1	67998	1	0	next	other	0
NU2-13	762	Text Input	6	15639055	67825	0
NU2-13	765	Picture	9	15669561	0	1	20166	1	0	next	other	0
NU2-13	767	Picture	35	15704893	0	1	20166	1	0	next	other	0
NU2-13	769	Picture	74	15740225	0	1	20166	1	0	next	other	0
NU2-13	770	Response	0	15764334	3776	1
NU2-13	770	Response	0	15772973	12415	1
NU2-13	771	Response	0	15780653	7429	1
NU2-13	771	Response	100	15781933	8709	1
NU2-13	773	Picture	11	15797390	0	1	20166	1	0	next	other	0
NU2-13	775	Picture	34	15832723	0	1	20166	1	0	next	other	0
NU2-13	777	Picture	72	15868055	0	1	20166	1	0	next	other	0
NU2-13	778	Response	0	15888812	424	1
NU2-13	778	Response	100	15890092	1704	1
NU2-13	780	Picture	10	15905554	0	1	20166	1	0	next	other	0
NU2-13	782	Picture	34	15940886	0	1	20166	1	0	next	other	0
NU2-13	784	Picture	72	15976219	0	1	20166	1	0	next	other	0
NU2-13	785	Response	0	15999371	2820	1
NU2-13	785	Response	100	16000490	3939	1
NU2-13	787	Picture	11	16015884	0	1	20166	1	0	next	other	0
NU2-13	789	Picture	37	16051217	0	1	20166	1	0	next	other	0
NU2-13	791	Picture	75	16086549	0	1	20166	1	0	next	other	0
NU2-13	792	Response	0	16124649	17767	1
NU2-13	792	Response	0	16130089	23207	1
NU2-13	793	Response	0	16170089	39708	1
NU2-13	793	Response	0	16171208	40827	1
NU2-13	794	Response	0	16178569	7189	1
NU2-13	794	Response	100	16179848	8468	1
NU2-13	796	Picture	10	16195212	0	1	20166	1	0	next	other	0
NU2-13	798	Picture	35	16230545	0	1	20166	1	0	next	other	0
NU2-13	800	Picture	50	16265877	0	1	37832	1	0	next	other	0
NU2-13	800	Text Input	7	16303687	37810	0
NU2-13	800	Response	0	16303687	37810	1
NU2-13	801	Response	100	16305287	1577	1
NU2-13	803	Picture	13	16334042	0	1	20166	1	0	next	other	0
NU2-13	805	Picture	27	16369374	0	1	20166	1	0	next	other	0
NU2-13	807	Picture	40	16404707	0	1	54332	1	0	next	other	0
NU2-13	807	Text Input	16	16458885	54178	0
NU2-13	807	Response	0	16458885	54178	1
NU2-13	808	Response	100	16459845	806	1
NU2-13	810	Picture	9	16489371	0	1	20166	1	0	next	other	0
NU2-13	812	Picture	34	16524703	0	1	20166	1	0	next	other	0
NU2-13	814	Picture	50	16560036	0	1	55332	1	0	next	other	0
NU2-13	814	Text Input	7	16615203	55167	0
NU2-13	814	Response	0	16615203	55167	1
NU2-13	815	Response	100	16616483	1115	1
NU2-13	817	Picture	10	16645700	0	1	20166	1	0	next	other	0
NU2-13	819	Picture	27	16681032	0	1	20166	1	0	next	other	0
NU2-13	821	Picture	40	16716365	0	1	112164	1	0	next	other	0
NU2-13	821	Text Input	13	16828480	112116	0
NU2-13	824	Picture	9	16858861	0	1	20166	1	0	next	other	0
NU2-13	826	Picture	24	16894193	0	1	20166	1	0	next	other	0
NU2-13	828	Picture	61	16929525	0	1	20166	1	0	next	other	0
NU2-13	829	Response	0	16955679	5821	1
NU2-13	829	Response	0	16959839	9981	1
NU2-13	830	Response	0	16965599	5574	1
NU2-13	830	Response	0	16967199	7174	1
NU2-13	831	Response	0	16972958	5434	1
NU2-13	831	Response	100	16974239	6714	1
NU2-13	833	Picture	11	16989690	0	1	20166	1	0	next	other	0
NU2-13	835	Picture	27	17025023	0	1	20166	1	0	next	other	0
NU2-13	837	Picture	40	17060355	0	1	36666	1	0	next	other	0
NU2-13	837	Text Input	14	17096957	36602	0
NU2-13	837	Response	0	17096957	36602	1
NU2-13	838	Response	100	17098397	1377	1
NU2-13	840	Picture	9	17127353	0	1	20166	1	0	next	other	0
NU2-13	842	Picture	37	17162685	0	1	20166	1	0	next	other	0
NU2-13	844	Picture	50	17198018	0	1	32999	1	0	next	other	0
NU2-13	844	Text Input	5	17230876	32858	0
NU2-13	844	Response	0	17230876	32858	1
NU2-13	845	Response	100	17232316	1299	1
NU2-13	847	Picture	9	17261349	0	1	20166	1	0	next	other	0
NU2-13	849	Picture	34	17296682	0	1	20166	1	0	next	other	0
NU2-13	851	Picture	73	17332014	0	1	20166	1	0	next	other	0
NU2-13	852	Response	0	17369114	16767	1
NU2-13	852	Response	0	17373754	21407	1
NU2-13	853	Response	0	17375834	1821	1
NU2-13	853	Response	0	17377114	3101	1
NU2-13	854	Response	0	17383194	5848	1
NU2-13	854	Response	100	17384314	6968	1
NU2-13	856	Picture	10	17399679	0	1	20166	1	0	next	other	0
NU2-13	858	Picture	37	17435011	0	1	20166	1	0	next	other	0
NU2-13	860	Picture	73	17470343	0	1	20166	1	0	next	other	0
NU2-13	861	Response	0	17655351	164675	1
NU2-13	861	Response	0	17657430	166754	1
NU2-13	862	Response	0	17663190	5519	1
NU2-13	862	Response	0	17664630	6959	1
NU2-13	863	Response	0	17676950	12112	1
NU2-13	863	Response	100	17678390	13552	1
NU2-13	865	Picture	9	17693837	0	1	20166	1	0	next	other	0
NU2-13	867	Picture	27	17729170	0	1	20166	1	0	next	other	0
NU2-13	869	Picture	40	17764502	0	1	33832	1	0	next	other	0
NU2-13	869	Text Input	12	17798229	33727	0
NU2-13	869	Response	0	17798229	33727	1
NU2-13	870	Response	100	17799349	1015	1
NU2-13	872	Picture	9	17828667	0	1	20166	1	0	next	other	0
NU2-13	874	Picture	35	17863999	0	1	20166	1	0	next	other	0
NU2-13	876	Picture	73	17899331	0	1	20166	1	0	next	other	0
NU2-13	877	Response	0	17974387	54723	1
NU2-13	877	Response	0	17975506	55842	1
NU2-13	878	Response	0	17980626	4797	1
NU2-13	878	Response	0	17984467	8637	1
NU2-13	879	Response	0	17998547	13884	1
NU2-13	879	Response	100	17999666	15004	1
NU2-13	881	Picture	8	18015162	0	1	20166	1	0	next	other	0
NU2-13	883	Picture	34	18050494	0	1	20166	1	0	next	other	0
NU2-13	885	Picture	73	18085826	0	1	20166	1	0	next	other	0
NU2-13	886	Response	0	18109585	3426	1
NU2-13	886	Response	0	18117265	11106	1
NU2-13	887	Response	0	18123665	6173	1
NU2-13	887	Response	0	18124945	7453	1
NU2-13	888	Response	0	18130065	4906	1
NU2-13	888	Response	100	18131505	6346	1
NU2-13	890	Picture	10	18146991	0	1	20166	1	0	next	other	0
NU2-13	892	Picture	24	18182324	0	1	20166	1	0	next	other	0
NU2-13	894	Picture	40	18217656	0	1	59665	1	0	next	other	0
NU2-13	894	Text Input	12	18277263	59607	0
NU2-13	894	Response	0	18277263	59607	1
NU2-13	895	Response	100	18278703	1382	1
NU2-13	897	Picture	8	18307653	0	1	20166	1	0	next	other	0
NU2-13	899	Picture	26	18342986	0	1	20166	1	0	next	other	0
NU2-13	901	Picture	40	18378318	0	1	62665	1	0	next	other	0
NU2-13	901	Text Input	8	18440941	62623	0
NU2-13	901	Response	0	18440941	62623	1
NU2-13	902	Response	100	18442221	1238	1
NU2-13	904	Picture	9	18471315	0	1	20166	1	0	next	other	0
NU2-13	906	Picture	36	18506648	0	1	20166	1	0	next	other	0
NU2-13	908	Picture	75	18541980	0	1	20166	1	0	next	other	0
NU2-13	909	Response	0	18574220	11907	1
NU2-13	909	Response	0	18577899	15587	1
NU2-13	910	Response	0	18582219	4074	1
NU2-13	910	Response	0	18584619	6473	1
NU2-13	911	Response	0	18596939	12127	1
NU2-13	911	Response	100	18598219	13407	1
NU2-13	913	Picture	10	18613645	0	1	20166	1	0	next	other	0
NU2-13	915	Picture	26	18648977	0	1	20166	1	0	next	other	0
NU2-13	917	Picture	40	18684309	0	1	30499	1	0	next	other	0
NU2-13	917	Text Input	13	18714698	30388	0
NU2-13	920	Picture	9	18745141	0	1	20166	1	0	next	other	0
NU2-13	922	Picture	37	18780473	0	1	20166	1	0	next	other	0
NU2-13	924	Picture	71	18815806	0	1	20166	1	0	next	other	0
NU2-13	925	Response	0	18843497	7358	1
NU2-13	925	Response	0	18850216	14077	1
NU2-13	926	Response	0	18855496	5025	1
NU2-13	926	Response	0	18856936	6464	1
NU2-13	927	Response	0	18863016	5878	1
NU2-13	927	Response	0	18864136	6998	1
NU2-13	928	Response	0	18873736	9431	1
NU2-13	928	Response	100	18876136	11831	1
NU2-13	930	Picture	11	18891470	0	1	20166	1	0	next	other	0
NU2-13	932	Picture	35	18926803	0	1	20166	1	0	next	other	0
NU2-13	934	Picture	50	18962135	0	1	40999	1	0	next	other	0
NU2-13	934	Text Input	8	19003014	40879	0
NU2-13	934	Response	0	19003014	40879	1
NU2-13	935	Response	100	19004774	1640	1
NU2-13	937	Picture	9	19033466	0	1	20166	1	0	next	other	0
NU2-13	939	Picture	26	19068799	0	1	20166	1	0	next	other	0
NU2-13	941	Picture	40	19104131	0	1	36666	1	0	next	other	0
NU2-13	941	Text Input	12	19140773	36642	0
NU2-13	941	Response	0	19140773	36642	1
NU2-13	942	Response	100	19142373	1576	1
NU2-13	944	Picture	9	19171129	0	1	20166	1	0	next	other	0
NU2-13	946	Picture	24	19206462	0	1	20166	1	0	next	other	0
NU2-13	948	Picture	40	19241794	0	1	38166	1	0	next	other	0
NU2-13	948	Text Input	11	19279811	38017	0
NU2-13	948	Response	0	19279811	38017	1
NU2-13	949	Response	100	19280931	971	1
NU2-13	951	Picture	10	19310292	0	1	20166	1	0	next	other	0
NU2-13	953	Picture	35	19345624	0	1	20166	1	0	next	other	0
NU2-13	955	Picture	71	19380957	0	1	20166	1	0	next	other	0
NU2-13	956	Response	0	19406530	5240	1
NU2-13	956	Response	0	19415649	14360	1
NU2-13	957	Response	0	19427969	12014	1
NU2-13	957	Response	100	19429409	13453	1
NU2-13	959	Picture	11	19444788	0	1	20166	1	0	next	other	0
NU2-13	961	Picture	25	19480121	0	1	20166	1	0	next	other	0
NU2-13	963	Picture	40	19515453	0	1	33166	1	0	next	other	0
NU2-13	963	Text Input	13	19548608	33155	0
NU2-13	966	Picture	10	19578951	0	1	20166	1	0	next	other	0
NU2-13	968	Picture	25	19614283	0	1	20166	1	0	next	other	0
NU2-13	970	Picture	62	19649616	0	1	20166	1	0	next	other	0
NU2-13	971	Response	0	19692607	22658	1
NU2-13	971	Response	0	19694046	24098	1
NU2-13	972	Response	0	19695006	725	1
NU2-13	972	Response	0	19697566	3285	1
NU2-13	973	Response	0	19705406	7625	1
NU2-13	973	Response	100	19706366	8585	1
NU2-13	975	Picture	12	19721780	0	1	20166	1	0	next	other	0
NU2-13	977	Picture	24	19757113	0	1	20166	1	0	next	other	0
NU2-13	979	Picture	63	19792445	0	1	20166	1	0	next	other	0
NU2-13	980	Response	0	19816125	3347	1
NU2-13	980	Response	0	19822364	9586	1
NU2-13	981	Response	0	19836284	13673	1
NU2-13	981	Response	0	19837564	14953	1
NU2-13	982	Response	0	19838684	907	1
NU2-13	982	Response	0	19839324	1547	1
NU2-13	983	Response	0	19844604	4994	1
NU2-13	983	Response	0	19845404	5794	1
NU2-13	984	Response	0	19850844	5234	1
NU2-13	984	Response	100	19851964	6354	1
NU2-13	986	Picture	8	19867443	0	1	20166	1	0	next	other	0
NU2-13	988	Picture	34	19902775	0	1	20166	1	0	next	other	0
NU2-13	990	Picture	50	19938108	0	1	78498	1	0	next	other	0
NU2-13	990	Text Input	6	20016442	78334	0
NU2-13	990	Response	0	20016442	78334	1
NU2-13	991	Response	100	20017562	956	1
NU2-13	993	Picture	12	20046938	0	1	20166	1	0	next	other	0
NU2-13	995	Picture	37	20082270	0	1	20166	1	0	next	other	0
NU2-13	997	Picture	50	20117603	0	1	83998	1	0	next	other	0
NU2-13	997	Text Input	9	20201560	83957	0
NU2-13	997	Response	0	20201560	83957	1
NU2-13	998	Response	100	20202520	919	1
NU2-13	1000	Picture	9	20231933	0	1	20166	1	0	next	other	0
NU2-13	1002	Picture	35	20267265	0	1	20166	1	0	next	other	0
NU2-13	1004	Picture	50	20302598	0	1	27499	1	0	next	other	0
NU2-13	1004	Text Input	6	20330038	27441	0
NU2-13	1007	Picture	8	20360429	0	1	20166	1	0	next	other	0
NU2-13	1009	Picture	27	20395762	0	1	20166	1	0	next	other	0
NU2-13	1011	Picture	64	20431094	0	1	20166	1	0	next	other	0
NU2-13	1012	Response	0	20553876	102449	1
NU2-13	1012	Response	0	20555156	103729	1
NU2-13	1013	Response	0	20556915	1492	1
NU2-13	1013	Response	0	20557875	2451	1
NU2-13	1014	Response	0	20581075	22985	1
NU2-13	1014	Response	100	20581875	23785	1
NU2-13	1016	Picture	13	20597256	0	1	20166	1	0	next	other	0
NU2-13	1018	Picture	25	20632588	0	1	20166	1	0	next	other	0
NU2-13	1020	Picture	40	20667921	0	1	34832	1	0	next	other	0
NU2-13	1020	Text Input	15	20702674	34753	0
NU2-13	1023	Picture	9	20733086	0	1	20166	1	0	next	other	0
NU2-13	1025	Picture	34	20768418	0	1	20166	1	0	next	other	0
NU2-13	1027	Picture	50	20803750	0	1	50499	1	0	next	other	0
NU2-13	1027	Text Input	7	20854192	50442	0
NU2-13	1027	Response	0	20854192	50442	1
NU2-13	1028	Response	100	20855312	1063	1
NU2-13	1030	Picture	8	20884581	0	1	20166	1	0	next	other	0
NU2-13	1032	Picture	26	20919914	0	1	20166	1	0	next	other	0
NU2-13	1034	Picture	40	20955246	0	1	71665	1	0	next	other	0
NU2-13	1034	Text Input		21026830	71584	0
NU2-13	1034	Response	0	21026830	71584	1
NU2-13	1035	Response	100	21028270	1359	1
NU2-13	1037	Picture	11	21057243	0	1	20166	1	0	next	other	0
NU2-13	1039	Picture	35	21092575	0	1	20166	1	0	next	other	0
NU2-13	1041	Picture	71	21127908	0	1	20166	1	0	next	other	0
NU2-13	1042	Response	0	21154829	6588	1
NU2-13	1042	Response	0	21162028	13788	1
NU2-13	1043	Response	0	21169068	6828	1
NU2-13	1043	Response	100	21170348	8108	1
NU2-13	1045	Picture	9	21185739	0	1	20166	1	0	next	other	0
NU2-13	1047	Picture	26	21221072	0	1	20166	1	0	next	other	0
NU2-13	1049	Picture	40	21256404	0	1	162829	1	0	next	other	0
NU2-13	1049	Text Input	12	21419145	162741	0
NU2-13	1052	Picture	8	21449565	0	1	20166	1	0	next	other	0
NU2-13	1054	Picture	35	21484898	0	1	20166	1	0	next	other	0
NU2-13	1056	Picture	72	21520230	0	1	20166	1	0	next	other	0
NU2-13	1057	Response	0	21570824	30261	1
NU2-13	1057	Response	0	21572103	31540	1
NU2-13	1058	Response	0	21573383	988	1
NU2-13	1058	Response	0	21573863	1468	1
NU2-13	1059	Response	0	21574984	922	1
NU2-13	1059	Response	0	21575463	1401	1
NU2-13	1060	Response	0	21596583	20854	1
NU2-13	1060	Response	100	21597383	21654	1
NU2-13	1062	Picture	9	21612728	0	1	20166	1	0	next	other	0
NU2-13	1064	Picture	27	21648060	0	1	20166	1	0	next	other	0
NU2-13	1066	Picture	40	21683392	0	1	44332	1	0	next	other	0
NU2-13	1066	Text Input	12	21727622	44229	0
NU2-13	1066	Response	0	21727622	44229	1
NU2-13	1067	Response	100	21728582	857	1
NU2-13	1069	Picture	11	21758057	0	1	20166	1	0	next	other	0
NU2-13	1071	Picture	24	21793389	0	1	20166	1	0	next	other	0
NU2-13	1073	Picture	40	21828722	0	1	46165	1	0	next	other	0
NU2-13	1073	Text Input	13	21874820	46098	0
NU2-13	1073	Response	0	21874820	46098	1
NU2-13	1074	Response	100	21875780	893	1
NU2-13	1076	Picture	11	21905219	0	1	20166	1	0	next	other	0
NU2-13	1078	Picture	36	21940552	0	1	20166	1	0	next	other	0
NU2-13	1080	Picture	73	21975884	0	1	20166	1	0	next	other	0
NU2-13	1081	Response	0	22056418	60201	1
NU2-13	1081	Response	100	22058178	61961	1
NU2-13	1083	Picture	10	22073548	0	1	20166	1	0	next	other	0
NU2-13	1085	Picture	34	22108880	0	1	20166	1	0	next	other	0
NU2-13	1087	Picture	50	22144213	0	1	43665	1	0	next	other	0
NU2-13	1087	Text Input	8	22187776	43563	0
NU2-13	1087	Response	0	22187776	43563	1
NU2-13	1088	Response	100	22189376	1498	1
NU2-13	1090	Picture	11	22218211	0	1	20166	1	0	next	other	0
NU2-13	1092	Picture	27	22253543	0	1	20166	1	0	next	other	0
NU2-13	1094	Picture	40	22288875	0	1	62332	1	0	next	other	0
NU2-13	1094	Text Input	14	22351134	62259	0
NU2-13	1094	Response	0	22351134	62259	1
NU2-13	1095	Response	100	22352894	1687	1
NU2-13	1097	Picture	13	22381539	0	1	20166	1	0	next	other	0
NU2-13	1099	Picture	37	22416872	0	1	20166	1	0	next	other	0
NU2-13	1101	Picture	50	22452204	0	1	97664	1	0	next	other	0
NU2-13	1101	Text Input	8	22549852	97648	0
NU2-13	1101	Response	0	22549852	97648	1
NU2-13	1102	Response	100	22550812	944	1
NU2-13	1104	Picture	12	22580201	0	1	20166	1	0	next	other	0
NU2-13	1106	Picture	27	22615533	0	1	20166	1	0	next	other	0
NU2-13	1108	Picture	40	22650865	0	1	37999	1	0	next	other	0
NU2-13	1108	Text Input	15	22688730	37865	0
NU2-13	1108	Response	0	22688730	37865	1
NU2-13	1109	Response	100	22689690	826	1
NU2-13	1111	Picture	10	22719197	0	1	20166	1	0	next	other	0
NU2-13	1113	Picture	27	22754529	0	1	20166	1	0	next	other	0
NU2-13	1115	Picture	61	22789861	0	1	20166	1	0	next	other	0
NU2-13	1116	Response	0	22821369	11175	1
NU2-13	1116	Response	0	22831928	21734	1
NU2-13	1117	Response	0	22840728	8535	1
NU2-13	1117	Response	100	22842168	9975	1
NU2-13	1119	Picture	11	22857526	0	1	20166	1	0	next	other	0
NU2-13	1121	Picture	25	22892858	0	1	20166	1	0	next	other	0
NU2-13	1123	Picture	64	22928191	0	1	20166	1	0	next	other	0
NU2-13	1124	Response	0	22963287	14764	1
NU2-13	1124	Response	0	22973526	25003	1
NU2-13	1125	Response	0	22997846	23990	1
NU2-13	1125	Response	0	22999766	25910	1
NU2-13	1126	Response	0	23001046	1024	1
NU2-13	1126	Response	0	23002166	2144	1
NU2-13	1127	Response	0	23025206	22851	1
NU2-13	1127	Response	100	23026486	24130	1
NU2-13	1129	Picture	10	23041854	0	1	20166	1	0	next	other	0
NU2-13	1131	Picture	34	23077187	0	1	20166	1	0	next	other	0
NU2-13	1133	Picture	50	23112519	0	1	33166	1	0	next	other	0
NU2-13	1133	Text Input	8	23145524	33005	0
NU2-13	1136	Picture	11	23176017	0	1	20166	1	0	next	other	0
NU2-13	1138	Picture	26	23211349	0	1	20166	1	0	next	other	0
NU2-13	1140	Picture	40	23246682	0	1	36332	1	0	next	other	0
NU2-13	1140	Text Input	12	23282963	36281	0
NU2-13	1143	Picture	11	23313347	0	1	20166	1	0	next	other	0
NU2-13	1145	Picture	37	23348679	0	1	20166	1	0	next	other	0
NU2-13	1147	Picture	50	23384011	0	1	28499	1	0	next	other	0
NU2-13	1147	Text Input	7	23412401	28390	0
NU2-13	1150	Picture	8	23442843	0	1	20166	1	0	next	other	0
NU2-13	1152	Picture	24	23478175	0	1	20166	1	0	next	other	0
NU2-13	1154	Picture	61	23513508	0	1	20166	1	0	next	other	0
NU2-13	1155	Response	0	23704718	170878	1
NU2-13	1155	Response	0	23709518	175677	1
NU2-13	1156	Response	0	23721198	11362	1
NU2-13	1156	Response	100	23722637	12802	1
NU2-13	1158	Picture	9	23738001	0	1	20166	1	0	next	other	0
NU2-13	1160	Picture	27	23773334	0	1	20166	1	0	next	other	0
NU2-13	1162	Picture	66	23808666	0	1	20166	1	0	next	other	0
NU2-13	1163	Response	0	23841516	12518	1
NU2-13	1163	Response	0	23847916	18917	1
NU2-13	1164	Response	0	23873996	25831	1
NU2-13	1164	Response	100	23875116	26951	1
NU2-13	1166	Picture	12	23890497	0	1	20166	1	0	next	other	0
NU2-13	1168	Picture	25	23925829	0	1	20166	1	0	next	other	0
NU2-13	1170	Picture	64	23961162	0	1	20166	1	0	next	other	0
NU2-13	1171	Response	0	23994475	12980	1
NU2-13	1171	Response	0	24003914	22419	1
NU2-13	1172	Response	0	24010634	6473	1
NU2-13	1172	Response	100	24012074	7913	1
NU2-13	1174	Picture	12	24027493	0	1	20166	1	0	next	other	0
NU2-13	1176	Picture	34	24062826	0	1	20166	1	0	next	other	0
NU2-13	1178	Picture	50	24098158	0	1	53665	1	0	next	other	0
NU2-13	1178	Text Input		24151753	53595	0
NU2-13	1178	Response	0	24151753	53595	1
NU2-13	1179	Response	100	24153032	1209	1
NU2-13	1181	Picture	13	24182156	0	1	20166	1	0	next	other	0
NU2-13	1183	Picture	25	24217488	0	1	20166	1	0	next	other	0
NU2-13	1185	Picture	40	24252820	0	1	35166	1	0	next	other	0
NU2-13	1185	Text Input	15	24287911	35090	0
NU2-13	1185	Response	0	24287911	35090	1
NU2-13	1186	Response	100	24288871	885	1
NU2-13	1188	Picture	10	24318319	0	1	20166	1	0	next	other	0
NU2-13	1190	Picture	26	24353651	0	1	20166	1	0	next	other	0
NU2-13	1192	Picture	63	24388983	0	1	20166	1	0	next	other	0
NU2-13	1193	Response	0	24422630	13314	1
NU2-13	1193	Response	100	24423589	14273	1
NU2-13	1195	Picture	8	24438982	0	1	20166	1	0	next	other	0
NU2-13	1197	Picture	36	24474314	0	1	20166	1	0	next	other	0
NU2-13	1199	Picture	74	24509647	0	1	20166	1	0	next	other	0
NU2-13	1200	Response	0	24547108	17129	1
NU2-13	1200	Response	0	24553507	23528	1
NU2-13	1201	Response	0	24560708	6896	1
NU2-13	1201	Response	100	24561507	7696	1
NU2-13	1203	Picture	10	24576978	0	1	20166	1	0	next	other	0
NU2-13	1205	Picture	35	24612310	0	1	20166	1	0	next	other	0
NU2-13	1207	Picture	50	24647643	0	1	84998	1	0	next	other	0
NU2-13	1207	Text Input	7	24732545	84903	0
NU2-13	1210	Picture	12	24762973	0	1	20166	1	0	next	other	0
NU2-13	1212	Picture	26	24798305	0	1	20166	1	0	next	other	0
NU2-13	1214	Picture	40	24833637	0	1	33332	1	0	next	other	0
NU2-13	1214	Text Input	15	24866944	33306	0
NU2-13	1214	Response	0	24866944	33306	1
NU2-13	1215	Response	100	24868064	1094	1
NU2-13	1217	Picture	10	24897302	0	1	20166	1	0	next	other	0
NU2-13	1219	Picture	27	24932635	0	1	20166	1	0	next	other	0
NU2-13	1221	Picture	61	24967967	0	1	20166	1	0	next	other	0
NU2-13	1222	Response	0	25021662	33363	1
NU2-13	1222	Response	0	25031422	43122	1
NU2-13	1223	Response	0	25034942	3310	1
NU2-13	1223	Response	100	25035902	4270	1
NU2-13	1225	Picture	9	25051298	0	1	20166	1	0	next	other	0
NU2-13	1227	Picture	37	25086630	0	1	20166	1	0	next	other	0
NU2-13	1229	Picture	50	25121963	0	1	31166	1	0	next	other	0
NU2-13	1229	Text Input	5	25153021	31058	0
NU2-13	1229	Response	0	25153021	31058	1
NU2-13	1230	Response	100	25153820	692	1
NU2-13	1232	Picture	12	25183461	0	1	20166	1	0	next	other	0
NU2-13	1234	Picture	35	25218793	0	1	20166	1	0	next	other	0
NU2-13	1236	Picture	73	25254126	0	1	20166	1	0	next	other	0
NU2-13	1237	Response	0	25311899	37440	1
NU2-13	1237	Response	0	25313979	39520	1
NU2-13	1238	Response	0	25316058	1768	1
NU2-13	1238	Response	0	25317498	3208	1
NU2-13	1239	Response	0	25325818	8028	1
NU2-13	1239	Response	100	25326778	8988	1
NU2-13	1241	Picture	10	25342123	0	1	20166	1	0	next	other	0
NU2-13	1243	Picture	35	25377456	0	1	20166	1	0	next	other	0
NU2-13	1245	Picture	71	25412788	0	1	20166	1	0	next	other	0
NU2-13	1246	Response	0	25441337	8217	1
NU2-13	1246	Response	0	25447417	14296	1
NU2-13	1247	Response	0	25451097	3477	1
NU2-13	1247	Response	0	25452057	4437	1
NU2-13	1248	Response	0	25467257	14970	1
NU2-13	1248	Response	100	25468377	16090	1
NU2-13	1250	Picture	8	25483786	0	1	20166	1	0	next	other	0
NU2-13	1252	Picture	34	25519118	0	1	20166	1	0	next	other	0
NU2-13	1254	Picture	72	25554451	0	1	20166	1	0	next	other	0
NU2-13	1255	Response	0	25577656	2872	1
NU2-13	1255	Response	100	25578935	4152	1
NU2-13	1257	Picture	12	25594283	0	1	20166	1	0	next	other	0
NU2-13	1259	Picture	34	25629615	0	1	20166	1	0	next	other	0
NU2-13	1261	Picture	73	25664947	0	1	20166	1	0	next	other	0
NU2-13	1262	Response	0	25697974	12694	1
NU2-13	1262	Response	0	25704054	18773	1
NU2-13	1263	Response	0	25708694	4414	1
NU2-13	1263	Response	100	25709653	5374	1
NU2-13	1265	Picture	10	25725112	0	1	20166	1	0	next	other	0
NU2-13	1267	Picture	35	25760445	0	1	20166	1	0	next	other	0
NU2-13	1269	Picture	74	25795777	0	1	20166	1	0	next	other	0
NU2-13	1270	Response	0	25830772	14663	1
NU2-13	1270	Response	0	25835732	19622	1
NU2-13	1271	Response	0	25842452	6509	1
NU2-13	1271	Response	100	25843732	7789	1
NU2-13	1273	Picture	11	25859109	0	1	20166	1	0	next	other	0
NU2-13	1275	Picture	36	25894441	0	1	20166	1	0	next	other	0
NU2-13	1277	Picture	74	25929773	0	1	20166	1	0	next	other	0
NU2-13	1278	Response	0	25966131	16025	1
NU2-13	1278	Response	0	25971570	21464	1
NU2-13	1279	Response	0	25976050	4278	1
NU2-13	1279	Response	100	25977170	5398	1
NU2-13	1281	Picture	9	25992605	0	1	20166	1	0	next	other	0
NU2-13	1283	Picture	34	26027937	0	1	20166	1	0	next	other	0
NU2-13	1285	Picture	50	26063270	0	1	29166	1	0	next	other	0
NU2-13	1285	Text Input	7	26092369	29099	0
NU2-13	1285	Response	0	26092369	29099	1
NU2-13	1286	Response	100	26093329	893	1
NU2-13	1288	Picture	9	26122768	0	1	20166	1	0	next	other	0
NU2-13	1290	Picture	35	26158100	0	1	20166	1	0	next	other	0
NU2-13	1292	Picture	50	26193433	0	1	33832	1	0	next	other	0
NU2-13	1292	Text Input	6	26227247	33815	0
NU2-13	1295	Picture	12	26257598	0	1	20166	1	0	next	other	0
NU2-13	1297	Picture	25	26292930	0	1	20166	1	0	next	other	0
NU2-13	1299	Picture	64	26328262	0	1	20166	1	0	next	other	0
NU2-13	1300	Response	0	26378286	29691	1
NU2-13	1300	Response	0	26384525	35930	1
NU2-13	1301	Response	0	26404845	20084	1
NU2-13	1301	Response	100	26406285	21525	1
NU2-13	1303	Picture	12	26421760	0	1	20166	1	0	next	other	0
NU2-13	1305	Picture	26	26457092	0	1	20166	1	0	next	other	0
NU2-13	1307	Picture	62	26492424	0	1	20166	1	0	next	other	0
NU2-13	1308	Response	0	26525804	13047	1
NU2-13	1308	Response	0	26530604	17847	1
NU2-13	1309	Response	0	26547244	16320	1
NU2-13	1309	Response	100	26548524	17600	1
NU2-13	1311	Picture	10	26563922	0	1	20166	1	0	next	other	0
NU2-13	1313	Picture	34	26599255	0	1	20166	1	0	next	other	0
NU2-13	1315	Picture	50	26634587	0	1	61832	1	0	next	other	0
NU2-13	1315	Text Input	11	26696362	61775	0
NU2-13	1318	Picture	11	26726751	0	1	20166	1	0	next	other	0
NU2-13	1320	Picture	25	26762084	0	1	20166	1	0	next	other	0
NU2-13	1322	Picture	64	26797416	0	1	20166	1	0	next	other	0
NU2-13	1323	Response	0	26821801	4052	1
NU2-13	1323	Response	0	26829640	11891	1
NU2-13	1324	Response	0	26866919	37004	1
NU2-13	1324	Response	0	26868040	38125	1
NU2-13	1325	Response	0	26878120	9873	1
NU2-13	1325	Response	100	26879240	10992	1
NU2-13	1327	Picture	8	26894580	0	1	20166	1	0	next	other	0
NU2-13	1329	Picture	36	26929912	0	1	20166	1	0	next	other	0
NU2-13	1331	Picture	50	26965244	0	1	31666	1	0	next	other	0
NU2-13	1331	Text Input	5	26996838	31594	0
NU2-13	1331	Response	0	26996838	31594	1
NU2-13	1332	Response	100	26998278	1368	1
NU2-13	1334	Picture	12	27027243	0	1	20166	1	0	next	other	0
NU2-13	1336	Picture	27	27062575	0	1	20166	1	0	next	other	0
NU2-13	1338	Picture	40	27097907	0	1	42165	1	0	next	other	0
NU2-13	1338	Text Input	10	27140036	42129	0
NU2-13	1338	Response	0	27140036	42129	1
NU2-13	1339	Response	100	27141636	1564	1
NU2-13	1341	Picture	10	27170405	0	1	20166	1	0	next	other	0
NU2-13	1343	Picture	36	27205738	0	1	20166	1	0	next	other	0
NU2-13	1345	Picture	72	27241070	0	1	20166	1	0	next	other	0
NU2-13	1346	Response	0	27309155	47752	1
NU2-13	1346	Response	0	27310914	49511	1
NU2-13	1347	Response	0	27314274	3040	1
NU2-13	1347	Response	0	27315714	4479	1
NU2-13	1348	Response	0	27322754	6853	1
NU2-13	1348	Response	0	27324514	8613	1
NU2-13	1349	Response	0	27339074	14340	1
NU2-13	1349	Response	0	27340994	16260	1
NU2-13	1350	Response	0	27350434	9200	1
NU2-13	1350	Response	0	27351234	10000	1
NU2-13	1351	Response	0	27357634	6067	1
NU2-13	1351	Response	100	27359234	7667	1
NU2-13	1353	Picture	13	27374733	0	1	20166	1	0	next	other	0
NU2-13	1355	Picture	35	27410065	0	1	20166	1	0	next	other	0
NU2-13	1357	Picture	50	27445398	0	1	37832	1	0	next	other	0
NU2-13	1357	Text Input	10	27483072	37675	0
NU2-13	1360	Picture	12	27513562	0	1	20166	1	0	next	other	0
NU2-13	1362	Picture	25	27548895	0	1	20166	1	0	next	other	0
NU2-13	1364	Picture	62	27584227	0	1	20166	1	0	next	other	0
NU2-13	1365	Response	0	27647871	43311	1
NU2-13	1365	Response	0	27649790	45230	1
NU2-13	1366	Response	0	27650910	852	1
NU2-13	1366	Response	0	27651710	1652	1
NU2-13	1367	Response	0	27658430	6538	1
NU2-13	1367	Response	100	27659390	7498	1
NU2-13	1369	Picture	8	27674725	0	1	20166	1	0	next	other	0
NU2-13	1371	Picture	36	27710057	0	1	20166	1	0	next	other	0
NU2-13	1373	Picture	75	27745389	0	1	20166	1	0	next	other	0
NU2-13	1374	Response	0	27775389	9667	1
NU2-13	1374	Response	0	27782589	16867	1
NU2-13	1375	Response	0	27792509	9620	1
NU2-13	1375	Response	100	27793629	10740	1
NU2-13	1377	Picture	11	27809054	0	1	20166	1	0	next	other	0
NU2-13	1379	Picture	27	27844387	0	1	20166	1	0	next	other	0
NU2-13	1381	Picture	61	27879719	0	1	20166	1	0	next	other	0
NU2-13	1382	Response	0	27910908	10856	1
NU2-13	1382	Response	0	27918267	18215	1
NU2-13	1383	Response	0	27923547	4996	1
NU2-13	1383	Response	100	27924667	6116	1
NU2-13	1385	Picture	11	27940051	0	1	20166	1	0	next	other	0
NU2-13	1387	Picture	25	27975383	0	1	20166	1	0	next	other	0
NU2-13	1389	Picture	40	28010715	0	1	39332	1	0	next	other	0
NU2-13	1389	Text Input	13	28049945	39230	0
NU2-13	1389	Response	0	28049945	39230	1
NU2-13	1390	Response	100	28050905	858	1
NU2-13	1392	Picture	11	28080380	0	1	20166	1	0	next	other	0
NU2-13	1394	Picture	26	28115712	0	1	20166	1	0	next	other	0
NU2-13	1396	Picture	40	28151045	0	1	94831	1	0	next	other	0
NU2-13	1396	Response	0	28216504	65459	1
NU2-13	1396	Response	100	28217623	66579	1
NU2-13	1396	Text Input	14	28245783	94739	0
NU2-13	1396	Response	0	28245783	94739	1
NU2-13	1397	Response	100	28246903	1028	1
NU2-13	1399	Picture	8	28276208	0	1	20166	1	0	next	other	0
NU2-13	1401	Picture	27	28311540	0	1	20166	1	0	next	other	0
NU2-13	1403	Picture	63	28346873	0	1	20166	1	0	next	other	0
NU2-13	1404	Response	0	28402262	35056	1
NU2-13	1404	Response	0	28403701	36496	1
NU2-13	1405	Response	0	28405301	1430	1
NU2-13	1405	Response	0	28406421	2550	1
NU2-13	1406	Response	0	28460821	54117	1
NU2-13	1406	Response	100	28462741	56036	1
NU2-13	1409	Picture	8	29078352	0	1	20166	1	0	next	other	0
NU2-13	1411	Picture	34	29113684	0	1	20166	1	0	next	other	0
NU2-13	1413	Picture	50	29149017	0	1	33999	1	0	next	other	0
NU2-13	1413	Text Input	6	29182892	33875	0
NU2-13	1416	Picture	13	29213348	0	1	20166	1	0	next	other	0
NU2-13	1418	Picture	37	29248681	0	1	20166	1	0	next	other	0
NU2-13	1420	Picture	50	29284013	0	1	36332	1	0	next	other	0
NU2-13	1420	Text Input	9	29320170	36157	0
NU2-13	1423	Picture	8	29350678	0	1	20166	1	0	next	other	0
NU2-13	1425	Picture	36	29386010	0	1	20166	1	0	next	other	0
NU2-13	1427	Picture	50	29421342	0	1	39999	1	0	next	other	0
NU2-13	1427	Text Input	5	29461289	39946	0
NU2-13	1430	Picture	13	29491674	0	1	20166	1	0	next	other	0
NU2-13	1432	Picture	27	29527006	0	1	20166	1	0	next	other	0
NU2-13	1434	Picture	40	29562338	0	1	36999	1	0	next	other	0
NU2-13	1434	Text Input	16	29599207	36868	0
NU2-13	1437	Picture	9	29629670	0	1	20166	1	0	next	other	0
NU2-13	1439	Picture	36	29665002	0	1	20166	1	0	next	other	0
NU2-13	1441	Picture	72	29700335	0	1	20166	1	0	next	other	0
NU2-13	1442	Response	0	29789445	68778	1
NU2-13	1442	Response	0	29790565	69897	1
NU2-13	1443	Response	0	29798405	7573	1
NU2-13	1443	Response	0	29799844	9012	1
NU2-13	1444	Response	0	29801284	1119	1
NU2-13	1444	Response	0	29801924	1759	1
NU2-13	1445	Response	0	29803364	1199	1
NU2-13	1445	Response	0	29804324	2159	1
NU2-13	1446	Response	0	29808484	3986	1
NU2-13	1446	Response	0	29809764	5266	1
NU2-13	1447	Response	0	29814724	4726	1
NU2-13	1447	Response	100	29816004	6006	1
NU2-13	1449	Picture	11	29831498	0	1	20166	1	0	next	other	0
NU2-13	1451	Picture	35	29866830	0	1	20166	1	0	next	other	0
NU2-13	1453	Picture	50	29902162	0	1	42332	1	0	next	other	0
NU2-13	1453	Text Input	8	29944483	42321	0
NU2-13	1453	Response	0	29944483	42321	1
NU2-13	1454	Response	100	29945443	948	1
NU2-13	1456	Picture	12	29974827	0	1	20166	1	0	next	other	0
NU2-13	1458	Picture	36	30010159	0	1	20166	1	0	next	other	0
NU2-13	1460	Picture	50	30045492	0	1	53165	1	0	next	other	0
NU2-13	1460	Text Input	9	30098561	53070	0
NU2-13	1460	Response	0	30098561	53070	1
NU2-13	1461	Response	100	30099681	1024	1
NU2-13	1463	Picture	11	30128989	0	1	20166	1	0	next	other	0
NU2-13	1465	Picture	35	30164322	0	1	20166	1	0	next	other	0
NU2-13	1467	Picture	71	30199654	0	1	20166	1	0	next	other	0
NU2-13	1468	Response	0	30235360	15373	1
NU2-13	1468	Response	0	30240319	20332	1
NU2-13	1469	Response	0	30248479	7993	1
NU2-13	1469	Response	100	30249759	9273	1
NU2-13	1471	Picture	10	30265152	0	1	20166	1	0	next	other	0
NU2-13	1473	Picture	24	30300484	0	1	20166	1	0	next	other	0
NU2-13	1475	Picture	40	30335817	0	1	42999	1	0	next	other	0
NU2-13	1475	Text Input	12	30378717	42901	0
NU2-13	1475	Response	0	30378717	42901	1
NU2-13	1476	Response	100	30379838	1022	1
NU2-13	1478	Picture	11	30409148	0	1	20166	1	0	next	other	0
NU2-13	1480	Picture	26	30444480	0	1	20166	1	0	next	other	0
NU2-13	1482	Picture	62	30479813	0	1	20166	1	0	next	other	0
NU2-13	1483	Response	0	30585275	85130	1
NU2-13	1483	Response	0	30586875	86730	1
NU2-13	1484	Response	0	30682074	94931	1
NU2-13	1484	Response	0	30683514	96371	1
NU2-13	1485	Response	0	30687034	3227	1
NU2-13	1485	Response	0	30688314	4507	1
NU2-13	1486	Response	0	30702874	14234	1
NU2-13	1486	Response	0	30703994	15353	1
NU2-13	1487	Response	0	30710553	6247	1
NU2-13	1487	Response	100	30711513	7207	1
NU2-13	1489	Picture	10	30726973	0	1	20166	1	0	next	other	0
NU2-13	1491	Picture	24	30762305	0	1	20166	1	0	next	other	0
NU2-13	1493	Picture	62	30797637	0	1	20166	1	0	next	other	0
NU2-13	1494	Response	0	30821433	3463	1
NU2-13	1494	Response	100	30822552	4582	1
NU2-13	1496	Picture	11	30837969	0	1	20166	1	0	next	other	0
NU2-13	1498	Picture	26	30873302	0	1	20166	1	0	next	other	0
NU2-13	1500	Picture	65	30908634	0	1	20166	1	0	next	other	0
NU2-13	1501	Response	0	30944471	15504	1
NU2-13	1501	Response	0	30953910	24943	1
NU2-13	1502	Response	0	30958550	4418	1
NU2-13	1502	Response	0	30959350	5218	1
NU2-13	1503	Response	0	30965431	5798	1
NU2-13	1503	Response	100	30966710	7078	1
NU2-13	1505	Picture	10	30982132	0	1	20166	1	0	next	other	0
NU2-13	1507	Picture	36	31017464	0	1	20166	1	0	next	other	0
NU2-13	1509	Picture	50	31052797	0	1	34166	1	0	next	other	0
NU2-13	1509	Text Input	7	31086869	34072	0
NU2-13	1509	Response	0	31086869	34072	1
NU2-13	1510	Response	100	31088149	1187	1
NU2-13	1512	Picture	10	31117295	0	1	20166	1	0	next	other	0
NU2-13	1514	Picture	24	31152627	0	1	20166	1	0	next	other	0
NU2-13	1516	Picture	63	31187960	0	1	20166	1	0	next	other	0
NU2-13	1517	Response	0	31239988	31695	1
NU2-13	1517	Response	0	31245427	37135	1
NU2-13	1518	Response	0	31254387	8762	1
NU2-13	1518	Response	100	31255507	9882	1
NU2-13	1520	Picture	9	31270957	0	1	20166	1	0	next	other	0
NU2-13	1522	Picture	34	31306290	0	1	20166	1	0	next	other	0
NU2-13	1524	Picture	50	31341622	0	1	47832	1	0	next	other	0
NU2-13	1524	Text Input	7	31389425	47803	0
NU2-13	1524	Response	0	31389425	47803	1
NU2-13	1525	Response	100	31390385	931	1
NU2-13	1527	Picture	13	31419786	0	1	20166	1	0	next	other	0
NU2-13	1529	Picture	35	31455119	0	1	20166	1	0	next	other	0
NU2-13	1531	Picture	50	31490451	0	1	49332	1	0	next	other	0
NU2-13	1531	Text Input	8	31539664	49212	0
NU2-13	1534	Picture	11	31570116	0	1	20166	1	0	next	other	0
NU2-13	1536	Picture	36	31605448	0	1	20166	1	0	next	other	0
NU2-13	1538	Picture	50	31640780	0	1	34832	1	0	next	other	0
NU2-13	1538	Text Input	8	31675502	34722	0
NU2-13	1541	Picture	8	31705945	0	1	20166	1	0	next	other	0
NU2-13	1543	Picture	24	31741278	0	1	20166	1	0	next	other	0
NU2-13	1545	Picture	62	31776610	0	1	20166	1	0	next	other	0
NU2-13	1546	Response	0	31799981	3038	1
NU2-13	1546	Response	100	31801580	4638	1
NU2-13	1548	Picture	10	31816942	0	1	20166	1	0	next	other	0
NU2-13	1550	Picture	27	31852274	0	1	20166	1	0	next	other	0
NU2-13	1552	Picture	40	31887607	0	1	53665	1	0	next	other	0
NU2-13	1552	Text Input	13	31941099	53492	0
NU2-13	1552	Response	0	31941099	53492	1
NU2-13	1553	Response	100	31942059	787	1
NU2-13	1555	Picture	12	31971604	0	1	20166	1	0	next	other	0
NU2-13	1557	Picture	36	32006937	0	1	20166	1	0	next	other	0
NU2-13	1559	Picture	50	32042269	0	1	35166	1	0	next	other	0
NU2-13	1559	Text Input	9	32077417	35148	0
NU2-13	1559	Response	0	32077417	35148	1
NU2-13	1560	Response	100	32078217	782	1
NU2-13	1562	Picture	9	32107767	0	1	20166	1	0	next	other	0
NU2-13	1564	Picture	36	32143100	0	1	20166	1	0	next	other	0
NU2-13	1566	Picture	50	32178432	0	1	40499	1	0	next	other	0
NU2-13	1566	Text Input	6	32218855	40424	0
NU2-13	1566	Response	0	32218855	40424	1
NU2-13	1567	Response	100	32219975	1045	1
NU2-13	1569	Picture	End of exepriment	32234097	0	1	104500	1	0	next	other	0

The following output port codes were not sent because of a conflict on the port.
Port	Code	Time(ms)
1	0	3.22341e+006
