Scenario - 
Logfile written - 04/01/2016 16:01:01

Subject	Trial	Event Type	Code	Time	TTime	Uncertainty	Duration	Uncertainty	ReqTime	ReqDur	Stim Type	Pair Index

NU2-07	1	Picture	Instructions	150	0	184	114347	184	0	next	other	0
NU2-07	1	Response	0	114331	114181	1
NU2-07	2	Picture	Instructions	114497	0	1	69498	1	0	next	other	0
NU2-07	2	Response	0	183930	69433	1
NU2-07	4	Picture	Experiment starts	183996	0	1	30166	1	0	next	other	0
NU2-07	6	Picture	12	229328	0	1	20166	1	0	next	other	0
NU2-07	8	Picture	27	264661	0	1	20166	1	0	next	other	0
NU2-07	10	Picture	64	299993	0	1	20166	1	0	next	other	0
NU2-07	11	Response	0	327130	6803	1
NU2-07	11	Response	0	328889	8563	1
NU2-07	12	Response	0	330489	1329	1
NU2-07	12	Response	0	330969	1810	1
NU2-07	13	Response	0	333209	2050	1
NU2-07	13	Response	0	337689	6530	1
NU2-07	14	Response	0	353689	15696	1
NU2-07	14	Response	100	354329	16336	1
NU2-07	16	Picture	12	369825	0	1	20166	1	0	next	other	0
NU2-07	18	Picture	26	405158	0	1	20166	1	0	next	other	0
NU2-07	20	Picture	40	440490	0	1	71832	1	0	next	other	0
NU2-07	20	Text Input	15	512248	71757	0
NU2-07	23	Picture	10	542655	0	1	20166	1	0	next	other	0
NU2-07	25	Picture	27	577987	0	1	20166	1	0	next	other	0
NU2-07	27	Picture	40	613320	0	1	57832	1	0	next	other	0
NU2-07	27	Text Input	14	671127	57807	0
NU2-07	30	Picture	8	701485	0	1	20166	1	0	next	other	0
NU2-07	32	Picture	34	736817	0	1	20166	1	0	next	other	0
NU2-07	34	Picture	73	772150	0	1	20166	1	0	next	other	0
NU2-07	35	Response	0	799287	6804	1
NU2-07	35	Response	0	806166	13684	1
NU2-07	36	Response	0	814646	8164	1
NU2-07	36	Response	0	815606	9124	1
NU2-07	37	Response	0	825206	9391	1
NU2-07	37	Response	0	826006	10191	1
NU2-07	38	Response	0	864406	38091	1
NU2-07	38	Response	0	865526	39211	1
NU2-07	39	Response	0	871446	5632	1
NU2-07	39	Response	0	878166	12351	1
NU2-07	40	Response	0	880726	2245	1
NU2-07	40	Response	0	886806	8325	1
NU2-07	41	Response	0	891926	4945	1
NU2-07	41	Response	0	893046	6065	1
NU2-07	42	Response	0	902646	9332	1
NU2-07	42	Response	0	903926	10612	1
NU2-07	43	Response	0	913206	9059	1
NU2-07	43	Response	0	914166	10019	1
NU2-07	44	Response	0	924085	9605	1
NU2-07	44	Response	0	924726	10246	1
NU2-07	45	Response	0	926806	1826	1
NU2-07	45	Response	100	927446	2466	1
NU2-07	47	Picture	12	942813	0	1	20166	1	0	next	other	0
NU2-07	49	Picture	34	978145	0	1	20166	1	0	next	other	0
NU2-07	51	Picture	50	1013478	0	1	33833	1	0	next	other	0
NU2-07	51	Text Input	10	1047285	33807	0
NU2-07	54	Picture	9	1077643	0	1	20166	1	0	next	other	0
NU2-07	56	Picture	37	1112976	0	1	20166	1	0	next	other	0
NU2-07	58	Picture	50	1148308	0	1	73832	1	0	next	other	0
NU2-07	58	Text Input	5	1222004	73696	0
NU2-07	61	Picture	12	1252473	0	1	20166	1	0	next	other	0
NU2-07	63	Picture	25	1287805	0	1	20166	1	0	next	other	0
NU2-07	65	Picture	64	1323138	0	1	20166	1	0	next	other	0
NU2-07	66	Response	0	1359603	16133	1
NU2-07	66	Response	0	1369363	25893	1
NU2-07	67	Response	0	1374163	4526	1
NU2-07	67	Response	0	1375123	5486	1
NU2-07	68	Response	0	1403443	28140	1
NU2-07	68	Response	100	1404083	28779	1
NU2-07	70	Picture	8	1419469	0	1	20166	1	0	next	other	0
NU2-07	72	Picture	25	1454801	0	1	20166	1	0	next	other	0
NU2-07	74	Picture	63	1490134	0	1	20166	1	0	next	other	0
NU2-07	75	Response	0	1514163	3696	1
NU2-07	75	Response	0	1516082	5615	1
NU2-07	76	Response	0	1518642	2342	1
NU2-07	76	Response	0	1520882	4582	1
NU2-07	77	Response	0	1522002	869	1
NU2-07	77	Response	0	1530802	9669	1
NU2-07	78	Response	0	1534162	3029	1
NU2-07	78	Response	0	1535762	4629	1
NU2-07	79	Response	0	1539122	3156	1
NU2-07	79	Response	0	1540082	4116	1
NU2-07	80	Response	0	1576242	35942	1
NU2-07	80	Response	100	1576882	36582	1
NU2-07	82	Picture	11	1592298	0	1	20166	1	0	next	other	0
NU2-07	84	Picture	24	1627631	0	1	20166	1	0	next	other	0
NU2-07	86	Picture	40	1662964	0	1	77832	1	0	next	other	0
NU2-07	86	Text Input	13	1740721	77758	0
NU2-07	89	Picture	9	1771128	0	1	20166	1	0	next	other	0
NU2-07	91	Picture	24	1806460	0	1	20166	1	0	next	other	0
NU2-07	93	Picture	40	1841793	0	1	34666	1	0	next	other	0
NU2-07	93	Text Input	11	1876400	34607	0
NU2-07	96	Picture	10	1906792	0	1	20166	1	0	next	other	0
NU2-07	98	Picture	26	1942124	0	1	20166	1	0	next	other	0
NU2-07	100	Picture	40	1977457	0	1	28666	1	0	next	other	0
NU2-07	100	Text Input	13	2005999	28543	0
NU2-07	103	Picture	9	2036456	0	1	20166	1	0	next	other	0
NU2-07	105	Picture	37	2071788	0	1	20166	1	0	next	other	0
NU2-07	107	Picture	50	2107121	0	1	24833	1	0	next	other	0
NU2-07	107	Text Input	5	2131919	24798	0
NU2-07	110	Picture	9	2162286	0	1	20166	1	0	next	other	0
NU2-07	112	Picture	27	2197619	0	1	20166	1	0	next	other	0
NU2-07	114	Picture	66	2232951	0	1	20166	1	0	next	other	0
NU2-07	115	Response	0	2257678	4394	1
NU2-07	115	Response	0	2264718	11434	1
NU2-07	116	Response	0	2268878	3927	1
NU2-07	116	Response	0	2271918	6967	1
NU2-07	117	Response	0	2288558	16441	1
NU2-07	117	Response	100	2289838	17721	1
NU2-07	119	Picture	11	2305283	0	1	20166	1	0	next	other	0
NU2-07	121	Picture	24	2340616	0	1	20166	1	0	next	other	0
NU2-07	123	Picture	61	2375948	0	1	20166	1	0	next	other	0
NU2-07	124	Response	0	2421837	25556	1
NU2-07	124	Response	0	2425677	29396	1
NU2-07	125	Response	0	2427597	1650	1
NU2-07	125	Response	0	2436397	10450	1
NU2-07	126	Response	0	2440397	3783	1
NU2-07	126	Response	0	2442317	5703	1
NU2-07	127	Response	0	2447917	5304	1
NU2-07	127	Response	0	2449197	6583	1
NU2-07	128	Response	0	2457517	8070	1
NU2-07	128	Response	0	2458477	9030	1
NU2-07	129	Response	0	2464717	5937	1
NU2-07	129	Response	100	2465357	6577	1
NU2-07	131	Picture	13	2480779	0	1	20166	1	0	next	other	0
NU2-07	133	Picture	35	2516112	0	1	20166	1	0	next	other	0
NU2-07	135	Picture	50	2551444	0	1	39499	1	0	next	other	0
NU2-07	135	Text Input	10	2590796	39352	0
NU2-07	138	Picture	9	2621276	0	1	20166	1	0	next	other	0
NU2-07	140	Picture	25	2656609	0	1	20166	1	0	next	other	0
NU2-07	142	Picture	40	2691941	0	1	27499	1	0	next	other	0
NU2-07	142	Text Input	11	2719275	27334	0
NU2-07	145	Picture	10	2749773	0	1	20166	1	0	next	other	0
NU2-07	147	Picture	24	2785106	0	1	20166	1	0	next	other	0
NU2-07	149	Picture	40	2820438	0	1	27666	1	0	next	other	0
NU2-07	149	Text Input	12	2848074	27636	0
NU2-07	152	Picture	13	2878437	0	1	20166	1	0	next	other	0
NU2-07	154	Picture	37	2913770	0	1	20166	1	0	next	other	0
NU2-07	156	Picture	50	2949102	0	1	138164	1	0	next	other	0
NU2-07	156	Text Input	9	3087113	138011	0
NU2-07	159	Picture	11	3117599	0	1	20166	1	0	next	other	0
NU2-07	161	Picture	37	3152931	0	1	20166	1	0	next	other	0
NU2-07	163	Picture	75	3188264	0	1	20166	1	0	next	other	0
NU2-07	164	Response	0	3239593	30996	1
NU2-07	164	Response	0	3243432	34836	1
NU2-07	165	Response	0	3244552	790	1
NU2-07	165	Response	0	3253192	9430	1
NU2-07	166	Response	0	3256712	3283	1
NU2-07	166	Response	0	3257832	4403	1
NU2-07	167	Response	0	3261192	3097	1
NU2-07	167	Response	0	3262152	4057	1
NU2-07	168	Response	0	3271912	9483	1
NU2-07	168	Response	100	3273192	10763	1
NU2-07	170	Picture	8	3288595	0	1	20166	1	0	next	other	0
NU2-07	172	Picture	25	3323927	0	1	20166	1	0	next	other	0
NU2-07	174	Picture	63	3359260	0	1	20166	1	0	next	other	0
NU2-07	175	Response	0	3390472	10879	1
NU2-07	175	Response	0	3396231	16638	1
NU2-07	176	Response	0	3407591	11165	1
NU2-07	176	Response	100	3408391	11965	1
NU2-07	178	Picture	10	3423759	0	1	20166	1	0	next	other	0
NU2-07	180	Picture	34	3459091	0	1	20166	1	0	next	other	0
NU2-07	182	Picture	72	3494424	0	1	20166	1	0	next	other	0
NU2-07	183	Response	0	3546471	31714	1
NU2-07	183	Response	0	3550951	36194	1
NU2-07	184	Response	0	3555910	4655	1
NU2-07	184	Response	0	3557030	5774	1
NU2-07	185	Response	0	3574470	17215	1
NU2-07	185	Response	0	3575430	18174	1
NU2-07	186	Response	0	3580230	4475	1
NU2-07	186	Response	0	3581030	5275	1
NU2-07	187	Response	0	3583910	2655	1
NU2-07	187	Response	100	3584230	2975	1
NU2-07	189	Picture	10	3599588	0	1	20166	1	0	next	other	0
NU2-07	191	Picture	27	3634921	0	1	20166	1	0	next	other	0
NU2-07	193	Picture	40	3670253	0	1	29833	1	0	next	other	0
NU2-07	193	Text Input	13	3699909	29656	0
NU2-07	196	Picture	12	3730419	0	1	20166	1	0	next	other	0
NU2-07	198	Picture	36	3765751	0	1	20166	1	0	next	other	0
NU2-07	200	Picture	74	3801084	0	1	20166	1	0	next	other	0
NU2-07	201	Response	0	3852869	31452	1
NU2-07	201	Response	0	3857829	36412	1
NU2-07	202	Response	0	3886148	28066	1
NU2-07	202	Response	0	3887428	29346	1
NU2-07	203	Response	0	3897188	9440	1
NU2-07	203	Response	100	3898468	10720	1
NU2-07	205	Picture	11	3913915	0	1	20166	1	0	next	other	0
NU2-07	207	Picture	35	3949247	0	1	20166	1	0	next	other	0
NU2-07	209	Picture	50	3984580	0	1	78498	1	0	next	other	0
NU2-07	209	Text Input	9	4062947	78367	0
NU2-07	212	Picture	8	4093411	0	1	20166	1	0	next	other	0
NU2-07	214	Picture	24	4128743	0	1	20166	1	0	next	other	0
NU2-07	216	Picture	62	4164076	0	1	20166	1	0	next	other	0
NU2-07	217	Response	0	4205667	21258	1
NU2-07	217	Response	0	4206787	22378	1
NU2-07	218	Response	0	4230147	23072	1
NU2-07	218	Response	0	4231426	24351	1
NU2-07	219	Response	0	4239426	7685	1
NU2-07	219	Response	100	4240386	8645	1
NU2-07	221	Picture	11	4255740	0	1	20166	1	0	next	other	0
NU2-07	223	Picture	24	4291073	0	1	20166	1	0	next	other	0
NU2-07	225	Picture	62	4326406	0	1	20166	1	0	next	other	0
NU2-07	226	Response	0	4366946	20207	1
NU2-07	226	Response	100	4367906	21167	1
NU2-07	228	Picture	11	4383404	0	1	20166	1	0	next	other	0
NU2-07	230	Picture	35	4418737	0	1	20166	1	0	next	other	0
NU2-07	232	Picture	50	4454070	0	1	47166	1	0	next	other	0
NU2-07	232	Text Input	8	4501185	47115	0
NU2-07	232	Response	0	4501185	47115	1
NU2-07	233	Response	100	4502625	1390	1
NU2-07	235	Picture	12	4531568	0	1	20166	1	0	next	other	0
NU2-07	237	Picture	25	4566900	0	1	20166	1	0	next	other	0
NU2-07	239	Picture	62	4602233	0	1	20166	1	0	next	other	0
NU2-07	240	Response	0	4627265	4699	1
NU2-07	240	Response	0	4628384	5818	1
NU2-07	241	Response	0	4660384	31818	1
NU2-07	241	Response	0	4662464	33898	1
NU2-07	242	Response	0	4668864	6132	1
NU2-07	242	Response	0	4669184	6452	1
NU2-07	243	Response	0	4691744	22346	1
NU2-07	243	Response	100	4692704	23306	1
NU2-07	245	Picture	12	4708064	0	1	20166	1	0	next	other	0
NU2-07	247	Picture	24	4743397	0	1	20166	1	0	next	other	0
NU2-07	249	Picture	40	4778729	0	1	27166	1	0	next	other	0
NU2-07	249	Text Input	14	4805823	27094	0
NU2-07	249	Response	0	4805823	27094	1
NU2-07	250	Response	100	4807103	1208	1
NU2-07	252	Picture	8	4836228	0	1	20166	1	0	next	other	0
NU2-07	254	Picture	37	4871560	0	1	20166	1	0	next	other	0
NU2-07	256	Picture	73	4906893	0	1	20166	1	0	next	other	0
NU2-07	257	Response	0	4953503	26277	1
NU2-07	257	Response	0	4954622	27396	1
NU2-07	258	Response	0	4975102	20210	1
NU2-07	258	Response	100	4976382	21490	1
NU2-07	260	Picture	10	4991724	0	1	20166	1	0	next	other	0
NU2-07	262	Picture	34	5027057	0	1	20166	1	0	next	other	0
NU2-07	264	Picture	71	5062390	0	1	20166	1	0	next	other	0
NU2-07	265	Response	0	5087422	4699	1
NU2-07	265	Response	0	5091101	8379	1
NU2-07	266	Response	0	5098941	7552	1
NU2-07	266	Response	0	5107581	16192	1
NU2-07	267	Response	0	5112061	4173	1
NU2-07	267	Response	0	5113021	5133	1
NU2-07	268	Response	0	5120541	7320	1
NU2-07	268	Response	100	5121981	8759	1
NU2-07	270	Picture	9	5137388	0	1	20166	1	0	next	other	0
NU2-07	272	Picture	36	5172720	0	1	20166	1	0	next	other	0
NU2-07	274	Picture	50	5208053	0	1	26666	1	0	next	other	0
NU2-07	274	Text Input	6	5234620	26567	0
NU2-07	274	Response	0	5234620	26567	1
NU2-07	275	Response	100	5235900	1181	1
NU2-07	277	Picture	8	5265052	0	1	20166	1	0	next	other	0
NU2-07	279	Picture	36	5300384	0	1	20166	1	0	next	other	0
NU2-07	281	Picture	75	5335717	0	1	20166	1	0	next	other	0
NU2-07	282	Response	0	5362460	6411	1
NU2-07	282	Response	0	5367900	11850	1
NU2-07	283	Response	0	5381500	13283	1
NU2-07	283	Response	0	5382300	14083	1
NU2-07	284	Response	0	5386300	3750	1
NU2-07	284	Response	100	5387100	4550	1
NU2-07	286	Picture	11	5402549	0	1	20166	1	0	next	other	0
NU2-07	288	Picture	27	5437881	0	1	20166	1	0	next	other	0
NU2-07	290	Picture	64	5473214	0	1	20166	1	0	next	other	0
NU2-07	291	Response	0	5594139	100592	1
NU2-07	291	Response	0	5595098	101552	1
NU2-07	292	Response	0	5601018	5641	1
NU2-07	292	Response	0	5601338	5960	1
NU2-07	293	Response	0	5614139	12594	1
NU2-07	293	Response	0	5614458	12914	1
NU2-07	294	Response	0	5617978	3267	1
NU2-07	294	Response	100	5618458	3747	1
NU2-07	296	Picture	9	5633877	0	1	20166	1	0	next	other	0
NU2-07	298	Picture	35	5669210	0	1	20166	1	0	next	other	0
NU2-07	300	Picture	50	5704542	0	1	28833	1	0	next	other	0
NU2-07	300	Text Input	6	5733338	28795	0
NU2-07	300	Response	0	5733338	28795	1
NU2-07	301	Response	100	5734138	763	1
NU2-07	303	Picture	11	5763708	0	1	20166	1	0	next	other	0
NU2-07	305	Picture	27	5799040	0	1	20166	1	0	next	other	0
NU2-07	307	Picture	61	5834373	0	1	20166	1	0	next	other	0
NU2-07	308	Response	0	5858297	3592	1
NU2-07	308	Response	0	5865337	10631	1
NU2-07	309	Response	0	5871097	5558	1
NU2-07	309	Response	100	5872377	6838	1
NU2-07	311	Picture	12	5887872	0	1	20166	1	0	next	other	0
NU2-07	313	Picture	35	5923204	0	1	20166	1	0	next	other	0
NU2-07	315	Picture	73	5958537	0	1	20166	1	0	next	other	0
NU2-07	316	Response	0	5992857	13987	1
NU2-07	316	Response	0	5993816	14946	1
NU2-07	317	Response	0	5998296	4260	1
NU2-07	317	Response	0	5999096	5060	1
NU2-07	318	Response	0	6006776	7407	1
NU2-07	318	Response	0	6007096	7727	1
NU2-07	319	Response	0	6039416	32047	1
NU2-07	319	Response	0	6040856	33487	1
NU2-07	320	Response	0	6085816	44781	1
NU2-07	320	Response	0	6086456	45421	1
NU2-07	321	Response	0	6088536	1835	1
NU2-07	321	Response	100	6089816	3115	1
NU2-07	323	Picture	12	6105200	0	1	20166	1	0	next	other	0
NU2-07	325	Picture	35	6140533	0	1	20166	1	0	next	other	0
NU2-07	327	Picture	50	6175865	0	1	51832	1	0	next	other	0
NU2-07	327	Text Input	8	6227575	51709	0
NU2-07	327	Response	0	6227575	51709	1
NU2-07	328	Response	100	6229015	1317	1
NU2-07	330	Picture	11	6258030	0	1	20166	1	0	next	other	0
NU2-07	332	Picture	35	6293363	0	1	20166	1	0	next	other	0
NU2-07	334	Picture	50	6328695	0	1	123831	1	0	next	other	0
NU2-07	334	Text Input	8	6452373	123678	0
NU2-07	334	Response	0	6452373	123678	1
NU2-07	335	Response	100	6453493	968	1
NU2-07	337	Picture	11	6482858	0	1	20164	41	0	next	other	0
NU2-07	339	Picture	34	6518191	0	1	20166	1	0	next	other	0
NU2-07	341	Picture	50	6553524	0	1	57165	1	0	next	other	0
NU2-07	341	Text Input	9	6610613	57089	0
NU2-07	341	Response	0	6610613	57089	1
NU2-07	342	Response	100	6611893	1204	1
NU2-07	344	Picture	10	6641022	0	1	20166	1	0	next	other	0
NU2-07	346	Picture	34	6676354	0	1	20166	1	0	next	other	0
NU2-07	348	Picture	72	6711687	0	1	20166	1	0	next	other	0
NU2-07	349	Response	0	6737812	5792	1
NU2-07	349	Response	0	6741812	9792	1
NU2-07	350	Response	0	6745652	3632	1
NU2-07	350	Response	100	6746932	4912	1
NU2-07	352	Picture	9	6762352	0	1	20166	1	0	next	other	0
NU2-07	354	Picture	25	6797685	0	1	20166	1	0	next	other	0
NU2-07	356	Picture	40	6833018	0	1	32666	1	0	next	other	0
NU2-07	356	Text Input	11	6865651	32633	0
NU2-07	356	Response	0	6865651	32633	1
NU2-07	357	Response	100	6866771	1088	1
NU2-07	359	Picture	11	6896016	0	1	20166	1	0	next	other	0
NU2-07	361	Picture	34	6931349	0	1	20166	1	0	next	other	0
NU2-07	363	Picture	50	6966681	0	1	20666	1	0	next	other	0
NU2-07	363	Text Input		6987250	20569	0
NU2-07	363	Response	0	6987250	20569	1
NU2-07	364	Response	100	6987890	543	1
NU2-07	366	Picture	12	7017680	0	1	20166	1	0	next	other	0
NU2-07	368	Picture	35	7053013	0	1	20166	1	0	next	other	0
NU2-07	370	Picture	50	7088345	0	1	26166	1	0	next	other	0
NU2-07	370	Text Input	8	7114450	26104	0
NU2-07	370	Response	0	7114450	26104	1
NU2-07	371	Response	100	7115410	898	1
NU2-07	373	Picture	9	7144844	0	1	20166	1	0	next	other	0
NU2-07	375	Picture	24	7180177	0	1	20166	1	0	next	other	0
NU2-07	377	Picture	61	7215509	0	1	20166	1	0	next	other	0
NU2-07	378	Response	0	7292049	56207	1
NU2-07	378	Response	0	7293169	57327	1
NU2-07	379	Response	0	7312529	19188	1
NU2-07	379	Response	100	7313488	20148	1
NU2-07	381	Picture	8	7328840	0	1	20166	1	0	next	other	0
NU2-07	383	Picture	34	7364173	0	1	20166	1	0	next	other	0
NU2-07	385	Picture	72	7399505	0	1	20166	1	0	next	other	0
NU2-07	386	Response	0	7428368	8530	1
NU2-07	386	Response	0	7429648	9810	1
NU2-07	387	Response	0	7441168	11330	1
NU2-07	387	Response	100	7441968	12130	1
NU2-07	389	Picture	10	7457337	0	1	20166	1	0	next	other	0
NU2-07	391	Picture	37	7492670	0	1	20166	1	0	next	other	0
NU2-07	393	Picture	76	7528002	0	1	20166	1	0	next	other	0
NU2-07	394	Response	0	7563247	14912	1
NU2-07	394	Response	0	7567567	19232	1
NU2-07	395	Response	0	7571247	3412	1
NU2-07	395	Response	0	7573967	6132	1
NU2-07	396	Response	0	7576527	2359	1
NU2-07	396	Response	100	7577487	3319	1
NU2-07	398	Picture	12	7592834	0	1	20166	1	0	next	other	0
NU2-07	400	Picture	37	7628167	0	1	20166	1	0	next	other	0
NU2-07	402	Picture	50	7663499	0	1	65332	1	0	next	other	0
NU2-07	402	Text Input	8	7728686	65187	0
NU2-07	402	Response	0	7728686	65187	1
NU2-07	403	Response	100	7729646	815	1
NU2-07	405	Picture	12	7759164	0	1	20166	1	0	next	other	0
NU2-07	407	Picture	35	7794496	0	1	20166	1	0	next	other	0
NU2-07	409	Picture	50	7829829	0	1	61999	1	0	next	other	0
NU2-07	409	Text Input	8	7891725	61896	0
NU2-07	409	Response	0	7891725	61896	1
NU2-07	410	Response	100	7892685	857	1
NU2-07	412	Picture	11	7922160	0	1	20166	1	0	next	other	0
NU2-07	414	Picture	34	7957493	0	1	20166	1	0	next	other	0
NU2-07	416	Picture	50	7992825	0	1	36324	13	0	next	other	0
NU2-07	416	Text Input	9	8029004	36179	0
NU2-07	416	Response	0	8029004	36179	1
NU2-07	417	Response	100	8030124	975	1
NU2-07	419	Picture	12	8059491	0	1	20166	1	0	next	other	0
NU2-07	421	Picture	27	8094823	0	1	20166	1	0	next	other	0
NU2-07	423	Picture	64	8130156	0	1	20166	1	0	next	other	0
NU2-07	424	Response	0	8155724	5235	1
NU2-07	424	Response	0	8160044	9555	1
NU2-07	425	Response	0	8162763	2441	1
NU2-07	425	Response	100	8164043	3722	1
NU2-07	427	Picture	10	8179488	0	1	20166	1	0	next	other	0
NU2-07	429	Picture	36	8214821	0	1	20166	1	0	next	other	0
NU2-07	431	Picture	50	8250153	0	1	107831	1	0	next	other	0
NU2-07	431	Text Input	7	8357962	107809	0
NU2-07	431	Response	0	8357962	107809	1
NU2-07	432	Response	100	8359242	1258	1
NU2-07	434	Picture	8	8388317	0	1	20166	1	0	next	other	0
NU2-07	436	Picture	27	8423649	0	1	20166	1	0	next	other	0
NU2-07	438	Picture	65	8458982	0	1	20166	1	0	next	other	0
NU2-07	439	Response	0	8483242	3928	1
NU2-07	439	Response	0	8487402	8087	1
NU2-07	440	Response	0	8490922	3274	1
NU2-07	440	Response	100	8492362	4714	1
NU2-07	442	Picture	9	8507814	0	1	20166	1	0	next	other	0
NU2-07	444	Picture	36	8543147	0	1	20166	1	0	next	other	0
NU2-07	446	Picture	50	8578479	0	1	25498	4	0	next	other	0
NU2-07	446	Text Input	6	8603881	25402	0
NU2-07	446	Response	0	8603881	25402	1
NU2-07	447	Response	100	8605001	1024	1
NU2-07	449	Picture	9	8634311	0	1	20166	1	0	next	other	0
NU2-07	451	Picture	27	8669644	0	1	20166	1	0	next	other	0
NU2-07	453	Picture	40	8704976	0	1	45166	1	0	next	other	0
NU2-07	453	Text Input	12	8750120	45143	0
NU2-07	453	Response	0	8750120	45143	1
NU2-07	454	Response	100	8750920	778	1
NU2-07	456	Picture	10	8780475	0	1	20166	1	0	next	other	0
NU2-07	458	Picture	25	8815807	0	1	20166	1	0	next	other	0
NU2-07	460	Picture	40	8851140	0	1	44832	1	0	next	other	0
NU2-07	460	Text Input	12	8895879	44739	0
NU2-07	460	Response	0	8895879	44739	1
NU2-07	461	Response	100	8897319	1347	1
NU2-07	463	Picture	10	8926305	0	1	20166	1	0	next	other	0
NU2-07	465	Picture	25	8961638	0	1	20166	1	0	next	other	0
NU2-07	467	Picture	61	8996970	0	1	20166	1	0	next	other	0
NU2-07	468	Response	0	9020359	3056	1
NU2-07	468	Response	0	9028518	11215	1
NU2-07	469	Response	0	9031719	2916	1
NU2-07	469	Response	0	9036838	8036	1
NU2-07	470	Response	0	9037958	823	1
NU2-07	470	Response	0	9043398	6263	1
NU2-07	471	Response	0	9056038	12403	1
NU2-07	471	Response	100	9057478	13843	1
NU2-07	473	Picture	10	9072968	0	1	20166	1	0	next	other	0
NU2-07	475	Picture	25	9108301	0	1	20166	1	0	next	other	0
NU2-07	477	Picture	63	9143633	0	1	20166	1	0	next	other	0
NU2-07	478	Response	0	9172678	8712	1
NU2-07	478	Response	100	9173958	9991	1
NU2-07	480	Picture	12	9189299	0	1	20166	1	0	next	other	0
NU2-07	482	Picture	27	9224632	0	1	20166	1	0	next	other	0
NU2-07	484	Picture	40	9259964	0	1	28666	1	0	next	other	0
NU2-07	484	Text Input	15	9288517	28553	0
NU2-07	484	Response	0	9288517	28553	1
NU2-07	485	Response	100	9289957	1327	1
NU2-07	487	Picture	10	9318963	0	1	20166	1	0	next	other	0
NU2-07	489	Picture	35	9354296	0	1	20166	1	0	next	other	0
NU2-07	491	Picture	50	9389628	0	1	80998	1	0	next	other	0
NU2-07	491	Text Input	7	9470596	80968	0
NU2-07	491	Response	0	9470596	80968	1
NU2-07	492	Response	100	9471396	770	1
NU2-07	494	Picture	8	9500959	0	1	20166	1	0	next	other	0
NU2-07	496	Picture	34	9536292	0	1	20166	1	0	next	other	0
NU2-07	498	Picture	73	9571624	0	1	20166	1	0	next	other	0
NU2-07	499	Response	0	9604676	12719	1
NU2-07	499	Response	0	9609635	17678	1
NU2-07	500	Response	0	9613315	3359	1
NU2-07	500	Response	100	9614275	4318	1
NU2-07	502	Picture	11	9629623	0	1	20166	1	0	next	other	0
NU2-07	504	Picture	26	9664955	0	1	20166	1	0	next	other	0
NU2-07	506	Picture	40	9700288	0	1	53499	1	0	next	other	0
NU2-07	506	Text Input	14	9753634	53346	0
NU2-07	506	Response	0	9753634	53346	1
NU2-07	507	Response	100	9754914	1127	1
NU2-07	509	Picture	10	9784119	0	1	20166	1	0	next	other	0
NU2-07	511	Picture	37	9819452	0	1	20166	1	0	next	other	0
NU2-07	513	Picture	73	9854785	0	1	20166	1	0	next	other	0
NU2-07	514	Response	0	9926594	51476	1
NU2-07	514	Response	0	9930113	54996	1
NU2-07	515	Response	0	9934913	4630	1
NU2-07	515	Response	100	9936033	5750	1
NU2-07	517	Picture	11	9951449	0	1	20166	1	0	next	other	0
NU2-07	519	Picture	36	9986782	0	1	20166	1	0	next	other	0
NU2-07	521	Picture	72	10022114	0	1	20166	1	0	next	other	0
NU2-07	522	Response	0	10045633	3186	1
NU2-07	522	Response	0	10048993	6545	1
NU2-07	523	Response	0	10053472	4192	1
NU2-07	523	Response	100	10054272	4992	1
NU2-07	525	Picture	10	10069613	0	1	20166	1	0	next	other	0
NU2-07	527	Picture	26	10104946	0	1	20166	1	0	next	other	0
NU2-07	529	Picture	65	10140278	0	1	20166	1	0	next	other	0
NU2-07	530	Response	0	10163552	2941	1
NU2-07	530	Response	0	10172512	11900	1
NU2-07	531	Response	0	10177952	5174	1
NU2-07	531	Response	100	10179552	6774	1
NU2-07	533	Picture	11	10194944	0	1	20166	1	0	next	other	0
NU2-07	535	Picture	34	10230276	0	1	20166	1	0	next	other	0
NU2-07	537	Picture	72	10265609	0	1	20166	1	0	next	other	0
NU2-07	538	Response	0	10297791	11850	1
NU2-07	538	Response	100	10299231	13289	1
NU2-07	540	Picture	11	10314608	0	1	20166	1	0	next	other	0
NU2-07	542	Picture	24	10349940	0	1	20166	1	0	next	other	0
NU2-07	544	Picture	40	10385273	0	1	29166	1	0	next	other	0
NU2-07	544	Text Input	13	10414270	28997	0
NU2-07	544	Response	0	10414270	28997	1
NU2-07	545	Response	100	10415550	1111	1
NU2-07	547	Picture	12	10444772	0	1	20166	1	0	next	other	0
NU2-07	549	Picture	25	10480104	0	1	20166	1	0	next	other	0
NU2-07	551	Picture	40	10515437	0	1	41832	1	0	next	other	0
NU2-07	551	Text Input	14	10557149	41713	0
NU2-07	551	Response	0	10557149	41713	1
NU2-07	552	Response	100	10558589	1320	1
NU2-07	554	Picture	10	10587602	0	1	20166	1	0	next	other	0
NU2-07	556	Picture	26	10622934	0	1	20166	1	0	next	other	0
NU2-07	558	Picture	40	10658267	0	1	32833	1	0	next	other	0
NU2-07	558	Text Input	13	10691069	32802	0
NU2-07	558	Response	0	10691069	32802	1
NU2-07	559	Response	100	10692189	1089	1
NU2-07	561	Picture	11	10721432	0	1	20166	1	0	next	other	0
NU2-07	563	Picture	24	10756765	0	1	20166	1	0	next	other	0
NU2-07	565	Picture	40	10792097	0	1	42999	1	0	next	other	0
NU2-07	565	Text Input	13	10835068	42971	0
NU2-07	565	Response	0	10835068	42971	1
NU2-07	566	Response	100	10836508	1411	1
NU2-07	568	Picture	10	10865429	0	1	20166	1	0	next	other	0
NU2-07	570	Picture	37	10900762	0	1	20166	1	0	next	other	0
NU2-07	572	Picture	50	10936094	0	1	24833	1	0	next	other	0
NU2-07	572	Text Input	6	10960827	24733	0
NU2-07	572	Response	0	10960827	24733	1
NU2-07	573	Response	100	10962107	1180	1
NU2-07	575	Picture	10	10991260	0	1	20166	1	0	next	other	0
NU2-07	577	Picture	34	11026592	0	1	20166	1	0	next	other	0
NU2-07	579	Picture	71	11061925	0	1	20166	1	0	next	other	0
NU2-07	580	Response	0	11086427	4169	1
NU2-07	580	Response	0	11091706	9449	1
NU2-07	581	Response	0	11103546	11622	1
NU2-07	581	Response	100	11104826	12902	1
NU2-07	583	Picture	12	11120257	0	1	20166	1	0	next	other	0
NU2-07	585	Picture	36	11155589	0	1	20166	1	0	next	other	0
NU2-07	587	Picture	50	11190922	0	1	26333	1	0	next	other	0
NU2-07	587	Text Input	8	11217146	26224	0
NU2-07	587	Response	0	11217146	26224	1
NU2-07	588	Response	100	11218266	1011	1
NU2-07	590	Picture	9	11247587	0	1	20166	1	0	next	other	0
NU2-07	592	Picture	26	11282920	0	1	20166	1	0	next	other	0
NU2-07	594	Picture	40	11318253	0	1	49332	1	0	next	other	0
NU2-07	594	Text Input	12	11367545	49292	0
NU2-07	594	Response	0	11367545	49292	1
NU2-07	595	Response	100	11368985	1400	1
NU2-07	597	Picture	8	11397917	0	1	20166	1	0	next	other	0
NU2-07	599	Picture	37	11433250	0	1	20166	1	0	next	other	0
NU2-07	601	Picture	72	11468583	0	1	20166	1	0	next	other	0
NU2-07	602	Response	0	11491705	2789	1
NU2-07	602	Response	0	11496344	7429	1
NU2-07	603	Response	0	11500024	3442	1
NU2-07	603	Response	0	11501304	4722	1
NU2-07	604	Response	0	11505144	3562	1
NU2-07	604	Response	100	11506584	5002	1
NU2-07	606	Picture	12	11522081	0	1	20166	1	0	next	other	0
NU2-07	608	Picture	34	11557414	0	1	20166	1	0	next	other	0
NU2-07	610	Picture	73	11592746	0	1	20166	1	0	next	other	0
NU2-07	611	Response	0	11616824	3745	1
NU2-07	611	Response	0	11617943	4864	1
NU2-07	612	Response	0	11620503	2257	1
NU2-07	612	Response	0	11624983	6737	1
NU2-07	613	Response	0	11628503	3258	1
NU2-07	613	Response	0	11629463	4218	1
NU2-07	614	Response	0	11633144	3398	1
NU2-07	614	Response	0	11637944	8198	1
NU2-07	615	Response	0	11641623	3378	1
NU2-07	615	Response	0	11643543	5298	1
NU2-07	616	Response	0	11650583	6838	1
NU2-07	616	Response	100	11650903	7158	1
NU2-07	618	Picture	8	11666245	0	1	20166	1	0	next	other	0
NU2-07	620	Picture	26	11701577	0	1	20166	1	0	next	other	0
NU2-07	622	Picture	65	11736910	0	1	20166	1	0	next	other	0
NU2-07	623	Response	0	11759543	2300	1
NU2-07	623	Response	0	11767223	9980	1
NU2-07	624	Response	0	11769623	2213	1
NU2-07	624	Response	100	11770743	3333	1
NU2-07	626	Picture	12	11786076	0	1	20166	1	0	next	other	0
NU2-07	628	Picture	37	11821408	0	1	20166	1	0	next	other	0
NU2-07	630	Picture	73	11856741	0	1	20166	1	0	next	other	0
NU2-07	631	Response	0	11879862	2789	1
NU2-07	631	Response	0	11883862	6789	1
NU2-07	632	Response	0	11887702	3629	1
NU2-07	632	Response	100	11889302	5228	1
NU2-07	634	Picture	12	11904740	0	1	20166	1	0	next	other	0
NU2-07	636	Picture	35	11940072	0	1	20166	1	0	next	other	0
NU2-07	638	Picture	71	11975405	0	1	20166	1	0	next	other	0
NU2-07	639	Response	0	11998902	3164	1
NU2-07	639	Response	0	12006101	10364	1
NU2-07	640	Response	0	12009461	3057	1
NU2-07	640	Response	100	12010901	4497	1
NU2-07	641	Response	0	12190261	179190	1
NU2-07	641	Response	100	12192020	180949	1
NU2-07	643	Picture	10	12626390	0	1	20166	1	0	next	other	0
NU2-07	645	Picture	24	12661723	0	1	20166	1	0	next	other	0
NU2-07	647	Picture	63	12697056	0	1	20166	1	0	next	other	0
NU2-07	648	Response	0	12720498	3109	1
NU2-07	648	Response	0	12725137	7749	1
NU2-07	649	Response	0	12730897	5509	1
NU2-07	649	Response	100	12732017	6629	1
NU2-07	651	Picture	9	12747388	0	1	20166	1	0	next	other	0
NU2-07	653	Picture	27	12782720	0	1	20166	1	0	next	other	0
NU2-07	655	Picture	40	12818053	0	1	31999	1	0	next	other	0
NU2-07	655	Text Input	12	12849936	31883	0
NU2-07	658	Picture	13	12880385	0	1	20166	1	0	next	other	0
NU2-07	660	Picture	27	12915717	0	1	20166	1	0	next	other	0
NU2-07	662	Picture	40	12951050	0	1	64499	1	0	next	other	0
NU2-07	662	Text Input	16	13015535	64485	0
NU2-07	665	Picture	10	13045881	0	1	20166	1	0	next	other	0
NU2-07	667	Picture	25	13081214	0	1	20166	1	0	next	other	0
NU2-07	669	Picture	64	13116546	0	1	20166	1	0	next	other	0
NU2-07	670	Response	0	13139215	2336	1
NU2-07	670	Response	0	13144494	7615	1
NU2-07	671	Response	0	13157294	12582	1
NU2-07	671	Response	100	13158254	13542	1
NU2-07	673	Picture	12	13173712	0	1	20166	1	0	next	other	0
NU2-07	675	Picture	37	13209044	0	1	20166	1	0	next	other	0
NU2-07	677	Picture	50	13244377	0	1	32166	1	0	next	other	0
NU2-07	677	Text Input	8	13276494	32117	0
NU2-07	680	Picture	9	13306875	0	1	20166	1	0	next	other	0
NU2-07	682	Picture	25	13342208	0	1	20166	1	0	next	other	0
NU2-07	684	Picture	40	13377541	0	1	32999	1	0	next	other	0
NU2-07	684	Text Input	11	13410413	32872	0
NU2-07	684	Response	0	13410413	32872	1
NU2-07	685	Response	100	13411373	833	1
NU2-07	687	Picture	9	13440873	0	1	20166	1	0	next	other	0
NU2-07	689	Picture	34	13476205	0	1	20166	1	0	next	other	0
NU2-07	691	Picture	73	13511538	0	1	20166	1	0	next	other	0
NU2-07	692	Response	0	13541133	9262	1
NU2-07	692	Response	0	13546412	14542	1
NU2-07	693	Response	0	13552172	5469	1
NU2-07	693	Response	100	13553452	6749	1
NU2-07	695	Picture	9	13568870	0	1	20166	1	0	next	other	0
NU2-07	697	Picture	35	13604202	0	1	20166	1	0	next	other	0
NU2-07	699	Picture	50	13639535	0	1	37832	1	0	next	other	0
NU2-07	699	Text Input	6	13677291	37756	0
NU2-07	699	Response	0	13677291	37756	1
NU2-07	700	Response	100	13678571	1204	1
NU2-07	702	Picture	8	13707700	0	1	20166	1	0	next	other	0
NU2-07	704	Picture	36	13743033	0	1	20166	1	0	next	other	0
NU2-07	706	Picture	74	13778365	0	1	20166	1	0	next	other	0
NU2-07	707	Response	0	13837291	38593	1
NU2-07	707	Response	0	13840651	41953	1
NU2-07	708	Response	0	13882411	41547	1
NU2-07	708	Response	100	13883690	42826	1
NU2-07	710	Picture	11	13899029	0	1	20166	1	0	next	other	0
NU2-07	712	Picture	37	13934362	0	1	20166	1	0	next	other	0
NU2-07	714	Picture	73	13969694	0	1	20166	1	0	next	other	0
NU2-07	715	Response	0	14016810	26783	1
NU2-07	715	Response	0	14018730	28702	1
NU2-07	716	Response	0	14031370	12344	1
NU2-07	716	Response	0	14032969	13943	1
NU2-07	717	Response	0	14049769	16577	1
NU2-07	717	Response	0	14051369	18176	1
NU2-07	718	Response	0	14056009	4317	1
NU2-07	718	Response	0	14056649	4957	1
NU2-07	719	Response	0	14060489	3630	1
NU2-07	719	Response	100	14061609	4750	1
NU2-07	721	Picture	10	14077025	0	1	20166	1	0	next	other	0
NU2-07	723	Picture	36	14112358	0	1	20166	1	0	next	other	0
NU2-07	725	Picture	50	14147690	0	1	53332	1	0	next	other	0
NU2-07	725	Text Input	7	14200968	53278	0
NU2-07	725	Response	0	14200968	53278	1
NU2-07	726	Response	100	14201768	746	1
NU2-07	728	Picture	12	14231355	0	1	20166	1	0	next	other	0
NU2-07	730	Picture	24	14266688	0	1	20166	1	0	next	other	0
NU2-07	732	Picture	62	14302020	0	1	20166	1	0	next	other	0
NU2-07	733	Response	0	14324968	2615	1
NU2-07	733	Response	100	14326088	3734	1
NU2-07	735	Picture	8	14341519	0	1	20166	1	0	next	other	0
NU2-07	737	Picture	35	14376852	0	1	20166	1	0	next	other	0
NU2-07	739	Picture	72	14412185	0	1	20166	1	0	next	other	0
NU2-07	740	Response	0	14503207	70690	1
NU2-07	740	Response	0	14504967	72449	1
NU2-07	741	Response	0	14510727	5544	1
NU2-07	741	Response	100	14511847	6664	1
NU2-07	743	Picture	11	14527182	0	1	20166	1	0	next	other	0
NU2-07	745	Picture	26	14562515	0	1	20166	1	0	next	other	0
NU2-07	747	Picture	40	14597847	0	1	90498	1	0	next	other	0
NU2-07	747	Text Input	14	14688326	90478	0
NU2-07	747	Response	0	14688326	90478	1
NU2-07	748	Response	100	14689286	940	1
NU2-07	750	Picture	12	14718678	0	1	20166	1	0	next	other	0
NU2-07	752	Picture	36	14754010	0	1	20166	1	0	next	other	0
NU2-07	754	Picture	50	14789343	0	1	124164	1	0	next	other	0
NU2-07	754	Text Input	9	14913445	124102	0
NU2-07	754	Response	0	14913445	124102	1
NU2-07	755	Response	100	14915044	1537	1
NU2-07	757	Picture	10	14943840	0	1	20166	1	0	next	other	0
NU2-07	759	Picture	25	14979172	0	1	20166	1	0	next	other	0
NU2-07	761	Picture	40	15014505	0	1	43499	1	0	next	other	0
NU2-07	761	Text Input	12	15057923	43419	0
NU2-07	761	Response	0	15057923	43419	1
NU2-07	762	Response	100	15059203	1200	1
NU2-07	764	Picture	11	15088336	0	1	20166	1	0	next	other	0
NU2-07	766	Picture	25	15123669	0	1	20166	1	0	next	other	0
NU2-07	768	Picture	64	15159002	0	1	20166	1	0	next	other	0
NU2-07	769	Response	0	15182723	3389	1
NU2-07	769	Response	0	15188963	9628	1
NU2-07	770	Response	0	15193443	4275	1
NU2-07	770	Response	100	15194563	5395	1
NU2-07	772	Picture	9	15210000	0	1	20166	1	0	next	other	0
NU2-07	774	Picture	26	15245333	0	1	20166	1	0	next	other	0
NU2-07	776	Picture	63	15280666	0	1	20166	1	0	next	other	0
NU2-07	777	Response	0	15307522	6524	1
NU2-07	777	Response	0	15309282	8284	1
NU2-07	778	Response	0	15313922	4424	1
NU2-07	778	Response	0	15315202	5704	1
NU2-07	779	Response	0	15319362	3864	1
NU2-07	779	Response	0	15320802	5304	1
NU2-07	780	Response	0	15337442	16444	1
NU2-07	780	Response	0	15340482	19484	1
NU2-07	781	Response	0	15344322	3657	1
NU2-07	781	Response	0	15346562	5897	1
NU2-07	782	Response	0	15352162	5331	1
NU2-07	782	Response	0	15352962	6131	1
NU2-07	783	Response	0	15358722	5558	1
NU2-07	783	Response	0	15360321	7158	1
NU2-07	784	Response	0	15376482	15984	1
NU2-07	784	Response	0	15377601	17104	1
NU2-07	785	Response	0	15411842	34012	1
NU2-07	785	Response	0	15413281	35451	1
NU2-07	786	Response	0	15421761	8265	1
NU2-07	786	Response	100	15423041	9545	1
NU2-07	788	Picture	11	15438495	0	1	20166	1	0	next	other	0
NU2-07	790	Picture	27	15473828	0	1	20166	1	0	next	other	0
NU2-07	792	Picture	40	15509161	0	1	50832	1	0	next	other	0
NU2-07	792	Text Input	14	15559840	50680	0
NU2-07	792	Response	0	15559840	50680	1
NU2-07	793	Response	100	15561121	1128	1
NU2-07	795	Picture	13	15590325	0	1	20166	1	0	next	other	0
NU2-07	797	Picture	35	15625658	0	1	20166	1	0	next	other	0
NU2-07	799	Picture	50	15660991	0	1	35666	1	0	next	other	0
NU2-07	799	Text Input	10	15696640	35649	0
NU2-07	799	Response	0	15696640	35649	1
NU2-07	800	Response	100	15698080	1423	1
NU2-07	802	Picture	12	15726989	0	1	20166	1	0	next	other	0
NU2-07	804	Picture	36	15762322	0	1	20166	1	0	next	other	0
NU2-07	806	Picture	50	15797654	0	1	48499	1	0	next	other	0
NU2-07	806	Text Input	9	15846079	48424	0
NU2-07	806	Response	0	15846079	48424	1
NU2-07	807	Response	100	15847199	1046	1
NU2-07	809	Picture	8	15876486	0	1	20166	1	0	next	other	0
NU2-07	811	Picture	36	15911818	0	1	20166	1	0	next	other	0
NU2-07	813	Picture	50	15947151	0	1	75665	1	0	next	other	0
NU2-07	813	Text Input	5	16022718	75567	0
NU2-07	813	Response	0	16022718	75567	1
NU2-07	814	Response	100	16023998	1182	1
NU2-07	816	Picture	11	16053149	0	1	20166	1	0	next	other	0
NU2-07	818	Picture	36	16088481	0	1	20166	1	0	next	other	0
NU2-07	820	Picture	74	16123814	0	1	20166	1	0	next	other	0
NU2-07	821	Response	0	16170557	26411	1
NU2-07	821	Response	0	16172156	28010	1
NU2-07	822	Response	0	16176157	3678	1
NU2-07	822	Response	0	16177277	4797	1
NU2-07	823	Response	0	16184477	6997	1
NU2-07	823	Response	100	16185757	8278	1
NU2-07	825	Picture	12	16201145	0	1	20166	1	0	next	other	0
NU2-07	827	Picture	26	16236478	0	1	20166	1	0	next	other	0
NU2-07	829	Picture	40	16271811	0	1	124664	1	0	next	other	0
NU2-07	829	Text Input	15	16396316	124505	0
NU2-07	829	Response	0	16396316	124505	1
NU2-07	830	Response	100	16397596	1121	1
NU2-07	832	Picture	9	16426807	0	1	20166	1	0	next	other	0
NU2-07	834	Picture	26	16462140	0	1	20166	1	0	next	other	0
NU2-07	836	Picture	40	16497472	0	1	36666	1	0	next	other	0
NU2-07	836	Text Input	12	16534075	36603	0
NU2-07	836	Response	0	16534075	36603	1
NU2-07	837	Response	100	16535195	1057	1
NU2-07	839	Picture	12	16564471	0	1	20166	1	0	next	other	0
NU2-07	841	Picture	35	16599803	0	1	20166	1	0	next	other	0
NU2-07	843	Picture	71	16635136	0	1	20166	1	0	next	other	0
NU2-07	844	Response	0	16663675	8206	1
NU2-07	844	Response	0	16664954	9485	1
NU2-07	845	Response	0	16668794	3659	1
NU2-07	845	Response	0	16674874	9738	1
NU2-07	846	Response	0	16677274	2139	1
NU2-07	846	Response	0	16678554	3419	1
NU2-07	847	Response	0	16682074	3272	1
NU2-07	847	Response	100	16683194	4392	1
NU2-07	849	Picture	9	16698635	0	1	20166	1	0	next	other	0
NU2-07	851	Picture	35	16733967	0	1	20166	1	0	next	other	0
NU2-07	853	Picture	74	16769300	0	1	20166	1	0	next	other	0
NU2-07	854	Response	0	16799034	9401	1
NU2-07	854	Response	0	16807513	17881	1
NU2-07	855	Response	0	16813433	5634	1
NU2-07	855	Response	100	16814873	7074	1
NU2-07	857	Picture	9	16830298	0	1	20166	1	0	next	other	0
NU2-07	859	Picture	37	16865631	0	1	20166	1	0	next	other	0
NU2-07	861	Picture	71	16900964	0	1	20166	1	0	next	other	0
NU2-07	862	Response	0	16924313	3017	1
NU2-07	862	Response	0	16930872	9576	1
NU2-07	863	Response	0	16946553	15423	1
NU2-07	863	Response	0	16947992	16863	1
NU2-07	864	Response	0	16950552	2257	1
NU2-07	864	Response	0	16951352	3056	1
NU2-07	865	Response	0	16955832	4203	1
NU2-07	865	Response	100	16957272	5643	1
NU2-07	867	Picture	10	16972629	0	1	20166	1	0	next	other	0
NU2-07	869	Picture	35	17007960	0	2	20167	2	0	next	other	0
NU2-07	871	Picture	50	17043294	0	1	66665	1	0	next	other	0
NU2-07	871	Text Input	7	17109912	66618	0
NU2-07	871	Response	0	17109912	66618	1
NU2-07	872	Response	100	17111031	1072	1
NU2-07	874	Picture	8	17140292	0	1	20166	1	0	next	other	0
NU2-07	876	Picture	36	17175624	0	1	20166	1	0	next	other	0
NU2-07	878	Picture	71	17210957	0	1	20166	1	0	next	other	0
NU2-07	879	Response	0	17234071	2782	1
NU2-07	879	Response	0	17240311	9021	1
NU2-07	880	Response	0	17247031	6408	1
NU2-07	880	Response	100	17248311	7688	1
NU2-07	882	Picture	11	17263789	0	1	20166	1	0	next	other	0
NU2-07	884	Picture	27	17299122	0	1	20166	1	0	next	other	0
NU2-07	886	Picture	40	17334454	0	1	63499	1	0	next	other	0
NU2-07	886	Text Input	14	17397910	63456	0
NU2-07	886	Response	0	17397910	63456	1
NU2-07	887	Response	100	17398870	917	1
NU2-07	889	Picture	12	17428285	0	1	20166	1	0	next	other	0
NU2-07	891	Picture	27	17463618	0	1	20166	1	0	next	other	0
NU2-07	893	Picture	66	17498951	0	1	20166	1	0	next	other	0
NU2-07	894	Response	0	17521430	2146	1
NU2-07	894	Response	0	17529909	10626	1
NU2-07	895	Response	0	17532949	2832	1
NU2-07	895	Response	0	17534389	4272	1
NU2-07	896	Response	0	17536469	1853	1
NU2-07	896	Response	100	17537749	3132	1
NU2-07	898	Picture	11	17553116	0	1	20166	1	0	next	other	0
NU2-07	900	Picture	37	17588449	0	1	20166	1	0	next	other	0
NU2-07	902	Picture	75	17623781	0	1	20166	1	0	next	other	0
NU2-07	903	Response	0	17647828	3714	1
NU2-07	903	Response	0	17653588	9474	1
NU2-07	904	Response	0	17657428	3648	1
NU2-07	904	Response	0	17658708	4928	1
NU2-07	905	Response	0	17671348	12401	1
NU2-07	905	Response	100	17672468	13521	1
NU2-07	907	Picture	9	17687946	0	1	20166	1	0	next	other	0
NU2-07	909	Picture	36	17723279	0	1	20166	1	0	next	other	0
NU2-07	911	Picture	75	17758612	0	1	20166	1	0	next	other	0
NU2-07	912	Response	0	17788948	10003	1
NU2-07	912	Response	0	17797907	18963	1
NU2-07	913	Response	0	17809587	11477	1
NU2-07	913	Response	100	17811027	12917	1
NU2-07	915	Picture	12	17826443	0	1	20166	1	0	next	other	0
NU2-07	917	Picture	24	17861776	0	1	20166	1	0	next	other	0
NU2-07	919	Picture	40	17897109	0	1	79332	1	0	next	other	0
NU2-07	919	Text Input	14	17976306	79198	0
NU2-07	919	Response	0	17976306	79198	1
NU2-07	920	Response	100	17977586	1146	1
NU2-07	922	Picture	9	18006773	0	1	20166	1	0	next	other	0
NU2-07	924	Picture	37	18042105	0	1	20166	1	0	next	other	0
NU2-07	926	Picture	76	18077438	0	1	20166	1	0	next	other	0
NU2-07	927	Response	0	18122066	24295	1
NU2-07	927	Response	0	18131665	33895	1
NU2-07	928	Response	0	18135506	3569	1
NU2-07	928	Response	0	18136946	5009	1
NU2-07	929	Response	0	18145426	8156	1
NU2-07	929	Response	100	18146545	9275	1
NU2-07	931	Picture	10	18161936	0	1	20166	1	0	next	other	0
NU2-07	933	Picture	24	18197269	0	1	20166	1	0	next	other	0
NU2-07	935	Picture	63	18232601	0	1	20166	1	0	next	other	0
NU2-07	936	Response	0	18255505	2571	1
NU2-07	936	Response	0	18267505	14571	1
NU2-07	937	Response	0	18273905	6138	1
NU2-07	937	Response	0	18274705	6938	1
NU2-07	938	Response	0	18282065	7131	1
NU2-07	938	Response	0	18283025	8091	1
NU2-07	939	Response	0	18288945	5678	1
NU2-07	939	Response	100	18289905	6638	1
NU2-07	941	Picture	11	18305266	0	1	20166	1	0	next	other	0
NU2-07	943	Picture	36	18340599	0	1	20166	1	0	next	other	0
NU2-07	945	Picture	50	18375931	0	1	134164	1	0	next	other	0
NU2-07	945	Text Input	8	18510064	134132	0
NU2-07	945	Response	0	18510064	134132	1
NU2-07	946	Response	100	18511023	928	1
NU2-07	948	Picture	11	18540428	0	1	20166	1	0	next	other	0
NU2-07	950	Picture	25	18575760	0	1	20166	1	0	next	other	0
NU2-07	952	Picture	64	18611093	0	1	20166	1	0	next	other	0
NU2-07	953	Response	0	18638703	7277	1
NU2-07	953	Response	0	18648782	17357	1
NU2-07	954	Response	0	18664462	15370	1
NU2-07	954	Response	0	18672942	23850	1
NU2-07	955	Response	0	18675662	2404	1
NU2-07	955	Response	0	18676622	3364	1
NU2-07	956	Response	0	18677102	177	1
NU2-07	956	Response	0	18684302	7377	1
NU2-07	957	Response	0	18687982	3391	1
NU2-07	957	Response	0	18688942	4351	1
NU2-07	958	Response	0	18699022	9764	1
NU2-07	958	Response	100	18700142	10884	1
NU2-07	960	Picture	13	18715591	0	1	20166	1	0	next	other	0
NU2-07	962	Picture	25	18750923	0	1	20166	1	0	next	other	0
NU2-07	964	Picture	40	18786256	0	1	33666	1	0	next	other	0
NU2-07	964	Text Input	15	18819822	33566	0
NU2-07	964	Response	0	18819822	33566	1
NU2-07	965	Response	100	18820941	1020	1
NU2-07	967	Picture	12	18850254	0	1	20166	1	0	next	other	0
NU2-07	969	Picture	36	18885587	0	1	20166	1	0	next	other	0
NU2-07	971	Picture	50	18920920	0	1	27166	1	0	next	other	0
NU2-07	971	Text Input	9	18947981	27061	0
NU2-07	971	Response	0	18947981	27061	1
NU2-07	972	Response	100	18949261	1175	1
NU2-07	974	Picture	11	18978418	0	1	20166	1	0	next	other	0
NU2-07	976	Picture	25	19013751	0	1	20166	1	0	next	other	0
NU2-07	978	Picture	64	19049083	0	1	20166	1	0	next	other	0
NU2-07	979	Response	0	19072621	3204	1
NU2-07	979	Response	0	19080940	11524	1
NU2-07	980	Response	0	19086700	5451	1
NU2-07	980	Response	0	19089740	8491	1
NU2-07	981	Response	0	19093900	3984	1
NU2-07	981	Response	0	19094860	4944	1
NU2-07	982	Response	0	19099180	4098	1
NU2-07	982	Response	100	19100460	5377	1
NU2-07	984	Picture	8	19115915	0	1	20166	1	0	next	other	0
NU2-07	986	Picture	37	19151248	0	1	20166	1	0	next	other	0
NU2-07	988	Picture	72	19186581	0	1	20166	1	0	next	other	0
NU2-07	988	Response	0	19206060	19479	1
NU2-07	988	Response	0	19206539	19959	1
NU2-07	989	Response	0	19210059	3146	1
NU2-07	989	Response	0	19214059	7146	1
NU2-07	990	Response	0	19219339	5093	1
NU2-07	990	Response	0	19219979	5732	1
NU2-07	991	Response	0	19239819	19573	1
NU2-07	991	Response	0	19240939	20693	1
NU2-07	992	Response	0	19251499	10253	1
NU2-07	992	Response	0	19252619	11373	1
NU2-07	993	Response	0	19254859	1946	1
NU2-07	993	Response	0	19255499	2587	1
NU2-07	994	Response	0	19259979	4233	1
NU2-07	994	Response	100	19260939	5193	1
NU2-07	996	Picture	11	19276412	0	1	20166	1	0	next	other	0
NU2-07	998	Picture	24	19311744	0	1	20166	1	0	next	other	0
NU2-07	1000	Picture	40	19347077	0	1	31499	1	0	next	other	0
NU2-07	1000	Text Input	12	19378538	31461	0
NU2-07	1000	Response	0	19378538	31461	1
NU2-07	1001	Response	100	19379498	922	1
NU2-07	1003	Picture	12	19408909	0	1	20166	1	0	next	other	0
NU2-07	1005	Picture	37	19444242	0	1	20166	1	0	next	other	0
NU2-07	1007	Picture	73	19479574	0	1	20166	1	0	next	other	0
NU2-07	1008	Response	0	19567338	67431	1
NU2-07	1008	Response	0	19569257	69350	1
NU2-07	1009	Response	0	19578377	8805	1
NU2-07	1009	Response	0	19579337	9765	1
NU2-07	1010	Response	0	19583337	3765	1
NU2-07	1010	Response	100	19584137	4565	1
NU2-07	1012	Picture	8	19599571	0	1	20166	1	0	next	other	0
NU2-07	1014	Picture	37	19634904	0	1	20166	1	0	next	other	0
NU2-07	1016	Picture	74	19670237	0	1	20166	1	0	next	other	0
NU2-07	1017	Response	0	19707657	17087	1
NU2-07	1017	Response	0	19711497	20927	1
NU2-07	1018	Response	0	19730537	18801	1
NU2-07	1018	Response	0	19731656	19920	1
NU2-07	1019	Response	0	19744936	13034	1
NU2-07	1019	Response	0	19746696	14794	1
NU2-07	1020	Response	0	19751816	4915	1
NU2-07	1020	Response	0	19752776	5874	1
NU2-07	1021	Response	0	19943656	190587	1
NU2-07	1021	Response	0	19944775	191707	1
NU2-07	1022	Response	0	19962695	17631	1
NU2-07	1022	Response	100	19963815	18751	1
NU2-07	1024	Picture	10	19979230	0	1	20166	1	0	next	other	0
NU2-07	1026	Picture	24	20014562	0	1	20166	1	0	next	other	0
NU2-07	1028	Picture	40	20049895	0	1	43499	1	0	next	other	0
NU2-07	1028	Text Input	12	20093254	43359	0
NU2-07	1028	Response	0	20093254	43359	1
NU2-07	1029	Response	100	20094534	1140	1
NU2-07	1031	Picture	8	20123727	0	1	20166	1	0	next	other	0
NU2-07	1033	Picture	26	20159059	0	1	20166	1	0	next	other	0
NU2-07	1035	Picture	64	20194392	0	1	20166	1	0	next	other	0
NU2-07	1036	Response	0	20282853	68129	1
NU2-07	1036	Response	100	20284613	69888	1
NU2-07	1038	Picture	10	20300056	0	1	20166	1	0	next	other	0
NU2-07	1040	Picture	27	20335389	0	1	20166	1	0	next	other	0
NU2-07	1042	Picture	64	20370721	0	1	20166	1	0	next	other	0
NU2-07	1043	Response	0	20447652	56598	1
NU2-07	1043	Response	0	20448132	57078	1
NU2-07	1044	Response	0	20455332	6946	1
NU2-07	1044	Response	0	20456612	8226	1
NU2-07	1045	Response	0	20465892	9006	1
NU2-07	1045	Response	0	20466372	9486	1
NU2-07	1046	Response	0	20512612	46059	1
NU2-07	1046	Response	100	20513892	47339	1
NU2-07	1048	Picture	10	20529385	0	1	20166	1	0	next	other	0
NU2-07	1050	Picture	35	20564717	0	1	20166	1	0	next	other	0
NU2-07	1052	Picture	74	20600050	0	1	20166	1	0	next	other	0
NU2-07	1053	Response	0	20624291	3909	1
NU2-07	1053	Response	0	20630051	9668	1
NU2-07	1054	Response	0	20634691	4308	1
NU2-07	1054	Response	0	20635651	5268	1
NU2-07	1055	Response	0	20639651	3769	1
NU2-07	1055	Response	0	20641251	5369	1
NU2-07	1056	Response	0	20647011	5462	1
NU2-07	1056	Response	0	20650531	8982	1
NU2-07	1057	Response	0	20654691	3976	1
NU2-07	1057	Response	0	20655971	5256	1
NU2-07	1058	Response	0	20663011	6796	1
NU2-07	1058	Response	0	20663811	7596	1
NU2-07	1059	Response	0	20676771	12722	1
NU2-07	1059	Response	0	20677571	13522	1
NU2-07	1060	Response	0	20682691	4809	1
NU2-07	1060	Response	100	20683811	5929	1
NU2-07	1062	Picture	13	20699214	0	1	20166	1	0	next	other	0
NU2-07	1064	Picture	25	20734547	0	1	20166	1	0	next	other	0
NU2-07	1066	Picture	40	20769879	0	1	32166	1	0	next	other	0
NU2-07	1066	Text Input	15	20801890	32011	0
NU2-07	1066	Response	0	20801890	32011	1
NU2-07	1067	Response	100	20803170	1125	1
NU2-07	1069	Picture	8	20832378	0	1	20166	1	0	next	other	0
NU2-07	1071	Picture	35	20867711	0	1	20166	1	0	next	other	0
NU2-07	1073	Picture	71	20903043	0	1	20166	1	0	next	other	0
NU2-07	1074	Response	0	20928450	5074	1
NU2-07	1074	Response	0	20939329	15953	1
NU2-07	1075	Response	0	20949889	10347	1
NU2-07	1075	Response	100	20950849	11307	1
NU2-07	1077	Picture	8	20966209	0	1	20166	1	0	next	other	0
NU2-07	1079	Picture	36	21001541	0	1	20166	1	0	next	other	0
NU2-07	1081	Picture	72	21036874	0	1	20166	1	0	next	other	0
NU2-07	1082	Response	0	21071969	14762	1
NU2-07	1082	Response	0	21078688	21482	1
NU2-07	1083	Response	0	21090848	11976	1
NU2-07	1083	Response	100	21092288	13416	1
NU2-07	1085	Picture	13	21107705	0	1	20166	1	0	next	other	0
NU2-07	1087	Picture	27	21143038	0	1	20166	1	0	next	other	0
NU2-07	1089	Picture	40	21178371	0	1	74998	1	0	next	other	0
NU2-07	1089	Text Input	16	21253247	74877	0
NU2-07	1089	Response	0	21253247	74877	1
NU2-07	1090	Response	100	21254847	1478	1
NU2-07	1092	Picture	8	21283702	0	1	20166	1	0	next	other	0
NU2-07	1094	Picture	26	21319034	0	1	20166	1	0	next	other	0
NU2-07	1096	Picture	61	21354367	0	1	20166	1	0	next	other	0
NU2-07	1097	Response	0	21401567	26867	1
NU2-07	1097	Response	0	21414046	39347	1
NU2-07	1098	Response	0	21416606	2241	1
NU2-07	1098	Response	0	21419326	4961	1
NU2-07	1099	Response	0	21430847	11315	1
NU2-07	1099	Response	100	21431806	12274	1
NU2-07	1101	Picture	9	21447198	0	1	20166	1	0	next	other	0
NU2-07	1103	Picture	25	21482531	0	1	20166	1	0	next	other	0
NU2-07	1105	Picture	62	21517863	0	1	20166	1	0	next	other	0
NU2-07	1106	Response	0	21565726	27530	1
NU2-07	1106	Response	0	21567326	29129	1
NU2-07	1107	Response	0	21575326	7797	1
NU2-07	1107	Response	0	21576446	8917	1
NU2-07	1108	Response	0	21579165	2470	1
NU2-07	1108	Response	0	21579965	3270	1
NU2-07	1109	Response	0	21585086	4890	1
NU2-07	1109	Response	100	21586205	6010	1
NU2-07	1111	Picture	13	21601695	0	1	20166	1	0	next	other	0
NU2-07	1113	Picture	37	21637027	0	1	20166	1	0	next	other	0
NU2-07	1115	Picture	50	21672360	0	1	59665	1	0	next	other	0
NU2-07	1115	Text Input	9	21731965	59605	0
NU2-07	1115	Response	0	21731965	59605	1
NU2-07	1116	Response	100	21733564	1539	1
NU2-07	1118	Picture	11	21762358	0	1	20166	1	0	next	other	0
NU2-07	1120	Picture	26	21797690	0	1	20166	1	0	next	other	0
NU2-07	1122	Picture	40	21833023	0	1	32833	1	0	next	other	0
NU2-07	1122	Text Input	14	21865724	32701	0
NU2-07	1122	Response	0	21865724	32701	1
NU2-07	1123	Response	100	21867324	1468	1
NU2-07	1125	Picture	11	21896188	0	1	20166	1	0	next	other	0
NU2-07	1127	Picture	36	21931521	0	1	20166	1	0	next	other	0
NU2-07	1129	Picture	74	21966853	0	1	20166	1	0	next	other	0
NU2-07	1130	Response	0	21989564	2377	1
NU2-07	1130	Response	0	21993563	6377	1
NU2-07	1131	Response	0	21996123	2270	1
NU2-07	1131	Response	0	21997403	3550	1
NU2-07	1132	Response	0	22006843	9157	1
NU2-07	1132	Response	0	22007003	9317	1
NU2-07	1133	Response	0	22011163	3977	1
NU2-07	1133	Response	100	22012283	5097	1
NU2-07	1135	Picture	11	22027686	0	1	20166	1	0	next	other	0
NU2-07	1137	Picture	25	22063018	0	1	20166	1	0	next	other	0
NU2-07	1139	Picture	40	22098351	0	1	57165	1	0	next	other	0
NU2-07	1139	Text Input	13	22155482	57131	0
NU2-07	1139	Response	0	22155482	57131	1
NU2-07	1140	Response	100	22157082	1566	1
NU2-07	1142	Picture	10	22185849	0	1	20166	1	0	next	other	0
NU2-07	1144	Picture	25	22221181	0	1	20166	1	0	next	other	0
NU2-07	1146	Picture	40	22256514	0	1	27166	1	0	next	other	0
NU2-07	1146	Text Input	12	22283641	27128	0
NU2-07	1146	Response	0	22283641	27128	1
NU2-07	1147	Response	100	22285081	1401	1
NU2-07	1149	Picture	12	22314013	0	1	20166	1	0	next	other	0
NU2-07	1151	Picture	25	22349345	0	1	20166	1	0	next	other	0
NU2-07	1153	Picture	40	22384678	0	1	102164	1	0	next	other	0
NU2-07	1153	Text Input	14	22486680	102003	0
NU2-07	1153	Response	0	22486680	102003	1
NU2-07	1154	Response	100	22488440	1598	1
NU2-07	1156	Picture	10	22517175	0	1	20166	1	0	next	other	0
NU2-07	1158	Picture	35	22552507	0	1	20166	1	0	next	other	0
NU2-07	1160	Picture	73	22587840	0	1	20166	1	0	next	other	0
NU2-07	1161	Response	0	22648280	40107	1
NU2-07	1161	Response	0	22649719	41546	1
NU2-07	1162	Response	0	22751159	101154	1
NU2-07	1162	Response	0	22753719	103713	1
NU2-07	1163	Response	0	22757079	3076	1
NU2-07	1163	Response	0	22758039	4035	1
NU2-07	1164	Response	0	22804759	46422	1
NU2-07	1164	Response	100	22806198	47862	1
NU2-07	1166	Picture	11	22821668	0	1	20166	1	0	next	other	0
NU2-07	1168	Picture	34	22857001	0	1	20166	1	0	next	other	0
NU2-07	1170	Picture	72	22892333	0	1	20166	1	0	next	other	0
NU2-07	1171	Response	0	22967798	55131	1
NU2-07	1171	Response	100	22969077	56411	1
NU2-07	1173	Picture	10	22984498	0	1	20166	1	0	next	other	0
NU2-07	1175	Picture	34	23019831	0	1	20166	1	0	next	other	0
NU2-07	1177	Picture	50	23055163	0	1	40999	1	0	next	other	0
NU2-07	1177	Text Input	8	23096117	40953	0
NU2-07	1177	Response	0	23096117	40953	1
NU2-07	1178	Response	100	23097557	1394	1
NU2-07	1180	Picture	8	23126495	0	1	20166	1	0	next	other	0
NU2-07	1182	Picture	24	23161828	0	1	20166	1	0	next	other	0
NU2-07	1184	Picture	40	23197160	0	1	27166	1	0	next	other	0
NU2-07	1184	Text Input	10	23224276	27116	0
NU2-07	1184	Response	0	23224276	27116	1
NU2-07	1185	Response	100	23226036	1710	1
NU2-07	1187	Picture	10	23254659	0	1	20166	1	0	next	other	0
NU2-07	1189	Picture	37	23289991	0	1	20166	1	0	next	other	0
NU2-07	1191	Picture	50	23325324	0	1	82665	1	0	next	other	0
NU2-07	1191	Text Input	6	23407955	82631	0
NU2-07	1191	Response	0	23407955	82631	1
NU2-07	1192	Response	100	23409395	1406	1
NU2-07	1194	Picture	10	23438322	0	1	20166	1	0	next	other	0
NU2-07	1196	Picture	37	23473654	0	1	20166	1	0	next	other	0
NU2-07	1198	Picture	74	23508987	0	1	20166	1	0	next	other	0
NU2-07	1199	Response	0	23653714	124394	1
NU2-07	1199	Response	0	23654993	125674	1
NU2-07	1200	Response	0	23690833	35517	1
NU2-07	1200	Response	100	23692273	36956	1
NU2-07	1202	Picture	10	23707649	0	1	20166	1	0	next	other	0
NU2-07	1204	Picture	27	23742982	0	1	20166	1	0	next	other	0
NU2-07	1206	Picture	63	23778314	0	1	20166	1	0	next	other	0
NU2-07	1207	Response	0	23822833	24186	1
NU2-07	1207	Response	0	23824112	25465	1
NU2-07	1208	Response	0	23881872	57559	1
NU2-07	1208	Response	0	23884752	60439	1
NU2-07	1209	Response	0	23890352	5373	1
NU2-07	1209	Response	0	23890992	6013	1
NU2-07	1210	Response	0	23900592	9280	1
NU2-07	1210	Response	100	23901712	10400	1
NU2-07	1212	Picture	11	23917145	0	1	20166	1	0	next	other	0
NU2-07	1214	Picture	35	23952477	0	1	20166	1	0	next	other	0
NU2-07	1216	Picture	71	23987810	0	1	20166	1	0	next	other	0
NU2-07	1217	Response	0	24030992	22849	1
NU2-07	1217	Response	0	24036111	27968	1
NU2-07	1218	Response	0	24045071	8763	1
NU2-07	1218	Response	100	24046511	10202	1
NU2-07	1219	Response	0	24051151	4343	1
NU2-07	1219	Response	0	24052111	5302	1
NU2-07	1220	Picture	11	24061975	0	1	20166	1	0	next	other	0
NU2-07	1222	Picture	26	24097307	0	1	20166	1	0	next	other	0
NU2-07	1224	Picture	65	24132640	0	1	20166	1	0	next	other	0
NU2-07	1225	Response	0	24155471	2498	1
NU2-07	1225	Response	0	24162030	9057	1
NU2-07	1226	Response	0	24165070	2764	1
NU2-07	1226	Response	0	24166030	3724	1
NU2-07	1227	Response	0	24172430	6124	1
NU2-07	1227	Response	100	24173550	7245	1
NU2-07	1229	Picture	10	24188972	0	1	20166	1	0	next	other	0
NU2-07	1231	Picture	26	24224305	0	1	20166	1	0	next	other	0
NU2-07	1233	Picture	40	24259637	0	1	45666	1	0	next	other	0
NU2-07	1233	Text Input	13	24305230	45592	0
NU2-07	1236	Picture	12	24335636	0	1	20166	1	0	next	other	0
NU2-07	1238	Picture	25	24370968	0	1	20166	1	0	next	other	0
NU2-07	1240	Picture	64	24406301	0	1	20166	1	0	next	other	0
NU2-07	1241	Response	0	24429389	2756	1
NU2-07	1241	Response	0	24436909	10275	1
NU2-07	1242	Response	0	24444749	7615	1
NU2-07	1242	Response	0	24446349	9215	1
NU2-07	1243	Response	0	24452909	6276	1
NU2-07	1243	Response	100	24454989	8356	1
NU2-07	1245	Picture	11	24470466	0	1	20166	1	0	next	other	0
NU2-07	1247	Picture	37	24505798	0	1	20166	1	0	next	other	0
NU2-07	1249	Picture	50	24541131	0	1	99498	1	0	next	other	0
NU2-07	1249	Text Input	7	24640588	99457	0
NU2-07	1249	Response	0	24640588	99457	1
NU2-07	1250	Response	100	24641868	1239	1
NU2-07	1252	Picture	11	24670962	0	1	20166	1	0	next	other	0
NU2-07	1254	Picture	25	24706294	0	1	20166	1	0	next	other	0
NU2-07	1256	Picture	64	24741627	0	1	20166	1	0	next	other	0
NU2-07	1257	Response	0	24766027	4068	1
NU2-07	1257	Response	0	24773227	11267	1
NU2-07	1258	Response	0	24776587	3128	1
NU2-07	1258	Response	0	24779627	6168	1
NU2-07	1259	Response	0	24787147	7188	1
NU2-07	1259	Response	0	24787947	7987	1
NU2-07	1260	Response	0	24794027	5901	1
NU2-07	1260	Response	0	24795627	7501	1
NU2-07	1261	Response	0	24797707	1748	1
NU2-07	1261	Response	0	24798667	2708	1
NU2-07	1262	Response	0	24812267	13308	1
NU2-07	1262	Response	100	24813386	14428	1
NU2-07	1264	Picture	8	24828792	0	1	20166	1	0	next	other	0
NU2-07	1266	Picture	24	24864124	0	1	20166	1	0	next	other	0
NU2-07	1268	Picture	61	24899457	0	1	20166	1	0	next	other	0
NU2-07	1269	Response	0	24956106	36317	1
NU2-07	1269	Response	0	24959146	39356	1
NU2-07	1270	Response	0	24963306	3850	1
NU2-07	1270	Response	0	24964746	5290	1
NU2-07	1271	Response	0	24977066	12110	1
NU2-07	1271	Response	100	24977706	12750	1
NU2-07	1273	Picture	8	24993121	0	1	20166	1	0	next	other	0
NU2-07	1275	Picture	26	25028454	0	1	20166	1	0	next	other	0
NU2-07	1277	Picture	40	25063786	0	1	159497	1	0	next	other	0
NU2-07	1277	Text Input	11	25223144	159358	0
NU2-07	1277	Response	0	25223144	159358	1
NU2-07	1278	Response	100	25224104	821	1
NU2-07	1280	Picture	10	25253616	0	1	20166	1	0	next	other	0
NU2-07	1282	Picture	35	25288948	0	1	20166	1	0	next	other	0
NU2-07	1284	Picture	50	25324281	0	1	33333	1	0	next	other	0
NU2-07	1284	Text Input	8	25357544	33263	0
NU2-07	1284	Response	0	25357544	33263	1
NU2-07	1285	Response	100	25358984	1370	1
NU2-07	1287	Picture	10	25387946	0	1	20166	1	0	next	other	0
NU2-07	1289	Picture	27	25423279	0	1	20166	1	0	next	other	0
NU2-07	1291	Picture	40	25458611	0	1	31666	1	0	next	other	0
NU2-07	1291	Text Input	13	25490183	31572	0
NU2-07	1291	Response	0	25490183	31572	1
NU2-07	1292	Response	100	25491463	1186	1
NU2-07	1294	Picture	10	25520610	0	1	20166	1	0	next	other	0
NU2-07	1296	Picture	35	25555942	0	1	20166	1	0	next	other	0
NU2-07	1298	Picture	72	25591275	0	1	20166	1	0	next	other	0
NU2-07	1299	Response	0	25689542	77934	1
NU2-07	1299	Response	0	25691622	80014	1
NU2-07	1300	Response	0	25702022	10082	1
NU2-07	1300	Response	0	25707461	15522	1
NU2-07	1301	Response	0	25714822	7049	1
NU2-07	1301	Response	100	25716101	8329	1
NU2-07	1303	Picture	11	25731439	0	1	20166	1	0	next	other	0
NU2-07	1305	Picture	24	25766771	0	1	20166	1	0	next	other	0
NU2-07	1307	Picture	62	25802104	0	1	20166	1	0	next	other	0
NU2-07	1308	Response	0	25833221	10785	1
NU2-07	1308	Response	100	25834821	12384	1
NU2-07	1310	Picture	8	25850269	0	1	20166	1	0	next	other	0
NU2-07	1312	Picture	34	25885602	0	1	20166	1	0	next	other	0
NU2-07	1314	Picture	72	25920935	0	1	20166	1	0	next	other	0
NU2-07	1315	Response	0	25967140	25873	1
NU2-07	1315	Response	100	25968580	27313	1
NU2-07	1317	Picture	13	25983933	0	1	20166	1	0	next	other	0
NU2-07	1319	Picture	25	26019266	0	1	20166	1	0	next	other	0
NU2-07	1321	Picture	40	26054598	0	1	37832	1	0	next	other	0
NU2-07	1321	Text Input	15	26092419	37821	0
NU2-07	1321	Response	0	26092419	37821	1
NU2-07	1322	Response	100	26093859	1428	1
NU2-07	1324	Picture	9	26122764	0	1	20166	1	0	next	other	0
NU2-07	1326	Picture	34	26158096	0	1	20166	1	0	next	other	0
NU2-07	1328	Picture	50	26193429	0	1	39332	1	0	next	other	0
NU2-07	1328	Text Input	7	26232738	39310	0
NU2-07	1328	Response	0	26232738	39310	1
NU2-07	1329	Response	100	26234338	1577	1
NU2-07	1331	Picture	9	26263094	0	1	20166	1	0	next	other	0
NU2-07	1333	Picture	35	26298426	0	1	20166	1	0	next	other	0
NU2-07	1335	Picture	72	26333759	0	1	20166	1	0	next	other	0
NU2-07	1336	Response	0	26381538	27446	1
NU2-07	1336	Response	0	26385058	30966	1
NU2-07	1337	Response	0	26389378	4120	1
NU2-07	1337	Response	100	26390337	5079	1
NU2-07	1339	Picture	10	26405757	0	1	20166	1	0	next	other	0
NU2-07	1341	Picture	34	26441090	0	1	20166	1	0	next	other	0
NU2-07	1343	Picture	50	26476422	0	1	28499	1	0	next	other	0
NU2-07	1343	Text Input	8	26504897	28474	0
NU2-07	1343	Response	0	26504897	28474	1
NU2-07	1344	Response	100	26506497	1575	1
NU2-07	1346	Picture	10	26535255	0	1	20166	1	0	next	other	0
NU2-07	1348	Picture	37	26570587	0	1	20166	1	0	next	other	0
NU2-07	1350	Picture	76	26605920	0	1	20166	1	0	next	other	0
NU2-07	1351	Response	0	26629536	3284	1
NU2-07	1351	Response	0	26637056	10803	1
NU2-07	1352	Response	0	26641376	4124	1
NU2-07	1352	Response	0	26642816	5564	1
NU2-07	1353	Response	0	26646976	3890	1
NU2-07	1353	Response	100	26648896	5810	1
NU2-07	1355	Picture	11	26664252	0	1	20166	1	0	next	other	0
NU2-07	1357	Picture	24	26699584	0	1	20166	1	0	next	other	0
NU2-07	1359	Picture	40	26734917	0	1	33333	1	0	next	other	0
NU2-07	1359	Text Input	13	26768095	33178	0
NU2-07	1359	Response	0	26768095	33178	1
NU2-07	1360	Response	100	26769855	1606	1
NU2-07	1362	Picture	8	26798582	0	1	20166	1	0	next	other	0
NU2-07	1364	Picture	34	26833915	0	1	20166	1	0	next	other	0
NU2-07	1366	Picture	50	26869247	0	1	27166	1	0	next	other	0
NU2-07	1366	Text Input	6	26896255	27007	0
NU2-07	1366	Response	0	26896255	27007	1
NU2-07	1367	Response	100	26897695	1281	1
NU2-07	1369	Picture	13	26926746	0	1	20166	1	0	next	other	0
NU2-07	1371	Picture	27	26962079	0	1	20166	1	0	next	other	0
NU2-07	1373	Picture	40	26997411	0	1	50999	1	0	next	other	0
NU2-07	1373	Text Input	16	27048254	50842	0
NU2-07	1373	Response	0	27048254	50842	1
NU2-07	1374	Response	100	27049534	1124	1
NU2-07	1376	Picture	10	27078743	0	1	20166	1	0	next	other	0
NU2-07	1378	Picture	26	27114075	0	1	20166	1	0	next	other	0
NU2-07	1380	Picture	61	27149408	0	1	20166	1	0	next	other	0
NU2-07	1381	Response	0	27183293	13552	1
NU2-07	1381	Response	0	27191133	21392	1
NU2-07	1382	Response	0	27194653	3246	1
NU2-07	1382	Response	100	27195933	4526	1
NU2-07	1384	Picture	10	27211407	0	1	20166	1	0	next	other	0
NU2-07	1386	Picture	27	27246739	0	1	20166	1	0	next	other	0
NU2-07	1388	Picture	61	27282072	0	1	20166	1	0	next	other	0
NU2-07	1389	Response	0	27311933	9528	1
NU2-07	1389	Response	0	27320732	18327	1
NU2-07	1390	Response	0	27330012	9108	1
NU2-07	1390	Response	100	27330652	9748	1
NU2-07	1392	Picture	9	27346070	0	1	20166	1	0	next	other	0
NU2-07	1394	Picture	36	27381403	0	1	20166	1	0	next	other	0
NU2-07	1396	Picture	50	27416735	0	1	25000	1	0	next	other	0
NU2-07	1396	Text Input	6	27441691	24956	0
NU2-07	1396	Response	0	27441691	24956	1
NU2-07	1397	Response	100	27442651	916	1
NU2-07	1399	Picture	10	27472068	0	1	20166	1	0	next	other	0
NU2-07	1401	Picture	34	27507400	0	1	20166	1	0	next	other	0
NU2-07	1403	Picture	71	27542733	0	1	20166	1	0	next	other	0
NU2-07	1404	Response	0	27565691	2626	1
NU2-07	1404	Response	0	27572090	9025	1
NU2-07	1405	Response	0	27575611	3212	1
NU2-07	1405	Response	0	27576731	4332	1
NU2-07	1406	Response	0	27587451	10552	1
NU2-07	1406	Response	100	27588731	11832	1
NU2-07	1408	Picture	10	27604065	0	1	20166	1	0	next	other	0
NU2-07	1410	Picture	36	27639397	0	1	20166	1	0	next	other	0
NU2-07	1412	Picture	71	27674730	0	1	20166	1	0	next	other	0
NU2-07	1413	Response	0	27699450	4388	1
NU2-07	1413	Response	0	27706490	11427	1
NU2-07	1414	Response	0	27714970	8241	1
NU2-07	1414	Response	0	27716090	9361	1
NU2-07	1415	Response	0	27719130	2734	1
NU2-07	1415	Response	100	27720410	4014	1
NU2-07	1417	Picture	12	27735895	0	1	20166	1	0	next	other	0
NU2-07	1419	Picture	37	27771228	0	1	20166	1	0	next	other	0
NU2-07	1421	Picture	50	27806560	0	1	46666	1	0	next	other	0
NU2-07	1421	Text Input	8	27853049	46489	0
NU2-07	1421	Response	0	27853049	46489	1
NU2-07	1422	Response	100	27854009	783	1
NU2-07	1424	Picture	11	27883559	0	1	20166	1	0	next	other	0
NU2-07	1426	Picture	27	27918891	0	1	20166	1	0	next	other	0
NU2-07	1428	Picture	62	27954224	0	1	20166	1	0	next	other	0
NU2-07	1429	Response	0	27984889	10332	1
NU2-07	1429	Response	0	27988408	13851	1
NU2-07	1430	Response	0	27997208	8485	1
NU2-07	1430	Response	100	27998328	9605	1
NU2-07	1432	Picture	13	28013723	0	1	20166	1	0	next	other	0
NU2-07	1434	Picture	35	28049055	0	1	20166	1	0	next	other	0
NU2-07	1436	Picture	50	28084388	0	1	44499	1	0	next	other	0
NU2-07	1436	Text Input	10	28128727	44340	0
NU2-07	1436	Response	0	28128727	44340	1
NU2-07	1437	Response	100	28129847	961	1
NU2-07	1439	Picture	12	28159219	0	1	20166	1	0	next	other	0
NU2-07	1441	Picture	34	28194552	0	1	20166	1	0	next	other	0
NU2-07	1443	Picture	72	28229885	0	1	20166	1	0	next	other	0
NU2-07	1444	Response	0	28293687	43469	1
NU2-07	1444	Response	100	28294967	44749	1
NU2-07	1446	Picture	8	28310383	0	1	20166	1	0	next	other	0
NU2-07	1448	Picture	34	28345715	0	1	20166	1	0	next	other	0
NU2-07	1450	Picture	50	28381048	0	1	27166	1	0	next	other	0
NU2-07	1450	Text Input	6	28408086	27038	0
NU2-07	1450	Response	0	28408086	27038	1
NU2-07	1451	Response	100	28409526	1312	1
NU2-07	1454	Picture	12	29038700	0	1	20166	1	0	next	other	0
NU2-07	1456	Picture	24	29074033	0	1	20166	1	0	next	other	0
NU2-07	1458	Picture	40	29109366	0	1	43666	1	0	next	other	0
NU2-07	1458	Text Input	14	29152882	43516	0
NU2-07	1458	Response	0	29152882	43516	1
NU2-07	1459	Response	100	29154481	1450	1
NU2-07	1461	Picture	9	29183364	0	1	20166	1	0	next	other	0
NU2-07	1463	Picture	36	29218696	0	1	20166	1	0	next	other	0
NU2-07	1465	Picture	50	29254029	0	1	29333	1	0	next	other	0
NU2-07	1465	Text Input	6	29283281	29252	0
NU2-07	1465	Response	0	29283281	29252	1
NU2-07	1466	Response	100	29284561	1199	1
NU2-07	1468	Picture	9	29313694	0	1	20166	1	0	next	other	0
NU2-07	1470	Picture	34	29349027	0	1	20166	1	0	next	other	0
NU2-07	1472	Picture	50	29384360	0	1	34166	1	0	next	other	0
NU2-07	1472	Text Input	7	29418480	34120	0
NU2-07	1472	Response	0	29418480	34120	1
NU2-07	1473	Response	100	29420240	1714	1
NU2-07	1475	Picture	10	29448858	0	1	20166	1	0	next	other	0
NU2-07	1477	Picture	25	29484191	0	1	20166	1	0	next	other	0
NU2-07	1479	Picture	64	29519523	0	1	20166	1	0	next	other	0
NU2-07	1480	Response	0	29542160	2303	1
NU2-07	1480	Response	0	29548879	9023	1
NU2-07	1481	Response	0	29551599	2410	1
NU2-07	1481	Response	100	29553199	4010	1
NU2-07	1483	Picture	12	29568689	0	1	20166	1	0	next	other	0
NU2-07	1485	Picture	36	29604021	0	1	20166	1	0	next	other	0
NU2-07	1487	Picture	72	29639354	0	1	20166	1	0	next	other	0
NU2-07	1488	Response	0	29758478	98791	1
NU2-07	1488	Response	0	29761678	101991	1
NU2-07	1489	Response	0	29783118	21267	1
NU2-07	1489	Response	0	29784718	22866	1
NU2-07	1490	Response	0	29789838	4820	1
NU2-07	1490	Response	100	29791278	6260	1
NU2-07	1492	Picture	9	29806684	0	1	20166	1	0	next	other	0
NU2-07	1494	Picture	26	29842016	0	1	20166	1	0	next	other	0
NU2-07	1496	Picture	40	29877349	0	1	32499	1	0	next	other	0
NU2-07	1496	Text Input	12	29909837	32488	0
NU2-07	1496	Response	0	29909837	32488	1
NU2-07	1497	Response	100	29911277	1429	1
NU2-07	1499	Picture	9	29940181	0	1	20166	1	0	next	other	0
NU2-07	1501	Picture	37	29975513	0	1	20166	1	0	next	other	0
NU2-07	1503	Picture	50	30010846	0	1	39166	1	0	next	other	0
NU2-07	1503	Text Input	5	30049996	39150	0
NU2-07	1503	Response	0	30049996	39150	1
NU2-07	1504	Response	100	30051116	1104	1
NU2-07	1506	Picture	12	30080345	0	1	20166	1	0	next	other	0
NU2-07	1508	Picture	25	30115677	0	1	20166	1	0	next	other	0
NU2-07	1510	Picture	40	30151010	0	1	35499	1	0	next	other	0
NU2-07	1510	Text Input	14	30186475	35466	0
NU2-07	1510	Response	0	30186475	35466	1
NU2-07	1511	Response	100	30188075	1566	1
NU2-07	1513	Picture	11	30216842	0	1	20166	1	0	next	other	0
NU2-07	1515	Picture	26	30252174	0	1	20166	1	0	next	other	0
NU2-07	1517	Picture	62	30287507	0	1	20166	1	0	next	other	0
NU2-07	1518	Response	0	30361515	53675	1
NU2-07	1518	Response	0	30363274	55435	1
NU2-07	1519	Response	0	30367434	3929	1
NU2-07	1519	Response	100	30368874	5369	1
NU2-07	1521	Picture	9	30384338	0	1	20166	1	0	next	other	0
NU2-07	1523	Picture	37	30419671	0	1	20166	1	0	next	other	0
NU2-07	1525	Picture	50	30455003	0	1	26333	1	0	next	other	0
NU2-07	1525	Text Input	5	30481194	26190	0
NU2-07	1525	Response	0	30481194	26190	1
NU2-07	1526	Response	100	30482794	1458	1
NU2-07	1528	Picture	8	30511669	0	1	20166	1	0	next	other	0
NU2-07	1530	Picture	26	30547001	0	1	20166	1	0	next	other	0
NU2-07	1532	Picture	40	30582334	0	1	56832	1	0	next	other	0
NU2-07	1532	Text Input	11	30639113	56779	0
NU2-07	1532	Response	0	30639113	56779	1
NU2-07	1533	Response	100	30640873	1707	1
NU2-07	1535	Picture	8	30669498	0	1	20166	1	0	next	other	0
NU2-07	1537	Picture	24	30704831	0	1	20166	1	0	next	other	0
NU2-07	1539	Picture	40	30740164	0	1	27999	1	0	next	other	0
NU2-07	1539	Text Input	10	30768072	27908	0
NU2-07	1539	Response	0	30768072	27908	1
NU2-07	1540	Response	100	30769512	1349	1
NU2-07	1542	Picture	8	30798496	0	1	20166	1	0	next	other	0
NU2-07	1544	Picture	24	30833828	0	1	20166	1	0	next	other	0
NU2-07	1546	Picture	61	30869161	0	1	20166	1	0	next	other	0
NU2-07	1547	Response	0	30903752	14258	1
NU2-07	1547	Response	0	30909511	20017	1
NU2-07	1548	Response	0	30914471	4645	1
NU2-07	1548	Response	100	30915431	5605	1
NU2-07	1550	Picture	10	30930826	0	1	20166	1	0	next	other	0
NU2-07	1552	Picture	35	30966159	0	1	20166	1	0	next	other	0
NU2-07	1554	Picture	71	31001491	0	1	20166	1	0	next	other	0
NU2-07	1555	Response	0	31024231	2407	1
NU2-07	1555	Response	0	31030471	8646	1
NU2-07	1556	Response	0	31038471	7813	1
NU2-07	1556	Response	100	31040071	9413	1
NU2-07	1558	Picture	10	31055490	0	1	20166	1	0	next	other	0
NU2-07	1560	Picture	36	31090823	0	1	20166	1	0	next	other	0
NU2-07	1562	Picture	50	31126155	0	1	40666	1	0	next	other	0
NU2-07	1562	Text Input	7	31166790	40635	0
NU2-07	1562	Response	0	31166790	40635	1
NU2-07	1563	Response	100	31167910	1089	1
NU2-07	1565	Picture	8	31197154	0	1	20166	1	0	next	other	0
NU2-07	1567	Picture	36	31232486	0	1	20166	1	0	next	other	0
NU2-07	1569	Picture	71	31267819	0	1	20166	1	0	next	other	0
NU2-07	1570	Response	0	31290950	2798	1
NU2-07	1570	Response	0	31298149	9997	1
NU2-07	1571	Response	0	31301189	2871	1
NU2-07	1571	Response	100	31303109	4791	1
NU2-07	1573	Picture	12	31318484	0	1	20166	1	0	next	other	0
NU2-07	1575	Picture	27	31353817	0	1	20166	1	0	next	other	0
NU2-07	1577	Picture	65	31389149	0	1	20166	1	0	next	other	0
NU2-07	1578	Response	0	31421029	11546	1
NU2-07	1578	Response	0	31425348	15866	1
NU2-07	1579	Response	0	31428548	2900	1
NU2-07	1579	Response	100	31429988	4339	1
NU2-07	1581	Picture	13	31445482	0	1	20166	1	0	next	other	0
NU2-07	1583	Picture	35	31480814	0	1	20166	1	0	next	other	0
NU2-07	1585	Picture	50	31516147	0	1	57832	1	0	next	other	0
NU2-07	1585	Text Input	10	31573827	57681	0
NU2-07	1585	Response	0	31573827	57681	1
NU2-07	1586	Response	100	31575427	1448	1
NU2-07	1588	Picture	8	31604312	0	1	20166	1	0	next	other	0
NU2-07	1590	Picture	35	31639644	0	1	20166	1	0	next	other	0
NU2-07	1592	Picture	72	31674977	0	1	20166	1	0	next	other	0
NU2-07	1593	Response	0	31784226	88917	1
NU2-07	1593	Response	0	31787426	92117	1
NU2-07	1594	Response	0	31790946	3305	1
NU2-07	1594	Response	0	31791906	4265	1
NU2-07	1595	Response	0	31794946	2805	1
NU2-07	1595	Response	100	31796066	3925	1
NU2-07	1597	Picture	10	31811474	0	1	20166	1	0	next	other	0
NU2-07	1599	Picture	37	31846806	0	1	20166	1	0	next	other	0
NU2-07	1601	Picture	50	31882139	0	1	48999	1	0	next	other	0
NU2-07	1601	Text Input	6	31931105	48966	0
NU2-07	1601	Response	0	31931105	48966	1
NU2-07	1602	Response	100	31932545	1407	1
NU2-07	1604	Picture	8	31961470	0	1	20166	1	0	next	other	0
NU2-07	1606	Picture	35	31996803	0	1	20166	1	0	next	other	0
NU2-07	1608	Picture	74	32032136	0	1	20166	1	0	next	other	0
NU2-07	1609	Response	0	32064545	12076	1
NU2-07	1609	Response	0	32068704	16236	1
NU2-07	1610	Response	0	32072224	3256	1
NU2-07	1610	Response	100	32073664	4696	1
NU2-07	1612	Picture	End of exepriment	32073968	0	1	104387	1	0	next	other	0
NU2-07	1612	Response	0	32151584	77616	1
NU2-07	1612	Response	0	32163904	89936	1
NU2-07	1612	Response	100	32164544	90576	1

The following output port codes were not sent because of a conflict on the port.
Port	Code	Time(ms)
1	255	3.20738e+006
